<?xml version="1.0" encoding="UTF-8"?>
<testsuite name="test.TestOrder" tests="2" skipped="1" failures="0" errors="0" timestamp="2022-05-22T19:07:28" hostname="DESKTOP-CS80Q53" time="0.02">
  <properties/>
  <testcase name="orderTest" classname="test.TestOrder" time="0.017"/>
  <testcase name="bootOrderTest" classname="test.TestOrder" time="0.0">
    <skipped/>
  </testcase>
  <system-out><![CDATA[]]></system-out>
  <system-err><![CDATA[]]></system-err>
</testsuite>
