<?xml version="1.0" encoding="UTF-8"?>
<testsuite name="test.TestFightFunctions" tests="8" skipped="0" failures="7" errors="0" timestamp="2022-05-22T19:07:24" hostname="DESKTOP-CS80Q53" time="2.567">
  <properties/>
  <testcase name="SummonFunctionsTest" classname="test.TestFightFunctions" time="1.4">
    <failure message="leekscript.compiler.LeekScriptException: COMPILE_JAVA : AI_1.java:5: error: package com.leekwars.generator.fight.entity does not exist&#13;&#10;public class AI_1 extends com.leekwars.generator.fight.entity.EntityAI {&#13;&#10;                                                             ^&#13;&#10;AI_1.java:11: error: cannot find symbol&#13;&#10;public Object runIA() throws LeekRunException { resetCounter();&#13;&#10;                                                ^&#13;&#10;  symbol:   method resetCounter()&#13;&#10;  location: class AI_1&#13;&#10;AI_1.java:12: error: package com.leekwars.generator does not exist&#13;&#10;return ops(new ArrayLeekValue(AI_1.this, new Object[] { load(sysexec(com.leekwars.generator.FightFunctions.getType, new Object[] { null })), load(sysexec(com.leekwars.generator.FightFunctions.getType, 1)), load(sysexec(com.leekwars.generator.FightFunctions.getType, -1)), load(sysexec(com.leekwars.generator.FightFunctions.isSummon, new Object[] { null })), load(sysexec(com.leekwars.generator.FightFunctions.isSummon, 1)), load(sysexec(com.leekwars.generator.FightFunctions.getType, -1)), load(sysexec(com.leekwars.generator.FightFunctions.getBirthTurn, new Object[] { null })), load(sysexec(com.leekwars.generator.FightFunctions.getBirthTurn, -1)), load(sysexec(com.leekwars.generator.FightFunctions.getSummoner, new Object[] { null })), load(sysexec(com.leekwars.generator.FightFunctions.getSummoner, 1)), load(sysexec(com.leekwars.generator.FightFunctions.getSummoner, -1)) }, false), 4);&#13;&#10;                                                                                           ^&#13;&#10;AI_1.java:12: error: package com.leekwars.generator does not exist&#13;&#10;return ops(new ArrayLeekValue(AI_1.this, new Object[] { load(sysexec(com.leekwars.generator.FightFunctions.getType, new Object[] { null })), load(sysexec(com.leekwars.generator.FightFunctions.getType, 1)), load(sysexec(com.leekwars.generator.FightFunctions.getType, -1)), load(sysexec(com.leekwars.generator.FightFunctions.isSummon, new Object[] { null })), load(sysexec(com.leekwars.generator.FightFunctions.isSummon, 1)), load(sysexec(com.leekwars.generator.FightFunctions.getType, -1)), load(sysexec(com.leekwars.generator.FightFunctions.getBirthTurn, new Object[] { null })), load(sysexec(com.leekwars.generator.FightFunctions.getBirthTurn, -1)), load(sysexec(com.leekwars.generator.FightFunctions.getSummoner, new Object[] { null })), load(sysexec(com.leekwars.generator.FightFunctions.getSummoner, 1)), load(sysexec(com.leekwars.generator.FightFunctions.getSummoner, -1)) }, false), 4);&#13;&#10;                                                                                                                                                                                ^&#13;&#10;AI_1.java:12: error: package com.leekwars.generator does not exist&#13;&#10;return ops(new ArrayLeekValue(AI_1.this, new Object[] { load(sysexec(com.leekwars.generator.FightFunctions.getType, new Object[] { null })), load(sysexec(com.leekwars.generator.FightFunctions.getType, 1)), load(sysexec(com.leekwars.generator.FightFunctions.getType, -1)), load(sysexec(com.leekwars.generator.FightFunctions.isSummon, new Object[] { null })), load(sysexec(com.leekwars.generator.FightFunctions.isSummon, 1)), load(sysexec(com.leekwars.generator.FightFunctions.getType, -1)), load(sysexec(com.leekwars.generator.FightFunctions.getBirthTurn, new Object[] { null })), load(sysexec(com.leekwars.generator.FightFunctions.getBirthTurn, -1)), load(sysexec(com.leekwars.generator.FightFunctions.getSummoner, new Object[] { null })), load(sysexec(com.leekwars.generator.FightFunctions.getSummoner, 1)), load(sysexec(com.leekwars.generator.FightFunctions.getSummoner, -1)) }, false), 4);&#13;&#10;                                                                                                                                                                                                                                                 ^&#13;&#10;AI_1.java:12: error: package com.leekwars.generator does not exist&#13;&#10;return ops(new ArrayLeekValue(AI_1.this, new Object[] { load(sysexec(com.leekwars.generator.FightFunctions.getType, new Object[] { null })), load(sysexec(com.leekwars.generator.FightFunctions.getType, 1)), load(sysexec(com.leekwars.generator.FightFunctions.getType, -1)), load(sysexec(com.leekwars.generator.FightFunctions.isSummon, new Object[] { null })), load(sysexec(com.leekwars.generator.FightFunctions.isSummon, 1)), load(sysexec(com.leekwars.generator.FightFunctions.getType, -1)), load(sysexec(com.leekwars.generator.FightFunctions.getBirthTurn, new Object[] { null })), load(sysexec(com.leekwars.generator.FightFunctions.getBirthTurn, -1)), load(sysexec(com.leekwars.generator.FightFunctions.getSummoner, new Object[] { null })), load(sysexec(com.leekwars.generator.FightFunctions.getSummoner, 1)), load(sysexec(com.leekwars.generator.FightFunctions.getSummoner, -1)) }, false), 4);&#13;&#10;                                                                                                                                                                                                                                                                                                                   ^&#13;&#10;AI_1.java:12: error: package com.leekwars.generator does not exist&#13;&#10;return ops(new ArrayLeekValue(AI_1.this, new Object[] { load(sysexec(com.leekwars.generator.FightFunctions.getType, new Object[] { null })), load(sysexec(com.leekwars.generator.FightFunctions.getType, 1)), load(sysexec(com.leekwars.generator.FightFunctions.getType, -1)), load(sysexec(com.leekwars.generator.FightFunctions.isSummon, new Object[] { null })), load(sysexec(com.leekwars.generator.FightFunctions.isSummon, 1)), load(sysexec(com.leekwars.generator.FightFunctions.getType, -1)), load(sysexec(com.leekwars.generator.FightFunctions.getBirthTurn, new Object[] { null })), load(sysexec(com.leekwars.generator.FightFunctions.getBirthTurn, -1)), load(sysexec(com.leekwars.generator.FightFunctions.getSummoner, new Object[] { null })), load(sysexec(com.leekwars.generator.FightFunctions.getSummoner, 1)), load(sysexec(com.leekwars.generator.FightFunctions.getSummoner, -1)) }, false), 4);&#13;&#10;                                                                                                                                                                                                                                                                                                                                                                                                         ^&#13;&#10;AI_1.java:12: error: package com.leekwars.generator does not exist&#13;&#10;return ops(new ArrayLeekValue(AI_1.this, new Object[] { load(sysexec(com.leekwars.generator.FightFunctions.getType, new Object[] { null })), load(sysexec(com.leekwars.generator.FightFunctions.getType, 1)), load(sysexec(com.leekwars.generator.FightFunctions.getType, -1)), load(sysexec(com.leekwars.generator.FightFunctions.isSummon, new Object[] { null })), load(sysexec(com.leekwars.generator.FightFunctions.isSummon, 1)), load(sysexec(com.leekwars.generator.FightFunctions.getType, -1)), load(sysexec(com.leekwars.generator.FightFunctions.getBirthTurn, new Object[] { null })), load(sysexec(com.leekwars.generator.FightFunctions.getBirthTurn, -1)), load(sysexec(com.leekwars.generator.FightFunctions.getSummoner, new Object[] { null })), load(sysexec(com.leekwars.generator.FightFunctions.getSummoner, 1)), load(sysexec(com.leekwars.generator.FightFunctions.getSummoner, -1)) }, false), 4);&#13;&#10;                                                                                                                                                                                                                                                                                                                                                                                                                                                                           ^&#13;&#10;AI_1.java:12: error: package com.leekwars.generator does not exist&#13;&#10;return ops(new ArrayLeekValue(AI_1.this, new Object[] { load(sysexec(com.leekwars.generator.FightFunctions.getType, new Object[] { null })), load(sysexec(com.leekwars.generator.FightFunctions.getType, 1)), load(sysexec(com.leekwars.generator.FightFunctions.getType, -1)), load(sysexec(com.leekwars.generator.FightFunctions.isSummon, new Object[] { null })), load(sysexec(com.leekwars.generator.FightFunctions.isSummon, 1)), load(sysexec(com.leekwars.generator.FightFunctions.getType, -1)), load(sysexec(com.leekwars.generator.FightFunctions.getBirthTurn, new Object[] { null })), load(sysexec(com.leekwars.generator.FightFunctions.getBirthTurn, -1)), load(sysexec(com.leekwars.generator.FightFunctions.getSummoner, new Object[] { null })), load(sysexec(com.leekwars.generator.FightFunctions.getSummoner, 1)), load(sysexec(com.leekwars.generator.FightFunctions.getSummoner, -1)) }, false), 4);&#13;&#10;                                                                                                                                                                                                                                                                                                                                                                                                                                                                                                                                             ^&#13;&#10;AI_1.java:12: error: package com.leekwars.generator does not exist&#13;&#10;return ops(new ArrayLeekValue(AI_1.this, new Object[] { load(sysexec(com.leekwars.generator.FightFunctions.getType, new Object[] { null })), load(sysexec(com.leekwars.generator.FightFunctions.getType, 1)), load(sysexec(com.leekwars.generator.FightFunctions.getType, -1)), load(sysexec(com.leekwars.generator.FightFunctions.isSummon, new Object[] { null })), load(sysexec(com.leekwars.generator.FightFunctions.isSummon, 1)), load(sysexec(com.leekwars.generator.FightFunctions.getType, -1)), load(sysexec(com.leekwars.generator.FightFunctions.getBirthTurn, new Object[] { null })), load(sysexec(com.leekwars.generator.FightFunctions.getBirthTurn, -1)), load(sysexec(com.leekwars.generator.FightFunctions.getSummoner, new Object[] { null })), load(sysexec(com.leekwars.generator.FightFunctions.getSummoner, 1)), load(sysexec(com.leekwars.generator.FightFunctions.getSummoner, -1)) }, false), 4);&#13;&#10;                                                                                                                                                                                                                                                                                                                                                                                                                                                                                                                                                                                                                                       ^&#13;&#10;AI_1.java:12: error: package com.leekwars.generator does not exist&#13;&#10;return ops(new ArrayLeekValue(AI_1.this, new Object[] { load(sysexec(com.leekwars.generator.FightFunctions.getType, new Object[] { null })), load(sysexec(com.leekwars.generator.FightFunctions.getType, 1)), load(sysexec(com.leekwars.generator.FightFunctions.getType, -1)), load(sysexec(com.leekwars.generator.FightFunctions.isSummon, new Object[] { null })), load(sysexec(com.leekwars.generator.FightFunctions.isSummon, 1)), load(sysexec(com.leekwars.generator.FightFunctions.getType, -1)), load(sysexec(com.leekwars.generator.FightFunctions.getBirthTurn, new Object[] { null })), load(sysexec(com.leekwars.generator.FightFunctions.getBirthTurn, -1)), load(sysexec(com.leekwars.generator.FightFunctions.getSummoner, new Object[] { null })), load(sysexec(com.leekwars.generator.FightFunctions.getSummoner, 1)), load(sysexec(com.leekwars.generator.FightFunctions.getSummoner, -1)) }, false), 4);&#13;&#10;                                                                                                                                                                                                                                                                                                                                                                                                                                                                                                                                                                                                                                                                                                              ^&#13;&#10;AI_1.java:12: error: package com.leekwars.generator does not exist&#13;&#10;return ops(new ArrayLeekValue(AI_1.this, new Object[] { load(sysexec(com.leekwars.generator.FightFunctions.getType, new Object[] { null })), load(sysexec(com.leekwars.generator.FightFunctions.getType, 1)), load(sysexec(com.leekwars.generator.FightFunctions.getType, -1)), load(sysexec(com.leekwars.generator.FightFunctions.isSummon, new Object[] { null })), load(sysexec(com.leekwars.generator.FightFunctions.isSummon, 1)), load(sysexec(com.leekwars.generator.FightFunctions.getType, -1)), load(sysexec(com.leekwars.generator.FightFunctions.getBirthTurn, new Object[] { null })), load(sysexec(com.leekwars.generator.FightFunctions.getBirthTurn, -1)), load(sysexec(com.leekwars.generator.FightFunctions.getSummoner, new Object[] { null })), load(sysexec(com.leekwars.generator.FightFunctions.getSummoner, 1)), load(sysexec(com.leekwars.generator.FightFunctions.getSummoner, -1)) }, false), 4);&#13;&#10;                                                                                                                                                                                                                                                                                                                                                                                                                                                                                                                                                                                                                                                                                                                                                                                                       ^&#13;&#10;AI_1.java:12: error: package com.leekwars.generator does not exist&#13;&#10;return ops(new ArrayLeekValue(AI_1.this, new Object[] { load(sysexec(com.leekwars.generator.FightFunctions.getType, new Object[] { null })), load(sysexec(com.leekwars.generator.FightFunctions.getType, 1)), load(sysexec(com.leekwars.generator.FightFunctions.getType, -1)), load(sysexec(com.leekwars.generator.FightFunctions.isSummon, new Object[] { null })), load(sysexec(com.leekwars.generator.FightFunctions.isSummon, 1)), load(sysexec(com.leekwars.generator.FightFunctions.getType, -1)), load(sysexec(com.leekwars.generator.FightFunctions.getBirthTurn, new Object[] { null })), load(sysexec(com.leekwars.generator.FightFunctions.getBirthTurn, -1)), load(sysexec(com.leekwars.generator.FightFunctions.getSummoner, new Object[] { null })), load(sysexec(com.leekwars.generator.FightFunctions.getSummoner, 1)), load(sysexec(com.leekwars.generator.FightFunctions.getSummoner, -1)) }, false), 4);&#13;&#10;                                                                                                                                                                                                                                                                                                                                                                                                                                                                                                                                                                                                                                                                                                                                                                                                                                                                            ^&#13;&#10;AI_1.java:12: error: no suitable constructor found for ArrayLeekValue(AI_1,Object[],boolean)&#13;&#10;return ops(new ArrayLeekValue(AI_1.this, new Object[] { load(sysexec(com.leekwars.generator.FightFunctions.getType, new Object[] { null })), load(sysexec(com.leekwars.generator.FightFunctions.getType, 1)), load(sysexec(com.leekwars.generator.FightFunctions.getType, -1)), load(sysexec(com.leekwars.generator.FightFunctions.isSummon, new Object[] { null })), load(sysexec(com.leekwars.generator.FightFunctions.isSummon, 1)), load(sysexec(com.leekwars.generator.FightFunctions.getType, -1)), load(sysexec(com.leekwars.generator.FightFunctions.getBirthTurn, new Object[] { null })), load(sysexec(com.leekwars.generator.FightFunctions.getBirthTurn, -1)), load(sysexec(com.leekwars.generator.FightFunctions.getSummoner, new Object[] { null })), load(sysexec(com.leekwars.generator.FightFunctions.getSummoner, 1)), load(sysexec(com.leekwars.generator.FightFunctions.getSummoner, -1)) }, false), 4);&#13;&#10;           ^&#13;&#10;    constructor ArrayLeekValue.ArrayLeekValue(AI,Object[],boolean) is not applicable&#13;&#10;      (argument mismatch; AI_1 cannot be converted to AI)&#13;&#10;    constructor ArrayLeekValue.ArrayLeekValue(AI,ArrayLeekValue,int) is not applicable&#13;&#10;      (argument mismatch; AI_1 cannot be converted to AI)&#13;&#10;Note: Some messages have been simplified; recompile with -Xdiags:verbose to get full output&#13;&#10;14 errors&#13;&#10;" type="leekscript.compiler.LeekScriptException">leekscript.compiler.LeekScriptException: COMPILE_JAVA : AI_1.java:5: error: package com.leekwars.generator.fight.entity does not exist
public class AI_1 extends com.leekwars.generator.fight.entity.EntityAI {
                                                             ^
AI_1.java:11: error: cannot find symbol
public Object runIA() throws LeekRunException { resetCounter();
                                                ^
  symbol:   method resetCounter()
  location: class AI_1
AI_1.java:12: error: package com.leekwars.generator does not exist
return ops(new ArrayLeekValue(AI_1.this, new Object[] { load(sysexec(com.leekwars.generator.FightFunctions.getType, new Object[] { null })), load(sysexec(com.leekwars.generator.FightFunctions.getType, 1)), load(sysexec(com.leekwars.generator.FightFunctions.getType, -1)), load(sysexec(com.leekwars.generator.FightFunctions.isSummon, new Object[] { null })), load(sysexec(com.leekwars.generator.FightFunctions.isSummon, 1)), load(sysexec(com.leekwars.generator.FightFunctions.getType, -1)), load(sysexec(com.leekwars.generator.FightFunctions.getBirthTurn, new Object[] { null })), load(sysexec(com.leekwars.generator.FightFunctions.getBirthTurn, -1)), load(sysexec(com.leekwars.generator.FightFunctions.getSummoner, new Object[] { null })), load(sysexec(com.leekwars.generator.FightFunctions.getSummoner, 1)), load(sysexec(com.leekwars.generator.FightFunctions.getSummoner, -1)) }, false), 4);
                                                                                           ^
AI_1.java:12: error: package com.leekwars.generator does not exist
return ops(new ArrayLeekValue(AI_1.this, new Object[] { load(sysexec(com.leekwars.generator.FightFunctions.getType, new Object[] { null })), load(sysexec(com.leekwars.generator.FightFunctions.getType, 1)), load(sysexec(com.leekwars.generator.FightFunctions.getType, -1)), load(sysexec(com.leekwars.generator.FightFunctions.isSummon, new Object[] { null })), load(sysexec(com.leekwars.generator.FightFunctions.isSummon, 1)), load(sysexec(com.leekwars.generator.FightFunctions.getType, -1)), load(sysexec(com.leekwars.generator.FightFunctions.getBirthTurn, new Object[] { null })), load(sysexec(com.leekwars.generator.FightFunctions.getBirthTurn, -1)), load(sysexec(com.leekwars.generator.FightFunctions.getSummoner, new Object[] { null })), load(sysexec(com.leekwars.generator.FightFunctions.getSummoner, 1)), load(sysexec(com.leekwars.generator.FightFunctions.getSummoner, -1)) }, false), 4);
                                                                                                                                                                                ^
AI_1.java:12: error: package com.leekwars.generator does not exist
return ops(new ArrayLeekValue(AI_1.this, new Object[] { load(sysexec(com.leekwars.generator.FightFunctions.getType, new Object[] { null })), load(sysexec(com.leekwars.generator.FightFunctions.getType, 1)), load(sysexec(com.leekwars.generator.FightFunctions.getType, -1)), load(sysexec(com.leekwars.generator.FightFunctions.isSummon, new Object[] { null })), load(sysexec(com.leekwars.generator.FightFunctions.isSummon, 1)), load(sysexec(com.leekwars.generator.FightFunctions.getType, -1)), load(sysexec(com.leekwars.generator.FightFunctions.getBirthTurn, new Object[] { null })), load(sysexec(com.leekwars.generator.FightFunctions.getBirthTurn, -1)), load(sysexec(com.leekwars.generator.FightFunctions.getSummoner, new Object[] { null })), load(sysexec(com.leekwars.generator.FightFunctions.getSummoner, 1)), load(sysexec(com.leekwars.generator.FightFunctions.getSummoner, -1)) }, false), 4);
                                                                                                                                                                                                                                                 ^
AI_1.java:12: error: package com.leekwars.generator does not exist
return ops(new ArrayLeekValue(AI_1.this, new Object[] { load(sysexec(com.leekwars.generator.FightFunctions.getType, new Object[] { null })), load(sysexec(com.leekwars.generator.FightFunctions.getType, 1)), load(sysexec(com.leekwars.generator.FightFunctions.getType, -1)), load(sysexec(com.leekwars.generator.FightFunctions.isSummon, new Object[] { null })), load(sysexec(com.leekwars.generator.FightFunctions.isSummon, 1)), load(sysexec(com.leekwars.generator.FightFunctions.getType, -1)), load(sysexec(com.leekwars.generator.FightFunctions.getBirthTurn, new Object[] { null })), load(sysexec(com.leekwars.generator.FightFunctions.getBirthTurn, -1)), load(sysexec(com.leekwars.generator.FightFunctions.getSummoner, new Object[] { null })), load(sysexec(com.leekwars.generator.FightFunctions.getSummoner, 1)), load(sysexec(com.leekwars.generator.FightFunctions.getSummoner, -1)) }, false), 4);
                                                                                                                                                                                                                                                                                                                   ^
AI_1.java:12: error: package com.leekwars.generator does not exist
return ops(new ArrayLeekValue(AI_1.this, new Object[] { load(sysexec(com.leekwars.generator.FightFunctions.getType, new Object[] { null })), load(sysexec(com.leekwars.generator.FightFunctions.getType, 1)), load(sysexec(com.leekwars.generator.FightFunctions.getType, -1)), load(sysexec(com.leekwars.generator.FightFunctions.isSummon, new Object[] { null })), load(sysexec(com.leekwars.generator.FightFunctions.isSummon, 1)), load(sysexec(com.leekwars.generator.FightFunctions.getType, -1)), load(sysexec(com.leekwars.generator.FightFunctions.getBirthTurn, new Object[] { null })), load(sysexec(com.leekwars.generator.FightFunctions.getBirthTurn, -1)), load(sysexec(com.leekwars.generator.FightFunctions.getSummoner, new Object[] { null })), load(sysexec(com.leekwars.generator.FightFunctions.getSummoner, 1)), load(sysexec(com.leekwars.generator.FightFunctions.getSummoner, -1)) }, false), 4);
                                                                                                                                                                                                                                                                                                                                                                                                         ^
AI_1.java:12: error: package com.leekwars.generator does not exist
return ops(new ArrayLeekValue(AI_1.this, new Object[] { load(sysexec(com.leekwars.generator.FightFunctions.getType, new Object[] { null })), load(sysexec(com.leekwars.generator.FightFunctions.getType, 1)), load(sysexec(com.leekwars.generator.FightFunctions.getType, -1)), load(sysexec(com.leekwars.generator.FightFunctions.isSummon, new Object[] { null })), load(sysexec(com.leekwars.generator.FightFunctions.isSummon, 1)), load(sysexec(com.leekwars.generator.FightFunctions.getType, -1)), load(sysexec(com.leekwars.generator.FightFunctions.getBirthTurn, new Object[] { null })), load(sysexec(com.leekwars.generator.FightFunctions.getBirthTurn, -1)), load(sysexec(com.leekwars.generator.FightFunctions.getSummoner, new Object[] { null })), load(sysexec(com.leekwars.generator.FightFunctions.getSummoner, 1)), load(sysexec(com.leekwars.generator.FightFunctions.getSummoner, -1)) }, false), 4);
                                                                                                                                                                                                                                                                                                                                                                                                                                                                           ^
AI_1.java:12: error: package com.leekwars.generator does not exist
return ops(new ArrayLeekValue(AI_1.this, new Object[] { load(sysexec(com.leekwars.generator.FightFunctions.getType, new Object[] { null })), load(sysexec(com.leekwars.generator.FightFunctions.getType, 1)), load(sysexec(com.leekwars.generator.FightFunctions.getType, -1)), load(sysexec(com.leekwars.generator.FightFunctions.isSummon, new Object[] { null })), load(sysexec(com.leekwars.generator.FightFunctions.isSummon, 1)), load(sysexec(com.leekwars.generator.FightFunctions.getType, -1)), load(sysexec(com.leekwars.generator.FightFunctions.getBirthTurn, new Object[] { null })), load(sysexec(com.leekwars.generator.FightFunctions.getBirthTurn, -1)), load(sysexec(com.leekwars.generator.FightFunctions.getSummoner, new Object[] { null })), load(sysexec(com.leekwars.generator.FightFunctions.getSummoner, 1)), load(sysexec(com.leekwars.generator.FightFunctions.getSummoner, -1)) }, false), 4);
                                                                                                                                                                                                                                                                                                                                                                                                                                                                                                                                             ^
AI_1.java:12: error: package com.leekwars.generator does not exist
return ops(new ArrayLeekValue(AI_1.this, new Object[] { load(sysexec(com.leekwars.generator.FightFunctions.getType, new Object[] { null })), load(sysexec(com.leekwars.generator.FightFunctions.getType, 1)), load(sysexec(com.leekwars.generator.FightFunctions.getType, -1)), load(sysexec(com.leekwars.generator.FightFunctions.isSummon, new Object[] { null })), load(sysexec(com.leekwars.generator.FightFunctions.isSummon, 1)), load(sysexec(com.leekwars.generator.FightFunctions.getType, -1)), load(sysexec(com.leekwars.generator.FightFunctions.getBirthTurn, new Object[] { null })), load(sysexec(com.leekwars.generator.FightFunctions.getBirthTurn, -1)), load(sysexec(com.leekwars.generator.FightFunctions.getSummoner, new Object[] { null })), load(sysexec(com.leekwars.generator.FightFunctions.getSummoner, 1)), load(sysexec(com.leekwars.generator.FightFunctions.getSummoner, -1)) }, false), 4);
                                                                                                                                                                                                                                                                                                                                                                                                                                                                                                                                                                                                                                       ^
AI_1.java:12: error: package com.leekwars.generator does not exist
return ops(new ArrayLeekValue(AI_1.this, new Object[] { load(sysexec(com.leekwars.generator.FightFunctions.getType, new Object[] { null })), load(sysexec(com.leekwars.generator.FightFunctions.getType, 1)), load(sysexec(com.leekwars.generator.FightFunctions.getType, -1)), load(sysexec(com.leekwars.generator.FightFunctions.isSummon, new Object[] { null })), load(sysexec(com.leekwars.generator.FightFunctions.isSummon, 1)), load(sysexec(com.leekwars.generator.FightFunctions.getType, -1)), load(sysexec(com.leekwars.generator.FightFunctions.getBirthTurn, new Object[] { null })), load(sysexec(com.leekwars.generator.FightFunctions.getBirthTurn, -1)), load(sysexec(com.leekwars.generator.FightFunctions.getSummoner, new Object[] { null })), load(sysexec(com.leekwars.generator.FightFunctions.getSummoner, 1)), load(sysexec(com.leekwars.generator.FightFunctions.getSummoner, -1)) }, false), 4);
                                                                                                                                                                                                                                                                                                                                                                                                                                                                                                                                                                                                                                                                                                              ^
AI_1.java:12: error: package com.leekwars.generator does not exist
return ops(new ArrayLeekValue(AI_1.this, new Object[] { load(sysexec(com.leekwars.generator.FightFunctions.getType, new Object[] { null })), load(sysexec(com.leekwars.generator.FightFunctions.getType, 1)), load(sysexec(com.leekwars.generator.FightFunctions.getType, -1)), load(sysexec(com.leekwars.generator.FightFunctions.isSummon, new Object[] { null })), load(sysexec(com.leekwars.generator.FightFunctions.isSummon, 1)), load(sysexec(com.leekwars.generator.FightFunctions.getType, -1)), load(sysexec(com.leekwars.generator.FightFunctions.getBirthTurn, new Object[] { null })), load(sysexec(com.leekwars.generator.FightFunctions.getBirthTurn, -1)), load(sysexec(com.leekwars.generator.FightFunctions.getSummoner, new Object[] { null })), load(sysexec(com.leekwars.generator.FightFunctions.getSummoner, 1)), load(sysexec(com.leekwars.generator.FightFunctions.getSummoner, -1)) }, false), 4);
                                                                                                                                                                                                                                                                                                                                                                                                                                                                                                                                                                                                                                                                                                                                                                                                       ^
AI_1.java:12: error: package com.leekwars.generator does not exist
return ops(new ArrayLeekValue(AI_1.this, new Object[] { load(sysexec(com.leekwars.generator.FightFunctions.getType, new Object[] { null })), load(sysexec(com.leekwars.generator.FightFunctions.getType, 1)), load(sysexec(com.leekwars.generator.FightFunctions.getType, -1)), load(sysexec(com.leekwars.generator.FightFunctions.isSummon, new Object[] { null })), load(sysexec(com.leekwars.generator.FightFunctions.isSummon, 1)), load(sysexec(com.leekwars.generator.FightFunctions.getType, -1)), load(sysexec(com.leekwars.generator.FightFunctions.getBirthTurn, new Object[] { null })), load(sysexec(com.leekwars.generator.FightFunctions.getBirthTurn, -1)), load(sysexec(com.leekwars.generator.FightFunctions.getSummoner, new Object[] { null })), load(sysexec(com.leekwars.generator.FightFunctions.getSummoner, 1)), load(sysexec(com.leekwars.generator.FightFunctions.getSummoner, -1)) }, false), 4);
                                                                                                                                                                                                                                                                                                                                                                                                                                                                                                                                                                                                                                                                                                                                                                                                                                                                            ^
AI_1.java:12: error: no suitable constructor found for ArrayLeekValue(AI_1,Object[],boolean)
return ops(new ArrayLeekValue(AI_1.this, new Object[] { load(sysexec(com.leekwars.generator.FightFunctions.getType, new Object[] { null })), load(sysexec(com.leekwars.generator.FightFunctions.getType, 1)), load(sysexec(com.leekwars.generator.FightFunctions.getType, -1)), load(sysexec(com.leekwars.generator.FightFunctions.isSummon, new Object[] { null })), load(sysexec(com.leekwars.generator.FightFunctions.isSummon, 1)), load(sysexec(com.leekwars.generator.FightFunctions.getType, -1)), load(sysexec(com.leekwars.generator.FightFunctions.getBirthTurn, new Object[] { null })), load(sysexec(com.leekwars.generator.FightFunctions.getBirthTurn, -1)), load(sysexec(com.leekwars.generator.FightFunctions.getSummoner, new Object[] { null })), load(sysexec(com.leekwars.generator.FightFunctions.getSummoner, 1)), load(sysexec(com.leekwars.generator.FightFunctions.getSummoner, -1)) }, false), 4);
           ^
    constructor ArrayLeekValue.ArrayLeekValue(AI,Object[],boolean) is not applicable
      (argument mismatch; AI_1 cannot be converted to AI)
    constructor ArrayLeekValue.ArrayLeekValue(AI,ArrayLeekValue,int) is not applicable
      (argument mismatch; AI_1 cannot be converted to AI)
Note: Some messages have been simplified; recompile with -Xdiags:verbose to get full output
14 errors

	at leekscript.compiler.LeekScript.compile(LeekScript.java:231)
	at leekscript.compiler.LeekScript.compileSnippet(LeekScript.java:108)
	at leekscript.compiler.LeekScript.compileSnippet(LeekScript.java:102)
	at test.GeneratorCompilation.testScriptGenerator(GeneratorCompilation.java:25)
	at test.TestFightFunctions.testAI(TestFightFunctions.java:506)
	at test.TestFightFunctions.SummonFunctionsTest(TestFightFunctions.java:450)
	at java.base/jdk.internal.reflect.DirectMethodHandleAccessor.invoke(DirectMethodHandleAccessor.java:104)
	at java.base/java.lang.reflect.Method.invoke(Method.java:577)
	at org.junit.runners.model.FrameworkMethod$1.runReflectiveCall(FrameworkMethod.java:50)
	at org.junit.internal.runners.model.ReflectiveCallable.run(ReflectiveCallable.java:12)
	at org.junit.runners.model.FrameworkMethod.invokeExplosively(FrameworkMethod.java:47)
	at org.junit.internal.runners.statements.InvokeMethod.evaluate(InvokeMethod.java:17)
	at org.junit.internal.runners.statements.RunBefores.evaluate(RunBefores.java:26)
	at org.junit.runners.ParentRunner.runLeaf(ParentRunner.java:325)
	at org.junit.runners.BlockJUnit4ClassRunner.runChild(BlockJUnit4ClassRunner.java:78)
	at org.junit.runners.BlockJUnit4ClassRunner.runChild(BlockJUnit4ClassRunner.java:57)
	at org.junit.runners.ParentRunner$3.run(ParentRunner.java:290)
	at org.junit.runners.ParentRunner$1.schedule(ParentRunner.java:71)
	at org.junit.runners.ParentRunner.runChildren(ParentRunner.java:288)
	at org.junit.runners.ParentRunner.access$000(ParentRunner.java:58)
	at org.junit.runners.ParentRunner$2.evaluate(ParentRunner.java:268)
	at org.junit.runners.ParentRunner.run(ParentRunner.java:363)
	at org.gradle.api.internal.tasks.testing.junit.JUnitTestClassExecutor.runTestClass(JUnitTestClassExecutor.java:110)
	at org.gradle.api.internal.tasks.testing.junit.JUnitTestClassExecutor.execute(JUnitTestClassExecutor.java:58)
	at org.gradle.api.internal.tasks.testing.junit.JUnitTestClassExecutor.execute(JUnitTestClassExecutor.java:38)
	at org.gradle.api.internal.tasks.testing.junit.AbstractJUnitTestClassProcessor.processTestClass(AbstractJUnitTestClassProcessor.java:62)
	at org.gradle.api.internal.tasks.testing.SuiteTestClassProcessor.processTestClass(SuiteTestClassProcessor.java:51)
	at java.base/jdk.internal.reflect.DirectMethodHandleAccessor.invoke(DirectMethodHandleAccessor.java:104)
	at java.base/java.lang.reflect.Method.invoke(Method.java:577)
	at org.gradle.internal.dispatch.ReflectionDispatch.dispatch(ReflectionDispatch.java:36)
	at org.gradle.internal.dispatch.ReflectionDispatch.dispatch(ReflectionDispatch.java:24)
	at org.gradle.internal.dispatch.ContextClassLoaderDispatch.dispatch(ContextClassLoaderDispatch.java:33)
	at org.gradle.internal.dispatch.ProxyDispatchAdapter$DispatchingInvocationHandler.invoke(ProxyDispatchAdapter.java:94)
	at jdk.proxy1/jdk.proxy1.$Proxy2.processTestClass(Unknown Source)
	at org.gradle.api.internal.tasks.testing.worker.TestWorker.processTestClass(TestWorker.java:121)
	at java.base/jdk.internal.reflect.DirectMethodHandleAccessor.invoke(DirectMethodHandleAccessor.java:104)
	at java.base/java.lang.reflect.Method.invoke(Method.java:577)
	at org.gradle.internal.dispatch.ReflectionDispatch.dispatch(ReflectionDispatch.java:36)
	at org.gradle.internal.dispatch.ReflectionDispatch.dispatch(ReflectionDispatch.java:24)
	at org.gradle.internal.remote.internal.hub.MessageHubBackedObjectConnection$DispatchWrapper.dispatch(MessageHubBackedObjectConnection.java:182)
	at org.gradle.internal.remote.internal.hub.MessageHubBackedObjectConnection$DispatchWrapper.dispatch(MessageHubBackedObjectConnection.java:164)
	at org.gradle.internal.remote.internal.hub.MessageHub$Handler.run(MessageHub.java:414)
	at org.gradle.internal.concurrent.ExecutorPolicy$CatchAndRecordFailures.onExecute(ExecutorPolicy.java:64)
	at org.gradle.internal.concurrent.ManagedExecutorImpl$1.run(ManagedExecutorImpl.java:48)
	at java.base/java.util.concurrent.ThreadPoolExecutor.runWorker(ThreadPoolExecutor.java:1136)
	at java.base/java.util.concurrent.ThreadPoolExecutor$Worker.run(ThreadPoolExecutor.java:635)
	at org.gradle.internal.concurrent.ThreadFactoryImpl$ManagedThreadRunnable.run(ThreadFactoryImpl.java:56)
	at java.base/java.lang.Thread.run(Thread.java:833)
</failure>
  </testcase>
  <testcase name="typeOfTest" classname="test.TestFightFunctions" time="0.113">
    <failure message="leekscript.compiler.LeekScriptException: COMPILE_JAVA : AI_2.java:5: error: package com.leekwars.generator.fight.entity does not exist&#13;&#10;public class AI_2 extends com.leekwars.generator.fight.entity.EntityAI {&#13;&#10;                                                             ^&#13;&#10;AI_2.java:11: error: cannot find symbol&#13;&#10;public Object runIA() throws LeekRunException { resetCounter();&#13;&#10;                                                ^&#13;&#10;  symbol:   method resetCounter()&#13;&#10;  location: class AI_2&#13;&#10;AI_2.java:12: error: package com.leekwars.generator does not exist&#13;&#10;return new ArrayLeekValue(AI_2.this, new Object[] { load(sysexec(LeekFunctions.typeOf, LeekValueManager.getFunction(com.leekwars.generator.FightFunctions.getLeek))) }, false);&#13;&#10;                                                                                                                                          ^&#13;&#10;AI_2.java:12: error: no suitable constructor found for ArrayLeekValue(AI_2,Object[],boolean)&#13;&#10;return new ArrayLeekValue(AI_2.this, new Object[] { load(sysexec(LeekFunctions.typeOf, LeekValueManager.getFunction(com.leekwars.generator.FightFunctions.getLeek))) }, false);&#13;&#10;       ^&#13;&#10;    constructor ArrayLeekValue.ArrayLeekValue(AI,Object[],boolean) is not applicable&#13;&#10;      (argument mismatch; AI_2 cannot be converted to AI)&#13;&#10;    constructor ArrayLeekValue.ArrayLeekValue(AI,ArrayLeekValue,int) is not applicable&#13;&#10;      (argument mismatch; AI_2 cannot be converted to AI)&#13;&#10;Note: Some messages have been simplified; recompile with -Xdiags:verbose to get full output&#13;&#10;4 errors&#13;&#10;" type="leekscript.compiler.LeekScriptException">leekscript.compiler.LeekScriptException: COMPILE_JAVA : AI_2.java:5: error: package com.leekwars.generator.fight.entity does not exist
public class AI_2 extends com.leekwars.generator.fight.entity.EntityAI {
                                                             ^
AI_2.java:11: error: cannot find symbol
public Object runIA() throws LeekRunException { resetCounter();
                                                ^
  symbol:   method resetCounter()
  location: class AI_2
AI_2.java:12: error: package com.leekwars.generator does not exist
return new ArrayLeekValue(AI_2.this, new Object[] { load(sysexec(LeekFunctions.typeOf, LeekValueManager.getFunction(com.leekwars.generator.FightFunctions.getLeek))) }, false);
                                                                                                                                          ^
AI_2.java:12: error: no suitable constructor found for ArrayLeekValue(AI_2,Object[],boolean)
return new ArrayLeekValue(AI_2.this, new Object[] { load(sysexec(LeekFunctions.typeOf, LeekValueManager.getFunction(com.leekwars.generator.FightFunctions.getLeek))) }, false);
       ^
    constructor ArrayLeekValue.ArrayLeekValue(AI,Object[],boolean) is not applicable
      (argument mismatch; AI_2 cannot be converted to AI)
    constructor ArrayLeekValue.ArrayLeekValue(AI,ArrayLeekValue,int) is not applicable
      (argument mismatch; AI_2 cannot be converted to AI)
Note: Some messages have been simplified; recompile with -Xdiags:verbose to get full output
4 errors

	at leekscript.compiler.LeekScript.compile(LeekScript.java:231)
	at leekscript.compiler.LeekScript.compileSnippet(LeekScript.java:108)
	at leekscript.compiler.LeekScript.compileSnippet(LeekScript.java:102)
	at test.GeneratorCompilation.testScriptGenerator(GeneratorCompilation.java:25)
	at test.TestFightFunctions.testAI(TestFightFunctions.java:506)
	at test.TestFightFunctions.typeOfTest(TestFightFunctions.java:477)
	at java.base/jdk.internal.reflect.DirectMethodHandleAccessor.invoke(DirectMethodHandleAccessor.java:104)
	at java.base/java.lang.reflect.Method.invoke(Method.java:577)
	at org.junit.runners.model.FrameworkMethod$1.runReflectiveCall(FrameworkMethod.java:50)
	at org.junit.internal.runners.model.ReflectiveCallable.run(ReflectiveCallable.java:12)
	at org.junit.runners.model.FrameworkMethod.invokeExplosively(FrameworkMethod.java:47)
	at org.junit.internal.runners.statements.InvokeMethod.evaluate(InvokeMethod.java:17)
	at org.junit.internal.runners.statements.RunBefores.evaluate(RunBefores.java:26)
	at org.junit.runners.ParentRunner.runLeaf(ParentRunner.java:325)
	at org.junit.runners.BlockJUnit4ClassRunner.runChild(BlockJUnit4ClassRunner.java:78)
	at org.junit.runners.BlockJUnit4ClassRunner.runChild(BlockJUnit4ClassRunner.java:57)
	at org.junit.runners.ParentRunner$3.run(ParentRunner.java:290)
	at org.junit.runners.ParentRunner$1.schedule(ParentRunner.java:71)
	at org.junit.runners.ParentRunner.runChildren(ParentRunner.java:288)
	at org.junit.runners.ParentRunner.access$000(ParentRunner.java:58)
	at org.junit.runners.ParentRunner$2.evaluate(ParentRunner.java:268)
	at org.junit.runners.ParentRunner.run(ParentRunner.java:363)
	at org.gradle.api.internal.tasks.testing.junit.JUnitTestClassExecutor.runTestClass(JUnitTestClassExecutor.java:110)
	at org.gradle.api.internal.tasks.testing.junit.JUnitTestClassExecutor.execute(JUnitTestClassExecutor.java:58)
	at org.gradle.api.internal.tasks.testing.junit.JUnitTestClassExecutor.execute(JUnitTestClassExecutor.java:38)
	at org.gradle.api.internal.tasks.testing.junit.AbstractJUnitTestClassProcessor.processTestClass(AbstractJUnitTestClassProcessor.java:62)
	at org.gradle.api.internal.tasks.testing.SuiteTestClassProcessor.processTestClass(SuiteTestClassProcessor.java:51)
	at java.base/jdk.internal.reflect.DirectMethodHandleAccessor.invoke(DirectMethodHandleAccessor.java:104)
	at java.base/java.lang.reflect.Method.invoke(Method.java:577)
	at org.gradle.internal.dispatch.ReflectionDispatch.dispatch(ReflectionDispatch.java:36)
	at org.gradle.internal.dispatch.ReflectionDispatch.dispatch(ReflectionDispatch.java:24)
	at org.gradle.internal.dispatch.ContextClassLoaderDispatch.dispatch(ContextClassLoaderDispatch.java:33)
	at org.gradle.internal.dispatch.ProxyDispatchAdapter$DispatchingInvocationHandler.invoke(ProxyDispatchAdapter.java:94)
	at jdk.proxy1/jdk.proxy1.$Proxy2.processTestClass(Unknown Source)
	at org.gradle.api.internal.tasks.testing.worker.TestWorker.processTestClass(TestWorker.java:121)
	at java.base/jdk.internal.reflect.DirectMethodHandleAccessor.invoke(DirectMethodHandleAccessor.java:104)
	at java.base/java.lang.reflect.Method.invoke(Method.java:577)
	at org.gradle.internal.dispatch.ReflectionDispatch.dispatch(ReflectionDispatch.java:36)
	at org.gradle.internal.dispatch.ReflectionDispatch.dispatch(ReflectionDispatch.java:24)
	at org.gradle.internal.remote.internal.hub.MessageHubBackedObjectConnection$DispatchWrapper.dispatch(MessageHubBackedObjectConnection.java:182)
	at org.gradle.internal.remote.internal.hub.MessageHubBackedObjectConnection$DispatchWrapper.dispatch(MessageHubBackedObjectConnection.java:164)
	at org.gradle.internal.remote.internal.hub.MessageHub$Handler.run(MessageHub.java:414)
	at org.gradle.internal.concurrent.ExecutorPolicy$CatchAndRecordFailures.onExecute(ExecutorPolicy.java:64)
	at org.gradle.internal.concurrent.ManagedExecutorImpl$1.run(ManagedExecutorImpl.java:48)
	at java.base/java.util.concurrent.ThreadPoolExecutor.runWorker(ThreadPoolExecutor.java:1136)
	at java.base/java.util.concurrent.ThreadPoolExecutor$Worker.run(ThreadPoolExecutor.java:635)
	at org.gradle.internal.concurrent.ThreadFactoryImpl$ManagedThreadRunnable.run(ThreadFactoryImpl.java:56)
	at java.base/java.lang.Thread.run(Thread.java:833)
</failure>
  </testcase>
  <testcase name="getNearestEnemyTest" classname="test.TestFightFunctions" time="0.11">
    <failure message="leekscript.compiler.LeekScriptException: COMPILE_JAVA : AI_3.java:5: error: package com.leekwars.generator.fight.entity does not exist&#13;&#10;public class AI_3 extends com.leekwars.generator.fight.entity.EntityAI {&#13;&#10;                                                             ^&#13;&#10;AI_3.java:11: error: cannot find symbol&#13;&#10;public Object runIA() throws LeekRunException { resetCounter();&#13;&#10;                                                ^&#13;&#10;  symbol:   method resetCounter()&#13;&#10;  location: class AI_3&#13;&#10;AI_3.java:12: error: package com.leekwars.generator does not exist&#13;&#10;return new ArrayLeekValue(AI_3.this, new Object[] { load(sysexec(com.leekwars.generator.FightFunctions.getNearestEnemy)) }, false);&#13;&#10;                                                                                       ^&#13;&#10;AI_3.java:12: error: no suitable constructor found for ArrayLeekValue(AI_3,Object[],boolean)&#13;&#10;return new ArrayLeekValue(AI_3.this, new Object[] { load(sysexec(com.leekwars.generator.FightFunctions.getNearestEnemy)) }, false);&#13;&#10;       ^&#13;&#10;    constructor ArrayLeekValue.ArrayLeekValue(AI,Object[],boolean) is not applicable&#13;&#10;      (argument mismatch; AI_3 cannot be converted to AI)&#13;&#10;    constructor ArrayLeekValue.ArrayLeekValue(AI,ArrayLeekValue,int) is not applicable&#13;&#10;      (argument mismatch; AI_3 cannot be converted to AI)&#13;&#10;Note: Some messages have been simplified; recompile with -Xdiags:verbose to get full output&#13;&#10;4 errors&#13;&#10;" type="leekscript.compiler.LeekScriptException">leekscript.compiler.LeekScriptException: COMPILE_JAVA : AI_3.java:5: error: package com.leekwars.generator.fight.entity does not exist
public class AI_3 extends com.leekwars.generator.fight.entity.EntityAI {
                                                             ^
AI_3.java:11: error: cannot find symbol
public Object runIA() throws LeekRunException { resetCounter();
                                                ^
  symbol:   method resetCounter()
  location: class AI_3
AI_3.java:12: error: package com.leekwars.generator does not exist
return new ArrayLeekValue(AI_3.this, new Object[] { load(sysexec(com.leekwars.generator.FightFunctions.getNearestEnemy)) }, false);
                                                                                       ^
AI_3.java:12: error: no suitable constructor found for ArrayLeekValue(AI_3,Object[],boolean)
return new ArrayLeekValue(AI_3.this, new Object[] { load(sysexec(com.leekwars.generator.FightFunctions.getNearestEnemy)) }, false);
       ^
    constructor ArrayLeekValue.ArrayLeekValue(AI,Object[],boolean) is not applicable
      (argument mismatch; AI_3 cannot be converted to AI)
    constructor ArrayLeekValue.ArrayLeekValue(AI,ArrayLeekValue,int) is not applicable
      (argument mismatch; AI_3 cannot be converted to AI)
Note: Some messages have been simplified; recompile with -Xdiags:verbose to get full output
4 errors

	at leekscript.compiler.LeekScript.compile(LeekScript.java:231)
	at leekscript.compiler.LeekScript.compileSnippet(LeekScript.java:108)
	at leekscript.compiler.LeekScript.compileSnippet(LeekScript.java:102)
	at test.GeneratorCompilation.testScriptGenerator(GeneratorCompilation.java:25)
	at test.TestFightFunctions.testAI(TestFightFunctions.java:506)
	at test.TestFightFunctions.getNearestEnemyTest(TestFightFunctions.java:490)
	at java.base/jdk.internal.reflect.DirectMethodHandleAccessor.invoke(DirectMethodHandleAccessor.java:104)
	at java.base/java.lang.reflect.Method.invoke(Method.java:577)
	at org.junit.runners.model.FrameworkMethod$1.runReflectiveCall(FrameworkMethod.java:50)
	at org.junit.internal.runners.model.ReflectiveCallable.run(ReflectiveCallable.java:12)
	at org.junit.runners.model.FrameworkMethod.invokeExplosively(FrameworkMethod.java:47)
	at org.junit.internal.runners.statements.InvokeMethod.evaluate(InvokeMethod.java:17)
	at org.junit.internal.runners.statements.RunBefores.evaluate(RunBefores.java:26)
	at org.junit.runners.ParentRunner.runLeaf(ParentRunner.java:325)
	at org.junit.runners.BlockJUnit4ClassRunner.runChild(BlockJUnit4ClassRunner.java:78)
	at org.junit.runners.BlockJUnit4ClassRunner.runChild(BlockJUnit4ClassRunner.java:57)
	at org.junit.runners.ParentRunner$3.run(ParentRunner.java:290)
	at org.junit.runners.ParentRunner$1.schedule(ParentRunner.java:71)
	at org.junit.runners.ParentRunner.runChildren(ParentRunner.java:288)
	at org.junit.runners.ParentRunner.access$000(ParentRunner.java:58)
	at org.junit.runners.ParentRunner$2.evaluate(ParentRunner.java:268)
	at org.junit.runners.ParentRunner.run(ParentRunner.java:363)
	at org.gradle.api.internal.tasks.testing.junit.JUnitTestClassExecutor.runTestClass(JUnitTestClassExecutor.java:110)
	at org.gradle.api.internal.tasks.testing.junit.JUnitTestClassExecutor.execute(JUnitTestClassExecutor.java:58)
	at org.gradle.api.internal.tasks.testing.junit.JUnitTestClassExecutor.execute(JUnitTestClassExecutor.java:38)
	at org.gradle.api.internal.tasks.testing.junit.AbstractJUnitTestClassProcessor.processTestClass(AbstractJUnitTestClassProcessor.java:62)
	at org.gradle.api.internal.tasks.testing.SuiteTestClassProcessor.processTestClass(SuiteTestClassProcessor.java:51)
	at java.base/jdk.internal.reflect.DirectMethodHandleAccessor.invoke(DirectMethodHandleAccessor.java:104)
	at java.base/java.lang.reflect.Method.invoke(Method.java:577)
	at org.gradle.internal.dispatch.ReflectionDispatch.dispatch(ReflectionDispatch.java:36)
	at org.gradle.internal.dispatch.ReflectionDispatch.dispatch(ReflectionDispatch.java:24)
	at org.gradle.internal.dispatch.ContextClassLoaderDispatch.dispatch(ContextClassLoaderDispatch.java:33)
	at org.gradle.internal.dispatch.ProxyDispatchAdapter$DispatchingInvocationHandler.invoke(ProxyDispatchAdapter.java:94)
	at jdk.proxy1/jdk.proxy1.$Proxy2.processTestClass(Unknown Source)
	at org.gradle.api.internal.tasks.testing.worker.TestWorker.processTestClass(TestWorker.java:121)
	at java.base/jdk.internal.reflect.DirectMethodHandleAccessor.invoke(DirectMethodHandleAccessor.java:104)
	at java.base/java.lang.reflect.Method.invoke(Method.java:577)
	at org.gradle.internal.dispatch.ReflectionDispatch.dispatch(ReflectionDispatch.java:36)
	at org.gradle.internal.dispatch.ReflectionDispatch.dispatch(ReflectionDispatch.java:24)
	at org.gradle.internal.remote.internal.hub.MessageHubBackedObjectConnection$DispatchWrapper.dispatch(MessageHubBackedObjectConnection.java:182)
	at org.gradle.internal.remote.internal.hub.MessageHubBackedObjectConnection$DispatchWrapper.dispatch(MessageHubBackedObjectConnection.java:164)
	at org.gradle.internal.remote.internal.hub.MessageHub$Handler.run(MessageHub.java:414)
	at org.gradle.internal.concurrent.ExecutorPolicy$CatchAndRecordFailures.onExecute(ExecutorPolicy.java:64)
	at org.gradle.internal.concurrent.ManagedExecutorImpl$1.run(ManagedExecutorImpl.java:48)
	at java.base/java.util.concurrent.ThreadPoolExecutor.runWorker(ThreadPoolExecutor.java:1136)
	at java.base/java.util.concurrent.ThreadPoolExecutor$Worker.run(ThreadPoolExecutor.java:635)
	at org.gradle.internal.concurrent.ThreadFactoryImpl$ManagedThreadRunnable.run(ThreadFactoryImpl.java:56)
	at java.base/java.lang.Thread.run(Thread.java:833)
</failure>
  </testcase>
  <testcase name="getPathTest" classname="test.TestFightFunctions" time="0.258">
    <failure message="leekscript.compiler.LeekScriptException: COMPILE_JAVA : AI_4.java:5: error: package com.leekwars.generator.fight.entity does not exist&#13;&#10;public class AI_4 extends com.leekwars.generator.fight.entity.EntityAI {&#13;&#10;                                                             ^&#13;&#10;AI_4.java:11: error: cannot find symbol&#13;&#10;public Object runIA() throws LeekRunException { resetCounter();&#13;&#10;                                                ^&#13;&#10;  symbol:   method resetCounter()&#13;&#10;  location: class AI_4&#13;&#10;AI_4.java:12: error: package com.leekwars.generator does not exist&#13;&#10;return ops(new ArrayLeekValue(AI_4.this, new Object[] { load(sysexec(LeekFunctions.count, load(sysexec(com.leekwars.generator.FightFunctions.getPath, load(sysexec(com.leekwars.generator.FightFunctions.getCellFromXY, -1, 0)), load(sysexec(com.leekwars.generator.FightFunctions.getCellFromXY, 1, 0)), null)))), load(sysexec(LeekFunctions.count, load(sysexec(com.leekwars.generator.FightFunctions.getPath, load(sysexec(com.leekwars.generator.FightFunctions.getCellFromXY, -1, 0)), load(sysexec(com.leekwars.generator.FightFunctions.getCellFromXY, 1, 0)), load(sysexec(com.leekwars.generator.FightFunctions.getLeek)))))) }, false), 2);&#13;&#10;                                                                                                                             ^&#13;&#10;AI_4.java:12: error: package com.leekwars.generator does not exist&#13;&#10;return ops(new ArrayLeekValue(AI_4.this, new Object[] { load(sysexec(LeekFunctions.count, load(sysexec(com.leekwars.generator.FightFunctions.getPath, load(sysexec(com.leekwars.generator.FightFunctions.getCellFromXY, -1, 0)), load(sysexec(com.leekwars.generator.FightFunctions.getCellFromXY, 1, 0)), null)))), load(sysexec(LeekFunctions.count, load(sysexec(com.leekwars.generator.FightFunctions.getPath, load(sysexec(com.leekwars.generator.FightFunctions.getCellFromXY, -1, 0)), load(sysexec(com.leekwars.generator.FightFunctions.getCellFromXY, 1, 0)), load(sysexec(com.leekwars.generator.FightFunctions.getLeek)))))) }, false), 2);&#13;&#10;                                                                                                                                                                                         ^&#13;&#10;AI_4.java:12: error: package com.leekwars.generator does not exist&#13;&#10;return ops(new ArrayLeekValue(AI_4.this, new Object[] { load(sysexec(LeekFunctions.count, load(sysexec(com.leekwars.generator.FightFunctions.getPath, load(sysexec(com.leekwars.generator.FightFunctions.getCellFromXY, -1, 0)), load(sysexec(com.leekwars.generator.FightFunctions.getCellFromXY, 1, 0)), null)))), load(sysexec(LeekFunctions.count, load(sysexec(com.leekwars.generator.FightFunctions.getPath, load(sysexec(com.leekwars.generator.FightFunctions.getCellFromXY, -1, 0)), load(sysexec(com.leekwars.generator.FightFunctions.getCellFromXY, 1, 0)), load(sysexec(com.leekwars.generator.FightFunctions.getLeek)))))) }, false), 2);&#13;&#10;                                                                                                                                                                                                                                                                    ^&#13;&#10;AI_4.java:12: error: package com.leekwars.generator does not exist&#13;&#10;return ops(new ArrayLeekValue(AI_4.this, new Object[] { load(sysexec(LeekFunctions.count, load(sysexec(com.leekwars.generator.FightFunctions.getPath, load(sysexec(com.leekwars.generator.FightFunctions.getCellFromXY, -1, 0)), load(sysexec(com.leekwars.generator.FightFunctions.getCellFromXY, 1, 0)), null)))), load(sysexec(LeekFunctions.count, load(sysexec(com.leekwars.generator.FightFunctions.getPath, load(sysexec(com.leekwars.generator.FightFunctions.getCellFromXY, -1, 0)), load(sysexec(com.leekwars.generator.FightFunctions.getCellFromXY, 1, 0)), load(sysexec(com.leekwars.generator.FightFunctions.getLeek)))))) }, false), 2);&#13;&#10;                                                                                                                                                                                                                                                                                                                                                                                          ^&#13;&#10;AI_4.java:12: error: package com.leekwars.generator does not exist&#13;&#10;return ops(new ArrayLeekValue(AI_4.this, new Object[] { load(sysexec(LeekFunctions.count, load(sysexec(com.leekwars.generator.FightFunctions.getPath, load(sysexec(com.leekwars.generator.FightFunctions.getCellFromXY, -1, 0)), load(sysexec(com.leekwars.generator.FightFunctions.getCellFromXY, 1, 0)), null)))), load(sysexec(LeekFunctions.count, load(sysexec(com.leekwars.generator.FightFunctions.getPath, load(sysexec(com.leekwars.generator.FightFunctions.getCellFromXY, -1, 0)), load(sysexec(com.leekwars.generator.FightFunctions.getCellFromXY, 1, 0)), load(sysexec(com.leekwars.generator.FightFunctions.getLeek)))))) }, false), 2);&#13;&#10;                                                                                                                                                                                                                                                                                                                                                                                                                                                      ^&#13;&#10;AI_4.java:12: error: package com.leekwars.generator does not exist&#13;&#10;return ops(new ArrayLeekValue(AI_4.this, new Object[] { load(sysexec(LeekFunctions.count, load(sysexec(com.leekwars.generator.FightFunctions.getPath, load(sysexec(com.leekwars.generator.FightFunctions.getCellFromXY, -1, 0)), load(sysexec(com.leekwars.generator.FightFunctions.getCellFromXY, 1, 0)), null)))), load(sysexec(LeekFunctions.count, load(sysexec(com.leekwars.generator.FightFunctions.getPath, load(sysexec(com.leekwars.generator.FightFunctions.getCellFromXY, -1, 0)), load(sysexec(com.leekwars.generator.FightFunctions.getCellFromXY, 1, 0)), load(sysexec(com.leekwars.generator.FightFunctions.getLeek)))))) }, false), 2);&#13;&#10;                                                                                                                                                                                                                                                                                                                                                                                                                                                                                                                                 ^&#13;&#10;AI_4.java:12: error: package com.leekwars.generator does not exist&#13;&#10;return ops(new ArrayLeekValue(AI_4.this, new Object[] { load(sysexec(LeekFunctions.count, load(sysexec(com.leekwars.generator.FightFunctions.getPath, load(sysexec(com.leekwars.generator.FightFunctions.getCellFromXY, -1, 0)), load(sysexec(com.leekwars.generator.FightFunctions.getCellFromXY, 1, 0)), null)))), load(sysexec(LeekFunctions.count, load(sysexec(com.leekwars.generator.FightFunctions.getPath, load(sysexec(com.leekwars.generator.FightFunctions.getCellFromXY, -1, 0)), load(sysexec(com.leekwars.generator.FightFunctions.getCellFromXY, 1, 0)), load(sysexec(com.leekwars.generator.FightFunctions.getLeek)))))) }, false), 2);&#13;&#10;                                                                                                                                                                                                                                                                                                                                                                                                                                                                                                                                                                                                           ^&#13;&#10;AI_4.java:12: error: no suitable constructor found for ArrayLeekValue(AI_4,Object[],boolean)&#13;&#10;return ops(new ArrayLeekValue(AI_4.this, new Object[] { load(sysexec(LeekFunctions.count, load(sysexec(com.leekwars.generator.FightFunctions.getPath, load(sysexec(com.leekwars.generator.FightFunctions.getCellFromXY, -1, 0)), load(sysexec(com.leekwars.generator.FightFunctions.getCellFromXY, 1, 0)), null)))), load(sysexec(LeekFunctions.count, load(sysexec(com.leekwars.generator.FightFunctions.getPath, load(sysexec(com.leekwars.generator.FightFunctions.getCellFromXY, -1, 0)), load(sysexec(com.leekwars.generator.FightFunctions.getCellFromXY, 1, 0)), load(sysexec(com.leekwars.generator.FightFunctions.getLeek)))))) }, false), 2);&#13;&#10;           ^&#13;&#10;    constructor ArrayLeekValue.ArrayLeekValue(AI,Object[],boolean) is not applicable&#13;&#10;      (argument mismatch; AI_4 cannot be converted to AI)&#13;&#10;    constructor ArrayLeekValue.ArrayLeekValue(AI,ArrayLeekValue,int) is not applicable&#13;&#10;      (argument mismatch; AI_4 cannot be converted to AI)&#13;&#10;Note: Some messages have been simplified; recompile with -Xdiags:verbose to get full output&#13;&#10;10 errors&#13;&#10;" type="leekscript.compiler.LeekScriptException">leekscript.compiler.LeekScriptException: COMPILE_JAVA : AI_4.java:5: error: package com.leekwars.generator.fight.entity does not exist
public class AI_4 extends com.leekwars.generator.fight.entity.EntityAI {
                                                             ^
AI_4.java:11: error: cannot find symbol
public Object runIA() throws LeekRunException { resetCounter();
                                                ^
  symbol:   method resetCounter()
  location: class AI_4
AI_4.java:12: error: package com.leekwars.generator does not exist
return ops(new ArrayLeekValue(AI_4.this, new Object[] { load(sysexec(LeekFunctions.count, load(sysexec(com.leekwars.generator.FightFunctions.getPath, load(sysexec(com.leekwars.generator.FightFunctions.getCellFromXY, -1, 0)), load(sysexec(com.leekwars.generator.FightFunctions.getCellFromXY, 1, 0)), null)))), load(sysexec(LeekFunctions.count, load(sysexec(com.leekwars.generator.FightFunctions.getPath, load(sysexec(com.leekwars.generator.FightFunctions.getCellFromXY, -1, 0)), load(sysexec(com.leekwars.generator.FightFunctions.getCellFromXY, 1, 0)), load(sysexec(com.leekwars.generator.FightFunctions.getLeek)))))) }, false), 2);
                                                                                                                             ^
AI_4.java:12: error: package com.leekwars.generator does not exist
return ops(new ArrayLeekValue(AI_4.this, new Object[] { load(sysexec(LeekFunctions.count, load(sysexec(com.leekwars.generator.FightFunctions.getPath, load(sysexec(com.leekwars.generator.FightFunctions.getCellFromXY, -1, 0)), load(sysexec(com.leekwars.generator.FightFunctions.getCellFromXY, 1, 0)), null)))), load(sysexec(LeekFunctions.count, load(sysexec(com.leekwars.generator.FightFunctions.getPath, load(sysexec(com.leekwars.generator.FightFunctions.getCellFromXY, -1, 0)), load(sysexec(com.leekwars.generator.FightFunctions.getCellFromXY, 1, 0)), load(sysexec(com.leekwars.generator.FightFunctions.getLeek)))))) }, false), 2);
                                                                                                                                                                                         ^
AI_4.java:12: error: package com.leekwars.generator does not exist
return ops(new ArrayLeekValue(AI_4.this, new Object[] { load(sysexec(LeekFunctions.count, load(sysexec(com.leekwars.generator.FightFunctions.getPath, load(sysexec(com.leekwars.generator.FightFunctions.getCellFromXY, -1, 0)), load(sysexec(com.leekwars.generator.FightFunctions.getCellFromXY, 1, 0)), null)))), load(sysexec(LeekFunctions.count, load(sysexec(com.leekwars.generator.FightFunctions.getPath, load(sysexec(com.leekwars.generator.FightFunctions.getCellFromXY, -1, 0)), load(sysexec(com.leekwars.generator.FightFunctions.getCellFromXY, 1, 0)), load(sysexec(com.leekwars.generator.FightFunctions.getLeek)))))) }, false), 2);
                                                                                                                                                                                                                                                                    ^
AI_4.java:12: error: package com.leekwars.generator does not exist
return ops(new ArrayLeekValue(AI_4.this, new Object[] { load(sysexec(LeekFunctions.count, load(sysexec(com.leekwars.generator.FightFunctions.getPath, load(sysexec(com.leekwars.generator.FightFunctions.getCellFromXY, -1, 0)), load(sysexec(com.leekwars.generator.FightFunctions.getCellFromXY, 1, 0)), null)))), load(sysexec(LeekFunctions.count, load(sysexec(com.leekwars.generator.FightFunctions.getPath, load(sysexec(com.leekwars.generator.FightFunctions.getCellFromXY, -1, 0)), load(sysexec(com.leekwars.generator.FightFunctions.getCellFromXY, 1, 0)), load(sysexec(com.leekwars.generator.FightFunctions.getLeek)))))) }, false), 2);
                                                                                                                                                                                                                                                                                                                                                                                          ^
AI_4.java:12: error: package com.leekwars.generator does not exist
return ops(new ArrayLeekValue(AI_4.this, new Object[] { load(sysexec(LeekFunctions.count, load(sysexec(com.leekwars.generator.FightFunctions.getPath, load(sysexec(com.leekwars.generator.FightFunctions.getCellFromXY, -1, 0)), load(sysexec(com.leekwars.generator.FightFunctions.getCellFromXY, 1, 0)), null)))), load(sysexec(LeekFunctions.count, load(sysexec(com.leekwars.generator.FightFunctions.getPath, load(sysexec(com.leekwars.generator.FightFunctions.getCellFromXY, -1, 0)), load(sysexec(com.leekwars.generator.FightFunctions.getCellFromXY, 1, 0)), load(sysexec(com.leekwars.generator.FightFunctions.getLeek)))))) }, false), 2);
                                                                                                                                                                                                                                                                                                                                                                                                                                                      ^
AI_4.java:12: error: package com.leekwars.generator does not exist
return ops(new ArrayLeekValue(AI_4.this, new Object[] { load(sysexec(LeekFunctions.count, load(sysexec(com.leekwars.generator.FightFunctions.getPath, load(sysexec(com.leekwars.generator.FightFunctions.getCellFromXY, -1, 0)), load(sysexec(com.leekwars.generator.FightFunctions.getCellFromXY, 1, 0)), null)))), load(sysexec(LeekFunctions.count, load(sysexec(com.leekwars.generator.FightFunctions.getPath, load(sysexec(com.leekwars.generator.FightFunctions.getCellFromXY, -1, 0)), load(sysexec(com.leekwars.generator.FightFunctions.getCellFromXY, 1, 0)), load(sysexec(com.leekwars.generator.FightFunctions.getLeek)))))) }, false), 2);
                                                                                                                                                                                                                                                                                                                                                                                                                                                                                                                                 ^
AI_4.java:12: error: package com.leekwars.generator does not exist
return ops(new ArrayLeekValue(AI_4.this, new Object[] { load(sysexec(LeekFunctions.count, load(sysexec(com.leekwars.generator.FightFunctions.getPath, load(sysexec(com.leekwars.generator.FightFunctions.getCellFromXY, -1, 0)), load(sysexec(com.leekwars.generator.FightFunctions.getCellFromXY, 1, 0)), null)))), load(sysexec(LeekFunctions.count, load(sysexec(com.leekwars.generator.FightFunctions.getPath, load(sysexec(com.leekwars.generator.FightFunctions.getCellFromXY, -1, 0)), load(sysexec(com.leekwars.generator.FightFunctions.getCellFromXY, 1, 0)), load(sysexec(com.leekwars.generator.FightFunctions.getLeek)))))) }, false), 2);
                                                                                                                                                                                                                                                                                                                                                                                                                                                                                                                                                                                                           ^
AI_4.java:12: error: no suitable constructor found for ArrayLeekValue(AI_4,Object[],boolean)
return ops(new ArrayLeekValue(AI_4.this, new Object[] { load(sysexec(LeekFunctions.count, load(sysexec(com.leekwars.generator.FightFunctions.getPath, load(sysexec(com.leekwars.generator.FightFunctions.getCellFromXY, -1, 0)), load(sysexec(com.leekwars.generator.FightFunctions.getCellFromXY, 1, 0)), null)))), load(sysexec(LeekFunctions.count, load(sysexec(com.leekwars.generator.FightFunctions.getPath, load(sysexec(com.leekwars.generator.FightFunctions.getCellFromXY, -1, 0)), load(sysexec(com.leekwars.generator.FightFunctions.getCellFromXY, 1, 0)), load(sysexec(com.leekwars.generator.FightFunctions.getLeek)))))) }, false), 2);
           ^
    constructor ArrayLeekValue.ArrayLeekValue(AI,Object[],boolean) is not applicable
      (argument mismatch; AI_4 cannot be converted to AI)
    constructor ArrayLeekValue.ArrayLeekValue(AI,ArrayLeekValue,int) is not applicable
      (argument mismatch; AI_4 cannot be converted to AI)
Note: Some messages have been simplified; recompile with -Xdiags:verbose to get full output
10 errors

	at leekscript.compiler.LeekScript.compile(LeekScript.java:231)
	at leekscript.compiler.LeekScript.compileSnippet(LeekScript.java:108)
	at leekscript.compiler.LeekScript.compileSnippet(LeekScript.java:102)
	at test.GeneratorCompilation.testScriptGenerator(GeneratorCompilation.java:25)
	at test.TestFightFunctions.testAI(TestFightFunctions.java:506)
	at test.TestFightFunctions.getPathTest(TestFightFunctions.java:231)
	at java.base/jdk.internal.reflect.DirectMethodHandleAccessor.invoke(DirectMethodHandleAccessor.java:104)
	at java.base/java.lang.reflect.Method.invoke(Method.java:577)
	at org.junit.runners.model.FrameworkMethod$1.runReflectiveCall(FrameworkMethod.java:50)
	at org.junit.internal.runners.model.ReflectiveCallable.run(ReflectiveCallable.java:12)
	at org.junit.runners.model.FrameworkMethod.invokeExplosively(FrameworkMethod.java:47)
	at org.junit.internal.runners.statements.InvokeMethod.evaluate(InvokeMethod.java:17)
	at org.junit.internal.runners.statements.RunBefores.evaluate(RunBefores.java:26)
	at org.junit.runners.ParentRunner.runLeaf(ParentRunner.java:325)
	at org.junit.runners.BlockJUnit4ClassRunner.runChild(BlockJUnit4ClassRunner.java:78)
	at org.junit.runners.BlockJUnit4ClassRunner.runChild(BlockJUnit4ClassRunner.java:57)
	at org.junit.runners.ParentRunner$3.run(ParentRunner.java:290)
	at org.junit.runners.ParentRunner$1.schedule(ParentRunner.java:71)
	at org.junit.runners.ParentRunner.runChildren(ParentRunner.java:288)
	at org.junit.runners.ParentRunner.access$000(ParentRunner.java:58)
	at org.junit.runners.ParentRunner$2.evaluate(ParentRunner.java:268)
	at org.junit.runners.ParentRunner.run(ParentRunner.java:363)
	at org.gradle.api.internal.tasks.testing.junit.JUnitTestClassExecutor.runTestClass(JUnitTestClassExecutor.java:110)
	at org.gradle.api.internal.tasks.testing.junit.JUnitTestClassExecutor.execute(JUnitTestClassExecutor.java:58)
	at org.gradle.api.internal.tasks.testing.junit.JUnitTestClassExecutor.execute(JUnitTestClassExecutor.java:38)
	at org.gradle.api.internal.tasks.testing.junit.AbstractJUnitTestClassProcessor.processTestClass(AbstractJUnitTestClassProcessor.java:62)
	at org.gradle.api.internal.tasks.testing.SuiteTestClassProcessor.processTestClass(SuiteTestClassProcessor.java:51)
	at java.base/jdk.internal.reflect.DirectMethodHandleAccessor.invoke(DirectMethodHandleAccessor.java:104)
	at java.base/java.lang.reflect.Method.invoke(Method.java:577)
	at org.gradle.internal.dispatch.ReflectionDispatch.dispatch(ReflectionDispatch.java:36)
	at org.gradle.internal.dispatch.ReflectionDispatch.dispatch(ReflectionDispatch.java:24)
	at org.gradle.internal.dispatch.ContextClassLoaderDispatch.dispatch(ContextClassLoaderDispatch.java:33)
	at org.gradle.internal.dispatch.ProxyDispatchAdapter$DispatchingInvocationHandler.invoke(ProxyDispatchAdapter.java:94)
	at jdk.proxy1/jdk.proxy1.$Proxy2.processTestClass(Unknown Source)
	at org.gradle.api.internal.tasks.testing.worker.TestWorker.processTestClass(TestWorker.java:121)
	at java.base/jdk.internal.reflect.DirectMethodHandleAccessor.invoke(DirectMethodHandleAccessor.java:104)
	at java.base/java.lang.reflect.Method.invoke(Method.java:577)
	at org.gradle.internal.dispatch.ReflectionDispatch.dispatch(ReflectionDispatch.java:36)
	at org.gradle.internal.dispatch.ReflectionDispatch.dispatch(ReflectionDispatch.java:24)
	at org.gradle.internal.remote.internal.hub.MessageHubBackedObjectConnection$DispatchWrapper.dispatch(MessageHubBackedObjectConnection.java:182)
	at org.gradle.internal.remote.internal.hub.MessageHubBackedObjectConnection$DispatchWrapper.dispatch(MessageHubBackedObjectConnection.java:164)
	at org.gradle.internal.remote.internal.hub.MessageHub$Handler.run(MessageHub.java:414)
	at org.gradle.internal.concurrent.ExecutorPolicy$CatchAndRecordFailures.onExecute(ExecutorPolicy.java:64)
	at org.gradle.internal.concurrent.ManagedExecutorImpl$1.run(ManagedExecutorImpl.java:48)
	at java.base/java.util.concurrent.ThreadPoolExecutor.runWorker(ThreadPoolExecutor.java:1136)
	at java.base/java.util.concurrent.ThreadPoolExecutor$Worker.run(ThreadPoolExecutor.java:635)
	at org.gradle.internal.concurrent.ThreadFactoryImpl$ManagedThreadRunnable.run(ThreadFactoryImpl.java:56)
	at java.base/java.lang.Thread.run(Thread.java:833)
</failure>
  </testcase>
  <testcase name="cellTest" classname="test.TestFightFunctions" time="0.167">
    <failure message="leekscript.compiler.LeekScriptException: COMPILE_JAVA : AI_5.java:5: error: package com.leekwars.generator.fight.entity does not exist&#13;&#10;public class AI_5 extends com.leekwars.generator.fight.entity.EntityAI {&#13;&#10;                                                             ^&#13;&#10;AI_5.java:11: error: cannot find symbol&#13;&#10;public Object runIA() throws LeekRunException { resetCounter();&#13;&#10;                                                ^&#13;&#10;  symbol:   method resetCounter()&#13;&#10;  location: class AI_5&#13;&#10;AI_5.java:12: error: package com.leekwars.generator does not exist&#13;&#10;return new ArrayLeekValue(AI_5.this, new Object[] { load(sysexec(com.leekwars.generator.FightFunctions.getCell, new Object[] { null })), load(sysexec(com.leekwars.generator.FightFunctions.getCellX, load(sysexec(com.leekwars.generator.FightFunctions.getCell, new Object[] { null })))), load(sysexec(com.leekwars.generator.FightFunctions.getCellY, load(sysexec(com.leekwars.generator.FightFunctions.getCell, new Object[] { null })))), load(sysexec(com.leekwars.generator.FightFunctions.getCellFromXY, 0, 0)), load(sysexec(com.leekwars.generator.FightFunctions.getCellX, load(sysexec(com.leekwars.generator.FightFunctions.getCellFromXY, 14, 0)))), load(sysexec(com.leekwars.generator.FightFunctions.getCellY, load(sysexec(com.leekwars.generator.FightFunctions.getCellFromXY, 0, 14)))) }, false);&#13;&#10;                                                                                       ^&#13;&#10;AI_5.java:12: error: package com.leekwars.generator does not exist&#13;&#10;return new ArrayLeekValue(AI_5.this, new Object[] { load(sysexec(com.leekwars.generator.FightFunctions.getCell, new Object[] { null })), load(sysexec(com.leekwars.generator.FightFunctions.getCellX, load(sysexec(com.leekwars.generator.FightFunctions.getCell, new Object[] { null })))), load(sysexec(com.leekwars.generator.FightFunctions.getCellY, load(sysexec(com.leekwars.generator.FightFunctions.getCell, new Object[] { null })))), load(sysexec(com.leekwars.generator.FightFunctions.getCellFromXY, 0, 0)), load(sysexec(com.leekwars.generator.FightFunctions.getCellX, load(sysexec(com.leekwars.generator.FightFunctions.getCellFromXY, 14, 0)))), load(sysexec(com.leekwars.generator.FightFunctions.getCellY, load(sysexec(com.leekwars.generator.FightFunctions.getCellFromXY, 0, 14)))) }, false);&#13;&#10;                                                                                                                                                                            ^&#13;&#10;AI_5.java:12: error: package com.leekwars.generator does not exist&#13;&#10;return new ArrayLeekValue(AI_5.this, new Object[] { load(sysexec(com.leekwars.generator.FightFunctions.getCell, new Object[] { null })), load(sysexec(com.leekwars.generator.FightFunctions.getCellX, load(sysexec(com.leekwars.generator.FightFunctions.getCell, new Object[] { null })))), load(sysexec(com.leekwars.generator.FightFunctions.getCellY, load(sysexec(com.leekwars.generator.FightFunctions.getCell, new Object[] { null })))), load(sysexec(com.leekwars.generator.FightFunctions.getCellFromXY, 0, 0)), load(sysexec(com.leekwars.generator.FightFunctions.getCellX, load(sysexec(com.leekwars.generator.FightFunctions.getCellFromXY, 14, 0)))), load(sysexec(com.leekwars.generator.FightFunctions.getCellY, load(sysexec(com.leekwars.generator.FightFunctions.getCellFromXY, 0, 14)))) }, false);&#13;&#10;                                                                                                                                                                                                                                         ^&#13;&#10;AI_5.java:12: error: package com.leekwars.generator does not exist&#13;&#10;return new ArrayLeekValue(AI_5.this, new Object[] { load(sysexec(com.leekwars.generator.FightFunctions.getCell, new Object[] { null })), load(sysexec(com.leekwars.generator.FightFunctions.getCellX, load(sysexec(com.leekwars.generator.FightFunctions.getCell, new Object[] { null })))), load(sysexec(com.leekwars.generator.FightFunctions.getCellY, load(sysexec(com.leekwars.generator.FightFunctions.getCell, new Object[] { null })))), load(sysexec(com.leekwars.generator.FightFunctions.getCellFromXY, 0, 0)), load(sysexec(com.leekwars.generator.FightFunctions.getCellX, load(sysexec(com.leekwars.generator.FightFunctions.getCellFromXY, 14, 0)))), load(sysexec(com.leekwars.generator.FightFunctions.getCellY, load(sysexec(com.leekwars.generator.FightFunctions.getCellFromXY, 0, 14)))) }, false);&#13;&#10;                                                                                                                                                                                                                                                                                                                                ^&#13;&#10;AI_5.java:12: error: package com.leekwars.generator does not exist&#13;&#10;return new ArrayLeekValue(AI_5.this, new Object[] { load(sysexec(com.leekwars.generator.FightFunctions.getCell, new Object[] { null })), load(sysexec(com.leekwars.generator.FightFunctions.getCellX, load(sysexec(com.leekwars.generator.FightFunctions.getCell, new Object[] { null })))), load(sysexec(com.leekwars.generator.FightFunctions.getCellY, load(sysexec(com.leekwars.generator.FightFunctions.getCell, new Object[] { null })))), load(sysexec(com.leekwars.generator.FightFunctions.getCellFromXY, 0, 0)), load(sysexec(com.leekwars.generator.FightFunctions.getCellX, load(sysexec(com.leekwars.generator.FightFunctions.getCellFromXY, 14, 0)))), load(sysexec(com.leekwars.generator.FightFunctions.getCellY, load(sysexec(com.leekwars.generator.FightFunctions.getCellFromXY, 0, 14)))) }, false);&#13;&#10;                                                                                                                                                                                                                                                                                                                                                                                             ^&#13;&#10;AI_5.java:12: error: package com.leekwars.generator does not exist&#13;&#10;return new ArrayLeekValue(AI_5.this, new Object[] { load(sysexec(com.leekwars.generator.FightFunctions.getCell, new Object[] { null })), load(sysexec(com.leekwars.generator.FightFunctions.getCellX, load(sysexec(com.leekwars.generator.FightFunctions.getCell, new Object[] { null })))), load(sysexec(com.leekwars.generator.FightFunctions.getCellY, load(sysexec(com.leekwars.generator.FightFunctions.getCell, new Object[] { null })))), load(sysexec(com.leekwars.generator.FightFunctions.getCellFromXY, 0, 0)), load(sysexec(com.leekwars.generator.FightFunctions.getCellX, load(sysexec(com.leekwars.generator.FightFunctions.getCellFromXY, 14, 0)))), load(sysexec(com.leekwars.generator.FightFunctions.getCellY, load(sysexec(com.leekwars.generator.FightFunctions.getCellFromXY, 0, 14)))) }, false);&#13;&#10;                                                                                                                                                                                                                                                                                                                                                                                                                                                                                    ^&#13;&#10;AI_5.java:12: error: package com.leekwars.generator does not exist&#13;&#10;return new ArrayLeekValue(AI_5.this, new Object[] { load(sysexec(com.leekwars.generator.FightFunctions.getCell, new Object[] { null })), load(sysexec(com.leekwars.generator.FightFunctions.getCellX, load(sysexec(com.leekwars.generator.FightFunctions.getCell, new Object[] { null })))), load(sysexec(com.leekwars.generator.FightFunctions.getCellY, load(sysexec(com.leekwars.generator.FightFunctions.getCell, new Object[] { null })))), load(sysexec(com.leekwars.generator.FightFunctions.getCellFromXY, 0, 0)), load(sysexec(com.leekwars.generator.FightFunctions.getCellX, load(sysexec(com.leekwars.generator.FightFunctions.getCellFromXY, 14, 0)))), load(sysexec(com.leekwars.generator.FightFunctions.getCellY, load(sysexec(com.leekwars.generator.FightFunctions.getCellFromXY, 0, 14)))) }, false);&#13;&#10;                                                                                                                                                                                                                                                                                                                                                                                                                                                                                                                                                              ^&#13;&#10;AI_5.java:12: error: package com.leekwars.generator does not exist&#13;&#10;return new ArrayLeekValue(AI_5.this, new Object[] { load(sysexec(com.leekwars.generator.FightFunctions.getCell, new Object[] { null })), load(sysexec(com.leekwars.generator.FightFunctions.getCellX, load(sysexec(com.leekwars.generator.FightFunctions.getCell, new Object[] { null })))), load(sysexec(com.leekwars.generator.FightFunctions.getCellY, load(sysexec(com.leekwars.generator.FightFunctions.getCell, new Object[] { null })))), load(sysexec(com.leekwars.generator.FightFunctions.getCellFromXY, 0, 0)), load(sysexec(com.leekwars.generator.FightFunctions.getCellX, load(sysexec(com.leekwars.generator.FightFunctions.getCellFromXY, 14, 0)))), load(sysexec(com.leekwars.generator.FightFunctions.getCellY, load(sysexec(com.leekwars.generator.FightFunctions.getCellFromXY, 0, 14)))) }, false);&#13;&#10;                                                                                                                                                                                                                                                                                                                                                                                                                                                                                                                                                                                                                           ^&#13;&#10;AI_5.java:12: error: package com.leekwars.generator does not exist&#13;&#10;return new ArrayLeekValue(AI_5.this, new Object[] { load(sysexec(com.leekwars.generator.FightFunctions.getCell, new Object[] { null })), load(sysexec(com.leekwars.generator.FightFunctions.getCellX, load(sysexec(com.leekwars.generator.FightFunctions.getCell, new Object[] { null })))), load(sysexec(com.leekwars.generator.FightFunctions.getCellY, load(sysexec(com.leekwars.generator.FightFunctions.getCell, new Object[] { null })))), load(sysexec(com.leekwars.generator.FightFunctions.getCellFromXY, 0, 0)), load(sysexec(com.leekwars.generator.FightFunctions.getCellX, load(sysexec(com.leekwars.generator.FightFunctions.getCellFromXY, 14, 0)))), load(sysexec(com.leekwars.generator.FightFunctions.getCellY, load(sysexec(com.leekwars.generator.FightFunctions.getCellFromXY, 0, 14)))) }, false);&#13;&#10;                                                                                                                                                                                                                                                                                                                                                                                                                                                                                                                                                                                                                                                                                                        ^&#13;&#10;AI_5.java:12: error: package com.leekwars.generator does not exist&#13;&#10;return new ArrayLeekValue(AI_5.this, new Object[] { load(sysexec(com.leekwars.generator.FightFunctions.getCell, new Object[] { null })), load(sysexec(com.leekwars.generator.FightFunctions.getCellX, load(sysexec(com.leekwars.generator.FightFunctions.getCell, new Object[] { null })))), load(sysexec(com.leekwars.generator.FightFunctions.getCellY, load(sysexec(com.leekwars.generator.FightFunctions.getCell, new Object[] { null })))), load(sysexec(com.leekwars.generator.FightFunctions.getCellFromXY, 0, 0)), load(sysexec(com.leekwars.generator.FightFunctions.getCellX, load(sysexec(com.leekwars.generator.FightFunctions.getCellFromXY, 14, 0)))), load(sysexec(com.leekwars.generator.FightFunctions.getCellY, load(sysexec(com.leekwars.generator.FightFunctions.getCellFromXY, 0, 14)))) }, false);&#13;&#10;                                                                                                                                                                                                                                                                                                                                                                                                                                                                                                                                                                                                                                                                                                                                                                     ^&#13;&#10;AI_5.java:12: error: no suitable constructor found for ArrayLeekValue(AI_5,Object[],boolean)&#13;&#10;return new ArrayLeekValue(AI_5.this, new Object[] { load(sysexec(com.leekwars.generator.FightFunctions.getCell, new Object[] { null })), load(sysexec(com.leekwars.generator.FightFunctions.getCellX, load(sysexec(com.leekwars.generator.FightFunctions.getCell, new Object[] { null })))), load(sysexec(com.leekwars.generator.FightFunctions.getCellY, load(sysexec(com.leekwars.generator.FightFunctions.getCell, new Object[] { null })))), load(sysexec(com.leekwars.generator.FightFunctions.getCellFromXY, 0, 0)), load(sysexec(com.leekwars.generator.FightFunctions.getCellX, load(sysexec(com.leekwars.generator.FightFunctions.getCellFromXY, 14, 0)))), load(sysexec(com.leekwars.generator.FightFunctions.getCellY, load(sysexec(com.leekwars.generator.FightFunctions.getCellFromXY, 0, 14)))) }, false);&#13;&#10;       ^&#13;&#10;    constructor ArrayLeekValue.ArrayLeekValue(AI,Object[],boolean) is not applicable&#13;&#10;      (argument mismatch; AI_5 cannot be converted to AI)&#13;&#10;    constructor ArrayLeekValue.ArrayLeekValue(AI,ArrayLeekValue,int) is not applicable&#13;&#10;      (argument mismatch; AI_5 cannot be converted to AI)&#13;&#10;Note: Some messages have been simplified; recompile with -Xdiags:verbose to get full output&#13;&#10;13 errors&#13;&#10;" type="leekscript.compiler.LeekScriptException">leekscript.compiler.LeekScriptException: COMPILE_JAVA : AI_5.java:5: error: package com.leekwars.generator.fight.entity does not exist
public class AI_5 extends com.leekwars.generator.fight.entity.EntityAI {
                                                             ^
AI_5.java:11: error: cannot find symbol
public Object runIA() throws LeekRunException { resetCounter();
                                                ^
  symbol:   method resetCounter()
  location: class AI_5
AI_5.java:12: error: package com.leekwars.generator does not exist
return new ArrayLeekValue(AI_5.this, new Object[] { load(sysexec(com.leekwars.generator.FightFunctions.getCell, new Object[] { null })), load(sysexec(com.leekwars.generator.FightFunctions.getCellX, load(sysexec(com.leekwars.generator.FightFunctions.getCell, new Object[] { null })))), load(sysexec(com.leekwars.generator.FightFunctions.getCellY, load(sysexec(com.leekwars.generator.FightFunctions.getCell, new Object[] { null })))), load(sysexec(com.leekwars.generator.FightFunctions.getCellFromXY, 0, 0)), load(sysexec(com.leekwars.generator.FightFunctions.getCellX, load(sysexec(com.leekwars.generator.FightFunctions.getCellFromXY, 14, 0)))), load(sysexec(com.leekwars.generator.FightFunctions.getCellY, load(sysexec(com.leekwars.generator.FightFunctions.getCellFromXY, 0, 14)))) }, false);
                                                                                       ^
AI_5.java:12: error: package com.leekwars.generator does not exist
return new ArrayLeekValue(AI_5.this, new Object[] { load(sysexec(com.leekwars.generator.FightFunctions.getCell, new Object[] { null })), load(sysexec(com.leekwars.generator.FightFunctions.getCellX, load(sysexec(com.leekwars.generator.FightFunctions.getCell, new Object[] { null })))), load(sysexec(com.leekwars.generator.FightFunctions.getCellY, load(sysexec(com.leekwars.generator.FightFunctions.getCell, new Object[] { null })))), load(sysexec(com.leekwars.generator.FightFunctions.getCellFromXY, 0, 0)), load(sysexec(com.leekwars.generator.FightFunctions.getCellX, load(sysexec(com.leekwars.generator.FightFunctions.getCellFromXY, 14, 0)))), load(sysexec(com.leekwars.generator.FightFunctions.getCellY, load(sysexec(com.leekwars.generator.FightFunctions.getCellFromXY, 0, 14)))) }, false);
                                                                                                                                                                            ^
AI_5.java:12: error: package com.leekwars.generator does not exist
return new ArrayLeekValue(AI_5.this, new Object[] { load(sysexec(com.leekwars.generator.FightFunctions.getCell, new Object[] { null })), load(sysexec(com.leekwars.generator.FightFunctions.getCellX, load(sysexec(com.leekwars.generator.FightFunctions.getCell, new Object[] { null })))), load(sysexec(com.leekwars.generator.FightFunctions.getCellY, load(sysexec(com.leekwars.generator.FightFunctions.getCell, new Object[] { null })))), load(sysexec(com.leekwars.generator.FightFunctions.getCellFromXY, 0, 0)), load(sysexec(com.leekwars.generator.FightFunctions.getCellX, load(sysexec(com.leekwars.generator.FightFunctions.getCellFromXY, 14, 0)))), load(sysexec(com.leekwars.generator.FightFunctions.getCellY, load(sysexec(com.leekwars.generator.FightFunctions.getCellFromXY, 0, 14)))) }, false);
                                                                                                                                                                                                                                         ^
AI_5.java:12: error: package com.leekwars.generator does not exist
return new ArrayLeekValue(AI_5.this, new Object[] { load(sysexec(com.leekwars.generator.FightFunctions.getCell, new Object[] { null })), load(sysexec(com.leekwars.generator.FightFunctions.getCellX, load(sysexec(com.leekwars.generator.FightFunctions.getCell, new Object[] { null })))), load(sysexec(com.leekwars.generator.FightFunctions.getCellY, load(sysexec(com.leekwars.generator.FightFunctions.getCell, new Object[] { null })))), load(sysexec(com.leekwars.generator.FightFunctions.getCellFromXY, 0, 0)), load(sysexec(com.leekwars.generator.FightFunctions.getCellX, load(sysexec(com.leekwars.generator.FightFunctions.getCellFromXY, 14, 0)))), load(sysexec(com.leekwars.generator.FightFunctions.getCellY, load(sysexec(com.leekwars.generator.FightFunctions.getCellFromXY, 0, 14)))) }, false);
                                                                                                                                                                                                                                                                                                                                ^
AI_5.java:12: error: package com.leekwars.generator does not exist
return new ArrayLeekValue(AI_5.this, new Object[] { load(sysexec(com.leekwars.generator.FightFunctions.getCell, new Object[] { null })), load(sysexec(com.leekwars.generator.FightFunctions.getCellX, load(sysexec(com.leekwars.generator.FightFunctions.getCell, new Object[] { null })))), load(sysexec(com.leekwars.generator.FightFunctions.getCellY, load(sysexec(com.leekwars.generator.FightFunctions.getCell, new Object[] { null })))), load(sysexec(com.leekwars.generator.FightFunctions.getCellFromXY, 0, 0)), load(sysexec(com.leekwars.generator.FightFunctions.getCellX, load(sysexec(com.leekwars.generator.FightFunctions.getCellFromXY, 14, 0)))), load(sysexec(com.leekwars.generator.FightFunctions.getCellY, load(sysexec(com.leekwars.generator.FightFunctions.getCellFromXY, 0, 14)))) }, false);
                                                                                                                                                                                                                                                                                                                                                                                             ^
AI_5.java:12: error: package com.leekwars.generator does not exist
return new ArrayLeekValue(AI_5.this, new Object[] { load(sysexec(com.leekwars.generator.FightFunctions.getCell, new Object[] { null })), load(sysexec(com.leekwars.generator.FightFunctions.getCellX, load(sysexec(com.leekwars.generator.FightFunctions.getCell, new Object[] { null })))), load(sysexec(com.leekwars.generator.FightFunctions.getCellY, load(sysexec(com.leekwars.generator.FightFunctions.getCell, new Object[] { null })))), load(sysexec(com.leekwars.generator.FightFunctions.getCellFromXY, 0, 0)), load(sysexec(com.leekwars.generator.FightFunctions.getCellX, load(sysexec(com.leekwars.generator.FightFunctions.getCellFromXY, 14, 0)))), load(sysexec(com.leekwars.generator.FightFunctions.getCellY, load(sysexec(com.leekwars.generator.FightFunctions.getCellFromXY, 0, 14)))) }, false);
                                                                                                                                                                                                                                                                                                                                                                                                                                                                                    ^
AI_5.java:12: error: package com.leekwars.generator does not exist
return new ArrayLeekValue(AI_5.this, new Object[] { load(sysexec(com.leekwars.generator.FightFunctions.getCell, new Object[] { null })), load(sysexec(com.leekwars.generator.FightFunctions.getCellX, load(sysexec(com.leekwars.generator.FightFunctions.getCell, new Object[] { null })))), load(sysexec(com.leekwars.generator.FightFunctions.getCellY, load(sysexec(com.leekwars.generator.FightFunctions.getCell, new Object[] { null })))), load(sysexec(com.leekwars.generator.FightFunctions.getCellFromXY, 0, 0)), load(sysexec(com.leekwars.generator.FightFunctions.getCellX, load(sysexec(com.leekwars.generator.FightFunctions.getCellFromXY, 14, 0)))), load(sysexec(com.leekwars.generator.FightFunctions.getCellY, load(sysexec(com.leekwars.generator.FightFunctions.getCellFromXY, 0, 14)))) }, false);
                                                                                                                                                                                                                                                                                                                                                                                                                                                                                                                                                              ^
AI_5.java:12: error: package com.leekwars.generator does not exist
return new ArrayLeekValue(AI_5.this, new Object[] { load(sysexec(com.leekwars.generator.FightFunctions.getCell, new Object[] { null })), load(sysexec(com.leekwars.generator.FightFunctions.getCellX, load(sysexec(com.leekwars.generator.FightFunctions.getCell, new Object[] { null })))), load(sysexec(com.leekwars.generator.FightFunctions.getCellY, load(sysexec(com.leekwars.generator.FightFunctions.getCell, new Object[] { null })))), load(sysexec(com.leekwars.generator.FightFunctions.getCellFromXY, 0, 0)), load(sysexec(com.leekwars.generator.FightFunctions.getCellX, load(sysexec(com.leekwars.generator.FightFunctions.getCellFromXY, 14, 0)))), load(sysexec(com.leekwars.generator.FightFunctions.getCellY, load(sysexec(com.leekwars.generator.FightFunctions.getCellFromXY, 0, 14)))) }, false);
                                                                                                                                                                                                                                                                                                                                                                                                                                                                                                                                                                                                                           ^
AI_5.java:12: error: package com.leekwars.generator does not exist
return new ArrayLeekValue(AI_5.this, new Object[] { load(sysexec(com.leekwars.generator.FightFunctions.getCell, new Object[] { null })), load(sysexec(com.leekwars.generator.FightFunctions.getCellX, load(sysexec(com.leekwars.generator.FightFunctions.getCell, new Object[] { null })))), load(sysexec(com.leekwars.generator.FightFunctions.getCellY, load(sysexec(com.leekwars.generator.FightFunctions.getCell, new Object[] { null })))), load(sysexec(com.leekwars.generator.FightFunctions.getCellFromXY, 0, 0)), load(sysexec(com.leekwars.generator.FightFunctions.getCellX, load(sysexec(com.leekwars.generator.FightFunctions.getCellFromXY, 14, 0)))), load(sysexec(com.leekwars.generator.FightFunctions.getCellY, load(sysexec(com.leekwars.generator.FightFunctions.getCellFromXY, 0, 14)))) }, false);
                                                                                                                                                                                                                                                                                                                                                                                                                                                                                                                                                                                                                                                                                                        ^
AI_5.java:12: error: package com.leekwars.generator does not exist
return new ArrayLeekValue(AI_5.this, new Object[] { load(sysexec(com.leekwars.generator.FightFunctions.getCell, new Object[] { null })), load(sysexec(com.leekwars.generator.FightFunctions.getCellX, load(sysexec(com.leekwars.generator.FightFunctions.getCell, new Object[] { null })))), load(sysexec(com.leekwars.generator.FightFunctions.getCellY, load(sysexec(com.leekwars.generator.FightFunctions.getCell, new Object[] { null })))), load(sysexec(com.leekwars.generator.FightFunctions.getCellFromXY, 0, 0)), load(sysexec(com.leekwars.generator.FightFunctions.getCellX, load(sysexec(com.leekwars.generator.FightFunctions.getCellFromXY, 14, 0)))), load(sysexec(com.leekwars.generator.FightFunctions.getCellY, load(sysexec(com.leekwars.generator.FightFunctions.getCellFromXY, 0, 14)))) }, false);
                                                                                                                                                                                                                                                                                                                                                                                                                                                                                                                                                                                                                                                                                                                                                                     ^
AI_5.java:12: error: no suitable constructor found for ArrayLeekValue(AI_5,Object[],boolean)
return new ArrayLeekValue(AI_5.this, new Object[] { load(sysexec(com.leekwars.generator.FightFunctions.getCell, new Object[] { null })), load(sysexec(com.leekwars.generator.FightFunctions.getCellX, load(sysexec(com.leekwars.generator.FightFunctions.getCell, new Object[] { null })))), load(sysexec(com.leekwars.generator.FightFunctions.getCellY, load(sysexec(com.leekwars.generator.FightFunctions.getCell, new Object[] { null })))), load(sysexec(com.leekwars.generator.FightFunctions.getCellFromXY, 0, 0)), load(sysexec(com.leekwars.generator.FightFunctions.getCellX, load(sysexec(com.leekwars.generator.FightFunctions.getCellFromXY, 14, 0)))), load(sysexec(com.leekwars.generator.FightFunctions.getCellY, load(sysexec(com.leekwars.generator.FightFunctions.getCellFromXY, 0, 14)))) }, false);
       ^
    constructor ArrayLeekValue.ArrayLeekValue(AI,Object[],boolean) is not applicable
      (argument mismatch; AI_5 cannot be converted to AI)
    constructor ArrayLeekValue.ArrayLeekValue(AI,ArrayLeekValue,int) is not applicable
      (argument mismatch; AI_5 cannot be converted to AI)
Note: Some messages have been simplified; recompile with -Xdiags:verbose to get full output
13 errors

	at leekscript.compiler.LeekScript.compile(LeekScript.java:231)
	at leekscript.compiler.LeekScript.compileSnippet(LeekScript.java:108)
	at leekscript.compiler.LeekScript.compileSnippet(LeekScript.java:102)
	at test.GeneratorCompilation.testScriptGenerator(GeneratorCompilation.java:25)
	at test.TestFightFunctions.testAI(TestFightFunctions.java:506)
	at test.TestFightFunctions.cellTest(TestFightFunctions.java:211)
	at java.base/jdk.internal.reflect.DirectMethodHandleAccessor.invoke(DirectMethodHandleAccessor.java:104)
	at java.base/java.lang.reflect.Method.invoke(Method.java:577)
	at org.junit.runners.model.FrameworkMethod$1.runReflectiveCall(FrameworkMethod.java:50)
	at org.junit.internal.runners.model.ReflectiveCallable.run(ReflectiveCallable.java:12)
	at org.junit.runners.model.FrameworkMethod.invokeExplosively(FrameworkMethod.java:47)
	at org.junit.internal.runners.statements.InvokeMethod.evaluate(InvokeMethod.java:17)
	at org.junit.internal.runners.statements.RunBefores.evaluate(RunBefores.java:26)
	at org.junit.runners.ParentRunner.runLeaf(ParentRunner.java:325)
	at org.junit.runners.BlockJUnit4ClassRunner.runChild(BlockJUnit4ClassRunner.java:78)
	at org.junit.runners.BlockJUnit4ClassRunner.runChild(BlockJUnit4ClassRunner.java:57)
	at org.junit.runners.ParentRunner$3.run(ParentRunner.java:290)
	at org.junit.runners.ParentRunner$1.schedule(ParentRunner.java:71)
	at org.junit.runners.ParentRunner.runChildren(ParentRunner.java:288)
	at org.junit.runners.ParentRunner.access$000(ParentRunner.java:58)
	at org.junit.runners.ParentRunner$2.evaluate(ParentRunner.java:268)
	at org.junit.runners.ParentRunner.run(ParentRunner.java:363)
	at org.gradle.api.internal.tasks.testing.junit.JUnitTestClassExecutor.runTestClass(JUnitTestClassExecutor.java:110)
	at org.gradle.api.internal.tasks.testing.junit.JUnitTestClassExecutor.execute(JUnitTestClassExecutor.java:58)
	at org.gradle.api.internal.tasks.testing.junit.JUnitTestClassExecutor.execute(JUnitTestClassExecutor.java:38)
	at org.gradle.api.internal.tasks.testing.junit.AbstractJUnitTestClassProcessor.processTestClass(AbstractJUnitTestClassProcessor.java:62)
	at org.gradle.api.internal.tasks.testing.SuiteTestClassProcessor.processTestClass(SuiteTestClassProcessor.java:51)
	at java.base/jdk.internal.reflect.DirectMethodHandleAccessor.invoke(DirectMethodHandleAccessor.java:104)
	at java.base/java.lang.reflect.Method.invoke(Method.java:577)
	at org.gradle.internal.dispatch.ReflectionDispatch.dispatch(ReflectionDispatch.java:36)
	at org.gradle.internal.dispatch.ReflectionDispatch.dispatch(ReflectionDispatch.java:24)
	at org.gradle.internal.dispatch.ContextClassLoaderDispatch.dispatch(ContextClassLoaderDispatch.java:33)
	at org.gradle.internal.dispatch.ProxyDispatchAdapter$DispatchingInvocationHandler.invoke(ProxyDispatchAdapter.java:94)
	at jdk.proxy1/jdk.proxy1.$Proxy2.processTestClass(Unknown Source)
	at org.gradle.api.internal.tasks.testing.worker.TestWorker.processTestClass(TestWorker.java:121)
	at java.base/jdk.internal.reflect.DirectMethodHandleAccessor.invoke(DirectMethodHandleAccessor.java:104)
	at java.base/java.lang.reflect.Method.invoke(Method.java:577)
	at org.gradle.internal.dispatch.ReflectionDispatch.dispatch(ReflectionDispatch.java:36)
	at org.gradle.internal.dispatch.ReflectionDispatch.dispatch(ReflectionDispatch.java:24)
	at org.gradle.internal.remote.internal.hub.MessageHubBackedObjectConnection$DispatchWrapper.dispatch(MessageHubBackedObjectConnection.java:182)
	at org.gradle.internal.remote.internal.hub.MessageHubBackedObjectConnection$DispatchWrapper.dispatch(MessageHubBackedObjectConnection.java:164)
	at org.gradle.internal.remote.internal.hub.MessageHub$Handler.run(MessageHub.java:414)
	at org.gradle.internal.concurrent.ExecutorPolicy$CatchAndRecordFailures.onExecute(ExecutorPolicy.java:64)
	at org.gradle.internal.concurrent.ManagedExecutorImpl$1.run(ManagedExecutorImpl.java:48)
	at java.base/java.util.concurrent.ThreadPoolExecutor.runWorker(ThreadPoolExecutor.java:1136)
	at java.base/java.util.concurrent.ThreadPoolExecutor$Worker.run(ThreadPoolExecutor.java:635)
	at org.gradle.internal.concurrent.ThreadFactoryImpl$ManagedThreadRunnable.run(ThreadFactoryImpl.java:56)
	at java.base/java.lang.Thread.run(Thread.java:833)
</failure>
  </testcase>
  <testcase name="getObstaclesTest" classname="test.TestFightFunctions" time="0.094">
    <failure message="leekscript.compiler.LeekScriptException: COMPILE_JAVA : AI_6.java:5: error: package com.leekwars.generator.fight.entity does not exist&#13;&#10;public class AI_6 extends com.leekwars.generator.fight.entity.EntityAI {&#13;&#10;                                                             ^&#13;&#10;AI_6.java:11: error: cannot find symbol&#13;&#10;public Object runIA() throws LeekRunException { resetCounter();&#13;&#10;                                                ^&#13;&#10;  symbol:   method resetCounter()&#13;&#10;  location: class AI_6&#13;&#10;AI_6.java:12: error: package com.leekwars.generator does not exist&#13;&#10;return new ArrayLeekValue(AI_6.this, new Object[] { load(sysexec(LeekFunctions.typeOf, load(sysexec(com.leekwars.generator.FightFunctions.getObstacles)))) }, false);&#13;&#10;                                                                                                                          ^&#13;&#10;AI_6.java:12: error: no suitable constructor found for ArrayLeekValue(AI_6,Object[],boolean)&#13;&#10;return new ArrayLeekValue(AI_6.this, new Object[] { load(sysexec(LeekFunctions.typeOf, load(sysexec(com.leekwars.generator.FightFunctions.getObstacles)))) }, false);&#13;&#10;       ^&#13;&#10;    constructor ArrayLeekValue.ArrayLeekValue(AI,Object[],boolean) is not applicable&#13;&#10;      (argument mismatch; AI_6 cannot be converted to AI)&#13;&#10;    constructor ArrayLeekValue.ArrayLeekValue(AI,ArrayLeekValue,int) is not applicable&#13;&#10;      (argument mismatch; AI_6 cannot be converted to AI)&#13;&#10;Note: Some messages have been simplified; recompile with -Xdiags:verbose to get full output&#13;&#10;4 errors&#13;&#10;" type="leekscript.compiler.LeekScriptException">leekscript.compiler.LeekScriptException: COMPILE_JAVA : AI_6.java:5: error: package com.leekwars.generator.fight.entity does not exist
public class AI_6 extends com.leekwars.generator.fight.entity.EntityAI {
                                                             ^
AI_6.java:11: error: cannot find symbol
public Object runIA() throws LeekRunException { resetCounter();
                                                ^
  symbol:   method resetCounter()
  location: class AI_6
AI_6.java:12: error: package com.leekwars.generator does not exist
return new ArrayLeekValue(AI_6.this, new Object[] { load(sysexec(LeekFunctions.typeOf, load(sysexec(com.leekwars.generator.FightFunctions.getObstacles)))) }, false);
                                                                                                                          ^
AI_6.java:12: error: no suitable constructor found for ArrayLeekValue(AI_6,Object[],boolean)
return new ArrayLeekValue(AI_6.this, new Object[] { load(sysexec(LeekFunctions.typeOf, load(sysexec(com.leekwars.generator.FightFunctions.getObstacles)))) }, false);
       ^
    constructor ArrayLeekValue.ArrayLeekValue(AI,Object[],boolean) is not applicable
      (argument mismatch; AI_6 cannot be converted to AI)
    constructor ArrayLeekValue.ArrayLeekValue(AI,ArrayLeekValue,int) is not applicable
      (argument mismatch; AI_6 cannot be converted to AI)
Note: Some messages have been simplified; recompile with -Xdiags:verbose to get full output
4 errors

	at leekscript.compiler.LeekScript.compile(LeekScript.java:231)
	at leekscript.compiler.LeekScript.compileSnippet(LeekScript.java:108)
	at leekscript.compiler.LeekScript.compileSnippet(LeekScript.java:102)
	at test.GeneratorCompilation.testScriptGenerator(GeneratorCompilation.java:25)
	at test.TestFightFunctions.testAI(TestFightFunctions.java:506)
	at test.TestFightFunctions.getObstaclesTest(TestFightFunctions.java:465)
	at java.base/jdk.internal.reflect.DirectMethodHandleAccessor.invoke(DirectMethodHandleAccessor.java:104)
	at java.base/java.lang.reflect.Method.invoke(Method.java:577)
	at org.junit.runners.model.FrameworkMethod$1.runReflectiveCall(FrameworkMethod.java:50)
	at org.junit.internal.runners.model.ReflectiveCallable.run(ReflectiveCallable.java:12)
	at org.junit.runners.model.FrameworkMethod.invokeExplosively(FrameworkMethod.java:47)
	at org.junit.internal.runners.statements.InvokeMethod.evaluate(InvokeMethod.java:17)
	at org.junit.internal.runners.statements.RunBefores.evaluate(RunBefores.java:26)
	at org.junit.runners.ParentRunner.runLeaf(ParentRunner.java:325)
	at org.junit.runners.BlockJUnit4ClassRunner.runChild(BlockJUnit4ClassRunner.java:78)
	at org.junit.runners.BlockJUnit4ClassRunner.runChild(BlockJUnit4ClassRunner.java:57)
	at org.junit.runners.ParentRunner$3.run(ParentRunner.java:290)
	at org.junit.runners.ParentRunner$1.schedule(ParentRunner.java:71)
	at org.junit.runners.ParentRunner.runChildren(ParentRunner.java:288)
	at org.junit.runners.ParentRunner.access$000(ParentRunner.java:58)
	at org.junit.runners.ParentRunner$2.evaluate(ParentRunner.java:268)
	at org.junit.runners.ParentRunner.run(ParentRunner.java:363)
	at org.gradle.api.internal.tasks.testing.junit.JUnitTestClassExecutor.runTestClass(JUnitTestClassExecutor.java:110)
	at org.gradle.api.internal.tasks.testing.junit.JUnitTestClassExecutor.execute(JUnitTestClassExecutor.java:58)
	at org.gradle.api.internal.tasks.testing.junit.JUnitTestClassExecutor.execute(JUnitTestClassExecutor.java:38)
	at org.gradle.api.internal.tasks.testing.junit.AbstractJUnitTestClassProcessor.processTestClass(AbstractJUnitTestClassProcessor.java:62)
	at org.gradle.api.internal.tasks.testing.SuiteTestClassProcessor.processTestClass(SuiteTestClassProcessor.java:51)
	at java.base/jdk.internal.reflect.DirectMethodHandleAccessor.invoke(DirectMethodHandleAccessor.java:104)
	at java.base/java.lang.reflect.Method.invoke(Method.java:577)
	at org.gradle.internal.dispatch.ReflectionDispatch.dispatch(ReflectionDispatch.java:36)
	at org.gradle.internal.dispatch.ReflectionDispatch.dispatch(ReflectionDispatch.java:24)
	at org.gradle.internal.dispatch.ContextClassLoaderDispatch.dispatch(ContextClassLoaderDispatch.java:33)
	at org.gradle.internal.dispatch.ProxyDispatchAdapter$DispatchingInvocationHandler.invoke(ProxyDispatchAdapter.java:94)
	at jdk.proxy1/jdk.proxy1.$Proxy2.processTestClass(Unknown Source)
	at org.gradle.api.internal.tasks.testing.worker.TestWorker.processTestClass(TestWorker.java:121)
	at java.base/jdk.internal.reflect.DirectMethodHandleAccessor.invoke(DirectMethodHandleAccessor.java:104)
	at java.base/java.lang.reflect.Method.invoke(Method.java:577)
	at org.gradle.internal.dispatch.ReflectionDispatch.dispatch(ReflectionDispatch.java:36)
	at org.gradle.internal.dispatch.ReflectionDispatch.dispatch(ReflectionDispatch.java:24)
	at org.gradle.internal.remote.internal.hub.MessageHubBackedObjectConnection$DispatchWrapper.dispatch(MessageHubBackedObjectConnection.java:182)
	at org.gradle.internal.remote.internal.hub.MessageHubBackedObjectConnection$DispatchWrapper.dispatch(MessageHubBackedObjectConnection.java:164)
	at org.gradle.internal.remote.internal.hub.MessageHub$Handler.run(MessageHub.java:414)
	at org.gradle.internal.concurrent.ExecutorPolicy$CatchAndRecordFailures.onExecute(ExecutorPolicy.java:64)
	at org.gradle.internal.concurrent.ManagedExecutorImpl$1.run(ManagedExecutorImpl.java:48)
	at java.base/java.util.concurrent.ThreadPoolExecutor.runWorker(ThreadPoolExecutor.java:1136)
	at java.base/java.util.concurrent.ThreadPoolExecutor$Worker.run(ThreadPoolExecutor.java:635)
	at org.gradle.internal.concurrent.ThreadFactoryImpl$ManagedThreadRunnable.run(ThreadFactoryImpl.java:56)
	at java.base/java.lang.Thread.run(Thread.java:833)
</failure>
  </testcase>
  <testcase name="nullPointerTest" classname="test.TestFightFunctions" time="0.016"/>
  <testcase name="MapFunctionsTest" classname="test.TestFightFunctions" time="0.407">
    <failure message="leekscript.compiler.LeekScriptException: COMPILE_JAVA : AI_7.java:5: error: package com.leekwars.generator.fight.entity does not exist&#13;&#10;public class AI_7 extends com.leekwars.generator.fight.entity.EntityAI {&#13;&#10;                                                             ^&#13;&#10;AI_7.java:11: error: cannot find symbol&#13;&#10;public Object runIA() throws LeekRunException { resetCounter();&#13;&#10;                                                ^&#13;&#10;  symbol:   method resetCounter()&#13;&#10;  location: class AI_7&#13;&#10;AI_7.java:12: error: package com.leekwars.generator does not exist&#13;&#10;return ops(new ArrayLeekValue(AI_7.this, new Object[] { load(sysexec(com.leekwars.generator.FightFunctions.getDistance, 164, 200)), load(sysexec(com.leekwars.generator.FightFunctions.getDistance, 17, 595)), load(sysexec(com.leekwars.generator.FightFunctions.getCellDistance, 164, 200)), load(sysexec(com.leekwars.generator.FightFunctions.getCellDistance, 17, 595)), load(sysexec(com.leekwars.generator.FightFunctions.getLeekOnCell, load(sysexec(com.leekwars.generator.FightFunctions.getCell, new Object[] { null })))), load(sysexec(com.leekwars.generator.FightFunctions.getLeekOnCell, load(sysexec(com.leekwars.generator.FightFunctions.getCell, 1)))), load(sysexec(com.leekwars.generator.FightFunctions.getLeekOnCell, 1)), load(sysexec(com.leekwars.generator.FightFunctions.getLeekOnCell, -1)), load(sysexec(com.leekwars.generator.FightFunctions.getCellContent, load(sysexec(com.leekwars.generator.FightFunctions.getCell, new Object[] { null })))), load(sysexec(com.leekwars.generator.FightFunctions.getCellContent, load(sysexec(com.leekwars.generator.FightFunctions.getCell, 1)))), load(sysexec(com.leekwars.generator.FightFunctions.getCellContent, 1)), load(sysexec(com.leekwars.generator.FightFunctions.getCellContent, 17)), load(sysexec(com.leekwars.generator.FightFunctions.getCellContent, -1)), load(sysexec(com.leekwars.generator.FightFunctions.isEmptyCell, load(sysexec(com.leekwars.generator.FightFunctions.getCell, new Object[] { null })))), load(sysexec(com.leekwars.generator.FightFunctions.isEmptyCell, load(sysexec(com.leekwars.generator.FightFunctions.getCell, 1)))), load(sysexec(com.leekwars.generator.FightFunctions.isEmptyCell, 1)), load(sysexec(com.leekwars.generator.FightFunctions.isEmptyCell, 17)), load(sysexec(com.leekwars.generator.FightFunctions.isEmptyCell, -1)), load(sysexec(com.leekwars.generator.FightFunctions.isObstacle, load(sysexec(com.leekwars.generator.FightFunctions.getCell, new Object[] { null })))), load(sysexec(com.leekwars.generator.FightFunctions.isObstacle, load(sysexec(com.leekwars.generator.FightFunctions.getCell, 1)))), load(sysexec(com.leekwars.generator.FightFunctions.isObstacle, 1)), load(sysexec(com.leekwars.generator.FightFunctions.isObstacle, 17)), load(sysexec(com.leekwars.generator.FightFunctions.isObstacle, -1)), load(sysexec(com.leekwars.generator.FightFunctions.isLeek, load(sysexec(com.leekwars.generator.FightFunctions.getCell, new Object[] { null })))), load(sysexec(com.leekwars.generator.FightFunctions.isLeek, load(sysexec(com.leekwars.generator.FightFunctions.getCell, 1)))), load(sysexec(com.leekwars.generator.FightFunctions.isLeek, 1)), load(sysexec(com.leekwars.generator.FightFunctions.isLeek, 17)), load(sysexec(com.leekwars.generator.FightFunctions.isLeek, -1)), load(sysexec(com.leekwars.generator.FightFunctions.getCellX, load(sysexec(com.leekwars.generator.FightFunctions.getCell, new Object[] { null })))), load(sysexec(com.leekwars.generator.FightFunctions.getCellX, load(sysexec(com.leekwars.generator.FightFunctions.getCell, 1)))), load(sysexec(com.leekwars.generator.FightFunctions.getCellX, 1)), load(sysexec(com.leekwars.generator.FightFunctions.getCellX, 17)), load(sysexec(com.leekwars.generator.FightFunctions.getCellX, -1)), load(sysexec(com.leekwars.generator.FightFunctions.getCellY, load(sysexec(com.leekwars.generator.FightFunctions.getCell, new Object[] { null })))), load(sysexec(com.leekwars.generator.FightFunctions.getCellY, load(sysexec(com.leekwars.generator.FightFunctions.getCell, 1)))), load(sysexec(com.leekwars.generator.FightFunctions.getCellY, 1)), load(sysexec(com.leekwars.generator.FightFunctions.getCellY, 17)), load(sysexec(com.leekwars.generator.FightFunctions.getCellY, -1)), load(sysexec(com.leekwars.generator.FightFunctions.getNearestEnemy)), load(sysexec(com.leekwars.generator.FightFunctions.getFarestEnemy)), load(sysexec(com.leekwars.generator.FightFunctions.getTurn)), load(sysexec(LeekFunctions.string, load(sysexec(com.leekwars.generator.FightFunctions.getAliveEnemies)))), load(sysexec(com.leekwars.generator.FightFunctions.getAliveEnemiesCount)), load(sysexec(LeekFunctions.string, load(sysexec(com.leekwars.generator.FightFunctions.getDeadEnemies)))), load(sysexec(com.leekwars.generator.FightFunctions.getDeadEnemiesCount)), load(sysexec(LeekFunctions.string, load(sysexec(com.leekwars.generator.FightFunctions.getEnemies)))), load(sysexec(LeekFunctions.string, load(sysexec(com.leekwars.generator.FightFunctions.getAllies)))), load(sysexec(com.leekwars.generator.FightFunctions.getEnemiesCount)), load(sysexec(com.leekwars.generator.FightFunctions.getNearestAlly)), load(sysexec(com.leekwars.generator.FightFunctions.getFarestAlly)), load(sysexec(com.leekwars.generator.FightFunctions.getFarestAlly)), load(sysexec(LeekFunctions.string, load(sysexec(com.leekwars.generator.FightFunctions.getAliveAllies)))), load(sysexec(LeekFunctions.string, load(sysexec(com.leekwars.generator.FightFunctions.getDeadAllies)))), load(sysexec(com.leekwars.generator.FightFunctions.getAlliesCount)) }, false), 7);&#13;&#10;                                                                                           ^&#13;&#10;AI_7.java:12: error: package com.leekwars.generator does not exist&#13;&#10;return ops(new ArrayLeekValue(AI_7.this, new Object[] { load(sysexec(com.leekwars.generator.FightFunctions.getDistance, 164, 200)), load(sysexec(com.leekwars.generator.FightFunctions.getDistance, 17, 595)), load(sysexec(com.leekwars.generator.FightFunctions.getCellDistance, 164, 200)), load(sysexec(com.leekwars.generator.FightFunctions.getCellDistance, 17, 595)), load(sysexec(com.leekwars.generator.FightFunctions.getLeekOnCell, load(sysexec(com.leekwars.generator.FightFunctions.getCell, new Object[] { null })))), load(sysexec(com.leekwars.generator.FightFunctions.getLeekOnCell, load(sysexec(com.leekwars.generator.FightFunctions.getCell, 1)))), load(sysexec(com.leekwars.generator.FightFunctions.getLeekOnCell, 1)), load(sysexec(com.leekwars.generator.FightFunctions.getLeekOnCell, -1)), load(sysexec(com.leekwars.generator.FightFunctions.getCellContent, load(sysexec(com.leekwars.generator.FightFunctions.getCell, new Object[] { null })))), load(sysexec(com.leekwars.generator.FightFunctions.getCellContent, load(sysexec(com.leekwars.generator.FightFunctions.getCell, 1)))), load(sysexec(com.leekwars.generator.FightFunctions.getCellContent, 1)), load(sysexec(com.leekwars.generator.FightFunctions.getCellContent, 17)), load(sysexec(com.leekwars.generator.FightFunctions.getCellContent, -1)), load(sysexec(com.leekwars.generator.FightFunctions.isEmptyCell, load(sysexec(com.leekwars.generator.FightFunctions.getCell, new Object[] { null })))), load(sysexec(com.leekwars.generator.FightFunctions.isEmptyCell, load(sysexec(com.leekwars.generator.FightFunctions.getCell, 1)))), load(sysexec(com.leekwars.generator.FightFunctions.isEmptyCell, 1)), load(sysexec(com.leekwars.generator.FightFunctions.isEmptyCell, 17)), load(sysexec(com.leekwars.generator.FightFunctions.isEmptyCell, -1)), load(sysexec(com.leekwars.generator.FightFunctions.isObstacle, load(sysexec(com.leekwars.generator.FightFunctions.getCell, new Object[] { null })))), load(sysexec(com.leekwars.generator.FightFunctions.isObstacle, load(sysexec(com.leekwars.generator.FightFunctions.getCell, 1)))), load(sysexec(com.leekwars.generator.FightFunctions.isObstacle, 1)), load(sysexec(com.leekwars.generator.FightFunctions.isObstacle, 17)), load(sysexec(com.leekwars.generator.FightFunctions.isObstacle, -1)), load(sysexec(com.leekwars.generator.FightFunctions.isLeek, load(sysexec(com.leekwars.generator.FightFunctions.getCell, new Object[] { null })))), load(sysexec(com.leekwars.generator.FightFunctions.isLeek, load(sysexec(com.leekwars.generator.FightFunctions.getCell, 1)))), load(sysexec(com.leekwars.generator.FightFunctions.isLeek, 1)), load(sysexec(com.leekwars.generator.FightFunctions.isLeek, 17)), load(sysexec(com.leekwars.generator.FightFunctions.isLeek, -1)), load(sysexec(com.leekwars.generator.FightFunctions.getCellX, load(sysexec(com.leekwars.generator.FightFunctions.getCell, new Object[] { null })))), load(sysexec(com.leekwars.generator.FightFunctions.getCellX, load(sysexec(com.leekwars.generator.FightFunctions.getCell, 1)))), load(sysexec(com.leekwars.generator.FightFunctions.getCellX, 1)), load(sysexec(com.leekwars.generator.FightFunctions.getCellX, 17)), load(sysexec(com.leekwars.generator.FightFunctions.getCellX, -1)), load(sysexec(com.leekwars.generator.FightFunctions.getCellY, load(sysexec(com.leekwars.generator.FightFunctions.getCell, new Object[] { null })))), load(sysexec(com.leekwars.generator.FightFunctions.getCellY, load(sysexec(com.leekwars.generator.FightFunctions.getCell, 1)))), load(sysexec(com.leekwars.generator.FightFunctions.getCellY, 1)), load(sysexec(com.leekwars.generator.FightFunctions.getCellY, 17)), load(sysexec(com.leekwars.generator.FightFunctions.getCellY, -1)), load(sysexec(com.leekwars.generator.FightFunctions.getNearestEnemy)), load(sysexec(com.leekwars.generator.FightFunctions.getFarestEnemy)), load(sysexec(com.leekwars.generator.FightFunctions.getTurn)), load(sysexec(LeekFunctions.string, load(sysexec(com.leekwars.generator.FightFunctions.getAliveEnemies)))), load(sysexec(com.leekwars.generator.FightFunctions.getAliveEnemiesCount)), load(sysexec(LeekFunctions.string, load(sysexec(com.leekwars.generator.FightFunctions.getDeadEnemies)))), load(sysexec(com.leekwars.generator.FightFunctions.getDeadEnemiesCount)), load(sysexec(LeekFunctions.string, load(sysexec(com.leekwars.generator.FightFunctions.getEnemies)))), load(sysexec(LeekFunctions.string, load(sysexec(com.leekwars.generator.FightFunctions.getAllies)))), load(sysexec(com.leekwars.generator.FightFunctions.getEnemiesCount)), load(sysexec(com.leekwars.generator.FightFunctions.getNearestAlly)), load(sysexec(com.leekwars.generator.FightFunctions.getFarestAlly)), load(sysexec(com.leekwars.generator.FightFunctions.getFarestAlly)), load(sysexec(LeekFunctions.string, load(sysexec(com.leekwars.generator.FightFunctions.getAliveAllies)))), load(sysexec(LeekFunctions.string, load(sysexec(com.leekwars.generator.FightFunctions.getDeadAllies)))), load(sysexec(com.leekwars.generator.FightFunctions.getAlliesCount)) }, false), 7);&#13;&#10;                                                                                                                                                                       ^&#13;&#10;AI_7.java:12: error: package com.leekwars.generator does not exist&#13;&#10;return ops(new ArrayLeekValue(AI_7.this, new Object[] { load(sysexec(com.leekwars.generator.FightFunctions.getDistance, 164, 200)), load(sysexec(com.leekwars.generator.FightFunctions.getDistance, 17, 595)), load(sysexec(com.leekwars.generator.FightFunctions.getCellDistance, 164, 200)), load(sysexec(com.leekwars.generator.FightFunctions.getCellDistance, 17, 595)), load(sysexec(com.leekwars.generator.FightFunctions.getLeekOnCell, load(sysexec(com.leekwars.generator.FightFunctions.getCell, new Object[] { null })))), load(sysexec(com.leekwars.generator.FightFunctions.getLeekOnCell, load(sysexec(com.leekwars.generator.FightFunctions.getCell, 1)))), load(sysexec(com.leekwars.generator.FightFunctions.getLeekOnCell, 1)), load(sysexec(com.leekwars.generator.FightFunctions.getLeekOnCell, -1)), load(sysexec(com.leekwars.generator.FightFunctions.getCellContent, load(sysexec(com.leekwars.generator.FightFunctions.getCell, new Object[] { null })))), load(sysexec(com.leekwars.generator.FightFunctions.getCellContent, load(sysexec(com.leekwars.generator.FightFunctions.getCell, 1)))), load(sysexec(com.leekwars.generator.FightFunctions.getCellContent, 1)), load(sysexec(com.leekwars.generator.FightFunctions.getCellContent, 17)), load(sysexec(com.leekwars.generator.FightFunctions.getCellContent, -1)), load(sysexec(com.leekwars.generator.FightFunctions.isEmptyCell, load(sysexec(com.leekwars.generator.FightFunctions.getCell, new Object[] { null })))), load(sysexec(com.leekwars.generator.FightFunctions.isEmptyCell, load(sysexec(com.leekwars.generator.FightFunctions.getCell, 1)))), load(sysexec(com.leekwars.generator.FightFunctions.isEmptyCell, 1)), load(sysexec(com.leekwars.generator.FightFunctions.isEmptyCell, 17)), load(sysexec(com.leekwars.generator.FightFunctions.isEmptyCell, -1)), load(sysexec(com.leekwars.generator.FightFunctions.isObstacle, load(sysexec(com.leekwars.generator.FightFunctions.getCell, new Object[] { null })))), load(sysexec(com.leekwars.generator.FightFunctions.isObstacle, load(sysexec(com.leekwars.generator.FightFunctions.getCell, 1)))), load(sysexec(com.leekwars.generator.FightFunctions.isObstacle, 1)), load(sysexec(com.leekwars.generator.FightFunctions.isObstacle, 17)), load(sysexec(com.leekwars.generator.FightFunctions.isObstacle, -1)), load(sysexec(com.leekwars.generator.FightFunctions.isLeek, load(sysexec(com.leekwars.generator.FightFunctions.getCell, new Object[] { null })))), load(sysexec(com.leekwars.generator.FightFunctions.isLeek, load(sysexec(com.leekwars.generator.FightFunctions.getCell, 1)))), load(sysexec(com.leekwars.generator.FightFunctions.isLeek, 1)), load(sysexec(com.leekwars.generator.FightFunctions.isLeek, 17)), load(sysexec(com.leekwars.generator.FightFunctions.isLeek, -1)), load(sysexec(com.leekwars.generator.FightFunctions.getCellX, load(sysexec(com.leekwars.generator.FightFunctions.getCell, new Object[] { null })))), load(sysexec(com.leekwars.generator.FightFunctions.getCellX, load(sysexec(com.leekwars.generator.FightFunctions.getCell, 1)))), load(sysexec(com.leekwars.generator.FightFunctions.getCellX, 1)), load(sysexec(com.leekwars.generator.FightFunctions.getCellX, 17)), load(sysexec(com.leekwars.generator.FightFunctions.getCellX, -1)), load(sysexec(com.leekwars.generator.FightFunctions.getCellY, load(sysexec(com.leekwars.generator.FightFunctions.getCell, new Object[] { null })))), load(sysexec(com.leekwars.generator.FightFunctions.getCellY, load(sysexec(com.leekwars.generator.FightFunctions.getCell, 1)))), load(sysexec(com.leekwars.generator.FightFunctions.getCellY, 1)), load(sysexec(com.leekwars.generator.FightFunctions.getCellY, 17)), load(sysexec(com.leekwars.generator.FightFunctions.getCellY, -1)), load(sysexec(com.leekwars.generator.FightFunctions.getNearestEnemy)), load(sysexec(com.leekwars.generator.FightFunctions.getFarestEnemy)), load(sysexec(com.leekwars.generator.FightFunctions.getTurn)), load(sysexec(LeekFunctions.string, load(sysexec(com.leekwars.generator.FightFunctions.getAliveEnemies)))), load(sysexec(com.leekwars.generator.FightFunctions.getAliveEnemiesCount)), load(sysexec(LeekFunctions.string, load(sysexec(com.leekwars.generator.FightFunctions.getDeadEnemies)))), load(sysexec(com.leekwars.generator.FightFunctions.getDeadEnemiesCount)), load(sysexec(LeekFunctions.string, load(sysexec(com.leekwars.generator.FightFunctions.getEnemies)))), load(sysexec(LeekFunctions.string, load(sysexec(com.leekwars.generator.FightFunctions.getAllies)))), load(sysexec(com.leekwars.generator.FightFunctions.getEnemiesCount)), load(sysexec(com.leekwars.generator.FightFunctions.getNearestAlly)), load(sysexec(com.leekwars.generator.FightFunctions.getFarestAlly)), load(sysexec(com.leekwars.generator.FightFunctions.getFarestAlly)), load(sysexec(LeekFunctions.string, load(sysexec(com.leekwars.generator.FightFunctions.getAliveAllies)))), load(sysexec(LeekFunctions.string, load(sysexec(com.leekwars.generator.FightFunctions.getDeadAllies)))), load(sysexec(com.leekwars.generator.FightFunctions.getAlliesCount)) }, false), 7);&#13;&#10;                                                                                                                                                                                                                                                  ^&#13;&#10;AI_7.java:12: error: package com.leekwars.generator does not exist&#13;&#10;return ops(new ArrayLeekValue(AI_7.this, new Object[] { load(sysexec(com.leekwars.generator.FightFunctions.getDistance, 164, 200)), load(sysexec(com.leekwars.generator.FightFunctions.getDistance, 17, 595)), load(sysexec(com.leekwars.generator.FightFunctions.getCellDistance, 164, 200)), load(sysexec(com.leekwars.generator.FightFunctions.getCellDistance, 17, 595)), load(sysexec(com.leekwars.generator.FightFunctions.getLeekOnCell, load(sysexec(com.leekwars.generator.FightFunctions.getCell, new Object[] { null })))), load(sysexec(com.leekwars.generator.FightFunctions.getLeekOnCell, load(sysexec(com.leekwars.generator.FightFunctions.getCell, 1)))), load(sysexec(com.leekwars.generator.FightFunctions.getLeekOnCell, 1)), load(sysexec(com.leekwars.generator.FightFunctions.getLeekOnCell, -1)), load(sysexec(com.leekwars.generator.FightFunctions.getCellContent, load(sysexec(com.leekwars.generator.FightFunctions.getCell, new Object[] { null })))), load(sysexec(com.leekwars.generator.FightFunctions.getCellContent, load(sysexec(com.leekwars.generator.FightFunctions.getCell, 1)))), load(sysexec(com.leekwars.generator.FightFunctions.getCellContent, 1)), load(sysexec(com.leekwars.generator.FightFunctions.getCellContent, 17)), load(sysexec(com.leekwars.generator.FightFunctions.getCellContent, -1)), load(sysexec(com.leekwars.generator.FightFunctions.isEmptyCell, load(sysexec(com.leekwars.generator.FightFunctions.getCell, new Object[] { null })))), load(sysexec(com.leekwars.generator.FightFunctions.isEmptyCell, load(sysexec(com.leekwars.generator.FightFunctions.getCell, 1)))), load(sysexec(com.leekwars.generator.FightFunctions.isEmptyCell, 1)), load(sysexec(com.leekwars.generator.FightFunctions.isEmptyCell, 17)), load(sysexec(com.leekwars.generator.FightFunctions.isEmptyCell, -1)), load(sysexec(com.leekwars.generator.FightFunctions.isObstacle, load(sysexec(com.leekwars.generator.FightFunctions.getCell, new Object[] { null })))), load(sysexec(com.leekwars.generator.FightFunctions.isObstacle, load(sysexec(com.leekwars.generator.FightFunctions.getCell, 1)))), load(sysexec(com.leekwars.generator.FightFunctions.isObstacle, 1)), load(sysexec(com.leekwars.generator.FightFunctions.isObstacle, 17)), load(sysexec(com.leekwars.generator.FightFunctions.isObstacle, -1)), load(sysexec(com.leekwars.generator.FightFunctions.isLeek, load(sysexec(com.leekwars.generator.FightFunctions.getCell, new Object[] { null })))), load(sysexec(com.leekwars.generator.FightFunctions.isLeek, load(sysexec(com.leekwars.generator.FightFunctions.getCell, 1)))), load(sysexec(com.leekwars.generator.FightFunctions.isLeek, 1)), load(sysexec(com.leekwars.generator.FightFunctions.isLeek, 17)), load(sysexec(com.leekwars.generator.FightFunctions.isLeek, -1)), load(sysexec(com.leekwars.generator.FightFunctions.getCellX, load(sysexec(com.leekwars.generator.FightFunctions.getCell, new Object[] { null })))), load(sysexec(com.leekwars.generator.FightFunctions.getCellX, load(sysexec(com.leekwars.generator.FightFunctions.getCell, 1)))), load(sysexec(com.leekwars.generator.FightFunctions.getCellX, 1)), load(sysexec(com.leekwars.generator.FightFunctions.getCellX, 17)), load(sysexec(com.leekwars.generator.FightFunctions.getCellX, -1)), load(sysexec(com.leekwars.generator.FightFunctions.getCellY, load(sysexec(com.leekwars.generator.FightFunctions.getCell, new Object[] { null })))), load(sysexec(com.leekwars.generator.FightFunctions.getCellY, load(sysexec(com.leekwars.generator.FightFunctions.getCell, 1)))), load(sysexec(com.leekwars.generator.FightFunctions.getCellY, 1)), load(sysexec(com.leekwars.generator.FightFunctions.getCellY, 17)), load(sysexec(com.leekwars.generator.FightFunctions.getCellY, -1)), load(sysexec(com.leekwars.generator.FightFunctions.getNearestEnemy)), load(sysexec(com.leekwars.generator.FightFunctions.getFarestEnemy)), load(sysexec(com.leekwars.generator.FightFunctions.getTurn)), load(sysexec(LeekFunctions.string, load(sysexec(com.leekwars.generator.FightFunctions.getAliveEnemies)))), load(sysexec(com.leekwars.generator.FightFunctions.getAliveEnemiesCount)), load(sysexec(LeekFunctions.string, load(sysexec(com.leekwars.generator.FightFunctions.getDeadEnemies)))), load(sysexec(com.leekwars.generator.FightFunctions.getDeadEnemiesCount)), load(sysexec(LeekFunctions.string, load(sysexec(com.leekwars.generator.FightFunctions.getEnemies)))), load(sysexec(LeekFunctions.string, load(sysexec(com.leekwars.generator.FightFunctions.getAllies)))), load(sysexec(com.leekwars.generator.FightFunctions.getEnemiesCount)), load(sysexec(com.leekwars.generator.FightFunctions.getNearestAlly)), load(sysexec(com.leekwars.generator.FightFunctions.getFarestAlly)), load(sysexec(com.leekwars.generator.FightFunctions.getFarestAlly)), load(sysexec(LeekFunctions.string, load(sysexec(com.leekwars.generator.FightFunctions.getAliveAllies)))), load(sysexec(LeekFunctions.string, load(sysexec(com.leekwars.generator.FightFunctions.getDeadAllies)))), load(sysexec(com.leekwars.generator.FightFunctions.getAlliesCount)) }, false), 7);&#13;&#10;                                                                                                                                                                                                                                                                                                                                  ^&#13;&#10;AI_7.java:12: error: package com.leekwars.generator does not exist&#13;&#10;return ops(new ArrayLeekValue(AI_7.this, new Object[] { load(sysexec(com.leekwars.generator.FightFunctions.getDistance, 164, 200)), load(sysexec(com.leekwars.generator.FightFunctions.getDistance, 17, 595)), load(sysexec(com.leekwars.generator.FightFunctions.getCellDistance, 164, 200)), load(sysexec(com.leekwars.generator.FightFunctions.getCellDistance, 17, 595)), load(sysexec(com.leekwars.generator.FightFunctions.getLeekOnCell, load(sysexec(com.leekwars.generator.FightFunctions.getCell, new Object[] { null })))), load(sysexec(com.leekwars.generator.FightFunctions.getLeekOnCell, load(sysexec(com.leekwars.generator.FightFunctions.getCell, 1)))), load(sysexec(com.leekwars.generator.FightFunctions.getLeekOnCell, 1)), load(sysexec(com.leekwars.generator.FightFunctions.getLeekOnCell, -1)), load(sysexec(com.leekwars.generator.FightFunctions.getCellContent, load(sysexec(com.leekwars.generator.FightFunctions.getCell, new Object[] { null })))), load(sysexec(com.leekwars.generator.FightFunctions.getCellContent, load(sysexec(com.leekwars.generator.FightFunctions.getCell, 1)))), load(sysexec(com.leekwars.generator.FightFunctions.getCellContent, 1)), load(sysexec(com.leekwars.generator.FightFunctions.getCellContent, 17)), load(sysexec(com.leekwars.generator.FightFunctions.getCellContent, -1)), load(sysexec(com.leekwars.generator.FightFunctions.isEmptyCell, load(sysexec(com.leekwars.generator.FightFunctions.getCell, new Object[] { null })))), load(sysexec(com.leekwars.generator.FightFunctions.isEmptyCell, load(sysexec(com.leekwars.generator.FightFunctions.getCell, 1)))), load(sysexec(com.leekwars.generator.FightFunctions.isEmptyCell, 1)), load(sysexec(com.leekwars.generator.FightFunctions.isEmptyCell, 17)), load(sysexec(com.leekwars.generator.FightFunctions.isEmptyCell, -1)), load(sysexec(com.leekwars.generator.FightFunctions.isObstacle, load(sysexec(com.leekwars.generator.FightFunctions.getCell, new Object[] { null })))), load(sysexec(com.leekwars.generator.FightFunctions.isObstacle, load(sysexec(com.leekwars.generator.FightFunctions.getCell, 1)))), load(sysexec(com.leekwars.generator.FightFunctions.isObstacle, 1)), load(sysexec(com.leekwars.generator.FightFunctions.isObstacle, 17)), load(sysexec(com.leekwars.generator.FightFunctions.isObstacle, -1)), load(sysexec(com.leekwars.generator.FightFunctions.isLeek, load(sysexec(com.leekwars.generator.FightFunctions.getCell, new Object[] { null })))), load(sysexec(com.leekwars.generator.FightFunctions.isLeek, load(sysexec(com.leekwars.generator.FightFunctions.getCell, 1)))), load(sysexec(com.leekwars.generator.FightFunctions.isLeek, 1)), load(sysexec(com.leekwars.generator.FightFunctions.isLeek, 17)), load(sysexec(com.leekwars.generator.FightFunctions.isLeek, -1)), load(sysexec(com.leekwars.generator.FightFunctions.getCellX, load(sysexec(com.leekwars.generator.FightFunctions.getCell, new Object[] { null })))), load(sysexec(com.leekwars.generator.FightFunctions.getCellX, load(sysexec(com.leekwars.generator.FightFunctions.getCell, 1)))), load(sysexec(com.leekwars.generator.FightFunctions.getCellX, 1)), load(sysexec(com.leekwars.generator.FightFunctions.getCellX, 17)), load(sysexec(com.leekwars.generator.FightFunctions.getCellX, -1)), load(sysexec(com.leekwars.generator.FightFunctions.getCellY, load(sysexec(com.leekwars.generator.FightFunctions.getCell, new Object[] { null })))), load(sysexec(com.leekwars.generator.FightFunctions.getCellY, load(sysexec(com.leekwars.generator.FightFunctions.getCell, 1)))), load(sysexec(com.leekwars.generator.FightFunctions.getCellY, 1)), load(sysexec(com.leekwars.generator.FightFunctions.getCellY, 17)), load(sysexec(com.leekwars.generator.FightFunctions.getCellY, -1)), load(sysexec(com.leekwars.generator.FightFunctions.getNearestEnemy)), load(sysexec(com.leekwars.generator.FightFunctions.getFarestEnemy)), load(sysexec(com.leekwars.generator.FightFunctions.getTurn)), load(sysexec(LeekFunctions.string, load(sysexec(com.leekwars.generator.FightFunctions.getAliveEnemies)))), load(sysexec(com.leekwars.generator.FightFunctions.getAliveEnemiesCount)), load(sysexec(LeekFunctions.string, load(sysexec(com.leekwars.generator.FightFunctions.getDeadEnemies)))), load(sysexec(com.leekwars.generator.FightFunctions.getDeadEnemiesCount)), load(sysexec(LeekFunctions.string, load(sysexec(com.leekwars.generator.FightFunctions.getEnemies)))), load(sysexec(LeekFunctions.string, load(sysexec(com.leekwars.generator.FightFunctions.getAllies)))), load(sysexec(com.leekwars.generator.FightFunctions.getEnemiesCount)), load(sysexec(com.leekwars.generator.FightFunctions.getNearestAlly)), load(sysexec(com.leekwars.generator.FightFunctions.getFarestAlly)), load(sysexec(com.leekwars.generator.FightFunctions.getFarestAlly)), load(sysexec(LeekFunctions.string, load(sysexec(com.leekwars.generator.FightFunctions.getAliveAllies)))), load(sysexec(LeekFunctions.string, load(sysexec(com.leekwars.generator.FightFunctions.getDeadAllies)))), load(sysexec(com.leekwars.generator.FightFunctions.getAlliesCount)) }, false), 7);&#13;&#10;                                                                                                                                                                                                                                                                                                                                                                                                                 ^&#13;&#10;AI_7.java:12: error: package com.leekwars.generator does not exist&#13;&#10;return ops(new ArrayLeekValue(AI_7.this, new Object[] { load(sysexec(com.leekwars.generator.FightFunctions.getDistance, 164, 200)), load(sysexec(com.leekwars.generator.FightFunctions.getDistance, 17, 595)), load(sysexec(com.leekwars.generator.FightFunctions.getCellDistance, 164, 200)), load(sysexec(com.leekwars.generator.FightFunctions.getCellDistance, 17, 595)), load(sysexec(com.leekwars.generator.FightFunctions.getLeekOnCell, load(sysexec(com.leekwars.generator.FightFunctions.getCell, new Object[] { null })))), load(sysexec(com.leekwars.generator.FightFunctions.getLeekOnCell, load(sysexec(com.leekwars.generator.FightFunctions.getCell, 1)))), load(sysexec(com.leekwars.generator.FightFunctions.getLeekOnCell, 1)), load(sysexec(com.leekwars.generator.FightFunctions.getLeekOnCell, -1)), load(sysexec(com.leekwars.generator.FightFunctions.getCellContent, load(sysexec(com.leekwars.generator.FightFunctions.getCell, new Object[] { null })))), load(sysexec(com.leekwars.generator.FightFunctions.getCellContent, load(sysexec(com.leekwars.generator.FightFunctions.getCell, 1)))), load(sysexec(com.leekwars.generator.FightFunctions.getCellContent, 1)), load(sysexec(com.leekwars.generator.FightFunctions.getCellContent, 17)), load(sysexec(com.leekwars.generator.FightFunctions.getCellContent, -1)), load(sysexec(com.leekwars.generator.FightFunctions.isEmptyCell, load(sysexec(com.leekwars.generator.FightFunctions.getCell, new Object[] { null })))), load(sysexec(com.leekwars.generator.FightFunctions.isEmptyCell, load(sysexec(com.leekwars.generator.FightFunctions.getCell, 1)))), load(sysexec(com.leekwars.generator.FightFunctions.isEmptyCell, 1)), load(sysexec(com.leekwars.generator.FightFunctions.isEmptyCell, 17)), load(sysexec(com.leekwars.generator.FightFunctions.isEmptyCell, -1)), load(sysexec(com.leekwars.generator.FightFunctions.isObstacle, load(sysexec(com.leekwars.generator.FightFunctions.getCell, new Object[] { null })))), load(sysexec(com.leekwars.generator.FightFunctions.isObstacle, load(sysexec(com.leekwars.generator.FightFunctions.getCell, 1)))), load(sysexec(com.leekwars.generator.FightFunctions.isObstacle, 1)), load(sysexec(com.leekwars.generator.FightFunctions.isObstacle, 17)), load(sysexec(com.leekwars.generator.FightFunctions.isObstacle, -1)), load(sysexec(com.leekwars.generator.FightFunctions.isLeek, load(sysexec(com.leekwars.generator.FightFunctions.getCell, new Object[] { null })))), load(sysexec(com.leekwars.generator.FightFunctions.isLeek, load(sysexec(com.leekwars.generator.FightFunctions.getCell, 1)))), load(sysexec(com.leekwars.generator.FightFunctions.isLeek, 1)), load(sysexec(com.leekwars.generator.FightFunctions.isLeek, 17)), load(sysexec(com.leekwars.generator.FightFunctions.isLeek, -1)), load(sysexec(com.leekwars.generator.FightFunctions.getCellX, load(sysexec(com.leekwars.generator.FightFunctions.getCell, new Object[] { null })))), load(sysexec(com.leekwars.generator.FightFunctions.getCellX, load(sysexec(com.leekwars.generator.FightFunctions.getCell, 1)))), load(sysexec(com.leekwars.generator.FightFunctions.getCellX, 1)), load(sysexec(com.leekwars.generator.FightFunctions.getCellX, 17)), load(sysexec(com.leekwars.generator.FightFunctions.getCellX, -1)), load(sysexec(com.leekwars.generator.FightFunctions.getCellY, load(sysexec(com.leekwars.generator.FightFunctions.getCell, new Object[] { null })))), load(sysexec(com.leekwars.generator.FightFunctions.getCellY, load(sysexec(com.leekwars.generator.FightFunctions.getCell, 1)))), load(sysexec(com.leekwars.generator.FightFunctions.getCellY, 1)), load(sysexec(com.leekwars.generator.FightFunctions.getCellY, 17)), load(sysexec(com.leekwars.generator.FightFunctions.getCellY, -1)), load(sysexec(com.leekwars.generator.FightFunctions.getNearestEnemy)), load(sysexec(com.leekwars.generator.FightFunctions.getFarestEnemy)), load(sysexec(com.leekwars.generator.FightFunctions.getTurn)), load(sysexec(LeekFunctions.string, load(sysexec(com.leekwars.generator.FightFunctions.getAliveEnemies)))), load(sysexec(com.leekwars.generator.FightFunctions.getAliveEnemiesCount)), load(sysexec(LeekFunctions.string, load(sysexec(com.leekwars.generator.FightFunctions.getDeadEnemies)))), load(sysexec(com.leekwars.generator.FightFunctions.getDeadEnemiesCount)), load(sysexec(LeekFunctions.string, load(sysexec(com.leekwars.generator.FightFunctions.getEnemies)))), load(sysexec(LeekFunctions.string, load(sysexec(com.leekwars.generator.FightFunctions.getAllies)))), load(sysexec(com.leekwars.generator.FightFunctions.getEnemiesCount)), load(sysexec(com.leekwars.generator.FightFunctions.getNearestAlly)), load(sysexec(com.leekwars.generator.FightFunctions.getFarestAlly)), load(sysexec(com.leekwars.generator.FightFunctions.getFarestAlly)), load(sysexec(LeekFunctions.string, load(sysexec(com.leekwars.generator.FightFunctions.getAliveAllies)))), load(sysexec(LeekFunctions.string, load(sysexec(com.leekwars.generator.FightFunctions.getDeadAllies)))), load(sysexec(com.leekwars.generator.FightFunctions.getAlliesCount)) }, false), 7);&#13;&#10;                                                                                                                                                                                                                                                                                                                                                                                                                                                                                   ^&#13;&#10;AI_7.java:12: error: package com.leekwars.generator does not exist&#13;&#10;return ops(new ArrayLeekValue(AI_7.this, new Object[] { load(sysexec(com.leekwars.generator.FightFunctions.getDistance, 164, 200)), load(sysexec(com.leekwars.generator.FightFunctions.getDistance, 17, 595)), load(sysexec(com.leekwars.generator.FightFunctions.getCellDistance, 164, 200)), load(sysexec(com.leekwars.generator.FightFunctions.getCellDistance, 17, 595)), load(sysexec(com.leekwars.generator.FightFunctions.getLeekOnCell, load(sysexec(com.leekwars.generator.FightFunctions.getCell, new Object[] { null })))), load(sysexec(com.leekwars.generator.FightFunctions.getLeekOnCell, load(sysexec(com.leekwars.generator.FightFunctions.getCell, 1)))), load(sysexec(com.leekwars.generator.FightFunctions.getLeekOnCell, 1)), load(sysexec(com.leekwars.generator.FightFunctions.getLeekOnCell, -1)), load(sysexec(com.leekwars.generator.FightFunctions.getCellContent, load(sysexec(com.leekwars.generator.FightFunctions.getCell, new Object[] { null })))), load(sysexec(com.leekwars.generator.FightFunctions.getCellContent, load(sysexec(com.leekwars.generator.FightFunctions.getCell, 1)))), load(sysexec(com.leekwars.generator.FightFunctions.getCellContent, 1)), load(sysexec(com.leekwars.generator.FightFunctions.getCellContent, 17)), load(sysexec(com.leekwars.generator.FightFunctions.getCellContent, -1)), load(sysexec(com.leekwars.generator.FightFunctions.isEmptyCell, load(sysexec(com.leekwars.generator.FightFunctions.getCell, new Object[] { null })))), load(sysexec(com.leekwars.generator.FightFunctions.isEmptyCell, load(sysexec(com.leekwars.generator.FightFunctions.getCell, 1)))), load(sysexec(com.leekwars.generator.FightFunctions.isEmptyCell, 1)), load(sysexec(com.leekwars.generator.FightFunctions.isEmptyCell, 17)), load(sysexec(com.leekwars.generator.FightFunctions.isEmptyCell, -1)), load(sysexec(com.leekwars.generator.FightFunctions.isObstacle, load(sysexec(com.leekwars.generator.FightFunctions.getCell, new Object[] { null })))), load(sysexec(com.leekwars.generator.FightFunctions.isObstacle, load(sysexec(com.leekwars.generator.FightFunctions.getCell, 1)))), load(sysexec(com.leekwars.generator.FightFunctions.isObstacle, 1)), load(sysexec(com.leekwars.generator.FightFunctions.isObstacle, 17)), load(sysexec(com.leekwars.generator.FightFunctions.isObstacle, -1)), load(sysexec(com.leekwars.generator.FightFunctions.isLeek, load(sysexec(com.leekwars.generator.FightFunctions.getCell, new Object[] { null })))), load(sysexec(com.leekwars.generator.FightFunctions.isLeek, load(sysexec(com.leekwars.generator.FightFunctions.getCell, 1)))), load(sysexec(com.leekwars.generator.FightFunctions.isLeek, 1)), load(sysexec(com.leekwars.generator.FightFunctions.isLeek, 17)), load(sysexec(com.leekwars.generator.FightFunctions.isLeek, -1)), load(sysexec(com.leekwars.generator.FightFunctions.getCellX, load(sysexec(com.leekwars.generator.FightFunctions.getCell, new Object[] { null })))), load(sysexec(com.leekwars.generator.FightFunctions.getCellX, load(sysexec(com.leekwars.generator.FightFunctions.getCell, 1)))), load(sysexec(com.leekwars.generator.FightFunctions.getCellX, 1)), load(sysexec(com.leekwars.generator.FightFunctions.getCellX, 17)), load(sysexec(com.leekwars.generator.FightFunctions.getCellX, -1)), load(sysexec(com.leekwars.generator.FightFunctions.getCellY, load(sysexec(com.leekwars.generator.FightFunctions.getCell, new Object[] { null })))), load(sysexec(com.leekwars.generator.FightFunctions.getCellY, load(sysexec(com.leekwars.generator.FightFunctions.getCell, 1)))), load(sysexec(com.leekwars.generator.FightFunctions.getCellY, 1)), load(sysexec(com.leekwars.generator.FightFunctions.getCellY, 17)), load(sysexec(com.leekwars.generator.FightFunctions.getCellY, -1)), load(sysexec(com.leekwars.generator.FightFunctions.getNearestEnemy)), load(sysexec(com.leekwars.generator.FightFunctions.getFarestEnemy)), load(sysexec(com.leekwars.generator.FightFunctions.getTurn)), load(sysexec(LeekFunctions.string, load(sysexec(com.leekwars.generator.FightFunctions.getAliveEnemies)))), load(sysexec(com.leekwars.generator.FightFunctions.getAliveEnemiesCount)), load(sysexec(LeekFunctions.string, load(sysexec(com.leekwars.generator.FightFunctions.getDeadEnemies)))), load(sysexec(com.leekwars.generator.FightFunctions.getDeadEnemiesCount)), load(sysexec(LeekFunctions.string, load(sysexec(com.leekwars.generator.FightFunctions.getEnemies)))), load(sysexec(LeekFunctions.string, load(sysexec(com.leekwars.generator.FightFunctions.getAllies)))), load(sysexec(com.leekwars.generator.FightFunctions.getEnemiesCount)), load(sysexec(com.leekwars.generator.FightFunctions.getNearestAlly)), load(sysexec(com.leekwars.generator.FightFunctions.getFarestAlly)), load(sysexec(com.leekwars.generator.FightFunctions.getFarestAlly)), load(sysexec(LeekFunctions.string, load(sysexec(com.leekwars.generator.FightFunctions.getAliveAllies)))), load(sysexec(LeekFunctions.string, load(sysexec(com.leekwars.generator.FightFunctions.getDeadAllies)))), load(sysexec(com.leekwars.generator.FightFunctions.getAlliesCount)) }, false), 7);&#13;&#10;                                                                                                                                                                                                                                                                                                                                                                                                                                                                                                                                                                          ^&#13;&#10;AI_7.java:12: error: package com.leekwars.generator does not exist&#13;&#10;return ops(new ArrayLeekValue(AI_7.this, new Object[] { load(sysexec(com.leekwars.generator.FightFunctions.getDistance, 164, 200)), load(sysexec(com.leekwars.generator.FightFunctions.getDistance, 17, 595)), load(sysexec(com.leekwars.generator.FightFunctions.getCellDistance, 164, 200)), load(sysexec(com.leekwars.generator.FightFunctions.getCellDistance, 17, 595)), load(sysexec(com.leekwars.generator.FightFunctions.getLeekOnCell, load(sysexec(com.leekwars.generator.FightFunctions.getCell, new Object[] { null })))), load(sysexec(com.leekwars.generator.FightFunctions.getLeekOnCell, load(sysexec(com.leekwars.generator.FightFunctions.getCell, 1)))), load(sysexec(com.leekwars.generator.FightFunctions.getLeekOnCell, 1)), load(sysexec(com.leekwars.generator.FightFunctions.getLeekOnCell, -1)), load(sysexec(com.leekwars.generator.FightFunctions.getCellContent, load(sysexec(com.leekwars.generator.FightFunctions.getCell, new Object[] { null })))), load(sysexec(com.leekwars.generator.FightFunctions.getCellContent, load(sysexec(com.leekwars.generator.FightFunctions.getCell, 1)))), load(sysexec(com.leekwars.generator.FightFunctions.getCellContent, 1)), load(sysexec(com.leekwars.generator.FightFunctions.getCellContent, 17)), load(sysexec(com.leekwars.generator.FightFunctions.getCellContent, -1)), load(sysexec(com.leekwars.generator.FightFunctions.isEmptyCell, load(sysexec(com.leekwars.generator.FightFunctions.getCell, new Object[] { null })))), load(sysexec(com.leekwars.generator.FightFunctions.isEmptyCell, load(sysexec(com.leekwars.generator.FightFunctions.getCell, 1)))), load(sysexec(com.leekwars.generator.FightFunctions.isEmptyCell, 1)), load(sysexec(com.leekwars.generator.FightFunctions.isEmptyCell, 17)), load(sysexec(com.leekwars.generator.FightFunctions.isEmptyCell, -1)), load(sysexec(com.leekwars.generator.FightFunctions.isObstacle, load(sysexec(com.leekwars.generator.FightFunctions.getCell, new Object[] { null })))), load(sysexec(com.leekwars.generator.FightFunctions.isObstacle, load(sysexec(com.leekwars.generator.FightFunctions.getCell, 1)))), load(sysexec(com.leekwars.generator.FightFunctions.isObstacle, 1)), load(sysexec(com.leekwars.generator.FightFunctions.isObstacle, 17)), load(sysexec(com.leekwars.generator.FightFunctions.isObstacle, -1)), load(sysexec(com.leekwars.generator.FightFunctions.isLeek, load(sysexec(com.leekwars.generator.FightFunctions.getCell, new Object[] { null })))), load(sysexec(com.leekwars.generator.FightFunctions.isLeek, load(sysexec(com.leekwars.generator.FightFunctions.getCell, 1)))), load(sysexec(com.leekwars.generator.FightFunctions.isLeek, 1)), load(sysexec(com.leekwars.generator.FightFunctions.isLeek, 17)), load(sysexec(com.leekwars.generator.FightFunctions.isLeek, -1)), load(sysexec(com.leekwars.generator.FightFunctions.getCellX, load(sysexec(com.leekwars.generator.FightFunctions.getCell, new Object[] { null })))), load(sysexec(com.leekwars.generator.FightFunctions.getCellX, load(sysexec(com.leekwars.generator.FightFunctions.getCell, 1)))), load(sysexec(com.leekwars.generator.FightFunctions.getCellX, 1)), load(sysexec(com.leekwars.generator.FightFunctions.getCellX, 17)), load(sysexec(com.leekwars.generator.FightFunctions.getCellX, -1)), load(sysexec(com.leekwars.generator.FightFunctions.getCellY, load(sysexec(com.leekwars.generator.FightFunctions.getCell, new Object[] { null })))), load(sysexec(com.leekwars.generator.FightFunctions.getCellY, load(sysexec(com.leekwars.generator.FightFunctions.getCell, 1)))), load(sysexec(com.leekwars.generator.FightFunctions.getCellY, 1)), load(sysexec(com.leekwars.generator.FightFunctions.getCellY, 17)), load(sysexec(com.leekwars.generator.FightFunctions.getCellY, -1)), load(sysexec(com.leekwars.generator.FightFunctions.getNearestEnemy)), load(sysexec(com.leekwars.generator.FightFunctions.getFarestEnemy)), load(sysexec(com.leekwars.generator.FightFunctions.getTurn)), load(sysexec(LeekFunctions.string, load(sysexec(com.leekwars.generator.FightFunctions.getAliveEnemies)))), load(sysexec(com.leekwars.generator.FightFunctions.getAliveEnemiesCount)), load(sysexec(LeekFunctions.string, load(sysexec(com.leekwars.generator.FightFunctions.getDeadEnemies)))), load(sysexec(com.leekwars.generator.FightFunctions.getDeadEnemiesCount)), load(sysexec(LeekFunctions.string, load(sysexec(com.leekwars.generator.FightFunctions.getEnemies)))), load(sysexec(LeekFunctions.string, load(sysexec(com.leekwars.generator.FightFunctions.getAllies)))), load(sysexec(com.leekwars.generator.FightFunctions.getEnemiesCount)), load(sysexec(com.leekwars.generator.FightFunctions.getNearestAlly)), load(sysexec(com.leekwars.generator.FightFunctions.getFarestAlly)), load(sysexec(com.leekwars.generator.FightFunctions.getFarestAlly)), load(sysexec(LeekFunctions.string, load(sysexec(com.leekwars.generator.FightFunctions.getAliveAllies)))), load(sysexec(LeekFunctions.string, load(sysexec(com.leekwars.generator.FightFunctions.getDeadAllies)))), load(sysexec(com.leekwars.generator.FightFunctions.getAlliesCount)) }, false), 7);&#13;&#10;                                                                                                                                                                                                                                                                                                                                                                                                                                                                                                                                                                                                                                            ^&#13;&#10;AI_7.java:12: error: package com.leekwars.generator does not exist&#13;&#10;return ops(new ArrayLeekValue(AI_7.this, new Object[] { load(sysexec(com.leekwars.generator.FightFunctions.getDistance, 164, 200)), load(sysexec(com.leekwars.generator.FightFunctions.getDistance, 17, 595)), load(sysexec(com.leekwars.generator.FightFunctions.getCellDistance, 164, 200)), load(sysexec(com.leekwars.generator.FightFunctions.getCellDistance, 17, 595)), load(sysexec(com.leekwars.generator.FightFunctions.getLeekOnCell, load(sysexec(com.leekwars.generator.FightFunctions.getCell, new Object[] { null })))), load(sysexec(com.leekwars.generator.FightFunctions.getLeekOnCell, load(sysexec(com.leekwars.generator.FightFunctions.getCell, 1)))), load(sysexec(com.leekwars.generator.FightFunctions.getLeekOnCell, 1)), load(sysexec(com.leekwars.generator.FightFunctions.getLeekOnCell, -1)), load(sysexec(com.leekwars.generator.FightFunctions.getCellContent, load(sysexec(com.leekwars.generator.FightFunctions.getCell, new Object[] { null })))), load(sysexec(com.leekwars.generator.FightFunctions.getCellContent, load(sysexec(com.leekwars.generator.FightFunctions.getCell, 1)))), load(sysexec(com.leekwars.generator.FightFunctions.getCellContent, 1)), load(sysexec(com.leekwars.generator.FightFunctions.getCellContent, 17)), load(sysexec(com.leekwars.generator.FightFunctions.getCellContent, -1)), load(sysexec(com.leekwars.generator.FightFunctions.isEmptyCell, load(sysexec(com.leekwars.generator.FightFunctions.getCell, new Object[] { null })))), load(sysexec(com.leekwars.generator.FightFunctions.isEmptyCell, load(sysexec(com.leekwars.generator.FightFunctions.getCell, 1)))), load(sysexec(com.leekwars.generator.FightFunctions.isEmptyCell, 1)), load(sysexec(com.leekwars.generator.FightFunctions.isEmptyCell, 17)), load(sysexec(com.leekwars.generator.FightFunctions.isEmptyCell, -1)), load(sysexec(com.leekwars.generator.FightFunctions.isObstacle, load(sysexec(com.leekwars.generator.FightFunctions.getCell, new Object[] { null })))), load(sysexec(com.leekwars.generator.FightFunctions.isObstacle, load(sysexec(com.leekwars.generator.FightFunctions.getCell, 1)))), load(sysexec(com.leekwars.generator.FightFunctions.isObstacle, 1)), load(sysexec(com.leekwars.generator.FightFunctions.isObstacle, 17)), load(sysexec(com.leekwars.generator.FightFunctions.isObstacle, -1)), load(sysexec(com.leekwars.generator.FightFunctions.isLeek, load(sysexec(com.leekwars.generator.FightFunctions.getCell, new Object[] { null })))), load(sysexec(com.leekwars.generator.FightFunctions.isLeek, load(sysexec(com.leekwars.generator.FightFunctions.getCell, 1)))), load(sysexec(com.leekwars.generator.FightFunctions.isLeek, 1)), load(sysexec(com.leekwars.generator.FightFunctions.isLeek, 17)), load(sysexec(com.leekwars.generator.FightFunctions.isLeek, -1)), load(sysexec(com.leekwars.generator.FightFunctions.getCellX, load(sysexec(com.leekwars.generator.FightFunctions.getCell, new Object[] { null })))), load(sysexec(com.leekwars.generator.FightFunctions.getCellX, load(sysexec(com.leekwars.generator.FightFunctions.getCell, 1)))), load(sysexec(com.leekwars.generator.FightFunctions.getCellX, 1)), load(sysexec(com.leekwars.generator.FightFunctions.getCellX, 17)), load(sysexec(com.leekwars.generator.FightFunctions.getCellX, -1)), load(sysexec(com.leekwars.generator.FightFunctions.getCellY, load(sysexec(com.leekwars.generator.FightFunctions.getCell, new Object[] { null })))), load(sysexec(com.leekwars.generator.FightFunctions.getCellY, load(sysexec(com.leekwars.generator.FightFunctions.getCell, 1)))), load(sysexec(com.leekwars.generator.FightFunctions.getCellY, 1)), load(sysexec(com.leekwars.generator.FightFunctions.getCellY, 17)), load(sysexec(com.leekwars.generator.FightFunctions.getCellY, -1)), load(sysexec(com.leekwars.generator.FightFunctions.getNearestEnemy)), load(sysexec(com.leekwars.generator.FightFunctions.getFarestEnemy)), load(sysexec(com.leekwars.generator.FightFunctions.getTurn)), load(sysexec(LeekFunctions.string, load(sysexec(com.leekwars.generator.FightFunctions.getAliveEnemies)))), load(sysexec(com.leekwars.generator.FightFunctions.getAliveEnemiesCount)), load(sysexec(LeekFunctions.string, load(sysexec(com.leekwars.generator.FightFunctions.getDeadEnemies)))), load(sysexec(com.leekwars.generator.FightFunctions.getDeadEnemiesCount)), load(sysexec(LeekFunctions.string, load(sysexec(com.leekwars.generator.FightFunctions.getEnemies)))), load(sysexec(LeekFunctions.string, load(sysexec(com.leekwars.generator.FightFunctions.getAllies)))), load(sysexec(com.leekwars.generator.FightFunctions.getEnemiesCount)), load(sysexec(com.leekwars.generator.FightFunctions.getNearestAlly)), load(sysexec(com.leekwars.generator.FightFunctions.getFarestAlly)), load(sysexec(com.leekwars.generator.FightFunctions.getFarestAlly)), load(sysexec(LeekFunctions.string, load(sysexec(com.leekwars.generator.FightFunctions.getAliveAllies)))), load(sysexec(LeekFunctions.string, load(sysexec(com.leekwars.generator.FightFunctions.getDeadAllies)))), load(sysexec(com.leekwars.generator.FightFunctions.getAlliesCount)) }, false), 7);&#13;&#10;                                                                                                                                                                                                                                                                                                                                                                                                                                                                                                                                                                                                                                                                                                               ^&#13;&#10;AI_7.java:12: error: package com.leekwars.generator does not exist&#13;&#10;return ops(new ArrayLeekValue(AI_7.this, new Object[] { load(sysexec(com.leekwars.generator.FightFunctions.getDistance, 164, 200)), load(sysexec(com.leekwars.generator.FightFunctions.getDistance, 17, 595)), load(sysexec(com.leekwars.generator.FightFunctions.getCellDistance, 164, 200)), load(sysexec(com.leekwars.generator.FightFunctions.getCellDistance, 17, 595)), load(sysexec(com.leekwars.generator.FightFunctions.getLeekOnCell, load(sysexec(com.leekwars.generator.FightFunctions.getCell, new Object[] { null })))), load(sysexec(com.leekwars.generator.FightFunctions.getLeekOnCell, load(sysexec(com.leekwars.generator.FightFunctions.getCell, 1)))), load(sysexec(com.leekwars.generator.FightFunctions.getLeekOnCell, 1)), load(sysexec(com.leekwars.generator.FightFunctions.getLeekOnCell, -1)), load(sysexec(com.leekwars.generator.FightFunctions.getCellContent, load(sysexec(com.leekwars.generator.FightFunctions.getCell, new Object[] { null })))), load(sysexec(com.leekwars.generator.FightFunctions.getCellContent, load(sysexec(com.leekwars.generator.FightFunctions.getCell, 1)))), load(sysexec(com.leekwars.generator.FightFunctions.getCellContent, 1)), load(sysexec(com.leekwars.generator.FightFunctions.getCellContent, 17)), load(sysexec(com.leekwars.generator.FightFunctions.getCellContent, -1)), load(sysexec(com.leekwars.generator.FightFunctions.isEmptyCell, load(sysexec(com.leekwars.generator.FightFunctions.getCell, new Object[] { null })))), load(sysexec(com.leekwars.generator.FightFunctions.isEmptyCell, load(sysexec(com.leekwars.generator.FightFunctions.getCell, 1)))), load(sysexec(com.leekwars.generator.FightFunctions.isEmptyCell, 1)), load(sysexec(com.leekwars.generator.FightFunctions.isEmptyCell, 17)), load(sysexec(com.leekwars.generator.FightFunctions.isEmptyCell, -1)), load(sysexec(com.leekwars.generator.FightFunctions.isObstacle, load(sysexec(com.leekwars.generator.FightFunctions.getCell, new Object[] { null })))), load(sysexec(com.leekwars.generator.FightFunctions.isObstacle, load(sysexec(com.leekwars.generator.FightFunctions.getCell, 1)))), load(sysexec(com.leekwars.generator.FightFunctions.isObstacle, 1)), load(sysexec(com.leekwars.generator.FightFunctions.isObstacle, 17)), load(sysexec(com.leekwars.generator.FightFunctions.isObstacle, -1)), load(sysexec(com.leekwars.generator.FightFunctions.isLeek, load(sysexec(com.leekwars.generator.FightFunctions.getCell, new Object[] { null })))), load(sysexec(com.leekwars.generator.FightFunctions.isLeek, load(sysexec(com.leekwars.generator.FightFunctions.getCell, 1)))), load(sysexec(com.leekwars.generator.FightFunctions.isLeek, 1)), load(sysexec(com.leekwars.generator.FightFunctions.isLeek, 17)), load(sysexec(com.leekwars.generator.FightFunctions.isLeek, -1)), load(sysexec(com.leekwars.generator.FightFunctions.getCellX, load(sysexec(com.leekwars.generator.FightFunctions.getCell, new Object[] { null })))), load(sysexec(com.leekwars.generator.FightFunctions.getCellX, load(sysexec(com.leekwars.generator.FightFunctions.getCell, 1)))), load(sysexec(com.leekwars.generator.FightFunctions.getCellX, 1)), load(sysexec(com.leekwars.generator.FightFunctions.getCellX, 17)), load(sysexec(com.leekwars.generator.FightFunctions.getCellX, -1)), load(sysexec(com.leekwars.generator.FightFunctions.getCellY, load(sysexec(com.leekwars.generator.FightFunctions.getCell, new Object[] { null })))), load(sysexec(com.leekwars.generator.FightFunctions.getCellY, load(sysexec(com.leekwars.generator.FightFunctions.getCell, 1)))), load(sysexec(com.leekwars.generator.FightFunctions.getCellY, 1)), load(sysexec(com.leekwars.generator.FightFunctions.getCellY, 17)), load(sysexec(com.leekwars.generator.FightFunctions.getCellY, -1)), load(sysexec(com.leekwars.generator.FightFunctions.getNearestEnemy)), load(sysexec(com.leekwars.generator.FightFunctions.getFarestEnemy)), load(sysexec(com.leekwars.generator.FightFunctions.getTurn)), load(sysexec(LeekFunctions.string, load(sysexec(com.leekwars.generator.FightFunctions.getAliveEnemies)))), load(sysexec(com.leekwars.generator.FightFunctions.getAliveEnemiesCount)), load(sysexec(LeekFunctions.string, load(sysexec(com.leekwars.generator.FightFunctions.getDeadEnemies)))), load(sysexec(com.leekwars.generator.FightFunctions.getDeadEnemiesCount)), load(sysexec(LeekFunctions.string, load(sysexec(com.leekwars.generator.FightFunctions.getEnemies)))), load(sysexec(LeekFunctions.string, load(sysexec(com.leekwars.generator.FightFunctions.getAllies)))), load(sysexec(com.leekwars.generator.FightFunctions.getEnemiesCount)), load(sysexec(com.leekwars.generator.FightFunctions.getNearestAlly)), load(sysexec(com.leekwars.generator.FightFunctions.getFarestAlly)), load(sysexec(com.leekwars.generator.FightFunctions.getFarestAlly)), load(sysexec(LeekFunctions.string, load(sysexec(com.leekwars.generator.FightFunctions.getAliveAllies)))), load(sysexec(LeekFunctions.string, load(sysexec(com.leekwars.generator.FightFunctions.getDeadAllies)))), load(sysexec(com.leekwars.generator.FightFunctions.getAlliesCount)) }, false), 7);&#13;&#10;                                                                                                                                                                                                                                                                                                                                                                                                                                                                                                                                                                                                                                                                                                                                                                                      ^&#13;&#10;AI_7.java:12: error: package com.leekwars.generator does not exist&#13;&#10;return ops(new ArrayLeekValue(AI_7.this, new Object[] { load(sysexec(com.leekwars.generator.FightFunctions.getDistance, 164, 200)), load(sysexec(com.leekwars.generator.FightFunctions.getDistance, 17, 595)), load(sysexec(com.leekwars.generator.FightFunctions.getCellDistance, 164, 200)), load(sysexec(com.leekwars.generator.FightFunctions.getCellDistance, 17, 595)), load(sysexec(com.leekwars.generator.FightFunctions.getLeekOnCell, load(sysexec(com.leekwars.generator.FightFunctions.getCell, new Object[] { null })))), load(sysexec(com.leekwars.generator.FightFunctions.getLeekOnCell, load(sysexec(com.leekwars.generator.FightFunctions.getCell, 1)))), load(sysexec(com.leekwars.generator.FightFunctions.getLeekOnCell, 1)), load(sysexec(com.leekwars.generator.FightFunctions.getLeekOnCell, -1)), load(sysexec(com.leekwars.generator.FightFunctions.getCellContent, load(sysexec(com.leekwars.generator.FightFunctions.getCell, new Object[] { null })))), load(sysexec(com.leekwars.generator.FightFunctions.getCellContent, load(sysexec(com.leekwars.generator.FightFunctions.getCell, 1)))), load(sysexec(com.leekwars.generator.FightFunctions.getCellContent, 1)), load(sysexec(com.leekwars.generator.FightFunctions.getCellContent, 17)), load(sysexec(com.leekwars.generator.FightFunctions.getCellContent, -1)), load(sysexec(com.leekwars.generator.FightFunctions.isEmptyCell, load(sysexec(com.leekwars.generator.FightFunctions.getCell, new Object[] { null })))), load(sysexec(com.leekwars.generator.FightFunctions.isEmptyCell, load(sysexec(com.leekwars.generator.FightFunctions.getCell, 1)))), load(sysexec(com.leekwars.generator.FightFunctions.isEmptyCell, 1)), load(sysexec(com.leekwars.generator.FightFunctions.isEmptyCell, 17)), load(sysexec(com.leekwars.generator.FightFunctions.isEmptyCell, -1)), load(sysexec(com.leekwars.generator.FightFunctions.isObstacle, load(sysexec(com.leekwars.generator.FightFunctions.getCell, new Object[] { null })))), load(sysexec(com.leekwars.generator.FightFunctions.isObstacle, load(sysexec(com.leekwars.generator.FightFunctions.getCell, 1)))), load(sysexec(com.leekwars.generator.FightFunctions.isObstacle, 1)), load(sysexec(com.leekwars.generator.FightFunctions.isObstacle, 17)), load(sysexec(com.leekwars.generator.FightFunctions.isObstacle, -1)), load(sysexec(com.leekwars.generator.FightFunctions.isLeek, load(sysexec(com.leekwars.generator.FightFunctions.getCell, new Object[] { null })))), load(sysexec(com.leekwars.generator.FightFunctions.isLeek, load(sysexec(com.leekwars.generator.FightFunctions.getCell, 1)))), load(sysexec(com.leekwars.generator.FightFunctions.isLeek, 1)), load(sysexec(com.leekwars.generator.FightFunctions.isLeek, 17)), load(sysexec(com.leekwars.generator.FightFunctions.isLeek, -1)), load(sysexec(com.leekwars.generator.FightFunctions.getCellX, load(sysexec(com.leekwars.generator.FightFunctions.getCell, new Object[] { null })))), load(sysexec(com.leekwars.generator.FightFunctions.getCellX, load(sysexec(com.leekwars.generator.FightFunctions.getCell, 1)))), load(sysexec(com.leekwars.generator.FightFunctions.getCellX, 1)), load(sysexec(com.leekwars.generator.FightFunctions.getCellX, 17)), load(sysexec(com.leekwars.generator.FightFunctions.getCellX, -1)), load(sysexec(com.leekwars.generator.FightFunctions.getCellY, load(sysexec(com.leekwars.generator.FightFunctions.getCell, new Object[] { null })))), load(sysexec(com.leekwars.generator.FightFunctions.getCellY, load(sysexec(com.leekwars.generator.FightFunctions.getCell, 1)))), load(sysexec(com.leekwars.generator.FightFunctions.getCellY, 1)), load(sysexec(com.leekwars.generator.FightFunctions.getCellY, 17)), load(sysexec(com.leekwars.generator.FightFunctions.getCellY, -1)), load(sysexec(com.leekwars.generator.FightFunctions.getNearestEnemy)), load(sysexec(com.leekwars.generator.FightFunctions.getFarestEnemy)), load(sysexec(com.leekwars.generator.FightFunctions.getTurn)), load(sysexec(LeekFunctions.string, load(sysexec(com.leekwars.generator.FightFunctions.getAliveEnemies)))), load(sysexec(com.leekwars.generator.FightFunctions.getAliveEnemiesCount)), load(sysexec(LeekFunctions.string, load(sysexec(com.leekwars.generator.FightFunctions.getDeadEnemies)))), load(sysexec(com.leekwars.generator.FightFunctions.getDeadEnemiesCount)), load(sysexec(LeekFunctions.string, load(sysexec(com.leekwars.generator.FightFunctions.getEnemies)))), load(sysexec(LeekFunctions.string, load(sysexec(com.leekwars.generator.FightFunctions.getAllies)))), load(sysexec(com.leekwars.generator.FightFunctions.getEnemiesCount)), load(sysexec(com.leekwars.generator.FightFunctions.getNearestAlly)), load(sysexec(com.leekwars.generator.FightFunctions.getFarestAlly)), load(sysexec(com.leekwars.generator.FightFunctions.getFarestAlly)), load(sysexec(LeekFunctions.string, load(sysexec(com.leekwars.generator.FightFunctions.getAliveAllies)))), load(sysexec(LeekFunctions.string, load(sysexec(com.leekwars.generator.FightFunctions.getDeadAllies)))), load(sysexec(com.leekwars.generator.FightFunctions.getAlliesCount)) }, false), 7);&#13;&#10;                                                                                                                                                                                                                                                                                                                                                                                                                                                                                                                                                                                                                                                                                                                                                                                                                                                              ^&#13;&#10;AI_7.java:12: error: package com.leekwars.generator does not exist&#13;&#10;return ops(new ArrayLeekValue(AI_7.this, new Object[] { load(sysexec(com.leekwars.generator.FightFunctions.getDistance, 164, 200)), load(sysexec(com.leekwars.generator.FightFunctions.getDistance, 17, 595)), load(sysexec(com.leekwars.generator.FightFunctions.getCellDistance, 164, 200)), load(sysexec(com.leekwars.generator.FightFunctions.getCellDistance, 17, 595)), load(sysexec(com.leekwars.generator.FightFunctions.getLeekOnCell, load(sysexec(com.leekwars.generator.FightFunctions.getCell, new Object[] { null })))), load(sysexec(com.leekwars.generator.FightFunctions.getLeekOnCell, load(sysexec(com.leekwars.generator.FightFunctions.getCell, 1)))), load(sysexec(com.leekwars.generator.FightFunctions.getLeekOnCell, 1)), load(sysexec(com.leekwars.generator.FightFunctions.getLeekOnCell, -1)), load(sysexec(com.leekwars.generator.FightFunctions.getCellContent, load(sysexec(com.leekwars.generator.FightFunctions.getCell, new Object[] { null })))), load(sysexec(com.leekwars.generator.FightFunctions.getCellContent, load(sysexec(com.leekwars.generator.FightFunctions.getCell, 1)))), load(sysexec(com.leekwars.generator.FightFunctions.getCellContent, 1)), load(sysexec(com.leekwars.generator.FightFunctions.getCellContent, 17)), load(sysexec(com.leekwars.generator.FightFunctions.getCellContent, -1)), load(sysexec(com.leekwars.generator.FightFunctions.isEmptyCell, load(sysexec(com.leekwars.generator.FightFunctions.getCell, new Object[] { null })))), load(sysexec(com.leekwars.generator.FightFunctions.isEmptyCell, load(sysexec(com.leekwars.generator.FightFunctions.getCell, 1)))), load(sysexec(com.leekwars.generator.FightFunctions.isEmptyCell, 1)), load(sysexec(com.leekwars.generator.FightFunctions.isEmptyCell, 17)), load(sysexec(com.leekwars.generator.FightFunctions.isEmptyCell, -1)), load(sysexec(com.leekwars.generator.FightFunctions.isObstacle, load(sysexec(com.leekwars.generator.FightFunctions.getCell, new Object[] { null })))), load(sysexec(com.leekwars.generator.FightFunctions.isObstacle, load(sysexec(com.leekwars.generator.FightFunctions.getCell, 1)))), load(sysexec(com.leekwars.generator.FightFunctions.isObstacle, 1)), load(sysexec(com.leekwars.generator.FightFunctions.isObstacle, 17)), load(sysexec(com.leekwars.generator.FightFunctions.isObstacle, -1)), load(sysexec(com.leekwars.generator.FightFunctions.isLeek, load(sysexec(com.leekwars.generator.FightFunctions.getCell, new Object[] { null })))), load(sysexec(com.leekwars.generator.FightFunctions.isLeek, load(sysexec(com.leekwars.generator.FightFunctions.getCell, 1)))), load(sysexec(com.leekwars.generator.FightFunctions.isLeek, 1)), load(sysexec(com.leekwars.generator.FightFunctions.isLeek, 17)), load(sysexec(com.leekwars.generator.FightFunctions.isLeek, -1)), load(sysexec(com.leekwars.generator.FightFunctions.getCellX, load(sysexec(com.leekwars.generator.FightFunctions.getCell, new Object[] { null })))), load(sysexec(com.leekwars.generator.FightFunctions.getCellX, load(sysexec(com.leekwars.generator.FightFunctions.getCell, 1)))), load(sysexec(com.leekwars.generator.FightFunctions.getCellX, 1)), load(sysexec(com.leekwars.generator.FightFunctions.getCellX, 17)), load(sysexec(com.leekwars.generator.FightFunctions.getCellX, -1)), load(sysexec(com.leekwars.generator.FightFunctions.getCellY, load(sysexec(com.leekwars.generator.FightFunctions.getCell, new Object[] { null })))), load(sysexec(com.leekwars.generator.FightFunctions.getCellY, load(sysexec(com.leekwars.generator.FightFunctions.getCell, 1)))), load(sysexec(com.leekwars.generator.FightFunctions.getCellY, 1)), load(sysexec(com.leekwars.generator.FightFunctions.getCellY, 17)), load(sysexec(com.leekwars.generator.FightFunctions.getCellY, -1)), load(sysexec(com.leekwars.generator.FightFunctions.getNearestEnemy)), load(sysexec(com.leekwars.generator.FightFunctions.getFarestEnemy)), load(sysexec(com.leekwars.generator.FightFunctions.getTurn)), load(sysexec(LeekFunctions.string, load(sysexec(com.leekwars.generator.FightFunctions.getAliveEnemies)))), load(sysexec(com.leekwars.generator.FightFunctions.getAliveEnemiesCount)), load(sysexec(LeekFunctions.string, load(sysexec(com.leekwars.generator.FightFunctions.getDeadEnemies)))), load(sysexec(com.leekwars.generator.FightFunctions.getDeadEnemiesCount)), load(sysexec(LeekFunctions.string, load(sysexec(com.leekwars.generator.FightFunctions.getEnemies)))), load(sysexec(LeekFunctions.string, load(sysexec(com.leekwars.generator.FightFunctions.getAllies)))), load(sysexec(com.leekwars.generator.FightFunctions.getEnemiesCount)), load(sysexec(com.leekwars.generator.FightFunctions.getNearestAlly)), load(sysexec(com.leekwars.generator.FightFunctions.getFarestAlly)), load(sysexec(com.leekwars.generator.FightFunctions.getFarestAlly)), load(sysexec(LeekFunctions.string, load(sysexec(com.leekwars.generator.FightFunctions.getAliveAllies)))), load(sysexec(LeekFunctions.string, load(sysexec(com.leekwars.generator.FightFunctions.getDeadAllies)))), load(sysexec(com.leekwars.generator.FightFunctions.getAlliesCount)) }, false), 7);&#13;&#10;                                                                                                                                                                                                                                                                                                                                                                                                                                                                                                                                                                                                                                                                                                                                                                                                                                                                                                                                 ^&#13;&#10;AI_7.java:12: error: package com.leekwars.generator does not exist&#13;&#10;return ops(new ArrayLeekValue(AI_7.this, new Object[] { load(sysexec(com.leekwars.generator.FightFunctions.getDistance, 164, 200)), load(sysexec(com.leekwars.generator.FightFunctions.getDistance, 17, 595)), load(sysexec(com.leekwars.generator.FightFunctions.getCellDistance, 164, 200)), load(sysexec(com.leekwars.generator.FightFunctions.getCellDistance, 17, 595)), load(sysexec(com.leekwars.generator.FightFunctions.getLeekOnCell, load(sysexec(com.leekwars.generator.FightFunctions.getCell, new Object[] { null })))), load(sysexec(com.leekwars.generator.FightFunctions.getLeekOnCell, load(sysexec(com.leekwars.generator.FightFunctions.getCell, 1)))), load(sysexec(com.leekwars.generator.FightFunctions.getLeekOnCell, 1)), load(sysexec(com.leekwars.generator.FightFunctions.getLeekOnCell, -1)), load(sysexec(com.leekwars.generator.FightFunctions.getCellContent, load(sysexec(com.leekwars.generator.FightFunctions.getCell, new Object[] { null })))), load(sysexec(com.leekwars.generator.FightFunctions.getCellContent, load(sysexec(com.leekwars.generator.FightFunctions.getCell, 1)))), load(sysexec(com.leekwars.generator.FightFunctions.getCellContent, 1)), load(sysexec(com.leekwars.generator.FightFunctions.getCellContent, 17)), load(sysexec(com.leekwars.generator.FightFunctions.getCellContent, -1)), load(sysexec(com.leekwars.generator.FightFunctions.isEmptyCell, load(sysexec(com.leekwars.generator.FightFunctions.getCell, new Object[] { null })))), load(sysexec(com.leekwars.generator.FightFunctions.isEmptyCell, load(sysexec(com.leekwars.generator.FightFunctions.getCell, 1)))), load(sysexec(com.leekwars.generator.FightFunctions.isEmptyCell, 1)), load(sysexec(com.leekwars.generator.FightFunctions.isEmptyCell, 17)), load(sysexec(com.leekwars.generator.FightFunctions.isEmptyCell, -1)), load(sysexec(com.leekwars.generator.FightFunctions.isObstacle, load(sysexec(com.leekwars.generator.FightFunctions.getCell, new Object[] { null })))), load(sysexec(com.leekwars.generator.FightFunctions.isObstacle, load(sysexec(com.leekwars.generator.FightFunctions.getCell, 1)))), load(sysexec(com.leekwars.generator.FightFunctions.isObstacle, 1)), load(sysexec(com.leekwars.generator.FightFunctions.isObstacle, 17)), load(sysexec(com.leekwars.generator.FightFunctions.isObstacle, -1)), load(sysexec(com.leekwars.generator.FightFunctions.isLeek, load(sysexec(com.leekwars.generator.FightFunctions.getCell, new Object[] { null })))), load(sysexec(com.leekwars.generator.FightFunctions.isLeek, load(sysexec(com.leekwars.generator.FightFunctions.getCell, 1)))), load(sysexec(com.leekwars.generator.FightFunctions.isLeek, 1)), load(sysexec(com.leekwars.generator.FightFunctions.isLeek, 17)), load(sysexec(com.leekwars.generator.FightFunctions.isLeek, -1)), load(sysexec(com.leekwars.generator.FightFunctions.getCellX, load(sysexec(com.leekwars.generator.FightFunctions.getCell, new Object[] { null })))), load(sysexec(com.leekwars.generator.FightFunctions.getCellX, load(sysexec(com.leekwars.generator.FightFunctions.getCell, 1)))), load(sysexec(com.leekwars.generator.FightFunctions.getCellX, 1)), load(sysexec(com.leekwars.generator.FightFunctions.getCellX, 17)), load(sysexec(com.leekwars.generator.FightFunctions.getCellX, -1)), load(sysexec(com.leekwars.generator.FightFunctions.getCellY, load(sysexec(com.leekwars.generator.FightFunctions.getCell, new Object[] { null })))), load(sysexec(com.leekwars.generator.FightFunctions.getCellY, load(sysexec(com.leekwars.generator.FightFunctions.getCell, 1)))), load(sysexec(com.leekwars.generator.FightFunctions.getCellY, 1)), load(sysexec(com.leekwars.generator.FightFunctions.getCellY, 17)), load(sysexec(com.leekwars.generator.FightFunctions.getCellY, -1)), load(sysexec(com.leekwars.generator.FightFunctions.getNearestEnemy)), load(sysexec(com.leekwars.generator.FightFunctions.getFarestEnemy)), load(sysexec(com.leekwars.generator.FightFunctions.getTurn)), load(sysexec(LeekFunctions.string, load(sysexec(com.leekwars.generator.FightFunctions.getAliveEnemies)))), load(sysexec(com.leekwars.generator.FightFunctions.getAliveEnemiesCount)), load(sysexec(LeekFunctions.string, load(sysexec(com.leekwars.generator.FightFunctions.getDeadEnemies)))), load(sysexec(com.leekwars.generator.FightFunctions.getDeadEnemiesCount)), load(sysexec(LeekFunctions.string, load(sysexec(com.leekwars.generator.FightFunctions.getEnemies)))), load(sysexec(LeekFunctions.string, load(sysexec(com.leekwars.generator.FightFunctions.getAllies)))), load(sysexec(com.leekwars.generator.FightFunctions.getEnemiesCount)), load(sysexec(com.leekwars.generator.FightFunctions.getNearestAlly)), load(sysexec(com.leekwars.generator.FightFunctions.getFarestAlly)), load(sysexec(com.leekwars.generator.FightFunctions.getFarestAlly)), load(sysexec(LeekFunctions.string, load(sysexec(com.leekwars.generator.FightFunctions.getAliveAllies)))), load(sysexec(LeekFunctions.string, load(sysexec(com.leekwars.generator.FightFunctions.getDeadAllies)))), load(sysexec(com.leekwars.generator.FightFunctions.getAlliesCount)) }, false), 7);&#13;&#10;                                                                                                                                                                                                                                                                                                                                                                                                                                                                                                                                                                                                                                                                                                                                                                                                                                                                                                                                                                                                                        ^&#13;&#10;AI_7.java:12: error: package com.leekwars.generator does not exist&#13;&#10;return ops(new ArrayLeekValue(AI_7.this, new Object[] { load(sysexec(com.leekwars.generator.FightFunctions.getDistance, 164, 200)), load(sysexec(com.leekwars.generator.FightFunctions.getDistance, 17, 595)), load(sysexec(com.leekwars.generator.FightFunctions.getCellDistance, 164, 200)), load(sysexec(com.leekwars.generator.FightFunctions.getCellDistance, 17, 595)), load(sysexec(com.leekwars.generator.FightFunctions.getLeekOnCell, load(sysexec(com.leekwars.generator.FightFunctions.getCell, new Object[] { null })))), load(sysexec(com.leekwars.generator.FightFunctions.getLeekOnCell, load(sysexec(com.leekwars.generator.FightFunctions.getCell, 1)))), load(sysexec(com.leekwars.generator.FightFunctions.getLeekOnCell, 1)), load(sysexec(com.leekwars.generator.FightFunctions.getLeekOnCell, -1)), load(sysexec(com.leekwars.generator.FightFunctions.getCellContent, load(sysexec(com.leekwars.generator.FightFunctions.getCell, new Object[] { null })))), load(sysexec(com.leekwars.generator.FightFunctions.getCellContent, load(sysexec(com.leekwars.generator.FightFunctions.getCell, 1)))), load(sysexec(com.leekwars.generator.FightFunctions.getCellContent, 1)), load(sysexec(com.leekwars.generator.FightFunctions.getCellContent, 17)), load(sysexec(com.leekwars.generator.FightFunctions.getCellContent, -1)), load(sysexec(com.leekwars.generator.FightFunctions.isEmptyCell, load(sysexec(com.leekwars.generator.FightFunctions.getCell, new Object[] { null })))), load(sysexec(com.leekwars.generator.FightFunctions.isEmptyCell, load(sysexec(com.leekwars.generator.FightFunctions.getCell, 1)))), load(sysexec(com.leekwars.generator.FightFunctions.isEmptyCell, 1)), load(sysexec(com.leekwars.generator.FightFunctions.isEmptyCell, 17)), load(sysexec(com.leekwars.generator.FightFunctions.isEmptyCell, -1)), load(sysexec(com.leekwars.generator.FightFunctions.isObstacle, load(sysexec(com.leekwars.generator.FightFunctions.getCell, new Object[] { null })))), load(sysexec(com.leekwars.generator.FightFunctions.isObstacle, load(sysexec(com.leekwars.generator.FightFunctions.getCell, 1)))), load(sysexec(com.leekwars.generator.FightFunctions.isObstacle, 1)), load(sysexec(com.leekwars.generator.FightFunctions.isObstacle, 17)), load(sysexec(com.leekwars.generator.FightFunctions.isObstacle, -1)), load(sysexec(com.leekwars.generator.FightFunctions.isLeek, load(sysexec(com.leekwars.generator.FightFunctions.getCell, new Object[] { null })))), load(sysexec(com.leekwars.generator.FightFunctions.isLeek, load(sysexec(com.leekwars.generator.FightFunctions.getCell, 1)))), load(sysexec(com.leekwars.generator.FightFunctions.isLeek, 1)), load(sysexec(com.leekwars.generator.FightFunctions.isLeek, 17)), load(sysexec(com.leekwars.generator.FightFunctions.isLeek, -1)), load(sysexec(com.leekwars.generator.FightFunctions.getCellX, load(sysexec(com.leekwars.generator.FightFunctions.getCell, new Object[] { null })))), load(sysexec(com.leekwars.generator.FightFunctions.getCellX, load(sysexec(com.leekwars.generator.FightFunctions.getCell, 1)))), load(sysexec(com.leekwars.generator.FightFunctions.getCellX, 1)), load(sysexec(com.leekwars.generator.FightFunctions.getCellX, 17)), load(sysexec(com.leekwars.generator.FightFunctions.getCellX, -1)), load(sysexec(com.leekwars.generator.FightFunctions.getCellY, load(sysexec(com.leekwars.generator.FightFunctions.getCell, new Object[] { null })))), load(sysexec(com.leekwars.generator.FightFunctions.getCellY, load(sysexec(com.leekwars.generator.FightFunctions.getCell, 1)))), load(sysexec(com.leekwars.generator.FightFunctions.getCellY, 1)), load(sysexec(com.leekwars.generator.FightFunctions.getCellY, 17)), load(sysexec(com.leekwars.generator.FightFunctions.getCellY, -1)), load(sysexec(com.leekwars.generator.FightFunctions.getNearestEnemy)), load(sysexec(com.leekwars.generator.FightFunctions.getFarestEnemy)), load(sysexec(com.leekwars.generator.FightFunctions.getTurn)), load(sysexec(LeekFunctions.string, load(sysexec(com.leekwars.generator.FightFunctions.getAliveEnemies)))), load(sysexec(com.leekwars.generator.FightFunctions.getAliveEnemiesCount)), load(sysexec(LeekFunctions.string, load(sysexec(com.leekwars.generator.FightFunctions.getDeadEnemies)))), load(sysexec(com.leekwars.generator.FightFunctions.getDeadEnemiesCount)), load(sysexec(LeekFunctions.string, load(sysexec(com.leekwars.generator.FightFunctions.getEnemies)))), load(sysexec(LeekFunctions.string, load(sysexec(com.leekwars.generator.FightFunctions.getAllies)))), load(sysexec(com.leekwars.generator.FightFunctions.getEnemiesCount)), load(sysexec(com.leekwars.generator.FightFunctions.getNearestAlly)), load(sysexec(com.leekwars.generator.FightFunctions.getFarestAlly)), load(sysexec(com.leekwars.generator.FightFunctions.getFarestAlly)), load(sysexec(LeekFunctions.string, load(sysexec(com.leekwars.generator.FightFunctions.getAliveAllies)))), load(sysexec(LeekFunctions.string, load(sysexec(com.leekwars.generator.FightFunctions.getDeadAllies)))), load(sysexec(com.leekwars.generator.FightFunctions.getAlliesCount)) }, false), 7);&#13;&#10;                                                                                                                                                                                                                                                                                                                                                                                                                                                                                                                                                                                                                                                                                                                                                                                                                                                                                                                                                                                                                                                                                           ^&#13;&#10;AI_7.java:12: error: package com.leekwars.generator does not exist&#13;&#10;return ops(new ArrayLeekValue(AI_7.this, new Object[] { load(sysexec(com.leekwars.generator.FightFunctions.getDistance, 164, 200)), load(sysexec(com.leekwars.generator.FightFunctions.getDistance, 17, 595)), load(sysexec(com.leekwars.generator.FightFunctions.getCellDistance, 164, 200)), load(sysexec(com.leekwars.generator.FightFunctions.getCellDistance, 17, 595)), load(sysexec(com.leekwars.generator.FightFunctions.getLeekOnCell, load(sysexec(com.leekwars.generator.FightFunctions.getCell, new Object[] { null })))), load(sysexec(com.leekwars.generator.FightFunctions.getLeekOnCell, load(sysexec(com.leekwars.generator.FightFunctions.getCell, 1)))), load(sysexec(com.leekwars.generator.FightFunctions.getLeekOnCell, 1)), load(sysexec(com.leekwars.generator.FightFunctions.getLeekOnCell, -1)), load(sysexec(com.leekwars.generator.FightFunctions.getCellContent, load(sysexec(com.leekwars.generator.FightFunctions.getCell, new Object[] { null })))), load(sysexec(com.leekwars.generator.FightFunctions.getCellContent, load(sysexec(com.leekwars.generator.FightFunctions.getCell, 1)))), load(sysexec(com.leekwars.generator.FightFunctions.getCellContent, 1)), load(sysexec(com.leekwars.generator.FightFunctions.getCellContent, 17)), load(sysexec(com.leekwars.generator.FightFunctions.getCellContent, -1)), load(sysexec(com.leekwars.generator.FightFunctions.isEmptyCell, load(sysexec(com.leekwars.generator.FightFunctions.getCell, new Object[] { null })))), load(sysexec(com.leekwars.generator.FightFunctions.isEmptyCell, load(sysexec(com.leekwars.generator.FightFunctions.getCell, 1)))), load(sysexec(com.leekwars.generator.FightFunctions.isEmptyCell, 1)), load(sysexec(com.leekwars.generator.FightFunctions.isEmptyCell, 17)), load(sysexec(com.leekwars.generator.FightFunctions.isEmptyCell, -1)), load(sysexec(com.leekwars.generator.FightFunctions.isObstacle, load(sysexec(com.leekwars.generator.FightFunctions.getCell, new Object[] { null })))), load(sysexec(com.leekwars.generator.FightFunctions.isObstacle, load(sysexec(com.leekwars.generator.FightFunctions.getCell, 1)))), load(sysexec(com.leekwars.generator.FightFunctions.isObstacle, 1)), load(sysexec(com.leekwars.generator.FightFunctions.isObstacle, 17)), load(sysexec(com.leekwars.generator.FightFunctions.isObstacle, -1)), load(sysexec(com.leekwars.generator.FightFunctions.isLeek, load(sysexec(com.leekwars.generator.FightFunctions.getCell, new Object[] { null })))), load(sysexec(com.leekwars.generator.FightFunctions.isLeek, load(sysexec(com.leekwars.generator.FightFunctions.getCell, 1)))), load(sysexec(com.leekwars.generator.FightFunctions.isLeek, 1)), load(sysexec(com.leekwars.generator.FightFunctions.isLeek, 17)), load(sysexec(com.leekwars.generator.FightFunctions.isLeek, -1)), load(sysexec(com.leekwars.generator.FightFunctions.getCellX, load(sysexec(com.leekwars.generator.FightFunctions.getCell, new Object[] { null })))), load(sysexec(com.leekwars.generator.FightFunctions.getCellX, load(sysexec(com.leekwars.generator.FightFunctions.getCell, 1)))), load(sysexec(com.leekwars.generator.FightFunctions.getCellX, 1)), load(sysexec(com.leekwars.generator.FightFunctions.getCellX, 17)), load(sysexec(com.leekwars.generator.FightFunctions.getCellX, -1)), load(sysexec(com.leekwars.generator.FightFunctions.getCellY, load(sysexec(com.leekwars.generator.FightFunctions.getCell, new Object[] { null })))), load(sysexec(com.leekwars.generator.FightFunctions.getCellY, load(sysexec(com.leekwars.generator.FightFunctions.getCell, 1)))), load(sysexec(com.leekwars.generator.FightFunctions.getCellY, 1)), load(sysexec(com.leekwars.generator.FightFunctions.getCellY, 17)), load(sysexec(com.leekwars.generator.FightFunctions.getCellY, -1)), load(sysexec(com.leekwars.generator.FightFunctions.getNearestEnemy)), load(sysexec(com.leekwars.generator.FightFunctions.getFarestEnemy)), load(sysexec(com.leekwars.generator.FightFunctions.getTurn)), load(sysexec(LeekFunctions.string, load(sysexec(com.leekwars.generator.FightFunctions.getAliveEnemies)))), load(sysexec(com.leekwars.generator.FightFunctions.getAliveEnemiesCount)), load(sysexec(LeekFunctions.string, load(sysexec(com.leekwars.generator.FightFunctions.getDeadEnemies)))), load(sysexec(com.leekwars.generator.FightFunctions.getDeadEnemiesCount)), load(sysexec(LeekFunctions.string, load(sysexec(com.leekwars.generator.FightFunctions.getEnemies)))), load(sysexec(LeekFunctions.string, load(sysexec(com.leekwars.generator.FightFunctions.getAllies)))), load(sysexec(com.leekwars.generator.FightFunctions.getEnemiesCount)), load(sysexec(com.leekwars.generator.FightFunctions.getNearestAlly)), load(sysexec(com.leekwars.generator.FightFunctions.getFarestAlly)), load(sysexec(com.leekwars.generator.FightFunctions.getFarestAlly)), load(sysexec(LeekFunctions.string, load(sysexec(com.leekwars.generator.FightFunctions.getAliveAllies)))), load(sysexec(LeekFunctions.string, load(sysexec(com.leekwars.generator.FightFunctions.getDeadAllies)))), load(sysexec(com.leekwars.generator.FightFunctions.getAlliesCount)) }, false), 7);&#13;&#10;                                                                                                                                                                                                                                                                                                                                                                                                                                                                                                                                                                                                                                                                                                                                                                                                                                                                                                                                                                                                                                                                                                                                                              ^&#13;&#10;AI_7.java:12: error: package com.leekwars.generator does not exist&#13;&#10;return ops(new ArrayLeekValue(AI_7.this, new Object[] { load(sysexec(com.leekwars.generator.FightFunctions.getDistance, 164, 200)), load(sysexec(com.leekwars.generator.FightFunctions.getDistance, 17, 595)), load(sysexec(com.leekwars.generator.FightFunctions.getCellDistance, 164, 200)), load(sysexec(com.leekwars.generator.FightFunctions.getCellDistance, 17, 595)), load(sysexec(com.leekwars.generator.FightFunctions.getLeekOnCell, load(sysexec(com.leekwars.generator.FightFunctions.getCell, new Object[] { null })))), load(sysexec(com.leekwars.generator.FightFunctions.getLeekOnCell, load(sysexec(com.leekwars.generator.FightFunctions.getCell, 1)))), load(sysexec(com.leekwars.generator.FightFunctions.getLeekOnCell, 1)), load(sysexec(com.leekwars.generator.FightFunctions.getLeekOnCell, -1)), load(sysexec(com.leekwars.generator.FightFunctions.getCellContent, load(sysexec(com.leekwars.generator.FightFunctions.getCell, new Object[] { null })))), load(sysexec(com.leekwars.generator.FightFunctions.getCellContent, load(sysexec(com.leekwars.generator.FightFunctions.getCell, 1)))), load(sysexec(com.leekwars.generator.FightFunctions.getCellContent, 1)), load(sysexec(com.leekwars.generator.FightFunctions.getCellContent, 17)), load(sysexec(com.leekwars.generator.FightFunctions.getCellContent, -1)), load(sysexec(com.leekwars.generator.FightFunctions.isEmptyCell, load(sysexec(com.leekwars.generator.FightFunctions.getCell, new Object[] { null })))), load(sysexec(com.leekwars.generator.FightFunctions.isEmptyCell, load(sysexec(com.leekwars.generator.FightFunctions.getCell, 1)))), load(sysexec(com.leekwars.generator.FightFunctions.isEmptyCell, 1)), load(sysexec(com.leekwars.generator.FightFunctions.isEmptyCell, 17)), load(sysexec(com.leekwars.generator.FightFunctions.isEmptyCell, -1)), load(sysexec(com.leekwars.generator.FightFunctions.isObstacle, load(sysexec(com.leekwars.generator.FightFunctions.getCell, new Object[] { null })))), load(sysexec(com.leekwars.generator.FightFunctions.isObstacle, load(sysexec(com.leekwars.generator.FightFunctions.getCell, 1)))), load(sysexec(com.leekwars.generator.FightFunctions.isObstacle, 1)), load(sysexec(com.leekwars.generator.FightFunctions.isObstacle, 17)), load(sysexec(com.leekwars.generator.FightFunctions.isObstacle, -1)), load(sysexec(com.leekwars.generator.FightFunctions.isLeek, load(sysexec(com.leekwars.generator.FightFunctions.getCell, new Object[] { null })))), load(sysexec(com.leekwars.generator.FightFunctions.isLeek, load(sysexec(com.leekwars.generator.FightFunctions.getCell, 1)))), load(sysexec(com.leekwars.generator.FightFunctions.isLeek, 1)), load(sysexec(com.leekwars.generator.FightFunctions.isLeek, 17)), load(sysexec(com.leekwars.generator.FightFunctions.isLeek, -1)), load(sysexec(com.leekwars.generator.FightFunctions.getCellX, load(sysexec(com.leekwars.generator.FightFunctions.getCell, new Object[] { null })))), load(sysexec(com.leekwars.generator.FightFunctions.getCellX, load(sysexec(com.leekwars.generator.FightFunctions.getCell, 1)))), load(sysexec(com.leekwars.generator.FightFunctions.getCellX, 1)), load(sysexec(com.leekwars.generator.FightFunctions.getCellX, 17)), load(sysexec(com.leekwars.generator.FightFunctions.getCellX, -1)), load(sysexec(com.leekwars.generator.FightFunctions.getCellY, load(sysexec(com.leekwars.generator.FightFunctions.getCell, new Object[] { null })))), load(sysexec(com.leekwars.generator.FightFunctions.getCellY, load(sysexec(com.leekwars.generator.FightFunctions.getCell, 1)))), load(sysexec(com.leekwars.generator.FightFunctions.getCellY, 1)), load(sysexec(com.leekwars.generator.FightFunctions.getCellY, 17)), load(sysexec(com.leekwars.generator.FightFunctions.getCellY, -1)), load(sysexec(com.leekwars.generator.FightFunctions.getNearestEnemy)), load(sysexec(com.leekwars.generator.FightFunctions.getFarestEnemy)), load(sysexec(com.leekwars.generator.FightFunctions.getTurn)), load(sysexec(LeekFunctions.string, load(sysexec(com.leekwars.generator.FightFunctions.getAliveEnemies)))), load(sysexec(com.leekwars.generator.FightFunctions.getAliveEnemiesCount)), load(sysexec(LeekFunctions.string, load(sysexec(com.leekwars.generator.FightFunctions.getDeadEnemies)))), load(sysexec(com.leekwars.generator.FightFunctions.getDeadEnemiesCount)), load(sysexec(LeekFunctions.string, load(sysexec(com.leekwars.generator.FightFunctions.getEnemies)))), load(sysexec(LeekFunctions.string, load(sysexec(com.leekwars.generator.FightFunctions.getAllies)))), load(sysexec(com.leekwars.generator.FightFunctions.getEnemiesCount)), load(sysexec(com.leekwars.generator.FightFunctions.getNearestAlly)), load(sysexec(com.leekwars.generator.FightFunctions.getFarestAlly)), load(sysexec(com.leekwars.generator.FightFunctions.getFarestAlly)), load(sysexec(LeekFunctions.string, load(sysexec(com.leekwars.generator.FightFunctions.getAliveAllies)))), load(sysexec(LeekFunctions.string, load(sysexec(com.leekwars.generator.FightFunctions.getDeadAllies)))), load(sysexec(com.leekwars.generator.FightFunctions.getAlliesCount)) }, false), 7);&#13;&#10;                                                                                                                                                                                                                                                                                                                                                                                                                                                                                                                                                                                                                                                                                                                                                                                                                                                                                                                                                                                                                                                                                                                                                                                                                                      ^&#13;&#10;AI_7.java:12: error: package com.leekwars.generator does not exist&#13;&#10;return ops(new ArrayLeekValue(AI_7.this, new Object[] { load(sysexec(com.leekwars.generator.FightFunctions.getDistance, 164, 200)), load(sysexec(com.leekwars.generator.FightFunctions.getDistance, 17, 595)), load(sysexec(com.leekwars.generator.FightFunctions.getCellDistance, 164, 200)), load(sysexec(com.leekwars.generator.FightFunctions.getCellDistance, 17, 595)), load(sysexec(com.leekwars.generator.FightFunctions.getLeekOnCell, load(sysexec(com.leekwars.generator.FightFunctions.getCell, new Object[] { null })))), load(sysexec(com.leekwars.generator.FightFunctions.getLeekOnCell, load(sysexec(com.leekwars.generator.FightFunctions.getCell, 1)))), load(sysexec(com.leekwars.generator.FightFunctions.getLeekOnCell, 1)), load(sysexec(com.leekwars.generator.FightFunctions.getLeekOnCell, -1)), load(sysexec(com.leekwars.generator.FightFunctions.getCellContent, load(sysexec(com.leekwars.generator.FightFunctions.getCell, new Object[] { null })))), load(sysexec(com.leekwars.generator.FightFunctions.getCellContent, load(sysexec(com.leekwars.generator.FightFunctions.getCell, 1)))), load(sysexec(com.leekwars.generator.FightFunctions.getCellContent, 1)), load(sysexec(com.leekwars.generator.FightFunctions.getCellContent, 17)), load(sysexec(com.leekwars.generator.FightFunctions.getCellContent, -1)), load(sysexec(com.leekwars.generator.FightFunctions.isEmptyCell, load(sysexec(com.leekwars.generator.FightFunctions.getCell, new Object[] { null })))), load(sysexec(com.leekwars.generator.FightFunctions.isEmptyCell, load(sysexec(com.leekwars.generator.FightFunctions.getCell, 1)))), load(sysexec(com.leekwars.generator.FightFunctions.isEmptyCell, 1)), load(sysexec(com.leekwars.generator.FightFunctions.isEmptyCell, 17)), load(sysexec(com.leekwars.generator.FightFunctions.isEmptyCell, -1)), load(sysexec(com.leekwars.generator.FightFunctions.isObstacle, load(sysexec(com.leekwars.generator.FightFunctions.getCell, new Object[] { null })))), load(sysexec(com.leekwars.generator.FightFunctions.isObstacle, load(sysexec(com.leekwars.generator.FightFunctions.getCell, 1)))), load(sysexec(com.leekwars.generator.FightFunctions.isObstacle, 1)), load(sysexec(com.leekwars.generator.FightFunctions.isObstacle, 17)), load(sysexec(com.leekwars.generator.FightFunctions.isObstacle, -1)), load(sysexec(com.leekwars.generator.FightFunctions.isLeek, load(sysexec(com.leekwars.generator.FightFunctions.getCell, new Object[] { null })))), load(sysexec(com.leekwars.generator.FightFunctions.isLeek, load(sysexec(com.leekwars.generator.FightFunctions.getCell, 1)))), load(sysexec(com.leekwars.generator.FightFunctions.isLeek, 1)), load(sysexec(com.leekwars.generator.FightFunctions.isLeek, 17)), load(sysexec(com.leekwars.generator.FightFunctions.isLeek, -1)), load(sysexec(com.leekwars.generator.FightFunctions.getCellX, load(sysexec(com.leekwars.generator.FightFunctions.getCell, new Object[] { null })))), load(sysexec(com.leekwars.generator.FightFunctions.getCellX, load(sysexec(com.leekwars.generator.FightFunctions.getCell, 1)))), load(sysexec(com.leekwars.generator.FightFunctions.getCellX, 1)), load(sysexec(com.leekwars.generator.FightFunctions.getCellX, 17)), load(sysexec(com.leekwars.generator.FightFunctions.getCellX, -1)), load(sysexec(com.leekwars.generator.FightFunctions.getCellY, load(sysexec(com.leekwars.generator.FightFunctions.getCell, new Object[] { null })))), load(sysexec(com.leekwars.generator.FightFunctions.getCellY, load(sysexec(com.leekwars.generator.FightFunctions.getCell, 1)))), load(sysexec(com.leekwars.generator.FightFunctions.getCellY, 1)), load(sysexec(com.leekwars.generator.FightFunctions.getCellY, 17)), load(sysexec(com.leekwars.generator.FightFunctions.getCellY, -1)), load(sysexec(com.leekwars.generator.FightFunctions.getNearestEnemy)), load(sysexec(com.leekwars.generator.FightFunctions.getFarestEnemy)), load(sysexec(com.leekwars.generator.FightFunctions.getTurn)), load(sysexec(LeekFunctions.string, load(sysexec(com.leekwars.generator.FightFunctions.getAliveEnemies)))), load(sysexec(com.leekwars.generator.FightFunctions.getAliveEnemiesCount)), load(sysexec(LeekFunctions.string, load(sysexec(com.leekwars.generator.FightFunctions.getDeadEnemies)))), load(sysexec(com.leekwars.generator.FightFunctions.getDeadEnemiesCount)), load(sysexec(LeekFunctions.string, load(sysexec(com.leekwars.generator.FightFunctions.getEnemies)))), load(sysexec(LeekFunctions.string, load(sysexec(com.leekwars.generator.FightFunctions.getAllies)))), load(sysexec(com.leekwars.generator.FightFunctions.getEnemiesCount)), load(sysexec(com.leekwars.generator.FightFunctions.getNearestAlly)), load(sysexec(com.leekwars.generator.FightFunctions.getFarestAlly)), load(sysexec(com.leekwars.generator.FightFunctions.getFarestAlly)), load(sysexec(LeekFunctions.string, load(sysexec(com.leekwars.generator.FightFunctions.getAliveAllies)))), load(sysexec(LeekFunctions.string, load(sysexec(com.leekwars.generator.FightFunctions.getDeadAllies)))), load(sysexec(com.leekwars.generator.FightFunctions.getAlliesCount)) }, false), 7);&#13;&#10;                                                                                                                                                                                                                                                                                                                                                                                                                                                                                                                                                                                                                                                                                                                                                                                                                                                                                                                                                                                                                                                                                                                                                                                                                                                                                                               ^&#13;&#10;AI_7.java:12: error: package com.leekwars.generator does not exist&#13;&#10;return ops(new ArrayLeekValue(AI_7.this, new Object[] { load(sysexec(com.leekwars.generator.FightFunctions.getDistance, 164, 200)), load(sysexec(com.leekwars.generator.FightFunctions.getDistance, 17, 595)), load(sysexec(com.leekwars.generator.FightFunctions.getCellDistance, 164, 200)), load(sysexec(com.leekwars.generator.FightFunctions.getCellDistance, 17, 595)), load(sysexec(com.leekwars.generator.FightFunctions.getLeekOnCell, load(sysexec(com.leekwars.generator.FightFunctions.getCell, new Object[] { null })))), load(sysexec(com.leekwars.generator.FightFunctions.getLeekOnCell, load(sysexec(com.leekwars.generator.FightFunctions.getCell, 1)))), load(sysexec(com.leekwars.generator.FightFunctions.getLeekOnCell, 1)), load(sysexec(com.leekwars.generator.FightFunctions.getLeekOnCell, -1)), load(sysexec(com.leekwars.generator.FightFunctions.getCellContent, load(sysexec(com.leekwars.generator.FightFunctions.getCell, new Object[] { null })))), load(sysexec(com.leekwars.generator.FightFunctions.getCellContent, load(sysexec(com.leekwars.generator.FightFunctions.getCell, 1)))), load(sysexec(com.leekwars.generator.FightFunctions.getCellContent, 1)), load(sysexec(com.leekwars.generator.FightFunctions.getCellContent, 17)), load(sysexec(com.leekwars.generator.FightFunctions.getCellContent, -1)), load(sysexec(com.leekwars.generator.FightFunctions.isEmptyCell, load(sysexec(com.leekwars.generator.FightFunctions.getCell, new Object[] { null })))), load(sysexec(com.leekwars.generator.FightFunctions.isEmptyCell, load(sysexec(com.leekwars.generator.FightFunctions.getCell, 1)))), load(sysexec(com.leekwars.generator.FightFunctions.isEmptyCell, 1)), load(sysexec(com.leekwars.generator.FightFunctions.isEmptyCell, 17)), load(sysexec(com.leekwars.generator.FightFunctions.isEmptyCell, -1)), load(sysexec(com.leekwars.generator.FightFunctions.isObstacle, load(sysexec(com.leekwars.generator.FightFunctions.getCell, new Object[] { null })))), load(sysexec(com.leekwars.generator.FightFunctions.isObstacle, load(sysexec(com.leekwars.generator.FightFunctions.getCell, 1)))), load(sysexec(com.leekwars.generator.FightFunctions.isObstacle, 1)), load(sysexec(com.leekwars.generator.FightFunctions.isObstacle, 17)), load(sysexec(com.leekwars.generator.FightFunctions.isObstacle, -1)), load(sysexec(com.leekwars.generator.FightFunctions.isLeek, load(sysexec(com.leekwars.generator.FightFunctions.getCell, new Object[] { null })))), load(sysexec(com.leekwars.generator.FightFunctions.isLeek, load(sysexec(com.leekwars.generator.FightFunctions.getCell, 1)))), load(sysexec(com.leekwars.generator.FightFunctions.isLeek, 1)), load(sysexec(com.leekwars.generator.FightFunctions.isLeek, 17)), load(sysexec(com.leekwars.generator.FightFunctions.isLeek, -1)), load(sysexec(com.leekwars.generator.FightFunctions.getCellX, load(sysexec(com.leekwars.generator.FightFunctions.getCell, new Object[] { null })))), load(sysexec(com.leekwars.generator.FightFunctions.getCellX, load(sysexec(com.leekwars.generator.FightFunctions.getCell, 1)))), load(sysexec(com.leekwars.generator.FightFunctions.getCellX, 1)), load(sysexec(com.leekwars.generator.FightFunctions.getCellX, 17)), load(sysexec(com.leekwars.generator.FightFunctions.getCellX, -1)), load(sysexec(com.leekwars.generator.FightFunctions.getCellY, load(sysexec(com.leekwars.generator.FightFunctions.getCell, new Object[] { null })))), load(sysexec(com.leekwars.generator.FightFunctions.getCellY, load(sysexec(com.leekwars.generator.FightFunctions.getCell, 1)))), load(sysexec(com.leekwars.generator.FightFunctions.getCellY, 1)), load(sysexec(com.leekwars.generator.FightFunctions.getCellY, 17)), load(sysexec(com.leekwars.generator.FightFunctions.getCellY, -1)), load(sysexec(com.leekwars.generator.FightFunctions.getNearestEnemy)), load(sysexec(com.leekwars.generator.FightFunctions.getFarestEnemy)), load(sysexec(com.leekwars.generator.FightFunctions.getTurn)), load(sysexec(LeekFunctions.string, load(sysexec(com.leekwars.generator.FightFunctions.getAliveEnemies)))), load(sysexec(com.leekwars.generator.FightFunctions.getAliveEnemiesCount)), load(sysexec(LeekFunctions.string, load(sysexec(com.leekwars.generator.FightFunctions.getDeadEnemies)))), load(sysexec(com.leekwars.generator.FightFunctions.getDeadEnemiesCount)), load(sysexec(LeekFunctions.string, load(sysexec(com.leekwars.generator.FightFunctions.getEnemies)))), load(sysexec(LeekFunctions.string, load(sysexec(com.leekwars.generator.FightFunctions.getAllies)))), load(sysexec(com.leekwars.generator.FightFunctions.getEnemiesCount)), load(sysexec(com.leekwars.generator.FightFunctions.getNearestAlly)), load(sysexec(com.leekwars.generator.FightFunctions.getFarestAlly)), load(sysexec(com.leekwars.generator.FightFunctions.getFarestAlly)), load(sysexec(LeekFunctions.string, load(sysexec(com.leekwars.generator.FightFunctions.getAliveAllies)))), load(sysexec(LeekFunctions.string, load(sysexec(com.leekwars.generator.FightFunctions.getDeadAllies)))), load(sysexec(com.leekwars.generator.FightFunctions.getAlliesCount)) }, false), 7);&#13;&#10;                                                                                                                                                                                                                                                                                                                                                                                                                                                                                                                                                                                                                                                                                                                                                                                                                                                                                                                                                                                                                                                                                                                                                                                                                                                                                                                                                                                        ^&#13;&#10;AI_7.java:12: error: package com.leekwars.generator does not exist&#13;&#10;return ops(new ArrayLeekValue(AI_7.this, new Object[] { load(sysexec(com.leekwars.generator.FightFunctions.getDistance, 164, 200)), load(sysexec(com.leekwars.generator.FightFunctions.getDistance, 17, 595)), load(sysexec(com.leekwars.generator.FightFunctions.getCellDistance, 164, 200)), load(sysexec(com.leekwars.generator.FightFunctions.getCellDistance, 17, 595)), load(sysexec(com.leekwars.generator.FightFunctions.getLeekOnCell, load(sysexec(com.leekwars.generator.FightFunctions.getCell, new Object[] { null })))), load(sysexec(com.leekwars.generator.FightFunctions.getLeekOnCell, load(sysexec(com.leekwars.generator.FightFunctions.getCell, 1)))), load(sysexec(com.leekwars.generator.FightFunctions.getLeekOnCell, 1)), load(sysexec(com.leekwars.generator.FightFunctions.getLeekOnCell, -1)), load(sysexec(com.leekwars.generator.FightFunctions.getCellContent, load(sysexec(com.leekwars.generator.FightFunctions.getCell, new Object[] { null })))), load(sysexec(com.leekwars.generator.FightFunctions.getCellContent, load(sysexec(com.leekwars.generator.FightFunctions.getCell, 1)))), load(sysexec(com.leekwars.generator.FightFunctions.getCellContent, 1)), load(sysexec(com.leekwars.generator.FightFunctions.getCellContent, 17)), load(sysexec(com.leekwars.generator.FightFunctions.getCellContent, -1)), load(sysexec(com.leekwars.generator.FightFunctions.isEmptyCell, load(sysexec(com.leekwars.generator.FightFunctions.getCell, new Object[] { null })))), load(sysexec(com.leekwars.generator.FightFunctions.isEmptyCell, load(sysexec(com.leekwars.generator.FightFunctions.getCell, 1)))), load(sysexec(com.leekwars.generator.FightFunctions.isEmptyCell, 1)), load(sysexec(com.leekwars.generator.FightFunctions.isEmptyCell, 17)), load(sysexec(com.leekwars.generator.FightFunctions.isEmptyCell, -1)), load(sysexec(com.leekwars.generator.FightFunctions.isObstacle, load(sysexec(com.leekwars.generator.FightFunctions.getCell, new Object[] { null })))), load(sysexec(com.leekwars.generator.FightFunctions.isObstacle, load(sysexec(com.leekwars.generator.FightFunctions.getCell, 1)))), load(sysexec(com.leekwars.generator.FightFunctions.isObstacle, 1)), load(sysexec(com.leekwars.generator.FightFunctions.isObstacle, 17)), load(sysexec(com.leekwars.generator.FightFunctions.isObstacle, -1)), load(sysexec(com.leekwars.generator.FightFunctions.isLeek, load(sysexec(com.leekwars.generator.FightFunctions.getCell, new Object[] { null })))), load(sysexec(com.leekwars.generator.FightFunctions.isLeek, load(sysexec(com.leekwars.generator.FightFunctions.getCell, 1)))), load(sysexec(com.leekwars.generator.FightFunctions.isLeek, 1)), load(sysexec(com.leekwars.generator.FightFunctions.isLeek, 17)), load(sysexec(com.leekwars.generator.FightFunctions.isLeek, -1)), load(sysexec(com.leekwars.generator.FightFunctions.getCellX, load(sysexec(com.leekwars.generator.FightFunctions.getCell, new Object[] { null })))), load(sysexec(com.leekwars.generator.FightFunctions.getCellX, load(sysexec(com.leekwars.generator.FightFunctions.getCell, 1)))), load(sysexec(com.leekwars.generator.FightFunctions.getCellX, 1)), load(sysexec(com.leekwars.generator.FightFunctions.getCellX, 17)), load(sysexec(com.leekwars.generator.FightFunctions.getCellX, -1)), load(sysexec(com.leekwars.generator.FightFunctions.getCellY, load(sysexec(com.leekwars.generator.FightFunctions.getCell, new Object[] { null })))), load(sysexec(com.leekwars.generator.FightFunctions.getCellY, load(sysexec(com.leekwars.generator.FightFunctions.getCell, 1)))), load(sysexec(com.leekwars.generator.FightFunctions.getCellY, 1)), load(sysexec(com.leekwars.generator.FightFunctions.getCellY, 17)), load(sysexec(com.leekwars.generator.FightFunctions.getCellY, -1)), load(sysexec(com.leekwars.generator.FightFunctions.getNearestEnemy)), load(sysexec(com.leekwars.generator.FightFunctions.getFarestEnemy)), load(sysexec(com.leekwars.generator.FightFunctions.getTurn)), load(sysexec(LeekFunctions.string, load(sysexec(com.leekwars.generator.FightFunctions.getAliveEnemies)))), load(sysexec(com.leekwars.generator.FightFunctions.getAliveEnemiesCount)), load(sysexec(LeekFunctions.string, load(sysexec(com.leekwars.generator.FightFunctions.getDeadEnemies)))), load(sysexec(com.leekwars.generator.FightFunctions.getDeadEnemiesCount)), load(sysexec(LeekFunctions.string, load(sysexec(com.leekwars.generator.FightFunctions.getEnemies)))), load(sysexec(LeekFunctions.string, load(sysexec(com.leekwars.generator.FightFunctions.getAllies)))), load(sysexec(com.leekwars.generator.FightFunctions.getEnemiesCount)), load(sysexec(com.leekwars.generator.FightFunctions.getNearestAlly)), load(sysexec(com.leekwars.generator.FightFunctions.getFarestAlly)), load(sysexec(com.leekwars.generator.FightFunctions.getFarestAlly)), load(sysexec(LeekFunctions.string, load(sysexec(com.leekwars.generator.FightFunctions.getAliveAllies)))), load(sysexec(LeekFunctions.string, load(sysexec(com.leekwars.generator.FightFunctions.getDeadAllies)))), load(sysexec(com.leekwars.generator.FightFunctions.getAlliesCount)) }, false), 7);&#13;&#10;                                                                                                                                                                                                                                                                                                                                                                                                                                                                                                                                                                                                                                                                                                                                                                                                                                                                                                                                                                                                                                                                                                                                                                                                                                                                                                                                                                                                                                                        ^&#13;&#10;AI_7.java:12: error: package com.leekwars.generator does not exist&#13;&#10;return ops(new ArrayLeekValue(AI_7.this, new Object[] { load(sysexec(com.leekwars.generator.FightFunctions.getDistance, 164, 200)), load(sysexec(com.leekwars.generator.FightFunctions.getDistance, 17, 595)), load(sysexec(com.leekwars.generator.FightFunctions.getCellDistance, 164, 200)), load(sysexec(com.leekwars.generator.FightFunctions.getCellDistance, 17, 595)), load(sysexec(com.leekwars.generator.FightFunctions.getLeekOnCell, load(sysexec(com.leekwars.generator.FightFunctions.getCell, new Object[] { null })))), load(sysexec(com.leekwars.generator.FightFunctions.getLeekOnCell, load(sysexec(com.leekwars.generator.FightFunctions.getCell, 1)))), load(sysexec(com.leekwars.generator.FightFunctions.getLeekOnCell, 1)), load(sysexec(com.leekwars.generator.FightFunctions.getLeekOnCell, -1)), load(sysexec(com.leekwars.generator.FightFunctions.getCellContent, load(sysexec(com.leekwars.generator.FightFunctions.getCell, new Object[] { null })))), load(sysexec(com.leekwars.generator.FightFunctions.getCellContent, load(sysexec(com.leekwars.generator.FightFunctions.getCell, 1)))), load(sysexec(com.leekwars.generator.FightFunctions.getCellContent, 1)), load(sysexec(com.leekwars.generator.FightFunctions.getCellContent, 17)), load(sysexec(com.leekwars.generator.FightFunctions.getCellContent, -1)), load(sysexec(com.leekwars.generator.FightFunctions.isEmptyCell, load(sysexec(com.leekwars.generator.FightFunctions.getCell, new Object[] { null })))), load(sysexec(com.leekwars.generator.FightFunctions.isEmptyCell, load(sysexec(com.leekwars.generator.FightFunctions.getCell, 1)))), load(sysexec(com.leekwars.generator.FightFunctions.isEmptyCell, 1)), load(sysexec(com.leekwars.generator.FightFunctions.isEmptyCell, 17)), load(sysexec(com.leekwars.generator.FightFunctions.isEmptyCell, -1)), load(sysexec(com.leekwars.generator.FightFunctions.isObstacle, load(sysexec(com.leekwars.generator.FightFunctions.getCell, new Object[] { null })))), load(sysexec(com.leekwars.generator.FightFunctions.isObstacle, load(sysexec(com.leekwars.generator.FightFunctions.getCell, 1)))), load(sysexec(com.leekwars.generator.FightFunctions.isObstacle, 1)), load(sysexec(com.leekwars.generator.FightFunctions.isObstacle, 17)), load(sysexec(com.leekwars.generator.FightFunctions.isObstacle, -1)), load(sysexec(com.leekwars.generator.FightFunctions.isLeek, load(sysexec(com.leekwars.generator.FightFunctions.getCell, new Object[] { null })))), load(sysexec(com.leekwars.generator.FightFunctions.isLeek, load(sysexec(com.leekwars.generator.FightFunctions.getCell, 1)))), load(sysexec(com.leekwars.generator.FightFunctions.isLeek, 1)), load(sysexec(com.leekwars.generator.FightFunctions.isLeek, 17)), load(sysexec(com.leekwars.generator.FightFunctions.isLeek, -1)), load(sysexec(com.leekwars.generator.FightFunctions.getCellX, load(sysexec(com.leekwars.generator.FightFunctions.getCell, new Object[] { null })))), load(sysexec(com.leekwars.generator.FightFunctions.getCellX, load(sysexec(com.leekwars.generator.FightFunctions.getCell, 1)))), load(sysexec(com.leekwars.generator.FightFunctions.getCellX, 1)), load(sysexec(com.leekwars.generator.FightFunctions.getCellX, 17)), load(sysexec(com.leekwars.generator.FightFunctions.getCellX, -1)), load(sysexec(com.leekwars.generator.FightFunctions.getCellY, load(sysexec(com.leekwars.generator.FightFunctions.getCell, new Object[] { null })))), load(sysexec(com.leekwars.generator.FightFunctions.getCellY, load(sysexec(com.leekwars.generator.FightFunctions.getCell, 1)))), load(sysexec(com.leekwars.generator.FightFunctions.getCellY, 1)), load(sysexec(com.leekwars.generator.FightFunctions.getCellY, 17)), load(sysexec(com.leekwars.generator.FightFunctions.getCellY, -1)), load(sysexec(com.leekwars.generator.FightFunctions.getNearestEnemy)), load(sysexec(com.leekwars.generator.FightFunctions.getFarestEnemy)), load(sysexec(com.leekwars.generator.FightFunctions.getTurn)), load(sysexec(LeekFunctions.string, load(sysexec(com.leekwars.generator.FightFunctions.getAliveEnemies)))), load(sysexec(com.leekwars.generator.FightFunctions.getAliveEnemiesCount)), load(sysexec(LeekFunctions.string, load(sysexec(com.leekwars.generator.FightFunctions.getDeadEnemies)))), load(sysexec(com.leekwars.generator.FightFunctions.getDeadEnemiesCount)), load(sysexec(LeekFunctions.string, load(sysexec(com.leekwars.generator.FightFunctions.getEnemies)))), load(sysexec(LeekFunctions.string, load(sysexec(com.leekwars.generator.FightFunctions.getAllies)))), load(sysexec(com.leekwars.generator.FightFunctions.getEnemiesCount)), load(sysexec(com.leekwars.generator.FightFunctions.getNearestAlly)), load(sysexec(com.leekwars.generator.FightFunctions.getFarestAlly)), load(sysexec(com.leekwars.generator.FightFunctions.getFarestAlly)), load(sysexec(LeekFunctions.string, load(sysexec(com.leekwars.generator.FightFunctions.getAliveAllies)))), load(sysexec(LeekFunctions.string, load(sysexec(com.leekwars.generator.FightFunctions.getDeadAllies)))), load(sysexec(com.leekwars.generator.FightFunctions.getAlliesCount)) }, false), 7);&#13;&#10;                                                                                                                                                                                                                                                                                                                                                                                                                                                                                                                                                                                                                                                                                                                                                                                                                                                                                                                                                                                                                                                                                                                                                                                                                                                                                                                                                                                                                                                                                                                                               ^&#13;&#10;AI_7.java:12: error: package com.leekwars.generator does not exist&#13;&#10;return ops(new ArrayLeekValue(AI_7.this, new Object[] { load(sysexec(com.leekwars.generator.FightFunctions.getDistance, 164, 200)), load(sysexec(com.leekwars.generator.FightFunctions.getDistance, 17, 595)), load(sysexec(com.leekwars.generator.FightFunctions.getCellDistance, 164, 200)), load(sysexec(com.leekwars.generator.FightFunctions.getCellDistance, 17, 595)), load(sysexec(com.leekwars.generator.FightFunctions.getLeekOnCell, load(sysexec(com.leekwars.generator.FightFunctions.getCell, new Object[] { null })))), load(sysexec(com.leekwars.generator.FightFunctions.getLeekOnCell, load(sysexec(com.leekwars.generator.FightFunctions.getCell, 1)))), load(sysexec(com.leekwars.generator.FightFunctions.getLeekOnCell, 1)), load(sysexec(com.leekwars.generator.FightFunctions.getLeekOnCell, -1)), load(sysexec(com.leekwars.generator.FightFunctions.getCellContent, load(sysexec(com.leekwars.generator.FightFunctions.getCell, new Object[] { null })))), load(sysexec(com.leekwars.generator.FightFunctions.getCellContent, load(sysexec(com.leekwars.generator.FightFunctions.getCell, 1)))), load(sysexec(com.leekwars.generator.FightFunctions.getCellContent, 1)), load(sysexec(com.leekwars.generator.FightFunctions.getCellContent, 17)), load(sysexec(com.leekwars.generator.FightFunctions.getCellContent, -1)), load(sysexec(com.leekwars.generator.FightFunctions.isEmptyCell, load(sysexec(com.leekwars.generator.FightFunctions.getCell, new Object[] { null })))), load(sysexec(com.leekwars.generator.FightFunctions.isEmptyCell, load(sysexec(com.leekwars.generator.FightFunctions.getCell, 1)))), load(sysexec(com.leekwars.generator.FightFunctions.isEmptyCell, 1)), load(sysexec(com.leekwars.generator.FightFunctions.isEmptyCell, 17)), load(sysexec(com.leekwars.generator.FightFunctions.isEmptyCell, -1)), load(sysexec(com.leekwars.generator.FightFunctions.isObstacle, load(sysexec(com.leekwars.generator.FightFunctions.getCell, new Object[] { null })))), load(sysexec(com.leekwars.generator.FightFunctions.isObstacle, load(sysexec(com.leekwars.generator.FightFunctions.getCell, 1)))), load(sysexec(com.leekwars.generator.FightFunctions.isObstacle, 1)), load(sysexec(com.leekwars.generator.FightFunctions.isObstacle, 17)), load(sysexec(com.leekwars.generator.FightFunctions.isObstacle, -1)), load(sysexec(com.leekwars.generator.FightFunctions.isLeek, load(sysexec(com.leekwars.generator.FightFunctions.getCell, new Object[] { null })))), load(sysexec(com.leekwars.generator.FightFunctions.isLeek, load(sysexec(com.leekwars.generator.FightFunctions.getCell, 1)))), load(sysexec(com.leekwars.generator.FightFunctions.isLeek, 1)), load(sysexec(com.leekwars.generator.FightFunctions.isLeek, 17)), load(sysexec(com.leekwars.generator.FightFunctions.isLeek, -1)), load(sysexec(com.leekwars.generator.FightFunctions.getCellX, load(sysexec(com.leekwars.generator.FightFunctions.getCell, new Object[] { null })))), load(sysexec(com.leekwars.generator.FightFunctions.getCellX, load(sysexec(com.leekwars.generator.FightFunctions.getCell, 1)))), load(sysexec(com.leekwars.generator.FightFunctions.getCellX, 1)), load(sysexec(com.leekwars.generator.FightFunctions.getCellX, 17)), load(sysexec(com.leekwars.generator.FightFunctions.getCellX, -1)), load(sysexec(com.leekwars.generator.FightFunctions.getCellY, load(sysexec(com.leekwars.generator.FightFunctions.getCell, new Object[] { null })))), load(sysexec(com.leekwars.generator.FightFunctions.getCellY, load(sysexec(com.leekwars.generator.FightFunctions.getCell, 1)))), load(sysexec(com.leekwars.generator.FightFunctions.getCellY, 1)), load(sysexec(com.leekwars.generator.FightFunctions.getCellY, 17)), load(sysexec(com.leekwars.generator.FightFunctions.getCellY, -1)), load(sysexec(com.leekwars.generator.FightFunctions.getNearestEnemy)), load(sysexec(com.leekwars.generator.FightFunctions.getFarestEnemy)), load(sysexec(com.leekwars.generator.FightFunctions.getTurn)), load(sysexec(LeekFunctions.string, load(sysexec(com.leekwars.generator.FightFunctions.getAliveEnemies)))), load(sysexec(com.leekwars.generator.FightFunctions.getAliveEnemiesCount)), load(sysexec(LeekFunctions.string, load(sysexec(com.leekwars.generator.FightFunctions.getDeadEnemies)))), load(sysexec(com.leekwars.generator.FightFunctions.getDeadEnemiesCount)), load(sysexec(LeekFunctions.string, load(sysexec(com.leekwars.generator.FightFunctions.getEnemies)))), load(sysexec(LeekFunctions.string, load(sysexec(com.leekwars.generator.FightFunctions.getAllies)))), load(sysexec(com.leekwars.generator.FightFunctions.getEnemiesCount)), load(sysexec(com.leekwars.generator.FightFunctions.getNearestAlly)), load(sysexec(com.leekwars.generator.FightFunctions.getFarestAlly)), load(sysexec(com.leekwars.generator.FightFunctions.getFarestAlly)), load(sysexec(LeekFunctions.string, load(sysexec(com.leekwars.generator.FightFunctions.getAliveAllies)))), load(sysexec(LeekFunctions.string, load(sysexec(com.leekwars.generator.FightFunctions.getDeadAllies)))), load(sysexec(com.leekwars.generator.FightFunctions.getAlliesCount)) }, false), 7);&#13;&#10;                                                                                                                                                                                                                                                                                                                                                                                                                                                                                                                                                                                                                                                                                                                                                                                                                                                                                                                                                                                                                                                                                                                                                                                                                                                                                                                                                                                                                                                                                                                                                                                                               ^&#13;&#10;AI_7.java:12: error: package com.leekwars.generator does not exist&#13;&#10;return ops(new ArrayLeekValue(AI_7.this, new Object[] { load(sysexec(com.leekwars.generator.FightFunctions.getDistance, 164, 200)), load(sysexec(com.leekwars.generator.FightFunctions.getDistance, 17, 595)), load(sysexec(com.leekwars.generator.FightFunctions.getCellDistance, 164, 200)), load(sysexec(com.leekwars.generator.FightFunctions.getCellDistance, 17, 595)), load(sysexec(com.leekwars.generator.FightFunctions.getLeekOnCell, load(sysexec(com.leekwars.generator.FightFunctions.getCell, new Object[] { null })))), load(sysexec(com.leekwars.generator.FightFunctions.getLeekOnCell, load(sysexec(com.leekwars.generator.FightFunctions.getCell, 1)))), load(sysexec(com.leekwars.generator.FightFunctions.getLeekOnCell, 1)), load(sysexec(com.leekwars.generator.FightFunctions.getLeekOnCell, -1)), load(sysexec(com.leekwars.generator.FightFunctions.getCellContent, load(sysexec(com.leekwars.generator.FightFunctions.getCell, new Object[] { null })))), load(sysexec(com.leekwars.generator.FightFunctions.getCellContent, load(sysexec(com.leekwars.generator.FightFunctions.getCell, 1)))), load(sysexec(com.leekwars.generator.FightFunctions.getCellContent, 1)), load(sysexec(com.leekwars.generator.FightFunctions.getCellContent, 17)), load(sysexec(com.leekwars.generator.FightFunctions.getCellContent, -1)), load(sysexec(com.leekwars.generator.FightFunctions.isEmptyCell, load(sysexec(com.leekwars.generator.FightFunctions.getCell, new Object[] { null })))), load(sysexec(com.leekwars.generator.FightFunctions.isEmptyCell, load(sysexec(com.leekwars.generator.FightFunctions.getCell, 1)))), load(sysexec(com.leekwars.generator.FightFunctions.isEmptyCell, 1)), load(sysexec(com.leekwars.generator.FightFunctions.isEmptyCell, 17)), load(sysexec(com.leekwars.generator.FightFunctions.isEmptyCell, -1)), load(sysexec(com.leekwars.generator.FightFunctions.isObstacle, load(sysexec(com.leekwars.generator.FightFunctions.getCell, new Object[] { null })))), load(sysexec(com.leekwars.generator.FightFunctions.isObstacle, load(sysexec(com.leekwars.generator.FightFunctions.getCell, 1)))), load(sysexec(com.leekwars.generator.FightFunctions.isObstacle, 1)), load(sysexec(com.leekwars.generator.FightFunctions.isObstacle, 17)), load(sysexec(com.leekwars.generator.FightFunctions.isObstacle, -1)), load(sysexec(com.leekwars.generator.FightFunctions.isLeek, load(sysexec(com.leekwars.generator.FightFunctions.getCell, new Object[] { null })))), load(sysexec(com.leekwars.generator.FightFunctions.isLeek, load(sysexec(com.leekwars.generator.FightFunctions.getCell, 1)))), load(sysexec(com.leekwars.generator.FightFunctions.isLeek, 1)), load(sysexec(com.leekwars.generator.FightFunctions.isLeek, 17)), load(sysexec(com.leekwars.generator.FightFunctions.isLeek, -1)), load(sysexec(com.leekwars.generator.FightFunctions.getCellX, load(sysexec(com.leekwars.generator.FightFunctions.getCell, new Object[] { null })))), load(sysexec(com.leekwars.generator.FightFunctions.getCellX, load(sysexec(com.leekwars.generator.FightFunctions.getCell, 1)))), load(sysexec(com.leekwars.generator.FightFunctions.getCellX, 1)), load(sysexec(com.leekwars.generator.FightFunctions.getCellX, 17)), load(sysexec(com.leekwars.generator.FightFunctions.getCellX, -1)), load(sysexec(com.leekwars.generator.FightFunctions.getCellY, load(sysexec(com.leekwars.generator.FightFunctions.getCell, new Object[] { null })))), load(sysexec(com.leekwars.generator.FightFunctions.getCellY, load(sysexec(com.leekwars.generator.FightFunctions.getCell, 1)))), load(sysexec(com.leekwars.generator.FightFunctions.getCellY, 1)), load(sysexec(com.leekwars.generator.FightFunctions.getCellY, 17)), load(sysexec(com.leekwars.generator.FightFunctions.getCellY, -1)), load(sysexec(com.leekwars.generator.FightFunctions.getNearestEnemy)), load(sysexec(com.leekwars.generator.FightFunctions.getFarestEnemy)), load(sysexec(com.leekwars.generator.FightFunctions.getTurn)), load(sysexec(LeekFunctions.string, load(sysexec(com.leekwars.generator.FightFunctions.getAliveEnemies)))), load(sysexec(com.leekwars.generator.FightFunctions.getAliveEnemiesCount)), load(sysexec(LeekFunctions.string, load(sysexec(com.leekwars.generator.FightFunctions.getDeadEnemies)))), load(sysexec(com.leekwars.generator.FightFunctions.getDeadEnemiesCount)), load(sysexec(LeekFunctions.string, load(sysexec(com.leekwars.generator.FightFunctions.getEnemies)))), load(sysexec(LeekFunctions.string, load(sysexec(com.leekwars.generator.FightFunctions.getAllies)))), load(sysexec(com.leekwars.generator.FightFunctions.getEnemiesCount)), load(sysexec(com.leekwars.generator.FightFunctions.getNearestAlly)), load(sysexec(com.leekwars.generator.FightFunctions.getFarestAlly)), load(sysexec(com.leekwars.generator.FightFunctions.getFarestAlly)), load(sysexec(LeekFunctions.string, load(sysexec(com.leekwars.generator.FightFunctions.getAliveAllies)))), load(sysexec(LeekFunctions.string, load(sysexec(com.leekwars.generator.FightFunctions.getDeadAllies)))), load(sysexec(com.leekwars.generator.FightFunctions.getAlliesCount)) }, false), 7);&#13;&#10;                                                                                                                                                                                                                                                                                                                                                                                                                                                                                                                                                                                                                                                                                                                                                                                                                                                                                                                                                                                                                                                                                                                                                                                                                                                                                                                                                                                                                                                                                                                                                                                                                                                                                  ^&#13;&#10;AI_7.java:12: error: package com.leekwars.generator does not exist&#13;&#10;return ops(new ArrayLeekValue(AI_7.this, new Object[] { load(sysexec(com.leekwars.generator.FightFunctions.getDistance, 164, 200)), load(sysexec(com.leekwars.generator.FightFunctions.getDistance, 17, 595)), load(sysexec(com.leekwars.generator.FightFunctions.getCellDistance, 164, 200)), load(sysexec(com.leekwars.generator.FightFunctions.getCellDistance, 17, 595)), load(sysexec(com.leekwars.generator.FightFunctions.getLeekOnCell, load(sysexec(com.leekwars.generator.FightFunctions.getCell, new Object[] { null })))), load(sysexec(com.leekwars.generator.FightFunctions.getLeekOnCell, load(sysexec(com.leekwars.generator.FightFunctions.getCell, 1)))), load(sysexec(com.leekwars.generator.FightFunctions.getLeekOnCell, 1)), load(sysexec(com.leekwars.generator.FightFunctions.getLeekOnCell, -1)), load(sysexec(com.leekwars.generator.FightFunctions.getCellContent, load(sysexec(com.leekwars.generator.FightFunctions.getCell, new Object[] { null })))), load(sysexec(com.leekwars.generator.FightFunctions.getCellContent, load(sysexec(com.leekwars.generator.FightFunctions.getCell, 1)))), load(sysexec(com.leekwars.generator.FightFunctions.getCellContent, 1)), load(sysexec(com.leekwars.generator.FightFunctions.getCellContent, 17)), load(sysexec(com.leekwars.generator.FightFunctions.getCellContent, -1)), load(sysexec(com.leekwars.generator.FightFunctions.isEmptyCell, load(sysexec(com.leekwars.generator.FightFunctions.getCell, new Object[] { null })))), load(sysexec(com.leekwars.generator.FightFunctions.isEmptyCell, load(sysexec(com.leekwars.generator.FightFunctions.getCell, 1)))), load(sysexec(com.leekwars.generator.FightFunctions.isEmptyCell, 1)), load(sysexec(com.leekwars.generator.FightFunctions.isEmptyCell, 17)), load(sysexec(com.leekwars.generator.FightFunctions.isEmptyCell, -1)), load(sysexec(com.leekwars.generator.FightFunctions.isObstacle, load(sysexec(com.leekwars.generator.FightFunctions.getCell, new Object[] { null })))), load(sysexec(com.leekwars.generator.FightFunctions.isObstacle, load(sysexec(com.leekwars.generator.FightFunctions.getCell, 1)))), load(sysexec(com.leekwars.generator.FightFunctions.isObstacle, 1)), load(sysexec(com.leekwars.generator.FightFunctions.isObstacle, 17)), load(sysexec(com.leekwars.generator.FightFunctions.isObstacle, -1)), load(sysexec(com.leekwars.generator.FightFunctions.isLeek, load(sysexec(com.leekwars.generator.FightFunctions.getCell, new Object[] { null })))), load(sysexec(com.leekwars.generator.FightFunctions.isLeek, load(sysexec(com.leekwars.generator.FightFunctions.getCell, 1)))), load(sysexec(com.leekwars.generator.FightFunctions.isLeek, 1)), load(sysexec(com.leekwars.generator.FightFunctions.isLeek, 17)), load(sysexec(com.leekwars.generator.FightFunctions.isLeek, -1)), load(sysexec(com.leekwars.generator.FightFunctions.getCellX, load(sysexec(com.leekwars.generator.FightFunctions.getCell, new Object[] { null })))), load(sysexec(com.leekwars.generator.FightFunctions.getCellX, load(sysexec(com.leekwars.generator.FightFunctions.getCell, 1)))), load(sysexec(com.leekwars.generator.FightFunctions.getCellX, 1)), load(sysexec(com.leekwars.generator.FightFunctions.getCellX, 17)), load(sysexec(com.leekwars.generator.FightFunctions.getCellX, -1)), load(sysexec(com.leekwars.generator.FightFunctions.getCellY, load(sysexec(com.leekwars.generator.FightFunctions.getCell, new Object[] { null })))), load(sysexec(com.leekwars.generator.FightFunctions.getCellY, load(sysexec(com.leekwars.generator.FightFunctions.getCell, 1)))), load(sysexec(com.leekwars.generator.FightFunctions.getCellY, 1)), load(sysexec(com.leekwars.generator.FightFunctions.getCellY, 17)), load(sysexec(com.leekwars.generator.FightFunctions.getCellY, -1)), load(sysexec(com.leekwars.generator.FightFunctions.getNearestEnemy)), load(sysexec(com.leekwars.generator.FightFunctions.getFarestEnemy)), load(sysexec(com.leekwars.generator.FightFunctions.getTurn)), load(sysexec(LeekFunctions.string, load(sysexec(com.leekwars.generator.FightFunctions.getAliveEnemies)))), load(sysexec(com.leekwars.generator.FightFunctions.getAliveEnemiesCount)), load(sysexec(LeekFunctions.string, load(sysexec(com.leekwars.generator.FightFunctions.getDeadEnemies)))), load(sysexec(com.leekwars.generator.FightFunctions.getDeadEnemiesCount)), load(sysexec(LeekFunctions.string, load(sysexec(com.leekwars.generator.FightFunctions.getEnemies)))), load(sysexec(LeekFunctions.string, load(sysexec(com.leekwars.generator.FightFunctions.getAllies)))), load(sysexec(com.leekwars.generator.FightFunctions.getEnemiesCount)), load(sysexec(com.leekwars.generator.FightFunctions.getNearestAlly)), load(sysexec(com.leekwars.generator.FightFunctions.getFarestAlly)), load(sysexec(com.leekwars.generator.FightFunctions.getFarestAlly)), load(sysexec(LeekFunctions.string, load(sysexec(com.leekwars.generator.FightFunctions.getAliveAllies)))), load(sysexec(LeekFunctions.string, load(sysexec(com.leekwars.generator.FightFunctions.getDeadAllies)))), load(sysexec(com.leekwars.generator.FightFunctions.getAlliesCount)) }, false), 7);&#13;&#10;                                                                                                                                                                                                                                                                                                                                                                                                                                                                                                                                                                                                                                                                                                                                                                                                                                                                                                                                                                                                                                                                                                                                                                                                                                                                                                                                                                                                                                                                                                                                                                                                                                                                                                                                                       ^&#13;&#10;AI_7.java:12: error: package com.leekwars.generator does not exist&#13;&#10;return ops(new ArrayLeekValue(AI_7.this, new Object[] { load(sysexec(com.leekwars.generator.FightFunctions.getDistance, 164, 200)), load(sysexec(com.leekwars.generator.FightFunctions.getDistance, 17, 595)), load(sysexec(com.leekwars.generator.FightFunctions.getCellDistance, 164, 200)), load(sysexec(com.leekwars.generator.FightFunctions.getCellDistance, 17, 595)), load(sysexec(com.leekwars.generator.FightFunctions.getLeekOnCell, load(sysexec(com.leekwars.generator.FightFunctions.getCell, new Object[] { null })))), load(sysexec(com.leekwars.generator.FightFunctions.getLeekOnCell, load(sysexec(com.leekwars.generator.FightFunctions.getCell, 1)))), load(sysexec(com.leekwars.generator.FightFunctions.getLeekOnCell, 1)), load(sysexec(com.leekwars.generator.FightFunctions.getLeekOnCell, -1)), load(sysexec(com.leekwars.generator.FightFunctions.getCellContent, load(sysexec(com.leekwars.generator.FightFunctions.getCell, new Object[] { null })))), load(sysexec(com.leekwars.generator.FightFunctions.getCellContent, load(sysexec(com.leekwars.generator.FightFunctions.getCell, 1)))), load(sysexec(com.leekwars.generator.FightFunctions.getCellContent, 1)), load(sysexec(com.leekwars.generator.FightFunctions.getCellContent, 17)), load(sysexec(com.leekwars.generator.FightFunctions.getCellContent, -1)), load(sysexec(com.leekwars.generator.FightFunctions.isEmptyCell, load(sysexec(com.leekwars.generator.FightFunctions.getCell, new Object[] { null })))), load(sysexec(com.leekwars.generator.FightFunctions.isEmptyCell, load(sysexec(com.leekwars.generator.FightFunctions.getCell, 1)))), load(sysexec(com.leekwars.generator.FightFunctions.isEmptyCell, 1)), load(sysexec(com.leekwars.generator.FightFunctions.isEmptyCell, 17)), load(sysexec(com.leekwars.generator.FightFunctions.isEmptyCell, -1)), load(sysexec(com.leekwars.generator.FightFunctions.isObstacle, load(sysexec(com.leekwars.generator.FightFunctions.getCell, new Object[] { null })))), load(sysexec(com.leekwars.generator.FightFunctions.isObstacle, load(sysexec(com.leekwars.generator.FightFunctions.getCell, 1)))), load(sysexec(com.leekwars.generator.FightFunctions.isObstacle, 1)), load(sysexec(com.leekwars.generator.FightFunctions.isObstacle, 17)), load(sysexec(com.leekwars.generator.FightFunctions.isObstacle, -1)), load(sysexec(com.leekwars.generator.FightFunctions.isLeek, load(sysexec(com.leekwars.generator.FightFunctions.getCell, new Object[] { null })))), load(sysexec(com.leekwars.generator.FightFunctions.isLeek, load(sysexec(com.leekwars.generator.FightFunctions.getCell, 1)))), load(sysexec(com.leekwars.generator.FightFunctions.isLeek, 1)), load(sysexec(com.leekwars.generator.FightFunctions.isLeek, 17)), load(sysexec(com.leekwars.generator.FightFunctions.isLeek, -1)), load(sysexec(com.leekwars.generator.FightFunctions.getCellX, load(sysexec(com.leekwars.generator.FightFunctions.getCell, new Object[] { null })))), load(sysexec(com.leekwars.generator.FightFunctions.getCellX, load(sysexec(com.leekwars.generator.FightFunctions.getCell, 1)))), load(sysexec(com.leekwars.generator.FightFunctions.getCellX, 1)), load(sysexec(com.leekwars.generator.FightFunctions.getCellX, 17)), load(sysexec(com.leekwars.generator.FightFunctions.getCellX, -1)), load(sysexec(com.leekwars.generator.FightFunctions.getCellY, load(sysexec(com.leekwars.generator.FightFunctions.getCell, new Object[] { null })))), load(sysexec(com.leekwars.generator.FightFunctions.getCellY, load(sysexec(com.leekwars.generator.FightFunctions.getCell, 1)))), load(sysexec(com.leekwars.generator.FightFunctions.getCellY, 1)), load(sysexec(com.leekwars.generator.FightFunctions.getCellY, 17)), load(sysexec(com.leekwars.generator.FightFunctions.getCellY, -1)), load(sysexec(com.leekwars.generator.FightFunctions.getNearestEnemy)), load(sysexec(com.leekwars.generator.FightFunctions.getFarestEnemy)), load(sysexec(com.leekwars.generator.FightFunctions.getTurn)), load(sysexec(LeekFunctions.string, load(sysexec(com.leekwars.generator.FightFunctions.getAliveEnemies)))), load(sysexec(com.leekwars.generator.FightFunctions.getAliveEnemiesCount)), load(sysexec(LeekFunctions.string, load(sysexec(com.leekwars.generator.FightFunctions.getDeadEnemies)))), load(sysexec(com.leekwars.generator.FightFunctions.getDeadEnemiesCount)), load(sysexec(LeekFunctions.string, load(sysexec(com.leekwars.generator.FightFunctions.getEnemies)))), load(sysexec(LeekFunctions.string, load(sysexec(com.leekwars.generator.FightFunctions.getAllies)))), load(sysexec(com.leekwars.generator.FightFunctions.getEnemiesCount)), load(sysexec(com.leekwars.generator.FightFunctions.getNearestAlly)), load(sysexec(com.leekwars.generator.FightFunctions.getFarestAlly)), load(sysexec(com.leekwars.generator.FightFunctions.getFarestAlly)), load(sysexec(LeekFunctions.string, load(sysexec(com.leekwars.generator.FightFunctions.getAliveAllies)))), load(sysexec(LeekFunctions.string, load(sysexec(com.leekwars.generator.FightFunctions.getDeadAllies)))), load(sysexec(com.leekwars.generator.FightFunctions.getAlliesCount)) }, false), 7);&#13;&#10;                                                                                                                                                                                                                                                                                                                                                                                                                                                                                                                                                                                                                                                                                                                                                                                                                                                                                                                                                                                                                                                                                                                                                                                                                                                                                                                                                                                                                                                                                                                                                                                                                                                                                                                                                                                                                             ^&#13;&#10;AI_7.java:12: error: package com.leekwars.generator does not exist&#13;&#10;return ops(new ArrayLeekValue(AI_7.this, new Object[] { load(sysexec(com.leekwars.generator.FightFunctions.getDistance, 164, 200)), load(sysexec(com.leekwars.generator.FightFunctions.getDistance, 17, 595)), load(sysexec(com.leekwars.generator.FightFunctions.getCellDistance, 164, 200)), load(sysexec(com.leekwars.generator.FightFunctions.getCellDistance, 17, 595)), load(sysexec(com.leekwars.generator.FightFunctions.getLeekOnCell, load(sysexec(com.leekwars.generator.FightFunctions.getCell, new Object[] { null })))), load(sysexec(com.leekwars.generator.FightFunctions.getLeekOnCell, load(sysexec(com.leekwars.generator.FightFunctions.getCell, 1)))), load(sysexec(com.leekwars.generator.FightFunctions.getLeekOnCell, 1)), load(sysexec(com.leekwars.generator.FightFunctions.getLeekOnCell, -1)), load(sysexec(com.leekwars.generator.FightFunctions.getCellContent, load(sysexec(com.leekwars.generator.FightFunctions.getCell, new Object[] { null })))), load(sysexec(com.leekwars.generator.FightFunctions.getCellContent, load(sysexec(com.leekwars.generator.FightFunctions.getCell, 1)))), load(sysexec(com.leekwars.generator.FightFunctions.getCellContent, 1)), load(sysexec(com.leekwars.generator.FightFunctions.getCellContent, 17)), load(sysexec(com.leekwars.generator.FightFunctions.getCellContent, -1)), load(sysexec(com.leekwars.generator.FightFunctions.isEmptyCell, load(sysexec(com.leekwars.generator.FightFunctions.getCell, new Object[] { null })))), load(sysexec(com.leekwars.generator.FightFunctions.isEmptyCell, load(sysexec(com.leekwars.generator.FightFunctions.getCell, 1)))), load(sysexec(com.leekwars.generator.FightFunctions.isEmptyCell, 1)), load(sysexec(com.leekwars.generator.FightFunctions.isEmptyCell, 17)), load(sysexec(com.leekwars.generator.FightFunctions.isEmptyCell, -1)), load(sysexec(com.leekwars.generator.FightFunctions.isObstacle, load(sysexec(com.leekwars.generator.FightFunctions.getCell, new Object[] { null })))), load(sysexec(com.leekwars.generator.FightFunctions.isObstacle, load(sysexec(com.leekwars.generator.FightFunctions.getCell, 1)))), load(sysexec(com.leekwars.generator.FightFunctions.isObstacle, 1)), load(sysexec(com.leekwars.generator.FightFunctions.isObstacle, 17)), load(sysexec(com.leekwars.generator.FightFunctions.isObstacle, -1)), load(sysexec(com.leekwars.generator.FightFunctions.isLeek, load(sysexec(com.leekwars.generator.FightFunctions.getCell, new Object[] { null })))), load(sysexec(com.leekwars.generator.FightFunctions.isLeek, load(sysexec(com.leekwars.generator.FightFunctions.getCell, 1)))), load(sysexec(com.leekwars.generator.FightFunctions.isLeek, 1)), load(sysexec(com.leekwars.generator.FightFunctions.isLeek, 17)), load(sysexec(com.leekwars.generator.FightFunctions.isLeek, -1)), load(sysexec(com.leekwars.generator.FightFunctions.getCellX, load(sysexec(com.leekwars.generator.FightFunctions.getCell, new Object[] { null })))), load(sysexec(com.leekwars.generator.FightFunctions.getCellX, load(sysexec(com.leekwars.generator.FightFunctions.getCell, 1)))), load(sysexec(com.leekwars.generator.FightFunctions.getCellX, 1)), load(sysexec(com.leekwars.generator.FightFunctions.getCellX, 17)), load(sysexec(com.leekwars.generator.FightFunctions.getCellX, -1)), load(sysexec(com.leekwars.generator.FightFunctions.getCellY, load(sysexec(com.leekwars.generator.FightFunctions.getCell, new Object[] { null })))), load(sysexec(com.leekwars.generator.FightFunctions.getCellY, load(sysexec(com.leekwars.generator.FightFunctions.getCell, 1)))), load(sysexec(com.leekwars.generator.FightFunctions.getCellY, 1)), load(sysexec(com.leekwars.generator.FightFunctions.getCellY, 17)), load(sysexec(com.leekwars.generator.FightFunctions.getCellY, -1)), load(sysexec(com.leekwars.generator.FightFunctions.getNearestEnemy)), load(sysexec(com.leekwars.generator.FightFunctions.getFarestEnemy)), load(sysexec(com.leekwars.generator.FightFunctions.getTurn)), load(sysexec(LeekFunctions.string, load(sysexec(com.leekwars.generator.FightFunctions.getAliveEnemies)))), load(sysexec(com.leekwars.generator.FightFunctions.getAliveEnemiesCount)), load(sysexec(LeekFunctions.string, load(sysexec(com.leekwars.generator.FightFunctions.getDeadEnemies)))), load(sysexec(com.leekwars.generator.FightFunctions.getDeadEnemiesCount)), load(sysexec(LeekFunctions.string, load(sysexec(com.leekwars.generator.FightFunctions.getEnemies)))), load(sysexec(LeekFunctions.string, load(sysexec(com.leekwars.generator.FightFunctions.getAllies)))), load(sysexec(com.leekwars.generator.FightFunctions.getEnemiesCount)), load(sysexec(com.leekwars.generator.FightFunctions.getNearestAlly)), load(sysexec(com.leekwars.generator.FightFunctions.getFarestAlly)), load(sysexec(com.leekwars.generator.FightFunctions.getFarestAlly)), load(sysexec(LeekFunctions.string, load(sysexec(com.leekwars.generator.FightFunctions.getAliveAllies)))), load(sysexec(LeekFunctions.string, load(sysexec(com.leekwars.generator.FightFunctions.getDeadAllies)))), load(sysexec(com.leekwars.generator.FightFunctions.getAlliesCount)) }, false), 7);&#13;&#10;                                                                                                                                                                                                                                                                                                                                                                                                                                                                                                                                                                                                                                                                                                                                                                                                                                                                                                                                                                                                                                                                                                                                                                                                                                                                                                                                                                                                                                                                                                                                                                                                                                                                                                                                                                                                                                                                                                   ^&#13;&#10;AI_7.java:12: error: package com.leekwars.generator does not exist&#13;&#10;return ops(new ArrayLeekValue(AI_7.this, new Object[] { load(sysexec(com.leekwars.generator.FightFunctions.getDistance, 164, 200)), load(sysexec(com.leekwars.generator.FightFunctions.getDistance, 17, 595)), load(sysexec(com.leekwars.generator.FightFunctions.getCellDistance, 164, 200)), load(sysexec(com.leekwars.generator.FightFunctions.getCellDistance, 17, 595)), load(sysexec(com.leekwars.generator.FightFunctions.getLeekOnCell, load(sysexec(com.leekwars.generator.FightFunctions.getCell, new Object[] { null })))), load(sysexec(com.leekwars.generator.FightFunctions.getLeekOnCell, load(sysexec(com.leekwars.generator.FightFunctions.getCell, 1)))), load(sysexec(com.leekwars.generator.FightFunctions.getLeekOnCell, 1)), load(sysexec(com.leekwars.generator.FightFunctions.getLeekOnCell, -1)), load(sysexec(com.leekwars.generator.FightFunctions.getCellContent, load(sysexec(com.leekwars.generator.FightFunctions.getCell, new Object[] { null })))), load(sysexec(com.leekwars.generator.FightFunctions.getCellContent, load(sysexec(com.leekwars.generator.FightFunctions.getCell, 1)))), load(sysexec(com.leekwars.generator.FightFunctions.getCellContent, 1)), load(sysexec(com.leekwars.generator.FightFunctions.getCellContent, 17)), load(sysexec(com.leekwars.generator.FightFunctions.getCellContent, -1)), load(sysexec(com.leekwars.generator.FightFunctions.isEmptyCell, load(sysexec(com.leekwars.generator.FightFunctions.getCell, new Object[] { null })))), load(sysexec(com.leekwars.generator.FightFunctions.isEmptyCell, load(sysexec(com.leekwars.generator.FightFunctions.getCell, 1)))), load(sysexec(com.leekwars.generator.FightFunctions.isEmptyCell, 1)), load(sysexec(com.leekwars.generator.FightFunctions.isEmptyCell, 17)), load(sysexec(com.leekwars.generator.FightFunctions.isEmptyCell, -1)), load(sysexec(com.leekwars.generator.FightFunctions.isObstacle, load(sysexec(com.leekwars.generator.FightFunctions.getCell, new Object[] { null })))), load(sysexec(com.leekwars.generator.FightFunctions.isObstacle, load(sysexec(com.leekwars.generator.FightFunctions.getCell, 1)))), load(sysexec(com.leekwars.generator.FightFunctions.isObstacle, 1)), load(sysexec(com.leekwars.generator.FightFunctions.isObstacle, 17)), load(sysexec(com.leekwars.generator.FightFunctions.isObstacle, -1)), load(sysexec(com.leekwars.generator.FightFunctions.isLeek, load(sysexec(com.leekwars.generator.FightFunctions.getCell, new Object[] { null })))), load(sysexec(com.leekwars.generator.FightFunctions.isLeek, load(sysexec(com.leekwars.generator.FightFunctions.getCell, 1)))), load(sysexec(com.leekwars.generator.FightFunctions.isLeek, 1)), load(sysexec(com.leekwars.generator.FightFunctions.isLeek, 17)), load(sysexec(com.leekwars.generator.FightFunctions.isLeek, -1)), load(sysexec(com.leekwars.generator.FightFunctions.getCellX, load(sysexec(com.leekwars.generator.FightFunctions.getCell, new Object[] { null })))), load(sysexec(com.leekwars.generator.FightFunctions.getCellX, load(sysexec(com.leekwars.generator.FightFunctions.getCell, 1)))), load(sysexec(com.leekwars.generator.FightFunctions.getCellX, 1)), load(sysexec(com.leekwars.generator.FightFunctions.getCellX, 17)), load(sysexec(com.leekwars.generator.FightFunctions.getCellX, -1)), load(sysexec(com.leekwars.generator.FightFunctions.getCellY, load(sysexec(com.leekwars.generator.FightFunctions.getCell, new Object[] { null })))), load(sysexec(com.leekwars.generator.FightFunctions.getCellY, load(sysexec(com.leekwars.generator.FightFunctions.getCell, 1)))), load(sysexec(com.leekwars.generator.FightFunctions.getCellY, 1)), load(sysexec(com.leekwars.generator.FightFunctions.getCellY, 17)), load(sysexec(com.leekwars.generator.FightFunctions.getCellY, -1)), load(sysexec(com.leekwars.generator.FightFunctions.getNearestEnemy)), load(sysexec(com.leekwars.generator.FightFunctions.getFarestEnemy)), load(sysexec(com.leekwars.generator.FightFunctions.getTurn)), load(sysexec(LeekFunctions.string, load(sysexec(com.leekwars.generator.FightFunctions.getAliveEnemies)))), load(sysexec(com.leekwars.generator.FightFunctions.getAliveEnemiesCount)), load(sysexec(LeekFunctions.string, load(sysexec(com.leekwars.generator.FightFunctions.getDeadEnemies)))), load(sysexec(com.leekwars.generator.FightFunctions.getDeadEnemiesCount)), load(sysexec(LeekFunctions.string, load(sysexec(com.leekwars.generator.FightFunctions.getEnemies)))), load(sysexec(LeekFunctions.string, load(sysexec(com.leekwars.generator.FightFunctions.getAllies)))), load(sysexec(com.leekwars.generator.FightFunctions.getEnemiesCount)), load(sysexec(com.leekwars.generator.FightFunctions.getNearestAlly)), load(sysexec(com.leekwars.generator.FightFunctions.getFarestAlly)), load(sysexec(com.leekwars.generator.FightFunctions.getFarestAlly)), load(sysexec(LeekFunctions.string, load(sysexec(com.leekwars.generator.FightFunctions.getAliveAllies)))), load(sysexec(LeekFunctions.string, load(sysexec(com.leekwars.generator.FightFunctions.getDeadAllies)))), load(sysexec(com.leekwars.generator.FightFunctions.getAlliesCount)) }, false), 7);&#13;&#10;                                                                                                                                                                                                                                                                                                                                                                                                                                                                                                                                                                                                                                                                                                                                                                                                                                                                                                                                                                                                                                                                                                                                                                                                                                                                                                                                                                                                                                                                                                                                                                                                                                                                                                                                                                                                                                                                                                                                                                  ^&#13;&#10;AI_7.java:12: error: package com.leekwars.generator does not exist&#13;&#10;return ops(new ArrayLeekValue(AI_7.this, new Object[] { load(sysexec(com.leekwars.generator.FightFunctions.getDistance, 164, 200)), load(sysexec(com.leekwars.generator.FightFunctions.getDistance, 17, 595)), load(sysexec(com.leekwars.generator.FightFunctions.getCellDistance, 164, 200)), load(sysexec(com.leekwars.generator.FightFunctions.getCellDistance, 17, 595)), load(sysexec(com.leekwars.generator.FightFunctions.getLeekOnCell, load(sysexec(com.leekwars.generator.FightFunctions.getCell, new Object[] { null })))), load(sysexec(com.leekwars.generator.FightFunctions.getLeekOnCell, load(sysexec(com.leekwars.generator.FightFunctions.getCell, 1)))), load(sysexec(com.leekwars.generator.FightFunctions.getLeekOnCell, 1)), load(sysexec(com.leekwars.generator.FightFunctions.getLeekOnCell, -1)), load(sysexec(com.leekwars.generator.FightFunctions.getCellContent, load(sysexec(com.leekwars.generator.FightFunctions.getCell, new Object[] { null })))), load(sysexec(com.leekwars.generator.FightFunctions.getCellContent, load(sysexec(com.leekwars.generator.FightFunctions.getCell, 1)))), load(sysexec(com.leekwars.generator.FightFunctions.getCellContent, 1)), load(sysexec(com.leekwars.generator.FightFunctions.getCellContent, 17)), load(sysexec(com.leekwars.generator.FightFunctions.getCellContent, -1)), load(sysexec(com.leekwars.generator.FightFunctions.isEmptyCell, load(sysexec(com.leekwars.generator.FightFunctions.getCell, new Object[] { null })))), load(sysexec(com.leekwars.generator.FightFunctions.isEmptyCell, load(sysexec(com.leekwars.generator.FightFunctions.getCell, 1)))), load(sysexec(com.leekwars.generator.FightFunctions.isEmptyCell, 1)), load(sysexec(com.leekwars.generator.FightFunctions.isEmptyCell, 17)), load(sysexec(com.leekwars.generator.FightFunctions.isEmptyCell, -1)), load(sysexec(com.leekwars.generator.FightFunctions.isObstacle, load(sysexec(com.leekwars.generator.FightFunctions.getCell, new Object[] { null })))), load(sysexec(com.leekwars.generator.FightFunctions.isObstacle, load(sysexec(com.leekwars.generator.FightFunctions.getCell, 1)))), load(sysexec(com.leekwars.generator.FightFunctions.isObstacle, 1)), load(sysexec(com.leekwars.generator.FightFunctions.isObstacle, 17)), load(sysexec(com.leekwars.generator.FightFunctions.isObstacle, -1)), load(sysexec(com.leekwars.generator.FightFunctions.isLeek, load(sysexec(com.leekwars.generator.FightFunctions.getCell, new Object[] { null })))), load(sysexec(com.leekwars.generator.FightFunctions.isLeek, load(sysexec(com.leekwars.generator.FightFunctions.getCell, 1)))), load(sysexec(com.leekwars.generator.FightFunctions.isLeek, 1)), load(sysexec(com.leekwars.generator.FightFunctions.isLeek, 17)), load(sysexec(com.leekwars.generator.FightFunctions.isLeek, -1)), load(sysexec(com.leekwars.generator.FightFunctions.getCellX, load(sysexec(com.leekwars.generator.FightFunctions.getCell, new Object[] { null })))), load(sysexec(com.leekwars.generator.FightFunctions.getCellX, load(sysexec(com.leekwars.generator.FightFunctions.getCell, 1)))), load(sysexec(com.leekwars.generator.FightFunctions.getCellX, 1)), load(sysexec(com.leekwars.generator.FightFunctions.getCellX, 17)), load(sysexec(com.leekwars.generator.FightFunctions.getCellX, -1)), load(sysexec(com.leekwars.generator.FightFunctions.getCellY, load(sysexec(com.leekwars.generator.FightFunctions.getCell, new Object[] { null })))), load(sysexec(com.leekwars.generator.FightFunctions.getCellY, load(sysexec(com.leekwars.generator.FightFunctions.getCell, 1)))), load(sysexec(com.leekwars.generator.FightFunctions.getCellY, 1)), load(sysexec(com.leekwars.generator.FightFunctions.getCellY, 17)), load(sysexec(com.leekwars.generator.FightFunctions.getCellY, -1)), load(sysexec(com.leekwars.generator.FightFunctions.getNearestEnemy)), load(sysexec(com.leekwars.generator.FightFunctions.getFarestEnemy)), load(sysexec(com.leekwars.generator.FightFunctions.getTurn)), load(sysexec(LeekFunctions.string, load(sysexec(com.leekwars.generator.FightFunctions.getAliveEnemies)))), load(sysexec(com.leekwars.generator.FightFunctions.getAliveEnemiesCount)), load(sysexec(LeekFunctions.string, load(sysexec(com.leekwars.generator.FightFunctions.getDeadEnemies)))), load(sysexec(com.leekwars.generator.FightFunctions.getDeadEnemiesCount)), load(sysexec(LeekFunctions.string, load(sysexec(com.leekwars.generator.FightFunctions.getEnemies)))), load(sysexec(LeekFunctions.string, load(sysexec(com.leekwars.generator.FightFunctions.getAllies)))), load(sysexec(com.leekwars.generator.FightFunctions.getEnemiesCount)), load(sysexec(com.leekwars.generator.FightFunctions.getNearestAlly)), load(sysexec(com.leekwars.generator.FightFunctions.getFarestAlly)), load(sysexec(com.leekwars.generator.FightFunctions.getFarestAlly)), load(sysexec(LeekFunctions.string, load(sysexec(com.leekwars.generator.FightFunctions.getAliveAllies)))), load(sysexec(LeekFunctions.string, load(sysexec(com.leekwars.generator.FightFunctions.getDeadAllies)))), load(sysexec(com.leekwars.generator.FightFunctions.getAlliesCount)) }, false), 7);&#13;&#10;                                                                                                                                                                                                                                                                                                                                                                                                                                                                                                                                                                                                                                                                                                                                                                                                                                                                                                                                                                                                                                                                                                                                                                                                                                                                                                                                                                                                                                                                                                                                                                                                                                                                                                                                                                                                                                                                                                                                                                                                                                                         ^&#13;&#10;AI_7.java:12: error: package com.leekwars.generator does not exist&#13;&#10;return ops(new ArrayLeekValue(AI_7.this, new Object[] { load(sysexec(com.leekwars.generator.FightFunctions.getDistance, 164, 200)), load(sysexec(com.leekwars.generator.FightFunctions.getDistance, 17, 595)), load(sysexec(com.leekwars.generator.FightFunctions.getCellDistance, 164, 200)), load(sysexec(com.leekwars.generator.FightFunctions.getCellDistance, 17, 595)), load(sysexec(com.leekwars.generator.FightFunctions.getLeekOnCell, load(sysexec(com.leekwars.generator.FightFunctions.getCell, new Object[] { null })))), load(sysexec(com.leekwars.generator.FightFunctions.getLeekOnCell, load(sysexec(com.leekwars.generator.FightFunctions.getCell, 1)))), load(sysexec(com.leekwars.generator.FightFunctions.getLeekOnCell, 1)), load(sysexec(com.leekwars.generator.FightFunctions.getLeekOnCell, -1)), load(sysexec(com.leekwars.generator.FightFunctions.getCellContent, load(sysexec(com.leekwars.generator.FightFunctions.getCell, new Object[] { null })))), load(sysexec(com.leekwars.generator.FightFunctions.getCellContent, load(sysexec(com.leekwars.generator.FightFunctions.getCell, 1)))), load(sysexec(com.leekwars.generator.FightFunctions.getCellContent, 1)), load(sysexec(com.leekwars.generator.FightFunctions.getCellContent, 17)), load(sysexec(com.leekwars.generator.FightFunctions.getCellContent, -1)), load(sysexec(com.leekwars.generator.FightFunctions.isEmptyCell, load(sysexec(com.leekwars.generator.FightFunctions.getCell, new Object[] { null })))), load(sysexec(com.leekwars.generator.FightFunctions.isEmptyCell, load(sysexec(com.leekwars.generator.FightFunctions.getCell, 1)))), load(sysexec(com.leekwars.generator.FightFunctions.isEmptyCell, 1)), load(sysexec(com.leekwars.generator.FightFunctions.isEmptyCell, 17)), load(sysexec(com.leekwars.generator.FightFunctions.isEmptyCell, -1)), load(sysexec(com.leekwars.generator.FightFunctions.isObstacle, load(sysexec(com.leekwars.generator.FightFunctions.getCell, new Object[] { null })))), load(sysexec(com.leekwars.generator.FightFunctions.isObstacle, load(sysexec(com.leekwars.generator.FightFunctions.getCell, 1)))), load(sysexec(com.leekwars.generator.FightFunctions.isObstacle, 1)), load(sysexec(com.leekwars.generator.FightFunctions.isObstacle, 17)), load(sysexec(com.leekwars.generator.FightFunctions.isObstacle, -1)), load(sysexec(com.leekwars.generator.FightFunctions.isLeek, load(sysexec(com.leekwars.generator.FightFunctions.getCell, new Object[] { null })))), load(sysexec(com.leekwars.generator.FightFunctions.isLeek, load(sysexec(com.leekwars.generator.FightFunctions.getCell, 1)))), load(sysexec(com.leekwars.generator.FightFunctions.isLeek, 1)), load(sysexec(com.leekwars.generator.FightFunctions.isLeek, 17)), load(sysexec(com.leekwars.generator.FightFunctions.isLeek, -1)), load(sysexec(com.leekwars.generator.FightFunctions.getCellX, load(sysexec(com.leekwars.generator.FightFunctions.getCell, new Object[] { null })))), load(sysexec(com.leekwars.generator.FightFunctions.getCellX, load(sysexec(com.leekwars.generator.FightFunctions.getCell, 1)))), load(sysexec(com.leekwars.generator.FightFunctions.getCellX, 1)), load(sysexec(com.leekwars.generator.FightFunctions.getCellX, 17)), load(sysexec(com.leekwars.generator.FightFunctions.getCellX, -1)), load(sysexec(com.leekwars.generator.FightFunctions.getCellY, load(sysexec(com.leekwars.generator.FightFunctions.getCell, new Object[] { null })))), load(sysexec(com.leekwars.generator.FightFunctions.getCellY, load(sysexec(com.leekwars.generator.FightFunctions.getCell, 1)))), load(sysexec(com.leekwars.generator.FightFunctions.getCellY, 1)), load(sysexec(com.leekwars.generator.FightFunctions.getCellY, 17)), load(sysexec(com.leekwars.generator.FightFunctions.getCellY, -1)), load(sysexec(com.leekwars.generator.FightFunctions.getNearestEnemy)), load(sysexec(com.leekwars.generator.FightFunctions.getFarestEnemy)), load(sysexec(com.leekwars.generator.FightFunctions.getTurn)), load(sysexec(LeekFunctions.string, load(sysexec(com.leekwars.generator.FightFunctions.getAliveEnemies)))), load(sysexec(com.leekwars.generator.FightFunctions.getAliveEnemiesCount)), load(sysexec(LeekFunctions.string, load(sysexec(com.leekwars.generator.FightFunctions.getDeadEnemies)))), load(sysexec(com.leekwars.generator.FightFunctions.getDeadEnemiesCount)), load(sysexec(LeekFunctions.string, load(sysexec(com.leekwars.generator.FightFunctions.getEnemies)))), load(sysexec(LeekFunctions.string, load(sysexec(com.leekwars.generator.FightFunctions.getAllies)))), load(sysexec(com.leekwars.generator.FightFunctions.getEnemiesCount)), load(sysexec(com.leekwars.generator.FightFunctions.getNearestAlly)), load(sysexec(com.leekwars.generator.FightFunctions.getFarestAlly)), load(sysexec(com.leekwars.generator.FightFunctions.getFarestAlly)), load(sysexec(LeekFunctions.string, load(sysexec(com.leekwars.generator.FightFunctions.getAliveAllies)))), load(sysexec(LeekFunctions.string, load(sysexec(com.leekwars.generator.FightFunctions.getDeadAllies)))), load(sysexec(com.leekwars.generator.FightFunctions.getAlliesCount)) }, false), 7);&#13;&#10;                                                                                                                                                                                                                                                                                                                                                                                                                                                                                                                                                                                                                                                                                                                                                                                                                                                                                                                                                                                                                                                                                                                                                                                                                                                                                                                                                                                                                                                                                                                                                                                                                                                                                                                                                                                                                                                                                                                                                                                                                                                                                                                        ^&#13;&#10;AI_7.java:12: error: package com.leekwars.generator does not exist&#13;&#10;return ops(new ArrayLeekValue(AI_7.this, new Object[] { load(sysexec(com.leekwars.generator.FightFunctions.getDistance, 164, 200)), load(sysexec(com.leekwars.generator.FightFunctions.getDistance, 17, 595)), load(sysexec(com.leekwars.generator.FightFunctions.getCellDistance, 164, 200)), load(sysexec(com.leekwars.generator.FightFunctions.getCellDistance, 17, 595)), load(sysexec(com.leekwars.generator.FightFunctions.getLeekOnCell, load(sysexec(com.leekwars.generator.FightFunctions.getCell, new Object[] { null })))), load(sysexec(com.leekwars.generator.FightFunctions.getLeekOnCell, load(sysexec(com.leekwars.generator.FightFunctions.getCell, 1)))), load(sysexec(com.leekwars.generator.FightFunctions.getLeekOnCell, 1)), load(sysexec(com.leekwars.generator.FightFunctions.getLeekOnCell, -1)), load(sysexec(com.leekwars.generator.FightFunctions.getCellContent, load(sysexec(com.leekwars.generator.FightFunctions.getCell, new Object[] { null })))), load(sysexec(com.leekwars.generator.FightFunctions.getCellContent, load(sysexec(com.leekwars.generator.FightFunctions.getCell, 1)))), load(sysexec(com.leekwars.generator.FightFunctions.getCellContent, 1)), load(sysexec(com.leekwars.generator.FightFunctions.getCellContent, 17)), load(sysexec(com.leekwars.generator.FightFunctions.getCellContent, -1)), load(sysexec(com.leekwars.generator.FightFunctions.isEmptyCell, load(sysexec(com.leekwars.generator.FightFunctions.getCell, new Object[] { null })))), load(sysexec(com.leekwars.generator.FightFunctions.isEmptyCell, load(sysexec(com.leekwars.generator.FightFunctions.getCell, 1)))), load(sysexec(com.leekwars.generator.FightFunctions.isEmptyCell, 1)), load(sysexec(com.leekwars.generator.FightFunctions.isEmptyCell, 17)), load(sysexec(com.leekwars.generator.FightFunctions.isEmptyCell, -1)), load(sysexec(com.leekwars.generator.FightFunctions.isObstacle, load(sysexec(com.leekwars.generator.FightFunctions.getCell, new Object[] { null })))), load(sysexec(com.leekwars.generator.FightFunctions.isObstacle, load(sysexec(com.leekwars.generator.FightFunctions.getCell, 1)))), load(sysexec(com.leekwars.generator.FightFunctions.isObstacle, 1)), load(sysexec(com.leekwars.generator.FightFunctions.isObstacle, 17)), load(sysexec(com.leekwars.generator.FightFunctions.isObstacle, -1)), load(sysexec(com.leekwars.generator.FightFunctions.isLeek, load(sysexec(com.leekwars.generator.FightFunctions.getCell, new Object[] { null })))), load(sysexec(com.leekwars.generator.FightFunctions.isLeek, load(sysexec(com.leekwars.generator.FightFunctions.getCell, 1)))), load(sysexec(com.leekwars.generator.FightFunctions.isLeek, 1)), load(sysexec(com.leekwars.generator.FightFunctions.isLeek, 17)), load(sysexec(com.leekwars.generator.FightFunctions.isLeek, -1)), load(sysexec(com.leekwars.generator.FightFunctions.getCellX, load(sysexec(com.leekwars.generator.FightFunctions.getCell, new Object[] { null })))), load(sysexec(com.leekwars.generator.FightFunctions.getCellX, load(sysexec(com.leekwars.generator.FightFunctions.getCell, 1)))), load(sysexec(com.leekwars.generator.FightFunctions.getCellX, 1)), load(sysexec(com.leekwars.generator.FightFunctions.getCellX, 17)), load(sysexec(com.leekwars.generator.FightFunctions.getCellX, -1)), load(sysexec(com.leekwars.generator.FightFunctions.getCellY, load(sysexec(com.leekwars.generator.FightFunctions.getCell, new Object[] { null })))), load(sysexec(com.leekwars.generator.FightFunctions.getCellY, load(sysexec(com.leekwars.generator.FightFunctions.getCell, 1)))), load(sysexec(com.leekwars.generator.FightFunctions.getCellY, 1)), load(sysexec(com.leekwars.generator.FightFunctions.getCellY, 17)), load(sysexec(com.leekwars.generator.FightFunctions.getCellY, -1)), load(sysexec(com.leekwars.generator.FightFunctions.getNearestEnemy)), load(sysexec(com.leekwars.generator.FightFunctions.getFarestEnemy)), load(sysexec(com.leekwars.generator.FightFunctions.getTurn)), load(sysexec(LeekFunctions.string, load(sysexec(com.leekwars.generator.FightFunctions.getAliveEnemies)))), load(sysexec(com.leekwars.generator.FightFunctions.getAliveEnemiesCount)), load(sysexec(LeekFunctions.string, load(sysexec(com.leekwars.generator.FightFunctions.getDeadEnemies)))), load(sysexec(com.leekwars.generator.FightFunctions.getDeadEnemiesCount)), load(sysexec(LeekFunctions.string, load(sysexec(com.leekwars.generator.FightFunctions.getEnemies)))), load(sysexec(LeekFunctions.string, load(sysexec(com.leekwars.generator.FightFunctions.getAllies)))), load(sysexec(com.leekwars.generator.FightFunctions.getEnemiesCount)), load(sysexec(com.leekwars.generator.FightFunctions.getNearestAlly)), load(sysexec(com.leekwars.generator.FightFunctions.getFarestAlly)), load(sysexec(com.leekwars.generator.FightFunctions.getFarestAlly)), load(sysexec(LeekFunctions.string, load(sysexec(com.leekwars.generator.FightFunctions.getAliveAllies)))), load(sysexec(LeekFunctions.string, load(sysexec(com.leekwars.generator.FightFunctions.getDeadAllies)))), load(sysexec(com.leekwars.generator.FightFunctions.getAlliesCount)) }, false), 7);&#13;&#10;                                                                                                                                                                                                                                                                                                                                                                                                                                                                                                                                                                                                                                                                                                                                                                                                                                                                                                                                                                                                                                                                                                                                                                                                                                                                                                                                                                                                                                                                                                                                                                                                                                                                                                                                                                                                                                                                                                                                                                                                                                                                                                                                                                                           ^&#13;&#10;AI_7.java:12: error: package com.leekwars.generator does not exist&#13;&#10;return ops(new ArrayLeekValue(AI_7.this, new Object[] { load(sysexec(com.leekwars.generator.FightFunctions.getDistance, 164, 200)), load(sysexec(com.leekwars.generator.FightFunctions.getDistance, 17, 595)), load(sysexec(com.leekwars.generator.FightFunctions.getCellDistance, 164, 200)), load(sysexec(com.leekwars.generator.FightFunctions.getCellDistance, 17, 595)), load(sysexec(com.leekwars.generator.FightFunctions.getLeekOnCell, load(sysexec(com.leekwars.generator.FightFunctions.getCell, new Object[] { null })))), load(sysexec(com.leekwars.generator.FightFunctions.getLeekOnCell, load(sysexec(com.leekwars.generator.FightFunctions.getCell, 1)))), load(sysexec(com.leekwars.generator.FightFunctions.getLeekOnCell, 1)), load(sysexec(com.leekwars.generator.FightFunctions.getLeekOnCell, -1)), load(sysexec(com.leekwars.generator.FightFunctions.getCellContent, load(sysexec(com.leekwars.generator.FightFunctions.getCell, new Object[] { null })))), load(sysexec(com.leekwars.generator.FightFunctions.getCellContent, load(sysexec(com.leekwars.generator.FightFunctions.getCell, 1)))), load(sysexec(com.leekwars.generator.FightFunctions.getCellContent, 1)), load(sysexec(com.leekwars.generator.FightFunctions.getCellContent, 17)), load(sysexec(com.leekwars.generator.FightFunctions.getCellContent, -1)), load(sysexec(com.leekwars.generator.FightFunctions.isEmptyCell, load(sysexec(com.leekwars.generator.FightFunctions.getCell, new Object[] { null })))), load(sysexec(com.leekwars.generator.FightFunctions.isEmptyCell, load(sysexec(com.leekwars.generator.FightFunctions.getCell, 1)))), load(sysexec(com.leekwars.generator.FightFunctions.isEmptyCell, 1)), load(sysexec(com.leekwars.generator.FightFunctions.isEmptyCell, 17)), load(sysexec(com.leekwars.generator.FightFunctions.isEmptyCell, -1)), load(sysexec(com.leekwars.generator.FightFunctions.isObstacle, load(sysexec(com.leekwars.generator.FightFunctions.getCell, new Object[] { null })))), load(sysexec(com.leekwars.generator.FightFunctions.isObstacle, load(sysexec(com.leekwars.generator.FightFunctions.getCell, 1)))), load(sysexec(com.leekwars.generator.FightFunctions.isObstacle, 1)), load(sysexec(com.leekwars.generator.FightFunctions.isObstacle, 17)), load(sysexec(com.leekwars.generator.FightFunctions.isObstacle, -1)), load(sysexec(com.leekwars.generator.FightFunctions.isLeek, load(sysexec(com.leekwars.generator.FightFunctions.getCell, new Object[] { null })))), load(sysexec(com.leekwars.generator.FightFunctions.isLeek, load(sysexec(com.leekwars.generator.FightFunctions.getCell, 1)))), load(sysexec(com.leekwars.generator.FightFunctions.isLeek, 1)), load(sysexec(com.leekwars.generator.FightFunctions.isLeek, 17)), load(sysexec(com.leekwars.generator.FightFunctions.isLeek, -1)), load(sysexec(com.leekwars.generator.FightFunctions.getCellX, load(sysexec(com.leekwars.generator.FightFunctions.getCell, new Object[] { null })))), load(sysexec(com.leekwars.generator.FightFunctions.getCellX, load(sysexec(com.leekwars.generator.FightFunctions.getCell, 1)))), load(sysexec(com.leekwars.generator.FightFunctions.getCellX, 1)), load(sysexec(com.leekwars.generator.FightFunctions.getCellX, 17)), load(sysexec(com.leekwars.generator.FightFunctions.getCellX, -1)), load(sysexec(com.leekwars.generator.FightFunctions.getCellY, load(sysexec(com.leekwars.generator.FightFunctions.getCell, new Object[] { null })))), load(sysexec(com.leekwars.generator.FightFunctions.getCellY, load(sysexec(com.leekwars.generator.FightFunctions.getCell, 1)))), load(sysexec(com.leekwars.generator.FightFunctions.getCellY, 1)), load(sysexec(com.leekwars.generator.FightFunctions.getCellY, 17)), load(sysexec(com.leekwars.generator.FightFunctions.getCellY, -1)), load(sysexec(com.leekwars.generator.FightFunctions.getNearestEnemy)), load(sysexec(com.leekwars.generator.FightFunctions.getFarestEnemy)), load(sysexec(com.leekwars.generator.FightFunctions.getTurn)), load(sysexec(LeekFunctions.string, load(sysexec(com.leekwars.generator.FightFunctions.getAliveEnemies)))), load(sysexec(com.leekwars.generator.FightFunctions.getAliveEnemiesCount)), load(sysexec(LeekFunctions.string, load(sysexec(com.leekwars.generator.FightFunctions.getDeadEnemies)))), load(sysexec(com.leekwars.generator.FightFunctions.getDeadEnemiesCount)), load(sysexec(LeekFunctions.string, load(sysexec(com.leekwars.generator.FightFunctions.getEnemies)))), load(sysexec(LeekFunctions.string, load(sysexec(com.leekwars.generator.FightFunctions.getAllies)))), load(sysexec(com.leekwars.generator.FightFunctions.getEnemiesCount)), load(sysexec(com.leekwars.generator.FightFunctions.getNearestAlly)), load(sysexec(com.leekwars.generator.FightFunctions.getFarestAlly)), load(sysexec(com.leekwars.generator.FightFunctions.getFarestAlly)), load(sysexec(LeekFunctions.string, load(sysexec(com.leekwars.generator.FightFunctions.getAliveAllies)))), load(sysexec(LeekFunctions.string, load(sysexec(com.leekwars.generator.FightFunctions.getDeadAllies)))), load(sysexec(com.leekwars.generator.FightFunctions.getAlliesCount)) }, false), 7);&#13;&#10;                                                                                                                                                                                                                                                                                                                                                                                                                                                                                                                                                                                                                                                                                                                                                                                                                                                                                                                                                                                                                                                                                                                                                                                                                                                                                                                                                                                                                                                                                                                                                                                                                                                                                                                                                                                                                                                                                                                                                                                                                                                                                                                                                                                                                                                               ^&#13;&#10;AI_7.java:12: error: package com.leekwars.generator does not exist&#13;&#10;return ops(new ArrayLeekValue(AI_7.this, new Object[] { load(sysexec(com.leekwars.generator.FightFunctions.getDistance, 164, 200)), load(sysexec(com.leekwars.generator.FightFunctions.getDistance, 17, 595)), load(sysexec(com.leekwars.generator.FightFunctions.getCellDistance, 164, 200)), load(sysexec(com.leekwars.generator.FightFunctions.getCellDistance, 17, 595)), load(sysexec(com.leekwars.generator.FightFunctions.getLeekOnCell, load(sysexec(com.leekwars.generator.FightFunctions.getCell, new Object[] { null })))), load(sysexec(com.leekwars.generator.FightFunctions.getLeekOnCell, load(sysexec(com.leekwars.generator.FightFunctions.getCell, 1)))), load(sysexec(com.leekwars.generator.FightFunctions.getLeekOnCell, 1)), load(sysexec(com.leekwars.generator.FightFunctions.getLeekOnCell, -1)), load(sysexec(com.leekwars.generator.FightFunctions.getCellContent, load(sysexec(com.leekwars.generator.FightFunctions.getCell, new Object[] { null })))), load(sysexec(com.leekwars.generator.FightFunctions.getCellContent, load(sysexec(com.leekwars.generator.FightFunctions.getCell, 1)))), load(sysexec(com.leekwars.generator.FightFunctions.getCellContent, 1)), load(sysexec(com.leekwars.generator.FightFunctions.getCellContent, 17)), load(sysexec(com.leekwars.generator.FightFunctions.getCellContent, -1)), load(sysexec(com.leekwars.generator.FightFunctions.isEmptyCell, load(sysexec(com.leekwars.generator.FightFunctions.getCell, new Object[] { null })))), load(sysexec(com.leekwars.generator.FightFunctions.isEmptyCell, load(sysexec(com.leekwars.generator.FightFunctions.getCell, 1)))), load(sysexec(com.leekwars.generator.FightFunctions.isEmptyCell, 1)), load(sysexec(com.leekwars.generator.FightFunctions.isEmptyCell, 17)), load(sysexec(com.leekwars.generator.FightFunctions.isEmptyCell, -1)), load(sysexec(com.leekwars.generator.FightFunctions.isObstacle, load(sysexec(com.leekwars.generator.FightFunctions.getCell, new Object[] { null })))), load(sysexec(com.leekwars.generator.FightFunctions.isObstacle, load(sysexec(com.leekwars.generator.FightFunctions.getCell, 1)))), load(sysexec(com.leekwars.generator.FightFunctions.isObstacle, 1)), load(sysexec(com.leekwars.generator.FightFunctions.isObstacle, 17)), load(sysexec(com.leekwars.generator.FightFunctions.isObstacle, -1)), load(sysexec(com.leekwars.generator.FightFunctions.isLeek, load(sysexec(com.leekwars.generator.FightFunctions.getCell, new Object[] { null })))), load(sysexec(com.leekwars.generator.FightFunctions.isLeek, load(sysexec(com.leekwars.generator.FightFunctions.getCell, 1)))), load(sysexec(com.leekwars.generator.FightFunctions.isLeek, 1)), load(sysexec(com.leekwars.generator.FightFunctions.isLeek, 17)), load(sysexec(com.leekwars.generator.FightFunctions.isLeek, -1)), load(sysexec(com.leekwars.generator.FightFunctions.getCellX, load(sysexec(com.leekwars.generator.FightFunctions.getCell, new Object[] { null })))), load(sysexec(com.leekwars.generator.FightFunctions.getCellX, load(sysexec(com.leekwars.generator.FightFunctions.getCell, 1)))), load(sysexec(com.leekwars.generator.FightFunctions.getCellX, 1)), load(sysexec(com.leekwars.generator.FightFunctions.getCellX, 17)), load(sysexec(com.leekwars.generator.FightFunctions.getCellX, -1)), load(sysexec(com.leekwars.generator.FightFunctions.getCellY, load(sysexec(com.leekwars.generator.FightFunctions.getCell, new Object[] { null })))), load(sysexec(com.leekwars.generator.FightFunctions.getCellY, load(sysexec(com.leekwars.generator.FightFunctions.getCell, 1)))), load(sysexec(com.leekwars.generator.FightFunctions.getCellY, 1)), load(sysexec(com.leekwars.generator.FightFunctions.getCellY, 17)), load(sysexec(com.leekwars.generator.FightFunctions.getCellY, -1)), load(sysexec(com.leekwars.generator.FightFunctions.getNearestEnemy)), load(sysexec(com.leekwars.generator.FightFunctions.getFarestEnemy)), load(sysexec(com.leekwars.generator.FightFunctions.getTurn)), load(sysexec(LeekFunctions.string, load(sysexec(com.leekwars.generator.FightFunctions.getAliveEnemies)))), load(sysexec(com.leekwars.generator.FightFunctions.getAliveEnemiesCount)), load(sysexec(LeekFunctions.string, load(sysexec(com.leekwars.generator.FightFunctions.getDeadEnemies)))), load(sysexec(com.leekwars.generator.FightFunctions.getDeadEnemiesCount)), load(sysexec(LeekFunctions.string, load(sysexec(com.leekwars.generator.FightFunctions.getEnemies)))), load(sysexec(LeekFunctions.string, load(sysexec(com.leekwars.generator.FightFunctions.getAllies)))), load(sysexec(com.leekwars.generator.FightFunctions.getEnemiesCount)), load(sysexec(com.leekwars.generator.FightFunctions.getNearestAlly)), load(sysexec(com.leekwars.generator.FightFunctions.getFarestAlly)), load(sysexec(com.leekwars.generator.FightFunctions.getFarestAlly)), load(sysexec(LeekFunctions.string, load(sysexec(com.leekwars.generator.FightFunctions.getAliveAllies)))), load(sysexec(LeekFunctions.string, load(sysexec(com.leekwars.generator.FightFunctions.getDeadAllies)))), load(sysexec(com.leekwars.generator.FightFunctions.getAlliesCount)) }, false), 7);&#13;&#10;                                                                                                                                                                                                                                                                                                                                                                                                                                                                                                                                                                                                                                                                                                                                                                                                                                                                                                                                                                                                                                                                                                                                                                                                                                                                                                                                                                                                                                                                                                                                                                                                                                                                                                                                                                                                                                                                                                                                                                                                                                                                                                                                                                                                                                                                                                                                    ^&#13;&#10;AI_7.java:12: error: package com.leekwars.generator does not exist&#13;&#10;return ops(new ArrayLeekValue(AI_7.this, new Object[] { load(sysexec(com.leekwars.generator.FightFunctions.getDistance, 164, 200)), load(sysexec(com.leekwars.generator.FightFunctions.getDistance, 17, 595)), load(sysexec(com.leekwars.generator.FightFunctions.getCellDistance, 164, 200)), load(sysexec(com.leekwars.generator.FightFunctions.getCellDistance, 17, 595)), load(sysexec(com.leekwars.generator.FightFunctions.getLeekOnCell, load(sysexec(com.leekwars.generator.FightFunctions.getCell, new Object[] { null })))), load(sysexec(com.leekwars.generator.FightFunctions.getLeekOnCell, load(sysexec(com.leekwars.generator.FightFunctions.getCell, 1)))), load(sysexec(com.leekwars.generator.FightFunctions.getLeekOnCell, 1)), load(sysexec(com.leekwars.generator.FightFunctions.getLeekOnCell, -1)), load(sysexec(com.leekwars.generator.FightFunctions.getCellContent, load(sysexec(com.leekwars.generator.FightFunctions.getCell, new Object[] { null })))), load(sysexec(com.leekwars.generator.FightFunctions.getCellContent, load(sysexec(com.leekwars.generator.FightFunctions.getCell, 1)))), load(sysexec(com.leekwars.generator.FightFunctions.getCellContent, 1)), load(sysexec(com.leekwars.generator.FightFunctions.getCellContent, 17)), load(sysexec(com.leekwars.generator.FightFunctions.getCellContent, -1)), load(sysexec(com.leekwars.generator.FightFunctions.isEmptyCell, load(sysexec(com.leekwars.generator.FightFunctions.getCell, new Object[] { null })))), load(sysexec(com.leekwars.generator.FightFunctions.isEmptyCell, load(sysexec(com.leekwars.generator.FightFunctions.getCell, 1)))), load(sysexec(com.leekwars.generator.FightFunctions.isEmptyCell, 1)), load(sysexec(com.leekwars.generator.FightFunctions.isEmptyCell, 17)), load(sysexec(com.leekwars.generator.FightFunctions.isEmptyCell, -1)), load(sysexec(com.leekwars.generator.FightFunctions.isObstacle, load(sysexec(com.leekwars.generator.FightFunctions.getCell, new Object[] { null })))), load(sysexec(com.leekwars.generator.FightFunctions.isObstacle, load(sysexec(com.leekwars.generator.FightFunctions.getCell, 1)))), load(sysexec(com.leekwars.generator.FightFunctions.isObstacle, 1)), load(sysexec(com.leekwars.generator.FightFunctions.isObstacle, 17)), load(sysexec(com.leekwars.generator.FightFunctions.isObstacle, -1)), load(sysexec(com.leekwars.generator.FightFunctions.isLeek, load(sysexec(com.leekwars.generator.FightFunctions.getCell, new Object[] { null })))), load(sysexec(com.leekwars.generator.FightFunctions.isLeek, load(sysexec(com.leekwars.generator.FightFunctions.getCell, 1)))), load(sysexec(com.leekwars.generator.FightFunctions.isLeek, 1)), load(sysexec(com.leekwars.generator.FightFunctions.isLeek, 17)), load(sysexec(com.leekwars.generator.FightFunctions.isLeek, -1)), load(sysexec(com.leekwars.generator.FightFunctions.getCellX, load(sysexec(com.leekwars.generator.FightFunctions.getCell, new Object[] { null })))), load(sysexec(com.leekwars.generator.FightFunctions.getCellX, load(sysexec(com.leekwars.generator.FightFunctions.getCell, 1)))), load(sysexec(com.leekwars.generator.FightFunctions.getCellX, 1)), load(sysexec(com.leekwars.generator.FightFunctions.getCellX, 17)), load(sysexec(com.leekwars.generator.FightFunctions.getCellX, -1)), load(sysexec(com.leekwars.generator.FightFunctions.getCellY, load(sysexec(com.leekwars.generator.FightFunctions.getCell, new Object[] { null })))), load(sysexec(com.leekwars.generator.FightFunctions.getCellY, load(sysexec(com.leekwars.generator.FightFunctions.getCell, 1)))), load(sysexec(com.leekwars.generator.FightFunctions.getCellY, 1)), load(sysexec(com.leekwars.generator.FightFunctions.getCellY, 17)), load(sysexec(com.leekwars.generator.FightFunctions.getCellY, -1)), load(sysexec(com.leekwars.generator.FightFunctions.getNearestEnemy)), load(sysexec(com.leekwars.generator.FightFunctions.getFarestEnemy)), load(sysexec(com.leekwars.generator.FightFunctions.getTurn)), load(sysexec(LeekFunctions.string, load(sysexec(com.leekwars.generator.FightFunctions.getAliveEnemies)))), load(sysexec(com.leekwars.generator.FightFunctions.getAliveEnemiesCount)), load(sysexec(LeekFunctions.string, load(sysexec(com.leekwars.generator.FightFunctions.getDeadEnemies)))), load(sysexec(com.leekwars.generator.FightFunctions.getDeadEnemiesCount)), load(sysexec(LeekFunctions.string, load(sysexec(com.leekwars.generator.FightFunctions.getEnemies)))), load(sysexec(LeekFunctions.string, load(sysexec(com.leekwars.generator.FightFunctions.getAllies)))), load(sysexec(com.leekwars.generator.FightFunctions.getEnemiesCount)), load(sysexec(com.leekwars.generator.FightFunctions.getNearestAlly)), load(sysexec(com.leekwars.generator.FightFunctions.getFarestAlly)), load(sysexec(com.leekwars.generator.FightFunctions.getFarestAlly)), load(sysexec(LeekFunctions.string, load(sysexec(com.leekwars.generator.FightFunctions.getAliveAllies)))), load(sysexec(LeekFunctions.string, load(sysexec(com.leekwars.generator.FightFunctions.getDeadAllies)))), load(sysexec(com.leekwars.generator.FightFunctions.getAlliesCount)) }, false), 7);&#13;&#10;                                                                                                                                                                                                                                                                                                                                                                                                                                                                                                                                                                                                                                                                                                                                                                                                                                                                                                                                                                                                                                                                                                                                                                                                                                                                                                                                                                                                                                                                                                                                                                                                                                                                                                                                                                                                                                                                                                                                                                                                                                                                                                                                                                                                                                                                                                                                                                                                         ^&#13;&#10;AI_7.java:12: error: package com.leekwars.generator does not exist&#13;&#10;return ops(new ArrayLeekValue(AI_7.this, new Object[] { load(sysexec(com.leekwars.generator.FightFunctions.getDistance, 164, 200)), load(sysexec(com.leekwars.generator.FightFunctions.getDistance, 17, 595)), load(sysexec(com.leekwars.generator.FightFunctions.getCellDistance, 164, 200)), load(sysexec(com.leekwars.generator.FightFunctions.getCellDistance, 17, 595)), load(sysexec(com.leekwars.generator.FightFunctions.getLeekOnCell, load(sysexec(com.leekwars.generator.FightFunctions.getCell, new Object[] { null })))), load(sysexec(com.leekwars.generator.FightFunctions.getLeekOnCell, load(sysexec(com.leekwars.generator.FightFunctions.getCell, 1)))), load(sysexec(com.leekwars.generator.FightFunctions.getLeekOnCell, 1)), load(sysexec(com.leekwars.generator.FightFunctions.getLeekOnCell, -1)), load(sysexec(com.leekwars.generator.FightFunctions.getCellContent, load(sysexec(com.leekwars.generator.FightFunctions.getCell, new Object[] { null })))), load(sysexec(com.leekwars.generator.FightFunctions.getCellContent, load(sysexec(com.leekwars.generator.FightFunctions.getCell, 1)))), load(sysexec(com.leekwars.generator.FightFunctions.getCellContent, 1)), load(sysexec(com.leekwars.generator.FightFunctions.getCellContent, 17)), load(sysexec(com.leekwars.generator.FightFunctions.getCellContent, -1)), load(sysexec(com.leekwars.generator.FightFunctions.isEmptyCell, load(sysexec(com.leekwars.generator.FightFunctions.getCell, new Object[] { null })))), load(sysexec(com.leekwars.generator.FightFunctions.isEmptyCell, load(sysexec(com.leekwars.generator.FightFunctions.getCell, 1)))), load(sysexec(com.leekwars.generator.FightFunctions.isEmptyCell, 1)), load(sysexec(com.leekwars.generator.FightFunctions.isEmptyCell, 17)), load(sysexec(com.leekwars.generator.FightFunctions.isEmptyCell, -1)), load(sysexec(com.leekwars.generator.FightFunctions.isObstacle, load(sysexec(com.leekwars.generator.FightFunctions.getCell, new Object[] { null })))), load(sysexec(com.leekwars.generator.FightFunctions.isObstacle, load(sysexec(com.leekwars.generator.FightFunctions.getCell, 1)))), load(sysexec(com.leekwars.generator.FightFunctions.isObstacle, 1)), load(sysexec(com.leekwars.generator.FightFunctions.isObstacle, 17)), load(sysexec(com.leekwars.generator.FightFunctions.isObstacle, -1)), load(sysexec(com.leekwars.generator.FightFunctions.isLeek, load(sysexec(com.leekwars.generator.FightFunctions.getCell, new Object[] { null })))), load(sysexec(com.leekwars.generator.FightFunctions.isLeek, load(sysexec(com.leekwars.generator.FightFunctions.getCell, 1)))), load(sysexec(com.leekwars.generator.FightFunctions.isLeek, 1)), load(sysexec(com.leekwars.generator.FightFunctions.isLeek, 17)), load(sysexec(com.leekwars.generator.FightFunctions.isLeek, -1)), load(sysexec(com.leekwars.generator.FightFunctions.getCellX, load(sysexec(com.leekwars.generator.FightFunctions.getCell, new Object[] { null })))), load(sysexec(com.leekwars.generator.FightFunctions.getCellX, load(sysexec(com.leekwars.generator.FightFunctions.getCell, 1)))), load(sysexec(com.leekwars.generator.FightFunctions.getCellX, 1)), load(sysexec(com.leekwars.generator.FightFunctions.getCellX, 17)), load(sysexec(com.leekwars.generator.FightFunctions.getCellX, -1)), load(sysexec(com.leekwars.generator.FightFunctions.getCellY, load(sysexec(com.leekwars.generator.FightFunctions.getCell, new Object[] { null })))), load(sysexec(com.leekwars.generator.FightFunctions.getCellY, load(sysexec(com.leekwars.generator.FightFunctions.getCell, 1)))), load(sysexec(com.leekwars.generator.FightFunctions.getCellY, 1)), load(sysexec(com.leekwars.generator.FightFunctions.getCellY, 17)), load(sysexec(com.leekwars.generator.FightFunctions.getCellY, -1)), load(sysexec(com.leekwars.generator.FightFunctions.getNearestEnemy)), load(sysexec(com.leekwars.generator.FightFunctions.getFarestEnemy)), load(sysexec(com.leekwars.generator.FightFunctions.getTurn)), load(sysexec(LeekFunctions.string, load(sysexec(com.leekwars.generator.FightFunctions.getAliveEnemies)))), load(sysexec(com.leekwars.generator.FightFunctions.getAliveEnemiesCount)), load(sysexec(LeekFunctions.string, load(sysexec(com.leekwars.generator.FightFunctions.getDeadEnemies)))), load(sysexec(com.leekwars.generator.FightFunctions.getDeadEnemiesCount)), load(sysexec(LeekFunctions.string, load(sysexec(com.leekwars.generator.FightFunctions.getEnemies)))), load(sysexec(LeekFunctions.string, load(sysexec(com.leekwars.generator.FightFunctions.getAllies)))), load(sysexec(com.leekwars.generator.FightFunctions.getEnemiesCount)), load(sysexec(com.leekwars.generator.FightFunctions.getNearestAlly)), load(sysexec(com.leekwars.generator.FightFunctions.getFarestAlly)), load(sysexec(com.leekwars.generator.FightFunctions.getFarestAlly)), load(sysexec(LeekFunctions.string, load(sysexec(com.leekwars.generator.FightFunctions.getAliveAllies)))), load(sysexec(LeekFunctions.string, load(sysexec(com.leekwars.generator.FightFunctions.getDeadAllies)))), load(sysexec(com.leekwars.generator.FightFunctions.getAlliesCount)) }, false), 7);&#13;&#10;                                                                                                                                                                                                                                                                                                                                                                                                                                                                                                                                                                                                                                                                                                                                                                                                                                                                                                                                                                                                                                                                                                                                                                                                                                                                                                                                                                                                                                                                                                                                                                                                                                                                                                                                                                                                                                                                                                                                                                                                                                                                                                                                                                                                                                                                                                                                                                                                                                                                    ^&#13;&#10;AI_7.java:12: error: package com.leekwars.generator does not exist&#13;&#10;return ops(new ArrayLeekValue(AI_7.this, new Object[] { load(sysexec(com.leekwars.generator.FightFunctions.getDistance, 164, 200)), load(sysexec(com.leekwars.generator.FightFunctions.getDistance, 17, 595)), load(sysexec(com.leekwars.generator.FightFunctions.getCellDistance, 164, 200)), load(sysexec(com.leekwars.generator.FightFunctions.getCellDistance, 17, 595)), load(sysexec(com.leekwars.generator.FightFunctions.getLeekOnCell, load(sysexec(com.leekwars.generator.FightFunctions.getCell, new Object[] { null })))), load(sysexec(com.leekwars.generator.FightFunctions.getLeekOnCell, load(sysexec(com.leekwars.generator.FightFunctions.getCell, 1)))), load(sysexec(com.leekwars.generator.FightFunctions.getLeekOnCell, 1)), load(sysexec(com.leekwars.generator.FightFunctions.getLeekOnCell, -1)), load(sysexec(com.leekwars.generator.FightFunctions.getCellContent, load(sysexec(com.leekwars.generator.FightFunctions.getCell, new Object[] { null })))), load(sysexec(com.leekwars.generator.FightFunctions.getCellContent, load(sysexec(com.leekwars.generator.FightFunctions.getCell, 1)))), load(sysexec(com.leekwars.generator.FightFunctions.getCellContent, 1)), load(sysexec(com.leekwars.generator.FightFunctions.getCellContent, 17)), load(sysexec(com.leekwars.generator.FightFunctions.getCellContent, -1)), load(sysexec(com.leekwars.generator.FightFunctions.isEmptyCell, load(sysexec(com.leekwars.generator.FightFunctions.getCell, new Object[] { null })))), load(sysexec(com.leekwars.generator.FightFunctions.isEmptyCell, load(sysexec(com.leekwars.generator.FightFunctions.getCell, 1)))), load(sysexec(com.leekwars.generator.FightFunctions.isEmptyCell, 1)), load(sysexec(com.leekwars.generator.FightFunctions.isEmptyCell, 17)), load(sysexec(com.leekwars.generator.FightFunctions.isEmptyCell, -1)), load(sysexec(com.leekwars.generator.FightFunctions.isObstacle, load(sysexec(com.leekwars.generator.FightFunctions.getCell, new Object[] { null })))), load(sysexec(com.leekwars.generator.FightFunctions.isObstacle, load(sysexec(com.leekwars.generator.FightFunctions.getCell, 1)))), load(sysexec(com.leekwars.generator.FightFunctions.isObstacle, 1)), load(sysexec(com.leekwars.generator.FightFunctions.isObstacle, 17)), load(sysexec(com.leekwars.generator.FightFunctions.isObstacle, -1)), load(sysexec(com.leekwars.generator.FightFunctions.isLeek, load(sysexec(com.leekwars.generator.FightFunctions.getCell, new Object[] { null })))), load(sysexec(com.leekwars.generator.FightFunctions.isLeek, load(sysexec(com.leekwars.generator.FightFunctions.getCell, 1)))), load(sysexec(com.leekwars.generator.FightFunctions.isLeek, 1)), load(sysexec(com.leekwars.generator.FightFunctions.isLeek, 17)), load(sysexec(com.leekwars.generator.FightFunctions.isLeek, -1)), load(sysexec(com.leekwars.generator.FightFunctions.getCellX, load(sysexec(com.leekwars.generator.FightFunctions.getCell, new Object[] { null })))), load(sysexec(com.leekwars.generator.FightFunctions.getCellX, load(sysexec(com.leekwars.generator.FightFunctions.getCell, 1)))), load(sysexec(com.leekwars.generator.FightFunctions.getCellX, 1)), load(sysexec(com.leekwars.generator.FightFunctions.getCellX, 17)), load(sysexec(com.leekwars.generator.FightFunctions.getCellX, -1)), load(sysexec(com.leekwars.generator.FightFunctions.getCellY, load(sysexec(com.leekwars.generator.FightFunctions.getCell, new Object[] { null })))), load(sysexec(com.leekwars.generator.FightFunctions.getCellY, load(sysexec(com.leekwars.generator.FightFunctions.getCell, 1)))), load(sysexec(com.leekwars.generator.FightFunctions.getCellY, 1)), load(sysexec(com.leekwars.generator.FightFunctions.getCellY, 17)), load(sysexec(com.leekwars.generator.FightFunctions.getCellY, -1)), load(sysexec(com.leekwars.generator.FightFunctions.getNearestEnemy)), load(sysexec(com.leekwars.generator.FightFunctions.getFarestEnemy)), load(sysexec(com.leekwars.generator.FightFunctions.getTurn)), load(sysexec(LeekFunctions.string, load(sysexec(com.leekwars.generator.FightFunctions.getAliveEnemies)))), load(sysexec(com.leekwars.generator.FightFunctions.getAliveEnemiesCount)), load(sysexec(LeekFunctions.string, load(sysexec(com.leekwars.generator.FightFunctions.getDeadEnemies)))), load(sysexec(com.leekwars.generator.FightFunctions.getDeadEnemiesCount)), load(sysexec(LeekFunctions.string, load(sysexec(com.leekwars.generator.FightFunctions.getEnemies)))), load(sysexec(LeekFunctions.string, load(sysexec(com.leekwars.generator.FightFunctions.getAllies)))), load(sysexec(com.leekwars.generator.FightFunctions.getEnemiesCount)), load(sysexec(com.leekwars.generator.FightFunctions.getNearestAlly)), load(sysexec(com.leekwars.generator.FightFunctions.getFarestAlly)), load(sysexec(com.leekwars.generator.FightFunctions.getFarestAlly)), load(sysexec(LeekFunctions.string, load(sysexec(com.leekwars.generator.FightFunctions.getAliveAllies)))), load(sysexec(LeekFunctions.string, load(sysexec(com.leekwars.generator.FightFunctions.getDeadAllies)))), load(sysexec(com.leekwars.generator.FightFunctions.getAlliesCount)) }, false), 7);&#13;&#10;                                                                                                                                                                                                                                                                                                                                                                                                                                                                                                                                                                                                                                                                                                                                                                                                                                                                                                                                                                                                                                                                                                                                                                                                                                                                                                                                                                                                                                                                                                                                                                                                                                                                                                                                                                                                                                                                                                                                                                                                                                                                                                                                                                                                                                                                                                                                                                                                                                                                                                                                                           ^&#13;&#10;AI_7.java:12: error: package com.leekwars.generator does not exist&#13;&#10;return ops(new ArrayLeekValue(AI_7.this, new Object[] { load(sysexec(com.leekwars.generator.FightFunctions.getDistance, 164, 200)), load(sysexec(com.leekwars.generator.FightFunctions.getDistance, 17, 595)), load(sysexec(com.leekwars.generator.FightFunctions.getCellDistance, 164, 200)), load(sysexec(com.leekwars.generator.FightFunctions.getCellDistance, 17, 595)), load(sysexec(com.leekwars.generator.FightFunctions.getLeekOnCell, load(sysexec(com.leekwars.generator.FightFunctions.getCell, new Object[] { null })))), load(sysexec(com.leekwars.generator.FightFunctions.getLeekOnCell, load(sysexec(com.leekwars.generator.FightFunctions.getCell, 1)))), load(sysexec(com.leekwars.generator.FightFunctions.getLeekOnCell, 1)), load(sysexec(com.leekwars.generator.FightFunctions.getLeekOnCell, -1)), load(sysexec(com.leekwars.generator.FightFunctions.getCellContent, load(sysexec(com.leekwars.generator.FightFunctions.getCell, new Object[] { null })))), load(sysexec(com.leekwars.generator.FightFunctions.getCellContent, load(sysexec(com.leekwars.generator.FightFunctions.getCell, 1)))), load(sysexec(com.leekwars.generator.FightFunctions.getCellContent, 1)), load(sysexec(com.leekwars.generator.FightFunctions.getCellContent, 17)), load(sysexec(com.leekwars.generator.FightFunctions.getCellContent, -1)), load(sysexec(com.leekwars.generator.FightFunctions.isEmptyCell, load(sysexec(com.leekwars.generator.FightFunctions.getCell, new Object[] { null })))), load(sysexec(com.leekwars.generator.FightFunctions.isEmptyCell, load(sysexec(com.leekwars.generator.FightFunctions.getCell, 1)))), load(sysexec(com.leekwars.generator.FightFunctions.isEmptyCell, 1)), load(sysexec(com.leekwars.generator.FightFunctions.isEmptyCell, 17)), load(sysexec(com.leekwars.generator.FightFunctions.isEmptyCell, -1)), load(sysexec(com.leekwars.generator.FightFunctions.isObstacle, load(sysexec(com.leekwars.generator.FightFunctions.getCell, new Object[] { null })))), load(sysexec(com.leekwars.generator.FightFunctions.isObstacle, load(sysexec(com.leekwars.generator.FightFunctions.getCell, 1)))), load(sysexec(com.leekwars.generator.FightFunctions.isObstacle, 1)), load(sysexec(com.leekwars.generator.FightFunctions.isObstacle, 17)), load(sysexec(com.leekwars.generator.FightFunctions.isObstacle, -1)), load(sysexec(com.leekwars.generator.FightFunctions.isLeek, load(sysexec(com.leekwars.generator.FightFunctions.getCell, new Object[] { null })))), load(sysexec(com.leekwars.generator.FightFunctions.isLeek, load(sysexec(com.leekwars.generator.FightFunctions.getCell, 1)))), load(sysexec(com.leekwars.generator.FightFunctions.isLeek, 1)), load(sysexec(com.leekwars.generator.FightFunctions.isLeek, 17)), load(sysexec(com.leekwars.generator.FightFunctions.isLeek, -1)), load(sysexec(com.leekwars.generator.FightFunctions.getCellX, load(sysexec(com.leekwars.generator.FightFunctions.getCell, new Object[] { null })))), load(sysexec(com.leekwars.generator.FightFunctions.getCellX, load(sysexec(com.leekwars.generator.FightFunctions.getCell, 1)))), load(sysexec(com.leekwars.generator.FightFunctions.getCellX, 1)), load(sysexec(com.leekwars.generator.FightFunctions.getCellX, 17)), load(sysexec(com.leekwars.generator.FightFunctions.getCellX, -1)), load(sysexec(com.leekwars.generator.FightFunctions.getCellY, load(sysexec(com.leekwars.generator.FightFunctions.getCell, new Object[] { null })))), load(sysexec(com.leekwars.generator.FightFunctions.getCellY, load(sysexec(com.leekwars.generator.FightFunctions.getCell, 1)))), load(sysexec(com.leekwars.generator.FightFunctions.getCellY, 1)), load(sysexec(com.leekwars.generator.FightFunctions.getCellY, 17)), load(sysexec(com.leekwars.generator.FightFunctions.getCellY, -1)), load(sysexec(com.leekwars.generator.FightFunctions.getNearestEnemy)), load(sysexec(com.leekwars.generator.FightFunctions.getFarestEnemy)), load(sysexec(com.leekwars.generator.FightFunctions.getTurn)), load(sysexec(LeekFunctions.string, load(sysexec(com.leekwars.generator.FightFunctions.getAliveEnemies)))), load(sysexec(com.leekwars.generator.FightFunctions.getAliveEnemiesCount)), load(sysexec(LeekFunctions.string, load(sysexec(com.leekwars.generator.FightFunctions.getDeadEnemies)))), load(sysexec(com.leekwars.generator.FightFunctions.getDeadEnemiesCount)), load(sysexec(LeekFunctions.string, load(sysexec(com.leekwars.generator.FightFunctions.getEnemies)))), load(sysexec(LeekFunctions.string, load(sysexec(com.leekwars.generator.FightFunctions.getAllies)))), load(sysexec(com.leekwars.generator.FightFunctions.getEnemiesCount)), load(sysexec(com.leekwars.generator.FightFunctions.getNearestAlly)), load(sysexec(com.leekwars.generator.FightFunctions.getFarestAlly)), load(sysexec(com.leekwars.generator.FightFunctions.getFarestAlly)), load(sysexec(LeekFunctions.string, load(sysexec(com.leekwars.generator.FightFunctions.getAliveAllies)))), load(sysexec(LeekFunctions.string, load(sysexec(com.leekwars.generator.FightFunctions.getDeadAllies)))), load(sysexec(com.leekwars.generator.FightFunctions.getAlliesCount)) }, false), 7);&#13;&#10;                                                                                                                                                                                                                                                                                                                                                                                                                                                                                                                                                                                                                                                                                                                                                                                                                                                                                                                                                                                                                                                                                                                                                                                                                                                                                                                                                                                                                                                                                                                                                                                                                                                                                                                                                                                                                                                                                                                                                                                                                                                                                                                                                                                                                                                                                                                                                                                                                                                                                                                                                                                                                      ^&#13;&#10;AI_7.java:12: error: package com.leekwars.generator does not exist&#13;&#10;return ops(new ArrayLeekValue(AI_7.this, new Object[] { load(sysexec(com.leekwars.generator.FightFunctions.getDistance, 164, 200)), load(sysexec(com.leekwars.generator.FightFunctions.getDistance, 17, 595)), load(sysexec(com.leekwars.generator.FightFunctions.getCellDistance, 164, 200)), load(sysexec(com.leekwars.generator.FightFunctions.getCellDistance, 17, 595)), load(sysexec(com.leekwars.generator.FightFunctions.getLeekOnCell, load(sysexec(com.leekwars.generator.FightFunctions.getCell, new Object[] { null })))), load(sysexec(com.leekwars.generator.FightFunctions.getLeekOnCell, load(sysexec(com.leekwars.generator.FightFunctions.getCell, 1)))), load(sysexec(com.leekwars.generator.FightFunctions.getLeekOnCell, 1)), load(sysexec(com.leekwars.generator.FightFunctions.getLeekOnCell, -1)), load(sysexec(com.leekwars.generator.FightFunctions.getCellContent, load(sysexec(com.leekwars.generator.FightFunctions.getCell, new Object[] { null })))), load(sysexec(com.leekwars.generator.FightFunctions.getCellContent, load(sysexec(com.leekwars.generator.FightFunctions.getCell, 1)))), load(sysexec(com.leekwars.generator.FightFunctions.getCellContent, 1)), load(sysexec(com.leekwars.generator.FightFunctions.getCellContent, 17)), load(sysexec(com.leekwars.generator.FightFunctions.getCellContent, -1)), load(sysexec(com.leekwars.generator.FightFunctions.isEmptyCell, load(sysexec(com.leekwars.generator.FightFunctions.getCell, new Object[] { null })))), load(sysexec(com.leekwars.generator.FightFunctions.isEmptyCell, load(sysexec(com.leekwars.generator.FightFunctions.getCell, 1)))), load(sysexec(com.leekwars.generator.FightFunctions.isEmptyCell, 1)), load(sysexec(com.leekwars.generator.FightFunctions.isEmptyCell, 17)), load(sysexec(com.leekwars.generator.FightFunctions.isEmptyCell, -1)), load(sysexec(com.leekwars.generator.FightFunctions.isObstacle, load(sysexec(com.leekwars.generator.FightFunctions.getCell, new Object[] { null })))), load(sysexec(com.leekwars.generator.FightFunctions.isObstacle, load(sysexec(com.leekwars.generator.FightFunctions.getCell, 1)))), load(sysexec(com.leekwars.generator.FightFunctions.isObstacle, 1)), load(sysexec(com.leekwars.generator.FightFunctions.isObstacle, 17)), load(sysexec(com.leekwars.generator.FightFunctions.isObstacle, -1)), load(sysexec(com.leekwars.generator.FightFunctions.isLeek, load(sysexec(com.leekwars.generator.FightFunctions.getCell, new Object[] { null })))), load(sysexec(com.leekwars.generator.FightFunctions.isLeek, load(sysexec(com.leekwars.generator.FightFunctions.getCell, 1)))), load(sysexec(com.leekwars.generator.FightFunctions.isLeek, 1)), load(sysexec(com.leekwars.generator.FightFunctions.isLeek, 17)), load(sysexec(com.leekwars.generator.FightFunctions.isLeek, -1)), load(sysexec(com.leekwars.generator.FightFunctions.getCellX, load(sysexec(com.leekwars.generator.FightFunctions.getCell, new Object[] { null })))), load(sysexec(com.leekwars.generator.FightFunctions.getCellX, load(sysexec(com.leekwars.generator.FightFunctions.getCell, 1)))), load(sysexec(com.leekwars.generator.FightFunctions.getCellX, 1)), load(sysexec(com.leekwars.generator.FightFunctions.getCellX, 17)), load(sysexec(com.leekwars.generator.FightFunctions.getCellX, -1)), load(sysexec(com.leekwars.generator.FightFunctions.getCellY, load(sysexec(com.leekwars.generator.FightFunctions.getCell, new Object[] { null })))), load(sysexec(com.leekwars.generator.FightFunctions.getCellY, load(sysexec(com.leekwars.generator.FightFunctions.getCell, 1)))), load(sysexec(com.leekwars.generator.FightFunctions.getCellY, 1)), load(sysexec(com.leekwars.generator.FightFunctions.getCellY, 17)), load(sysexec(com.leekwars.generator.FightFunctions.getCellY, -1)), load(sysexec(com.leekwars.generator.FightFunctions.getNearestEnemy)), load(sysexec(com.leekwars.generator.FightFunctions.getFarestEnemy)), load(sysexec(com.leekwars.generator.FightFunctions.getTurn)), load(sysexec(LeekFunctions.string, load(sysexec(com.leekwars.generator.FightFunctions.getAliveEnemies)))), load(sysexec(com.leekwars.generator.FightFunctions.getAliveEnemiesCount)), load(sysexec(LeekFunctions.string, load(sysexec(com.leekwars.generator.FightFunctions.getDeadEnemies)))), load(sysexec(com.leekwars.generator.FightFunctions.getDeadEnemiesCount)), load(sysexec(LeekFunctions.string, load(sysexec(com.leekwars.generator.FightFunctions.getEnemies)))), load(sysexec(LeekFunctions.string, load(sysexec(com.leekwars.generator.FightFunctions.getAllies)))), load(sysexec(com.leekwars.generator.FightFunctions.getEnemiesCount)), load(sysexec(com.leekwars.generator.FightFunctions.getNearestAlly)), load(sysexec(com.leekwars.generator.FightFunctions.getFarestAlly)), load(sysexec(com.leekwars.generator.FightFunctions.getFarestAlly)), load(sysexec(LeekFunctions.string, load(sysexec(com.leekwars.generator.FightFunctions.getAliveAllies)))), load(sysexec(LeekFunctions.string, load(sysexec(com.leekwars.generator.FightFunctions.getDeadAllies)))), load(sysexec(com.leekwars.generator.FightFunctions.getAlliesCount)) }, false), 7);&#13;&#10;                                                                                                                                                                                                                                                                                                                                                                                                                                                                                                                                                                                                                                                                                                                                                                                                                                                                                                                                                                                                                                                                                                                                                                                                                                                                                                                                                                                                                                                                                                                                                                                                                                                                                                                                                                                                                                                                                                                                                                                                                                                                                                                                                                                                                                                                                                                                                                                                                                                                                                                                                                                                                                                                                         ^&#13;&#10;AI_7.java:12: error: package com.leekwars.generator does not exist&#13;&#10;return ops(new ArrayLeekValue(AI_7.this, new Object[] { load(sysexec(com.leekwars.generator.FightFunctions.getDistance, 164, 200)), load(sysexec(com.leekwars.generator.FightFunctions.getDistance, 17, 595)), load(sysexec(com.leekwars.generator.FightFunctions.getCellDistance, 164, 200)), load(sysexec(com.leekwars.generator.FightFunctions.getCellDistance, 17, 595)), load(sysexec(com.leekwars.generator.FightFunctions.getLeekOnCell, load(sysexec(com.leekwars.generator.FightFunctions.getCell, new Object[] { null })))), load(sysexec(com.leekwars.generator.FightFunctions.getLeekOnCell, load(sysexec(com.leekwars.generator.FightFunctions.getCell, 1)))), load(sysexec(com.leekwars.generator.FightFunctions.getLeekOnCell, 1)), load(sysexec(com.leekwars.generator.FightFunctions.getLeekOnCell, -1)), load(sysexec(com.leekwars.generator.FightFunctions.getCellContent, load(sysexec(com.leekwars.generator.FightFunctions.getCell, new Object[] { null })))), load(sysexec(com.leekwars.generator.FightFunctions.getCellContent, load(sysexec(com.leekwars.generator.FightFunctions.getCell, 1)))), load(sysexec(com.leekwars.generator.FightFunctions.getCellContent, 1)), load(sysexec(com.leekwars.generator.FightFunctions.getCellContent, 17)), load(sysexec(com.leekwars.generator.FightFunctions.getCellContent, -1)), load(sysexec(com.leekwars.generator.FightFunctions.isEmptyCell, load(sysexec(com.leekwars.generator.FightFunctions.getCell, new Object[] { null })))), load(sysexec(com.leekwars.generator.FightFunctions.isEmptyCell, load(sysexec(com.leekwars.generator.FightFunctions.getCell, 1)))), load(sysexec(com.leekwars.generator.FightFunctions.isEmptyCell, 1)), load(sysexec(com.leekwars.generator.FightFunctions.isEmptyCell, 17)), load(sysexec(com.leekwars.generator.FightFunctions.isEmptyCell, -1)), load(sysexec(com.leekwars.generator.FightFunctions.isObstacle, load(sysexec(com.leekwars.generator.FightFunctions.getCell, new Object[] { null })))), load(sysexec(com.leekwars.generator.FightFunctions.isObstacle, load(sysexec(com.leekwars.generator.FightFunctions.getCell, 1)))), load(sysexec(com.leekwars.generator.FightFunctions.isObstacle, 1)), load(sysexec(com.leekwars.generator.FightFunctions.isObstacle, 17)), load(sysexec(com.leekwars.generator.FightFunctions.isObstacle, -1)), load(sysexec(com.leekwars.generator.FightFunctions.isLeek, load(sysexec(com.leekwars.generator.FightFunctions.getCell, new Object[] { null })))), load(sysexec(com.leekwars.generator.FightFunctions.isLeek, load(sysexec(com.leekwars.generator.FightFunctions.getCell, 1)))), load(sysexec(com.leekwars.generator.FightFunctions.isLeek, 1)), load(sysexec(com.leekwars.generator.FightFunctions.isLeek, 17)), load(sysexec(com.leekwars.generator.FightFunctions.isLeek, -1)), load(sysexec(com.leekwars.generator.FightFunctions.getCellX, load(sysexec(com.leekwars.generator.FightFunctions.getCell, new Object[] { null })))), load(sysexec(com.leekwars.generator.FightFunctions.getCellX, load(sysexec(com.leekwars.generator.FightFunctions.getCell, 1)))), load(sysexec(com.leekwars.generator.FightFunctions.getCellX, 1)), load(sysexec(com.leekwars.generator.FightFunctions.getCellX, 17)), load(sysexec(com.leekwars.generator.FightFunctions.getCellX, -1)), load(sysexec(com.leekwars.generator.FightFunctions.getCellY, load(sysexec(com.leekwars.generator.FightFunctions.getCell, new Object[] { null })))), load(sysexec(com.leekwars.generator.FightFunctions.getCellY, load(sysexec(com.leekwars.generator.FightFunctions.getCell, 1)))), load(sysexec(com.leekwars.generator.FightFunctions.getCellY, 1)), load(sysexec(com.leekwars.generator.FightFunctions.getCellY, 17)), load(sysexec(com.leekwars.generator.FightFunctions.getCellY, -1)), load(sysexec(com.leekwars.generator.FightFunctions.getNearestEnemy)), load(sysexec(com.leekwars.generator.FightFunctions.getFarestEnemy)), load(sysexec(com.leekwars.generator.FightFunctions.getTurn)), load(sysexec(LeekFunctions.string, load(sysexec(com.leekwars.generator.FightFunctions.getAliveEnemies)))), load(sysexec(com.leekwars.generator.FightFunctions.getAliveEnemiesCount)), load(sysexec(LeekFunctions.string, load(sysexec(com.leekwars.generator.FightFunctions.getDeadEnemies)))), load(sysexec(com.leekwars.generator.FightFunctions.getDeadEnemiesCount)), load(sysexec(LeekFunctions.string, load(sysexec(com.leekwars.generator.FightFunctions.getEnemies)))), load(sysexec(LeekFunctions.string, load(sysexec(com.leekwars.generator.FightFunctions.getAllies)))), load(sysexec(com.leekwars.generator.FightFunctions.getEnemiesCount)), load(sysexec(com.leekwars.generator.FightFunctions.getNearestAlly)), load(sysexec(com.leekwars.generator.FightFunctions.getFarestAlly)), load(sysexec(com.leekwars.generator.FightFunctions.getFarestAlly)), load(sysexec(LeekFunctions.string, load(sysexec(com.leekwars.generator.FightFunctions.getAliveAllies)))), load(sysexec(LeekFunctions.string, load(sysexec(com.leekwars.generator.FightFunctions.getDeadAllies)))), load(sysexec(com.leekwars.generator.FightFunctions.getAlliesCount)) }, false), 7);&#13;&#10;                                                                                                                                                                                                                                                                                                                                                                                                                                                                                                                                                                                                                                                                                                                                                                                                                                                                                                                                                                                                                                                                                                                                                                                                                                                                                                                                                                                                                                                                                                                                                                                                                                                                                                                                                                                                                                                                                                                                                                                                                                                                                                                                                                                                                                                                                                                                                                                                                                                                                                                                                                                                                                                                                                                                                         ^&#13;&#10;AI_7.java:12: error: package com.leekwars.generator does not exist&#13;&#10;return ops(new ArrayLeekValue(AI_7.this, new Object[] { load(sysexec(com.leekwars.generator.FightFunctions.getDistance, 164, 200)), load(sysexec(com.leekwars.generator.FightFunctions.getDistance, 17, 595)), load(sysexec(com.leekwars.generator.FightFunctions.getCellDistance, 164, 200)), load(sysexec(com.leekwars.generator.FightFunctions.getCellDistance, 17, 595)), load(sysexec(com.leekwars.generator.FightFunctions.getLeekOnCell, load(sysexec(com.leekwars.generator.FightFunctions.getCell, new Object[] { null })))), load(sysexec(com.leekwars.generator.FightFunctions.getLeekOnCell, load(sysexec(com.leekwars.generator.FightFunctions.getCell, 1)))), load(sysexec(com.leekwars.generator.FightFunctions.getLeekOnCell, 1)), load(sysexec(com.leekwars.generator.FightFunctions.getLeekOnCell, -1)), load(sysexec(com.leekwars.generator.FightFunctions.getCellContent, load(sysexec(com.leekwars.generator.FightFunctions.getCell, new Object[] { null })))), load(sysexec(com.leekwars.generator.FightFunctions.getCellContent, load(sysexec(com.leekwars.generator.FightFunctions.getCell, 1)))), load(sysexec(com.leekwars.generator.FightFunctions.getCellContent, 1)), load(sysexec(com.leekwars.generator.FightFunctions.getCellContent, 17)), load(sysexec(com.leekwars.generator.FightFunctions.getCellContent, -1)), load(sysexec(com.leekwars.generator.FightFunctions.isEmptyCell, load(sysexec(com.leekwars.generator.FightFunctions.getCell, new Object[] { null })))), load(sysexec(com.leekwars.generator.FightFunctions.isEmptyCell, load(sysexec(com.leekwars.generator.FightFunctions.getCell, 1)))), load(sysexec(com.leekwars.generator.FightFunctions.isEmptyCell, 1)), load(sysexec(com.leekwars.generator.FightFunctions.isEmptyCell, 17)), load(sysexec(com.leekwars.generator.FightFunctions.isEmptyCell, -1)), load(sysexec(com.leekwars.generator.FightFunctions.isObstacle, load(sysexec(com.leekwars.generator.FightFunctions.getCell, new Object[] { null })))), load(sysexec(com.leekwars.generator.FightFunctions.isObstacle, load(sysexec(com.leekwars.generator.FightFunctions.getCell, 1)))), load(sysexec(com.leekwars.generator.FightFunctions.isObstacle, 1)), load(sysexec(com.leekwars.generator.FightFunctions.isObstacle, 17)), load(sysexec(com.leekwars.generator.FightFunctions.isObstacle, -1)), load(sysexec(com.leekwars.generator.FightFunctions.isLeek, load(sysexec(com.leekwars.generator.FightFunctions.getCell, new Object[] { null })))), load(sysexec(com.leekwars.generator.FightFunctions.isLeek, load(sysexec(com.leekwars.generator.FightFunctions.getCell, 1)))), load(sysexec(com.leekwars.generator.FightFunctions.isLeek, 1)), load(sysexec(com.leekwars.generator.FightFunctions.isLeek, 17)), load(sysexec(com.leekwars.generator.FightFunctions.isLeek, -1)), load(sysexec(com.leekwars.generator.FightFunctions.getCellX, load(sysexec(com.leekwars.generator.FightFunctions.getCell, new Object[] { null })))), load(sysexec(com.leekwars.generator.FightFunctions.getCellX, load(sysexec(com.leekwars.generator.FightFunctions.getCell, 1)))), load(sysexec(com.leekwars.generator.FightFunctions.getCellX, 1)), load(sysexec(com.leekwars.generator.FightFunctions.getCellX, 17)), load(sysexec(com.leekwars.generator.FightFunctions.getCellX, -1)), load(sysexec(com.leekwars.generator.FightFunctions.getCellY, load(sysexec(com.leekwars.generator.FightFunctions.getCell, new Object[] { null })))), load(sysexec(com.leekwars.generator.FightFunctions.getCellY, load(sysexec(com.leekwars.generator.FightFunctions.getCell, 1)))), load(sysexec(com.leekwars.generator.FightFunctions.getCellY, 1)), load(sysexec(com.leekwars.generator.FightFunctions.getCellY, 17)), load(sysexec(com.leekwars.generator.FightFunctions.getCellY, -1)), load(sysexec(com.leekwars.generator.FightFunctions.getNearestEnemy)), load(sysexec(com.leekwars.generator.FightFunctions.getFarestEnemy)), load(sysexec(com.leekwars.generator.FightFunctions.getTurn)), load(sysexec(LeekFunctions.string, load(sysexec(com.leekwars.generator.FightFunctions.getAliveEnemies)))), load(sysexec(com.leekwars.generator.FightFunctions.getAliveEnemiesCount)), load(sysexec(LeekFunctions.string, load(sysexec(com.leekwars.generator.FightFunctions.getDeadEnemies)))), load(sysexec(com.leekwars.generator.FightFunctions.getDeadEnemiesCount)), load(sysexec(LeekFunctions.string, load(sysexec(com.leekwars.generator.FightFunctions.getEnemies)))), load(sysexec(LeekFunctions.string, load(sysexec(com.leekwars.generator.FightFunctions.getAllies)))), load(sysexec(com.leekwars.generator.FightFunctions.getEnemiesCount)), load(sysexec(com.leekwars.generator.FightFunctions.getNearestAlly)), load(sysexec(com.leekwars.generator.FightFunctions.getFarestAlly)), load(sysexec(com.leekwars.generator.FightFunctions.getFarestAlly)), load(sysexec(LeekFunctions.string, load(sysexec(com.leekwars.generator.FightFunctions.getAliveAllies)))), load(sysexec(LeekFunctions.string, load(sysexec(com.leekwars.generator.FightFunctions.getDeadAllies)))), load(sysexec(com.leekwars.generator.FightFunctions.getAlliesCount)) }, false), 7);&#13;&#10;                                                                                                                                                                                                                                                                                                                                                                                                                                                                                                                                                                                                                                                                                                                                                                                                                                                                                                                                                                                                                                                                                                                                                                                                                                                                                                                                                                                                                                                                                                                                                                                                                                                                                                                                                                                                                                                                                                                                                                                                                                                                                                                                                                                                                                                                                                                                                                                                                                                                                                                                                                                                                                                                                                                                                                                                                          ^&#13;&#10;AI_7.java:12: error: package com.leekwars.generator does not exist&#13;&#10;return ops(new ArrayLeekValue(AI_7.this, new Object[] { load(sysexec(com.leekwars.generator.FightFunctions.getDistance, 164, 200)), load(sysexec(com.leekwars.generator.FightFunctions.getDistance, 17, 595)), load(sysexec(com.leekwars.generator.FightFunctions.getCellDistance, 164, 200)), load(sysexec(com.leekwars.generator.FightFunctions.getCellDistance, 17, 595)), load(sysexec(com.leekwars.generator.FightFunctions.getLeekOnCell, load(sysexec(com.leekwars.generator.FightFunctions.getCell, new Object[] { null })))), load(sysexec(com.leekwars.generator.FightFunctions.getLeekOnCell, load(sysexec(com.leekwars.generator.FightFunctions.getCell, 1)))), load(sysexec(com.leekwars.generator.FightFunctions.getLeekOnCell, 1)), load(sysexec(com.leekwars.generator.FightFunctions.getLeekOnCell, -1)), load(sysexec(com.leekwars.generator.FightFunctions.getCellContent, load(sysexec(com.leekwars.generator.FightFunctions.getCell, new Object[] { null })))), load(sysexec(com.leekwars.generator.FightFunctions.getCellContent, load(sysexec(com.leekwars.generator.FightFunctions.getCell, 1)))), load(sysexec(com.leekwars.generator.FightFunctions.getCellContent, 1)), load(sysexec(com.leekwars.generator.FightFunctions.getCellContent, 17)), load(sysexec(com.leekwars.generator.FightFunctions.getCellContent, -1)), load(sysexec(com.leekwars.generator.FightFunctions.isEmptyCell, load(sysexec(com.leekwars.generator.FightFunctions.getCell, new Object[] { null })))), load(sysexec(com.leekwars.generator.FightFunctions.isEmptyCell, load(sysexec(com.leekwars.generator.FightFunctions.getCell, 1)))), load(sysexec(com.leekwars.generator.FightFunctions.isEmptyCell, 1)), load(sysexec(com.leekwars.generator.FightFunctions.isEmptyCell, 17)), load(sysexec(com.leekwars.generator.FightFunctions.isEmptyCell, -1)), load(sysexec(com.leekwars.generator.FightFunctions.isObstacle, load(sysexec(com.leekwars.generator.FightFunctions.getCell, new Object[] { null })))), load(sysexec(com.leekwars.generator.FightFunctions.isObstacle, load(sysexec(com.leekwars.generator.FightFunctions.getCell, 1)))), load(sysexec(com.leekwars.generator.FightFunctions.isObstacle, 1)), load(sysexec(com.leekwars.generator.FightFunctions.isObstacle, 17)), load(sysexec(com.leekwars.generator.FightFunctions.isObstacle, -1)), load(sysexec(com.leekwars.generator.FightFunctions.isLeek, load(sysexec(com.leekwars.generator.FightFunctions.getCell, new Object[] { null })))), load(sysexec(com.leekwars.generator.FightFunctions.isLeek, load(sysexec(com.leekwars.generator.FightFunctions.getCell, 1)))), load(sysexec(com.leekwars.generator.FightFunctions.isLeek, 1)), load(sysexec(com.leekwars.generator.FightFunctions.isLeek, 17)), load(sysexec(com.leekwars.generator.FightFunctions.isLeek, -1)), load(sysexec(com.leekwars.generator.FightFunctions.getCellX, load(sysexec(com.leekwars.generator.FightFunctions.getCell, new Object[] { null })))), load(sysexec(com.leekwars.generator.FightFunctions.getCellX, load(sysexec(com.leekwars.generator.FightFunctions.getCell, 1)))), load(sysexec(com.leekwars.generator.FightFunctions.getCellX, 1)), load(sysexec(com.leekwars.generator.FightFunctions.getCellX, 17)), load(sysexec(com.leekwars.generator.FightFunctions.getCellX, -1)), load(sysexec(com.leekwars.generator.FightFunctions.getCellY, load(sysexec(com.leekwars.generator.FightFunctions.getCell, new Object[] { null })))), load(sysexec(com.leekwars.generator.FightFunctions.getCellY, load(sysexec(com.leekwars.generator.FightFunctions.getCell, 1)))), load(sysexec(com.leekwars.generator.FightFunctions.getCellY, 1)), load(sysexec(com.leekwars.generator.FightFunctions.getCellY, 17)), load(sysexec(com.leekwars.generator.FightFunctions.getCellY, -1)), load(sysexec(com.leekwars.generator.FightFunctions.getNearestEnemy)), load(sysexec(com.leekwars.generator.FightFunctions.getFarestEnemy)), load(sysexec(com.leekwars.generator.FightFunctions.getTurn)), load(sysexec(LeekFunctions.string, load(sysexec(com.leekwars.generator.FightFunctions.getAliveEnemies)))), load(sysexec(com.leekwars.generator.FightFunctions.getAliveEnemiesCount)), load(sysexec(LeekFunctions.string, load(sysexec(com.leekwars.generator.FightFunctions.getDeadEnemies)))), load(sysexec(com.leekwars.generator.FightFunctions.getDeadEnemiesCount)), load(sysexec(LeekFunctions.string, load(sysexec(com.leekwars.generator.FightFunctions.getEnemies)))), load(sysexec(LeekFunctions.string, load(sysexec(com.leekwars.generator.FightFunctions.getAllies)))), load(sysexec(com.leekwars.generator.FightFunctions.getEnemiesCount)), load(sysexec(com.leekwars.generator.FightFunctions.getNearestAlly)), load(sysexec(com.leekwars.generator.FightFunctions.getFarestAlly)), load(sysexec(com.leekwars.generator.FightFunctions.getFarestAlly)), load(sysexec(LeekFunctions.string, load(sysexec(com.leekwars.generator.FightFunctions.getAliveAllies)))), load(sysexec(LeekFunctions.string, load(sysexec(com.leekwars.generator.FightFunctions.getDeadAllies)))), load(sysexec(com.leekwars.generator.FightFunctions.getAlliesCount)) }, false), 7);&#13;&#10;                                                                                                                                                                                                                                                                                                                                                                                                                                                                                                                                                                                                                                                                                                                                                                                                                                                                                                                                                                                                                                                                                                                                                                                                                                                                                                                                                                                                                                                                                                                                                                                                                                                                                                                                                                                                                                                                                                                                                                                                                                                                                                                                                                                                                                                                                                                                                                                                                                                                                                                                                                                                                                                                                                                                                                                                                                                                                           ^&#13;&#10;AI_7.java:12: error: package com.leekwars.generator does not exist&#13;&#10;return ops(new ArrayLeekValue(AI_7.this, new Object[] { load(sysexec(com.leekwars.generator.FightFunctions.getDistance, 164, 200)), load(sysexec(com.leekwars.generator.FightFunctions.getDistance, 17, 595)), load(sysexec(com.leekwars.generator.FightFunctions.getCellDistance, 164, 200)), load(sysexec(com.leekwars.generator.FightFunctions.getCellDistance, 17, 595)), load(sysexec(com.leekwars.generator.FightFunctions.getLeekOnCell, load(sysexec(com.leekwars.generator.FightFunctions.getCell, new Object[] { null })))), load(sysexec(com.leekwars.generator.FightFunctions.getLeekOnCell, load(sysexec(com.leekwars.generator.FightFunctions.getCell, 1)))), load(sysexec(com.leekwars.generator.FightFunctions.getLeekOnCell, 1)), load(sysexec(com.leekwars.generator.FightFunctions.getLeekOnCell, -1)), load(sysexec(com.leekwars.generator.FightFunctions.getCellContent, load(sysexec(com.leekwars.generator.FightFunctions.getCell, new Object[] { null })))), load(sysexec(com.leekwars.generator.FightFunctions.getCellContent, load(sysexec(com.leekwars.generator.FightFunctions.getCell, 1)))), load(sysexec(com.leekwars.generator.FightFunctions.getCellContent, 1)), load(sysexec(com.leekwars.generator.FightFunctions.getCellContent, 17)), load(sysexec(com.leekwars.generator.FightFunctions.getCellContent, -1)), load(sysexec(com.leekwars.generator.FightFunctions.isEmptyCell, load(sysexec(com.leekwars.generator.FightFunctions.getCell, new Object[] { null })))), load(sysexec(com.leekwars.generator.FightFunctions.isEmptyCell, load(sysexec(com.leekwars.generator.FightFunctions.getCell, 1)))), load(sysexec(com.leekwars.generator.FightFunctions.isEmptyCell, 1)), load(sysexec(com.leekwars.generator.FightFunctions.isEmptyCell, 17)), load(sysexec(com.leekwars.generator.FightFunctions.isEmptyCell, -1)), load(sysexec(com.leekwars.generator.FightFunctions.isObstacle, load(sysexec(com.leekwars.generator.FightFunctions.getCell, new Object[] { null })))), load(sysexec(com.leekwars.generator.FightFunctions.isObstacle, load(sysexec(com.leekwars.generator.FightFunctions.getCell, 1)))), load(sysexec(com.leekwars.generator.FightFunctions.isObstacle, 1)), load(sysexec(com.leekwars.generator.FightFunctions.isObstacle, 17)), load(sysexec(com.leekwars.generator.FightFunctions.isObstacle, -1)), load(sysexec(com.leekwars.generator.FightFunctions.isLeek, load(sysexec(com.leekwars.generator.FightFunctions.getCell, new Object[] { null })))), load(sysexec(com.leekwars.generator.FightFunctions.isLeek, load(sysexec(com.leekwars.generator.FightFunctions.getCell, 1)))), load(sysexec(com.leekwars.generator.FightFunctions.isLeek, 1)), load(sysexec(com.leekwars.generator.FightFunctions.isLeek, 17)), load(sysexec(com.leekwars.generator.FightFunctions.isLeek, -1)), load(sysexec(com.leekwars.generator.FightFunctions.getCellX, load(sysexec(com.leekwars.generator.FightFunctions.getCell, new Object[] { null })))), load(sysexec(com.leekwars.generator.FightFunctions.getCellX, load(sysexec(com.leekwars.generator.FightFunctions.getCell, 1)))), load(sysexec(com.leekwars.generator.FightFunctions.getCellX, 1)), load(sysexec(com.leekwars.generator.FightFunctions.getCellX, 17)), load(sysexec(com.leekwars.generator.FightFunctions.getCellX, -1)), load(sysexec(com.leekwars.generator.FightFunctions.getCellY, load(sysexec(com.leekwars.generator.FightFunctions.getCell, new Object[] { null })))), load(sysexec(com.leekwars.generator.FightFunctions.getCellY, load(sysexec(com.leekwars.generator.FightFunctions.getCell, 1)))), load(sysexec(com.leekwars.generator.FightFunctions.getCellY, 1)), load(sysexec(com.leekwars.generator.FightFunctions.getCellY, 17)), load(sysexec(com.leekwars.generator.FightFunctions.getCellY, -1)), load(sysexec(com.leekwars.generator.FightFunctions.getNearestEnemy)), load(sysexec(com.leekwars.generator.FightFunctions.getFarestEnemy)), load(sysexec(com.leekwars.generator.FightFunctions.getTurn)), load(sysexec(LeekFunctions.string, load(sysexec(com.leekwars.generator.FightFunctions.getAliveEnemies)))), load(sysexec(com.leekwars.generator.FightFunctions.getAliveEnemiesCount)), load(sysexec(LeekFunctions.string, load(sysexec(com.leekwars.generator.FightFunctions.getDeadEnemies)))), load(sysexec(com.leekwars.generator.FightFunctions.getDeadEnemiesCount)), load(sysexec(LeekFunctions.string, load(sysexec(com.leekwars.generator.FightFunctions.getEnemies)))), load(sysexec(LeekFunctions.string, load(sysexec(com.leekwars.generator.FightFunctions.getAllies)))), load(sysexec(com.leekwars.generator.FightFunctions.getEnemiesCount)), load(sysexec(com.leekwars.generator.FightFunctions.getNearestAlly)), load(sysexec(com.leekwars.generator.FightFunctions.getFarestAlly)), load(sysexec(com.leekwars.generator.FightFunctions.getFarestAlly)), load(sysexec(LeekFunctions.string, load(sysexec(com.leekwars.generator.FightFunctions.getAliveAllies)))), load(sysexec(LeekFunctions.string, load(sysexec(com.leekwars.generator.FightFunctions.getDeadAllies)))), load(sysexec(com.leekwars.generator.FightFunctions.getAlliesCount)) }, false), 7);&#13;&#10;                                                                                                                                                                                                                                                                                                                                                                                                                                                                                                                                                                                                                                                                                                                                                                                                                                                                                                                                                                                                                                                                                                                                                                                                                                                                                                                                                                                                                                                                                                                                                                                                                                                                                                                                                                                                                                                                                                                                                                                                                                                                                                                                                                                                                                                                                                                                                                                                                                                                                                                                                                                                                                                                                                                                                                                                                                                                                                                                                        ^&#13;&#10;AI_7.java:12: error: package com.leekwars.generator does not exist&#13;&#10;return ops(new ArrayLeekValue(AI_7.this, new Object[] { load(sysexec(com.leekwars.generator.FightFunctions.getDistance, 164, 200)), load(sysexec(com.leekwars.generator.FightFunctions.getDistance, 17, 595)), load(sysexec(com.leekwars.generator.FightFunctions.getCellDistance, 164, 200)), load(sysexec(com.leekwars.generator.FightFunctions.getCellDistance, 17, 595)), load(sysexec(com.leekwars.generator.FightFunctions.getLeekOnCell, load(sysexec(com.leekwars.generator.FightFunctions.getCell, new Object[] { null })))), load(sysexec(com.leekwars.generator.FightFunctions.getLeekOnCell, load(sysexec(com.leekwars.generator.FightFunctions.getCell, 1)))), load(sysexec(com.leekwars.generator.FightFunctions.getLeekOnCell, 1)), load(sysexec(com.leekwars.generator.FightFunctions.getLeekOnCell, -1)), load(sysexec(com.leekwars.generator.FightFunctions.getCellContent, load(sysexec(com.leekwars.generator.FightFunctions.getCell, new Object[] { null })))), load(sysexec(com.leekwars.generator.FightFunctions.getCellContent, load(sysexec(com.leekwars.generator.FightFunctions.getCell, 1)))), load(sysexec(com.leekwars.generator.FightFunctions.getCellContent, 1)), load(sysexec(com.leekwars.generator.FightFunctions.getCellContent, 17)), load(sysexec(com.leekwars.generator.FightFunctions.getCellContent, -1)), load(sysexec(com.leekwars.generator.FightFunctions.isEmptyCell, load(sysexec(com.leekwars.generator.FightFunctions.getCell, new Object[] { null })))), load(sysexec(com.leekwars.generator.FightFunctions.isEmptyCell, load(sysexec(com.leekwars.generator.FightFunctions.getCell, 1)))), load(sysexec(com.leekwars.generator.FightFunctions.isEmptyCell, 1)), load(sysexec(com.leekwars.generator.FightFunctions.isEmptyCell, 17)), load(sysexec(com.leekwars.generator.FightFunctions.isEmptyCell, -1)), load(sysexec(com.leekwars.generator.FightFunctions.isObstacle, load(sysexec(com.leekwars.generator.FightFunctions.getCell, new Object[] { null })))), load(sysexec(com.leekwars.generator.FightFunctions.isObstacle, load(sysexec(com.leekwars.generator.FightFunctions.getCell, 1)))), load(sysexec(com.leekwars.generator.FightFunctions.isObstacle, 1)), load(sysexec(com.leekwars.generator.FightFunctions.isObstacle, 17)), load(sysexec(com.leekwars.generator.FightFunctions.isObstacle, -1)), load(sysexec(com.leekwars.generator.FightFunctions.isLeek, load(sysexec(com.leekwars.generator.FightFunctions.getCell, new Object[] { null })))), load(sysexec(com.leekwars.generator.FightFunctions.isLeek, load(sysexec(com.leekwars.generator.FightFunctions.getCell, 1)))), load(sysexec(com.leekwars.generator.FightFunctions.isLeek, 1)), load(sysexec(com.leekwars.generator.FightFunctions.isLeek, 17)), load(sysexec(com.leekwars.generator.FightFunctions.isLeek, -1)), load(sysexec(com.leekwars.generator.FightFunctions.getCellX, load(sysexec(com.leekwars.generator.FightFunctions.getCell, new Object[] { null })))), load(sysexec(com.leekwars.generator.FightFunctions.getCellX, load(sysexec(com.leekwars.generator.FightFunctions.getCell, 1)))), load(sysexec(com.leekwars.generator.FightFunctions.getCellX, 1)), load(sysexec(com.leekwars.generator.FightFunctions.getCellX, 17)), load(sysexec(com.leekwars.generator.FightFunctions.getCellX, -1)), load(sysexec(com.leekwars.generator.FightFunctions.getCellY, load(sysexec(com.leekwars.generator.FightFunctions.getCell, new Object[] { null })))), load(sysexec(com.leekwars.generator.FightFunctions.getCellY, load(sysexec(com.leekwars.generator.FightFunctions.getCell, 1)))), load(sysexec(com.leekwars.generator.FightFunctions.getCellY, 1)), load(sysexec(com.leekwars.generator.FightFunctions.getCellY, 17)), load(sysexec(com.leekwars.generator.FightFunctions.getCellY, -1)), load(sysexec(com.leekwars.generator.FightFunctions.getNearestEnemy)), load(sysexec(com.leekwars.generator.FightFunctions.getFarestEnemy)), load(sysexec(com.leekwars.generator.FightFunctions.getTurn)), load(sysexec(LeekFunctions.string, load(sysexec(com.leekwars.generator.FightFunctions.getAliveEnemies)))), load(sysexec(com.leekwars.generator.FightFunctions.getAliveEnemiesCount)), load(sysexec(LeekFunctions.string, load(sysexec(com.leekwars.generator.FightFunctions.getDeadEnemies)))), load(sysexec(com.leekwars.generator.FightFunctions.getDeadEnemiesCount)), load(sysexec(LeekFunctions.string, load(sysexec(com.leekwars.generator.FightFunctions.getEnemies)))), load(sysexec(LeekFunctions.string, load(sysexec(com.leekwars.generator.FightFunctions.getAllies)))), load(sysexec(com.leekwars.generator.FightFunctions.getEnemiesCount)), load(sysexec(com.leekwars.generator.FightFunctions.getNearestAlly)), load(sysexec(com.leekwars.generator.FightFunctions.getFarestAlly)), load(sysexec(com.leekwars.generator.FightFunctions.getFarestAlly)), load(sysexec(LeekFunctions.string, load(sysexec(com.leekwars.generator.FightFunctions.getAliveAllies)))), load(sysexec(LeekFunctions.string, load(sysexec(com.leekwars.generator.FightFunctions.getDeadAllies)))), load(sysexec(com.leekwars.generator.FightFunctions.getAlliesCount)) }, false), 7);&#13;&#10;                                                                                                                                                                                                                                                                                                                                                                                                                                                                                                                                                                                                                                                                                                                                                                                                                                                                                                                                                                                                                                                                                                                                                                                                                                                                                                                                                                                                                                                                                                                                                                                                                                                                                                                                                                                                                                                                                                                                                                                                                                                                                                                                                                                                                                                                                                                                                                                                                                                                                                                                                                                                                                                                                                                                                                                                                                                                                                                                                                                                                                               ^&#13;&#10;AI_7.java:12: error: package com.leekwars.generator does not exist&#13;&#10;return ops(new ArrayLeekValue(AI_7.this, new Object[] { load(sysexec(com.leekwars.generator.FightFunctions.getDistance, 164, 200)), load(sysexec(com.leekwars.generator.FightFunctions.getDistance, 17, 595)), load(sysexec(com.leekwars.generator.FightFunctions.getCellDistance, 164, 200)), load(sysexec(com.leekwars.generator.FightFunctions.getCellDistance, 17, 595)), load(sysexec(com.leekwars.generator.FightFunctions.getLeekOnCell, load(sysexec(com.leekwars.generator.FightFunctions.getCell, new Object[] { null })))), load(sysexec(com.leekwars.generator.FightFunctions.getLeekOnCell, load(sysexec(com.leekwars.generator.FightFunctions.getCell, 1)))), load(sysexec(com.leekwars.generator.FightFunctions.getLeekOnCell, 1)), load(sysexec(com.leekwars.generator.FightFunctions.getLeekOnCell, -1)), load(sysexec(com.leekwars.generator.FightFunctions.getCellContent, load(sysexec(com.leekwars.generator.FightFunctions.getCell, new Object[] { null })))), load(sysexec(com.leekwars.generator.FightFunctions.getCellContent, load(sysexec(com.leekwars.generator.FightFunctions.getCell, 1)))), load(sysexec(com.leekwars.generator.FightFunctions.getCellContent, 1)), load(sysexec(com.leekwars.generator.FightFunctions.getCellContent, 17)), load(sysexec(com.leekwars.generator.FightFunctions.getCellContent, -1)), load(sysexec(com.leekwars.generator.FightFunctions.isEmptyCell, load(sysexec(com.leekwars.generator.FightFunctions.getCell, new Object[] { null })))), load(sysexec(com.leekwars.generator.FightFunctions.isEmptyCell, load(sysexec(com.leekwars.generator.FightFunctions.getCell, 1)))), load(sysexec(com.leekwars.generator.FightFunctions.isEmptyCell, 1)), load(sysexec(com.leekwars.generator.FightFunctions.isEmptyCell, 17)), load(sysexec(com.leekwars.generator.FightFunctions.isEmptyCell, -1)), load(sysexec(com.leekwars.generator.FightFunctions.isObstacle, load(sysexec(com.leekwars.generator.FightFunctions.getCell, new Object[] { null })))), load(sysexec(com.leekwars.generator.FightFunctions.isObstacle, load(sysexec(com.leekwars.generator.FightFunctions.getCell, 1)))), load(sysexec(com.leekwars.generator.FightFunctions.isObstacle, 1)), load(sysexec(com.leekwars.generator.FightFunctions.isObstacle, 17)), load(sysexec(com.leekwars.generator.FightFunctions.isObstacle, -1)), load(sysexec(com.leekwars.generator.FightFunctions.isLeek, load(sysexec(com.leekwars.generator.FightFunctions.getCell, new Object[] { null })))), load(sysexec(com.leekwars.generator.FightFunctions.isLeek, load(sysexec(com.leekwars.generator.FightFunctions.getCell, 1)))), load(sysexec(com.leekwars.generator.FightFunctions.isLeek, 1)), load(sysexec(com.leekwars.generator.FightFunctions.isLeek, 17)), load(sysexec(com.leekwars.generator.FightFunctions.isLeek, -1)), load(sysexec(com.leekwars.generator.FightFunctions.getCellX, load(sysexec(com.leekwars.generator.FightFunctions.getCell, new Object[] { null })))), load(sysexec(com.leekwars.generator.FightFunctions.getCellX, load(sysexec(com.leekwars.generator.FightFunctions.getCell, 1)))), load(sysexec(com.leekwars.generator.FightFunctions.getCellX, 1)), load(sysexec(com.leekwars.generator.FightFunctions.getCellX, 17)), load(sysexec(com.leekwars.generator.FightFunctions.getCellX, -1)), load(sysexec(com.leekwars.generator.FightFunctions.getCellY, load(sysexec(com.leekwars.generator.FightFunctions.getCell, new Object[] { null })))), load(sysexec(com.leekwars.generator.FightFunctions.getCellY, load(sysexec(com.leekwars.generator.FightFunctions.getCell, 1)))), load(sysexec(com.leekwars.generator.FightFunctions.getCellY, 1)), load(sysexec(com.leekwars.generator.FightFunctions.getCellY, 17)), load(sysexec(com.leekwars.generator.FightFunctions.getCellY, -1)), load(sysexec(com.leekwars.generator.FightFunctions.getNearestEnemy)), load(sysexec(com.leekwars.generator.FightFunctions.getFarestEnemy)), load(sysexec(com.leekwars.generator.FightFunctions.getTurn)), load(sysexec(LeekFunctions.string, load(sysexec(com.leekwars.generator.FightFunctions.getAliveEnemies)))), load(sysexec(com.leekwars.generator.FightFunctions.getAliveEnemiesCount)), load(sysexec(LeekFunctions.string, load(sysexec(com.leekwars.generator.FightFunctions.getDeadEnemies)))), load(sysexec(com.leekwars.generator.FightFunctions.getDeadEnemiesCount)), load(sysexec(LeekFunctions.string, load(sysexec(com.leekwars.generator.FightFunctions.getEnemies)))), load(sysexec(LeekFunctions.string, load(sysexec(com.leekwars.generator.FightFunctions.getAllies)))), load(sysexec(com.leekwars.generator.FightFunctions.getEnemiesCount)), load(sysexec(com.leekwars.generator.FightFunctions.getNearestAlly)), load(sysexec(com.leekwars.generator.FightFunctions.getFarestAlly)), load(sysexec(com.leekwars.generator.FightFunctions.getFarestAlly)), load(sysexec(LeekFunctions.string, load(sysexec(com.leekwars.generator.FightFunctions.getAliveAllies)))), load(sysexec(LeekFunctions.string, load(sysexec(com.leekwars.generator.FightFunctions.getDeadAllies)))), load(sysexec(com.leekwars.generator.FightFunctions.getAlliesCount)) }, false), 7);&#13;&#10;                                                                                                                                                                                                                                                                                                                                                                                                                                                                                                                                                                                                                                                                                                                                                                                                                                                                                                                                                                                                                                                                                                                                                                                                                                                                                                                                                                                                                                                                                                                                                                                                                                                                                                                                                                                                                                                                                                                                                                                                                                                                                                                                                                                                                                                                                                                                                                                                                                                                                                                                                                                                                                                                                                                                                                                                                                                                                                                                                                                                                                                                                                            ^&#13;&#10;AI_7.java:12: error: package com.leekwars.generator does not exist&#13;&#10;return ops(new ArrayLeekValue(AI_7.this, new Object[] { load(sysexec(com.leekwars.generator.FightFunctions.getDistance, 164, 200)), load(sysexec(com.leekwars.generator.FightFunctions.getDistance, 17, 595)), load(sysexec(com.leekwars.generator.FightFunctions.getCellDistance, 164, 200)), load(sysexec(com.leekwars.generator.FightFunctions.getCellDistance, 17, 595)), load(sysexec(com.leekwars.generator.FightFunctions.getLeekOnCell, load(sysexec(com.leekwars.generator.FightFunctions.getCell, new Object[] { null })))), load(sysexec(com.leekwars.generator.FightFunctions.getLeekOnCell, load(sysexec(com.leekwars.generator.FightFunctions.getCell, 1)))), load(sysexec(com.leekwars.generator.FightFunctions.getLeekOnCell, 1)), load(sysexec(com.leekwars.generator.FightFunctions.getLeekOnCell, -1)), load(sysexec(com.leekwars.generator.FightFunctions.getCellContent, load(sysexec(com.leekwars.generator.FightFunctions.getCell, new Object[] { null })))), load(sysexec(com.leekwars.generator.FightFunctions.getCellContent, load(sysexec(com.leekwars.generator.FightFunctions.getCell, 1)))), load(sysexec(com.leekwars.generator.FightFunctions.getCellContent, 1)), load(sysexec(com.leekwars.generator.FightFunctions.getCellContent, 17)), load(sysexec(com.leekwars.generator.FightFunctions.getCellContent, -1)), load(sysexec(com.leekwars.generator.FightFunctions.isEmptyCell, load(sysexec(com.leekwars.generator.FightFunctions.getCell, new Object[] { null })))), load(sysexec(com.leekwars.generator.FightFunctions.isEmptyCell, load(sysexec(com.leekwars.generator.FightFunctions.getCell, 1)))), load(sysexec(com.leekwars.generator.FightFunctions.isEmptyCell, 1)), load(sysexec(com.leekwars.generator.FightFunctions.isEmptyCell, 17)), load(sysexec(com.leekwars.generator.FightFunctions.isEmptyCell, -1)), load(sysexec(com.leekwars.generator.FightFunctions.isObstacle, load(sysexec(com.leekwars.generator.FightFunctions.getCell, new Object[] { null })))), load(sysexec(com.leekwars.generator.FightFunctions.isObstacle, load(sysexec(com.leekwars.generator.FightFunctions.getCell, 1)))), load(sysexec(com.leekwars.generator.FightFunctions.isObstacle, 1)), load(sysexec(com.leekwars.generator.FightFunctions.isObstacle, 17)), load(sysexec(com.leekwars.generator.FightFunctions.isObstacle, -1)), load(sysexec(com.leekwars.generator.FightFunctions.isLeek, load(sysexec(com.leekwars.generator.FightFunctions.getCell, new Object[] { null })))), load(sysexec(com.leekwars.generator.FightFunctions.isLeek, load(sysexec(com.leekwars.generator.FightFunctions.getCell, 1)))), load(sysexec(com.leekwars.generator.FightFunctions.isLeek, 1)), load(sysexec(com.leekwars.generator.FightFunctions.isLeek, 17)), load(sysexec(com.leekwars.generator.FightFunctions.isLeek, -1)), load(sysexec(com.leekwars.generator.FightFunctions.getCellX, load(sysexec(com.leekwars.generator.FightFunctions.getCell, new Object[] { null })))), load(sysexec(com.leekwars.generator.FightFunctions.getCellX, load(sysexec(com.leekwars.generator.FightFunctions.getCell, 1)))), load(sysexec(com.leekwars.generator.FightFunctions.getCellX, 1)), load(sysexec(com.leekwars.generator.FightFunctions.getCellX, 17)), load(sysexec(com.leekwars.generator.FightFunctions.getCellX, -1)), load(sysexec(com.leekwars.generator.FightFunctions.getCellY, load(sysexec(com.leekwars.generator.FightFunctions.getCell, new Object[] { null })))), load(sysexec(com.leekwars.generator.FightFunctions.getCellY, load(sysexec(com.leekwars.generator.FightFunctions.getCell, 1)))), load(sysexec(com.leekwars.generator.FightFunctions.getCellY, 1)), load(sysexec(com.leekwars.generator.FightFunctions.getCellY, 17)), load(sysexec(com.leekwars.generator.FightFunctions.getCellY, -1)), load(sysexec(com.leekwars.generator.FightFunctions.getNearestEnemy)), load(sysexec(com.leekwars.generator.FightFunctions.getFarestEnemy)), load(sysexec(com.leekwars.generator.FightFunctions.getTurn)), load(sysexec(LeekFunctions.string, load(sysexec(com.leekwars.generator.FightFunctions.getAliveEnemies)))), load(sysexec(com.leekwars.generator.FightFunctions.getAliveEnemiesCount)), load(sysexec(LeekFunctions.string, load(sysexec(com.leekwars.generator.FightFunctions.getDeadEnemies)))), load(sysexec(com.leekwars.generator.FightFunctions.getDeadEnemiesCount)), load(sysexec(LeekFunctions.string, load(sysexec(com.leekwars.generator.FightFunctions.getEnemies)))), load(sysexec(LeekFunctions.string, load(sysexec(com.leekwars.generator.FightFunctions.getAllies)))), load(sysexec(com.leekwars.generator.FightFunctions.getEnemiesCount)), load(sysexec(com.leekwars.generator.FightFunctions.getNearestAlly)), load(sysexec(com.leekwars.generator.FightFunctions.getFarestAlly)), load(sysexec(com.leekwars.generator.FightFunctions.getFarestAlly)), load(sysexec(LeekFunctions.string, load(sysexec(com.leekwars.generator.FightFunctions.getAliveAllies)))), load(sysexec(LeekFunctions.string, load(sysexec(com.leekwars.generator.FightFunctions.getDeadAllies)))), load(sysexec(com.leekwars.generator.FightFunctions.getAlliesCount)) }, false), 7);&#13;&#10;                                                                                                                                                                                                                                                                                                                                                                                                                                                                                                                                                                                                                                                                                                                                                                                                                                                                                                                                                                                                                                                                                                                                                                                                                                                                                                                                                                                                                                                                                                                                                                                                                                                                                                                                                                                                                                                                                                                                                                                                                                                                                                                                                                                                                                                                                                                                                                                                                                                                                                                                                                                                                                                                                                                                                                                                                                                                                                                                                                                                                                                                                                                                                                               ^&#13;&#10;AI_7.java:12: error: package com.leekwars.generator does not exist&#13;&#10;return ops(new ArrayLeekValue(AI_7.this, new Object[] { load(sysexec(com.leekwars.generator.FightFunctions.getDistance, 164, 200)), load(sysexec(com.leekwars.generator.FightFunctions.getDistance, 17, 595)), load(sysexec(com.leekwars.generator.FightFunctions.getCellDistance, 164, 200)), load(sysexec(com.leekwars.generator.FightFunctions.getCellDistance, 17, 595)), load(sysexec(com.leekwars.generator.FightFunctions.getLeekOnCell, load(sysexec(com.leekwars.generator.FightFunctions.getCell, new Object[] { null })))), load(sysexec(com.leekwars.generator.FightFunctions.getLeekOnCell, load(sysexec(com.leekwars.generator.FightFunctions.getCell, 1)))), load(sysexec(com.leekwars.generator.FightFunctions.getLeekOnCell, 1)), load(sysexec(com.leekwars.generator.FightFunctions.getLeekOnCell, -1)), load(sysexec(com.leekwars.generator.FightFunctions.getCellContent, load(sysexec(com.leekwars.generator.FightFunctions.getCell, new Object[] { null })))), load(sysexec(com.leekwars.generator.FightFunctions.getCellContent, load(sysexec(com.leekwars.generator.FightFunctions.getCell, 1)))), load(sysexec(com.leekwars.generator.FightFunctions.getCellContent, 1)), load(sysexec(com.leekwars.generator.FightFunctions.getCellContent, 17)), load(sysexec(com.leekwars.generator.FightFunctions.getCellContent, -1)), load(sysexec(com.leekwars.generator.FightFunctions.isEmptyCell, load(sysexec(com.leekwars.generator.FightFunctions.getCell, new Object[] { null })))), load(sysexec(com.leekwars.generator.FightFunctions.isEmptyCell, load(sysexec(com.leekwars.generator.FightFunctions.getCell, 1)))), load(sysexec(com.leekwars.generator.FightFunctions.isEmptyCell, 1)), load(sysexec(com.leekwars.generator.FightFunctions.isEmptyCell, 17)), load(sysexec(com.leekwars.generator.FightFunctions.isEmptyCell, -1)), load(sysexec(com.leekwars.generator.FightFunctions.isObstacle, load(sysexec(com.leekwars.generator.FightFunctions.getCell, new Object[] { null })))), load(sysexec(com.leekwars.generator.FightFunctions.isObstacle, load(sysexec(com.leekwars.generator.FightFunctions.getCell, 1)))), load(sysexec(com.leekwars.generator.FightFunctions.isObstacle, 1)), load(sysexec(com.leekwars.generator.FightFunctions.isObstacle, 17)), load(sysexec(com.leekwars.generator.FightFunctions.isObstacle, -1)), load(sysexec(com.leekwars.generator.FightFunctions.isLeek, load(sysexec(com.leekwars.generator.FightFunctions.getCell, new Object[] { null })))), load(sysexec(com.leekwars.generator.FightFunctions.isLeek, load(sysexec(com.leekwars.generator.FightFunctions.getCell, 1)))), load(sysexec(com.leekwars.generator.FightFunctions.isLeek, 1)), load(sysexec(com.leekwars.generator.FightFunctions.isLeek, 17)), load(sysexec(com.leekwars.generator.FightFunctions.isLeek, -1)), load(sysexec(com.leekwars.generator.FightFunctions.getCellX, load(sysexec(com.leekwars.generator.FightFunctions.getCell, new Object[] { null })))), load(sysexec(com.leekwars.generator.FightFunctions.getCellX, load(sysexec(com.leekwars.generator.FightFunctions.getCell, 1)))), load(sysexec(com.leekwars.generator.FightFunctions.getCellX, 1)), load(sysexec(com.leekwars.generator.FightFunctions.getCellX, 17)), load(sysexec(com.leekwars.generator.FightFunctions.getCellX, -1)), load(sysexec(com.leekwars.generator.FightFunctions.getCellY, load(sysexec(com.leekwars.generator.FightFunctions.getCell, new Object[] { null })))), load(sysexec(com.leekwars.generator.FightFunctions.getCellY, load(sysexec(com.leekwars.generator.FightFunctions.getCell, 1)))), load(sysexec(com.leekwars.generator.FightFunctions.getCellY, 1)), load(sysexec(com.leekwars.generator.FightFunctions.getCellY, 17)), load(sysexec(com.leekwars.generator.FightFunctions.getCellY, -1)), load(sysexec(com.leekwars.generator.FightFunctions.getNearestEnemy)), load(sysexec(com.leekwars.generator.FightFunctions.getFarestEnemy)), load(sysexec(com.leekwars.generator.FightFunctions.getTurn)), load(sysexec(LeekFunctions.string, load(sysexec(com.leekwars.generator.FightFunctions.getAliveEnemies)))), load(sysexec(com.leekwars.generator.FightFunctions.getAliveEnemiesCount)), load(sysexec(LeekFunctions.string, load(sysexec(com.leekwars.generator.FightFunctions.getDeadEnemies)))), load(sysexec(com.leekwars.generator.FightFunctions.getDeadEnemiesCount)), load(sysexec(LeekFunctions.string, load(sysexec(com.leekwars.generator.FightFunctions.getEnemies)))), load(sysexec(LeekFunctions.string, load(sysexec(com.leekwars.generator.FightFunctions.getAllies)))), load(sysexec(com.leekwars.generator.FightFunctions.getEnemiesCount)), load(sysexec(com.leekwars.generator.FightFunctions.getNearestAlly)), load(sysexec(com.leekwars.generator.FightFunctions.getFarestAlly)), load(sysexec(com.leekwars.generator.FightFunctions.getFarestAlly)), load(sysexec(LeekFunctions.string, load(sysexec(com.leekwars.generator.FightFunctions.getAliveAllies)))), load(sysexec(LeekFunctions.string, load(sysexec(com.leekwars.generator.FightFunctions.getDeadAllies)))), load(sysexec(com.leekwars.generator.FightFunctions.getAlliesCount)) }, false), 7);&#13;&#10;                                                                                                                                                                                                                                                                                                                                                                                                                                                                                                                                                                                                                                                                                                                                                                                                                                                                                                                                                                                                                                                                                                                                                                                                                                                                                                                                                                                                                                                                                                                                                                                                                                                                                                                                                                                                                                                                                                                                                                                                                                                                                                                                                                                                                                                                                                                                                                                                                                                                                                                                                                                                                                                                                                                                                                                                                                                                                                                                                                                                                                                                                                                                                                                                                                                 ^&#13;&#10;AI_7.java:12: error: package com.leekwars.generator does not exist&#13;&#10;return ops(new ArrayLeekValue(AI_7.this, new Object[] { load(sysexec(com.leekwars.generator.FightFunctions.getDistance, 164, 200)), load(sysexec(com.leekwars.generator.FightFunctions.getDistance, 17, 595)), load(sysexec(com.leekwars.generator.FightFunctions.getCellDistance, 164, 200)), load(sysexec(com.leekwars.generator.FightFunctions.getCellDistance, 17, 595)), load(sysexec(com.leekwars.generator.FightFunctions.getLeekOnCell, load(sysexec(com.leekwars.generator.FightFunctions.getCell, new Object[] { null })))), load(sysexec(com.leekwars.generator.FightFunctions.getLeekOnCell, load(sysexec(com.leekwars.generator.FightFunctions.getCell, 1)))), load(sysexec(com.leekwars.generator.FightFunctions.getLeekOnCell, 1)), load(sysexec(com.leekwars.generator.FightFunctions.getLeekOnCell, -1)), load(sysexec(com.leekwars.generator.FightFunctions.getCellContent, load(sysexec(com.leekwars.generator.FightFunctions.getCell, new Object[] { null })))), load(sysexec(com.leekwars.generator.FightFunctions.getCellContent, load(sysexec(com.leekwars.generator.FightFunctions.getCell, 1)))), load(sysexec(com.leekwars.generator.FightFunctions.getCellContent, 1)), load(sysexec(com.leekwars.generator.FightFunctions.getCellContent, 17)), load(sysexec(com.leekwars.generator.FightFunctions.getCellContent, -1)), load(sysexec(com.leekwars.generator.FightFunctions.isEmptyCell, load(sysexec(com.leekwars.generator.FightFunctions.getCell, new Object[] { null })))), load(sysexec(com.leekwars.generator.FightFunctions.isEmptyCell, load(sysexec(com.leekwars.generator.FightFunctions.getCell, 1)))), load(sysexec(com.leekwars.generator.FightFunctions.isEmptyCell, 1)), load(sysexec(com.leekwars.generator.FightFunctions.isEmptyCell, 17)), load(sysexec(com.leekwars.generator.FightFunctions.isEmptyCell, -1)), load(sysexec(com.leekwars.generator.FightFunctions.isObstacle, load(sysexec(com.leekwars.generator.FightFunctions.getCell, new Object[] { null })))), load(sysexec(com.leekwars.generator.FightFunctions.isObstacle, load(sysexec(com.leekwars.generator.FightFunctions.getCell, 1)))), load(sysexec(com.leekwars.generator.FightFunctions.isObstacle, 1)), load(sysexec(com.leekwars.generator.FightFunctions.isObstacle, 17)), load(sysexec(com.leekwars.generator.FightFunctions.isObstacle, -1)), load(sysexec(com.leekwars.generator.FightFunctions.isLeek, load(sysexec(com.leekwars.generator.FightFunctions.getCell, new Object[] { null })))), load(sysexec(com.leekwars.generator.FightFunctions.isLeek, load(sysexec(com.leekwars.generator.FightFunctions.getCell, 1)))), load(sysexec(com.leekwars.generator.FightFunctions.isLeek, 1)), load(sysexec(com.leekwars.generator.FightFunctions.isLeek, 17)), load(sysexec(com.leekwars.generator.FightFunctions.isLeek, -1)), load(sysexec(com.leekwars.generator.FightFunctions.getCellX, load(sysexec(com.leekwars.generator.FightFunctions.getCell, new Object[] { null })))), load(sysexec(com.leekwars.generator.FightFunctions.getCellX, load(sysexec(com.leekwars.generator.FightFunctions.getCell, 1)))), load(sysexec(com.leekwars.generator.FightFunctions.getCellX, 1)), load(sysexec(com.leekwars.generator.FightFunctions.getCellX, 17)), load(sysexec(com.leekwars.generator.FightFunctions.getCellX, -1)), load(sysexec(com.leekwars.generator.FightFunctions.getCellY, load(sysexec(com.leekwars.generator.FightFunctions.getCell, new Object[] { null })))), load(sysexec(com.leekwars.generator.FightFunctions.getCellY, load(sysexec(com.leekwars.generator.FightFunctions.getCell, 1)))), load(sysexec(com.leekwars.generator.FightFunctions.getCellY, 1)), load(sysexec(com.leekwars.generator.FightFunctions.getCellY, 17)), load(sysexec(com.leekwars.generator.FightFunctions.getCellY, -1)), load(sysexec(com.leekwars.generator.FightFunctions.getNearestEnemy)), load(sysexec(com.leekwars.generator.FightFunctions.getFarestEnemy)), load(sysexec(com.leekwars.generator.FightFunctions.getTurn)), load(sysexec(LeekFunctions.string, load(sysexec(com.leekwars.generator.FightFunctions.getAliveEnemies)))), load(sysexec(com.leekwars.generator.FightFunctions.getAliveEnemiesCount)), load(sysexec(LeekFunctions.string, load(sysexec(com.leekwars.generator.FightFunctions.getDeadEnemies)))), load(sysexec(com.leekwars.generator.FightFunctions.getDeadEnemiesCount)), load(sysexec(LeekFunctions.string, load(sysexec(com.leekwars.generator.FightFunctions.getEnemies)))), load(sysexec(LeekFunctions.string, load(sysexec(com.leekwars.generator.FightFunctions.getAllies)))), load(sysexec(com.leekwars.generator.FightFunctions.getEnemiesCount)), load(sysexec(com.leekwars.generator.FightFunctions.getNearestAlly)), load(sysexec(com.leekwars.generator.FightFunctions.getFarestAlly)), load(sysexec(com.leekwars.generator.FightFunctions.getFarestAlly)), load(sysexec(LeekFunctions.string, load(sysexec(com.leekwars.generator.FightFunctions.getAliveAllies)))), load(sysexec(LeekFunctions.string, load(sysexec(com.leekwars.generator.FightFunctions.getDeadAllies)))), load(sysexec(com.leekwars.generator.FightFunctions.getAlliesCount)) }, false), 7);&#13;&#10;                                                                                                                                                                                                                                                                                                                                                                                                                                                                                                                                                                                                                                                                                                                                                                                                                                                                                                                                                                                                                                                                                                                                                                                                                                                                                                                                                                                                                                                                                                                                                                                                                                                                                                                                                                                                                                                                                                                                                                                                                                                                                                                                                                                                                                                                                                                                                                                                                                                                                                                                                                                                                                                                                                                                                                                                                                                                                                                                                                                                                                                                                                                                                                                                                                                                                                                    ^&#13;&#10;AI_7.java:12: error: package com.leekwars.generator does not exist&#13;&#10;return ops(new ArrayLeekValue(AI_7.this, new Object[] { load(sysexec(com.leekwars.generator.FightFunctions.getDistance, 164, 200)), load(sysexec(com.leekwars.generator.FightFunctions.getDistance, 17, 595)), load(sysexec(com.leekwars.generator.FightFunctions.getCellDistance, 164, 200)), load(sysexec(com.leekwars.generator.FightFunctions.getCellDistance, 17, 595)), load(sysexec(com.leekwars.generator.FightFunctions.getLeekOnCell, load(sysexec(com.leekwars.generator.FightFunctions.getCell, new Object[] { null })))), load(sysexec(com.leekwars.generator.FightFunctions.getLeekOnCell, load(sysexec(com.leekwars.generator.FightFunctions.getCell, 1)))), load(sysexec(com.leekwars.generator.FightFunctions.getLeekOnCell, 1)), load(sysexec(com.leekwars.generator.FightFunctions.getLeekOnCell, -1)), load(sysexec(com.leekwars.generator.FightFunctions.getCellContent, load(sysexec(com.leekwars.generator.FightFunctions.getCell, new Object[] { null })))), load(sysexec(com.leekwars.generator.FightFunctions.getCellContent, load(sysexec(com.leekwars.generator.FightFunctions.getCell, 1)))), load(sysexec(com.leekwars.generator.FightFunctions.getCellContent, 1)), load(sysexec(com.leekwars.generator.FightFunctions.getCellContent, 17)), load(sysexec(com.leekwars.generator.FightFunctions.getCellContent, -1)), load(sysexec(com.leekwars.generator.FightFunctions.isEmptyCell, load(sysexec(com.leekwars.generator.FightFunctions.getCell, new Object[] { null })))), load(sysexec(com.leekwars.generator.FightFunctions.isEmptyCell, load(sysexec(com.leekwars.generator.FightFunctions.getCell, 1)))), load(sysexec(com.leekwars.generator.FightFunctions.isEmptyCell, 1)), load(sysexec(com.leekwars.generator.FightFunctions.isEmptyCell, 17)), load(sysexec(com.leekwars.generator.FightFunctions.isEmptyCell, -1)), load(sysexec(com.leekwars.generator.FightFunctions.isObstacle, load(sysexec(com.leekwars.generator.FightFunctions.getCell, new Object[] { null })))), load(sysexec(com.leekwars.generator.FightFunctions.isObstacle, load(sysexec(com.leekwars.generator.FightFunctions.getCell, 1)))), load(sysexec(com.leekwars.generator.FightFunctions.isObstacle, 1)), load(sysexec(com.leekwars.generator.FightFunctions.isObstacle, 17)), load(sysexec(com.leekwars.generator.FightFunctions.isObstacle, -1)), load(sysexec(com.leekwars.generator.FightFunctions.isLeek, load(sysexec(com.leekwars.generator.FightFunctions.getCell, new Object[] { null })))), load(sysexec(com.leekwars.generator.FightFunctions.isLeek, load(sysexec(com.leekwars.generator.FightFunctions.getCell, 1)))), load(sysexec(com.leekwars.generator.FightFunctions.isLeek, 1)), load(sysexec(com.leekwars.generator.FightFunctions.isLeek, 17)), load(sysexec(com.leekwars.generator.FightFunctions.isLeek, -1)), load(sysexec(com.leekwars.generator.FightFunctions.getCellX, load(sysexec(com.leekwars.generator.FightFunctions.getCell, new Object[] { null })))), load(sysexec(com.leekwars.generator.FightFunctions.getCellX, load(sysexec(com.leekwars.generator.FightFunctions.getCell, 1)))), load(sysexec(com.leekwars.generator.FightFunctions.getCellX, 1)), load(sysexec(com.leekwars.generator.FightFunctions.getCellX, 17)), load(sysexec(com.leekwars.generator.FightFunctions.getCellX, -1)), load(sysexec(com.leekwars.generator.FightFunctions.getCellY, load(sysexec(com.leekwars.generator.FightFunctions.getCell, new Object[] { null })))), load(sysexec(com.leekwars.generator.FightFunctions.getCellY, load(sysexec(com.leekwars.generator.FightFunctions.getCell, 1)))), load(sysexec(com.leekwars.generator.FightFunctions.getCellY, 1)), load(sysexec(com.leekwars.generator.FightFunctions.getCellY, 17)), load(sysexec(com.leekwars.generator.FightFunctions.getCellY, -1)), load(sysexec(com.leekwars.generator.FightFunctions.getNearestEnemy)), load(sysexec(com.leekwars.generator.FightFunctions.getFarestEnemy)), load(sysexec(com.leekwars.generator.FightFunctions.getTurn)), load(sysexec(LeekFunctions.string, load(sysexec(com.leekwars.generator.FightFunctions.getAliveEnemies)))), load(sysexec(com.leekwars.generator.FightFunctions.getAliveEnemiesCount)), load(sysexec(LeekFunctions.string, load(sysexec(com.leekwars.generator.FightFunctions.getDeadEnemies)))), load(sysexec(com.leekwars.generator.FightFunctions.getDeadEnemiesCount)), load(sysexec(LeekFunctions.string, load(sysexec(com.leekwars.generator.FightFunctions.getEnemies)))), load(sysexec(LeekFunctions.string, load(sysexec(com.leekwars.generator.FightFunctions.getAllies)))), load(sysexec(com.leekwars.generator.FightFunctions.getEnemiesCount)), load(sysexec(com.leekwars.generator.FightFunctions.getNearestAlly)), load(sysexec(com.leekwars.generator.FightFunctions.getFarestAlly)), load(sysexec(com.leekwars.generator.FightFunctions.getFarestAlly)), load(sysexec(LeekFunctions.string, load(sysexec(com.leekwars.generator.FightFunctions.getAliveAllies)))), load(sysexec(LeekFunctions.string, load(sysexec(com.leekwars.generator.FightFunctions.getDeadAllies)))), load(sysexec(com.leekwars.generator.FightFunctions.getAlliesCount)) }, false), 7);&#13;&#10;                                                                                                                                                                                                                                                                                                                                                                                                                                                                                                                                                                                                                                                                                                                                                                                                                                                                                                                                                                                                                                                                                                                                                                                                                                                                                                                                                                                                                                                                                                                                                                                                                                                                                                                                                                                                                                                                                                                                                                                                                                                                                                                                                                                                                                                                                                                                                                                                                                                                                                                                                                                                                                                                                                                                                                                                                                                                                                                                                                                                                                                                                                                                                                                                                                                                                                                                                                                       ^&#13;&#10;AI_7.java:12: error: package com.leekwars.generator does not exist&#13;&#10;return ops(new ArrayLeekValue(AI_7.this, new Object[] { load(sysexec(com.leekwars.generator.FightFunctions.getDistance, 164, 200)), load(sysexec(com.leekwars.generator.FightFunctions.getDistance, 17, 595)), load(sysexec(com.leekwars.generator.FightFunctions.getCellDistance, 164, 200)), load(sysexec(com.leekwars.generator.FightFunctions.getCellDistance, 17, 595)), load(sysexec(com.leekwars.generator.FightFunctions.getLeekOnCell, load(sysexec(com.leekwars.generator.FightFunctions.getCell, new Object[] { null })))), load(sysexec(com.leekwars.generator.FightFunctions.getLeekOnCell, load(sysexec(com.leekwars.generator.FightFunctions.getCell, 1)))), load(sysexec(com.leekwars.generator.FightFunctions.getLeekOnCell, 1)), load(sysexec(com.leekwars.generator.FightFunctions.getLeekOnCell, -1)), load(sysexec(com.leekwars.generator.FightFunctions.getCellContent, load(sysexec(com.leekwars.generator.FightFunctions.getCell, new Object[] { null })))), load(sysexec(com.leekwars.generator.FightFunctions.getCellContent, load(sysexec(com.leekwars.generator.FightFunctions.getCell, 1)))), load(sysexec(com.leekwars.generator.FightFunctions.getCellContent, 1)), load(sysexec(com.leekwars.generator.FightFunctions.getCellContent, 17)), load(sysexec(com.leekwars.generator.FightFunctions.getCellContent, -1)), load(sysexec(com.leekwars.generator.FightFunctions.isEmptyCell, load(sysexec(com.leekwars.generator.FightFunctions.getCell, new Object[] { null })))), load(sysexec(com.leekwars.generator.FightFunctions.isEmptyCell, load(sysexec(com.leekwars.generator.FightFunctions.getCell, 1)))), load(sysexec(com.leekwars.generator.FightFunctions.isEmptyCell, 1)), load(sysexec(com.leekwars.generator.FightFunctions.isEmptyCell, 17)), load(sysexec(com.leekwars.generator.FightFunctions.isEmptyCell, -1)), load(sysexec(com.leekwars.generator.FightFunctions.isObstacle, load(sysexec(com.leekwars.generator.FightFunctions.getCell, new Object[] { null })))), load(sysexec(com.leekwars.generator.FightFunctions.isObstacle, load(sysexec(com.leekwars.generator.FightFunctions.getCell, 1)))), load(sysexec(com.leekwars.generator.FightFunctions.isObstacle, 1)), load(sysexec(com.leekwars.generator.FightFunctions.isObstacle, 17)), load(sysexec(com.leekwars.generator.FightFunctions.isObstacle, -1)), load(sysexec(com.leekwars.generator.FightFunctions.isLeek, load(sysexec(com.leekwars.generator.FightFunctions.getCell, new Object[] { null })))), load(sysexec(com.leekwars.generator.FightFunctions.isLeek, load(sysexec(com.leekwars.generator.FightFunctions.getCell, 1)))), load(sysexec(com.leekwars.generator.FightFunctions.isLeek, 1)), load(sysexec(com.leekwars.generator.FightFunctions.isLeek, 17)), load(sysexec(com.leekwars.generator.FightFunctions.isLeek, -1)), load(sysexec(com.leekwars.generator.FightFunctions.getCellX, load(sysexec(com.leekwars.generator.FightFunctions.getCell, new Object[] { null })))), load(sysexec(com.leekwars.generator.FightFunctions.getCellX, load(sysexec(com.leekwars.generator.FightFunctions.getCell, 1)))), load(sysexec(com.leekwars.generator.FightFunctions.getCellX, 1)), load(sysexec(com.leekwars.generator.FightFunctions.getCellX, 17)), load(sysexec(com.leekwars.generator.FightFunctions.getCellX, -1)), load(sysexec(com.leekwars.generator.FightFunctions.getCellY, load(sysexec(com.leekwars.generator.FightFunctions.getCell, new Object[] { null })))), load(sysexec(com.leekwars.generator.FightFunctions.getCellY, load(sysexec(com.leekwars.generator.FightFunctions.getCell, 1)))), load(sysexec(com.leekwars.generator.FightFunctions.getCellY, 1)), load(sysexec(com.leekwars.generator.FightFunctions.getCellY, 17)), load(sysexec(com.leekwars.generator.FightFunctions.getCellY, -1)), load(sysexec(com.leekwars.generator.FightFunctions.getNearestEnemy)), load(sysexec(com.leekwars.generator.FightFunctions.getFarestEnemy)), load(sysexec(com.leekwars.generator.FightFunctions.getTurn)), load(sysexec(LeekFunctions.string, load(sysexec(com.leekwars.generator.FightFunctions.getAliveEnemies)))), load(sysexec(com.leekwars.generator.FightFunctions.getAliveEnemiesCount)), load(sysexec(LeekFunctions.string, load(sysexec(com.leekwars.generator.FightFunctions.getDeadEnemies)))), load(sysexec(com.leekwars.generator.FightFunctions.getDeadEnemiesCount)), load(sysexec(LeekFunctions.string, load(sysexec(com.leekwars.generator.FightFunctions.getEnemies)))), load(sysexec(LeekFunctions.string, load(sysexec(com.leekwars.generator.FightFunctions.getAllies)))), load(sysexec(com.leekwars.generator.FightFunctions.getEnemiesCount)), load(sysexec(com.leekwars.generator.FightFunctions.getNearestAlly)), load(sysexec(com.leekwars.generator.FightFunctions.getFarestAlly)), load(sysexec(com.leekwars.generator.FightFunctions.getFarestAlly)), load(sysexec(LeekFunctions.string, load(sysexec(com.leekwars.generator.FightFunctions.getAliveAllies)))), load(sysexec(LeekFunctions.string, load(sysexec(com.leekwars.generator.FightFunctions.getDeadAllies)))), load(sysexec(com.leekwars.generator.FightFunctions.getAlliesCount)) }, false), 7);&#13;&#10;                                                                                                                                                                                                                                                                                                                                                                                                                                                                                                                                                                                                                                                                                                                                                                                                                                                                                                                                                                                                                                                                                                                                                                                                                                                                                                                                                                                                                                                                                                                                                                                                                                                                                                                                                                                                                                                                                                                                                                                                                                                                                                                                                                                                                                                                                                                                                                                                                                                                                                                                                                                                                                                                                                                                                                                                                                                                                                                                                                                                                                                                                                                                                                                                                                                                                                                                                                                                                                                    ^&#13;&#10;AI_7.java:12: error: package com.leekwars.generator does not exist&#13;&#10;return ops(new ArrayLeekValue(AI_7.this, new Object[] { load(sysexec(com.leekwars.generator.FightFunctions.getDistance, 164, 200)), load(sysexec(com.leekwars.generator.FightFunctions.getDistance, 17, 595)), load(sysexec(com.leekwars.generator.FightFunctions.getCellDistance, 164, 200)), load(sysexec(com.leekwars.generator.FightFunctions.getCellDistance, 17, 595)), load(sysexec(com.leekwars.generator.FightFunctions.getLeekOnCell, load(sysexec(com.leekwars.generator.FightFunctions.getCell, new Object[] { null })))), load(sysexec(com.leekwars.generator.FightFunctions.getLeekOnCell, load(sysexec(com.leekwars.generator.FightFunctions.getCell, 1)))), load(sysexec(com.leekwars.generator.FightFunctions.getLeekOnCell, 1)), load(sysexec(com.leekwars.generator.FightFunctions.getLeekOnCell, -1)), load(sysexec(com.leekwars.generator.FightFunctions.getCellContent, load(sysexec(com.leekwars.generator.FightFunctions.getCell, new Object[] { null })))), load(sysexec(com.leekwars.generator.FightFunctions.getCellContent, load(sysexec(com.leekwars.generator.FightFunctions.getCell, 1)))), load(sysexec(com.leekwars.generator.FightFunctions.getCellContent, 1)), load(sysexec(com.leekwars.generator.FightFunctions.getCellContent, 17)), load(sysexec(com.leekwars.generator.FightFunctions.getCellContent, -1)), load(sysexec(com.leekwars.generator.FightFunctions.isEmptyCell, load(sysexec(com.leekwars.generator.FightFunctions.getCell, new Object[] { null })))), load(sysexec(com.leekwars.generator.FightFunctions.isEmptyCell, load(sysexec(com.leekwars.generator.FightFunctions.getCell, 1)))), load(sysexec(com.leekwars.generator.FightFunctions.isEmptyCell, 1)), load(sysexec(com.leekwars.generator.FightFunctions.isEmptyCell, 17)), load(sysexec(com.leekwars.generator.FightFunctions.isEmptyCell, -1)), load(sysexec(com.leekwars.generator.FightFunctions.isObstacle, load(sysexec(com.leekwars.generator.FightFunctions.getCell, new Object[] { null })))), load(sysexec(com.leekwars.generator.FightFunctions.isObstacle, load(sysexec(com.leekwars.generator.FightFunctions.getCell, 1)))), load(sysexec(com.leekwars.generator.FightFunctions.isObstacle, 1)), load(sysexec(com.leekwars.generator.FightFunctions.isObstacle, 17)), load(sysexec(com.leekwars.generator.FightFunctions.isObstacle, -1)), load(sysexec(com.leekwars.generator.FightFunctions.isLeek, load(sysexec(com.leekwars.generator.FightFunctions.getCell, new Object[] { null })))), load(sysexec(com.leekwars.generator.FightFunctions.isLeek, load(sysexec(com.leekwars.generator.FightFunctions.getCell, 1)))), load(sysexec(com.leekwars.generator.FightFunctions.isLeek, 1)), load(sysexec(com.leekwars.generator.FightFunctions.isLeek, 17)), load(sysexec(com.leekwars.generator.FightFunctions.isLeek, -1)), load(sysexec(com.leekwars.generator.FightFunctions.getCellX, load(sysexec(com.leekwars.generator.FightFunctions.getCell, new Object[] { null })))), load(sysexec(com.leekwars.generator.FightFunctions.getCellX, load(sysexec(com.leekwars.generator.FightFunctions.getCell, 1)))), load(sysexec(com.leekwars.generator.FightFunctions.getCellX, 1)), load(sysexec(com.leekwars.generator.FightFunctions.getCellX, 17)), load(sysexec(com.leekwars.generator.FightFunctions.getCellX, -1)), load(sysexec(com.leekwars.generator.FightFunctions.getCellY, load(sysexec(com.leekwars.generator.FightFunctions.getCell, new Object[] { null })))), load(sysexec(com.leekwars.generator.FightFunctions.getCellY, load(sysexec(com.leekwars.generator.FightFunctions.getCell, 1)))), load(sysexec(com.leekwars.generator.FightFunctions.getCellY, 1)), load(sysexec(com.leekwars.generator.FightFunctions.getCellY, 17)), load(sysexec(com.leekwars.generator.FightFunctions.getCellY, -1)), load(sysexec(com.leekwars.generator.FightFunctions.getNearestEnemy)), load(sysexec(com.leekwars.generator.FightFunctions.getFarestEnemy)), load(sysexec(com.leekwars.generator.FightFunctions.getTurn)), load(sysexec(LeekFunctions.string, load(sysexec(com.leekwars.generator.FightFunctions.getAliveEnemies)))), load(sysexec(com.leekwars.generator.FightFunctions.getAliveEnemiesCount)), load(sysexec(LeekFunctions.string, load(sysexec(com.leekwars.generator.FightFunctions.getDeadEnemies)))), load(sysexec(com.leekwars.generator.FightFunctions.getDeadEnemiesCount)), load(sysexec(LeekFunctions.string, load(sysexec(com.leekwars.generator.FightFunctions.getEnemies)))), load(sysexec(LeekFunctions.string, load(sysexec(com.leekwars.generator.FightFunctions.getAllies)))), load(sysexec(com.leekwars.generator.FightFunctions.getEnemiesCount)), load(sysexec(com.leekwars.generator.FightFunctions.getNearestAlly)), load(sysexec(com.leekwars.generator.FightFunctions.getFarestAlly)), load(sysexec(com.leekwars.generator.FightFunctions.getFarestAlly)), load(sysexec(LeekFunctions.string, load(sysexec(com.leekwars.generator.FightFunctions.getAliveAllies)))), load(sysexec(LeekFunctions.string, load(sysexec(com.leekwars.generator.FightFunctions.getDeadAllies)))), load(sysexec(com.leekwars.generator.FightFunctions.getAlliesCount)) }, false), 7);&#13;&#10;                                                                                                                                                                                                                                                                                                                                                                                                                                                                                                                                                                                                                                                                                                                                                                                                                                                                                                                                                                                                                                                                                                                                                                                                                                                                                                                                                                                                                                                                                                                                                                                                                                                                                                                                                                                                                                                                                                                                                                                                                                                                                                                                                                                                                                                                                                                                                                                                                                                                                                                                                                                                                                                                                                                                                                                                                                                                                                                                                                                                                                                                                                                                                                                                                                                                                                                                                                                                                                                                                                                                           ^&#13;&#10;AI_7.java:12: error: package com.leekwars.generator does not exist&#13;&#10;return ops(new ArrayLeekValue(AI_7.this, new Object[] { load(sysexec(com.leekwars.generator.FightFunctions.getDistance, 164, 200)), load(sysexec(com.leekwars.generator.FightFunctions.getDistance, 17, 595)), load(sysexec(com.leekwars.generator.FightFunctions.getCellDistance, 164, 200)), load(sysexec(com.leekwars.generator.FightFunctions.getCellDistance, 17, 595)), load(sysexec(com.leekwars.generator.FightFunctions.getLeekOnCell, load(sysexec(com.leekwars.generator.FightFunctions.getCell, new Object[] { null })))), load(sysexec(com.leekwars.generator.FightFunctions.getLeekOnCell, load(sysexec(com.leekwars.generator.FightFunctions.getCell, 1)))), load(sysexec(com.leekwars.generator.FightFunctions.getLeekOnCell, 1)), load(sysexec(com.leekwars.generator.FightFunctions.getLeekOnCell, -1)), load(sysexec(com.leekwars.generator.FightFunctions.getCellContent, load(sysexec(com.leekwars.generator.FightFunctions.getCell, new Object[] { null })))), load(sysexec(com.leekwars.generator.FightFunctions.getCellContent, load(sysexec(com.leekwars.generator.FightFunctions.getCell, 1)))), load(sysexec(com.leekwars.generator.FightFunctions.getCellContent, 1)), load(sysexec(com.leekwars.generator.FightFunctions.getCellContent, 17)), load(sysexec(com.leekwars.generator.FightFunctions.getCellContent, -1)), load(sysexec(com.leekwars.generator.FightFunctions.isEmptyCell, load(sysexec(com.leekwars.generator.FightFunctions.getCell, new Object[] { null })))), load(sysexec(com.leekwars.generator.FightFunctions.isEmptyCell, load(sysexec(com.leekwars.generator.FightFunctions.getCell, 1)))), load(sysexec(com.leekwars.generator.FightFunctions.isEmptyCell, 1)), load(sysexec(com.leekwars.generator.FightFunctions.isEmptyCell, 17)), load(sysexec(com.leekwars.generator.FightFunctions.isEmptyCell, -1)), load(sysexec(com.leekwars.generator.FightFunctions.isObstacle, load(sysexec(com.leekwars.generator.FightFunctions.getCell, new Object[] { null })))), load(sysexec(com.leekwars.generator.FightFunctions.isObstacle, load(sysexec(com.leekwars.generator.FightFunctions.getCell, 1)))), load(sysexec(com.leekwars.generator.FightFunctions.isObstacle, 1)), load(sysexec(com.leekwars.generator.FightFunctions.isObstacle, 17)), load(sysexec(com.leekwars.generator.FightFunctions.isObstacle, -1)), load(sysexec(com.leekwars.generator.FightFunctions.isLeek, load(sysexec(com.leekwars.generator.FightFunctions.getCell, new Object[] { null })))), load(sysexec(com.leekwars.generator.FightFunctions.isLeek, load(sysexec(com.leekwars.generator.FightFunctions.getCell, 1)))), load(sysexec(com.leekwars.generator.FightFunctions.isLeek, 1)), load(sysexec(com.leekwars.generator.FightFunctions.isLeek, 17)), load(sysexec(com.leekwars.generator.FightFunctions.isLeek, -1)), load(sysexec(com.leekwars.generator.FightFunctions.getCellX, load(sysexec(com.leekwars.generator.FightFunctions.getCell, new Object[] { null })))), load(sysexec(com.leekwars.generator.FightFunctions.getCellX, load(sysexec(com.leekwars.generator.FightFunctions.getCell, 1)))), load(sysexec(com.leekwars.generator.FightFunctions.getCellX, 1)), load(sysexec(com.leekwars.generator.FightFunctions.getCellX, 17)), load(sysexec(com.leekwars.generator.FightFunctions.getCellX, -1)), load(sysexec(com.leekwars.generator.FightFunctions.getCellY, load(sysexec(com.leekwars.generator.FightFunctions.getCell, new Object[] { null })))), load(sysexec(com.leekwars.generator.FightFunctions.getCellY, load(sysexec(com.leekwars.generator.FightFunctions.getCell, 1)))), load(sysexec(com.leekwars.generator.FightFunctions.getCellY, 1)), load(sysexec(com.leekwars.generator.FightFunctions.getCellY, 17)), load(sysexec(com.leekwars.generator.FightFunctions.getCellY, -1)), load(sysexec(com.leekwars.generator.FightFunctions.getNearestEnemy)), load(sysexec(com.leekwars.generator.FightFunctions.getFarestEnemy)), load(sysexec(com.leekwars.generator.FightFunctions.getTurn)), load(sysexec(LeekFunctions.string, load(sysexec(com.leekwars.generator.FightFunctions.getAliveEnemies)))), load(sysexec(com.leekwars.generator.FightFunctions.getAliveEnemiesCount)), load(sysexec(LeekFunctions.string, load(sysexec(com.leekwars.generator.FightFunctions.getDeadEnemies)))), load(sysexec(com.leekwars.generator.FightFunctions.getDeadEnemiesCount)), load(sysexec(LeekFunctions.string, load(sysexec(com.leekwars.generator.FightFunctions.getEnemies)))), load(sysexec(LeekFunctions.string, load(sysexec(com.leekwars.generator.FightFunctions.getAllies)))), load(sysexec(com.leekwars.generator.FightFunctions.getEnemiesCount)), load(sysexec(com.leekwars.generator.FightFunctions.getNearestAlly)), load(sysexec(com.leekwars.generator.FightFunctions.getFarestAlly)), load(sysexec(com.leekwars.generator.FightFunctions.getFarestAlly)), load(sysexec(LeekFunctions.string, load(sysexec(com.leekwars.generator.FightFunctions.getAliveAllies)))), load(sysexec(LeekFunctions.string, load(sysexec(com.leekwars.generator.FightFunctions.getDeadAllies)))), load(sysexec(com.leekwars.generator.FightFunctions.getAlliesCount)) }, false), 7);&#13;&#10;                                                                                                                                                                                                                                                                                                                                                                                                                                                                                                                                                                                                                                                                                                                                                                                                                                                                                                                                                                                                                                                                                                                                                                                                                                                                                                                                                                                                                                                                                                                                                                                                                                                                                                                                                                                                                                                                                                                                                                                                                                                                                                                                                                                                                                                                                                                                                                                                                                                                                                                                                                                                                                                                                                                                                                                                                                                                                                                                                                                                                                                                                                                                                                                                                                                                                                                                                                                                                                                                                                                                                                                                        ^&#13;&#10;AI_7.java:12: error: package com.leekwars.generator does not exist&#13;&#10;return ops(new ArrayLeekValue(AI_7.this, new Object[] { load(sysexec(com.leekwars.generator.FightFunctions.getDistance, 164, 200)), load(sysexec(com.leekwars.generator.FightFunctions.getDistance, 17, 595)), load(sysexec(com.leekwars.generator.FightFunctions.getCellDistance, 164, 200)), load(sysexec(com.leekwars.generator.FightFunctions.getCellDistance, 17, 595)), load(sysexec(com.leekwars.generator.FightFunctions.getLeekOnCell, load(sysexec(com.leekwars.generator.FightFunctions.getCell, new Object[] { null })))), load(sysexec(com.leekwars.generator.FightFunctions.getLeekOnCell, load(sysexec(com.leekwars.generator.FightFunctions.getCell, 1)))), load(sysexec(com.leekwars.generator.FightFunctions.getLeekOnCell, 1)), load(sysexec(com.leekwars.generator.FightFunctions.getLeekOnCell, -1)), load(sysexec(com.leekwars.generator.FightFunctions.getCellContent, load(sysexec(com.leekwars.generator.FightFunctions.getCell, new Object[] { null })))), load(sysexec(com.leekwars.generator.FightFunctions.getCellContent, load(sysexec(com.leekwars.generator.FightFunctions.getCell, 1)))), load(sysexec(com.leekwars.generator.FightFunctions.getCellContent, 1)), load(sysexec(com.leekwars.generator.FightFunctions.getCellContent, 17)), load(sysexec(com.leekwars.generator.FightFunctions.getCellContent, -1)), load(sysexec(com.leekwars.generator.FightFunctions.isEmptyCell, load(sysexec(com.leekwars.generator.FightFunctions.getCell, new Object[] { null })))), load(sysexec(com.leekwars.generator.FightFunctions.isEmptyCell, load(sysexec(com.leekwars.generator.FightFunctions.getCell, 1)))), load(sysexec(com.leekwars.generator.FightFunctions.isEmptyCell, 1)), load(sysexec(com.leekwars.generator.FightFunctions.isEmptyCell, 17)), load(sysexec(com.leekwars.generator.FightFunctions.isEmptyCell, -1)), load(sysexec(com.leekwars.generator.FightFunctions.isObstacle, load(sysexec(com.leekwars.generator.FightFunctions.getCell, new Object[] { null })))), load(sysexec(com.leekwars.generator.FightFunctions.isObstacle, load(sysexec(com.leekwars.generator.FightFunctions.getCell, 1)))), load(sysexec(com.leekwars.generator.FightFunctions.isObstacle, 1)), load(sysexec(com.leekwars.generator.FightFunctions.isObstacle, 17)), load(sysexec(com.leekwars.generator.FightFunctions.isObstacle, -1)), load(sysexec(com.leekwars.generator.FightFunctions.isLeek, load(sysexec(com.leekwars.generator.FightFunctions.getCell, new Object[] { null })))), load(sysexec(com.leekwars.generator.FightFunctions.isLeek, load(sysexec(com.leekwars.generator.FightFunctions.getCell, 1)))), load(sysexec(com.leekwars.generator.FightFunctions.isLeek, 1)), load(sysexec(com.leekwars.generator.FightFunctions.isLeek, 17)), load(sysexec(com.leekwars.generator.FightFunctions.isLeek, -1)), load(sysexec(com.leekwars.generator.FightFunctions.getCellX, load(sysexec(com.leekwars.generator.FightFunctions.getCell, new Object[] { null })))), load(sysexec(com.leekwars.generator.FightFunctions.getCellX, load(sysexec(com.leekwars.generator.FightFunctions.getCell, 1)))), load(sysexec(com.leekwars.generator.FightFunctions.getCellX, 1)), load(sysexec(com.leekwars.generator.FightFunctions.getCellX, 17)), load(sysexec(com.leekwars.generator.FightFunctions.getCellX, -1)), load(sysexec(com.leekwars.generator.FightFunctions.getCellY, load(sysexec(com.leekwars.generator.FightFunctions.getCell, new Object[] { null })))), load(sysexec(com.leekwars.generator.FightFunctions.getCellY, load(sysexec(com.leekwars.generator.FightFunctions.getCell, 1)))), load(sysexec(com.leekwars.generator.FightFunctions.getCellY, 1)), load(sysexec(com.leekwars.generator.FightFunctions.getCellY, 17)), load(sysexec(com.leekwars.generator.FightFunctions.getCellY, -1)), load(sysexec(com.leekwars.generator.FightFunctions.getNearestEnemy)), load(sysexec(com.leekwars.generator.FightFunctions.getFarestEnemy)), load(sysexec(com.leekwars.generator.FightFunctions.getTurn)), load(sysexec(LeekFunctions.string, load(sysexec(com.leekwars.generator.FightFunctions.getAliveEnemies)))), load(sysexec(com.leekwars.generator.FightFunctions.getAliveEnemiesCount)), load(sysexec(LeekFunctions.string, load(sysexec(com.leekwars.generator.FightFunctions.getDeadEnemies)))), load(sysexec(com.leekwars.generator.FightFunctions.getDeadEnemiesCount)), load(sysexec(LeekFunctions.string, load(sysexec(com.leekwars.generator.FightFunctions.getEnemies)))), load(sysexec(LeekFunctions.string, load(sysexec(com.leekwars.generator.FightFunctions.getAllies)))), load(sysexec(com.leekwars.generator.FightFunctions.getEnemiesCount)), load(sysexec(com.leekwars.generator.FightFunctions.getNearestAlly)), load(sysexec(com.leekwars.generator.FightFunctions.getFarestAlly)), load(sysexec(com.leekwars.generator.FightFunctions.getFarestAlly)), load(sysexec(LeekFunctions.string, load(sysexec(com.leekwars.generator.FightFunctions.getAliveAllies)))), load(sysexec(LeekFunctions.string, load(sysexec(com.leekwars.generator.FightFunctions.getDeadAllies)))), load(sysexec(com.leekwars.generator.FightFunctions.getAlliesCount)) }, false), 7);&#13;&#10;                                                                                                                                                                                                                                                                                                                                                                                                                                                                                                                                                                                                                                                                                                                                                                                                                                                                                                                                                                                                                                                                                                                                                                                                                                                                                                                                                                                                                                                                                                                                                                                                                                                                                                                                                                                                                                                                                                                                                                                                                                                                                                                                                                                                                                                                                                                                                                                                                                                                                                                                                                                                                                                                                                                                                                                                                                                                                                                                                                                                                                                                                                                                                                                                                                                                                                                                                                                                                                                                                                                                                                                                                                                                           ^&#13;&#10;AI_7.java:12: error: package com.leekwars.generator does not exist&#13;&#10;return ops(new ArrayLeekValue(AI_7.this, new Object[] { load(sysexec(com.leekwars.generator.FightFunctions.getDistance, 164, 200)), load(sysexec(com.leekwars.generator.FightFunctions.getDistance, 17, 595)), load(sysexec(com.leekwars.generator.FightFunctions.getCellDistance, 164, 200)), load(sysexec(com.leekwars.generator.FightFunctions.getCellDistance, 17, 595)), load(sysexec(com.leekwars.generator.FightFunctions.getLeekOnCell, load(sysexec(com.leekwars.generator.FightFunctions.getCell, new Object[] { null })))), load(sysexec(com.leekwars.generator.FightFunctions.getLeekOnCell, load(sysexec(com.leekwars.generator.FightFunctions.getCell, 1)))), load(sysexec(com.leekwars.generator.FightFunctions.getLeekOnCell, 1)), load(sysexec(com.leekwars.generator.FightFunctions.getLeekOnCell, -1)), load(sysexec(com.leekwars.generator.FightFunctions.getCellContent, load(sysexec(com.leekwars.generator.FightFunctions.getCell, new Object[] { null })))), load(sysexec(com.leekwars.generator.FightFunctions.getCellContent, load(sysexec(com.leekwars.generator.FightFunctions.getCell, 1)))), load(sysexec(com.leekwars.generator.FightFunctions.getCellContent, 1)), load(sysexec(com.leekwars.generator.FightFunctions.getCellContent, 17)), load(sysexec(com.leekwars.generator.FightFunctions.getCellContent, -1)), load(sysexec(com.leekwars.generator.FightFunctions.isEmptyCell, load(sysexec(com.leekwars.generator.FightFunctions.getCell, new Object[] { null })))), load(sysexec(com.leekwars.generator.FightFunctions.isEmptyCell, load(sysexec(com.leekwars.generator.FightFunctions.getCell, 1)))), load(sysexec(com.leekwars.generator.FightFunctions.isEmptyCell, 1)), load(sysexec(com.leekwars.generator.FightFunctions.isEmptyCell, 17)), load(sysexec(com.leekwars.generator.FightFunctions.isEmptyCell, -1)), load(sysexec(com.leekwars.generator.FightFunctions.isObstacle, load(sysexec(com.leekwars.generator.FightFunctions.getCell, new Object[] { null })))), load(sysexec(com.leekwars.generator.FightFunctions.isObstacle, load(sysexec(com.leekwars.generator.FightFunctions.getCell, 1)))), load(sysexec(com.leekwars.generator.FightFunctions.isObstacle, 1)), load(sysexec(com.leekwars.generator.FightFunctions.isObstacle, 17)), load(sysexec(com.leekwars.generator.FightFunctions.isObstacle, -1)), load(sysexec(com.leekwars.generator.FightFunctions.isLeek, load(sysexec(com.leekwars.generator.FightFunctions.getCell, new Object[] { null })))), load(sysexec(com.leekwars.generator.FightFunctions.isLeek, load(sysexec(com.leekwars.generator.FightFunctions.getCell, 1)))), load(sysexec(com.leekwars.generator.FightFunctions.isLeek, 1)), load(sysexec(com.leekwars.generator.FightFunctions.isLeek, 17)), load(sysexec(com.leekwars.generator.FightFunctions.isLeek, -1)), load(sysexec(com.leekwars.generator.FightFunctions.getCellX, load(sysexec(com.leekwars.generator.FightFunctions.getCell, new Object[] { null })))), load(sysexec(com.leekwars.generator.FightFunctions.getCellX, load(sysexec(com.leekwars.generator.FightFunctions.getCell, 1)))), load(sysexec(com.leekwars.generator.FightFunctions.getCellX, 1)), load(sysexec(com.leekwars.generator.FightFunctions.getCellX, 17)), load(sysexec(com.leekwars.generator.FightFunctions.getCellX, -1)), load(sysexec(com.leekwars.generator.FightFunctions.getCellY, load(sysexec(com.leekwars.generator.FightFunctions.getCell, new Object[] { null })))), load(sysexec(com.leekwars.generator.FightFunctions.getCellY, load(sysexec(com.leekwars.generator.FightFunctions.getCell, 1)))), load(sysexec(com.leekwars.generator.FightFunctions.getCellY, 1)), load(sysexec(com.leekwars.generator.FightFunctions.getCellY, 17)), load(sysexec(com.leekwars.generator.FightFunctions.getCellY, -1)), load(sysexec(com.leekwars.generator.FightFunctions.getNearestEnemy)), load(sysexec(com.leekwars.generator.FightFunctions.getFarestEnemy)), load(sysexec(com.leekwars.generator.FightFunctions.getTurn)), load(sysexec(LeekFunctions.string, load(sysexec(com.leekwars.generator.FightFunctions.getAliveEnemies)))), load(sysexec(com.leekwars.generator.FightFunctions.getAliveEnemiesCount)), load(sysexec(LeekFunctions.string, load(sysexec(com.leekwars.generator.FightFunctions.getDeadEnemies)))), load(sysexec(com.leekwars.generator.FightFunctions.getDeadEnemiesCount)), load(sysexec(LeekFunctions.string, load(sysexec(com.leekwars.generator.FightFunctions.getEnemies)))), load(sysexec(LeekFunctions.string, load(sysexec(com.leekwars.generator.FightFunctions.getAllies)))), load(sysexec(com.leekwars.generator.FightFunctions.getEnemiesCount)), load(sysexec(com.leekwars.generator.FightFunctions.getNearestAlly)), load(sysexec(com.leekwars.generator.FightFunctions.getFarestAlly)), load(sysexec(com.leekwars.generator.FightFunctions.getFarestAlly)), load(sysexec(LeekFunctions.string, load(sysexec(com.leekwars.generator.FightFunctions.getAliveAllies)))), load(sysexec(LeekFunctions.string, load(sysexec(com.leekwars.generator.FightFunctions.getDeadAllies)))), load(sysexec(com.leekwars.generator.FightFunctions.getAlliesCount)) }, false), 7);&#13;&#10;                                                                                                                                                                                                                                                                                                                                                                                                                                                                                                                                                                                                                                                                                                                                                                                                                                                                                                                                                                                                                                                                                                                                                                                                                                                                                                                                                                                                                                                                                                                                                                                                                                                                                                                                                                                                                                                                                                                                                                                                                                                                                                                                                                                                                                                                                                                                                                                                                                                                                                                                                                                                                                                                                                                                                                                                                                                                                                                                                                                                                                                                                                                                                                                                                                                                                                                                                                                                                                                                                                                                                                                                                                                                                                                                             ^&#13;&#10;AI_7.java:12: error: package com.leekwars.generator does not exist&#13;&#10;return ops(new ArrayLeekValue(AI_7.this, new Object[] { load(sysexec(com.leekwars.generator.FightFunctions.getDistance, 164, 200)), load(sysexec(com.leekwars.generator.FightFunctions.getDistance, 17, 595)), load(sysexec(com.leekwars.generator.FightFunctions.getCellDistance, 164, 200)), load(sysexec(com.leekwars.generator.FightFunctions.getCellDistance, 17, 595)), load(sysexec(com.leekwars.generator.FightFunctions.getLeekOnCell, load(sysexec(com.leekwars.generator.FightFunctions.getCell, new Object[] { null })))), load(sysexec(com.leekwars.generator.FightFunctions.getLeekOnCell, load(sysexec(com.leekwars.generator.FightFunctions.getCell, 1)))), load(sysexec(com.leekwars.generator.FightFunctions.getLeekOnCell, 1)), load(sysexec(com.leekwars.generator.FightFunctions.getLeekOnCell, -1)), load(sysexec(com.leekwars.generator.FightFunctions.getCellContent, load(sysexec(com.leekwars.generator.FightFunctions.getCell, new Object[] { null })))), load(sysexec(com.leekwars.generator.FightFunctions.getCellContent, load(sysexec(com.leekwars.generator.FightFunctions.getCell, 1)))), load(sysexec(com.leekwars.generator.FightFunctions.getCellContent, 1)), load(sysexec(com.leekwars.generator.FightFunctions.getCellContent, 17)), load(sysexec(com.leekwars.generator.FightFunctions.getCellContent, -1)), load(sysexec(com.leekwars.generator.FightFunctions.isEmptyCell, load(sysexec(com.leekwars.generator.FightFunctions.getCell, new Object[] { null })))), load(sysexec(com.leekwars.generator.FightFunctions.isEmptyCell, load(sysexec(com.leekwars.generator.FightFunctions.getCell, 1)))), load(sysexec(com.leekwars.generator.FightFunctions.isEmptyCell, 1)), load(sysexec(com.leekwars.generator.FightFunctions.isEmptyCell, 17)), load(sysexec(com.leekwars.generator.FightFunctions.isEmptyCell, -1)), load(sysexec(com.leekwars.generator.FightFunctions.isObstacle, load(sysexec(com.leekwars.generator.FightFunctions.getCell, new Object[] { null })))), load(sysexec(com.leekwars.generator.FightFunctions.isObstacle, load(sysexec(com.leekwars.generator.FightFunctions.getCell, 1)))), load(sysexec(com.leekwars.generator.FightFunctions.isObstacle, 1)), load(sysexec(com.leekwars.generator.FightFunctions.isObstacle, 17)), load(sysexec(com.leekwars.generator.FightFunctions.isObstacle, -1)), load(sysexec(com.leekwars.generator.FightFunctions.isLeek, load(sysexec(com.leekwars.generator.FightFunctions.getCell, new Object[] { null })))), load(sysexec(com.leekwars.generator.FightFunctions.isLeek, load(sysexec(com.leekwars.generator.FightFunctions.getCell, 1)))), load(sysexec(com.leekwars.generator.FightFunctions.isLeek, 1)), load(sysexec(com.leekwars.generator.FightFunctions.isLeek, 17)), load(sysexec(com.leekwars.generator.FightFunctions.isLeek, -1)), load(sysexec(com.leekwars.generator.FightFunctions.getCellX, load(sysexec(com.leekwars.generator.FightFunctions.getCell, new Object[] { null })))), load(sysexec(com.leekwars.generator.FightFunctions.getCellX, load(sysexec(com.leekwars.generator.FightFunctions.getCell, 1)))), load(sysexec(com.leekwars.generator.FightFunctions.getCellX, 1)), load(sysexec(com.leekwars.generator.FightFunctions.getCellX, 17)), load(sysexec(com.leekwars.generator.FightFunctions.getCellX, -1)), load(sysexec(com.leekwars.generator.FightFunctions.getCellY, load(sysexec(com.leekwars.generator.FightFunctions.getCell, new Object[] { null })))), load(sysexec(com.leekwars.generator.FightFunctions.getCellY, load(sysexec(com.leekwars.generator.FightFunctions.getCell, 1)))), load(sysexec(com.leekwars.generator.FightFunctions.getCellY, 1)), load(sysexec(com.leekwars.generator.FightFunctions.getCellY, 17)), load(sysexec(com.leekwars.generator.FightFunctions.getCellY, -1)), load(sysexec(com.leekwars.generator.FightFunctions.getNearestEnemy)), load(sysexec(com.leekwars.generator.FightFunctions.getFarestEnemy)), load(sysexec(com.leekwars.generator.FightFunctions.getTurn)), load(sysexec(LeekFunctions.string, load(sysexec(com.leekwars.generator.FightFunctions.getAliveEnemies)))), load(sysexec(com.leekwars.generator.FightFunctions.getAliveEnemiesCount)), load(sysexec(LeekFunctions.string, load(sysexec(com.leekwars.generator.FightFunctions.getDeadEnemies)))), load(sysexec(com.leekwars.generator.FightFunctions.getDeadEnemiesCount)), load(sysexec(LeekFunctions.string, load(sysexec(com.leekwars.generator.FightFunctions.getEnemies)))), load(sysexec(LeekFunctions.string, load(sysexec(com.leekwars.generator.FightFunctions.getAllies)))), load(sysexec(com.leekwars.generator.FightFunctions.getEnemiesCount)), load(sysexec(com.leekwars.generator.FightFunctions.getNearestAlly)), load(sysexec(com.leekwars.generator.FightFunctions.getFarestAlly)), load(sysexec(com.leekwars.generator.FightFunctions.getFarestAlly)), load(sysexec(LeekFunctions.string, load(sysexec(com.leekwars.generator.FightFunctions.getAliveAllies)))), load(sysexec(LeekFunctions.string, load(sysexec(com.leekwars.generator.FightFunctions.getDeadAllies)))), load(sysexec(com.leekwars.generator.FightFunctions.getAlliesCount)) }, false), 7);&#13;&#10;                                                                                                                                                                                                                                                                                                                                                                                                                                                                                                                                                                                                                                                                                                                                                                                                                                                                                                                                                                                                                                                                                                                                                                                                                                                                                                                                                                                                                                                                                                                                                                                                                                                                                                                                                                                                                                                                                                                                                                                                                                                                                                                                                                                                                                                                                                                                                                                                                                                                                                                                                                                                                                                                                                                                                                                                                                                                                                                                                                                                                                                                                                                                                                                                                                                                                                                                                                                                                                                                                                                                                                                                                                                                                                                                                                                                                ^&#13;&#10;AI_7.java:12: error: package com.leekwars.generator does not exist&#13;&#10;return ops(new ArrayLeekValue(AI_7.this, new Object[] { load(sysexec(com.leekwars.generator.FightFunctions.getDistance, 164, 200)), load(sysexec(com.leekwars.generator.FightFunctions.getDistance, 17, 595)), load(sysexec(com.leekwars.generator.FightFunctions.getCellDistance, 164, 200)), load(sysexec(com.leekwars.generator.FightFunctions.getCellDistance, 17, 595)), load(sysexec(com.leekwars.generator.FightFunctions.getLeekOnCell, load(sysexec(com.leekwars.generator.FightFunctions.getCell, new Object[] { null })))), load(sysexec(com.leekwars.generator.FightFunctions.getLeekOnCell, load(sysexec(com.leekwars.generator.FightFunctions.getCell, 1)))), load(sysexec(com.leekwars.generator.FightFunctions.getLeekOnCell, 1)), load(sysexec(com.leekwars.generator.FightFunctions.getLeekOnCell, -1)), load(sysexec(com.leekwars.generator.FightFunctions.getCellContent, load(sysexec(com.leekwars.generator.FightFunctions.getCell, new Object[] { null })))), load(sysexec(com.leekwars.generator.FightFunctions.getCellContent, load(sysexec(com.leekwars.generator.FightFunctions.getCell, 1)))), load(sysexec(com.leekwars.generator.FightFunctions.getCellContent, 1)), load(sysexec(com.leekwars.generator.FightFunctions.getCellContent, 17)), load(sysexec(com.leekwars.generator.FightFunctions.getCellContent, -1)), load(sysexec(com.leekwars.generator.FightFunctions.isEmptyCell, load(sysexec(com.leekwars.generator.FightFunctions.getCell, new Object[] { null })))), load(sysexec(com.leekwars.generator.FightFunctions.isEmptyCell, load(sysexec(com.leekwars.generator.FightFunctions.getCell, 1)))), load(sysexec(com.leekwars.generator.FightFunctions.isEmptyCell, 1)), load(sysexec(com.leekwars.generator.FightFunctions.isEmptyCell, 17)), load(sysexec(com.leekwars.generator.FightFunctions.isEmptyCell, -1)), load(sysexec(com.leekwars.generator.FightFunctions.isObstacle, load(sysexec(com.leekwars.generator.FightFunctions.getCell, new Object[] { null })))), load(sysexec(com.leekwars.generator.FightFunctions.isObstacle, load(sysexec(com.leekwars.generator.FightFunctions.getCell, 1)))), load(sysexec(com.leekwars.generator.FightFunctions.isObstacle, 1)), load(sysexec(com.leekwars.generator.FightFunctions.isObstacle, 17)), load(sysexec(com.leekwars.generator.FightFunctions.isObstacle, -1)), load(sysexec(com.leekwars.generator.FightFunctions.isLeek, load(sysexec(com.leekwars.generator.FightFunctions.getCell, new Object[] { null })))), load(sysexec(com.leekwars.generator.FightFunctions.isLeek, load(sysexec(com.leekwars.generator.FightFunctions.getCell, 1)))), load(sysexec(com.leekwars.generator.FightFunctions.isLeek, 1)), load(sysexec(com.leekwars.generator.FightFunctions.isLeek, 17)), load(sysexec(com.leekwars.generator.FightFunctions.isLeek, -1)), load(sysexec(com.leekwars.generator.FightFunctions.getCellX, load(sysexec(com.leekwars.generator.FightFunctions.getCell, new Object[] { null })))), load(sysexec(com.leekwars.generator.FightFunctions.getCellX, load(sysexec(com.leekwars.generator.FightFunctions.getCell, 1)))), load(sysexec(com.leekwars.generator.FightFunctions.getCellX, 1)), load(sysexec(com.leekwars.generator.FightFunctions.getCellX, 17)), load(sysexec(com.leekwars.generator.FightFunctions.getCellX, -1)), load(sysexec(com.leekwars.generator.FightFunctions.getCellY, load(sysexec(com.leekwars.generator.FightFunctions.getCell, new Object[] { null })))), load(sysexec(com.leekwars.generator.FightFunctions.getCellY, load(sysexec(com.leekwars.generator.FightFunctions.getCell, 1)))), load(sysexec(com.leekwars.generator.FightFunctions.getCellY, 1)), load(sysexec(com.leekwars.generator.FightFunctions.getCellY, 17)), load(sysexec(com.leekwars.generator.FightFunctions.getCellY, -1)), load(sysexec(com.leekwars.generator.FightFunctions.getNearestEnemy)), load(sysexec(com.leekwars.generator.FightFunctions.getFarestEnemy)), load(sysexec(com.leekwars.generator.FightFunctions.getTurn)), load(sysexec(LeekFunctions.string, load(sysexec(com.leekwars.generator.FightFunctions.getAliveEnemies)))), load(sysexec(com.leekwars.generator.FightFunctions.getAliveEnemiesCount)), load(sysexec(LeekFunctions.string, load(sysexec(com.leekwars.generator.FightFunctions.getDeadEnemies)))), load(sysexec(com.leekwars.generator.FightFunctions.getDeadEnemiesCount)), load(sysexec(LeekFunctions.string, load(sysexec(com.leekwars.generator.FightFunctions.getEnemies)))), load(sysexec(LeekFunctions.string, load(sysexec(com.leekwars.generator.FightFunctions.getAllies)))), load(sysexec(com.leekwars.generator.FightFunctions.getEnemiesCount)), load(sysexec(com.leekwars.generator.FightFunctions.getNearestAlly)), load(sysexec(com.leekwars.generator.FightFunctions.getFarestAlly)), load(sysexec(com.leekwars.generator.FightFunctions.getFarestAlly)), load(sysexec(LeekFunctions.string, load(sysexec(com.leekwars.generator.FightFunctions.getAliveAllies)))), load(sysexec(LeekFunctions.string, load(sysexec(com.leekwars.generator.FightFunctions.getDeadAllies)))), load(sysexec(com.leekwars.generator.FightFunctions.getAlliesCount)) }, false), 7);&#13;&#10;                                                                                                                                                                                                                                                                                                                                                                                                                                                                                                                                                                                                                                                                                                                                                                                                                                                                                                                                                                                                                                                                                                                                                                                                                                                                                                                                                                                                                                                                                                                                                                                                                                                                                                                                                                                                                                                                                                                                                                                                                                                                                                                                                                                                                                                                                                                                                                                                                                                                                                                                                                                                                                                                                                                                                                                                                                                                                                                                                                                                                                                                                                                                                                                                                                                                                                                                                                                                                                                                                                                                                                                                                                                                                                                                                                                                                                                                                   ^&#13;&#10;AI_7.java:12: error: package com.leekwars.generator does not exist&#13;&#10;return ops(new ArrayLeekValue(AI_7.this, new Object[] { load(sysexec(com.leekwars.generator.FightFunctions.getDistance, 164, 200)), load(sysexec(com.leekwars.generator.FightFunctions.getDistance, 17, 595)), load(sysexec(com.leekwars.generator.FightFunctions.getCellDistance, 164, 200)), load(sysexec(com.leekwars.generator.FightFunctions.getCellDistance, 17, 595)), load(sysexec(com.leekwars.generator.FightFunctions.getLeekOnCell, load(sysexec(com.leekwars.generator.FightFunctions.getCell, new Object[] { null })))), load(sysexec(com.leekwars.generator.FightFunctions.getLeekOnCell, load(sysexec(com.leekwars.generator.FightFunctions.getCell, 1)))), load(sysexec(com.leekwars.generator.FightFunctions.getLeekOnCell, 1)), load(sysexec(com.leekwars.generator.FightFunctions.getLeekOnCell, -1)), load(sysexec(com.leekwars.generator.FightFunctions.getCellContent, load(sysexec(com.leekwars.generator.FightFunctions.getCell, new Object[] { null })))), load(sysexec(com.leekwars.generator.FightFunctions.getCellContent, load(sysexec(com.leekwars.generator.FightFunctions.getCell, 1)))), load(sysexec(com.leekwars.generator.FightFunctions.getCellContent, 1)), load(sysexec(com.leekwars.generator.FightFunctions.getCellContent, 17)), load(sysexec(com.leekwars.generator.FightFunctions.getCellContent, -1)), load(sysexec(com.leekwars.generator.FightFunctions.isEmptyCell, load(sysexec(com.leekwars.generator.FightFunctions.getCell, new Object[] { null })))), load(sysexec(com.leekwars.generator.FightFunctions.isEmptyCell, load(sysexec(com.leekwars.generator.FightFunctions.getCell, 1)))), load(sysexec(com.leekwars.generator.FightFunctions.isEmptyCell, 1)), load(sysexec(com.leekwars.generator.FightFunctions.isEmptyCell, 17)), load(sysexec(com.leekwars.generator.FightFunctions.isEmptyCell, -1)), load(sysexec(com.leekwars.generator.FightFunctions.isObstacle, load(sysexec(com.leekwars.generator.FightFunctions.getCell, new Object[] { null })))), load(sysexec(com.leekwars.generator.FightFunctions.isObstacle, load(sysexec(com.leekwars.generator.FightFunctions.getCell, 1)))), load(sysexec(com.leekwars.generator.FightFunctions.isObstacle, 1)), load(sysexec(com.leekwars.generator.FightFunctions.isObstacle, 17)), load(sysexec(com.leekwars.generator.FightFunctions.isObstacle, -1)), load(sysexec(com.leekwars.generator.FightFunctions.isLeek, load(sysexec(com.leekwars.generator.FightFunctions.getCell, new Object[] { null })))), load(sysexec(com.leekwars.generator.FightFunctions.isLeek, load(sysexec(com.leekwars.generator.FightFunctions.getCell, 1)))), load(sysexec(com.leekwars.generator.FightFunctions.isLeek, 1)), load(sysexec(com.leekwars.generator.FightFunctions.isLeek, 17)), load(sysexec(com.leekwars.generator.FightFunctions.isLeek, -1)), load(sysexec(com.leekwars.generator.FightFunctions.getCellX, load(sysexec(com.leekwars.generator.FightFunctions.getCell, new Object[] { null })))), load(sysexec(com.leekwars.generator.FightFunctions.getCellX, load(sysexec(com.leekwars.generator.FightFunctions.getCell, 1)))), load(sysexec(com.leekwars.generator.FightFunctions.getCellX, 1)), load(sysexec(com.leekwars.generator.FightFunctions.getCellX, 17)), load(sysexec(com.leekwars.generator.FightFunctions.getCellX, -1)), load(sysexec(com.leekwars.generator.FightFunctions.getCellY, load(sysexec(com.leekwars.generator.FightFunctions.getCell, new Object[] { null })))), load(sysexec(com.leekwars.generator.FightFunctions.getCellY, load(sysexec(com.leekwars.generator.FightFunctions.getCell, 1)))), load(sysexec(com.leekwars.generator.FightFunctions.getCellY, 1)), load(sysexec(com.leekwars.generator.FightFunctions.getCellY, 17)), load(sysexec(com.leekwars.generator.FightFunctions.getCellY, -1)), load(sysexec(com.leekwars.generator.FightFunctions.getNearestEnemy)), load(sysexec(com.leekwars.generator.FightFunctions.getFarestEnemy)), load(sysexec(com.leekwars.generator.FightFunctions.getTurn)), load(sysexec(LeekFunctions.string, load(sysexec(com.leekwars.generator.FightFunctions.getAliveEnemies)))), load(sysexec(com.leekwars.generator.FightFunctions.getAliveEnemiesCount)), load(sysexec(LeekFunctions.string, load(sysexec(com.leekwars.generator.FightFunctions.getDeadEnemies)))), load(sysexec(com.leekwars.generator.FightFunctions.getDeadEnemiesCount)), load(sysexec(LeekFunctions.string, load(sysexec(com.leekwars.generator.FightFunctions.getEnemies)))), load(sysexec(LeekFunctions.string, load(sysexec(com.leekwars.generator.FightFunctions.getAllies)))), load(sysexec(com.leekwars.generator.FightFunctions.getEnemiesCount)), load(sysexec(com.leekwars.generator.FightFunctions.getNearestAlly)), load(sysexec(com.leekwars.generator.FightFunctions.getFarestAlly)), load(sysexec(com.leekwars.generator.FightFunctions.getFarestAlly)), load(sysexec(LeekFunctions.string, load(sysexec(com.leekwars.generator.FightFunctions.getAliveAllies)))), load(sysexec(LeekFunctions.string, load(sysexec(com.leekwars.generator.FightFunctions.getDeadAllies)))), load(sysexec(com.leekwars.generator.FightFunctions.getAlliesCount)) }, false), 7);&#13;&#10;                                                                                                                                                                                                                                                                                                                                                                                                                                                                                                                                                                                                                                                                                                                                                                                                                                                                                                                                                                                                                                                                                                                                                                                                                                                                                                                                                                                                                                                                                                                                                                                                                                                                                                                                                                                                                                                                                                                                                                                                                                                                                                                                                                                                                                                                                                                                                                                                                                                                                                                                                                                                                                                                                                                                                                                                                                                                                                                                                                                                                                                                                                                                                                                                                                                                                                                                                                                                                                                                                                                                                                                                                                                                                                                                                                                                                                                                                                                                                         ^&#13;&#10;AI_7.java:12: error: package com.leekwars.generator does not exist&#13;&#10;return ops(new ArrayLeekValue(AI_7.this, new Object[] { load(sysexec(com.leekwars.generator.FightFunctions.getDistance, 164, 200)), load(sysexec(com.leekwars.generator.FightFunctions.getDistance, 17, 595)), load(sysexec(com.leekwars.generator.FightFunctions.getCellDistance, 164, 200)), load(sysexec(com.leekwars.generator.FightFunctions.getCellDistance, 17, 595)), load(sysexec(com.leekwars.generator.FightFunctions.getLeekOnCell, load(sysexec(com.leekwars.generator.FightFunctions.getCell, new Object[] { null })))), load(sysexec(com.leekwars.generator.FightFunctions.getLeekOnCell, load(sysexec(com.leekwars.generator.FightFunctions.getCell, 1)))), load(sysexec(com.leekwars.generator.FightFunctions.getLeekOnCell, 1)), load(sysexec(com.leekwars.generator.FightFunctions.getLeekOnCell, -1)), load(sysexec(com.leekwars.generator.FightFunctions.getCellContent, load(sysexec(com.leekwars.generator.FightFunctions.getCell, new Object[] { null })))), load(sysexec(com.leekwars.generator.FightFunctions.getCellContent, load(sysexec(com.leekwars.generator.FightFunctions.getCell, 1)))), load(sysexec(com.leekwars.generator.FightFunctions.getCellContent, 1)), load(sysexec(com.leekwars.generator.FightFunctions.getCellContent, 17)), load(sysexec(com.leekwars.generator.FightFunctions.getCellContent, -1)), load(sysexec(com.leekwars.generator.FightFunctions.isEmptyCell, load(sysexec(com.leekwars.generator.FightFunctions.getCell, new Object[] { null })))), load(sysexec(com.leekwars.generator.FightFunctions.isEmptyCell, load(sysexec(com.leekwars.generator.FightFunctions.getCell, 1)))), load(sysexec(com.leekwars.generator.FightFunctions.isEmptyCell, 1)), load(sysexec(com.leekwars.generator.FightFunctions.isEmptyCell, 17)), load(sysexec(com.leekwars.generator.FightFunctions.isEmptyCell, -1)), load(sysexec(com.leekwars.generator.FightFunctions.isObstacle, load(sysexec(com.leekwars.generator.FightFunctions.getCell, new Object[] { null })))), load(sysexec(com.leekwars.generator.FightFunctions.isObstacle, load(sysexec(com.leekwars.generator.FightFunctions.getCell, 1)))), load(sysexec(com.leekwars.generator.FightFunctions.isObstacle, 1)), load(sysexec(com.leekwars.generator.FightFunctions.isObstacle, 17)), load(sysexec(com.leekwars.generator.FightFunctions.isObstacle, -1)), load(sysexec(com.leekwars.generator.FightFunctions.isLeek, load(sysexec(com.leekwars.generator.FightFunctions.getCell, new Object[] { null })))), load(sysexec(com.leekwars.generator.FightFunctions.isLeek, load(sysexec(com.leekwars.generator.FightFunctions.getCell, 1)))), load(sysexec(com.leekwars.generator.FightFunctions.isLeek, 1)), load(sysexec(com.leekwars.generator.FightFunctions.isLeek, 17)), load(sysexec(com.leekwars.generator.FightFunctions.isLeek, -1)), load(sysexec(com.leekwars.generator.FightFunctions.getCellX, load(sysexec(com.leekwars.generator.FightFunctions.getCell, new Object[] { null })))), load(sysexec(com.leekwars.generator.FightFunctions.getCellX, load(sysexec(com.leekwars.generator.FightFunctions.getCell, 1)))), load(sysexec(com.leekwars.generator.FightFunctions.getCellX, 1)), load(sysexec(com.leekwars.generator.FightFunctions.getCellX, 17)), load(sysexec(com.leekwars.generator.FightFunctions.getCellX, -1)), load(sysexec(com.leekwars.generator.FightFunctions.getCellY, load(sysexec(com.leekwars.generator.FightFunctions.getCell, new Object[] { null })))), load(sysexec(com.leekwars.generator.FightFunctions.getCellY, load(sysexec(com.leekwars.generator.FightFunctions.getCell, 1)))), load(sysexec(com.leekwars.generator.FightFunctions.getCellY, 1)), load(sysexec(com.leekwars.generator.FightFunctions.getCellY, 17)), load(sysexec(com.leekwars.generator.FightFunctions.getCellY, -1)), load(sysexec(com.leekwars.generator.FightFunctions.getNearestEnemy)), load(sysexec(com.leekwars.generator.FightFunctions.getFarestEnemy)), load(sysexec(com.leekwars.generator.FightFunctions.getTurn)), load(sysexec(LeekFunctions.string, load(sysexec(com.leekwars.generator.FightFunctions.getAliveEnemies)))), load(sysexec(com.leekwars.generator.FightFunctions.getAliveEnemiesCount)), load(sysexec(LeekFunctions.string, load(sysexec(com.leekwars.generator.FightFunctions.getDeadEnemies)))), load(sysexec(com.leekwars.generator.FightFunctions.getDeadEnemiesCount)), load(sysexec(LeekFunctions.string, load(sysexec(com.leekwars.generator.FightFunctions.getEnemies)))), load(sysexec(LeekFunctions.string, load(sysexec(com.leekwars.generator.FightFunctions.getAllies)))), load(sysexec(com.leekwars.generator.FightFunctions.getEnemiesCount)), load(sysexec(com.leekwars.generator.FightFunctions.getNearestAlly)), load(sysexec(com.leekwars.generator.FightFunctions.getFarestAlly)), load(sysexec(com.leekwars.generator.FightFunctions.getFarestAlly)), load(sysexec(LeekFunctions.string, load(sysexec(com.leekwars.generator.FightFunctions.getAliveAllies)))), load(sysexec(LeekFunctions.string, load(sysexec(com.leekwars.generator.FightFunctions.getDeadAllies)))), load(sysexec(com.leekwars.generator.FightFunctions.getAlliesCount)) }, false), 7);&#13;&#10;                                                                                                                                                                                                                                                                                                                                                                                                                                                                                                                                                                                                                                                                                                                                                                                                                                                                                                                                                                                                                                                                                                                                                                                                                                                                                                                                                                                                                                                                                                                                                                                                                                                                                                                                                                                                                                                                                                                                                                                                                                                                                                                                                                                                                                                                                                                                                                                                                                                                                                                                                                                                                                                                                                                                                                                                                                                                                                                                                                                                                                                                                                                                                                                                                                                                                                                                                                                                                                                                                                                                                                                                                                                                                                                                                                                                                                                                                                                                                                                                                              ^&#13;&#10;AI_7.java:12: error: package com.leekwars.generator does not exist&#13;&#10;return ops(new ArrayLeekValue(AI_7.this, new Object[] { load(sysexec(com.leekwars.generator.FightFunctions.getDistance, 164, 200)), load(sysexec(com.leekwars.generator.FightFunctions.getDistance, 17, 595)), load(sysexec(com.leekwars.generator.FightFunctions.getCellDistance, 164, 200)), load(sysexec(com.leekwars.generator.FightFunctions.getCellDistance, 17, 595)), load(sysexec(com.leekwars.generator.FightFunctions.getLeekOnCell, load(sysexec(com.leekwars.generator.FightFunctions.getCell, new Object[] { null })))), load(sysexec(com.leekwars.generator.FightFunctions.getLeekOnCell, load(sysexec(com.leekwars.generator.FightFunctions.getCell, 1)))), load(sysexec(com.leekwars.generator.FightFunctions.getLeekOnCell, 1)), load(sysexec(com.leekwars.generator.FightFunctions.getLeekOnCell, -1)), load(sysexec(com.leekwars.generator.FightFunctions.getCellContent, load(sysexec(com.leekwars.generator.FightFunctions.getCell, new Object[] { null })))), load(sysexec(com.leekwars.generator.FightFunctions.getCellContent, load(sysexec(com.leekwars.generator.FightFunctions.getCell, 1)))), load(sysexec(com.leekwars.generator.FightFunctions.getCellContent, 1)), load(sysexec(com.leekwars.generator.FightFunctions.getCellContent, 17)), load(sysexec(com.leekwars.generator.FightFunctions.getCellContent, -1)), load(sysexec(com.leekwars.generator.FightFunctions.isEmptyCell, load(sysexec(com.leekwars.generator.FightFunctions.getCell, new Object[] { null })))), load(sysexec(com.leekwars.generator.FightFunctions.isEmptyCell, load(sysexec(com.leekwars.generator.FightFunctions.getCell, 1)))), load(sysexec(com.leekwars.generator.FightFunctions.isEmptyCell, 1)), load(sysexec(com.leekwars.generator.FightFunctions.isEmptyCell, 17)), load(sysexec(com.leekwars.generator.FightFunctions.isEmptyCell, -1)), load(sysexec(com.leekwars.generator.FightFunctions.isObstacle, load(sysexec(com.leekwars.generator.FightFunctions.getCell, new Object[] { null })))), load(sysexec(com.leekwars.generator.FightFunctions.isObstacle, load(sysexec(com.leekwars.generator.FightFunctions.getCell, 1)))), load(sysexec(com.leekwars.generator.FightFunctions.isObstacle, 1)), load(sysexec(com.leekwars.generator.FightFunctions.isObstacle, 17)), load(sysexec(com.leekwars.generator.FightFunctions.isObstacle, -1)), load(sysexec(com.leekwars.generator.FightFunctions.isLeek, load(sysexec(com.leekwars.generator.FightFunctions.getCell, new Object[] { null })))), load(sysexec(com.leekwars.generator.FightFunctions.isLeek, load(sysexec(com.leekwars.generator.FightFunctions.getCell, 1)))), load(sysexec(com.leekwars.generator.FightFunctions.isLeek, 1)), load(sysexec(com.leekwars.generator.FightFunctions.isLeek, 17)), load(sysexec(com.leekwars.generator.FightFunctions.isLeek, -1)), load(sysexec(com.leekwars.generator.FightFunctions.getCellX, load(sysexec(com.leekwars.generator.FightFunctions.getCell, new Object[] { null })))), load(sysexec(com.leekwars.generator.FightFunctions.getCellX, load(sysexec(com.leekwars.generator.FightFunctions.getCell, 1)))), load(sysexec(com.leekwars.generator.FightFunctions.getCellX, 1)), load(sysexec(com.leekwars.generator.FightFunctions.getCellX, 17)), load(sysexec(com.leekwars.generator.FightFunctions.getCellX, -1)), load(sysexec(com.leekwars.generator.FightFunctions.getCellY, load(sysexec(com.leekwars.generator.FightFunctions.getCell, new Object[] { null })))), load(sysexec(com.leekwars.generator.FightFunctions.getCellY, load(sysexec(com.leekwars.generator.FightFunctions.getCell, 1)))), load(sysexec(com.leekwars.generator.FightFunctions.getCellY, 1)), load(sysexec(com.leekwars.generator.FightFunctions.getCellY, 17)), load(sysexec(com.leekwars.generator.FightFunctions.getCellY, -1)), load(sysexec(com.leekwars.generator.FightFunctions.getNearestEnemy)), load(sysexec(com.leekwars.generator.FightFunctions.getFarestEnemy)), load(sysexec(com.leekwars.generator.FightFunctions.getTurn)), load(sysexec(LeekFunctions.string, load(sysexec(com.leekwars.generator.FightFunctions.getAliveEnemies)))), load(sysexec(com.leekwars.generator.FightFunctions.getAliveEnemiesCount)), load(sysexec(LeekFunctions.string, load(sysexec(com.leekwars.generator.FightFunctions.getDeadEnemies)))), load(sysexec(com.leekwars.generator.FightFunctions.getDeadEnemiesCount)), load(sysexec(LeekFunctions.string, load(sysexec(com.leekwars.generator.FightFunctions.getEnemies)))), load(sysexec(LeekFunctions.string, load(sysexec(com.leekwars.generator.FightFunctions.getAllies)))), load(sysexec(com.leekwars.generator.FightFunctions.getEnemiesCount)), load(sysexec(com.leekwars.generator.FightFunctions.getNearestAlly)), load(sysexec(com.leekwars.generator.FightFunctions.getFarestAlly)), load(sysexec(com.leekwars.generator.FightFunctions.getFarestAlly)), load(sysexec(LeekFunctions.string, load(sysexec(com.leekwars.generator.FightFunctions.getAliveAllies)))), load(sysexec(LeekFunctions.string, load(sysexec(com.leekwars.generator.FightFunctions.getDeadAllies)))), load(sysexec(com.leekwars.generator.FightFunctions.getAlliesCount)) }, false), 7);&#13;&#10;                                                                                                                                                                                                                                                                                                                                                                                                                                                                                                                                                                                                                                                                                                                                                                                                                                                                                                                                                                                                                                                                                                                                                                                                                                                                                                                                                                                                                                                                                                                                                                                                                                                                                                                                                                                                                                                                                                                                                                                                                                                                                                                                                                                                                                                                                                                                                                                                                                                                                                                                                                                                                                                                                                                                                                                                                                                                                                                                                                                                                                                                                                                                                                                                                                                                                                                                                                                                                                                                                                                                                                                                                                                                                                                                                                                                                                                                                                                                                                                                                                                                                                                               ^&#13;&#10;AI_7.java:12: error: package com.leekwars.generator does not exist&#13;&#10;return ops(new ArrayLeekValue(AI_7.this, new Object[] { load(sysexec(com.leekwars.generator.FightFunctions.getDistance, 164, 200)), load(sysexec(com.leekwars.generator.FightFunctions.getDistance, 17, 595)), load(sysexec(com.leekwars.generator.FightFunctions.getCellDistance, 164, 200)), load(sysexec(com.leekwars.generator.FightFunctions.getCellDistance, 17, 595)), load(sysexec(com.leekwars.generator.FightFunctions.getLeekOnCell, load(sysexec(com.leekwars.generator.FightFunctions.getCell, new Object[] { null })))), load(sysexec(com.leekwars.generator.FightFunctions.getLeekOnCell, load(sysexec(com.leekwars.generator.FightFunctions.getCell, 1)))), load(sysexec(com.leekwars.generator.FightFunctions.getLeekOnCell, 1)), load(sysexec(com.leekwars.generator.FightFunctions.getLeekOnCell, -1)), load(sysexec(com.leekwars.generator.FightFunctions.getCellContent, load(sysexec(com.leekwars.generator.FightFunctions.getCell, new Object[] { null })))), load(sysexec(com.leekwars.generator.FightFunctions.getCellContent, load(sysexec(com.leekwars.generator.FightFunctions.getCell, 1)))), load(sysexec(com.leekwars.generator.FightFunctions.getCellContent, 1)), load(sysexec(com.leekwars.generator.FightFunctions.getCellContent, 17)), load(sysexec(com.leekwars.generator.FightFunctions.getCellContent, -1)), load(sysexec(com.leekwars.generator.FightFunctions.isEmptyCell, load(sysexec(com.leekwars.generator.FightFunctions.getCell, new Object[] { null })))), load(sysexec(com.leekwars.generator.FightFunctions.isEmptyCell, load(sysexec(com.leekwars.generator.FightFunctions.getCell, 1)))), load(sysexec(com.leekwars.generator.FightFunctions.isEmptyCell, 1)), load(sysexec(com.leekwars.generator.FightFunctions.isEmptyCell, 17)), load(sysexec(com.leekwars.generator.FightFunctions.isEmptyCell, -1)), load(sysexec(com.leekwars.generator.FightFunctions.isObstacle, load(sysexec(com.leekwars.generator.FightFunctions.getCell, new Object[] { null })))), load(sysexec(com.leekwars.generator.FightFunctions.isObstacle, load(sysexec(com.leekwars.generator.FightFunctions.getCell, 1)))), load(sysexec(com.leekwars.generator.FightFunctions.isObstacle, 1)), load(sysexec(com.leekwars.generator.FightFunctions.isObstacle, 17)), load(sysexec(com.leekwars.generator.FightFunctions.isObstacle, -1)), load(sysexec(com.leekwars.generator.FightFunctions.isLeek, load(sysexec(com.leekwars.generator.FightFunctions.getCell, new Object[] { null })))), load(sysexec(com.leekwars.generator.FightFunctions.isLeek, load(sysexec(com.leekwars.generator.FightFunctions.getCell, 1)))), load(sysexec(com.leekwars.generator.FightFunctions.isLeek, 1)), load(sysexec(com.leekwars.generator.FightFunctions.isLeek, 17)), load(sysexec(com.leekwars.generator.FightFunctions.isLeek, -1)), load(sysexec(com.leekwars.generator.FightFunctions.getCellX, load(sysexec(com.leekwars.generator.FightFunctions.getCell, new Object[] { null })))), load(sysexec(com.leekwars.generator.FightFunctions.getCellX, load(sysexec(com.leekwars.generator.FightFunctions.getCell, 1)))), load(sysexec(com.leekwars.generator.FightFunctions.getCellX, 1)), load(sysexec(com.leekwars.generator.FightFunctions.getCellX, 17)), load(sysexec(com.leekwars.generator.FightFunctions.getCellX, -1)), load(sysexec(com.leekwars.generator.FightFunctions.getCellY, load(sysexec(com.leekwars.generator.FightFunctions.getCell, new Object[] { null })))), load(sysexec(com.leekwars.generator.FightFunctions.getCellY, load(sysexec(com.leekwars.generator.FightFunctions.getCell, 1)))), load(sysexec(com.leekwars.generator.FightFunctions.getCellY, 1)), load(sysexec(com.leekwars.generator.FightFunctions.getCellY, 17)), load(sysexec(com.leekwars.generator.FightFunctions.getCellY, -1)), load(sysexec(com.leekwars.generator.FightFunctions.getNearestEnemy)), load(sysexec(com.leekwars.generator.FightFunctions.getFarestEnemy)), load(sysexec(com.leekwars.generator.FightFunctions.getTurn)), load(sysexec(LeekFunctions.string, load(sysexec(com.leekwars.generator.FightFunctions.getAliveEnemies)))), load(sysexec(com.leekwars.generator.FightFunctions.getAliveEnemiesCount)), load(sysexec(LeekFunctions.string, load(sysexec(com.leekwars.generator.FightFunctions.getDeadEnemies)))), load(sysexec(com.leekwars.generator.FightFunctions.getDeadEnemiesCount)), load(sysexec(LeekFunctions.string, load(sysexec(com.leekwars.generator.FightFunctions.getEnemies)))), load(sysexec(LeekFunctions.string, load(sysexec(com.leekwars.generator.FightFunctions.getAllies)))), load(sysexec(com.leekwars.generator.FightFunctions.getEnemiesCount)), load(sysexec(com.leekwars.generator.FightFunctions.getNearestAlly)), load(sysexec(com.leekwars.generator.FightFunctions.getFarestAlly)), load(sysexec(com.leekwars.generator.FightFunctions.getFarestAlly)), load(sysexec(LeekFunctions.string, load(sysexec(com.leekwars.generator.FightFunctions.getAliveAllies)))), load(sysexec(LeekFunctions.string, load(sysexec(com.leekwars.generator.FightFunctions.getDeadAllies)))), load(sysexec(com.leekwars.generator.FightFunctions.getAlliesCount)) }, false), 7);&#13;&#10;                                                                                                                                                                                                                                                                                                                                                                                                                                                                                                                                                                                                                                                                                                                                                                                                                                                                                                                                                                                                                                                                                                                                                                                                                                                                                                                                                                                                                                                                                                                                                                                                                                                                                                                                                                                                                                                                                                                                                                                                                                                                                                                                                                                                                                                                                                                                                                                                                                                                                                                                                                                                                                                                                                                                                                                                                                                                                                                                                                                                                                                                                                                                                                                                                                                                                                                                                                                                                                                                                                                                                                                                                                                                                                                                                                                                                                                                                                                                                                                                                                                                                                                                                                                                       ^&#13;&#10;AI_7.java:12: error: package com.leekwars.generator does not exist&#13;&#10;return ops(new ArrayLeekValue(AI_7.this, new Object[] { load(sysexec(com.leekwars.generator.FightFunctions.getDistance, 164, 200)), load(sysexec(com.leekwars.generator.FightFunctions.getDistance, 17, 595)), load(sysexec(com.leekwars.generator.FightFunctions.getCellDistance, 164, 200)), load(sysexec(com.leekwars.generator.FightFunctions.getCellDistance, 17, 595)), load(sysexec(com.leekwars.generator.FightFunctions.getLeekOnCell, load(sysexec(com.leekwars.generator.FightFunctions.getCell, new Object[] { null })))), load(sysexec(com.leekwars.generator.FightFunctions.getLeekOnCell, load(sysexec(com.leekwars.generator.FightFunctions.getCell, 1)))), load(sysexec(com.leekwars.generator.FightFunctions.getLeekOnCell, 1)), load(sysexec(com.leekwars.generator.FightFunctions.getLeekOnCell, -1)), load(sysexec(com.leekwars.generator.FightFunctions.getCellContent, load(sysexec(com.leekwars.generator.FightFunctions.getCell, new Object[] { null })))), load(sysexec(com.leekwars.generator.FightFunctions.getCellContent, load(sysexec(com.leekwars.generator.FightFunctions.getCell, 1)))), load(sysexec(com.leekwars.generator.FightFunctions.getCellContent, 1)), load(sysexec(com.leekwars.generator.FightFunctions.getCellContent, 17)), load(sysexec(com.leekwars.generator.FightFunctions.getCellContent, -1)), load(sysexec(com.leekwars.generator.FightFunctions.isEmptyCell, load(sysexec(com.leekwars.generator.FightFunctions.getCell, new Object[] { null })))), load(sysexec(com.leekwars.generator.FightFunctions.isEmptyCell, load(sysexec(com.leekwars.generator.FightFunctions.getCell, 1)))), load(sysexec(com.leekwars.generator.FightFunctions.isEmptyCell, 1)), load(sysexec(com.leekwars.generator.FightFunctions.isEmptyCell, 17)), load(sysexec(com.leekwars.generator.FightFunctions.isEmptyCell, -1)), load(sysexec(com.leekwars.generator.FightFunctions.isObstacle, load(sysexec(com.leekwars.generator.FightFunctions.getCell, new Object[] { null })))), load(sysexec(com.leekwars.generator.FightFunctions.isObstacle, load(sysexec(com.leekwars.generator.FightFunctions.getCell, 1)))), load(sysexec(com.leekwars.generator.FightFunctions.isObstacle, 1)), load(sysexec(com.leekwars.generator.FightFunctions.isObstacle, 17)), load(sysexec(com.leekwars.generator.FightFunctions.isObstacle, -1)), load(sysexec(com.leekwars.generator.FightFunctions.isLeek, load(sysexec(com.leekwars.generator.FightFunctions.getCell, new Object[] { null })))), load(sysexec(com.leekwars.generator.FightFunctions.isLeek, load(sysexec(com.leekwars.generator.FightFunctions.getCell, 1)))), load(sysexec(com.leekwars.generator.FightFunctions.isLeek, 1)), load(sysexec(com.leekwars.generator.FightFunctions.isLeek, 17)), load(sysexec(com.leekwars.generator.FightFunctions.isLeek, -1)), load(sysexec(com.leekwars.generator.FightFunctions.getCellX, load(sysexec(com.leekwars.generator.FightFunctions.getCell, new Object[] { null })))), load(sysexec(com.leekwars.generator.FightFunctions.getCellX, load(sysexec(com.leekwars.generator.FightFunctions.getCell, 1)))), load(sysexec(com.leekwars.generator.FightFunctions.getCellX, 1)), load(sysexec(com.leekwars.generator.FightFunctions.getCellX, 17)), load(sysexec(com.leekwars.generator.FightFunctions.getCellX, -1)), load(sysexec(com.leekwars.generator.FightFunctions.getCellY, load(sysexec(com.leekwars.generator.FightFunctions.getCell, new Object[] { null })))), load(sysexec(com.leekwars.generator.FightFunctions.getCellY, load(sysexec(com.leekwars.generator.FightFunctions.getCell, 1)))), load(sysexec(com.leekwars.generator.FightFunctions.getCellY, 1)), load(sysexec(com.leekwars.generator.FightFunctions.getCellY, 17)), load(sysexec(com.leekwars.generator.FightFunctions.getCellY, -1)), load(sysexec(com.leekwars.generator.FightFunctions.getNearestEnemy)), load(sysexec(com.leekwars.generator.FightFunctions.getFarestEnemy)), load(sysexec(com.leekwars.generator.FightFunctions.getTurn)), load(sysexec(LeekFunctions.string, load(sysexec(com.leekwars.generator.FightFunctions.getAliveEnemies)))), load(sysexec(com.leekwars.generator.FightFunctions.getAliveEnemiesCount)), load(sysexec(LeekFunctions.string, load(sysexec(com.leekwars.generator.FightFunctions.getDeadEnemies)))), load(sysexec(com.leekwars.generator.FightFunctions.getDeadEnemiesCount)), load(sysexec(LeekFunctions.string, load(sysexec(com.leekwars.generator.FightFunctions.getEnemies)))), load(sysexec(LeekFunctions.string, load(sysexec(com.leekwars.generator.FightFunctions.getAllies)))), load(sysexec(com.leekwars.generator.FightFunctions.getEnemiesCount)), load(sysexec(com.leekwars.generator.FightFunctions.getNearestAlly)), load(sysexec(com.leekwars.generator.FightFunctions.getFarestAlly)), load(sysexec(com.leekwars.generator.FightFunctions.getFarestAlly)), load(sysexec(LeekFunctions.string, load(sysexec(com.leekwars.generator.FightFunctions.getAliveAllies)))), load(sysexec(LeekFunctions.string, load(sysexec(com.leekwars.generator.FightFunctions.getDeadAllies)))), load(sysexec(com.leekwars.generator.FightFunctions.getAlliesCount)) }, false), 7);&#13;&#10;                                                                                                                                                                                                                                                                                                                                                                                                                                                                                                                                                                                                                                                                                                                                                                                                                                                                                                                                                                                                                                                                                                                                                                                                                                                                                                                                                                                                                                                                                                                                                                                                                                                                                                                                                                                                                                                                                                                                                                                                                                                                                                                                                                                                                                                                                                                                                                                                                                                                                                                                                                                                                                                                                                                                                                                                                                                                                                                                                                                                                                                                                                                                                                                                                                                                                                                                                                                                                                                                                                                                                                                                                                                                                                                                                                                                                                                                                                                                                                                                                                                                                                                                                                                                                                                                                                                     ^&#13;&#10;AI_7.java:12: error: package com.leekwars.generator does not exist&#13;&#10;return ops(new ArrayLeekValue(AI_7.this, new Object[] { load(sysexec(com.leekwars.generator.FightFunctions.getDistance, 164, 200)), load(sysexec(com.leekwars.generator.FightFunctions.getDistance, 17, 595)), load(sysexec(com.leekwars.generator.FightFunctions.getCellDistance, 164, 200)), load(sysexec(com.leekwars.generator.FightFunctions.getCellDistance, 17, 595)), load(sysexec(com.leekwars.generator.FightFunctions.getLeekOnCell, load(sysexec(com.leekwars.generator.FightFunctions.getCell, new Object[] { null })))), load(sysexec(com.leekwars.generator.FightFunctions.getLeekOnCell, load(sysexec(com.leekwars.generator.FightFunctions.getCell, 1)))), load(sysexec(com.leekwars.generator.FightFunctions.getLeekOnCell, 1)), load(sysexec(com.leekwars.generator.FightFunctions.getLeekOnCell, -1)), load(sysexec(com.leekwars.generator.FightFunctions.getCellContent, load(sysexec(com.leekwars.generator.FightFunctions.getCell, new Object[] { null })))), load(sysexec(com.leekwars.generator.FightFunctions.getCellContent, load(sysexec(com.leekwars.generator.FightFunctions.getCell, 1)))), load(sysexec(com.leekwars.generator.FightFunctions.getCellContent, 1)), load(sysexec(com.leekwars.generator.FightFunctions.getCellContent, 17)), load(sysexec(com.leekwars.generator.FightFunctions.getCellContent, -1)), load(sysexec(com.leekwars.generator.FightFunctions.isEmptyCell, load(sysexec(com.leekwars.generator.FightFunctions.getCell, new Object[] { null })))), load(sysexec(com.leekwars.generator.FightFunctions.isEmptyCell, load(sysexec(com.leekwars.generator.FightFunctions.getCell, 1)))), load(sysexec(com.leekwars.generator.FightFunctions.isEmptyCell, 1)), load(sysexec(com.leekwars.generator.FightFunctions.isEmptyCell, 17)), load(sysexec(com.leekwars.generator.FightFunctions.isEmptyCell, -1)), load(sysexec(com.leekwars.generator.FightFunctions.isObstacle, load(sysexec(com.leekwars.generator.FightFunctions.getCell, new Object[] { null })))), load(sysexec(com.leekwars.generator.FightFunctions.isObstacle, load(sysexec(com.leekwars.generator.FightFunctions.getCell, 1)))), load(sysexec(com.leekwars.generator.FightFunctions.isObstacle, 1)), load(sysexec(com.leekwars.generator.FightFunctions.isObstacle, 17)), load(sysexec(com.leekwars.generator.FightFunctions.isObstacle, -1)), load(sysexec(com.leekwars.generator.FightFunctions.isLeek, load(sysexec(com.leekwars.generator.FightFunctions.getCell, new Object[] { null })))), load(sysexec(com.leekwars.generator.FightFunctions.isLeek, load(sysexec(com.leekwars.generator.FightFunctions.getCell, 1)))), load(sysexec(com.leekwars.generator.FightFunctions.isLeek, 1)), load(sysexec(com.leekwars.generator.FightFunctions.isLeek, 17)), load(sysexec(com.leekwars.generator.FightFunctions.isLeek, -1)), load(sysexec(com.leekwars.generator.FightFunctions.getCellX, load(sysexec(com.leekwars.generator.FightFunctions.getCell, new Object[] { null })))), load(sysexec(com.leekwars.generator.FightFunctions.getCellX, load(sysexec(com.leekwars.generator.FightFunctions.getCell, 1)))), load(sysexec(com.leekwars.generator.FightFunctions.getCellX, 1)), load(sysexec(com.leekwars.generator.FightFunctions.getCellX, 17)), load(sysexec(com.leekwars.generator.FightFunctions.getCellX, -1)), load(sysexec(com.leekwars.generator.FightFunctions.getCellY, load(sysexec(com.leekwars.generator.FightFunctions.getCell, new Object[] { null })))), load(sysexec(com.leekwars.generator.FightFunctions.getCellY, load(sysexec(com.leekwars.generator.FightFunctions.getCell, 1)))), load(sysexec(com.leekwars.generator.FightFunctions.getCellY, 1)), load(sysexec(com.leekwars.generator.FightFunctions.getCellY, 17)), load(sysexec(com.leekwars.generator.FightFunctions.getCellY, -1)), load(sysexec(com.leekwars.generator.FightFunctions.getNearestEnemy)), load(sysexec(com.leekwars.generator.FightFunctions.getFarestEnemy)), load(sysexec(com.leekwars.generator.FightFunctions.getTurn)), load(sysexec(LeekFunctions.string, load(sysexec(com.leekwars.generator.FightFunctions.getAliveEnemies)))), load(sysexec(com.leekwars.generator.FightFunctions.getAliveEnemiesCount)), load(sysexec(LeekFunctions.string, load(sysexec(com.leekwars.generator.FightFunctions.getDeadEnemies)))), load(sysexec(com.leekwars.generator.FightFunctions.getDeadEnemiesCount)), load(sysexec(LeekFunctions.string, load(sysexec(com.leekwars.generator.FightFunctions.getEnemies)))), load(sysexec(LeekFunctions.string, load(sysexec(com.leekwars.generator.FightFunctions.getAllies)))), load(sysexec(com.leekwars.generator.FightFunctions.getEnemiesCount)), load(sysexec(com.leekwars.generator.FightFunctions.getNearestAlly)), load(sysexec(com.leekwars.generator.FightFunctions.getFarestAlly)), load(sysexec(com.leekwars.generator.FightFunctions.getFarestAlly)), load(sysexec(LeekFunctions.string, load(sysexec(com.leekwars.generator.FightFunctions.getAliveAllies)))), load(sysexec(LeekFunctions.string, load(sysexec(com.leekwars.generator.FightFunctions.getDeadAllies)))), load(sysexec(com.leekwars.generator.FightFunctions.getAlliesCount)) }, false), 7);&#13;&#10;                                                                                                                                                                                                                                                                                                                                                                                                                                                                                                                                                                                                                                                                                                                                                                                                                                                                                                                                                                                                                                                                                                                                                                                                                                                                                                                                                                                                                                                                                                                                                                                                                                                                                                                                                                                                                                                                                                                                                                                                                                                                                                                                                                                                                                                                                                                                                                                                                                                                                                                                                                                                                                                                                                                                                                                                                                                                                                                                                                                                                                                                                                                                                                                                                                                                                                                                                                                                                                                                                                                                                                                                                                                                                                                                                                                                                                                                                                                                                                                                                                                                                                                                                                                                                                                                                                                                                                                            ^&#13;&#10;AI_7.java:12: error: package com.leekwars.generator does not exist&#13;&#10;return ops(new ArrayLeekValue(AI_7.this, new Object[] { load(sysexec(com.leekwars.generator.FightFunctions.getDistance, 164, 200)), load(sysexec(com.leekwars.generator.FightFunctions.getDistance, 17, 595)), load(sysexec(com.leekwars.generator.FightFunctions.getCellDistance, 164, 200)), load(sysexec(com.leekwars.generator.FightFunctions.getCellDistance, 17, 595)), load(sysexec(com.leekwars.generator.FightFunctions.getLeekOnCell, load(sysexec(com.leekwars.generator.FightFunctions.getCell, new Object[] { null })))), load(sysexec(com.leekwars.generator.FightFunctions.getLeekOnCell, load(sysexec(com.leekwars.generator.FightFunctions.getCell, 1)))), load(sysexec(com.leekwars.generator.FightFunctions.getLeekOnCell, 1)), load(sysexec(com.leekwars.generator.FightFunctions.getLeekOnCell, -1)), load(sysexec(com.leekwars.generator.FightFunctions.getCellContent, load(sysexec(com.leekwars.generator.FightFunctions.getCell, new Object[] { null })))), load(sysexec(com.leekwars.generator.FightFunctions.getCellContent, load(sysexec(com.leekwars.generator.FightFunctions.getCell, 1)))), load(sysexec(com.leekwars.generator.FightFunctions.getCellContent, 1)), load(sysexec(com.leekwars.generator.FightFunctions.getCellContent, 17)), load(sysexec(com.leekwars.generator.FightFunctions.getCellContent, -1)), load(sysexec(com.leekwars.generator.FightFunctions.isEmptyCell, load(sysexec(com.leekwars.generator.FightFunctions.getCell, new Object[] { null })))), load(sysexec(com.leekwars.generator.FightFunctions.isEmptyCell, load(sysexec(com.leekwars.generator.FightFunctions.getCell, 1)))), load(sysexec(com.leekwars.generator.FightFunctions.isEmptyCell, 1)), load(sysexec(com.leekwars.generator.FightFunctions.isEmptyCell, 17)), load(sysexec(com.leekwars.generator.FightFunctions.isEmptyCell, -1)), load(sysexec(com.leekwars.generator.FightFunctions.isObstacle, load(sysexec(com.leekwars.generator.FightFunctions.getCell, new Object[] { null })))), load(sysexec(com.leekwars.generator.FightFunctions.isObstacle, load(sysexec(com.leekwars.generator.FightFunctions.getCell, 1)))), load(sysexec(com.leekwars.generator.FightFunctions.isObstacle, 1)), load(sysexec(com.leekwars.generator.FightFunctions.isObstacle, 17)), load(sysexec(com.leekwars.generator.FightFunctions.isObstacle, -1)), load(sysexec(com.leekwars.generator.FightFunctions.isLeek, load(sysexec(com.leekwars.generator.FightFunctions.getCell, new Object[] { null })))), load(sysexec(com.leekwars.generator.FightFunctions.isLeek, load(sysexec(com.leekwars.generator.FightFunctions.getCell, 1)))), load(sysexec(com.leekwars.generator.FightFunctions.isLeek, 1)), load(sysexec(com.leekwars.generator.FightFunctions.isLeek, 17)), load(sysexec(com.leekwars.generator.FightFunctions.isLeek, -1)), load(sysexec(com.leekwars.generator.FightFunctions.getCellX, load(sysexec(com.leekwars.generator.FightFunctions.getCell, new Object[] { null })))), load(sysexec(com.leekwars.generator.FightFunctions.getCellX, load(sysexec(com.leekwars.generator.FightFunctions.getCell, 1)))), load(sysexec(com.leekwars.generator.FightFunctions.getCellX, 1)), load(sysexec(com.leekwars.generator.FightFunctions.getCellX, 17)), load(sysexec(com.leekwars.generator.FightFunctions.getCellX, -1)), load(sysexec(com.leekwars.generator.FightFunctions.getCellY, load(sysexec(com.leekwars.generator.FightFunctions.getCell, new Object[] { null })))), load(sysexec(com.leekwars.generator.FightFunctions.getCellY, load(sysexec(com.leekwars.generator.FightFunctions.getCell, 1)))), load(sysexec(com.leekwars.generator.FightFunctions.getCellY, 1)), load(sysexec(com.leekwars.generator.FightFunctions.getCellY, 17)), load(sysexec(com.leekwars.generator.FightFunctions.getCellY, -1)), load(sysexec(com.leekwars.generator.FightFunctions.getNearestEnemy)), load(sysexec(com.leekwars.generator.FightFunctions.getFarestEnemy)), load(sysexec(com.leekwars.generator.FightFunctions.getTurn)), load(sysexec(LeekFunctions.string, load(sysexec(com.leekwars.generator.FightFunctions.getAliveEnemies)))), load(sysexec(com.leekwars.generator.FightFunctions.getAliveEnemiesCount)), load(sysexec(LeekFunctions.string, load(sysexec(com.leekwars.generator.FightFunctions.getDeadEnemies)))), load(sysexec(com.leekwars.generator.FightFunctions.getDeadEnemiesCount)), load(sysexec(LeekFunctions.string, load(sysexec(com.leekwars.generator.FightFunctions.getEnemies)))), load(sysexec(LeekFunctions.string, load(sysexec(com.leekwars.generator.FightFunctions.getAllies)))), load(sysexec(com.leekwars.generator.FightFunctions.getEnemiesCount)), load(sysexec(com.leekwars.generator.FightFunctions.getNearestAlly)), load(sysexec(com.leekwars.generator.FightFunctions.getFarestAlly)), load(sysexec(com.leekwars.generator.FightFunctions.getFarestAlly)), load(sysexec(LeekFunctions.string, load(sysexec(com.leekwars.generator.FightFunctions.getAliveAllies)))), load(sysexec(LeekFunctions.string, load(sysexec(com.leekwars.generator.FightFunctions.getDeadAllies)))), load(sysexec(com.leekwars.generator.FightFunctions.getAlliesCount)) }, false), 7);&#13;&#10;                                                                                                                                                                                                                                                                                                                                                                                                                                                                                                                                                                                                                                                                                                                                                                                                                                                                                                                                                                                                                                                                                                                                                                                                                                                                                                                                                                                                                                                                                                                                                                                                                                                                                                                                                                                                                                                                                                                                                                                                                                                                                                                                                                                                                                                                                                                                                                                                                                                                                                                                                                                                                                                                                                                                                                                                                                                                                                                                                                                                                                                                                                                                                                                                                                                                                                                                                                                                                                                                                                                                                                                                                                                                                                                                                                                                                                                                                                                                                                                                                                                                                                                                                                                                                                                                                                                                                                                                                                                                                                         ^&#13;&#10;AI_7.java:12: error: package com.leekwars.generator does not exist&#13;&#10;return ops(new ArrayLeekValue(AI_7.this, new Object[] { load(sysexec(com.leekwars.generator.FightFunctions.getDistance, 164, 200)), load(sysexec(com.leekwars.generator.FightFunctions.getDistance, 17, 595)), load(sysexec(com.leekwars.generator.FightFunctions.getCellDistance, 164, 200)), load(sysexec(com.leekwars.generator.FightFunctions.getCellDistance, 17, 595)), load(sysexec(com.leekwars.generator.FightFunctions.getLeekOnCell, load(sysexec(com.leekwars.generator.FightFunctions.getCell, new Object[] { null })))), load(sysexec(com.leekwars.generator.FightFunctions.getLeekOnCell, load(sysexec(com.leekwars.generator.FightFunctions.getCell, 1)))), load(sysexec(com.leekwars.generator.FightFunctions.getLeekOnCell, 1)), load(sysexec(com.leekwars.generator.FightFunctions.getLeekOnCell, -1)), load(sysexec(com.leekwars.generator.FightFunctions.getCellContent, load(sysexec(com.leekwars.generator.FightFunctions.getCell, new Object[] { null })))), load(sysexec(com.leekwars.generator.FightFunctions.getCellContent, load(sysexec(com.leekwars.generator.FightFunctions.getCell, 1)))), load(sysexec(com.leekwars.generator.FightFunctions.getCellContent, 1)), load(sysexec(com.leekwars.generator.FightFunctions.getCellContent, 17)), load(sysexec(com.leekwars.generator.FightFunctions.getCellContent, -1)), load(sysexec(com.leekwars.generator.FightFunctions.isEmptyCell, load(sysexec(com.leekwars.generator.FightFunctions.getCell, new Object[] { null })))), load(sysexec(com.leekwars.generator.FightFunctions.isEmptyCell, load(sysexec(com.leekwars.generator.FightFunctions.getCell, 1)))), load(sysexec(com.leekwars.generator.FightFunctions.isEmptyCell, 1)), load(sysexec(com.leekwars.generator.FightFunctions.isEmptyCell, 17)), load(sysexec(com.leekwars.generator.FightFunctions.isEmptyCell, -1)), load(sysexec(com.leekwars.generator.FightFunctions.isObstacle, load(sysexec(com.leekwars.generator.FightFunctions.getCell, new Object[] { null })))), load(sysexec(com.leekwars.generator.FightFunctions.isObstacle, load(sysexec(com.leekwars.generator.FightFunctions.getCell, 1)))), load(sysexec(com.leekwars.generator.FightFunctions.isObstacle, 1)), load(sysexec(com.leekwars.generator.FightFunctions.isObstacle, 17)), load(sysexec(com.leekwars.generator.FightFunctions.isObstacle, -1)), load(sysexec(com.leekwars.generator.FightFunctions.isLeek, load(sysexec(com.leekwars.generator.FightFunctions.getCell, new Object[] { null })))), load(sysexec(com.leekwars.generator.FightFunctions.isLeek, load(sysexec(com.leekwars.generator.FightFunctions.getCell, 1)))), load(sysexec(com.leekwars.generator.FightFunctions.isLeek, 1)), load(sysexec(com.leekwars.generator.FightFunctions.isLeek, 17)), load(sysexec(com.leekwars.generator.FightFunctions.isLeek, -1)), load(sysexec(com.leekwars.generator.FightFunctions.getCellX, load(sysexec(com.leekwars.generator.FightFunctions.getCell, new Object[] { null })))), load(sysexec(com.leekwars.generator.FightFunctions.getCellX, load(sysexec(com.leekwars.generator.FightFunctions.getCell, 1)))), load(sysexec(com.leekwars.generator.FightFunctions.getCellX, 1)), load(sysexec(com.leekwars.generator.FightFunctions.getCellX, 17)), load(sysexec(com.leekwars.generator.FightFunctions.getCellX, -1)), load(sysexec(com.leekwars.generator.FightFunctions.getCellY, load(sysexec(com.leekwars.generator.FightFunctions.getCell, new Object[] { null })))), load(sysexec(com.leekwars.generator.FightFunctions.getCellY, load(sysexec(com.leekwars.generator.FightFunctions.getCell, 1)))), load(sysexec(com.leekwars.generator.FightFunctions.getCellY, 1)), load(sysexec(com.leekwars.generator.FightFunctions.getCellY, 17)), load(sysexec(com.leekwars.generator.FightFunctions.getCellY, -1)), load(sysexec(com.leekwars.generator.FightFunctions.getNearestEnemy)), load(sysexec(com.leekwars.generator.FightFunctions.getFarestEnemy)), load(sysexec(com.leekwars.generator.FightFunctions.getTurn)), load(sysexec(LeekFunctions.string, load(sysexec(com.leekwars.generator.FightFunctions.getAliveEnemies)))), load(sysexec(com.leekwars.generator.FightFunctions.getAliveEnemiesCount)), load(sysexec(LeekFunctions.string, load(sysexec(com.leekwars.generator.FightFunctions.getDeadEnemies)))), load(sysexec(com.leekwars.generator.FightFunctions.getDeadEnemiesCount)), load(sysexec(LeekFunctions.string, load(sysexec(com.leekwars.generator.FightFunctions.getEnemies)))), load(sysexec(LeekFunctions.string, load(sysexec(com.leekwars.generator.FightFunctions.getAllies)))), load(sysexec(com.leekwars.generator.FightFunctions.getEnemiesCount)), load(sysexec(com.leekwars.generator.FightFunctions.getNearestAlly)), load(sysexec(com.leekwars.generator.FightFunctions.getFarestAlly)), load(sysexec(com.leekwars.generator.FightFunctions.getFarestAlly)), load(sysexec(LeekFunctions.string, load(sysexec(com.leekwars.generator.FightFunctions.getAliveAllies)))), load(sysexec(LeekFunctions.string, load(sysexec(com.leekwars.generator.FightFunctions.getDeadAllies)))), load(sysexec(com.leekwars.generator.FightFunctions.getAlliesCount)) }, false), 7);&#13;&#10;                                                                                                                                                                                                                                                                                                                                                                                                                                                                                                                                                                                                                                                                                                                                                                                                                                                                                                                                                                                                                                                                                                                                                                                                                                                                                                                                                                                                                                                                                                                                                                                                                                                                                                                                                                                                                                                                                                                                                                                                                                                                                                                                                                                                                                                                                                                                                                                                                                                                                                                                                                                                                                                                                                                                                                                                                                                                                                                                                                                                                                                                                                                                                                                                                                                                                                                                                                                                                                                                                                                                                                                                                                                                                                                                                                                                                                                                                                                                                                                                                                                                                                                                                                                                                                                                                                                                                                                                                                                                                                                                                                                                               ^&#13;&#10;AI_7.java:12: error: package com.leekwars.generator does not exist&#13;&#10;return ops(new ArrayLeekValue(AI_7.this, new Object[] { load(sysexec(com.leekwars.generator.FightFunctions.getDistance, 164, 200)), load(sysexec(com.leekwars.generator.FightFunctions.getDistance, 17, 595)), load(sysexec(com.leekwars.generator.FightFunctions.getCellDistance, 164, 200)), load(sysexec(com.leekwars.generator.FightFunctions.getCellDistance, 17, 595)), load(sysexec(com.leekwars.generator.FightFunctions.getLeekOnCell, load(sysexec(com.leekwars.generator.FightFunctions.getCell, new Object[] { null })))), load(sysexec(com.leekwars.generator.FightFunctions.getLeekOnCell, load(sysexec(com.leekwars.generator.FightFunctions.getCell, 1)))), load(sysexec(com.leekwars.generator.FightFunctions.getLeekOnCell, 1)), load(sysexec(com.leekwars.generator.FightFunctions.getLeekOnCell, -1)), load(sysexec(com.leekwars.generator.FightFunctions.getCellContent, load(sysexec(com.leekwars.generator.FightFunctions.getCell, new Object[] { null })))), load(sysexec(com.leekwars.generator.FightFunctions.getCellContent, load(sysexec(com.leekwars.generator.FightFunctions.getCell, 1)))), load(sysexec(com.leekwars.generator.FightFunctions.getCellContent, 1)), load(sysexec(com.leekwars.generator.FightFunctions.getCellContent, 17)), load(sysexec(com.leekwars.generator.FightFunctions.getCellContent, -1)), load(sysexec(com.leekwars.generator.FightFunctions.isEmptyCell, load(sysexec(com.leekwars.generator.FightFunctions.getCell, new Object[] { null })))), load(sysexec(com.leekwars.generator.FightFunctions.isEmptyCell, load(sysexec(com.leekwars.generator.FightFunctions.getCell, 1)))), load(sysexec(com.leekwars.generator.FightFunctions.isEmptyCell, 1)), load(sysexec(com.leekwars.generator.FightFunctions.isEmptyCell, 17)), load(sysexec(com.leekwars.generator.FightFunctions.isEmptyCell, -1)), load(sysexec(com.leekwars.generator.FightFunctions.isObstacle, load(sysexec(com.leekwars.generator.FightFunctions.getCell, new Object[] { null })))), load(sysexec(com.leekwars.generator.FightFunctions.isObstacle, load(sysexec(com.leekwars.generator.FightFunctions.getCell, 1)))), load(sysexec(com.leekwars.generator.FightFunctions.isObstacle, 1)), load(sysexec(com.leekwars.generator.FightFunctions.isObstacle, 17)), load(sysexec(com.leekwars.generator.FightFunctions.isObstacle, -1)), load(sysexec(com.leekwars.generator.FightFunctions.isLeek, load(sysexec(com.leekwars.generator.FightFunctions.getCell, new Object[] { null })))), load(sysexec(com.leekwars.generator.FightFunctions.isLeek, load(sysexec(com.leekwars.generator.FightFunctions.getCell, 1)))), load(sysexec(com.leekwars.generator.FightFunctions.isLeek, 1)), load(sysexec(com.leekwars.generator.FightFunctions.isLeek, 17)), load(sysexec(com.leekwars.generator.FightFunctions.isLeek, -1)), load(sysexec(com.leekwars.generator.FightFunctions.getCellX, load(sysexec(com.leekwars.generator.FightFunctions.getCell, new Object[] { null })))), load(sysexec(com.leekwars.generator.FightFunctions.getCellX, load(sysexec(com.leekwars.generator.FightFunctions.getCell, 1)))), load(sysexec(com.leekwars.generator.FightFunctions.getCellX, 1)), load(sysexec(com.leekwars.generator.FightFunctions.getCellX, 17)), load(sysexec(com.leekwars.generator.FightFunctions.getCellX, -1)), load(sysexec(com.leekwars.generator.FightFunctions.getCellY, load(sysexec(com.leekwars.generator.FightFunctions.getCell, new Object[] { null })))), load(sysexec(com.leekwars.generator.FightFunctions.getCellY, load(sysexec(com.leekwars.generator.FightFunctions.getCell, 1)))), load(sysexec(com.leekwars.generator.FightFunctions.getCellY, 1)), load(sysexec(com.leekwars.generator.FightFunctions.getCellY, 17)), load(sysexec(com.leekwars.generator.FightFunctions.getCellY, -1)), load(sysexec(com.leekwars.generator.FightFunctions.getNearestEnemy)), load(sysexec(com.leekwars.generator.FightFunctions.getFarestEnemy)), load(sysexec(com.leekwars.generator.FightFunctions.getTurn)), load(sysexec(LeekFunctions.string, load(sysexec(com.leekwars.generator.FightFunctions.getAliveEnemies)))), load(sysexec(com.leekwars.generator.FightFunctions.getAliveEnemiesCount)), load(sysexec(LeekFunctions.string, load(sysexec(com.leekwars.generator.FightFunctions.getDeadEnemies)))), load(sysexec(com.leekwars.generator.FightFunctions.getDeadEnemiesCount)), load(sysexec(LeekFunctions.string, load(sysexec(com.leekwars.generator.FightFunctions.getEnemies)))), load(sysexec(LeekFunctions.string, load(sysexec(com.leekwars.generator.FightFunctions.getAllies)))), load(sysexec(com.leekwars.generator.FightFunctions.getEnemiesCount)), load(sysexec(com.leekwars.generator.FightFunctions.getNearestAlly)), load(sysexec(com.leekwars.generator.FightFunctions.getFarestAlly)), load(sysexec(com.leekwars.generator.FightFunctions.getFarestAlly)), load(sysexec(LeekFunctions.string, load(sysexec(com.leekwars.generator.FightFunctions.getAliveAllies)))), load(sysexec(LeekFunctions.string, load(sysexec(com.leekwars.generator.FightFunctions.getDeadAllies)))), load(sysexec(com.leekwars.generator.FightFunctions.getAlliesCount)) }, false), 7);&#13;&#10;                                                                                                                                                                                                                                                                                                                                                                                                                                                                                                                                                                                                                                                                                                                                                                                                                                                                                                                                                                                                                                                                                                                                                                                                                                                                                                                                                                                                                                                                                                                                                                                                                                                                                                                                                                                                                                                                                                                                                                                                                                                                                                                                                                                                                                                                                                                                                                                                                                                                                                                                                                                                                                                                                                                                                                                                                                                                                                                                                                                                                                                                                                                                                                                                                                                                                                                                                                                                                                                                                                                                                                                                                                                                                                                                                                                                                                                                                                                                                                                                                                                                                                                                                                                                                                                                                                                                                                                                                                                                                                                                                                                                                                                                                 ^&#13;&#10;AI_7.java:12: error: package com.leekwars.generator does not exist&#13;&#10;return ops(new ArrayLeekValue(AI_7.this, new Object[] { load(sysexec(com.leekwars.generator.FightFunctions.getDistance, 164, 200)), load(sysexec(com.leekwars.generator.FightFunctions.getDistance, 17, 595)), load(sysexec(com.leekwars.generator.FightFunctions.getCellDistance, 164, 200)), load(sysexec(com.leekwars.generator.FightFunctions.getCellDistance, 17, 595)), load(sysexec(com.leekwars.generator.FightFunctions.getLeekOnCell, load(sysexec(com.leekwars.generator.FightFunctions.getCell, new Object[] { null })))), load(sysexec(com.leekwars.generator.FightFunctions.getLeekOnCell, load(sysexec(com.leekwars.generator.FightFunctions.getCell, 1)))), load(sysexec(com.leekwars.generator.FightFunctions.getLeekOnCell, 1)), load(sysexec(com.leekwars.generator.FightFunctions.getLeekOnCell, -1)), load(sysexec(com.leekwars.generator.FightFunctions.getCellContent, load(sysexec(com.leekwars.generator.FightFunctions.getCell, new Object[] { null })))), load(sysexec(com.leekwars.generator.FightFunctions.getCellContent, load(sysexec(com.leekwars.generator.FightFunctions.getCell, 1)))), load(sysexec(com.leekwars.generator.FightFunctions.getCellContent, 1)), load(sysexec(com.leekwars.generator.FightFunctions.getCellContent, 17)), load(sysexec(com.leekwars.generator.FightFunctions.getCellContent, -1)), load(sysexec(com.leekwars.generator.FightFunctions.isEmptyCell, load(sysexec(com.leekwars.generator.FightFunctions.getCell, new Object[] { null })))), load(sysexec(com.leekwars.generator.FightFunctions.isEmptyCell, load(sysexec(com.leekwars.generator.FightFunctions.getCell, 1)))), load(sysexec(com.leekwars.generator.FightFunctions.isEmptyCell, 1)), load(sysexec(com.leekwars.generator.FightFunctions.isEmptyCell, 17)), load(sysexec(com.leekwars.generator.FightFunctions.isEmptyCell, -1)), load(sysexec(com.leekwars.generator.FightFunctions.isObstacle, load(sysexec(com.leekwars.generator.FightFunctions.getCell, new Object[] { null })))), load(sysexec(com.leekwars.generator.FightFunctions.isObstacle, load(sysexec(com.leekwars.generator.FightFunctions.getCell, 1)))), load(sysexec(com.leekwars.generator.FightFunctions.isObstacle, 1)), load(sysexec(com.leekwars.generator.FightFunctions.isObstacle, 17)), load(sysexec(com.leekwars.generator.FightFunctions.isObstacle, -1)), load(sysexec(com.leekwars.generator.FightFunctions.isLeek, load(sysexec(com.leekwars.generator.FightFunctions.getCell, new Object[] { null })))), load(sysexec(com.leekwars.generator.FightFunctions.isLeek, load(sysexec(com.leekwars.generator.FightFunctions.getCell, 1)))), load(sysexec(com.leekwars.generator.FightFunctions.isLeek, 1)), load(sysexec(com.leekwars.generator.FightFunctions.isLeek, 17)), load(sysexec(com.leekwars.generator.FightFunctions.isLeek, -1)), load(sysexec(com.leekwars.generator.FightFunctions.getCellX, load(sysexec(com.leekwars.generator.FightFunctions.getCell, new Object[] { null })))), load(sysexec(com.leekwars.generator.FightFunctions.getCellX, load(sysexec(com.leekwars.generator.FightFunctions.getCell, 1)))), load(sysexec(com.leekwars.generator.FightFunctions.getCellX, 1)), load(sysexec(com.leekwars.generator.FightFunctions.getCellX, 17)), load(sysexec(com.leekwars.generator.FightFunctions.getCellX, -1)), load(sysexec(com.leekwars.generator.FightFunctions.getCellY, load(sysexec(com.leekwars.generator.FightFunctions.getCell, new Object[] { null })))), load(sysexec(com.leekwars.generator.FightFunctions.getCellY, load(sysexec(com.leekwars.generator.FightFunctions.getCell, 1)))), load(sysexec(com.leekwars.generator.FightFunctions.getCellY, 1)), load(sysexec(com.leekwars.generator.FightFunctions.getCellY, 17)), load(sysexec(com.leekwars.generator.FightFunctions.getCellY, -1)), load(sysexec(com.leekwars.generator.FightFunctions.getNearestEnemy)), load(sysexec(com.leekwars.generator.FightFunctions.getFarestEnemy)), load(sysexec(com.leekwars.generator.FightFunctions.getTurn)), load(sysexec(LeekFunctions.string, load(sysexec(com.leekwars.generator.FightFunctions.getAliveEnemies)))), load(sysexec(com.leekwars.generator.FightFunctions.getAliveEnemiesCount)), load(sysexec(LeekFunctions.string, load(sysexec(com.leekwars.generator.FightFunctions.getDeadEnemies)))), load(sysexec(com.leekwars.generator.FightFunctions.getDeadEnemiesCount)), load(sysexec(LeekFunctions.string, load(sysexec(com.leekwars.generator.FightFunctions.getEnemies)))), load(sysexec(LeekFunctions.string, load(sysexec(com.leekwars.generator.FightFunctions.getAllies)))), load(sysexec(com.leekwars.generator.FightFunctions.getEnemiesCount)), load(sysexec(com.leekwars.generator.FightFunctions.getNearestAlly)), load(sysexec(com.leekwars.generator.FightFunctions.getFarestAlly)), load(sysexec(com.leekwars.generator.FightFunctions.getFarestAlly)), load(sysexec(LeekFunctions.string, load(sysexec(com.leekwars.generator.FightFunctions.getAliveAllies)))), load(sysexec(LeekFunctions.string, load(sysexec(com.leekwars.generator.FightFunctions.getDeadAllies)))), load(sysexec(com.leekwars.generator.FightFunctions.getAlliesCount)) }, false), 7);&#13;&#10;                                                                                                                                                                                                                                                                                                                                                                                                                                                                                                                                                                                                                                                                                                                                                                                                                                                                                                                                                                                                                                                                                                                                                                                                                                                                                                                                                                                                                                                                                                                                                                                                                                                                                                                                                                                                                                                                                                                                                                                                                                                                                                                                                                                                                                                                                                                                                                                                                                                                                                                                                                                                                                                                                                                                                                                                                                                                                                                                                                                                                                                                                                                                                                                                                                                                                                                                                                                                                                                                                                                                                                                                                                                                                                                                                                                                                                                                                                                                                                                                                                                                                                                                                                                                                                                                                                                                                                                                                                                                                                                                                                                                                                                                                                                                                       ^&#13;&#10;AI_7.java:12: error: package com.leekwars.generator does not exist&#13;&#10;return ops(new ArrayLeekValue(AI_7.this, new Object[] { load(sysexec(com.leekwars.generator.FightFunctions.getDistance, 164, 200)), load(sysexec(com.leekwars.generator.FightFunctions.getDistance, 17, 595)), load(sysexec(com.leekwars.generator.FightFunctions.getCellDistance, 164, 200)), load(sysexec(com.leekwars.generator.FightFunctions.getCellDistance, 17, 595)), load(sysexec(com.leekwars.generator.FightFunctions.getLeekOnCell, load(sysexec(com.leekwars.generator.FightFunctions.getCell, new Object[] { null })))), load(sysexec(com.leekwars.generator.FightFunctions.getLeekOnCell, load(sysexec(com.leekwars.generator.FightFunctions.getCell, 1)))), load(sysexec(com.leekwars.generator.FightFunctions.getLeekOnCell, 1)), load(sysexec(com.leekwars.generator.FightFunctions.getLeekOnCell, -1)), load(sysexec(com.leekwars.generator.FightFunctions.getCellContent, load(sysexec(com.leekwars.generator.FightFunctions.getCell, new Object[] { null })))), load(sysexec(com.leekwars.generator.FightFunctions.getCellContent, load(sysexec(com.leekwars.generator.FightFunctions.getCell, 1)))), load(sysexec(com.leekwars.generator.FightFunctions.getCellContent, 1)), load(sysexec(com.leekwars.generator.FightFunctions.getCellContent, 17)), load(sysexec(com.leekwars.generator.FightFunctions.getCellContent, -1)), load(sysexec(com.leekwars.generator.FightFunctions.isEmptyCell, load(sysexec(com.leekwars.generator.FightFunctions.getCell, new Object[] { null })))), load(sysexec(com.leekwars.generator.FightFunctions.isEmptyCell, load(sysexec(com.leekwars.generator.FightFunctions.getCell, 1)))), load(sysexec(com.leekwars.generator.FightFunctions.isEmptyCell, 1)), load(sysexec(com.leekwars.generator.FightFunctions.isEmptyCell, 17)), load(sysexec(com.leekwars.generator.FightFunctions.isEmptyCell, -1)), load(sysexec(com.leekwars.generator.FightFunctions.isObstacle, load(sysexec(com.leekwars.generator.FightFunctions.getCell, new Object[] { null })))), load(sysexec(com.leekwars.generator.FightFunctions.isObstacle, load(sysexec(com.leekwars.generator.FightFunctions.getCell, 1)))), load(sysexec(com.leekwars.generator.FightFunctions.isObstacle, 1)), load(sysexec(com.leekwars.generator.FightFunctions.isObstacle, 17)), load(sysexec(com.leekwars.generator.FightFunctions.isObstacle, -1)), load(sysexec(com.leekwars.generator.FightFunctions.isLeek, load(sysexec(com.leekwars.generator.FightFunctions.getCell, new Object[] { null })))), load(sysexec(com.leekwars.generator.FightFunctions.isLeek, load(sysexec(com.leekwars.generator.FightFunctions.getCell, 1)))), load(sysexec(com.leekwars.generator.FightFunctions.isLeek, 1)), load(sysexec(com.leekwars.generator.FightFunctions.isLeek, 17)), load(sysexec(com.leekwars.generator.FightFunctions.isLeek, -1)), load(sysexec(com.leekwars.generator.FightFunctions.getCellX, load(sysexec(com.leekwars.generator.FightFunctions.getCell, new Object[] { null })))), load(sysexec(com.leekwars.generator.FightFunctions.getCellX, load(sysexec(com.leekwars.generator.FightFunctions.getCell, 1)))), load(sysexec(com.leekwars.generator.FightFunctions.getCellX, 1)), load(sysexec(com.leekwars.generator.FightFunctions.getCellX, 17)), load(sysexec(com.leekwars.generator.FightFunctions.getCellX, -1)), load(sysexec(com.leekwars.generator.FightFunctions.getCellY, load(sysexec(com.leekwars.generator.FightFunctions.getCell, new Object[] { null })))), load(sysexec(com.leekwars.generator.FightFunctions.getCellY, load(sysexec(com.leekwars.generator.FightFunctions.getCell, 1)))), load(sysexec(com.leekwars.generator.FightFunctions.getCellY, 1)), load(sysexec(com.leekwars.generator.FightFunctions.getCellY, 17)), load(sysexec(com.leekwars.generator.FightFunctions.getCellY, -1)), load(sysexec(com.leekwars.generator.FightFunctions.getNearestEnemy)), load(sysexec(com.leekwars.generator.FightFunctions.getFarestEnemy)), load(sysexec(com.leekwars.generator.FightFunctions.getTurn)), load(sysexec(LeekFunctions.string, load(sysexec(com.leekwars.generator.FightFunctions.getAliveEnemies)))), load(sysexec(com.leekwars.generator.FightFunctions.getAliveEnemiesCount)), load(sysexec(LeekFunctions.string, load(sysexec(com.leekwars.generator.FightFunctions.getDeadEnemies)))), load(sysexec(com.leekwars.generator.FightFunctions.getDeadEnemiesCount)), load(sysexec(LeekFunctions.string, load(sysexec(com.leekwars.generator.FightFunctions.getEnemies)))), load(sysexec(LeekFunctions.string, load(sysexec(com.leekwars.generator.FightFunctions.getAllies)))), load(sysexec(com.leekwars.generator.FightFunctions.getEnemiesCount)), load(sysexec(com.leekwars.generator.FightFunctions.getNearestAlly)), load(sysexec(com.leekwars.generator.FightFunctions.getFarestAlly)), load(sysexec(com.leekwars.generator.FightFunctions.getFarestAlly)), load(sysexec(LeekFunctions.string, load(sysexec(com.leekwars.generator.FightFunctions.getAliveAllies)))), load(sysexec(LeekFunctions.string, load(sysexec(com.leekwars.generator.FightFunctions.getDeadAllies)))), load(sysexec(com.leekwars.generator.FightFunctions.getAlliesCount)) }, false), 7);&#13;&#10;                                                                                                                                                                                                                                                                                                                                                                                                                                                                                                                                                                                                                                                                                                                                                                                                                                                                                                                                                                                                                                                                                                                                                                                                                                                                                                                                                                                                                                                                                                                                                                                                                                                                                                                                                                                                                                                                                                                                                                                                                                                                                                                                                                                                                                                                                                                                                                                                                                                                                                                                                                                                                                                                                                                                                                                                                                                                                                                                                                                                                                                                                                                                                                                                                                                                                                                                                                                                                                                                                                                                                                                                                                                                                                                                                                                                                                                                                                                                                                                                                                                                                                                                                                                                                                                                                                                                                                                                                                                                                                                                                                                                                                                                                                                                                                                                                            ^&#13;&#10;AI_7.java:12: error: package com.leekwars.generator does not exist&#13;&#10;return ops(new ArrayLeekValue(AI_7.this, new Object[] { load(sysexec(com.leekwars.generator.FightFunctions.getDistance, 164, 200)), load(sysexec(com.leekwars.generator.FightFunctions.getDistance, 17, 595)), load(sysexec(com.leekwars.generator.FightFunctions.getCellDistance, 164, 200)), load(sysexec(com.leekwars.generator.FightFunctions.getCellDistance, 17, 595)), load(sysexec(com.leekwars.generator.FightFunctions.getLeekOnCell, load(sysexec(com.leekwars.generator.FightFunctions.getCell, new Object[] { null })))), load(sysexec(com.leekwars.generator.FightFunctions.getLeekOnCell, load(sysexec(com.leekwars.generator.FightFunctions.getCell, 1)))), load(sysexec(com.leekwars.generator.FightFunctions.getLeekOnCell, 1)), load(sysexec(com.leekwars.generator.FightFunctions.getLeekOnCell, -1)), load(sysexec(com.leekwars.generator.FightFunctions.getCellContent, load(sysexec(com.leekwars.generator.FightFunctions.getCell, new Object[] { null })))), load(sysexec(com.leekwars.generator.FightFunctions.getCellContent, load(sysexec(com.leekwars.generator.FightFunctions.getCell, 1)))), load(sysexec(com.leekwars.generator.FightFunctions.getCellContent, 1)), load(sysexec(com.leekwars.generator.FightFunctions.getCellContent, 17)), load(sysexec(com.leekwars.generator.FightFunctions.getCellContent, -1)), load(sysexec(com.leekwars.generator.FightFunctions.isEmptyCell, load(sysexec(com.leekwars.generator.FightFunctions.getCell, new Object[] { null })))), load(sysexec(com.leekwars.generator.FightFunctions.isEmptyCell, load(sysexec(com.leekwars.generator.FightFunctions.getCell, 1)))), load(sysexec(com.leekwars.generator.FightFunctions.isEmptyCell, 1)), load(sysexec(com.leekwars.generator.FightFunctions.isEmptyCell, 17)), load(sysexec(com.leekwars.generator.FightFunctions.isEmptyCell, -1)), load(sysexec(com.leekwars.generator.FightFunctions.isObstacle, load(sysexec(com.leekwars.generator.FightFunctions.getCell, new Object[] { null })))), load(sysexec(com.leekwars.generator.FightFunctions.isObstacle, load(sysexec(com.leekwars.generator.FightFunctions.getCell, 1)))), load(sysexec(com.leekwars.generator.FightFunctions.isObstacle, 1)), load(sysexec(com.leekwars.generator.FightFunctions.isObstacle, 17)), load(sysexec(com.leekwars.generator.FightFunctions.isObstacle, -1)), load(sysexec(com.leekwars.generator.FightFunctions.isLeek, load(sysexec(com.leekwars.generator.FightFunctions.getCell, new Object[] { null })))), load(sysexec(com.leekwars.generator.FightFunctions.isLeek, load(sysexec(com.leekwars.generator.FightFunctions.getCell, 1)))), load(sysexec(com.leekwars.generator.FightFunctions.isLeek, 1)), load(sysexec(com.leekwars.generator.FightFunctions.isLeek, 17)), load(sysexec(com.leekwars.generator.FightFunctions.isLeek, -1)), load(sysexec(com.leekwars.generator.FightFunctions.getCellX, load(sysexec(com.leekwars.generator.FightFunctions.getCell, new Object[] { null })))), load(sysexec(com.leekwars.generator.FightFunctions.getCellX, load(sysexec(com.leekwars.generator.FightFunctions.getCell, 1)))), load(sysexec(com.leekwars.generator.FightFunctions.getCellX, 1)), load(sysexec(com.leekwars.generator.FightFunctions.getCellX, 17)), load(sysexec(com.leekwars.generator.FightFunctions.getCellX, -1)), load(sysexec(com.leekwars.generator.FightFunctions.getCellY, load(sysexec(com.leekwars.generator.FightFunctions.getCell, new Object[] { null })))), load(sysexec(com.leekwars.generator.FightFunctions.getCellY, load(sysexec(com.leekwars.generator.FightFunctions.getCell, 1)))), load(sysexec(com.leekwars.generator.FightFunctions.getCellY, 1)), load(sysexec(com.leekwars.generator.FightFunctions.getCellY, 17)), load(sysexec(com.leekwars.generator.FightFunctions.getCellY, -1)), load(sysexec(com.leekwars.generator.FightFunctions.getNearestEnemy)), load(sysexec(com.leekwars.generator.FightFunctions.getFarestEnemy)), load(sysexec(com.leekwars.generator.FightFunctions.getTurn)), load(sysexec(LeekFunctions.string, load(sysexec(com.leekwars.generator.FightFunctions.getAliveEnemies)))), load(sysexec(com.leekwars.generator.FightFunctions.getAliveEnemiesCount)), load(sysexec(LeekFunctions.string, load(sysexec(com.leekwars.generator.FightFunctions.getDeadEnemies)))), load(sysexec(com.leekwars.generator.FightFunctions.getDeadEnemiesCount)), load(sysexec(LeekFunctions.string, load(sysexec(com.leekwars.generator.FightFunctions.getEnemies)))), load(sysexec(LeekFunctions.string, load(sysexec(com.leekwars.generator.FightFunctions.getAllies)))), load(sysexec(com.leekwars.generator.FightFunctions.getEnemiesCount)), load(sysexec(com.leekwars.generator.FightFunctions.getNearestAlly)), load(sysexec(com.leekwars.generator.FightFunctions.getFarestAlly)), load(sysexec(com.leekwars.generator.FightFunctions.getFarestAlly)), load(sysexec(LeekFunctions.string, load(sysexec(com.leekwars.generator.FightFunctions.getAliveAllies)))), load(sysexec(LeekFunctions.string, load(sysexec(com.leekwars.generator.FightFunctions.getDeadAllies)))), load(sysexec(com.leekwars.generator.FightFunctions.getAlliesCount)) }, false), 7);&#13;&#10;                                                                                                                                                                                                                                                                                                                                                                                                                                                                                                                                                                                                                                                                                                                                                                                                                                                                                                                                                                                                                                                                                                                                                                                                                                                                                                                                                                                                                                                                                                                                                                                                                                                                                                                                                                                                                                                                                                                                                                                                                                                                                                                                                                                                                                                                                                                                                                                                                                                                                                                                                                                                                                                                                                                                                                                                                                                                                                                                                                                                                                                                                                                                                                                                                                                                                                                                                                                                                                                                                                                                                                                                                                                                                                                                                                                                                                                                                                                                                                                                                                                                                                                                                                                                                                                                                                                                                                                                                                                                                                                                                                                                                                                                                                                                                                                                                                                                                                ^&#13;&#10;AI_7.java:12: error: package com.leekwars.generator does not exist&#13;&#10;return ops(new ArrayLeekValue(AI_7.this, new Object[] { load(sysexec(com.leekwars.generator.FightFunctions.getDistance, 164, 200)), load(sysexec(com.leekwars.generator.FightFunctions.getDistance, 17, 595)), load(sysexec(com.leekwars.generator.FightFunctions.getCellDistance, 164, 200)), load(sysexec(com.leekwars.generator.FightFunctions.getCellDistance, 17, 595)), load(sysexec(com.leekwars.generator.FightFunctions.getLeekOnCell, load(sysexec(com.leekwars.generator.FightFunctions.getCell, new Object[] { null })))), load(sysexec(com.leekwars.generator.FightFunctions.getLeekOnCell, load(sysexec(com.leekwars.generator.FightFunctions.getCell, 1)))), load(sysexec(com.leekwars.generator.FightFunctions.getLeekOnCell, 1)), load(sysexec(com.leekwars.generator.FightFunctions.getLeekOnCell, -1)), load(sysexec(com.leekwars.generator.FightFunctions.getCellContent, load(sysexec(com.leekwars.generator.FightFunctions.getCell, new Object[] { null })))), load(sysexec(com.leekwars.generator.FightFunctions.getCellContent, load(sysexec(com.leekwars.generator.FightFunctions.getCell, 1)))), load(sysexec(com.leekwars.generator.FightFunctions.getCellContent, 1)), load(sysexec(com.leekwars.generator.FightFunctions.getCellContent, 17)), load(sysexec(com.leekwars.generator.FightFunctions.getCellContent, -1)), load(sysexec(com.leekwars.generator.FightFunctions.isEmptyCell, load(sysexec(com.leekwars.generator.FightFunctions.getCell, new Object[] { null })))), load(sysexec(com.leekwars.generator.FightFunctions.isEmptyCell, load(sysexec(com.leekwars.generator.FightFunctions.getCell, 1)))), load(sysexec(com.leekwars.generator.FightFunctions.isEmptyCell, 1)), load(sysexec(com.leekwars.generator.FightFunctions.isEmptyCell, 17)), load(sysexec(com.leekwars.generator.FightFunctions.isEmptyCell, -1)), load(sysexec(com.leekwars.generator.FightFunctions.isObstacle, load(sysexec(com.leekwars.generator.FightFunctions.getCell, new Object[] { null })))), load(sysexec(com.leekwars.generator.FightFunctions.isObstacle, load(sysexec(com.leekwars.generator.FightFunctions.getCell, 1)))), load(sysexec(com.leekwars.generator.FightFunctions.isObstacle, 1)), load(sysexec(com.leekwars.generator.FightFunctions.isObstacle, 17)), load(sysexec(com.leekwars.generator.FightFunctions.isObstacle, -1)), load(sysexec(com.leekwars.generator.FightFunctions.isLeek, load(sysexec(com.leekwars.generator.FightFunctions.getCell, new Object[] { null })))), load(sysexec(com.leekwars.generator.FightFunctions.isLeek, load(sysexec(com.leekwars.generator.FightFunctions.getCell, 1)))), load(sysexec(com.leekwars.generator.FightFunctions.isLeek, 1)), load(sysexec(com.leekwars.generator.FightFunctions.isLeek, 17)), load(sysexec(com.leekwars.generator.FightFunctions.isLeek, -1)), load(sysexec(com.leekwars.generator.FightFunctions.getCellX, load(sysexec(com.leekwars.generator.FightFunctions.getCell, new Object[] { null })))), load(sysexec(com.leekwars.generator.FightFunctions.getCellX, load(sysexec(com.leekwars.generator.FightFunctions.getCell, 1)))), load(sysexec(com.leekwars.generator.FightFunctions.getCellX, 1)), load(sysexec(com.leekwars.generator.FightFunctions.getCellX, 17)), load(sysexec(com.leekwars.generator.FightFunctions.getCellX, -1)), load(sysexec(com.leekwars.generator.FightFunctions.getCellY, load(sysexec(com.leekwars.generator.FightFunctions.getCell, new Object[] { null })))), load(sysexec(com.leekwars.generator.FightFunctions.getCellY, load(sysexec(com.leekwars.generator.FightFunctions.getCell, 1)))), load(sysexec(com.leekwars.generator.FightFunctions.getCellY, 1)), load(sysexec(com.leekwars.generator.FightFunctions.getCellY, 17)), load(sysexec(com.leekwars.generator.FightFunctions.getCellY, -1)), load(sysexec(com.leekwars.generator.FightFunctions.getNearestEnemy)), load(sysexec(com.leekwars.generator.FightFunctions.getFarestEnemy)), load(sysexec(com.leekwars.generator.FightFunctions.getTurn)), load(sysexec(LeekFunctions.string, load(sysexec(com.leekwars.generator.FightFunctions.getAliveEnemies)))), load(sysexec(com.leekwars.generator.FightFunctions.getAliveEnemiesCount)), load(sysexec(LeekFunctions.string, load(sysexec(com.leekwars.generator.FightFunctions.getDeadEnemies)))), load(sysexec(com.leekwars.generator.FightFunctions.getDeadEnemiesCount)), load(sysexec(LeekFunctions.string, load(sysexec(com.leekwars.generator.FightFunctions.getEnemies)))), load(sysexec(LeekFunctions.string, load(sysexec(com.leekwars.generator.FightFunctions.getAllies)))), load(sysexec(com.leekwars.generator.FightFunctions.getEnemiesCount)), load(sysexec(com.leekwars.generator.FightFunctions.getNearestAlly)), load(sysexec(com.leekwars.generator.FightFunctions.getFarestAlly)), load(sysexec(com.leekwars.generator.FightFunctions.getFarestAlly)), load(sysexec(LeekFunctions.string, load(sysexec(com.leekwars.generator.FightFunctions.getAliveAllies)))), load(sysexec(LeekFunctions.string, load(sysexec(com.leekwars.generator.FightFunctions.getDeadAllies)))), load(sysexec(com.leekwars.generator.FightFunctions.getAlliesCount)) }, false), 7);&#13;&#10;                                                                                                                                                                                                                                                                                                                                                                                                                                                                                                                                                                                                                                                                                                                                                                                                                                                                                                                                                                                                                                                                                                                                                                                                                                                                                                                                                                                                                                                                                                                                                                                                                                                                                                                                                                                                                                                                                                                                                                                                                                                                                                                                                                                                                                                                                                                                                                                                                                                                                                                                                                                                                                                                                                                                                                                                                                                                                                                                                                                                                                                                                                                                                                                                                                                                                                                                                                                                                                                                                                                                                                                                                                                                                                                                                                                                                                                                                                                                                                                                                                                                                                                                                                                                                                                                                                                                                                                                                                                                                                                                                                                                                                                                                                                                                                                                                                                                                                                                                                                                       ^&#13;&#10;AI_7.java:12: error: package com.leekwars.generator does not exist&#13;&#10;return ops(new ArrayLeekValue(AI_7.this, new Object[] { load(sysexec(com.leekwars.generator.FightFunctions.getDistance, 164, 200)), load(sysexec(com.leekwars.generator.FightFunctions.getDistance, 17, 595)), load(sysexec(com.leekwars.generator.FightFunctions.getCellDistance, 164, 200)), load(sysexec(com.leekwars.generator.FightFunctions.getCellDistance, 17, 595)), load(sysexec(com.leekwars.generator.FightFunctions.getLeekOnCell, load(sysexec(com.leekwars.generator.FightFunctions.getCell, new Object[] { null })))), load(sysexec(com.leekwars.generator.FightFunctions.getLeekOnCell, load(sysexec(com.leekwars.generator.FightFunctions.getCell, 1)))), load(sysexec(com.leekwars.generator.FightFunctions.getLeekOnCell, 1)), load(sysexec(com.leekwars.generator.FightFunctions.getLeekOnCell, -1)), load(sysexec(com.leekwars.generator.FightFunctions.getCellContent, load(sysexec(com.leekwars.generator.FightFunctions.getCell, new Object[] { null })))), load(sysexec(com.leekwars.generator.FightFunctions.getCellContent, load(sysexec(com.leekwars.generator.FightFunctions.getCell, 1)))), load(sysexec(com.leekwars.generator.FightFunctions.getCellContent, 1)), load(sysexec(com.leekwars.generator.FightFunctions.getCellContent, 17)), load(sysexec(com.leekwars.generator.FightFunctions.getCellContent, -1)), load(sysexec(com.leekwars.generator.FightFunctions.isEmptyCell, load(sysexec(com.leekwars.generator.FightFunctions.getCell, new Object[] { null })))), load(sysexec(com.leekwars.generator.FightFunctions.isEmptyCell, load(sysexec(com.leekwars.generator.FightFunctions.getCell, 1)))), load(sysexec(com.leekwars.generator.FightFunctions.isEmptyCell, 1)), load(sysexec(com.leekwars.generator.FightFunctions.isEmptyCell, 17)), load(sysexec(com.leekwars.generator.FightFunctions.isEmptyCell, -1)), load(sysexec(com.leekwars.generator.FightFunctions.isObstacle, load(sysexec(com.leekwars.generator.FightFunctions.getCell, new Object[] { null })))), load(sysexec(com.leekwars.generator.FightFunctions.isObstacle, load(sysexec(com.leekwars.generator.FightFunctions.getCell, 1)))), load(sysexec(com.leekwars.generator.FightFunctions.isObstacle, 1)), load(sysexec(com.leekwars.generator.FightFunctions.isObstacle, 17)), load(sysexec(com.leekwars.generator.FightFunctions.isObstacle, -1)), load(sysexec(com.leekwars.generator.FightFunctions.isLeek, load(sysexec(com.leekwars.generator.FightFunctions.getCell, new Object[] { null })))), load(sysexec(com.leekwars.generator.FightFunctions.isLeek, load(sysexec(com.leekwars.generator.FightFunctions.getCell, 1)))), load(sysexec(com.leekwars.generator.FightFunctions.isLeek, 1)), load(sysexec(com.leekwars.generator.FightFunctions.isLeek, 17)), load(sysexec(com.leekwars.generator.FightFunctions.isLeek, -1)), load(sysexec(com.leekwars.generator.FightFunctions.getCellX, load(sysexec(com.leekwars.generator.FightFunctions.getCell, new Object[] { null })))), load(sysexec(com.leekwars.generator.FightFunctions.getCellX, load(sysexec(com.leekwars.generator.FightFunctions.getCell, 1)))), load(sysexec(com.leekwars.generator.FightFunctions.getCellX, 1)), load(sysexec(com.leekwars.generator.FightFunctions.getCellX, 17)), load(sysexec(com.leekwars.generator.FightFunctions.getCellX, -1)), load(sysexec(com.leekwars.generator.FightFunctions.getCellY, load(sysexec(com.leekwars.generator.FightFunctions.getCell, new Object[] { null })))), load(sysexec(com.leekwars.generator.FightFunctions.getCellY, load(sysexec(com.leekwars.generator.FightFunctions.getCell, 1)))), load(sysexec(com.leekwars.generator.FightFunctions.getCellY, 1)), load(sysexec(com.leekwars.generator.FightFunctions.getCellY, 17)), load(sysexec(com.leekwars.generator.FightFunctions.getCellY, -1)), load(sysexec(com.leekwars.generator.FightFunctions.getNearestEnemy)), load(sysexec(com.leekwars.generator.FightFunctions.getFarestEnemy)), load(sysexec(com.leekwars.generator.FightFunctions.getTurn)), load(sysexec(LeekFunctions.string, load(sysexec(com.leekwars.generator.FightFunctions.getAliveEnemies)))), load(sysexec(com.leekwars.generator.FightFunctions.getAliveEnemiesCount)), load(sysexec(LeekFunctions.string, load(sysexec(com.leekwars.generator.FightFunctions.getDeadEnemies)))), load(sysexec(com.leekwars.generator.FightFunctions.getDeadEnemiesCount)), load(sysexec(LeekFunctions.string, load(sysexec(com.leekwars.generator.FightFunctions.getEnemies)))), load(sysexec(LeekFunctions.string, load(sysexec(com.leekwars.generator.FightFunctions.getAllies)))), load(sysexec(com.leekwars.generator.FightFunctions.getEnemiesCount)), load(sysexec(com.leekwars.generator.FightFunctions.getNearestAlly)), load(sysexec(com.leekwars.generator.FightFunctions.getFarestAlly)), load(sysexec(com.leekwars.generator.FightFunctions.getFarestAlly)), load(sysexec(LeekFunctions.string, load(sysexec(com.leekwars.generator.FightFunctions.getAliveAllies)))), load(sysexec(LeekFunctions.string, load(sysexec(com.leekwars.generator.FightFunctions.getDeadAllies)))), load(sysexec(com.leekwars.generator.FightFunctions.getAlliesCount)) }, false), 7);&#13;&#10;                                                                                                                                                                                                                                                                                                                                                                                                                                                                                                                                                                                                                                                                                                                                                                                                                                                                                                                                                                                                                                                                                                                                                                                                                                                                                                                                                                                                                                                                                                                                                                                                                                                                                                                                                                                                                                                                                                                                                                                                                                                                                                                                                                                                                                                                                                                                                                                                                                                                                                                                                                                                                                                                                                                                                                                                                                                                                                                                                                                                                                                                                                                                                                                                                                                                                                                                                                                                                                                                                                                                                                                                                                                                                                                                                                                                                                                                                                                                                                                                                                                                                                                                                                                                                                                                                                                                                                                                                                                                                                                                                                                                                                                                                                                                                                                                                                                                                                                                                                                                                                                                                                                 ^&#13;&#10;AI_7.java:12: error: package com.leekwars.generator does not exist&#13;&#10;return ops(new ArrayLeekValue(AI_7.this, new Object[] { load(sysexec(com.leekwars.generator.FightFunctions.getDistance, 164, 200)), load(sysexec(com.leekwars.generator.FightFunctions.getDistance, 17, 595)), load(sysexec(com.leekwars.generator.FightFunctions.getCellDistance, 164, 200)), load(sysexec(com.leekwars.generator.FightFunctions.getCellDistance, 17, 595)), load(sysexec(com.leekwars.generator.FightFunctions.getLeekOnCell, load(sysexec(com.leekwars.generator.FightFunctions.getCell, new Object[] { null })))), load(sysexec(com.leekwars.generator.FightFunctions.getLeekOnCell, load(sysexec(com.leekwars.generator.FightFunctions.getCell, 1)))), load(sysexec(com.leekwars.generator.FightFunctions.getLeekOnCell, 1)), load(sysexec(com.leekwars.generator.FightFunctions.getLeekOnCell, -1)), load(sysexec(com.leekwars.generator.FightFunctions.getCellContent, load(sysexec(com.leekwars.generator.FightFunctions.getCell, new Object[] { null })))), load(sysexec(com.leekwars.generator.FightFunctions.getCellContent, load(sysexec(com.leekwars.generator.FightFunctions.getCell, 1)))), load(sysexec(com.leekwars.generator.FightFunctions.getCellContent, 1)), load(sysexec(com.leekwars.generator.FightFunctions.getCellContent, 17)), load(sysexec(com.leekwars.generator.FightFunctions.getCellContent, -1)), load(sysexec(com.leekwars.generator.FightFunctions.isEmptyCell, load(sysexec(com.leekwars.generator.FightFunctions.getCell, new Object[] { null })))), load(sysexec(com.leekwars.generator.FightFunctions.isEmptyCell, load(sysexec(com.leekwars.generator.FightFunctions.getCell, 1)))), load(sysexec(com.leekwars.generator.FightFunctions.isEmptyCell, 1)), load(sysexec(com.leekwars.generator.FightFunctions.isEmptyCell, 17)), load(sysexec(com.leekwars.generator.FightFunctions.isEmptyCell, -1)), load(sysexec(com.leekwars.generator.FightFunctions.isObstacle, load(sysexec(com.leekwars.generator.FightFunctions.getCell, new Object[] { null })))), load(sysexec(com.leekwars.generator.FightFunctions.isObstacle, load(sysexec(com.leekwars.generator.FightFunctions.getCell, 1)))), load(sysexec(com.leekwars.generator.FightFunctions.isObstacle, 1)), load(sysexec(com.leekwars.generator.FightFunctions.isObstacle, 17)), load(sysexec(com.leekwars.generator.FightFunctions.isObstacle, -1)), load(sysexec(com.leekwars.generator.FightFunctions.isLeek, load(sysexec(com.leekwars.generator.FightFunctions.getCell, new Object[] { null })))), load(sysexec(com.leekwars.generator.FightFunctions.isLeek, load(sysexec(com.leekwars.generator.FightFunctions.getCell, 1)))), load(sysexec(com.leekwars.generator.FightFunctions.isLeek, 1)), load(sysexec(com.leekwars.generator.FightFunctions.isLeek, 17)), load(sysexec(com.leekwars.generator.FightFunctions.isLeek, -1)), load(sysexec(com.leekwars.generator.FightFunctions.getCellX, load(sysexec(com.leekwars.generator.FightFunctions.getCell, new Object[] { null })))), load(sysexec(com.leekwars.generator.FightFunctions.getCellX, load(sysexec(com.leekwars.generator.FightFunctions.getCell, 1)))), load(sysexec(com.leekwars.generator.FightFunctions.getCellX, 1)), load(sysexec(com.leekwars.generator.FightFunctions.getCellX, 17)), load(sysexec(com.leekwars.generator.FightFunctions.getCellX, -1)), load(sysexec(com.leekwars.generator.FightFunctions.getCellY, load(sysexec(com.leekwars.generator.FightFunctions.getCell, new Object[] { null })))), load(sysexec(com.leekwars.generator.FightFunctions.getCellY, load(sysexec(com.leekwars.generator.FightFunctions.getCell, 1)))), load(sysexec(com.leekwars.generator.FightFunctions.getCellY, 1)), load(sysexec(com.leekwars.generator.FightFunctions.getCellY, 17)), load(sysexec(com.leekwars.generator.FightFunctions.getCellY, -1)), load(sysexec(com.leekwars.generator.FightFunctions.getNearestEnemy)), load(sysexec(com.leekwars.generator.FightFunctions.getFarestEnemy)), load(sysexec(com.leekwars.generator.FightFunctions.getTurn)), load(sysexec(LeekFunctions.string, load(sysexec(com.leekwars.generator.FightFunctions.getAliveEnemies)))), load(sysexec(com.leekwars.generator.FightFunctions.getAliveEnemiesCount)), load(sysexec(LeekFunctions.string, load(sysexec(com.leekwars.generator.FightFunctions.getDeadEnemies)))), load(sysexec(com.leekwars.generator.FightFunctions.getDeadEnemiesCount)), load(sysexec(LeekFunctions.string, load(sysexec(com.leekwars.generator.FightFunctions.getEnemies)))), load(sysexec(LeekFunctions.string, load(sysexec(com.leekwars.generator.FightFunctions.getAllies)))), load(sysexec(com.leekwars.generator.FightFunctions.getEnemiesCount)), load(sysexec(com.leekwars.generator.FightFunctions.getNearestAlly)), load(sysexec(com.leekwars.generator.FightFunctions.getFarestAlly)), load(sysexec(com.leekwars.generator.FightFunctions.getFarestAlly)), load(sysexec(LeekFunctions.string, load(sysexec(com.leekwars.generator.FightFunctions.getAliveAllies)))), load(sysexec(LeekFunctions.string, load(sysexec(com.leekwars.generator.FightFunctions.getDeadAllies)))), load(sysexec(com.leekwars.generator.FightFunctions.getAlliesCount)) }, false), 7);&#13;&#10;                                                                                                                                                                                                                                                                                                                                                                                                                                                                                                                                                                                                                                                                                                                                                                                                                                                                                                                                                                                                                                                                                                                                                                                                                                                                                                                                                                                                                                                                                                                                                                                                                                                                                                                                                                                                                                                                                                                                                                                                                                                                                                                                                                                                                                                                                                                                                                                                                                                                                                                                                                                                                                                                                                                                                                                                                                                                                                                                                                                                                                                                                                                                                                                                                                                                                                                                                                                                                                                                                                                                                                                                                                                                                                                                                                                                                                                                                                                                                                                                                                                                                                                                                                                                                                                                                                                                                                                                                                                                                                                                                                                                                                                                                                                                                                                                                                                                                                                                                                                                                                                                                                                                                                                       ^&#13;&#10;AI_7.java:12: error: no suitable constructor found for ArrayLeekValue(AI_7,Object[],boolean)&#13;&#10;return ops(new ArrayLeekValue(AI_7.this, new Object[] { load(sysexec(com.leekwars.generator.FightFunctions.getDistance, 164, 200)), load(sysexec(com.leekwars.generator.FightFunctions.getDistance, 17, 595)), load(sysexec(com.leekwars.generator.FightFunctions.getCellDistance, 164, 200)), load(sysexec(com.leekwars.generator.FightFunctions.getCellDistance, 17, 595)), load(sysexec(com.leekwars.generator.FightFunctions.getLeekOnCell, load(sysexec(com.leekwars.generator.FightFunctions.getCell, new Object[] { null })))), load(sysexec(com.leekwars.generator.FightFunctions.getLeekOnCell, load(sysexec(com.leekwars.generator.FightFunctions.getCell, 1)))), load(sysexec(com.leekwars.generator.FightFunctions.getLeekOnCell, 1)), load(sysexec(com.leekwars.generator.FightFunctions.getLeekOnCell, -1)), load(sysexec(com.leekwars.generator.FightFunctions.getCellContent, load(sysexec(com.leekwars.generator.FightFunctions.getCell, new Object[] { null })))), load(sysexec(com.leekwars.generator.FightFunctions.getCellContent, load(sysexec(com.leekwars.generator.FightFunctions.getCell, 1)))), load(sysexec(com.leekwars.generator.FightFunctions.getCellContent, 1)), load(sysexec(com.leekwars.generator.FightFunctions.getCellContent, 17)), load(sysexec(com.leekwars.generator.FightFunctions.getCellContent, -1)), load(sysexec(com.leekwars.generator.FightFunctions.isEmptyCell, load(sysexec(com.leekwars.generator.FightFunctions.getCell, new Object[] { null })))), load(sysexec(com.leekwars.generator.FightFunctions.isEmptyCell, load(sysexec(com.leekwars.generator.FightFunctions.getCell, 1)))), load(sysexec(com.leekwars.generator.FightFunctions.isEmptyCell, 1)), load(sysexec(com.leekwars.generator.FightFunctions.isEmptyCell, 17)), load(sysexec(com.leekwars.generator.FightFunctions.isEmptyCell, -1)), load(sysexec(com.leekwars.generator.FightFunctions.isObstacle, load(sysexec(com.leekwars.generator.FightFunctions.getCell, new Object[] { null })))), load(sysexec(com.leekwars.generator.FightFunctions.isObstacle, load(sysexec(com.leekwars.generator.FightFunctions.getCell, 1)))), load(sysexec(com.leekwars.generator.FightFunctions.isObstacle, 1)), load(sysexec(com.leekwars.generator.FightFunctions.isObstacle, 17)), load(sysexec(com.leekwars.generator.FightFunctions.isObstacle, -1)), load(sysexec(com.leekwars.generator.FightFunctions.isLeek, load(sysexec(com.leekwars.generator.FightFunctions.getCell, new Object[] { null })))), load(sysexec(com.leekwars.generator.FightFunctions.isLeek, load(sysexec(com.leekwars.generator.FightFunctions.getCell, 1)))), load(sysexec(com.leekwars.generator.FightFunctions.isLeek, 1)), load(sysexec(com.leekwars.generator.FightFunctions.isLeek, 17)), load(sysexec(com.leekwars.generator.FightFunctions.isLeek, -1)), load(sysexec(com.leekwars.generator.FightFunctions.getCellX, load(sysexec(com.leekwars.generator.FightFunctions.getCell, new Object[] { null })))), load(sysexec(com.leekwars.generator.FightFunctions.getCellX, load(sysexec(com.leekwars.generator.FightFunctions.getCell, 1)))), load(sysexec(com.leekwars.generator.FightFunctions.getCellX, 1)), load(sysexec(com.leekwars.generator.FightFunctions.getCellX, 17)), load(sysexec(com.leekwars.generator.FightFunctions.getCellX, -1)), load(sysexec(com.leekwars.generator.FightFunctions.getCellY, load(sysexec(com.leekwars.generator.FightFunctions.getCell, new Object[] { null })))), load(sysexec(com.leekwars.generator.FightFunctions.getCellY, load(sysexec(com.leekwars.generator.FightFunctions.getCell, 1)))), load(sysexec(com.leekwars.generator.FightFunctions.getCellY, 1)), load(sysexec(com.leekwars.generator.FightFunctions.getCellY, 17)), load(sysexec(com.leekwars.generator.FightFunctions.getCellY, -1)), load(sysexec(com.leekwars.generator.FightFunctions.getNearestEnemy)), load(sysexec(com.leekwars.generator.FightFunctions.getFarestEnemy)), load(sysexec(com.leekwars.generator.FightFunctions.getTurn)), load(sysexec(LeekFunctions.string, load(sysexec(com.leekwars.generator.FightFunctions.getAliveEnemies)))), load(sysexec(com.leekwars.generator.FightFunctions.getAliveEnemiesCount)), load(sysexec(LeekFunctions.string, load(sysexec(com.leekwars.generator.FightFunctions.getDeadEnemies)))), load(sysexec(com.leekwars.generator.FightFunctions.getDeadEnemiesCount)), load(sysexec(LeekFunctions.string, load(sysexec(com.leekwars.generator.FightFunctions.getEnemies)))), load(sysexec(LeekFunctions.string, load(sysexec(com.leekwars.generator.FightFunctions.getAllies)))), load(sysexec(com.leekwars.generator.FightFunctions.getEnemiesCount)), load(sysexec(com.leekwars.generator.FightFunctions.getNearestAlly)), load(sysexec(com.leekwars.generator.FightFunctions.getFarestAlly)), load(sysexec(com.leekwars.generator.FightFunctions.getFarestAlly)), load(sysexec(LeekFunctions.string, load(sysexec(com.leekwars.generator.FightFunctions.getAliveAllies)))), load(sysexec(LeekFunctions.string, load(sysexec(com.leekwars.generator.FightFunctions.getDeadAllies)))), load(sysexec(com.leekwars.generator.FightFunctions.getAlliesCount)) }, false), 7);&#13;&#10;           ^&#13;&#10;    constructor ArrayLeekValue.ArrayLeekValue(AI,Object[],boolean) is not applicable&#13;&#10;      (argument mismatch; AI_7 cannot be converted to AI)&#13;&#10;    constructor ArrayLeekValue.ArrayLeekValue(AI,ArrayLeekValue,int) is not applicable&#13;&#10;      (argument mismatch; AI_7 cannot be converted to AI)&#13;&#10;Note: Some messages have been simplified; recompile with -Xdiags:verbose to get full output&#13;&#10;71 errors&#13;&#10;" type="leekscript.compiler.LeekScriptException">leekscript.compiler.LeekScriptException: COMPILE_JAVA : AI_7.java:5: error: package com.leekwars.generator.fight.entity does not exist
public class AI_7 extends com.leekwars.generator.fight.entity.EntityAI {
                                                             ^
AI_7.java:11: error: cannot find symbol
public Object runIA() throws LeekRunException { resetCounter();
                                                ^
  symbol:   method resetCounter()
  location: class AI_7
AI_7.java:12: error: package com.leekwars.generator does not exist
return ops(new ArrayLeekValue(AI_7.this, new Object[] { load(sysexec(com.leekwars.generator.FightFunctions.getDistance, 164, 200)), load(sysexec(com.leekwars.generator.FightFunctions.getDistance, 17, 595)), load(sysexec(com.leekwars.generator.FightFunctions.getCellDistance, 164, 200)), load(sysexec(com.leekwars.generator.FightFunctions.getCellDistance, 17, 595)), load(sysexec(com.leekwars.generator.FightFunctions.getLeekOnCell, load(sysexec(com.leekwars.generator.FightFunctions.getCell, new Object[] { null })))), load(sysexec(com.leekwars.generator.FightFunctions.getLeekOnCell, load(sysexec(com.leekwars.generator.FightFunctions.getCell, 1)))), load(sysexec(com.leekwars.generator.FightFunctions.getLeekOnCell, 1)), load(sysexec(com.leekwars.generator.FightFunctions.getLeekOnCell, -1)), load(sysexec(com.leekwars.generator.FightFunctions.getCellContent, load(sysexec(com.leekwars.generator.FightFunctions.getCell, new Object[] { null })))), load(sysexec(com.leekwars.generator.FightFunctions.getCellContent, load(sysexec(com.leekwars.generator.FightFunctions.getCell, 1)))), load(sysexec(com.leekwars.generator.FightFunctions.getCellContent, 1)), load(sysexec(com.leekwars.generator.FightFunctions.getCellContent, 17)), load(sysexec(com.leekwars.generator.FightFunctions.getCellContent, -1)), load(sysexec(com.leekwars.generator.FightFunctions.isEmptyCell, load(sysexec(com.leekwars.generator.FightFunctions.getCell, new Object[] { null })))), load(sysexec(com.leekwars.generator.FightFunctions.isEmptyCell, load(sysexec(com.leekwars.generator.FightFunctions.getCell, 1)))), load(sysexec(com.leekwars.generator.FightFunctions.isEmptyCell, 1)), load(sysexec(com.leekwars.generator.FightFunctions.isEmptyCell, 17)), load(sysexec(com.leekwars.generator.FightFunctions.isEmptyCell, -1)), load(sysexec(com.leekwars.generator.FightFunctions.isObstacle, load(sysexec(com.leekwars.generator.FightFunctions.getCell, new Object[] { null })))), load(sysexec(com.leekwars.generator.FightFunctions.isObstacle, load(sysexec(com.leekwars.generator.FightFunctions.getCell, 1)))), load(sysexec(com.leekwars.generator.FightFunctions.isObstacle, 1)), load(sysexec(com.leekwars.generator.FightFunctions.isObstacle, 17)), load(sysexec(com.leekwars.generator.FightFunctions.isObstacle, -1)), load(sysexec(com.leekwars.generator.FightFunctions.isLeek, load(sysexec(com.leekwars.generator.FightFunctions.getCell, new Object[] { null })))), load(sysexec(com.leekwars.generator.FightFunctions.isLeek, load(sysexec(com.leekwars.generator.FightFunctions.getCell, 1)))), load(sysexec(com.leekwars.generator.FightFunctions.isLeek, 1)), load(sysexec(com.leekwars.generator.FightFunctions.isLeek, 17)), load(sysexec(com.leekwars.generator.FightFunctions.isLeek, -1)), load(sysexec(com.leekwars.generator.FightFunctions.getCellX, load(sysexec(com.leekwars.generator.FightFunctions.getCell, new Object[] { null })))), load(sysexec(com.leekwars.generator.FightFunctions.getCellX, load(sysexec(com.leekwars.generator.FightFunctions.getCell, 1)))), load(sysexec(com.leekwars.generator.FightFunctions.getCellX, 1)), load(sysexec(com.leekwars.generator.FightFunctions.getCellX, 17)), load(sysexec(com.leekwars.generator.FightFunctions.getCellX, -1)), load(sysexec(com.leekwars.generator.FightFunctions.getCellY, load(sysexec(com.leekwars.generator.FightFunctions.getCell, new Object[] { null })))), load(sysexec(com.leekwars.generator.FightFunctions.getCellY, load(sysexec(com.leekwars.generator.FightFunctions.getCell, 1)))), load(sysexec(com.leekwars.generator.FightFunctions.getCellY, 1)), load(sysexec(com.leekwars.generator.FightFunctions.getCellY, 17)), load(sysexec(com.leekwars.generator.FightFunctions.getCellY, -1)), load(sysexec(com.leekwars.generator.FightFunctions.getNearestEnemy)), load(sysexec(com.leekwars.generator.FightFunctions.getFarestEnemy)), load(sysexec(com.leekwars.generator.FightFunctions.getTurn)), load(sysexec(LeekFunctions.string, load(sysexec(com.leekwars.generator.FightFunctions.getAliveEnemies)))), load(sysexec(com.leekwars.generator.FightFunctions.getAliveEnemiesCount)), load(sysexec(LeekFunctions.string, load(sysexec(com.leekwars.generator.FightFunctions.getDeadEnemies)))), load(sysexec(com.leekwars.generator.FightFunctions.getDeadEnemiesCount)), load(sysexec(LeekFunctions.string, load(sysexec(com.leekwars.generator.FightFunctions.getEnemies)))), load(sysexec(LeekFunctions.string, load(sysexec(com.leekwars.generator.FightFunctions.getAllies)))), load(sysexec(com.leekwars.generator.FightFunctions.getEnemiesCount)), load(sysexec(com.leekwars.generator.FightFunctions.getNearestAlly)), load(sysexec(com.leekwars.generator.FightFunctions.getFarestAlly)), load(sysexec(com.leekwars.generator.FightFunctions.getFarestAlly)), load(sysexec(LeekFunctions.string, load(sysexec(com.leekwars.generator.FightFunctions.getAliveAllies)))), load(sysexec(LeekFunctions.string, load(sysexec(com.leekwars.generator.FightFunctions.getDeadAllies)))), load(sysexec(com.leekwars.generator.FightFunctions.getAlliesCount)) }, false), 7);
                                                                                           ^
AI_7.java:12: error: package com.leekwars.generator does not exist
return ops(new ArrayLeekValue(AI_7.this, new Object[] { load(sysexec(com.leekwars.generator.FightFunctions.getDistance, 164, 200)), load(sysexec(com.leekwars.generator.FightFunctions.getDistance, 17, 595)), load(sysexec(com.leekwars.generator.FightFunctions.getCellDistance, 164, 200)), load(sysexec(com.leekwars.generator.FightFunctions.getCellDistance, 17, 595)), load(sysexec(com.leekwars.generator.FightFunctions.getLeekOnCell, load(sysexec(com.leekwars.generator.FightFunctions.getCell, new Object[] { null })))), load(sysexec(com.leekwars.generator.FightFunctions.getLeekOnCell, load(sysexec(com.leekwars.generator.FightFunctions.getCell, 1)))), load(sysexec(com.leekwars.generator.FightFunctions.getLeekOnCell, 1)), load(sysexec(com.leekwars.generator.FightFunctions.getLeekOnCell, -1)), load(sysexec(com.leekwars.generator.FightFunctions.getCellContent, load(sysexec(com.leekwars.generator.FightFunctions.getCell, new Object[] { null })))), load(sysexec(com.leekwars.generator.FightFunctions.getCellContent, load(sysexec(com.leekwars.generator.FightFunctions.getCell, 1)))), load(sysexec(com.leekwars.generator.FightFunctions.getCellContent, 1)), load(sysexec(com.leekwars.generator.FightFunctions.getCellContent, 17)), load(sysexec(com.leekwars.generator.FightFunctions.getCellContent, -1)), load(sysexec(com.leekwars.generator.FightFunctions.isEmptyCell, load(sysexec(com.leekwars.generator.FightFunctions.getCell, new Object[] { null })))), load(sysexec(com.leekwars.generator.FightFunctions.isEmptyCell, load(sysexec(com.leekwars.generator.FightFunctions.getCell, 1)))), load(sysexec(com.leekwars.generator.FightFunctions.isEmptyCell, 1)), load(sysexec(com.leekwars.generator.FightFunctions.isEmptyCell, 17)), load(sysexec(com.leekwars.generator.FightFunctions.isEmptyCell, -1)), load(sysexec(com.leekwars.generator.FightFunctions.isObstacle, load(sysexec(com.leekwars.generator.FightFunctions.getCell, new Object[] { null })))), load(sysexec(com.leekwars.generator.FightFunctions.isObstacle, load(sysexec(com.leekwars.generator.FightFunctions.getCell, 1)))), load(sysexec(com.leekwars.generator.FightFunctions.isObstacle, 1)), load(sysexec(com.leekwars.generator.FightFunctions.isObstacle, 17)), load(sysexec(com.leekwars.generator.FightFunctions.isObstacle, -1)), load(sysexec(com.leekwars.generator.FightFunctions.isLeek, load(sysexec(com.leekwars.generator.FightFunctions.getCell, new Object[] { null })))), load(sysexec(com.leekwars.generator.FightFunctions.isLeek, load(sysexec(com.leekwars.generator.FightFunctions.getCell, 1)))), load(sysexec(com.leekwars.generator.FightFunctions.isLeek, 1)), load(sysexec(com.leekwars.generator.FightFunctions.isLeek, 17)), load(sysexec(com.leekwars.generator.FightFunctions.isLeek, -1)), load(sysexec(com.leekwars.generator.FightFunctions.getCellX, load(sysexec(com.leekwars.generator.FightFunctions.getCell, new Object[] { null })))), load(sysexec(com.leekwars.generator.FightFunctions.getCellX, load(sysexec(com.leekwars.generator.FightFunctions.getCell, 1)))), load(sysexec(com.leekwars.generator.FightFunctions.getCellX, 1)), load(sysexec(com.leekwars.generator.FightFunctions.getCellX, 17)), load(sysexec(com.leekwars.generator.FightFunctions.getCellX, -1)), load(sysexec(com.leekwars.generator.FightFunctions.getCellY, load(sysexec(com.leekwars.generator.FightFunctions.getCell, new Object[] { null })))), load(sysexec(com.leekwars.generator.FightFunctions.getCellY, load(sysexec(com.leekwars.generator.FightFunctions.getCell, 1)))), load(sysexec(com.leekwars.generator.FightFunctions.getCellY, 1)), load(sysexec(com.leekwars.generator.FightFunctions.getCellY, 17)), load(sysexec(com.leekwars.generator.FightFunctions.getCellY, -1)), load(sysexec(com.leekwars.generator.FightFunctions.getNearestEnemy)), load(sysexec(com.leekwars.generator.FightFunctions.getFarestEnemy)), load(sysexec(com.leekwars.generator.FightFunctions.getTurn)), load(sysexec(LeekFunctions.string, load(sysexec(com.leekwars.generator.FightFunctions.getAliveEnemies)))), load(sysexec(com.leekwars.generator.FightFunctions.getAliveEnemiesCount)), load(sysexec(LeekFunctions.string, load(sysexec(com.leekwars.generator.FightFunctions.getDeadEnemies)))), load(sysexec(com.leekwars.generator.FightFunctions.getDeadEnemiesCount)), load(sysexec(LeekFunctions.string, load(sysexec(com.leekwars.generator.FightFunctions.getEnemies)))), load(sysexec(LeekFunctions.string, load(sysexec(com.leekwars.generator.FightFunctions.getAllies)))), load(sysexec(com.leekwars.generator.FightFunctions.getEnemiesCount)), load(sysexec(com.leekwars.generator.FightFunctions.getNearestAlly)), load(sysexec(com.leekwars.generator.FightFunctions.getFarestAlly)), load(sysexec(com.leekwars.generator.FightFunctions.getFarestAlly)), load(sysexec(LeekFunctions.string, load(sysexec(com.leekwars.generator.FightFunctions.getAliveAllies)))), load(sysexec(LeekFunctions.string, load(sysexec(com.leekwars.generator.FightFunctions.getDeadAllies)))), load(sysexec(com.leekwars.generator.FightFunctions.getAlliesCount)) }, false), 7);
                                                                                                                                                                       ^
AI_7.java:12: error: package com.leekwars.generator does not exist
return ops(new ArrayLeekValue(AI_7.this, new Object[] { load(sysexec(com.leekwars.generator.FightFunctions.getDistance, 164, 200)), load(sysexec(com.leekwars.generator.FightFunctions.getDistance, 17, 595)), load(sysexec(com.leekwars.generator.FightFunctions.getCellDistance, 164, 200)), load(sysexec(com.leekwars.generator.FightFunctions.getCellDistance, 17, 595)), load(sysexec(com.leekwars.generator.FightFunctions.getLeekOnCell, load(sysexec(com.leekwars.generator.FightFunctions.getCell, new Object[] { null })))), load(sysexec(com.leekwars.generator.FightFunctions.getLeekOnCell, load(sysexec(com.leekwars.generator.FightFunctions.getCell, 1)))), load(sysexec(com.leekwars.generator.FightFunctions.getLeekOnCell, 1)), load(sysexec(com.leekwars.generator.FightFunctions.getLeekOnCell, -1)), load(sysexec(com.leekwars.generator.FightFunctions.getCellContent, load(sysexec(com.leekwars.generator.FightFunctions.getCell, new Object[] { null })))), load(sysexec(com.leekwars.generator.FightFunctions.getCellContent, load(sysexec(com.leekwars.generator.FightFunctions.getCell, 1)))), load(sysexec(com.leekwars.generator.FightFunctions.getCellContent, 1)), load(sysexec(com.leekwars.generator.FightFunctions.getCellContent, 17)), load(sysexec(com.leekwars.generator.FightFunctions.getCellContent, -1)), load(sysexec(com.leekwars.generator.FightFunctions.isEmptyCell, load(sysexec(com.leekwars.generator.FightFunctions.getCell, new Object[] { null })))), load(sysexec(com.leekwars.generator.FightFunctions.isEmptyCell, load(sysexec(com.leekwars.generator.FightFunctions.getCell, 1)))), load(sysexec(com.leekwars.generator.FightFunctions.isEmptyCell, 1)), load(sysexec(com.leekwars.generator.FightFunctions.isEmptyCell, 17)), load(sysexec(com.leekwars.generator.FightFunctions.isEmptyCell, -1)), load(sysexec(com.leekwars.generator.FightFunctions.isObstacle, load(sysexec(com.leekwars.generator.FightFunctions.getCell, new Object[] { null })))), load(sysexec(com.leekwars.generator.FightFunctions.isObstacle, load(sysexec(com.leekwars.generator.FightFunctions.getCell, 1)))), load(sysexec(com.leekwars.generator.FightFunctions.isObstacle, 1)), load(sysexec(com.leekwars.generator.FightFunctions.isObstacle, 17)), load(sysexec(com.leekwars.generator.FightFunctions.isObstacle, -1)), load(sysexec(com.leekwars.generator.FightFunctions.isLeek, load(sysexec(com.leekwars.generator.FightFunctions.getCell, new Object[] { null })))), load(sysexec(com.leekwars.generator.FightFunctions.isLeek, load(sysexec(com.leekwars.generator.FightFunctions.getCell, 1)))), load(sysexec(com.leekwars.generator.FightFunctions.isLeek, 1)), load(sysexec(com.leekwars.generator.FightFunctions.isLeek, 17)), load(sysexec(com.leekwars.generator.FightFunctions.isLeek, -1)), load(sysexec(com.leekwars.generator.FightFunctions.getCellX, load(sysexec(com.leekwars.generator.FightFunctions.getCell, new Object[] { null })))), load(sysexec(com.leekwars.generator.FightFunctions.getCellX, load(sysexec(com.leekwars.generator.FightFunctions.getCell, 1)))), load(sysexec(com.leekwars.generator.FightFunctions.getCellX, 1)), load(sysexec(com.leekwars.generator.FightFunctions.getCellX, 17)), load(sysexec(com.leekwars.generator.FightFunctions.getCellX, -1)), load(sysexec(com.leekwars.generator.FightFunctions.getCellY, load(sysexec(com.leekwars.generator.FightFunctions.getCell, new Object[] { null })))), load(sysexec(com.leekwars.generator.FightFunctions.getCellY, load(sysexec(com.leekwars.generator.FightFunctions.getCell, 1)))), load(sysexec(com.leekwars.generator.FightFunctions.getCellY, 1)), load(sysexec(com.leekwars.generator.FightFunctions.getCellY, 17)), load(sysexec(com.leekwars.generator.FightFunctions.getCellY, -1)), load(sysexec(com.leekwars.generator.FightFunctions.getNearestEnemy)), load(sysexec(com.leekwars.generator.FightFunctions.getFarestEnemy)), load(sysexec(com.leekwars.generator.FightFunctions.getTurn)), load(sysexec(LeekFunctions.string, load(sysexec(com.leekwars.generator.FightFunctions.getAliveEnemies)))), load(sysexec(com.leekwars.generator.FightFunctions.getAliveEnemiesCount)), load(sysexec(LeekFunctions.string, load(sysexec(com.leekwars.generator.FightFunctions.getDeadEnemies)))), load(sysexec(com.leekwars.generator.FightFunctions.getDeadEnemiesCount)), load(sysexec(LeekFunctions.string, load(sysexec(com.leekwars.generator.FightFunctions.getEnemies)))), load(sysexec(LeekFunctions.string, load(sysexec(com.leekwars.generator.FightFunctions.getAllies)))), load(sysexec(com.leekwars.generator.FightFunctions.getEnemiesCount)), load(sysexec(com.leekwars.generator.FightFunctions.getNearestAlly)), load(sysexec(com.leekwars.generator.FightFunctions.getFarestAlly)), load(sysexec(com.leekwars.generator.FightFunctions.getFarestAlly)), load(sysexec(LeekFunctions.string, load(sysexec(com.leekwars.generator.FightFunctions.getAliveAllies)))), load(sysexec(LeekFunctions.string, load(sysexec(com.leekwars.generator.FightFunctions.getDeadAllies)))), load(sysexec(com.leekwars.generator.FightFunctions.getAlliesCount)) }, false), 7);
                                                                                                                                                                                                                                                  ^
AI_7.java:12: error: package com.leekwars.generator does not exist
return ops(new ArrayLeekValue(AI_7.this, new Object[] { load(sysexec(com.leekwars.generator.FightFunctions.getDistance, 164, 200)), load(sysexec(com.leekwars.generator.FightFunctions.getDistance, 17, 595)), load(sysexec(com.leekwars.generator.FightFunctions.getCellDistance, 164, 200)), load(sysexec(com.leekwars.generator.FightFunctions.getCellDistance, 17, 595)), load(sysexec(com.leekwars.generator.FightFunctions.getLeekOnCell, load(sysexec(com.leekwars.generator.FightFunctions.getCell, new Object[] { null })))), load(sysexec(com.leekwars.generator.FightFunctions.getLeekOnCell, load(sysexec(com.leekwars.generator.FightFunctions.getCell, 1)))), load(sysexec(com.leekwars.generator.FightFunctions.getLeekOnCell, 1)), load(sysexec(com.leekwars.generator.FightFunctions.getLeekOnCell, -1)), load(sysexec(com.leekwars.generator.FightFunctions.getCellContent, load(sysexec(com.leekwars.generator.FightFunctions.getCell, new Object[] { null })))), load(sysexec(com.leekwars.generator.FightFunctions.getCellContent, load(sysexec(com.leekwars.generator.FightFunctions.getCell, 1)))), load(sysexec(com.leekwars.generator.FightFunctions.getCellContent, 1)), load(sysexec(com.leekwars.generator.FightFunctions.getCellContent, 17)), load(sysexec(com.leekwars.generator.FightFunctions.getCellContent, -1)), load(sysexec(com.leekwars.generator.FightFunctions.isEmptyCell, load(sysexec(com.leekwars.generator.FightFunctions.getCell, new Object[] { null })))), load(sysexec(com.leekwars.generator.FightFunctions.isEmptyCell, load(sysexec(com.leekwars.generator.FightFunctions.getCell, 1)))), load(sysexec(com.leekwars.generator.FightFunctions.isEmptyCell, 1)), load(sysexec(com.leekwars.generator.FightFunctions.isEmptyCell, 17)), load(sysexec(com.leekwars.generator.FightFunctions.isEmptyCell, -1)), load(sysexec(com.leekwars.generator.FightFunctions.isObstacle, load(sysexec(com.leekwars.generator.FightFunctions.getCell, new Object[] { null })))), load(sysexec(com.leekwars.generator.FightFunctions.isObstacle, load(sysexec(com.leekwars.generator.FightFunctions.getCell, 1)))), load(sysexec(com.leekwars.generator.FightFunctions.isObstacle, 1)), load(sysexec(com.leekwars.generator.FightFunctions.isObstacle, 17)), load(sysexec(com.leekwars.generator.FightFunctions.isObstacle, -1)), load(sysexec(com.leekwars.generator.FightFunctions.isLeek, load(sysexec(com.leekwars.generator.FightFunctions.getCell, new Object[] { null })))), load(sysexec(com.leekwars.generator.FightFunctions.isLeek, load(sysexec(com.leekwars.generator.FightFunctions.getCell, 1)))), load(sysexec(com.leekwars.generator.FightFunctions.isLeek, 1)), load(sysexec(com.leekwars.generator.FightFunctions.isLeek, 17)), load(sysexec(com.leekwars.generator.FightFunctions.isLeek, -1)), load(sysexec(com.leekwars.generator.FightFunctions.getCellX, load(sysexec(com.leekwars.generator.FightFunctions.getCell, new Object[] { null })))), load(sysexec(com.leekwars.generator.FightFunctions.getCellX, load(sysexec(com.leekwars.generator.FightFunctions.getCell, 1)))), load(sysexec(com.leekwars.generator.FightFunctions.getCellX, 1)), load(sysexec(com.leekwars.generator.FightFunctions.getCellX, 17)), load(sysexec(com.leekwars.generator.FightFunctions.getCellX, -1)), load(sysexec(com.leekwars.generator.FightFunctions.getCellY, load(sysexec(com.leekwars.generator.FightFunctions.getCell, new Object[] { null })))), load(sysexec(com.leekwars.generator.FightFunctions.getCellY, load(sysexec(com.leekwars.generator.FightFunctions.getCell, 1)))), load(sysexec(com.leekwars.generator.FightFunctions.getCellY, 1)), load(sysexec(com.leekwars.generator.FightFunctions.getCellY, 17)), load(sysexec(com.leekwars.generator.FightFunctions.getCellY, -1)), load(sysexec(com.leekwars.generator.FightFunctions.getNearestEnemy)), load(sysexec(com.leekwars.generator.FightFunctions.getFarestEnemy)), load(sysexec(com.leekwars.generator.FightFunctions.getTurn)), load(sysexec(LeekFunctions.string, load(sysexec(com.leekwars.generator.FightFunctions.getAliveEnemies)))), load(sysexec(com.leekwars.generator.FightFunctions.getAliveEnemiesCount)), load(sysexec(LeekFunctions.string, load(sysexec(com.leekwars.generator.FightFunctions.getDeadEnemies)))), load(sysexec(com.leekwars.generator.FightFunctions.getDeadEnemiesCount)), load(sysexec(LeekFunctions.string, load(sysexec(com.leekwars.generator.FightFunctions.getEnemies)))), load(sysexec(LeekFunctions.string, load(sysexec(com.leekwars.generator.FightFunctions.getAllies)))), load(sysexec(com.leekwars.generator.FightFunctions.getEnemiesCount)), load(sysexec(com.leekwars.generator.FightFunctions.getNearestAlly)), load(sysexec(com.leekwars.generator.FightFunctions.getFarestAlly)), load(sysexec(com.leekwars.generator.FightFunctions.getFarestAlly)), load(sysexec(LeekFunctions.string, load(sysexec(com.leekwars.generator.FightFunctions.getAliveAllies)))), load(sysexec(LeekFunctions.string, load(sysexec(com.leekwars.generator.FightFunctions.getDeadAllies)))), load(sysexec(com.leekwars.generator.FightFunctions.getAlliesCount)) }, false), 7);
                                                                                                                                                                                                                                                                                                                                  ^
AI_7.java:12: error: package com.leekwars.generator does not exist
return ops(new ArrayLeekValue(AI_7.this, new Object[] { load(sysexec(com.leekwars.generator.FightFunctions.getDistance, 164, 200)), load(sysexec(com.leekwars.generator.FightFunctions.getDistance, 17, 595)), load(sysexec(com.leekwars.generator.FightFunctions.getCellDistance, 164, 200)), load(sysexec(com.leekwars.generator.FightFunctions.getCellDistance, 17, 595)), load(sysexec(com.leekwars.generator.FightFunctions.getLeekOnCell, load(sysexec(com.leekwars.generator.FightFunctions.getCell, new Object[] { null })))), load(sysexec(com.leekwars.generator.FightFunctions.getLeekOnCell, load(sysexec(com.leekwars.generator.FightFunctions.getCell, 1)))), load(sysexec(com.leekwars.generator.FightFunctions.getLeekOnCell, 1)), load(sysexec(com.leekwars.generator.FightFunctions.getLeekOnCell, -1)), load(sysexec(com.leekwars.generator.FightFunctions.getCellContent, load(sysexec(com.leekwars.generator.FightFunctions.getCell, new Object[] { null })))), load(sysexec(com.leekwars.generator.FightFunctions.getCellContent, load(sysexec(com.leekwars.generator.FightFunctions.getCell, 1)))), load(sysexec(com.leekwars.generator.FightFunctions.getCellContent, 1)), load(sysexec(com.leekwars.generator.FightFunctions.getCellContent, 17)), load(sysexec(com.leekwars.generator.FightFunctions.getCellContent, -1)), load(sysexec(com.leekwars.generator.FightFunctions.isEmptyCell, load(sysexec(com.leekwars.generator.FightFunctions.getCell, new Object[] { null })))), load(sysexec(com.leekwars.generator.FightFunctions.isEmptyCell, load(sysexec(com.leekwars.generator.FightFunctions.getCell, 1)))), load(sysexec(com.leekwars.generator.FightFunctions.isEmptyCell, 1)), load(sysexec(com.leekwars.generator.FightFunctions.isEmptyCell, 17)), load(sysexec(com.leekwars.generator.FightFunctions.isEmptyCell, -1)), load(sysexec(com.leekwars.generator.FightFunctions.isObstacle, load(sysexec(com.leekwars.generator.FightFunctions.getCell, new Object[] { null })))), load(sysexec(com.leekwars.generator.FightFunctions.isObstacle, load(sysexec(com.leekwars.generator.FightFunctions.getCell, 1)))), load(sysexec(com.leekwars.generator.FightFunctions.isObstacle, 1)), load(sysexec(com.leekwars.generator.FightFunctions.isObstacle, 17)), load(sysexec(com.leekwars.generator.FightFunctions.isObstacle, -1)), load(sysexec(com.leekwars.generator.FightFunctions.isLeek, load(sysexec(com.leekwars.generator.FightFunctions.getCell, new Object[] { null })))), load(sysexec(com.leekwars.generator.FightFunctions.isLeek, load(sysexec(com.leekwars.generator.FightFunctions.getCell, 1)))), load(sysexec(com.leekwars.generator.FightFunctions.isLeek, 1)), load(sysexec(com.leekwars.generator.FightFunctions.isLeek, 17)), load(sysexec(com.leekwars.generator.FightFunctions.isLeek, -1)), load(sysexec(com.leekwars.generator.FightFunctions.getCellX, load(sysexec(com.leekwars.generator.FightFunctions.getCell, new Object[] { null })))), load(sysexec(com.leekwars.generator.FightFunctions.getCellX, load(sysexec(com.leekwars.generator.FightFunctions.getCell, 1)))), load(sysexec(com.leekwars.generator.FightFunctions.getCellX, 1)), load(sysexec(com.leekwars.generator.FightFunctions.getCellX, 17)), load(sysexec(com.leekwars.generator.FightFunctions.getCellX, -1)), load(sysexec(com.leekwars.generator.FightFunctions.getCellY, load(sysexec(com.leekwars.generator.FightFunctions.getCell, new Object[] { null })))), load(sysexec(com.leekwars.generator.FightFunctions.getCellY, load(sysexec(com.leekwars.generator.FightFunctions.getCell, 1)))), load(sysexec(com.leekwars.generator.FightFunctions.getCellY, 1)), load(sysexec(com.leekwars.generator.FightFunctions.getCellY, 17)), load(sysexec(com.leekwars.generator.FightFunctions.getCellY, -1)), load(sysexec(com.leekwars.generator.FightFunctions.getNearestEnemy)), load(sysexec(com.leekwars.generator.FightFunctions.getFarestEnemy)), load(sysexec(com.leekwars.generator.FightFunctions.getTurn)), load(sysexec(LeekFunctions.string, load(sysexec(com.leekwars.generator.FightFunctions.getAliveEnemies)))), load(sysexec(com.leekwars.generator.FightFunctions.getAliveEnemiesCount)), load(sysexec(LeekFunctions.string, load(sysexec(com.leekwars.generator.FightFunctions.getDeadEnemies)))), load(sysexec(com.leekwars.generator.FightFunctions.getDeadEnemiesCount)), load(sysexec(LeekFunctions.string, load(sysexec(com.leekwars.generator.FightFunctions.getEnemies)))), load(sysexec(LeekFunctions.string, load(sysexec(com.leekwars.generator.FightFunctions.getAllies)))), load(sysexec(com.leekwars.generator.FightFunctions.getEnemiesCount)), load(sysexec(com.leekwars.generator.FightFunctions.getNearestAlly)), load(sysexec(com.leekwars.generator.FightFunctions.getFarestAlly)), load(sysexec(com.leekwars.generator.FightFunctions.getFarestAlly)), load(sysexec(LeekFunctions.string, load(sysexec(com.leekwars.generator.FightFunctions.getAliveAllies)))), load(sysexec(LeekFunctions.string, load(sysexec(com.leekwars.generator.FightFunctions.getDeadAllies)))), load(sysexec(com.leekwars.generator.FightFunctions.getAlliesCount)) }, false), 7);
                                                                                                                                                                                                                                                                                                                                                                                                                 ^
AI_7.java:12: error: package com.leekwars.generator does not exist
return ops(new ArrayLeekValue(AI_7.this, new Object[] { load(sysexec(com.leekwars.generator.FightFunctions.getDistance, 164, 200)), load(sysexec(com.leekwars.generator.FightFunctions.getDistance, 17, 595)), load(sysexec(com.leekwars.generator.FightFunctions.getCellDistance, 164, 200)), load(sysexec(com.leekwars.generator.FightFunctions.getCellDistance, 17, 595)), load(sysexec(com.leekwars.generator.FightFunctions.getLeekOnCell, load(sysexec(com.leekwars.generator.FightFunctions.getCell, new Object[] { null })))), load(sysexec(com.leekwars.generator.FightFunctions.getLeekOnCell, load(sysexec(com.leekwars.generator.FightFunctions.getCell, 1)))), load(sysexec(com.leekwars.generator.FightFunctions.getLeekOnCell, 1)), load(sysexec(com.leekwars.generator.FightFunctions.getLeekOnCell, -1)), load(sysexec(com.leekwars.generator.FightFunctions.getCellContent, load(sysexec(com.leekwars.generator.FightFunctions.getCell, new Object[] { null })))), load(sysexec(com.leekwars.generator.FightFunctions.getCellContent, load(sysexec(com.leekwars.generator.FightFunctions.getCell, 1)))), load(sysexec(com.leekwars.generator.FightFunctions.getCellContent, 1)), load(sysexec(com.leekwars.generator.FightFunctions.getCellContent, 17)), load(sysexec(com.leekwars.generator.FightFunctions.getCellContent, -1)), load(sysexec(com.leekwars.generator.FightFunctions.isEmptyCell, load(sysexec(com.leekwars.generator.FightFunctions.getCell, new Object[] { null })))), load(sysexec(com.leekwars.generator.FightFunctions.isEmptyCell, load(sysexec(com.leekwars.generator.FightFunctions.getCell, 1)))), load(sysexec(com.leekwars.generator.FightFunctions.isEmptyCell, 1)), load(sysexec(com.leekwars.generator.FightFunctions.isEmptyCell, 17)), load(sysexec(com.leekwars.generator.FightFunctions.isEmptyCell, -1)), load(sysexec(com.leekwars.generator.FightFunctions.isObstacle, load(sysexec(com.leekwars.generator.FightFunctions.getCell, new Object[] { null })))), load(sysexec(com.leekwars.generator.FightFunctions.isObstacle, load(sysexec(com.leekwars.generator.FightFunctions.getCell, 1)))), load(sysexec(com.leekwars.generator.FightFunctions.isObstacle, 1)), load(sysexec(com.leekwars.generator.FightFunctions.isObstacle, 17)), load(sysexec(com.leekwars.generator.FightFunctions.isObstacle, -1)), load(sysexec(com.leekwars.generator.FightFunctions.isLeek, load(sysexec(com.leekwars.generator.FightFunctions.getCell, new Object[] { null })))), load(sysexec(com.leekwars.generator.FightFunctions.isLeek, load(sysexec(com.leekwars.generator.FightFunctions.getCell, 1)))), load(sysexec(com.leekwars.generator.FightFunctions.isLeek, 1)), load(sysexec(com.leekwars.generator.FightFunctions.isLeek, 17)), load(sysexec(com.leekwars.generator.FightFunctions.isLeek, -1)), load(sysexec(com.leekwars.generator.FightFunctions.getCellX, load(sysexec(com.leekwars.generator.FightFunctions.getCell, new Object[] { null })))), load(sysexec(com.leekwars.generator.FightFunctions.getCellX, load(sysexec(com.leekwars.generator.FightFunctions.getCell, 1)))), load(sysexec(com.leekwars.generator.FightFunctions.getCellX, 1)), load(sysexec(com.leekwars.generator.FightFunctions.getCellX, 17)), load(sysexec(com.leekwars.generator.FightFunctions.getCellX, -1)), load(sysexec(com.leekwars.generator.FightFunctions.getCellY, load(sysexec(com.leekwars.generator.FightFunctions.getCell, new Object[] { null })))), load(sysexec(com.leekwars.generator.FightFunctions.getCellY, load(sysexec(com.leekwars.generator.FightFunctions.getCell, 1)))), load(sysexec(com.leekwars.generator.FightFunctions.getCellY, 1)), load(sysexec(com.leekwars.generator.FightFunctions.getCellY, 17)), load(sysexec(com.leekwars.generator.FightFunctions.getCellY, -1)), load(sysexec(com.leekwars.generator.FightFunctions.getNearestEnemy)), load(sysexec(com.leekwars.generator.FightFunctions.getFarestEnemy)), load(sysexec(com.leekwars.generator.FightFunctions.getTurn)), load(sysexec(LeekFunctions.string, load(sysexec(com.leekwars.generator.FightFunctions.getAliveEnemies)))), load(sysexec(com.leekwars.generator.FightFunctions.getAliveEnemiesCount)), load(sysexec(LeekFunctions.string, load(sysexec(com.leekwars.generator.FightFunctions.getDeadEnemies)))), load(sysexec(com.leekwars.generator.FightFunctions.getDeadEnemiesCount)), load(sysexec(LeekFunctions.string, load(sysexec(com.leekwars.generator.FightFunctions.getEnemies)))), load(sysexec(LeekFunctions.string, load(sysexec(com.leekwars.generator.FightFunctions.getAllies)))), load(sysexec(com.leekwars.generator.FightFunctions.getEnemiesCount)), load(sysexec(com.leekwars.generator.FightFunctions.getNearestAlly)), load(sysexec(com.leekwars.generator.FightFunctions.getFarestAlly)), load(sysexec(com.leekwars.generator.FightFunctions.getFarestAlly)), load(sysexec(LeekFunctions.string, load(sysexec(com.leekwars.generator.FightFunctions.getAliveAllies)))), load(sysexec(LeekFunctions.string, load(sysexec(com.leekwars.generator.FightFunctions.getDeadAllies)))), load(sysexec(com.leekwars.generator.FightFunctions.getAlliesCount)) }, false), 7);
                                                                                                                                                                                                                                                                                                                                                                                                                                                                                   ^
AI_7.java:12: error: package com.leekwars.generator does not exist
return ops(new ArrayLeekValue(AI_7.this, new Object[] { load(sysexec(com.leekwars.generator.FightFunctions.getDistance, 164, 200)), load(sysexec(com.leekwars.generator.FightFunctions.getDistance, 17, 595)), load(sysexec(com.leekwars.generator.FightFunctions.getCellDistance, 164, 200)), load(sysexec(com.leekwars.generator.FightFunctions.getCellDistance, 17, 595)), load(sysexec(com.leekwars.generator.FightFunctions.getLeekOnCell, load(sysexec(com.leekwars.generator.FightFunctions.getCell, new Object[] { null })))), load(sysexec(com.leekwars.generator.FightFunctions.getLeekOnCell, load(sysexec(com.leekwars.generator.FightFunctions.getCell, 1)))), load(sysexec(com.leekwars.generator.FightFunctions.getLeekOnCell, 1)), load(sysexec(com.leekwars.generator.FightFunctions.getLeekOnCell, -1)), load(sysexec(com.leekwars.generator.FightFunctions.getCellContent, load(sysexec(com.leekwars.generator.FightFunctions.getCell, new Object[] { null })))), load(sysexec(com.leekwars.generator.FightFunctions.getCellContent, load(sysexec(com.leekwars.generator.FightFunctions.getCell, 1)))), load(sysexec(com.leekwars.generator.FightFunctions.getCellContent, 1)), load(sysexec(com.leekwars.generator.FightFunctions.getCellContent, 17)), load(sysexec(com.leekwars.generator.FightFunctions.getCellContent, -1)), load(sysexec(com.leekwars.generator.FightFunctions.isEmptyCell, load(sysexec(com.leekwars.generator.FightFunctions.getCell, new Object[] { null })))), load(sysexec(com.leekwars.generator.FightFunctions.isEmptyCell, load(sysexec(com.leekwars.generator.FightFunctions.getCell, 1)))), load(sysexec(com.leekwars.generator.FightFunctions.isEmptyCell, 1)), load(sysexec(com.leekwars.generator.FightFunctions.isEmptyCell, 17)), load(sysexec(com.leekwars.generator.FightFunctions.isEmptyCell, -1)), load(sysexec(com.leekwars.generator.FightFunctions.isObstacle, load(sysexec(com.leekwars.generator.FightFunctions.getCell, new Object[] { null })))), load(sysexec(com.leekwars.generator.FightFunctions.isObstacle, load(sysexec(com.leekwars.generator.FightFunctions.getCell, 1)))), load(sysexec(com.leekwars.generator.FightFunctions.isObstacle, 1)), load(sysexec(com.leekwars.generator.FightFunctions.isObstacle, 17)), load(sysexec(com.leekwars.generator.FightFunctions.isObstacle, -1)), load(sysexec(com.leekwars.generator.FightFunctions.isLeek, load(sysexec(com.leekwars.generator.FightFunctions.getCell, new Object[] { null })))), load(sysexec(com.leekwars.generator.FightFunctions.isLeek, load(sysexec(com.leekwars.generator.FightFunctions.getCell, 1)))), load(sysexec(com.leekwars.generator.FightFunctions.isLeek, 1)), load(sysexec(com.leekwars.generator.FightFunctions.isLeek, 17)), load(sysexec(com.leekwars.generator.FightFunctions.isLeek, -1)), load(sysexec(com.leekwars.generator.FightFunctions.getCellX, load(sysexec(com.leekwars.generator.FightFunctions.getCell, new Object[] { null })))), load(sysexec(com.leekwars.generator.FightFunctions.getCellX, load(sysexec(com.leekwars.generator.FightFunctions.getCell, 1)))), load(sysexec(com.leekwars.generator.FightFunctions.getCellX, 1)), load(sysexec(com.leekwars.generator.FightFunctions.getCellX, 17)), load(sysexec(com.leekwars.generator.FightFunctions.getCellX, -1)), load(sysexec(com.leekwars.generator.FightFunctions.getCellY, load(sysexec(com.leekwars.generator.FightFunctions.getCell, new Object[] { null })))), load(sysexec(com.leekwars.generator.FightFunctions.getCellY, load(sysexec(com.leekwars.generator.FightFunctions.getCell, 1)))), load(sysexec(com.leekwars.generator.FightFunctions.getCellY, 1)), load(sysexec(com.leekwars.generator.FightFunctions.getCellY, 17)), load(sysexec(com.leekwars.generator.FightFunctions.getCellY, -1)), load(sysexec(com.leekwars.generator.FightFunctions.getNearestEnemy)), load(sysexec(com.leekwars.generator.FightFunctions.getFarestEnemy)), load(sysexec(com.leekwars.generator.FightFunctions.getTurn)), load(sysexec(LeekFunctions.string, load(sysexec(com.leekwars.generator.FightFunctions.getAliveEnemies)))), load(sysexec(com.leekwars.generator.FightFunctions.getAliveEnemiesCount)), load(sysexec(LeekFunctions.string, load(sysexec(com.leekwars.generator.FightFunctions.getDeadEnemies)))), load(sysexec(com.leekwars.generator.FightFunctions.getDeadEnemiesCount)), load(sysexec(LeekFunctions.string, load(sysexec(com.leekwars.generator.FightFunctions.getEnemies)))), load(sysexec(LeekFunctions.string, load(sysexec(com.leekwars.generator.FightFunctions.getAllies)))), load(sysexec(com.leekwars.generator.FightFunctions.getEnemiesCount)), load(sysexec(com.leekwars.generator.FightFunctions.getNearestAlly)), load(sysexec(com.leekwars.generator.FightFunctions.getFarestAlly)), load(sysexec(com.leekwars.generator.FightFunctions.getFarestAlly)), load(sysexec(LeekFunctions.string, load(sysexec(com.leekwars.generator.FightFunctions.getAliveAllies)))), load(sysexec(LeekFunctions.string, load(sysexec(com.leekwars.generator.FightFunctions.getDeadAllies)))), load(sysexec(com.leekwars.generator.FightFunctions.getAlliesCount)) }, false), 7);
                                                                                                                                                                                                                                                                                                                                                                                                                                                                                                                                                                          ^
AI_7.java:12: error: package com.leekwars.generator does not exist
return ops(new ArrayLeekValue(AI_7.this, new Object[] { load(sysexec(com.leekwars.generator.FightFunctions.getDistance, 164, 200)), load(sysexec(com.leekwars.generator.FightFunctions.getDistance, 17, 595)), load(sysexec(com.leekwars.generator.FightFunctions.getCellDistance, 164, 200)), load(sysexec(com.leekwars.generator.FightFunctions.getCellDistance, 17, 595)), load(sysexec(com.leekwars.generator.FightFunctions.getLeekOnCell, load(sysexec(com.leekwars.generator.FightFunctions.getCell, new Object[] { null })))), load(sysexec(com.leekwars.generator.FightFunctions.getLeekOnCell, load(sysexec(com.leekwars.generator.FightFunctions.getCell, 1)))), load(sysexec(com.leekwars.generator.FightFunctions.getLeekOnCell, 1)), load(sysexec(com.leekwars.generator.FightFunctions.getLeekOnCell, -1)), load(sysexec(com.leekwars.generator.FightFunctions.getCellContent, load(sysexec(com.leekwars.generator.FightFunctions.getCell, new Object[] { null })))), load(sysexec(com.leekwars.generator.FightFunctions.getCellContent, load(sysexec(com.leekwars.generator.FightFunctions.getCell, 1)))), load(sysexec(com.leekwars.generator.FightFunctions.getCellContent, 1)), load(sysexec(com.leekwars.generator.FightFunctions.getCellContent, 17)), load(sysexec(com.leekwars.generator.FightFunctions.getCellContent, -1)), load(sysexec(com.leekwars.generator.FightFunctions.isEmptyCell, load(sysexec(com.leekwars.generator.FightFunctions.getCell, new Object[] { null })))), load(sysexec(com.leekwars.generator.FightFunctions.isEmptyCell, load(sysexec(com.leekwars.generator.FightFunctions.getCell, 1)))), load(sysexec(com.leekwars.generator.FightFunctions.isEmptyCell, 1)), load(sysexec(com.leekwars.generator.FightFunctions.isEmptyCell, 17)), load(sysexec(com.leekwars.generator.FightFunctions.isEmptyCell, -1)), load(sysexec(com.leekwars.generator.FightFunctions.isObstacle, load(sysexec(com.leekwars.generator.FightFunctions.getCell, new Object[] { null })))), load(sysexec(com.leekwars.generator.FightFunctions.isObstacle, load(sysexec(com.leekwars.generator.FightFunctions.getCell, 1)))), load(sysexec(com.leekwars.generator.FightFunctions.isObstacle, 1)), load(sysexec(com.leekwars.generator.FightFunctions.isObstacle, 17)), load(sysexec(com.leekwars.generator.FightFunctions.isObstacle, -1)), load(sysexec(com.leekwars.generator.FightFunctions.isLeek, load(sysexec(com.leekwars.generator.FightFunctions.getCell, new Object[] { null })))), load(sysexec(com.leekwars.generator.FightFunctions.isLeek, load(sysexec(com.leekwars.generator.FightFunctions.getCell, 1)))), load(sysexec(com.leekwars.generator.FightFunctions.isLeek, 1)), load(sysexec(com.leekwars.generator.FightFunctions.isLeek, 17)), load(sysexec(com.leekwars.generator.FightFunctions.isLeek, -1)), load(sysexec(com.leekwars.generator.FightFunctions.getCellX, load(sysexec(com.leekwars.generator.FightFunctions.getCell, new Object[] { null })))), load(sysexec(com.leekwars.generator.FightFunctions.getCellX, load(sysexec(com.leekwars.generator.FightFunctions.getCell, 1)))), load(sysexec(com.leekwars.generator.FightFunctions.getCellX, 1)), load(sysexec(com.leekwars.generator.FightFunctions.getCellX, 17)), load(sysexec(com.leekwars.generator.FightFunctions.getCellX, -1)), load(sysexec(com.leekwars.generator.FightFunctions.getCellY, load(sysexec(com.leekwars.generator.FightFunctions.getCell, new Object[] { null })))), load(sysexec(com.leekwars.generator.FightFunctions.getCellY, load(sysexec(com.leekwars.generator.FightFunctions.getCell, 1)))), load(sysexec(com.leekwars.generator.FightFunctions.getCellY, 1)), load(sysexec(com.leekwars.generator.FightFunctions.getCellY, 17)), load(sysexec(com.leekwars.generator.FightFunctions.getCellY, -1)), load(sysexec(com.leekwars.generator.FightFunctions.getNearestEnemy)), load(sysexec(com.leekwars.generator.FightFunctions.getFarestEnemy)), load(sysexec(com.leekwars.generator.FightFunctions.getTurn)), load(sysexec(LeekFunctions.string, load(sysexec(com.leekwars.generator.FightFunctions.getAliveEnemies)))), load(sysexec(com.leekwars.generator.FightFunctions.getAliveEnemiesCount)), load(sysexec(LeekFunctions.string, load(sysexec(com.leekwars.generator.FightFunctions.getDeadEnemies)))), load(sysexec(com.leekwars.generator.FightFunctions.getDeadEnemiesCount)), load(sysexec(LeekFunctions.string, load(sysexec(com.leekwars.generator.FightFunctions.getEnemies)))), load(sysexec(LeekFunctions.string, load(sysexec(com.leekwars.generator.FightFunctions.getAllies)))), load(sysexec(com.leekwars.generator.FightFunctions.getEnemiesCount)), load(sysexec(com.leekwars.generator.FightFunctions.getNearestAlly)), load(sysexec(com.leekwars.generator.FightFunctions.getFarestAlly)), load(sysexec(com.leekwars.generator.FightFunctions.getFarestAlly)), load(sysexec(LeekFunctions.string, load(sysexec(com.leekwars.generator.FightFunctions.getAliveAllies)))), load(sysexec(LeekFunctions.string, load(sysexec(com.leekwars.generator.FightFunctions.getDeadAllies)))), load(sysexec(com.leekwars.generator.FightFunctions.getAlliesCount)) }, false), 7);
                                                                                                                                                                                                                                                                                                                                                                                                                                                                                                                                                                                                                                            ^
AI_7.java:12: error: package com.leekwars.generator does not exist
return ops(new ArrayLeekValue(AI_7.this, new Object[] { load(sysexec(com.leekwars.generator.FightFunctions.getDistance, 164, 200)), load(sysexec(com.leekwars.generator.FightFunctions.getDistance, 17, 595)), load(sysexec(com.leekwars.generator.FightFunctions.getCellDistance, 164, 200)), load(sysexec(com.leekwars.generator.FightFunctions.getCellDistance, 17, 595)), load(sysexec(com.leekwars.generator.FightFunctions.getLeekOnCell, load(sysexec(com.leekwars.generator.FightFunctions.getCell, new Object[] { null })))), load(sysexec(com.leekwars.generator.FightFunctions.getLeekOnCell, load(sysexec(com.leekwars.generator.FightFunctions.getCell, 1)))), load(sysexec(com.leekwars.generator.FightFunctions.getLeekOnCell, 1)), load(sysexec(com.leekwars.generator.FightFunctions.getLeekOnCell, -1)), load(sysexec(com.leekwars.generator.FightFunctions.getCellContent, load(sysexec(com.leekwars.generator.FightFunctions.getCell, new Object[] { null })))), load(sysexec(com.leekwars.generator.FightFunctions.getCellContent, load(sysexec(com.leekwars.generator.FightFunctions.getCell, 1)))), load(sysexec(com.leekwars.generator.FightFunctions.getCellContent, 1)), load(sysexec(com.leekwars.generator.FightFunctions.getCellContent, 17)), load(sysexec(com.leekwars.generator.FightFunctions.getCellContent, -1)), load(sysexec(com.leekwars.generator.FightFunctions.isEmptyCell, load(sysexec(com.leekwars.generator.FightFunctions.getCell, new Object[] { null })))), load(sysexec(com.leekwars.generator.FightFunctions.isEmptyCell, load(sysexec(com.leekwars.generator.FightFunctions.getCell, 1)))), load(sysexec(com.leekwars.generator.FightFunctions.isEmptyCell, 1)), load(sysexec(com.leekwars.generator.FightFunctions.isEmptyCell, 17)), load(sysexec(com.leekwars.generator.FightFunctions.isEmptyCell, -1)), load(sysexec(com.leekwars.generator.FightFunctions.isObstacle, load(sysexec(com.leekwars.generator.FightFunctions.getCell, new Object[] { null })))), load(sysexec(com.leekwars.generator.FightFunctions.isObstacle, load(sysexec(com.leekwars.generator.FightFunctions.getCell, 1)))), load(sysexec(com.leekwars.generator.FightFunctions.isObstacle, 1)), load(sysexec(com.leekwars.generator.FightFunctions.isObstacle, 17)), load(sysexec(com.leekwars.generator.FightFunctions.isObstacle, -1)), load(sysexec(com.leekwars.generator.FightFunctions.isLeek, load(sysexec(com.leekwars.generator.FightFunctions.getCell, new Object[] { null })))), load(sysexec(com.leekwars.generator.FightFunctions.isLeek, load(sysexec(com.leekwars.generator.FightFunctions.getCell, 1)))), load(sysexec(com.leekwars.generator.FightFunctions.isLeek, 1)), load(sysexec(com.leekwars.generator.FightFunctions.isLeek, 17)), load(sysexec(com.leekwars.generator.FightFunctions.isLeek, -1)), load(sysexec(com.leekwars.generator.FightFunctions.getCellX, load(sysexec(com.leekwars.generator.FightFunctions.getCell, new Object[] { null })))), load(sysexec(com.leekwars.generator.FightFunctions.getCellX, load(sysexec(com.leekwars.generator.FightFunctions.getCell, 1)))), load(sysexec(com.leekwars.generator.FightFunctions.getCellX, 1)), load(sysexec(com.leekwars.generator.FightFunctions.getCellX, 17)), load(sysexec(com.leekwars.generator.FightFunctions.getCellX, -1)), load(sysexec(com.leekwars.generator.FightFunctions.getCellY, load(sysexec(com.leekwars.generator.FightFunctions.getCell, new Object[] { null })))), load(sysexec(com.leekwars.generator.FightFunctions.getCellY, load(sysexec(com.leekwars.generator.FightFunctions.getCell, 1)))), load(sysexec(com.leekwars.generator.FightFunctions.getCellY, 1)), load(sysexec(com.leekwars.generator.FightFunctions.getCellY, 17)), load(sysexec(com.leekwars.generator.FightFunctions.getCellY, -1)), load(sysexec(com.leekwars.generator.FightFunctions.getNearestEnemy)), load(sysexec(com.leekwars.generator.FightFunctions.getFarestEnemy)), load(sysexec(com.leekwars.generator.FightFunctions.getTurn)), load(sysexec(LeekFunctions.string, load(sysexec(com.leekwars.generator.FightFunctions.getAliveEnemies)))), load(sysexec(com.leekwars.generator.FightFunctions.getAliveEnemiesCount)), load(sysexec(LeekFunctions.string, load(sysexec(com.leekwars.generator.FightFunctions.getDeadEnemies)))), load(sysexec(com.leekwars.generator.FightFunctions.getDeadEnemiesCount)), load(sysexec(LeekFunctions.string, load(sysexec(com.leekwars.generator.FightFunctions.getEnemies)))), load(sysexec(LeekFunctions.string, load(sysexec(com.leekwars.generator.FightFunctions.getAllies)))), load(sysexec(com.leekwars.generator.FightFunctions.getEnemiesCount)), load(sysexec(com.leekwars.generator.FightFunctions.getNearestAlly)), load(sysexec(com.leekwars.generator.FightFunctions.getFarestAlly)), load(sysexec(com.leekwars.generator.FightFunctions.getFarestAlly)), load(sysexec(LeekFunctions.string, load(sysexec(com.leekwars.generator.FightFunctions.getAliveAllies)))), load(sysexec(LeekFunctions.string, load(sysexec(com.leekwars.generator.FightFunctions.getDeadAllies)))), load(sysexec(com.leekwars.generator.FightFunctions.getAlliesCount)) }, false), 7);
                                                                                                                                                                                                                                                                                                                                                                                                                                                                                                                                                                                                                                                                                                               ^
AI_7.java:12: error: package com.leekwars.generator does not exist
return ops(new ArrayLeekValue(AI_7.this, new Object[] { load(sysexec(com.leekwars.generator.FightFunctions.getDistance, 164, 200)), load(sysexec(com.leekwars.generator.FightFunctions.getDistance, 17, 595)), load(sysexec(com.leekwars.generator.FightFunctions.getCellDistance, 164, 200)), load(sysexec(com.leekwars.generator.FightFunctions.getCellDistance, 17, 595)), load(sysexec(com.leekwars.generator.FightFunctions.getLeekOnCell, load(sysexec(com.leekwars.generator.FightFunctions.getCell, new Object[] { null })))), load(sysexec(com.leekwars.generator.FightFunctions.getLeekOnCell, load(sysexec(com.leekwars.generator.FightFunctions.getCell, 1)))), load(sysexec(com.leekwars.generator.FightFunctions.getLeekOnCell, 1)), load(sysexec(com.leekwars.generator.FightFunctions.getLeekOnCell, -1)), load(sysexec(com.leekwars.generator.FightFunctions.getCellContent, load(sysexec(com.leekwars.generator.FightFunctions.getCell, new Object[] { null })))), load(sysexec(com.leekwars.generator.FightFunctions.getCellContent, load(sysexec(com.leekwars.generator.FightFunctions.getCell, 1)))), load(sysexec(com.leekwars.generator.FightFunctions.getCellContent, 1)), load(sysexec(com.leekwars.generator.FightFunctions.getCellContent, 17)), load(sysexec(com.leekwars.generator.FightFunctions.getCellContent, -1)), load(sysexec(com.leekwars.generator.FightFunctions.isEmptyCell, load(sysexec(com.leekwars.generator.FightFunctions.getCell, new Object[] { null })))), load(sysexec(com.leekwars.generator.FightFunctions.isEmptyCell, load(sysexec(com.leekwars.generator.FightFunctions.getCell, 1)))), load(sysexec(com.leekwars.generator.FightFunctions.isEmptyCell, 1)), load(sysexec(com.leekwars.generator.FightFunctions.isEmptyCell, 17)), load(sysexec(com.leekwars.generator.FightFunctions.isEmptyCell, -1)), load(sysexec(com.leekwars.generator.FightFunctions.isObstacle, load(sysexec(com.leekwars.generator.FightFunctions.getCell, new Object[] { null })))), load(sysexec(com.leekwars.generator.FightFunctions.isObstacle, load(sysexec(com.leekwars.generator.FightFunctions.getCell, 1)))), load(sysexec(com.leekwars.generator.FightFunctions.isObstacle, 1)), load(sysexec(com.leekwars.generator.FightFunctions.isObstacle, 17)), load(sysexec(com.leekwars.generator.FightFunctions.isObstacle, -1)), load(sysexec(com.leekwars.generator.FightFunctions.isLeek, load(sysexec(com.leekwars.generator.FightFunctions.getCell, new Object[] { null })))), load(sysexec(com.leekwars.generator.FightFunctions.isLeek, load(sysexec(com.leekwars.generator.FightFunctions.getCell, 1)))), load(sysexec(com.leekwars.generator.FightFunctions.isLeek, 1)), load(sysexec(com.leekwars.generator.FightFunctions.isLeek, 17)), load(sysexec(com.leekwars.generator.FightFunctions.isLeek, -1)), load(sysexec(com.leekwars.generator.FightFunctions.getCellX, load(sysexec(com.leekwars.generator.FightFunctions.getCell, new Object[] { null })))), load(sysexec(com.leekwars.generator.FightFunctions.getCellX, load(sysexec(com.leekwars.generator.FightFunctions.getCell, 1)))), load(sysexec(com.leekwars.generator.FightFunctions.getCellX, 1)), load(sysexec(com.leekwars.generator.FightFunctions.getCellX, 17)), load(sysexec(com.leekwars.generator.FightFunctions.getCellX, -1)), load(sysexec(com.leekwars.generator.FightFunctions.getCellY, load(sysexec(com.leekwars.generator.FightFunctions.getCell, new Object[] { null })))), load(sysexec(com.leekwars.generator.FightFunctions.getCellY, load(sysexec(com.leekwars.generator.FightFunctions.getCell, 1)))), load(sysexec(com.leekwars.generator.FightFunctions.getCellY, 1)), load(sysexec(com.leekwars.generator.FightFunctions.getCellY, 17)), load(sysexec(com.leekwars.generator.FightFunctions.getCellY, -1)), load(sysexec(com.leekwars.generator.FightFunctions.getNearestEnemy)), load(sysexec(com.leekwars.generator.FightFunctions.getFarestEnemy)), load(sysexec(com.leekwars.generator.FightFunctions.getTurn)), load(sysexec(LeekFunctions.string, load(sysexec(com.leekwars.generator.FightFunctions.getAliveEnemies)))), load(sysexec(com.leekwars.generator.FightFunctions.getAliveEnemiesCount)), load(sysexec(LeekFunctions.string, load(sysexec(com.leekwars.generator.FightFunctions.getDeadEnemies)))), load(sysexec(com.leekwars.generator.FightFunctions.getDeadEnemiesCount)), load(sysexec(LeekFunctions.string, load(sysexec(com.leekwars.generator.FightFunctions.getEnemies)))), load(sysexec(LeekFunctions.string, load(sysexec(com.leekwars.generator.FightFunctions.getAllies)))), load(sysexec(com.leekwars.generator.FightFunctions.getEnemiesCount)), load(sysexec(com.leekwars.generator.FightFunctions.getNearestAlly)), load(sysexec(com.leekwars.generator.FightFunctions.getFarestAlly)), load(sysexec(com.leekwars.generator.FightFunctions.getFarestAlly)), load(sysexec(LeekFunctions.string, load(sysexec(com.leekwars.generator.FightFunctions.getAliveAllies)))), load(sysexec(LeekFunctions.string, load(sysexec(com.leekwars.generator.FightFunctions.getDeadAllies)))), load(sysexec(com.leekwars.generator.FightFunctions.getAlliesCount)) }, false), 7);
                                                                                                                                                                                                                                                                                                                                                                                                                                                                                                                                                                                                                                                                                                                                                                                      ^
AI_7.java:12: error: package com.leekwars.generator does not exist
return ops(new ArrayLeekValue(AI_7.this, new Object[] { load(sysexec(com.leekwars.generator.FightFunctions.getDistance, 164, 200)), load(sysexec(com.leekwars.generator.FightFunctions.getDistance, 17, 595)), load(sysexec(com.leekwars.generator.FightFunctions.getCellDistance, 164, 200)), load(sysexec(com.leekwars.generator.FightFunctions.getCellDistance, 17, 595)), load(sysexec(com.leekwars.generator.FightFunctions.getLeekOnCell, load(sysexec(com.leekwars.generator.FightFunctions.getCell, new Object[] { null })))), load(sysexec(com.leekwars.generator.FightFunctions.getLeekOnCell, load(sysexec(com.leekwars.generator.FightFunctions.getCell, 1)))), load(sysexec(com.leekwars.generator.FightFunctions.getLeekOnCell, 1)), load(sysexec(com.leekwars.generator.FightFunctions.getLeekOnCell, -1)), load(sysexec(com.leekwars.generator.FightFunctions.getCellContent, load(sysexec(com.leekwars.generator.FightFunctions.getCell, new Object[] { null })))), load(sysexec(com.leekwars.generator.FightFunctions.getCellContent, load(sysexec(com.leekwars.generator.FightFunctions.getCell, 1)))), load(sysexec(com.leekwars.generator.FightFunctions.getCellContent, 1)), load(sysexec(com.leekwars.generator.FightFunctions.getCellContent, 17)), load(sysexec(com.leekwars.generator.FightFunctions.getCellContent, -1)), load(sysexec(com.leekwars.generator.FightFunctions.isEmptyCell, load(sysexec(com.leekwars.generator.FightFunctions.getCell, new Object[] { null })))), load(sysexec(com.leekwars.generator.FightFunctions.isEmptyCell, load(sysexec(com.leekwars.generator.FightFunctions.getCell, 1)))), load(sysexec(com.leekwars.generator.FightFunctions.isEmptyCell, 1)), load(sysexec(com.leekwars.generator.FightFunctions.isEmptyCell, 17)), load(sysexec(com.leekwars.generator.FightFunctions.isEmptyCell, -1)), load(sysexec(com.leekwars.generator.FightFunctions.isObstacle, load(sysexec(com.leekwars.generator.FightFunctions.getCell, new Object[] { null })))), load(sysexec(com.leekwars.generator.FightFunctions.isObstacle, load(sysexec(com.leekwars.generator.FightFunctions.getCell, 1)))), load(sysexec(com.leekwars.generator.FightFunctions.isObstacle, 1)), load(sysexec(com.leekwars.generator.FightFunctions.isObstacle, 17)), load(sysexec(com.leekwars.generator.FightFunctions.isObstacle, -1)), load(sysexec(com.leekwars.generator.FightFunctions.isLeek, load(sysexec(com.leekwars.generator.FightFunctions.getCell, new Object[] { null })))), load(sysexec(com.leekwars.generator.FightFunctions.isLeek, load(sysexec(com.leekwars.generator.FightFunctions.getCell, 1)))), load(sysexec(com.leekwars.generator.FightFunctions.isLeek, 1)), load(sysexec(com.leekwars.generator.FightFunctions.isLeek, 17)), load(sysexec(com.leekwars.generator.FightFunctions.isLeek, -1)), load(sysexec(com.leekwars.generator.FightFunctions.getCellX, load(sysexec(com.leekwars.generator.FightFunctions.getCell, new Object[] { null })))), load(sysexec(com.leekwars.generator.FightFunctions.getCellX, load(sysexec(com.leekwars.generator.FightFunctions.getCell, 1)))), load(sysexec(com.leekwars.generator.FightFunctions.getCellX, 1)), load(sysexec(com.leekwars.generator.FightFunctions.getCellX, 17)), load(sysexec(com.leekwars.generator.FightFunctions.getCellX, -1)), load(sysexec(com.leekwars.generator.FightFunctions.getCellY, load(sysexec(com.leekwars.generator.FightFunctions.getCell, new Object[] { null })))), load(sysexec(com.leekwars.generator.FightFunctions.getCellY, load(sysexec(com.leekwars.generator.FightFunctions.getCell, 1)))), load(sysexec(com.leekwars.generator.FightFunctions.getCellY, 1)), load(sysexec(com.leekwars.generator.FightFunctions.getCellY, 17)), load(sysexec(com.leekwars.generator.FightFunctions.getCellY, -1)), load(sysexec(com.leekwars.generator.FightFunctions.getNearestEnemy)), load(sysexec(com.leekwars.generator.FightFunctions.getFarestEnemy)), load(sysexec(com.leekwars.generator.FightFunctions.getTurn)), load(sysexec(LeekFunctions.string, load(sysexec(com.leekwars.generator.FightFunctions.getAliveEnemies)))), load(sysexec(com.leekwars.generator.FightFunctions.getAliveEnemiesCount)), load(sysexec(LeekFunctions.string, load(sysexec(com.leekwars.generator.FightFunctions.getDeadEnemies)))), load(sysexec(com.leekwars.generator.FightFunctions.getDeadEnemiesCount)), load(sysexec(LeekFunctions.string, load(sysexec(com.leekwars.generator.FightFunctions.getEnemies)))), load(sysexec(LeekFunctions.string, load(sysexec(com.leekwars.generator.FightFunctions.getAllies)))), load(sysexec(com.leekwars.generator.FightFunctions.getEnemiesCount)), load(sysexec(com.leekwars.generator.FightFunctions.getNearestAlly)), load(sysexec(com.leekwars.generator.FightFunctions.getFarestAlly)), load(sysexec(com.leekwars.generator.FightFunctions.getFarestAlly)), load(sysexec(LeekFunctions.string, load(sysexec(com.leekwars.generator.FightFunctions.getAliveAllies)))), load(sysexec(LeekFunctions.string, load(sysexec(com.leekwars.generator.FightFunctions.getDeadAllies)))), load(sysexec(com.leekwars.generator.FightFunctions.getAlliesCount)) }, false), 7);
                                                                                                                                                                                                                                                                                                                                                                                                                                                                                                                                                                                                                                                                                                                                                                                                                                                              ^
AI_7.java:12: error: package com.leekwars.generator does not exist
return ops(new ArrayLeekValue(AI_7.this, new Object[] { load(sysexec(com.leekwars.generator.FightFunctions.getDistance, 164, 200)), load(sysexec(com.leekwars.generator.FightFunctions.getDistance, 17, 595)), load(sysexec(com.leekwars.generator.FightFunctions.getCellDistance, 164, 200)), load(sysexec(com.leekwars.generator.FightFunctions.getCellDistance, 17, 595)), load(sysexec(com.leekwars.generator.FightFunctions.getLeekOnCell, load(sysexec(com.leekwars.generator.FightFunctions.getCell, new Object[] { null })))), load(sysexec(com.leekwars.generator.FightFunctions.getLeekOnCell, load(sysexec(com.leekwars.generator.FightFunctions.getCell, 1)))), load(sysexec(com.leekwars.generator.FightFunctions.getLeekOnCell, 1)), load(sysexec(com.leekwars.generator.FightFunctions.getLeekOnCell, -1)), load(sysexec(com.leekwars.generator.FightFunctions.getCellContent, load(sysexec(com.leekwars.generator.FightFunctions.getCell, new Object[] { null })))), load(sysexec(com.leekwars.generator.FightFunctions.getCellContent, load(sysexec(com.leekwars.generator.FightFunctions.getCell, 1)))), load(sysexec(com.leekwars.generator.FightFunctions.getCellContent, 1)), load(sysexec(com.leekwars.generator.FightFunctions.getCellContent, 17)), load(sysexec(com.leekwars.generator.FightFunctions.getCellContent, -1)), load(sysexec(com.leekwars.generator.FightFunctions.isEmptyCell, load(sysexec(com.leekwars.generator.FightFunctions.getCell, new Object[] { null })))), load(sysexec(com.leekwars.generator.FightFunctions.isEmptyCell, load(sysexec(com.leekwars.generator.FightFunctions.getCell, 1)))), load(sysexec(com.leekwars.generator.FightFunctions.isEmptyCell, 1)), load(sysexec(com.leekwars.generator.FightFunctions.isEmptyCell, 17)), load(sysexec(com.leekwars.generator.FightFunctions.isEmptyCell, -1)), load(sysexec(com.leekwars.generator.FightFunctions.isObstacle, load(sysexec(com.leekwars.generator.FightFunctions.getCell, new Object[] { null })))), load(sysexec(com.leekwars.generator.FightFunctions.isObstacle, load(sysexec(com.leekwars.generator.FightFunctions.getCell, 1)))), load(sysexec(com.leekwars.generator.FightFunctions.isObstacle, 1)), load(sysexec(com.leekwars.generator.FightFunctions.isObstacle, 17)), load(sysexec(com.leekwars.generator.FightFunctions.isObstacle, -1)), load(sysexec(com.leekwars.generator.FightFunctions.isLeek, load(sysexec(com.leekwars.generator.FightFunctions.getCell, new Object[] { null })))), load(sysexec(com.leekwars.generator.FightFunctions.isLeek, load(sysexec(com.leekwars.generator.FightFunctions.getCell, 1)))), load(sysexec(com.leekwars.generator.FightFunctions.isLeek, 1)), load(sysexec(com.leekwars.generator.FightFunctions.isLeek, 17)), load(sysexec(com.leekwars.generator.FightFunctions.isLeek, -1)), load(sysexec(com.leekwars.generator.FightFunctions.getCellX, load(sysexec(com.leekwars.generator.FightFunctions.getCell, new Object[] { null })))), load(sysexec(com.leekwars.generator.FightFunctions.getCellX, load(sysexec(com.leekwars.generator.FightFunctions.getCell, 1)))), load(sysexec(com.leekwars.generator.FightFunctions.getCellX, 1)), load(sysexec(com.leekwars.generator.FightFunctions.getCellX, 17)), load(sysexec(com.leekwars.generator.FightFunctions.getCellX, -1)), load(sysexec(com.leekwars.generator.FightFunctions.getCellY, load(sysexec(com.leekwars.generator.FightFunctions.getCell, new Object[] { null })))), load(sysexec(com.leekwars.generator.FightFunctions.getCellY, load(sysexec(com.leekwars.generator.FightFunctions.getCell, 1)))), load(sysexec(com.leekwars.generator.FightFunctions.getCellY, 1)), load(sysexec(com.leekwars.generator.FightFunctions.getCellY, 17)), load(sysexec(com.leekwars.generator.FightFunctions.getCellY, -1)), load(sysexec(com.leekwars.generator.FightFunctions.getNearestEnemy)), load(sysexec(com.leekwars.generator.FightFunctions.getFarestEnemy)), load(sysexec(com.leekwars.generator.FightFunctions.getTurn)), load(sysexec(LeekFunctions.string, load(sysexec(com.leekwars.generator.FightFunctions.getAliveEnemies)))), load(sysexec(com.leekwars.generator.FightFunctions.getAliveEnemiesCount)), load(sysexec(LeekFunctions.string, load(sysexec(com.leekwars.generator.FightFunctions.getDeadEnemies)))), load(sysexec(com.leekwars.generator.FightFunctions.getDeadEnemiesCount)), load(sysexec(LeekFunctions.string, load(sysexec(com.leekwars.generator.FightFunctions.getEnemies)))), load(sysexec(LeekFunctions.string, load(sysexec(com.leekwars.generator.FightFunctions.getAllies)))), load(sysexec(com.leekwars.generator.FightFunctions.getEnemiesCount)), load(sysexec(com.leekwars.generator.FightFunctions.getNearestAlly)), load(sysexec(com.leekwars.generator.FightFunctions.getFarestAlly)), load(sysexec(com.leekwars.generator.FightFunctions.getFarestAlly)), load(sysexec(LeekFunctions.string, load(sysexec(com.leekwars.generator.FightFunctions.getAliveAllies)))), load(sysexec(LeekFunctions.string, load(sysexec(com.leekwars.generator.FightFunctions.getDeadAllies)))), load(sysexec(com.leekwars.generator.FightFunctions.getAlliesCount)) }, false), 7);
                                                                                                                                                                                                                                                                                                                                                                                                                                                                                                                                                                                                                                                                                                                                                                                                                                                                                                                                 ^
AI_7.java:12: error: package com.leekwars.generator does not exist
return ops(new ArrayLeekValue(AI_7.this, new Object[] { load(sysexec(com.leekwars.generator.FightFunctions.getDistance, 164, 200)), load(sysexec(com.leekwars.generator.FightFunctions.getDistance, 17, 595)), load(sysexec(com.leekwars.generator.FightFunctions.getCellDistance, 164, 200)), load(sysexec(com.leekwars.generator.FightFunctions.getCellDistance, 17, 595)), load(sysexec(com.leekwars.generator.FightFunctions.getLeekOnCell, load(sysexec(com.leekwars.generator.FightFunctions.getCell, new Object[] { null })))), load(sysexec(com.leekwars.generator.FightFunctions.getLeekOnCell, load(sysexec(com.leekwars.generator.FightFunctions.getCell, 1)))), load(sysexec(com.leekwars.generator.FightFunctions.getLeekOnCell, 1)), load(sysexec(com.leekwars.generator.FightFunctions.getLeekOnCell, -1)), load(sysexec(com.leekwars.generator.FightFunctions.getCellContent, load(sysexec(com.leekwars.generator.FightFunctions.getCell, new Object[] { null })))), load(sysexec(com.leekwars.generator.FightFunctions.getCellContent, load(sysexec(com.leekwars.generator.FightFunctions.getCell, 1)))), load(sysexec(com.leekwars.generator.FightFunctions.getCellContent, 1)), load(sysexec(com.leekwars.generator.FightFunctions.getCellContent, 17)), load(sysexec(com.leekwars.generator.FightFunctions.getCellContent, -1)), load(sysexec(com.leekwars.generator.FightFunctions.isEmptyCell, load(sysexec(com.leekwars.generator.FightFunctions.getCell, new Object[] { null })))), load(sysexec(com.leekwars.generator.FightFunctions.isEmptyCell, load(sysexec(com.leekwars.generator.FightFunctions.getCell, 1)))), load(sysexec(com.leekwars.generator.FightFunctions.isEmptyCell, 1)), load(sysexec(com.leekwars.generator.FightFunctions.isEmptyCell, 17)), load(sysexec(com.leekwars.generator.FightFunctions.isEmptyCell, -1)), load(sysexec(com.leekwars.generator.FightFunctions.isObstacle, load(sysexec(com.leekwars.generator.FightFunctions.getCell, new Object[] { null })))), load(sysexec(com.leekwars.generator.FightFunctions.isObstacle, load(sysexec(com.leekwars.generator.FightFunctions.getCell, 1)))), load(sysexec(com.leekwars.generator.FightFunctions.isObstacle, 1)), load(sysexec(com.leekwars.generator.FightFunctions.isObstacle, 17)), load(sysexec(com.leekwars.generator.FightFunctions.isObstacle, -1)), load(sysexec(com.leekwars.generator.FightFunctions.isLeek, load(sysexec(com.leekwars.generator.FightFunctions.getCell, new Object[] { null })))), load(sysexec(com.leekwars.generator.FightFunctions.isLeek, load(sysexec(com.leekwars.generator.FightFunctions.getCell, 1)))), load(sysexec(com.leekwars.generator.FightFunctions.isLeek, 1)), load(sysexec(com.leekwars.generator.FightFunctions.isLeek, 17)), load(sysexec(com.leekwars.generator.FightFunctions.isLeek, -1)), load(sysexec(com.leekwars.generator.FightFunctions.getCellX, load(sysexec(com.leekwars.generator.FightFunctions.getCell, new Object[] { null })))), load(sysexec(com.leekwars.generator.FightFunctions.getCellX, load(sysexec(com.leekwars.generator.FightFunctions.getCell, 1)))), load(sysexec(com.leekwars.generator.FightFunctions.getCellX, 1)), load(sysexec(com.leekwars.generator.FightFunctions.getCellX, 17)), load(sysexec(com.leekwars.generator.FightFunctions.getCellX, -1)), load(sysexec(com.leekwars.generator.FightFunctions.getCellY, load(sysexec(com.leekwars.generator.FightFunctions.getCell, new Object[] { null })))), load(sysexec(com.leekwars.generator.FightFunctions.getCellY, load(sysexec(com.leekwars.generator.FightFunctions.getCell, 1)))), load(sysexec(com.leekwars.generator.FightFunctions.getCellY, 1)), load(sysexec(com.leekwars.generator.FightFunctions.getCellY, 17)), load(sysexec(com.leekwars.generator.FightFunctions.getCellY, -1)), load(sysexec(com.leekwars.generator.FightFunctions.getNearestEnemy)), load(sysexec(com.leekwars.generator.FightFunctions.getFarestEnemy)), load(sysexec(com.leekwars.generator.FightFunctions.getTurn)), load(sysexec(LeekFunctions.string, load(sysexec(com.leekwars.generator.FightFunctions.getAliveEnemies)))), load(sysexec(com.leekwars.generator.FightFunctions.getAliveEnemiesCount)), load(sysexec(LeekFunctions.string, load(sysexec(com.leekwars.generator.FightFunctions.getDeadEnemies)))), load(sysexec(com.leekwars.generator.FightFunctions.getDeadEnemiesCount)), load(sysexec(LeekFunctions.string, load(sysexec(com.leekwars.generator.FightFunctions.getEnemies)))), load(sysexec(LeekFunctions.string, load(sysexec(com.leekwars.generator.FightFunctions.getAllies)))), load(sysexec(com.leekwars.generator.FightFunctions.getEnemiesCount)), load(sysexec(com.leekwars.generator.FightFunctions.getNearestAlly)), load(sysexec(com.leekwars.generator.FightFunctions.getFarestAlly)), load(sysexec(com.leekwars.generator.FightFunctions.getFarestAlly)), load(sysexec(LeekFunctions.string, load(sysexec(com.leekwars.generator.FightFunctions.getAliveAllies)))), load(sysexec(LeekFunctions.string, load(sysexec(com.leekwars.generator.FightFunctions.getDeadAllies)))), load(sysexec(com.leekwars.generator.FightFunctions.getAlliesCount)) }, false), 7);
                                                                                                                                                                                                                                                                                                                                                                                                                                                                                                                                                                                                                                                                                                                                                                                                                                                                                                                                                                                                                        ^
AI_7.java:12: error: package com.leekwars.generator does not exist
return ops(new ArrayLeekValue(AI_7.this, new Object[] { load(sysexec(com.leekwars.generator.FightFunctions.getDistance, 164, 200)), load(sysexec(com.leekwars.generator.FightFunctions.getDistance, 17, 595)), load(sysexec(com.leekwars.generator.FightFunctions.getCellDistance, 164, 200)), load(sysexec(com.leekwars.generator.FightFunctions.getCellDistance, 17, 595)), load(sysexec(com.leekwars.generator.FightFunctions.getLeekOnCell, load(sysexec(com.leekwars.generator.FightFunctions.getCell, new Object[] { null })))), load(sysexec(com.leekwars.generator.FightFunctions.getLeekOnCell, load(sysexec(com.leekwars.generator.FightFunctions.getCell, 1)))), load(sysexec(com.leekwars.generator.FightFunctions.getLeekOnCell, 1)), load(sysexec(com.leekwars.generator.FightFunctions.getLeekOnCell, -1)), load(sysexec(com.leekwars.generator.FightFunctions.getCellContent, load(sysexec(com.leekwars.generator.FightFunctions.getCell, new Object[] { null })))), load(sysexec(com.leekwars.generator.FightFunctions.getCellContent, load(sysexec(com.leekwars.generator.FightFunctions.getCell, 1)))), load(sysexec(com.leekwars.generator.FightFunctions.getCellContent, 1)), load(sysexec(com.leekwars.generator.FightFunctions.getCellContent, 17)), load(sysexec(com.leekwars.generator.FightFunctions.getCellContent, -1)), load(sysexec(com.leekwars.generator.FightFunctions.isEmptyCell, load(sysexec(com.leekwars.generator.FightFunctions.getCell, new Object[] { null })))), load(sysexec(com.leekwars.generator.FightFunctions.isEmptyCell, load(sysexec(com.leekwars.generator.FightFunctions.getCell, 1)))), load(sysexec(com.leekwars.generator.FightFunctions.isEmptyCell, 1)), load(sysexec(com.leekwars.generator.FightFunctions.isEmptyCell, 17)), load(sysexec(com.leekwars.generator.FightFunctions.isEmptyCell, -1)), load(sysexec(com.leekwars.generator.FightFunctions.isObstacle, load(sysexec(com.leekwars.generator.FightFunctions.getCell, new Object[] { null })))), load(sysexec(com.leekwars.generator.FightFunctions.isObstacle, load(sysexec(com.leekwars.generator.FightFunctions.getCell, 1)))), load(sysexec(com.leekwars.generator.FightFunctions.isObstacle, 1)), load(sysexec(com.leekwars.generator.FightFunctions.isObstacle, 17)), load(sysexec(com.leekwars.generator.FightFunctions.isObstacle, -1)), load(sysexec(com.leekwars.generator.FightFunctions.isLeek, load(sysexec(com.leekwars.generator.FightFunctions.getCell, new Object[] { null })))), load(sysexec(com.leekwars.generator.FightFunctions.isLeek, load(sysexec(com.leekwars.generator.FightFunctions.getCell, 1)))), load(sysexec(com.leekwars.generator.FightFunctions.isLeek, 1)), load(sysexec(com.leekwars.generator.FightFunctions.isLeek, 17)), load(sysexec(com.leekwars.generator.FightFunctions.isLeek, -1)), load(sysexec(com.leekwars.generator.FightFunctions.getCellX, load(sysexec(com.leekwars.generator.FightFunctions.getCell, new Object[] { null })))), load(sysexec(com.leekwars.generator.FightFunctions.getCellX, load(sysexec(com.leekwars.generator.FightFunctions.getCell, 1)))), load(sysexec(com.leekwars.generator.FightFunctions.getCellX, 1)), load(sysexec(com.leekwars.generator.FightFunctions.getCellX, 17)), load(sysexec(com.leekwars.generator.FightFunctions.getCellX, -1)), load(sysexec(com.leekwars.generator.FightFunctions.getCellY, load(sysexec(com.leekwars.generator.FightFunctions.getCell, new Object[] { null })))), load(sysexec(com.leekwars.generator.FightFunctions.getCellY, load(sysexec(com.leekwars.generator.FightFunctions.getCell, 1)))), load(sysexec(com.leekwars.generator.FightFunctions.getCellY, 1)), load(sysexec(com.leekwars.generator.FightFunctions.getCellY, 17)), load(sysexec(com.leekwars.generator.FightFunctions.getCellY, -1)), load(sysexec(com.leekwars.generator.FightFunctions.getNearestEnemy)), load(sysexec(com.leekwars.generator.FightFunctions.getFarestEnemy)), load(sysexec(com.leekwars.generator.FightFunctions.getTurn)), load(sysexec(LeekFunctions.string, load(sysexec(com.leekwars.generator.FightFunctions.getAliveEnemies)))), load(sysexec(com.leekwars.generator.FightFunctions.getAliveEnemiesCount)), load(sysexec(LeekFunctions.string, load(sysexec(com.leekwars.generator.FightFunctions.getDeadEnemies)))), load(sysexec(com.leekwars.generator.FightFunctions.getDeadEnemiesCount)), load(sysexec(LeekFunctions.string, load(sysexec(com.leekwars.generator.FightFunctions.getEnemies)))), load(sysexec(LeekFunctions.string, load(sysexec(com.leekwars.generator.FightFunctions.getAllies)))), load(sysexec(com.leekwars.generator.FightFunctions.getEnemiesCount)), load(sysexec(com.leekwars.generator.FightFunctions.getNearestAlly)), load(sysexec(com.leekwars.generator.FightFunctions.getFarestAlly)), load(sysexec(com.leekwars.generator.FightFunctions.getFarestAlly)), load(sysexec(LeekFunctions.string, load(sysexec(com.leekwars.generator.FightFunctions.getAliveAllies)))), load(sysexec(LeekFunctions.string, load(sysexec(com.leekwars.generator.FightFunctions.getDeadAllies)))), load(sysexec(com.leekwars.generator.FightFunctions.getAlliesCount)) }, false), 7);
                                                                                                                                                                                                                                                                                                                                                                                                                                                                                                                                                                                                                                                                                                                                                                                                                                                                                                                                                                                                                                                                                           ^
AI_7.java:12: error: package com.leekwars.generator does not exist
return ops(new ArrayLeekValue(AI_7.this, new Object[] { load(sysexec(com.leekwars.generator.FightFunctions.getDistance, 164, 200)), load(sysexec(com.leekwars.generator.FightFunctions.getDistance, 17, 595)), load(sysexec(com.leekwars.generator.FightFunctions.getCellDistance, 164, 200)), load(sysexec(com.leekwars.generator.FightFunctions.getCellDistance, 17, 595)), load(sysexec(com.leekwars.generator.FightFunctions.getLeekOnCell, load(sysexec(com.leekwars.generator.FightFunctions.getCell, new Object[] { null })))), load(sysexec(com.leekwars.generator.FightFunctions.getLeekOnCell, load(sysexec(com.leekwars.generator.FightFunctions.getCell, 1)))), load(sysexec(com.leekwars.generator.FightFunctions.getLeekOnCell, 1)), load(sysexec(com.leekwars.generator.FightFunctions.getLeekOnCell, -1)), load(sysexec(com.leekwars.generator.FightFunctions.getCellContent, load(sysexec(com.leekwars.generator.FightFunctions.getCell, new Object[] { null })))), load(sysexec(com.leekwars.generator.FightFunctions.getCellContent, load(sysexec(com.leekwars.generator.FightFunctions.getCell, 1)))), load(sysexec(com.leekwars.generator.FightFunctions.getCellContent, 1)), load(sysexec(com.leekwars.generator.FightFunctions.getCellContent, 17)), load(sysexec(com.leekwars.generator.FightFunctions.getCellContent, -1)), load(sysexec(com.leekwars.generator.FightFunctions.isEmptyCell, load(sysexec(com.leekwars.generator.FightFunctions.getCell, new Object[] { null })))), load(sysexec(com.leekwars.generator.FightFunctions.isEmptyCell, load(sysexec(com.leekwars.generator.FightFunctions.getCell, 1)))), load(sysexec(com.leekwars.generator.FightFunctions.isEmptyCell, 1)), load(sysexec(com.leekwars.generator.FightFunctions.isEmptyCell, 17)), load(sysexec(com.leekwars.generator.FightFunctions.isEmptyCell, -1)), load(sysexec(com.leekwars.generator.FightFunctions.isObstacle, load(sysexec(com.leekwars.generator.FightFunctions.getCell, new Object[] { null })))), load(sysexec(com.leekwars.generator.FightFunctions.isObstacle, load(sysexec(com.leekwars.generator.FightFunctions.getCell, 1)))), load(sysexec(com.leekwars.generator.FightFunctions.isObstacle, 1)), load(sysexec(com.leekwars.generator.FightFunctions.isObstacle, 17)), load(sysexec(com.leekwars.generator.FightFunctions.isObstacle, -1)), load(sysexec(com.leekwars.generator.FightFunctions.isLeek, load(sysexec(com.leekwars.generator.FightFunctions.getCell, new Object[] { null })))), load(sysexec(com.leekwars.generator.FightFunctions.isLeek, load(sysexec(com.leekwars.generator.FightFunctions.getCell, 1)))), load(sysexec(com.leekwars.generator.FightFunctions.isLeek, 1)), load(sysexec(com.leekwars.generator.FightFunctions.isLeek, 17)), load(sysexec(com.leekwars.generator.FightFunctions.isLeek, -1)), load(sysexec(com.leekwars.generator.FightFunctions.getCellX, load(sysexec(com.leekwars.generator.FightFunctions.getCell, new Object[] { null })))), load(sysexec(com.leekwars.generator.FightFunctions.getCellX, load(sysexec(com.leekwars.generator.FightFunctions.getCell, 1)))), load(sysexec(com.leekwars.generator.FightFunctions.getCellX, 1)), load(sysexec(com.leekwars.generator.FightFunctions.getCellX, 17)), load(sysexec(com.leekwars.generator.FightFunctions.getCellX, -1)), load(sysexec(com.leekwars.generator.FightFunctions.getCellY, load(sysexec(com.leekwars.generator.FightFunctions.getCell, new Object[] { null })))), load(sysexec(com.leekwars.generator.FightFunctions.getCellY, load(sysexec(com.leekwars.generator.FightFunctions.getCell, 1)))), load(sysexec(com.leekwars.generator.FightFunctions.getCellY, 1)), load(sysexec(com.leekwars.generator.FightFunctions.getCellY, 17)), load(sysexec(com.leekwars.generator.FightFunctions.getCellY, -1)), load(sysexec(com.leekwars.generator.FightFunctions.getNearestEnemy)), load(sysexec(com.leekwars.generator.FightFunctions.getFarestEnemy)), load(sysexec(com.leekwars.generator.FightFunctions.getTurn)), load(sysexec(LeekFunctions.string, load(sysexec(com.leekwars.generator.FightFunctions.getAliveEnemies)))), load(sysexec(com.leekwars.generator.FightFunctions.getAliveEnemiesCount)), load(sysexec(LeekFunctions.string, load(sysexec(com.leekwars.generator.FightFunctions.getDeadEnemies)))), load(sysexec(com.leekwars.generator.FightFunctions.getDeadEnemiesCount)), load(sysexec(LeekFunctions.string, load(sysexec(com.leekwars.generator.FightFunctions.getEnemies)))), load(sysexec(LeekFunctions.string, load(sysexec(com.leekwars.generator.FightFunctions.getAllies)))), load(sysexec(com.leekwars.generator.FightFunctions.getEnemiesCount)), load(sysexec(com.leekwars.generator.FightFunctions.getNearestAlly)), load(sysexec(com.leekwars.generator.FightFunctions.getFarestAlly)), load(sysexec(com.leekwars.generator.FightFunctions.getFarestAlly)), load(sysexec(LeekFunctions.string, load(sysexec(com.leekwars.generator.FightFunctions.getAliveAllies)))), load(sysexec(LeekFunctions.string, load(sysexec(com.leekwars.generator.FightFunctions.getDeadAllies)))), load(sysexec(com.leekwars.generator.FightFunctions.getAlliesCount)) }, false), 7);
                                                                                                                                                                                                                                                                                                                                                                                                                                                                                                                                                                                                                                                                                                                                                                                                                                                                                                                                                                                                                                                                                                                                                              ^
AI_7.java:12: error: package com.leekwars.generator does not exist
return ops(new ArrayLeekValue(AI_7.this, new Object[] { load(sysexec(com.leekwars.generator.FightFunctions.getDistance, 164, 200)), load(sysexec(com.leekwars.generator.FightFunctions.getDistance, 17, 595)), load(sysexec(com.leekwars.generator.FightFunctions.getCellDistance, 164, 200)), load(sysexec(com.leekwars.generator.FightFunctions.getCellDistance, 17, 595)), load(sysexec(com.leekwars.generator.FightFunctions.getLeekOnCell, load(sysexec(com.leekwars.generator.FightFunctions.getCell, new Object[] { null })))), load(sysexec(com.leekwars.generator.FightFunctions.getLeekOnCell, load(sysexec(com.leekwars.generator.FightFunctions.getCell, 1)))), load(sysexec(com.leekwars.generator.FightFunctions.getLeekOnCell, 1)), load(sysexec(com.leekwars.generator.FightFunctions.getLeekOnCell, -1)), load(sysexec(com.leekwars.generator.FightFunctions.getCellContent, load(sysexec(com.leekwars.generator.FightFunctions.getCell, new Object[] { null })))), load(sysexec(com.leekwars.generator.FightFunctions.getCellContent, load(sysexec(com.leekwars.generator.FightFunctions.getCell, 1)))), load(sysexec(com.leekwars.generator.FightFunctions.getCellContent, 1)), load(sysexec(com.leekwars.generator.FightFunctions.getCellContent, 17)), load(sysexec(com.leekwars.generator.FightFunctions.getCellContent, -1)), load(sysexec(com.leekwars.generator.FightFunctions.isEmptyCell, load(sysexec(com.leekwars.generator.FightFunctions.getCell, new Object[] { null })))), load(sysexec(com.leekwars.generator.FightFunctions.isEmptyCell, load(sysexec(com.leekwars.generator.FightFunctions.getCell, 1)))), load(sysexec(com.leekwars.generator.FightFunctions.isEmptyCell, 1)), load(sysexec(com.leekwars.generator.FightFunctions.isEmptyCell, 17)), load(sysexec(com.leekwars.generator.FightFunctions.isEmptyCell, -1)), load(sysexec(com.leekwars.generator.FightFunctions.isObstacle, load(sysexec(com.leekwars.generator.FightFunctions.getCell, new Object[] { null })))), load(sysexec(com.leekwars.generator.FightFunctions.isObstacle, load(sysexec(com.leekwars.generator.FightFunctions.getCell, 1)))), load(sysexec(com.leekwars.generator.FightFunctions.isObstacle, 1)), load(sysexec(com.leekwars.generator.FightFunctions.isObstacle, 17)), load(sysexec(com.leekwars.generator.FightFunctions.isObstacle, -1)), load(sysexec(com.leekwars.generator.FightFunctions.isLeek, load(sysexec(com.leekwars.generator.FightFunctions.getCell, new Object[] { null })))), load(sysexec(com.leekwars.generator.FightFunctions.isLeek, load(sysexec(com.leekwars.generator.FightFunctions.getCell, 1)))), load(sysexec(com.leekwars.generator.FightFunctions.isLeek, 1)), load(sysexec(com.leekwars.generator.FightFunctions.isLeek, 17)), load(sysexec(com.leekwars.generator.FightFunctions.isLeek, -1)), load(sysexec(com.leekwars.generator.FightFunctions.getCellX, load(sysexec(com.leekwars.generator.FightFunctions.getCell, new Object[] { null })))), load(sysexec(com.leekwars.generator.FightFunctions.getCellX, load(sysexec(com.leekwars.generator.FightFunctions.getCell, 1)))), load(sysexec(com.leekwars.generator.FightFunctions.getCellX, 1)), load(sysexec(com.leekwars.generator.FightFunctions.getCellX, 17)), load(sysexec(com.leekwars.generator.FightFunctions.getCellX, -1)), load(sysexec(com.leekwars.generator.FightFunctions.getCellY, load(sysexec(com.leekwars.generator.FightFunctions.getCell, new Object[] { null })))), load(sysexec(com.leekwars.generator.FightFunctions.getCellY, load(sysexec(com.leekwars.generator.FightFunctions.getCell, 1)))), load(sysexec(com.leekwars.generator.FightFunctions.getCellY, 1)), load(sysexec(com.leekwars.generator.FightFunctions.getCellY, 17)), load(sysexec(com.leekwars.generator.FightFunctions.getCellY, -1)), load(sysexec(com.leekwars.generator.FightFunctions.getNearestEnemy)), load(sysexec(com.leekwars.generator.FightFunctions.getFarestEnemy)), load(sysexec(com.leekwars.generator.FightFunctions.getTurn)), load(sysexec(LeekFunctions.string, load(sysexec(com.leekwars.generator.FightFunctions.getAliveEnemies)))), load(sysexec(com.leekwars.generator.FightFunctions.getAliveEnemiesCount)), load(sysexec(LeekFunctions.string, load(sysexec(com.leekwars.generator.FightFunctions.getDeadEnemies)))), load(sysexec(com.leekwars.generator.FightFunctions.getDeadEnemiesCount)), load(sysexec(LeekFunctions.string, load(sysexec(com.leekwars.generator.FightFunctions.getEnemies)))), load(sysexec(LeekFunctions.string, load(sysexec(com.leekwars.generator.FightFunctions.getAllies)))), load(sysexec(com.leekwars.generator.FightFunctions.getEnemiesCount)), load(sysexec(com.leekwars.generator.FightFunctions.getNearestAlly)), load(sysexec(com.leekwars.generator.FightFunctions.getFarestAlly)), load(sysexec(com.leekwars.generator.FightFunctions.getFarestAlly)), load(sysexec(LeekFunctions.string, load(sysexec(com.leekwars.generator.FightFunctions.getAliveAllies)))), load(sysexec(LeekFunctions.string, load(sysexec(com.leekwars.generator.FightFunctions.getDeadAllies)))), load(sysexec(com.leekwars.generator.FightFunctions.getAlliesCount)) }, false), 7);
                                                                                                                                                                                                                                                                                                                                                                                                                                                                                                                                                                                                                                                                                                                                                                                                                                                                                                                                                                                                                                                                                                                                                                                                                                      ^
AI_7.java:12: error: package com.leekwars.generator does not exist
return ops(new ArrayLeekValue(AI_7.this, new Object[] { load(sysexec(com.leekwars.generator.FightFunctions.getDistance, 164, 200)), load(sysexec(com.leekwars.generator.FightFunctions.getDistance, 17, 595)), load(sysexec(com.leekwars.generator.FightFunctions.getCellDistance, 164, 200)), load(sysexec(com.leekwars.generator.FightFunctions.getCellDistance, 17, 595)), load(sysexec(com.leekwars.generator.FightFunctions.getLeekOnCell, load(sysexec(com.leekwars.generator.FightFunctions.getCell, new Object[] { null })))), load(sysexec(com.leekwars.generator.FightFunctions.getLeekOnCell, load(sysexec(com.leekwars.generator.FightFunctions.getCell, 1)))), load(sysexec(com.leekwars.generator.FightFunctions.getLeekOnCell, 1)), load(sysexec(com.leekwars.generator.FightFunctions.getLeekOnCell, -1)), load(sysexec(com.leekwars.generator.FightFunctions.getCellContent, load(sysexec(com.leekwars.generator.FightFunctions.getCell, new Object[] { null })))), load(sysexec(com.leekwars.generator.FightFunctions.getCellContent, load(sysexec(com.leekwars.generator.FightFunctions.getCell, 1)))), load(sysexec(com.leekwars.generator.FightFunctions.getCellContent, 1)), load(sysexec(com.leekwars.generator.FightFunctions.getCellContent, 17)), load(sysexec(com.leekwars.generator.FightFunctions.getCellContent, -1)), load(sysexec(com.leekwars.generator.FightFunctions.isEmptyCell, load(sysexec(com.leekwars.generator.FightFunctions.getCell, new Object[] { null })))), load(sysexec(com.leekwars.generator.FightFunctions.isEmptyCell, load(sysexec(com.leekwars.generator.FightFunctions.getCell, 1)))), load(sysexec(com.leekwars.generator.FightFunctions.isEmptyCell, 1)), load(sysexec(com.leekwars.generator.FightFunctions.isEmptyCell, 17)), load(sysexec(com.leekwars.generator.FightFunctions.isEmptyCell, -1)), load(sysexec(com.leekwars.generator.FightFunctions.isObstacle, load(sysexec(com.leekwars.generator.FightFunctions.getCell, new Object[] { null })))), load(sysexec(com.leekwars.generator.FightFunctions.isObstacle, load(sysexec(com.leekwars.generator.FightFunctions.getCell, 1)))), load(sysexec(com.leekwars.generator.FightFunctions.isObstacle, 1)), load(sysexec(com.leekwars.generator.FightFunctions.isObstacle, 17)), load(sysexec(com.leekwars.generator.FightFunctions.isObstacle, -1)), load(sysexec(com.leekwars.generator.FightFunctions.isLeek, load(sysexec(com.leekwars.generator.FightFunctions.getCell, new Object[] { null })))), load(sysexec(com.leekwars.generator.FightFunctions.isLeek, load(sysexec(com.leekwars.generator.FightFunctions.getCell, 1)))), load(sysexec(com.leekwars.generator.FightFunctions.isLeek, 1)), load(sysexec(com.leekwars.generator.FightFunctions.isLeek, 17)), load(sysexec(com.leekwars.generator.FightFunctions.isLeek, -1)), load(sysexec(com.leekwars.generator.FightFunctions.getCellX, load(sysexec(com.leekwars.generator.FightFunctions.getCell, new Object[] { null })))), load(sysexec(com.leekwars.generator.FightFunctions.getCellX, load(sysexec(com.leekwars.generator.FightFunctions.getCell, 1)))), load(sysexec(com.leekwars.generator.FightFunctions.getCellX, 1)), load(sysexec(com.leekwars.generator.FightFunctions.getCellX, 17)), load(sysexec(com.leekwars.generator.FightFunctions.getCellX, -1)), load(sysexec(com.leekwars.generator.FightFunctions.getCellY, load(sysexec(com.leekwars.generator.FightFunctions.getCell, new Object[] { null })))), load(sysexec(com.leekwars.generator.FightFunctions.getCellY, load(sysexec(com.leekwars.generator.FightFunctions.getCell, 1)))), load(sysexec(com.leekwars.generator.FightFunctions.getCellY, 1)), load(sysexec(com.leekwars.generator.FightFunctions.getCellY, 17)), load(sysexec(com.leekwars.generator.FightFunctions.getCellY, -1)), load(sysexec(com.leekwars.generator.FightFunctions.getNearestEnemy)), load(sysexec(com.leekwars.generator.FightFunctions.getFarestEnemy)), load(sysexec(com.leekwars.generator.FightFunctions.getTurn)), load(sysexec(LeekFunctions.string, load(sysexec(com.leekwars.generator.FightFunctions.getAliveEnemies)))), load(sysexec(com.leekwars.generator.FightFunctions.getAliveEnemiesCount)), load(sysexec(LeekFunctions.string, load(sysexec(com.leekwars.generator.FightFunctions.getDeadEnemies)))), load(sysexec(com.leekwars.generator.FightFunctions.getDeadEnemiesCount)), load(sysexec(LeekFunctions.string, load(sysexec(com.leekwars.generator.FightFunctions.getEnemies)))), load(sysexec(LeekFunctions.string, load(sysexec(com.leekwars.generator.FightFunctions.getAllies)))), load(sysexec(com.leekwars.generator.FightFunctions.getEnemiesCount)), load(sysexec(com.leekwars.generator.FightFunctions.getNearestAlly)), load(sysexec(com.leekwars.generator.FightFunctions.getFarestAlly)), load(sysexec(com.leekwars.generator.FightFunctions.getFarestAlly)), load(sysexec(LeekFunctions.string, load(sysexec(com.leekwars.generator.FightFunctions.getAliveAllies)))), load(sysexec(LeekFunctions.string, load(sysexec(com.leekwars.generator.FightFunctions.getDeadAllies)))), load(sysexec(com.leekwars.generator.FightFunctions.getAlliesCount)) }, false), 7);
                                                                                                                                                                                                                                                                                                                                                                                                                                                                                                                                                                                                                                                                                                                                                                                                                                                                                                                                                                                                                                                                                                                                                                                                                                                                                                               ^
AI_7.java:12: error: package com.leekwars.generator does not exist
return ops(new ArrayLeekValue(AI_7.this, new Object[] { load(sysexec(com.leekwars.generator.FightFunctions.getDistance, 164, 200)), load(sysexec(com.leekwars.generator.FightFunctions.getDistance, 17, 595)), load(sysexec(com.leekwars.generator.FightFunctions.getCellDistance, 164, 200)), load(sysexec(com.leekwars.generator.FightFunctions.getCellDistance, 17, 595)), load(sysexec(com.leekwars.generator.FightFunctions.getLeekOnCell, load(sysexec(com.leekwars.generator.FightFunctions.getCell, new Object[] { null })))), load(sysexec(com.leekwars.generator.FightFunctions.getLeekOnCell, load(sysexec(com.leekwars.generator.FightFunctions.getCell, 1)))), load(sysexec(com.leekwars.generator.FightFunctions.getLeekOnCell, 1)), load(sysexec(com.leekwars.generator.FightFunctions.getLeekOnCell, -1)), load(sysexec(com.leekwars.generator.FightFunctions.getCellContent, load(sysexec(com.leekwars.generator.FightFunctions.getCell, new Object[] { null })))), load(sysexec(com.leekwars.generator.FightFunctions.getCellContent, load(sysexec(com.leekwars.generator.FightFunctions.getCell, 1)))), load(sysexec(com.leekwars.generator.FightFunctions.getCellContent, 1)), load(sysexec(com.leekwars.generator.FightFunctions.getCellContent, 17)), load(sysexec(com.leekwars.generator.FightFunctions.getCellContent, -1)), load(sysexec(com.leekwars.generator.FightFunctions.isEmptyCell, load(sysexec(com.leekwars.generator.FightFunctions.getCell, new Object[] { null })))), load(sysexec(com.leekwars.generator.FightFunctions.isEmptyCell, load(sysexec(com.leekwars.generator.FightFunctions.getCell, 1)))), load(sysexec(com.leekwars.generator.FightFunctions.isEmptyCell, 1)), load(sysexec(com.leekwars.generator.FightFunctions.isEmptyCell, 17)), load(sysexec(com.leekwars.generator.FightFunctions.isEmptyCell, -1)), load(sysexec(com.leekwars.generator.FightFunctions.isObstacle, load(sysexec(com.leekwars.generator.FightFunctions.getCell, new Object[] { null })))), load(sysexec(com.leekwars.generator.FightFunctions.isObstacle, load(sysexec(com.leekwars.generator.FightFunctions.getCell, 1)))), load(sysexec(com.leekwars.generator.FightFunctions.isObstacle, 1)), load(sysexec(com.leekwars.generator.FightFunctions.isObstacle, 17)), load(sysexec(com.leekwars.generator.FightFunctions.isObstacle, -1)), load(sysexec(com.leekwars.generator.FightFunctions.isLeek, load(sysexec(com.leekwars.generator.FightFunctions.getCell, new Object[] { null })))), load(sysexec(com.leekwars.generator.FightFunctions.isLeek, load(sysexec(com.leekwars.generator.FightFunctions.getCell, 1)))), load(sysexec(com.leekwars.generator.FightFunctions.isLeek, 1)), load(sysexec(com.leekwars.generator.FightFunctions.isLeek, 17)), load(sysexec(com.leekwars.generator.FightFunctions.isLeek, -1)), load(sysexec(com.leekwars.generator.FightFunctions.getCellX, load(sysexec(com.leekwars.generator.FightFunctions.getCell, new Object[] { null })))), load(sysexec(com.leekwars.generator.FightFunctions.getCellX, load(sysexec(com.leekwars.generator.FightFunctions.getCell, 1)))), load(sysexec(com.leekwars.generator.FightFunctions.getCellX, 1)), load(sysexec(com.leekwars.generator.FightFunctions.getCellX, 17)), load(sysexec(com.leekwars.generator.FightFunctions.getCellX, -1)), load(sysexec(com.leekwars.generator.FightFunctions.getCellY, load(sysexec(com.leekwars.generator.FightFunctions.getCell, new Object[] { null })))), load(sysexec(com.leekwars.generator.FightFunctions.getCellY, load(sysexec(com.leekwars.generator.FightFunctions.getCell, 1)))), load(sysexec(com.leekwars.generator.FightFunctions.getCellY, 1)), load(sysexec(com.leekwars.generator.FightFunctions.getCellY, 17)), load(sysexec(com.leekwars.generator.FightFunctions.getCellY, -1)), load(sysexec(com.leekwars.generator.FightFunctions.getNearestEnemy)), load(sysexec(com.leekwars.generator.FightFunctions.getFarestEnemy)), load(sysexec(com.leekwars.generator.FightFunctions.getTurn)), load(sysexec(LeekFunctions.string, load(sysexec(com.leekwars.generator.FightFunctions.getAliveEnemies)))), load(sysexec(com.leekwars.generator.FightFunctions.getAliveEnemiesCount)), load(sysexec(LeekFunctions.string, load(sysexec(com.leekwars.generator.FightFunctions.getDeadEnemies)))), load(sysexec(com.leekwars.generator.FightFunctions.getDeadEnemiesCount)), load(sysexec(LeekFunctions.string, load(sysexec(com.leekwars.generator.FightFunctions.getEnemies)))), load(sysexec(LeekFunctions.string, load(sysexec(com.leekwars.generator.FightFunctions.getAllies)))), load(sysexec(com.leekwars.generator.FightFunctions.getEnemiesCount)), load(sysexec(com.leekwars.generator.FightFunctions.getNearestAlly)), load(sysexec(com.leekwars.generator.FightFunctions.getFarestAlly)), load(sysexec(com.leekwars.generator.FightFunctions.getFarestAlly)), load(sysexec(LeekFunctions.string, load(sysexec(com.leekwars.generator.FightFunctions.getAliveAllies)))), load(sysexec(LeekFunctions.string, load(sysexec(com.leekwars.generator.FightFunctions.getDeadAllies)))), load(sysexec(com.leekwars.generator.FightFunctions.getAlliesCount)) }, false), 7);
                                                                                                                                                                                                                                                                                                                                                                                                                                                                                                                                                                                                                                                                                                                                                                                                                                                                                                                                                                                                                                                                                                                                                                                                                                                                                                                                                                                        ^
AI_7.java:12: error: package com.leekwars.generator does not exist
return ops(new ArrayLeekValue(AI_7.this, new Object[] { load(sysexec(com.leekwars.generator.FightFunctions.getDistance, 164, 200)), load(sysexec(com.leekwars.generator.FightFunctions.getDistance, 17, 595)), load(sysexec(com.leekwars.generator.FightFunctions.getCellDistance, 164, 200)), load(sysexec(com.leekwars.generator.FightFunctions.getCellDistance, 17, 595)), load(sysexec(com.leekwars.generator.FightFunctions.getLeekOnCell, load(sysexec(com.leekwars.generator.FightFunctions.getCell, new Object[] { null })))), load(sysexec(com.leekwars.generator.FightFunctions.getLeekOnCell, load(sysexec(com.leekwars.generator.FightFunctions.getCell, 1)))), load(sysexec(com.leekwars.generator.FightFunctions.getLeekOnCell, 1)), load(sysexec(com.leekwars.generator.FightFunctions.getLeekOnCell, -1)), load(sysexec(com.leekwars.generator.FightFunctions.getCellContent, load(sysexec(com.leekwars.generator.FightFunctions.getCell, new Object[] { null })))), load(sysexec(com.leekwars.generator.FightFunctions.getCellContent, load(sysexec(com.leekwars.generator.FightFunctions.getCell, 1)))), load(sysexec(com.leekwars.generator.FightFunctions.getCellContent, 1)), load(sysexec(com.leekwars.generator.FightFunctions.getCellContent, 17)), load(sysexec(com.leekwars.generator.FightFunctions.getCellContent, -1)), load(sysexec(com.leekwars.generator.FightFunctions.isEmptyCell, load(sysexec(com.leekwars.generator.FightFunctions.getCell, new Object[] { null })))), load(sysexec(com.leekwars.generator.FightFunctions.isEmptyCell, load(sysexec(com.leekwars.generator.FightFunctions.getCell, 1)))), load(sysexec(com.leekwars.generator.FightFunctions.isEmptyCell, 1)), load(sysexec(com.leekwars.generator.FightFunctions.isEmptyCell, 17)), load(sysexec(com.leekwars.generator.FightFunctions.isEmptyCell, -1)), load(sysexec(com.leekwars.generator.FightFunctions.isObstacle, load(sysexec(com.leekwars.generator.FightFunctions.getCell, new Object[] { null })))), load(sysexec(com.leekwars.generator.FightFunctions.isObstacle, load(sysexec(com.leekwars.generator.FightFunctions.getCell, 1)))), load(sysexec(com.leekwars.generator.FightFunctions.isObstacle, 1)), load(sysexec(com.leekwars.generator.FightFunctions.isObstacle, 17)), load(sysexec(com.leekwars.generator.FightFunctions.isObstacle, -1)), load(sysexec(com.leekwars.generator.FightFunctions.isLeek, load(sysexec(com.leekwars.generator.FightFunctions.getCell, new Object[] { null })))), load(sysexec(com.leekwars.generator.FightFunctions.isLeek, load(sysexec(com.leekwars.generator.FightFunctions.getCell, 1)))), load(sysexec(com.leekwars.generator.FightFunctions.isLeek, 1)), load(sysexec(com.leekwars.generator.FightFunctions.isLeek, 17)), load(sysexec(com.leekwars.generator.FightFunctions.isLeek, -1)), load(sysexec(com.leekwars.generator.FightFunctions.getCellX, load(sysexec(com.leekwars.generator.FightFunctions.getCell, new Object[] { null })))), load(sysexec(com.leekwars.generator.FightFunctions.getCellX, load(sysexec(com.leekwars.generator.FightFunctions.getCell, 1)))), load(sysexec(com.leekwars.generator.FightFunctions.getCellX, 1)), load(sysexec(com.leekwars.generator.FightFunctions.getCellX, 17)), load(sysexec(com.leekwars.generator.FightFunctions.getCellX, -1)), load(sysexec(com.leekwars.generator.FightFunctions.getCellY, load(sysexec(com.leekwars.generator.FightFunctions.getCell, new Object[] { null })))), load(sysexec(com.leekwars.generator.FightFunctions.getCellY, load(sysexec(com.leekwars.generator.FightFunctions.getCell, 1)))), load(sysexec(com.leekwars.generator.FightFunctions.getCellY, 1)), load(sysexec(com.leekwars.generator.FightFunctions.getCellY, 17)), load(sysexec(com.leekwars.generator.FightFunctions.getCellY, -1)), load(sysexec(com.leekwars.generator.FightFunctions.getNearestEnemy)), load(sysexec(com.leekwars.generator.FightFunctions.getFarestEnemy)), load(sysexec(com.leekwars.generator.FightFunctions.getTurn)), load(sysexec(LeekFunctions.string, load(sysexec(com.leekwars.generator.FightFunctions.getAliveEnemies)))), load(sysexec(com.leekwars.generator.FightFunctions.getAliveEnemiesCount)), load(sysexec(LeekFunctions.string, load(sysexec(com.leekwars.generator.FightFunctions.getDeadEnemies)))), load(sysexec(com.leekwars.generator.FightFunctions.getDeadEnemiesCount)), load(sysexec(LeekFunctions.string, load(sysexec(com.leekwars.generator.FightFunctions.getEnemies)))), load(sysexec(LeekFunctions.string, load(sysexec(com.leekwars.generator.FightFunctions.getAllies)))), load(sysexec(com.leekwars.generator.FightFunctions.getEnemiesCount)), load(sysexec(com.leekwars.generator.FightFunctions.getNearestAlly)), load(sysexec(com.leekwars.generator.FightFunctions.getFarestAlly)), load(sysexec(com.leekwars.generator.FightFunctions.getFarestAlly)), load(sysexec(LeekFunctions.string, load(sysexec(com.leekwars.generator.FightFunctions.getAliveAllies)))), load(sysexec(LeekFunctions.string, load(sysexec(com.leekwars.generator.FightFunctions.getDeadAllies)))), load(sysexec(com.leekwars.generator.FightFunctions.getAlliesCount)) }, false), 7);
                                                                                                                                                                                                                                                                                                                                                                                                                                                                                                                                                                                                                                                                                                                                                                                                                                                                                                                                                                                                                                                                                                                                                                                                                                                                                                                                                                                                                                                        ^
AI_7.java:12: error: package com.leekwars.generator does not exist
return ops(new ArrayLeekValue(AI_7.this, new Object[] { load(sysexec(com.leekwars.generator.FightFunctions.getDistance, 164, 200)), load(sysexec(com.leekwars.generator.FightFunctions.getDistance, 17, 595)), load(sysexec(com.leekwars.generator.FightFunctions.getCellDistance, 164, 200)), load(sysexec(com.leekwars.generator.FightFunctions.getCellDistance, 17, 595)), load(sysexec(com.leekwars.generator.FightFunctions.getLeekOnCell, load(sysexec(com.leekwars.generator.FightFunctions.getCell, new Object[] { null })))), load(sysexec(com.leekwars.generator.FightFunctions.getLeekOnCell, load(sysexec(com.leekwars.generator.FightFunctions.getCell, 1)))), load(sysexec(com.leekwars.generator.FightFunctions.getLeekOnCell, 1)), load(sysexec(com.leekwars.generator.FightFunctions.getLeekOnCell, -1)), load(sysexec(com.leekwars.generator.FightFunctions.getCellContent, load(sysexec(com.leekwars.generator.FightFunctions.getCell, new Object[] { null })))), load(sysexec(com.leekwars.generator.FightFunctions.getCellContent, load(sysexec(com.leekwars.generator.FightFunctions.getCell, 1)))), load(sysexec(com.leekwars.generator.FightFunctions.getCellContent, 1)), load(sysexec(com.leekwars.generator.FightFunctions.getCellContent, 17)), load(sysexec(com.leekwars.generator.FightFunctions.getCellContent, -1)), load(sysexec(com.leekwars.generator.FightFunctions.isEmptyCell, load(sysexec(com.leekwars.generator.FightFunctions.getCell, new Object[] { null })))), load(sysexec(com.leekwars.generator.FightFunctions.isEmptyCell, load(sysexec(com.leekwars.generator.FightFunctions.getCell, 1)))), load(sysexec(com.leekwars.generator.FightFunctions.isEmptyCell, 1)), load(sysexec(com.leekwars.generator.FightFunctions.isEmptyCell, 17)), load(sysexec(com.leekwars.generator.FightFunctions.isEmptyCell, -1)), load(sysexec(com.leekwars.generator.FightFunctions.isObstacle, load(sysexec(com.leekwars.generator.FightFunctions.getCell, new Object[] { null })))), load(sysexec(com.leekwars.generator.FightFunctions.isObstacle, load(sysexec(com.leekwars.generator.FightFunctions.getCell, 1)))), load(sysexec(com.leekwars.generator.FightFunctions.isObstacle, 1)), load(sysexec(com.leekwars.generator.FightFunctions.isObstacle, 17)), load(sysexec(com.leekwars.generator.FightFunctions.isObstacle, -1)), load(sysexec(com.leekwars.generator.FightFunctions.isLeek, load(sysexec(com.leekwars.generator.FightFunctions.getCell, new Object[] { null })))), load(sysexec(com.leekwars.generator.FightFunctions.isLeek, load(sysexec(com.leekwars.generator.FightFunctions.getCell, 1)))), load(sysexec(com.leekwars.generator.FightFunctions.isLeek, 1)), load(sysexec(com.leekwars.generator.FightFunctions.isLeek, 17)), load(sysexec(com.leekwars.generator.FightFunctions.isLeek, -1)), load(sysexec(com.leekwars.generator.FightFunctions.getCellX, load(sysexec(com.leekwars.generator.FightFunctions.getCell, new Object[] { null })))), load(sysexec(com.leekwars.generator.FightFunctions.getCellX, load(sysexec(com.leekwars.generator.FightFunctions.getCell, 1)))), load(sysexec(com.leekwars.generator.FightFunctions.getCellX, 1)), load(sysexec(com.leekwars.generator.FightFunctions.getCellX, 17)), load(sysexec(com.leekwars.generator.FightFunctions.getCellX, -1)), load(sysexec(com.leekwars.generator.FightFunctions.getCellY, load(sysexec(com.leekwars.generator.FightFunctions.getCell, new Object[] { null })))), load(sysexec(com.leekwars.generator.FightFunctions.getCellY, load(sysexec(com.leekwars.generator.FightFunctions.getCell, 1)))), load(sysexec(com.leekwars.generator.FightFunctions.getCellY, 1)), load(sysexec(com.leekwars.generator.FightFunctions.getCellY, 17)), load(sysexec(com.leekwars.generator.FightFunctions.getCellY, -1)), load(sysexec(com.leekwars.generator.FightFunctions.getNearestEnemy)), load(sysexec(com.leekwars.generator.FightFunctions.getFarestEnemy)), load(sysexec(com.leekwars.generator.FightFunctions.getTurn)), load(sysexec(LeekFunctions.string, load(sysexec(com.leekwars.generator.FightFunctions.getAliveEnemies)))), load(sysexec(com.leekwars.generator.FightFunctions.getAliveEnemiesCount)), load(sysexec(LeekFunctions.string, load(sysexec(com.leekwars.generator.FightFunctions.getDeadEnemies)))), load(sysexec(com.leekwars.generator.FightFunctions.getDeadEnemiesCount)), load(sysexec(LeekFunctions.string, load(sysexec(com.leekwars.generator.FightFunctions.getEnemies)))), load(sysexec(LeekFunctions.string, load(sysexec(com.leekwars.generator.FightFunctions.getAllies)))), load(sysexec(com.leekwars.generator.FightFunctions.getEnemiesCount)), load(sysexec(com.leekwars.generator.FightFunctions.getNearestAlly)), load(sysexec(com.leekwars.generator.FightFunctions.getFarestAlly)), load(sysexec(com.leekwars.generator.FightFunctions.getFarestAlly)), load(sysexec(LeekFunctions.string, load(sysexec(com.leekwars.generator.FightFunctions.getAliveAllies)))), load(sysexec(LeekFunctions.string, load(sysexec(com.leekwars.generator.FightFunctions.getDeadAllies)))), load(sysexec(com.leekwars.generator.FightFunctions.getAlliesCount)) }, false), 7);
                                                                                                                                                                                                                                                                                                                                                                                                                                                                                                                                                                                                                                                                                                                                                                                                                                                                                                                                                                                                                                                                                                                                                                                                                                                                                                                                                                                                                                                                                                                                               ^
AI_7.java:12: error: package com.leekwars.generator does not exist
return ops(new ArrayLeekValue(AI_7.this, new Object[] { load(sysexec(com.leekwars.generator.FightFunctions.getDistance, 164, 200)), load(sysexec(com.leekwars.generator.FightFunctions.getDistance, 17, 595)), load(sysexec(com.leekwars.generator.FightFunctions.getCellDistance, 164, 200)), load(sysexec(com.leekwars.generator.FightFunctions.getCellDistance, 17, 595)), load(sysexec(com.leekwars.generator.FightFunctions.getLeekOnCell, load(sysexec(com.leekwars.generator.FightFunctions.getCell, new Object[] { null })))), load(sysexec(com.leekwars.generator.FightFunctions.getLeekOnCell, load(sysexec(com.leekwars.generator.FightFunctions.getCell, 1)))), load(sysexec(com.leekwars.generator.FightFunctions.getLeekOnCell, 1)), load(sysexec(com.leekwars.generator.FightFunctions.getLeekOnCell, -1)), load(sysexec(com.leekwars.generator.FightFunctions.getCellContent, load(sysexec(com.leekwars.generator.FightFunctions.getCell, new Object[] { null })))), load(sysexec(com.leekwars.generator.FightFunctions.getCellContent, load(sysexec(com.leekwars.generator.FightFunctions.getCell, 1)))), load(sysexec(com.leekwars.generator.FightFunctions.getCellContent, 1)), load(sysexec(com.leekwars.generator.FightFunctions.getCellContent, 17)), load(sysexec(com.leekwars.generator.FightFunctions.getCellContent, -1)), load(sysexec(com.leekwars.generator.FightFunctions.isEmptyCell, load(sysexec(com.leekwars.generator.FightFunctions.getCell, new Object[] { null })))), load(sysexec(com.leekwars.generator.FightFunctions.isEmptyCell, load(sysexec(com.leekwars.generator.FightFunctions.getCell, 1)))), load(sysexec(com.leekwars.generator.FightFunctions.isEmptyCell, 1)), load(sysexec(com.leekwars.generator.FightFunctions.isEmptyCell, 17)), load(sysexec(com.leekwars.generator.FightFunctions.isEmptyCell, -1)), load(sysexec(com.leekwars.generator.FightFunctions.isObstacle, load(sysexec(com.leekwars.generator.FightFunctions.getCell, new Object[] { null })))), load(sysexec(com.leekwars.generator.FightFunctions.isObstacle, load(sysexec(com.leekwars.generator.FightFunctions.getCell, 1)))), load(sysexec(com.leekwars.generator.FightFunctions.isObstacle, 1)), load(sysexec(com.leekwars.generator.FightFunctions.isObstacle, 17)), load(sysexec(com.leekwars.generator.FightFunctions.isObstacle, -1)), load(sysexec(com.leekwars.generator.FightFunctions.isLeek, load(sysexec(com.leekwars.generator.FightFunctions.getCell, new Object[] { null })))), load(sysexec(com.leekwars.generator.FightFunctions.isLeek, load(sysexec(com.leekwars.generator.FightFunctions.getCell, 1)))), load(sysexec(com.leekwars.generator.FightFunctions.isLeek, 1)), load(sysexec(com.leekwars.generator.FightFunctions.isLeek, 17)), load(sysexec(com.leekwars.generator.FightFunctions.isLeek, -1)), load(sysexec(com.leekwars.generator.FightFunctions.getCellX, load(sysexec(com.leekwars.generator.FightFunctions.getCell, new Object[] { null })))), load(sysexec(com.leekwars.generator.FightFunctions.getCellX, load(sysexec(com.leekwars.generator.FightFunctions.getCell, 1)))), load(sysexec(com.leekwars.generator.FightFunctions.getCellX, 1)), load(sysexec(com.leekwars.generator.FightFunctions.getCellX, 17)), load(sysexec(com.leekwars.generator.FightFunctions.getCellX, -1)), load(sysexec(com.leekwars.generator.FightFunctions.getCellY, load(sysexec(com.leekwars.generator.FightFunctions.getCell, new Object[] { null })))), load(sysexec(com.leekwars.generator.FightFunctions.getCellY, load(sysexec(com.leekwars.generator.FightFunctions.getCell, 1)))), load(sysexec(com.leekwars.generator.FightFunctions.getCellY, 1)), load(sysexec(com.leekwars.generator.FightFunctions.getCellY, 17)), load(sysexec(com.leekwars.generator.FightFunctions.getCellY, -1)), load(sysexec(com.leekwars.generator.FightFunctions.getNearestEnemy)), load(sysexec(com.leekwars.generator.FightFunctions.getFarestEnemy)), load(sysexec(com.leekwars.generator.FightFunctions.getTurn)), load(sysexec(LeekFunctions.string, load(sysexec(com.leekwars.generator.FightFunctions.getAliveEnemies)))), load(sysexec(com.leekwars.generator.FightFunctions.getAliveEnemiesCount)), load(sysexec(LeekFunctions.string, load(sysexec(com.leekwars.generator.FightFunctions.getDeadEnemies)))), load(sysexec(com.leekwars.generator.FightFunctions.getDeadEnemiesCount)), load(sysexec(LeekFunctions.string, load(sysexec(com.leekwars.generator.FightFunctions.getEnemies)))), load(sysexec(LeekFunctions.string, load(sysexec(com.leekwars.generator.FightFunctions.getAllies)))), load(sysexec(com.leekwars.generator.FightFunctions.getEnemiesCount)), load(sysexec(com.leekwars.generator.FightFunctions.getNearestAlly)), load(sysexec(com.leekwars.generator.FightFunctions.getFarestAlly)), load(sysexec(com.leekwars.generator.FightFunctions.getFarestAlly)), load(sysexec(LeekFunctions.string, load(sysexec(com.leekwars.generator.FightFunctions.getAliveAllies)))), load(sysexec(LeekFunctions.string, load(sysexec(com.leekwars.generator.FightFunctions.getDeadAllies)))), load(sysexec(com.leekwars.generator.FightFunctions.getAlliesCount)) }, false), 7);
                                                                                                                                                                                                                                                                                                                                                                                                                                                                                                                                                                                                                                                                                                                                                                                                                                                                                                                                                                                                                                                                                                                                                                                                                                                                                                                                                                                                                                                                                                                                                                                                               ^
AI_7.java:12: error: package com.leekwars.generator does not exist
return ops(new ArrayLeekValue(AI_7.this, new Object[] { load(sysexec(com.leekwars.generator.FightFunctions.getDistance, 164, 200)), load(sysexec(com.leekwars.generator.FightFunctions.getDistance, 17, 595)), load(sysexec(com.leekwars.generator.FightFunctions.getCellDistance, 164, 200)), load(sysexec(com.leekwars.generator.FightFunctions.getCellDistance, 17, 595)), load(sysexec(com.leekwars.generator.FightFunctions.getLeekOnCell, load(sysexec(com.leekwars.generator.FightFunctions.getCell, new Object[] { null })))), load(sysexec(com.leekwars.generator.FightFunctions.getLeekOnCell, load(sysexec(com.leekwars.generator.FightFunctions.getCell, 1)))), load(sysexec(com.leekwars.generator.FightFunctions.getLeekOnCell, 1)), load(sysexec(com.leekwars.generator.FightFunctions.getLeekOnCell, -1)), load(sysexec(com.leekwars.generator.FightFunctions.getCellContent, load(sysexec(com.leekwars.generator.FightFunctions.getCell, new Object[] { null })))), load(sysexec(com.leekwars.generator.FightFunctions.getCellContent, load(sysexec(com.leekwars.generator.FightFunctions.getCell, 1)))), load(sysexec(com.leekwars.generator.FightFunctions.getCellContent, 1)), load(sysexec(com.leekwars.generator.FightFunctions.getCellContent, 17)), load(sysexec(com.leekwars.generator.FightFunctions.getCellContent, -1)), load(sysexec(com.leekwars.generator.FightFunctions.isEmptyCell, load(sysexec(com.leekwars.generator.FightFunctions.getCell, new Object[] { null })))), load(sysexec(com.leekwars.generator.FightFunctions.isEmptyCell, load(sysexec(com.leekwars.generator.FightFunctions.getCell, 1)))), load(sysexec(com.leekwars.generator.FightFunctions.isEmptyCell, 1)), load(sysexec(com.leekwars.generator.FightFunctions.isEmptyCell, 17)), load(sysexec(com.leekwars.generator.FightFunctions.isEmptyCell, -1)), load(sysexec(com.leekwars.generator.FightFunctions.isObstacle, load(sysexec(com.leekwars.generator.FightFunctions.getCell, new Object[] { null })))), load(sysexec(com.leekwars.generator.FightFunctions.isObstacle, load(sysexec(com.leekwars.generator.FightFunctions.getCell, 1)))), load(sysexec(com.leekwars.generator.FightFunctions.isObstacle, 1)), load(sysexec(com.leekwars.generator.FightFunctions.isObstacle, 17)), load(sysexec(com.leekwars.generator.FightFunctions.isObstacle, -1)), load(sysexec(com.leekwars.generator.FightFunctions.isLeek, load(sysexec(com.leekwars.generator.FightFunctions.getCell, new Object[] { null })))), load(sysexec(com.leekwars.generator.FightFunctions.isLeek, load(sysexec(com.leekwars.generator.FightFunctions.getCell, 1)))), load(sysexec(com.leekwars.generator.FightFunctions.isLeek, 1)), load(sysexec(com.leekwars.generator.FightFunctions.isLeek, 17)), load(sysexec(com.leekwars.generator.FightFunctions.isLeek, -1)), load(sysexec(com.leekwars.generator.FightFunctions.getCellX, load(sysexec(com.leekwars.generator.FightFunctions.getCell, new Object[] { null })))), load(sysexec(com.leekwars.generator.FightFunctions.getCellX, load(sysexec(com.leekwars.generator.FightFunctions.getCell, 1)))), load(sysexec(com.leekwars.generator.FightFunctions.getCellX, 1)), load(sysexec(com.leekwars.generator.FightFunctions.getCellX, 17)), load(sysexec(com.leekwars.generator.FightFunctions.getCellX, -1)), load(sysexec(com.leekwars.generator.FightFunctions.getCellY, load(sysexec(com.leekwars.generator.FightFunctions.getCell, new Object[] { null })))), load(sysexec(com.leekwars.generator.FightFunctions.getCellY, load(sysexec(com.leekwars.generator.FightFunctions.getCell, 1)))), load(sysexec(com.leekwars.generator.FightFunctions.getCellY, 1)), load(sysexec(com.leekwars.generator.FightFunctions.getCellY, 17)), load(sysexec(com.leekwars.generator.FightFunctions.getCellY, -1)), load(sysexec(com.leekwars.generator.FightFunctions.getNearestEnemy)), load(sysexec(com.leekwars.generator.FightFunctions.getFarestEnemy)), load(sysexec(com.leekwars.generator.FightFunctions.getTurn)), load(sysexec(LeekFunctions.string, load(sysexec(com.leekwars.generator.FightFunctions.getAliveEnemies)))), load(sysexec(com.leekwars.generator.FightFunctions.getAliveEnemiesCount)), load(sysexec(LeekFunctions.string, load(sysexec(com.leekwars.generator.FightFunctions.getDeadEnemies)))), load(sysexec(com.leekwars.generator.FightFunctions.getDeadEnemiesCount)), load(sysexec(LeekFunctions.string, load(sysexec(com.leekwars.generator.FightFunctions.getEnemies)))), load(sysexec(LeekFunctions.string, load(sysexec(com.leekwars.generator.FightFunctions.getAllies)))), load(sysexec(com.leekwars.generator.FightFunctions.getEnemiesCount)), load(sysexec(com.leekwars.generator.FightFunctions.getNearestAlly)), load(sysexec(com.leekwars.generator.FightFunctions.getFarestAlly)), load(sysexec(com.leekwars.generator.FightFunctions.getFarestAlly)), load(sysexec(LeekFunctions.string, load(sysexec(com.leekwars.generator.FightFunctions.getAliveAllies)))), load(sysexec(LeekFunctions.string, load(sysexec(com.leekwars.generator.FightFunctions.getDeadAllies)))), load(sysexec(com.leekwars.generator.FightFunctions.getAlliesCount)) }, false), 7);
                                                                                                                                                                                                                                                                                                                                                                                                                                                                                                                                                                                                                                                                                                                                                                                                                                                                                                                                                                                                                                                                                                                                                                                                                                                                                                                                                                                                                                                                                                                                                                                                                                                                                  ^
AI_7.java:12: error: package com.leekwars.generator does not exist
return ops(new ArrayLeekValue(AI_7.this, new Object[] { load(sysexec(com.leekwars.generator.FightFunctions.getDistance, 164, 200)), load(sysexec(com.leekwars.generator.FightFunctions.getDistance, 17, 595)), load(sysexec(com.leekwars.generator.FightFunctions.getCellDistance, 164, 200)), load(sysexec(com.leekwars.generator.FightFunctions.getCellDistance, 17, 595)), load(sysexec(com.leekwars.generator.FightFunctions.getLeekOnCell, load(sysexec(com.leekwars.generator.FightFunctions.getCell, new Object[] { null })))), load(sysexec(com.leekwars.generator.FightFunctions.getLeekOnCell, load(sysexec(com.leekwars.generator.FightFunctions.getCell, 1)))), load(sysexec(com.leekwars.generator.FightFunctions.getLeekOnCell, 1)), load(sysexec(com.leekwars.generator.FightFunctions.getLeekOnCell, -1)), load(sysexec(com.leekwars.generator.FightFunctions.getCellContent, load(sysexec(com.leekwars.generator.FightFunctions.getCell, new Object[] { null })))), load(sysexec(com.leekwars.generator.FightFunctions.getCellContent, load(sysexec(com.leekwars.generator.FightFunctions.getCell, 1)))), load(sysexec(com.leekwars.generator.FightFunctions.getCellContent, 1)), load(sysexec(com.leekwars.generator.FightFunctions.getCellContent, 17)), load(sysexec(com.leekwars.generator.FightFunctions.getCellContent, -1)), load(sysexec(com.leekwars.generator.FightFunctions.isEmptyCell, load(sysexec(com.leekwars.generator.FightFunctions.getCell, new Object[] { null })))), load(sysexec(com.leekwars.generator.FightFunctions.isEmptyCell, load(sysexec(com.leekwars.generator.FightFunctions.getCell, 1)))), load(sysexec(com.leekwars.generator.FightFunctions.isEmptyCell, 1)), load(sysexec(com.leekwars.generator.FightFunctions.isEmptyCell, 17)), load(sysexec(com.leekwars.generator.FightFunctions.isEmptyCell, -1)), load(sysexec(com.leekwars.generator.FightFunctions.isObstacle, load(sysexec(com.leekwars.generator.FightFunctions.getCell, new Object[] { null })))), load(sysexec(com.leekwars.generator.FightFunctions.isObstacle, load(sysexec(com.leekwars.generator.FightFunctions.getCell, 1)))), load(sysexec(com.leekwars.generator.FightFunctions.isObstacle, 1)), load(sysexec(com.leekwars.generator.FightFunctions.isObstacle, 17)), load(sysexec(com.leekwars.generator.FightFunctions.isObstacle, -1)), load(sysexec(com.leekwars.generator.FightFunctions.isLeek, load(sysexec(com.leekwars.generator.FightFunctions.getCell, new Object[] { null })))), load(sysexec(com.leekwars.generator.FightFunctions.isLeek, load(sysexec(com.leekwars.generator.FightFunctions.getCell, 1)))), load(sysexec(com.leekwars.generator.FightFunctions.isLeek, 1)), load(sysexec(com.leekwars.generator.FightFunctions.isLeek, 17)), load(sysexec(com.leekwars.generator.FightFunctions.isLeek, -1)), load(sysexec(com.leekwars.generator.FightFunctions.getCellX, load(sysexec(com.leekwars.generator.FightFunctions.getCell, new Object[] { null })))), load(sysexec(com.leekwars.generator.FightFunctions.getCellX, load(sysexec(com.leekwars.generator.FightFunctions.getCell, 1)))), load(sysexec(com.leekwars.generator.FightFunctions.getCellX, 1)), load(sysexec(com.leekwars.generator.FightFunctions.getCellX, 17)), load(sysexec(com.leekwars.generator.FightFunctions.getCellX, -1)), load(sysexec(com.leekwars.generator.FightFunctions.getCellY, load(sysexec(com.leekwars.generator.FightFunctions.getCell, new Object[] { null })))), load(sysexec(com.leekwars.generator.FightFunctions.getCellY, load(sysexec(com.leekwars.generator.FightFunctions.getCell, 1)))), load(sysexec(com.leekwars.generator.FightFunctions.getCellY, 1)), load(sysexec(com.leekwars.generator.FightFunctions.getCellY, 17)), load(sysexec(com.leekwars.generator.FightFunctions.getCellY, -1)), load(sysexec(com.leekwars.generator.FightFunctions.getNearestEnemy)), load(sysexec(com.leekwars.generator.FightFunctions.getFarestEnemy)), load(sysexec(com.leekwars.generator.FightFunctions.getTurn)), load(sysexec(LeekFunctions.string, load(sysexec(com.leekwars.generator.FightFunctions.getAliveEnemies)))), load(sysexec(com.leekwars.generator.FightFunctions.getAliveEnemiesCount)), load(sysexec(LeekFunctions.string, load(sysexec(com.leekwars.generator.FightFunctions.getDeadEnemies)))), load(sysexec(com.leekwars.generator.FightFunctions.getDeadEnemiesCount)), load(sysexec(LeekFunctions.string, load(sysexec(com.leekwars.generator.FightFunctions.getEnemies)))), load(sysexec(LeekFunctions.string, load(sysexec(com.leekwars.generator.FightFunctions.getAllies)))), load(sysexec(com.leekwars.generator.FightFunctions.getEnemiesCount)), load(sysexec(com.leekwars.generator.FightFunctions.getNearestAlly)), load(sysexec(com.leekwars.generator.FightFunctions.getFarestAlly)), load(sysexec(com.leekwars.generator.FightFunctions.getFarestAlly)), load(sysexec(LeekFunctions.string, load(sysexec(com.leekwars.generator.FightFunctions.getAliveAllies)))), load(sysexec(LeekFunctions.string, load(sysexec(com.leekwars.generator.FightFunctions.getDeadAllies)))), load(sysexec(com.leekwars.generator.FightFunctions.getAlliesCount)) }, false), 7);
                                                                                                                                                                                                                                                                                                                                                                                                                                                                                                                                                                                                                                                                                                                                                                                                                                                                                                                                                                                                                                                                                                                                                                                                                                                                                                                                                                                                                                                                                                                                                                                                                                                                                                                                                       ^
AI_7.java:12: error: package com.leekwars.generator does not exist
return ops(new ArrayLeekValue(AI_7.this, new Object[] { load(sysexec(com.leekwars.generator.FightFunctions.getDistance, 164, 200)), load(sysexec(com.leekwars.generator.FightFunctions.getDistance, 17, 595)), load(sysexec(com.leekwars.generator.FightFunctions.getCellDistance, 164, 200)), load(sysexec(com.leekwars.generator.FightFunctions.getCellDistance, 17, 595)), load(sysexec(com.leekwars.generator.FightFunctions.getLeekOnCell, load(sysexec(com.leekwars.generator.FightFunctions.getCell, new Object[] { null })))), load(sysexec(com.leekwars.generator.FightFunctions.getLeekOnCell, load(sysexec(com.leekwars.generator.FightFunctions.getCell, 1)))), load(sysexec(com.leekwars.generator.FightFunctions.getLeekOnCell, 1)), load(sysexec(com.leekwars.generator.FightFunctions.getLeekOnCell, -1)), load(sysexec(com.leekwars.generator.FightFunctions.getCellContent, load(sysexec(com.leekwars.generator.FightFunctions.getCell, new Object[] { null })))), load(sysexec(com.leekwars.generator.FightFunctions.getCellContent, load(sysexec(com.leekwars.generator.FightFunctions.getCell, 1)))), load(sysexec(com.leekwars.generator.FightFunctions.getCellContent, 1)), load(sysexec(com.leekwars.generator.FightFunctions.getCellContent, 17)), load(sysexec(com.leekwars.generator.FightFunctions.getCellContent, -1)), load(sysexec(com.leekwars.generator.FightFunctions.isEmptyCell, load(sysexec(com.leekwars.generator.FightFunctions.getCell, new Object[] { null })))), load(sysexec(com.leekwars.generator.FightFunctions.isEmptyCell, load(sysexec(com.leekwars.generator.FightFunctions.getCell, 1)))), load(sysexec(com.leekwars.generator.FightFunctions.isEmptyCell, 1)), load(sysexec(com.leekwars.generator.FightFunctions.isEmptyCell, 17)), load(sysexec(com.leekwars.generator.FightFunctions.isEmptyCell, -1)), load(sysexec(com.leekwars.generator.FightFunctions.isObstacle, load(sysexec(com.leekwars.generator.FightFunctions.getCell, new Object[] { null })))), load(sysexec(com.leekwars.generator.FightFunctions.isObstacle, load(sysexec(com.leekwars.generator.FightFunctions.getCell, 1)))), load(sysexec(com.leekwars.generator.FightFunctions.isObstacle, 1)), load(sysexec(com.leekwars.generator.FightFunctions.isObstacle, 17)), load(sysexec(com.leekwars.generator.FightFunctions.isObstacle, -1)), load(sysexec(com.leekwars.generator.FightFunctions.isLeek, load(sysexec(com.leekwars.generator.FightFunctions.getCell, new Object[] { null })))), load(sysexec(com.leekwars.generator.FightFunctions.isLeek, load(sysexec(com.leekwars.generator.FightFunctions.getCell, 1)))), load(sysexec(com.leekwars.generator.FightFunctions.isLeek, 1)), load(sysexec(com.leekwars.generator.FightFunctions.isLeek, 17)), load(sysexec(com.leekwars.generator.FightFunctions.isLeek, -1)), load(sysexec(com.leekwars.generator.FightFunctions.getCellX, load(sysexec(com.leekwars.generator.FightFunctions.getCell, new Object[] { null })))), load(sysexec(com.leekwars.generator.FightFunctions.getCellX, load(sysexec(com.leekwars.generator.FightFunctions.getCell, 1)))), load(sysexec(com.leekwars.generator.FightFunctions.getCellX, 1)), load(sysexec(com.leekwars.generator.FightFunctions.getCellX, 17)), load(sysexec(com.leekwars.generator.FightFunctions.getCellX, -1)), load(sysexec(com.leekwars.generator.FightFunctions.getCellY, load(sysexec(com.leekwars.generator.FightFunctions.getCell, new Object[] { null })))), load(sysexec(com.leekwars.generator.FightFunctions.getCellY, load(sysexec(com.leekwars.generator.FightFunctions.getCell, 1)))), load(sysexec(com.leekwars.generator.FightFunctions.getCellY, 1)), load(sysexec(com.leekwars.generator.FightFunctions.getCellY, 17)), load(sysexec(com.leekwars.generator.FightFunctions.getCellY, -1)), load(sysexec(com.leekwars.generator.FightFunctions.getNearestEnemy)), load(sysexec(com.leekwars.generator.FightFunctions.getFarestEnemy)), load(sysexec(com.leekwars.generator.FightFunctions.getTurn)), load(sysexec(LeekFunctions.string, load(sysexec(com.leekwars.generator.FightFunctions.getAliveEnemies)))), load(sysexec(com.leekwars.generator.FightFunctions.getAliveEnemiesCount)), load(sysexec(LeekFunctions.string, load(sysexec(com.leekwars.generator.FightFunctions.getDeadEnemies)))), load(sysexec(com.leekwars.generator.FightFunctions.getDeadEnemiesCount)), load(sysexec(LeekFunctions.string, load(sysexec(com.leekwars.generator.FightFunctions.getEnemies)))), load(sysexec(LeekFunctions.string, load(sysexec(com.leekwars.generator.FightFunctions.getAllies)))), load(sysexec(com.leekwars.generator.FightFunctions.getEnemiesCount)), load(sysexec(com.leekwars.generator.FightFunctions.getNearestAlly)), load(sysexec(com.leekwars.generator.FightFunctions.getFarestAlly)), load(sysexec(com.leekwars.generator.FightFunctions.getFarestAlly)), load(sysexec(LeekFunctions.string, load(sysexec(com.leekwars.generator.FightFunctions.getAliveAllies)))), load(sysexec(LeekFunctions.string, load(sysexec(com.leekwars.generator.FightFunctions.getDeadAllies)))), load(sysexec(com.leekwars.generator.FightFunctions.getAlliesCount)) }, false), 7);
                                                                                                                                                                                                                                                                                                                                                                                                                                                                                                                                                                                                                                                                                                                                                                                                                                                                                                                                                                                                                                                                                                                                                                                                                                                                                                                                                                                                                                                                                                                                                                                                                                                                                                                                                                                                                             ^
AI_7.java:12: error: package com.leekwars.generator does not exist
return ops(new ArrayLeekValue(AI_7.this, new Object[] { load(sysexec(com.leekwars.generator.FightFunctions.getDistance, 164, 200)), load(sysexec(com.leekwars.generator.FightFunctions.getDistance, 17, 595)), load(sysexec(com.leekwars.generator.FightFunctions.getCellDistance, 164, 200)), load(sysexec(com.leekwars.generator.FightFunctions.getCellDistance, 17, 595)), load(sysexec(com.leekwars.generator.FightFunctions.getLeekOnCell, load(sysexec(com.leekwars.generator.FightFunctions.getCell, new Object[] { null })))), load(sysexec(com.leekwars.generator.FightFunctions.getLeekOnCell, load(sysexec(com.leekwars.generator.FightFunctions.getCell, 1)))), load(sysexec(com.leekwars.generator.FightFunctions.getLeekOnCell, 1)), load(sysexec(com.leekwars.generator.FightFunctions.getLeekOnCell, -1)), load(sysexec(com.leekwars.generator.FightFunctions.getCellContent, load(sysexec(com.leekwars.generator.FightFunctions.getCell, new Object[] { null })))), load(sysexec(com.leekwars.generator.FightFunctions.getCellContent, load(sysexec(com.leekwars.generator.FightFunctions.getCell, 1)))), load(sysexec(com.leekwars.generator.FightFunctions.getCellContent, 1)), load(sysexec(com.leekwars.generator.FightFunctions.getCellContent, 17)), load(sysexec(com.leekwars.generator.FightFunctions.getCellContent, -1)), load(sysexec(com.leekwars.generator.FightFunctions.isEmptyCell, load(sysexec(com.leekwars.generator.FightFunctions.getCell, new Object[] { null })))), load(sysexec(com.leekwars.generator.FightFunctions.isEmptyCell, load(sysexec(com.leekwars.generator.FightFunctions.getCell, 1)))), load(sysexec(com.leekwars.generator.FightFunctions.isEmptyCell, 1)), load(sysexec(com.leekwars.generator.FightFunctions.isEmptyCell, 17)), load(sysexec(com.leekwars.generator.FightFunctions.isEmptyCell, -1)), load(sysexec(com.leekwars.generator.FightFunctions.isObstacle, load(sysexec(com.leekwars.generator.FightFunctions.getCell, new Object[] { null })))), load(sysexec(com.leekwars.generator.FightFunctions.isObstacle, load(sysexec(com.leekwars.generator.FightFunctions.getCell, 1)))), load(sysexec(com.leekwars.generator.FightFunctions.isObstacle, 1)), load(sysexec(com.leekwars.generator.FightFunctions.isObstacle, 17)), load(sysexec(com.leekwars.generator.FightFunctions.isObstacle, -1)), load(sysexec(com.leekwars.generator.FightFunctions.isLeek, load(sysexec(com.leekwars.generator.FightFunctions.getCell, new Object[] { null })))), load(sysexec(com.leekwars.generator.FightFunctions.isLeek, load(sysexec(com.leekwars.generator.FightFunctions.getCell, 1)))), load(sysexec(com.leekwars.generator.FightFunctions.isLeek, 1)), load(sysexec(com.leekwars.generator.FightFunctions.isLeek, 17)), load(sysexec(com.leekwars.generator.FightFunctions.isLeek, -1)), load(sysexec(com.leekwars.generator.FightFunctions.getCellX, load(sysexec(com.leekwars.generator.FightFunctions.getCell, new Object[] { null })))), load(sysexec(com.leekwars.generator.FightFunctions.getCellX, load(sysexec(com.leekwars.generator.FightFunctions.getCell, 1)))), load(sysexec(com.leekwars.generator.FightFunctions.getCellX, 1)), load(sysexec(com.leekwars.generator.FightFunctions.getCellX, 17)), load(sysexec(com.leekwars.generator.FightFunctions.getCellX, -1)), load(sysexec(com.leekwars.generator.FightFunctions.getCellY, load(sysexec(com.leekwars.generator.FightFunctions.getCell, new Object[] { null })))), load(sysexec(com.leekwars.generator.FightFunctions.getCellY, load(sysexec(com.leekwars.generator.FightFunctions.getCell, 1)))), load(sysexec(com.leekwars.generator.FightFunctions.getCellY, 1)), load(sysexec(com.leekwars.generator.FightFunctions.getCellY, 17)), load(sysexec(com.leekwars.generator.FightFunctions.getCellY, -1)), load(sysexec(com.leekwars.generator.FightFunctions.getNearestEnemy)), load(sysexec(com.leekwars.generator.FightFunctions.getFarestEnemy)), load(sysexec(com.leekwars.generator.FightFunctions.getTurn)), load(sysexec(LeekFunctions.string, load(sysexec(com.leekwars.generator.FightFunctions.getAliveEnemies)))), load(sysexec(com.leekwars.generator.FightFunctions.getAliveEnemiesCount)), load(sysexec(LeekFunctions.string, load(sysexec(com.leekwars.generator.FightFunctions.getDeadEnemies)))), load(sysexec(com.leekwars.generator.FightFunctions.getDeadEnemiesCount)), load(sysexec(LeekFunctions.string, load(sysexec(com.leekwars.generator.FightFunctions.getEnemies)))), load(sysexec(LeekFunctions.string, load(sysexec(com.leekwars.generator.FightFunctions.getAllies)))), load(sysexec(com.leekwars.generator.FightFunctions.getEnemiesCount)), load(sysexec(com.leekwars.generator.FightFunctions.getNearestAlly)), load(sysexec(com.leekwars.generator.FightFunctions.getFarestAlly)), load(sysexec(com.leekwars.generator.FightFunctions.getFarestAlly)), load(sysexec(LeekFunctions.string, load(sysexec(com.leekwars.generator.FightFunctions.getAliveAllies)))), load(sysexec(LeekFunctions.string, load(sysexec(com.leekwars.generator.FightFunctions.getDeadAllies)))), load(sysexec(com.leekwars.generator.FightFunctions.getAlliesCount)) }, false), 7);
                                                                                                                                                                                                                                                                                                                                                                                                                                                                                                                                                                                                                                                                                                                                                                                                                                                                                                                                                                                                                                                                                                                                                                                                                                                                                                                                                                                                                                                                                                                                                                                                                                                                                                                                                                                                                                                                                                   ^
AI_7.java:12: error: package com.leekwars.generator does not exist
return ops(new ArrayLeekValue(AI_7.this, new Object[] { load(sysexec(com.leekwars.generator.FightFunctions.getDistance, 164, 200)), load(sysexec(com.leekwars.generator.FightFunctions.getDistance, 17, 595)), load(sysexec(com.leekwars.generator.FightFunctions.getCellDistance, 164, 200)), load(sysexec(com.leekwars.generator.FightFunctions.getCellDistance, 17, 595)), load(sysexec(com.leekwars.generator.FightFunctions.getLeekOnCell, load(sysexec(com.leekwars.generator.FightFunctions.getCell, new Object[] { null })))), load(sysexec(com.leekwars.generator.FightFunctions.getLeekOnCell, load(sysexec(com.leekwars.generator.FightFunctions.getCell, 1)))), load(sysexec(com.leekwars.generator.FightFunctions.getLeekOnCell, 1)), load(sysexec(com.leekwars.generator.FightFunctions.getLeekOnCell, -1)), load(sysexec(com.leekwars.generator.FightFunctions.getCellContent, load(sysexec(com.leekwars.generator.FightFunctions.getCell, new Object[] { null })))), load(sysexec(com.leekwars.generator.FightFunctions.getCellContent, load(sysexec(com.leekwars.generator.FightFunctions.getCell, 1)))), load(sysexec(com.leekwars.generator.FightFunctions.getCellContent, 1)), load(sysexec(com.leekwars.generator.FightFunctions.getCellContent, 17)), load(sysexec(com.leekwars.generator.FightFunctions.getCellContent, -1)), load(sysexec(com.leekwars.generator.FightFunctions.isEmptyCell, load(sysexec(com.leekwars.generator.FightFunctions.getCell, new Object[] { null })))), load(sysexec(com.leekwars.generator.FightFunctions.isEmptyCell, load(sysexec(com.leekwars.generator.FightFunctions.getCell, 1)))), load(sysexec(com.leekwars.generator.FightFunctions.isEmptyCell, 1)), load(sysexec(com.leekwars.generator.FightFunctions.isEmptyCell, 17)), load(sysexec(com.leekwars.generator.FightFunctions.isEmptyCell, -1)), load(sysexec(com.leekwars.generator.FightFunctions.isObstacle, load(sysexec(com.leekwars.generator.FightFunctions.getCell, new Object[] { null })))), load(sysexec(com.leekwars.generator.FightFunctions.isObstacle, load(sysexec(com.leekwars.generator.FightFunctions.getCell, 1)))), load(sysexec(com.leekwars.generator.FightFunctions.isObstacle, 1)), load(sysexec(com.leekwars.generator.FightFunctions.isObstacle, 17)), load(sysexec(com.leekwars.generator.FightFunctions.isObstacle, -1)), load(sysexec(com.leekwars.generator.FightFunctions.isLeek, load(sysexec(com.leekwars.generator.FightFunctions.getCell, new Object[] { null })))), load(sysexec(com.leekwars.generator.FightFunctions.isLeek, load(sysexec(com.leekwars.generator.FightFunctions.getCell, 1)))), load(sysexec(com.leekwars.generator.FightFunctions.isLeek, 1)), load(sysexec(com.leekwars.generator.FightFunctions.isLeek, 17)), load(sysexec(com.leekwars.generator.FightFunctions.isLeek, -1)), load(sysexec(com.leekwars.generator.FightFunctions.getCellX, load(sysexec(com.leekwars.generator.FightFunctions.getCell, new Object[] { null })))), load(sysexec(com.leekwars.generator.FightFunctions.getCellX, load(sysexec(com.leekwars.generator.FightFunctions.getCell, 1)))), load(sysexec(com.leekwars.generator.FightFunctions.getCellX, 1)), load(sysexec(com.leekwars.generator.FightFunctions.getCellX, 17)), load(sysexec(com.leekwars.generator.FightFunctions.getCellX, -1)), load(sysexec(com.leekwars.generator.FightFunctions.getCellY, load(sysexec(com.leekwars.generator.FightFunctions.getCell, new Object[] { null })))), load(sysexec(com.leekwars.generator.FightFunctions.getCellY, load(sysexec(com.leekwars.generator.FightFunctions.getCell, 1)))), load(sysexec(com.leekwars.generator.FightFunctions.getCellY, 1)), load(sysexec(com.leekwars.generator.FightFunctions.getCellY, 17)), load(sysexec(com.leekwars.generator.FightFunctions.getCellY, -1)), load(sysexec(com.leekwars.generator.FightFunctions.getNearestEnemy)), load(sysexec(com.leekwars.generator.FightFunctions.getFarestEnemy)), load(sysexec(com.leekwars.generator.FightFunctions.getTurn)), load(sysexec(LeekFunctions.string, load(sysexec(com.leekwars.generator.FightFunctions.getAliveEnemies)))), load(sysexec(com.leekwars.generator.FightFunctions.getAliveEnemiesCount)), load(sysexec(LeekFunctions.string, load(sysexec(com.leekwars.generator.FightFunctions.getDeadEnemies)))), load(sysexec(com.leekwars.generator.FightFunctions.getDeadEnemiesCount)), load(sysexec(LeekFunctions.string, load(sysexec(com.leekwars.generator.FightFunctions.getEnemies)))), load(sysexec(LeekFunctions.string, load(sysexec(com.leekwars.generator.FightFunctions.getAllies)))), load(sysexec(com.leekwars.generator.FightFunctions.getEnemiesCount)), load(sysexec(com.leekwars.generator.FightFunctions.getNearestAlly)), load(sysexec(com.leekwars.generator.FightFunctions.getFarestAlly)), load(sysexec(com.leekwars.generator.FightFunctions.getFarestAlly)), load(sysexec(LeekFunctions.string, load(sysexec(com.leekwars.generator.FightFunctions.getAliveAllies)))), load(sysexec(LeekFunctions.string, load(sysexec(com.leekwars.generator.FightFunctions.getDeadAllies)))), load(sysexec(com.leekwars.generator.FightFunctions.getAlliesCount)) }, false), 7);
                                                                                                                                                                                                                                                                                                                                                                                                                                                                                                                                                                                                                                                                                                                                                                                                                                                                                                                                                                                                                                                                                                                                                                                                                                                                                                                                                                                                                                                                                                                                                                                                                                                                                                                                                                                                                                                                                                                                                                  ^
AI_7.java:12: error: package com.leekwars.generator does not exist
return ops(new ArrayLeekValue(AI_7.this, new Object[] { load(sysexec(com.leekwars.generator.FightFunctions.getDistance, 164, 200)), load(sysexec(com.leekwars.generator.FightFunctions.getDistance, 17, 595)), load(sysexec(com.leekwars.generator.FightFunctions.getCellDistance, 164, 200)), load(sysexec(com.leekwars.generator.FightFunctions.getCellDistance, 17, 595)), load(sysexec(com.leekwars.generator.FightFunctions.getLeekOnCell, load(sysexec(com.leekwars.generator.FightFunctions.getCell, new Object[] { null })))), load(sysexec(com.leekwars.generator.FightFunctions.getLeekOnCell, load(sysexec(com.leekwars.generator.FightFunctions.getCell, 1)))), load(sysexec(com.leekwars.generator.FightFunctions.getLeekOnCell, 1)), load(sysexec(com.leekwars.generator.FightFunctions.getLeekOnCell, -1)), load(sysexec(com.leekwars.generator.FightFunctions.getCellContent, load(sysexec(com.leekwars.generator.FightFunctions.getCell, new Object[] { null })))), load(sysexec(com.leekwars.generator.FightFunctions.getCellContent, load(sysexec(com.leekwars.generator.FightFunctions.getCell, 1)))), load(sysexec(com.leekwars.generator.FightFunctions.getCellContent, 1)), load(sysexec(com.leekwars.generator.FightFunctions.getCellContent, 17)), load(sysexec(com.leekwars.generator.FightFunctions.getCellContent, -1)), load(sysexec(com.leekwars.generator.FightFunctions.isEmptyCell, load(sysexec(com.leekwars.generator.FightFunctions.getCell, new Object[] { null })))), load(sysexec(com.leekwars.generator.FightFunctions.isEmptyCell, load(sysexec(com.leekwars.generator.FightFunctions.getCell, 1)))), load(sysexec(com.leekwars.generator.FightFunctions.isEmptyCell, 1)), load(sysexec(com.leekwars.generator.FightFunctions.isEmptyCell, 17)), load(sysexec(com.leekwars.generator.FightFunctions.isEmptyCell, -1)), load(sysexec(com.leekwars.generator.FightFunctions.isObstacle, load(sysexec(com.leekwars.generator.FightFunctions.getCell, new Object[] { null })))), load(sysexec(com.leekwars.generator.FightFunctions.isObstacle, load(sysexec(com.leekwars.generator.FightFunctions.getCell, 1)))), load(sysexec(com.leekwars.generator.FightFunctions.isObstacle, 1)), load(sysexec(com.leekwars.generator.FightFunctions.isObstacle, 17)), load(sysexec(com.leekwars.generator.FightFunctions.isObstacle, -1)), load(sysexec(com.leekwars.generator.FightFunctions.isLeek, load(sysexec(com.leekwars.generator.FightFunctions.getCell, new Object[] { null })))), load(sysexec(com.leekwars.generator.FightFunctions.isLeek, load(sysexec(com.leekwars.generator.FightFunctions.getCell, 1)))), load(sysexec(com.leekwars.generator.FightFunctions.isLeek, 1)), load(sysexec(com.leekwars.generator.FightFunctions.isLeek, 17)), load(sysexec(com.leekwars.generator.FightFunctions.isLeek, -1)), load(sysexec(com.leekwars.generator.FightFunctions.getCellX, load(sysexec(com.leekwars.generator.FightFunctions.getCell, new Object[] { null })))), load(sysexec(com.leekwars.generator.FightFunctions.getCellX, load(sysexec(com.leekwars.generator.FightFunctions.getCell, 1)))), load(sysexec(com.leekwars.generator.FightFunctions.getCellX, 1)), load(sysexec(com.leekwars.generator.FightFunctions.getCellX, 17)), load(sysexec(com.leekwars.generator.FightFunctions.getCellX, -1)), load(sysexec(com.leekwars.generator.FightFunctions.getCellY, load(sysexec(com.leekwars.generator.FightFunctions.getCell, new Object[] { null })))), load(sysexec(com.leekwars.generator.FightFunctions.getCellY, load(sysexec(com.leekwars.generator.FightFunctions.getCell, 1)))), load(sysexec(com.leekwars.generator.FightFunctions.getCellY, 1)), load(sysexec(com.leekwars.generator.FightFunctions.getCellY, 17)), load(sysexec(com.leekwars.generator.FightFunctions.getCellY, -1)), load(sysexec(com.leekwars.generator.FightFunctions.getNearestEnemy)), load(sysexec(com.leekwars.generator.FightFunctions.getFarestEnemy)), load(sysexec(com.leekwars.generator.FightFunctions.getTurn)), load(sysexec(LeekFunctions.string, load(sysexec(com.leekwars.generator.FightFunctions.getAliveEnemies)))), load(sysexec(com.leekwars.generator.FightFunctions.getAliveEnemiesCount)), load(sysexec(LeekFunctions.string, load(sysexec(com.leekwars.generator.FightFunctions.getDeadEnemies)))), load(sysexec(com.leekwars.generator.FightFunctions.getDeadEnemiesCount)), load(sysexec(LeekFunctions.string, load(sysexec(com.leekwars.generator.FightFunctions.getEnemies)))), load(sysexec(LeekFunctions.string, load(sysexec(com.leekwars.generator.FightFunctions.getAllies)))), load(sysexec(com.leekwars.generator.FightFunctions.getEnemiesCount)), load(sysexec(com.leekwars.generator.FightFunctions.getNearestAlly)), load(sysexec(com.leekwars.generator.FightFunctions.getFarestAlly)), load(sysexec(com.leekwars.generator.FightFunctions.getFarestAlly)), load(sysexec(LeekFunctions.string, load(sysexec(com.leekwars.generator.FightFunctions.getAliveAllies)))), load(sysexec(LeekFunctions.string, load(sysexec(com.leekwars.generator.FightFunctions.getDeadAllies)))), load(sysexec(com.leekwars.generator.FightFunctions.getAlliesCount)) }, false), 7);
                                                                                                                                                                                                                                                                                                                                                                                                                                                                                                                                                                                                                                                                                                                                                                                                                                                                                                                                                                                                                                                                                                                                                                                                                                                                                                                                                                                                                                                                                                                                                                                                                                                                                                                                                                                                                                                                                                                                                                                                                                                         ^
AI_7.java:12: error: package com.leekwars.generator does not exist
return ops(new ArrayLeekValue(AI_7.this, new Object[] { load(sysexec(com.leekwars.generator.FightFunctions.getDistance, 164, 200)), load(sysexec(com.leekwars.generator.FightFunctions.getDistance, 17, 595)), load(sysexec(com.leekwars.generator.FightFunctions.getCellDistance, 164, 200)), load(sysexec(com.leekwars.generator.FightFunctions.getCellDistance, 17, 595)), load(sysexec(com.leekwars.generator.FightFunctions.getLeekOnCell, load(sysexec(com.leekwars.generator.FightFunctions.getCell, new Object[] { null })))), load(sysexec(com.leekwars.generator.FightFunctions.getLeekOnCell, load(sysexec(com.leekwars.generator.FightFunctions.getCell, 1)))), load(sysexec(com.leekwars.generator.FightFunctions.getLeekOnCell, 1)), load(sysexec(com.leekwars.generator.FightFunctions.getLeekOnCell, -1)), load(sysexec(com.leekwars.generator.FightFunctions.getCellContent, load(sysexec(com.leekwars.generator.FightFunctions.getCell, new Object[] { null })))), load(sysexec(com.leekwars.generator.FightFunctions.getCellContent, load(sysexec(com.leekwars.generator.FightFunctions.getCell, 1)))), load(sysexec(com.leekwars.generator.FightFunctions.getCellContent, 1)), load(sysexec(com.leekwars.generator.FightFunctions.getCellContent, 17)), load(sysexec(com.leekwars.generator.FightFunctions.getCellContent, -1)), load(sysexec(com.leekwars.generator.FightFunctions.isEmptyCell, load(sysexec(com.leekwars.generator.FightFunctions.getCell, new Object[] { null })))), load(sysexec(com.leekwars.generator.FightFunctions.isEmptyCell, load(sysexec(com.leekwars.generator.FightFunctions.getCell, 1)))), load(sysexec(com.leekwars.generator.FightFunctions.isEmptyCell, 1)), load(sysexec(com.leekwars.generator.FightFunctions.isEmptyCell, 17)), load(sysexec(com.leekwars.generator.FightFunctions.isEmptyCell, -1)), load(sysexec(com.leekwars.generator.FightFunctions.isObstacle, load(sysexec(com.leekwars.generator.FightFunctions.getCell, new Object[] { null })))), load(sysexec(com.leekwars.generator.FightFunctions.isObstacle, load(sysexec(com.leekwars.generator.FightFunctions.getCell, 1)))), load(sysexec(com.leekwars.generator.FightFunctions.isObstacle, 1)), load(sysexec(com.leekwars.generator.FightFunctions.isObstacle, 17)), load(sysexec(com.leekwars.generator.FightFunctions.isObstacle, -1)), load(sysexec(com.leekwars.generator.FightFunctions.isLeek, load(sysexec(com.leekwars.generator.FightFunctions.getCell, new Object[] { null })))), load(sysexec(com.leekwars.generator.FightFunctions.isLeek, load(sysexec(com.leekwars.generator.FightFunctions.getCell, 1)))), load(sysexec(com.leekwars.generator.FightFunctions.isLeek, 1)), load(sysexec(com.leekwars.generator.FightFunctions.isLeek, 17)), load(sysexec(com.leekwars.generator.FightFunctions.isLeek, -1)), load(sysexec(com.leekwars.generator.FightFunctions.getCellX, load(sysexec(com.leekwars.generator.FightFunctions.getCell, new Object[] { null })))), load(sysexec(com.leekwars.generator.FightFunctions.getCellX, load(sysexec(com.leekwars.generator.FightFunctions.getCell, 1)))), load(sysexec(com.leekwars.generator.FightFunctions.getCellX, 1)), load(sysexec(com.leekwars.generator.FightFunctions.getCellX, 17)), load(sysexec(com.leekwars.generator.FightFunctions.getCellX, -1)), load(sysexec(com.leekwars.generator.FightFunctions.getCellY, load(sysexec(com.leekwars.generator.FightFunctions.getCell, new Object[] { null })))), load(sysexec(com.leekwars.generator.FightFunctions.getCellY, load(sysexec(com.leekwars.generator.FightFunctions.getCell, 1)))), load(sysexec(com.leekwars.generator.FightFunctions.getCellY, 1)), load(sysexec(com.leekwars.generator.FightFunctions.getCellY, 17)), load(sysexec(com.leekwars.generator.FightFunctions.getCellY, -1)), load(sysexec(com.leekwars.generator.FightFunctions.getNearestEnemy)), load(sysexec(com.leekwars.generator.FightFunctions.getFarestEnemy)), load(sysexec(com.leekwars.generator.FightFunctions.getTurn)), load(sysexec(LeekFunctions.string, load(sysexec(com.leekwars.generator.FightFunctions.getAliveEnemies)))), load(sysexec(com.leekwars.generator.FightFunctions.getAliveEnemiesCount)), load(sysexec(LeekFunctions.string, load(sysexec(com.leekwars.generator.FightFunctions.getDeadEnemies)))), load(sysexec(com.leekwars.generator.FightFunctions.getDeadEnemiesCount)), load(sysexec(LeekFunctions.string, load(sysexec(com.leekwars.generator.FightFunctions.getEnemies)))), load(sysexec(LeekFunctions.string, load(sysexec(com.leekwars.generator.FightFunctions.getAllies)))), load(sysexec(com.leekwars.generator.FightFunctions.getEnemiesCount)), load(sysexec(com.leekwars.generator.FightFunctions.getNearestAlly)), load(sysexec(com.leekwars.generator.FightFunctions.getFarestAlly)), load(sysexec(com.leekwars.generator.FightFunctions.getFarestAlly)), load(sysexec(LeekFunctions.string, load(sysexec(com.leekwars.generator.FightFunctions.getAliveAllies)))), load(sysexec(LeekFunctions.string, load(sysexec(com.leekwars.generator.FightFunctions.getDeadAllies)))), load(sysexec(com.leekwars.generator.FightFunctions.getAlliesCount)) }, false), 7);
                                                                                                                                                                                                                                                                                                                                                                                                                                                                                                                                                                                                                                                                                                                                                                                                                                                                                                                                                                                                                                                                                                                                                                                                                                                                                                                                                                                                                                                                                                                                                                                                                                                                                                                                                                                                                                                                                                                                                                                                                                                                                                                        ^
AI_7.java:12: error: package com.leekwars.generator does not exist
return ops(new ArrayLeekValue(AI_7.this, new Object[] { load(sysexec(com.leekwars.generator.FightFunctions.getDistance, 164, 200)), load(sysexec(com.leekwars.generator.FightFunctions.getDistance, 17, 595)), load(sysexec(com.leekwars.generator.FightFunctions.getCellDistance, 164, 200)), load(sysexec(com.leekwars.generator.FightFunctions.getCellDistance, 17, 595)), load(sysexec(com.leekwars.generator.FightFunctions.getLeekOnCell, load(sysexec(com.leekwars.generator.FightFunctions.getCell, new Object[] { null })))), load(sysexec(com.leekwars.generator.FightFunctions.getLeekOnCell, load(sysexec(com.leekwars.generator.FightFunctions.getCell, 1)))), load(sysexec(com.leekwars.generator.FightFunctions.getLeekOnCell, 1)), load(sysexec(com.leekwars.generator.FightFunctions.getLeekOnCell, -1)), load(sysexec(com.leekwars.generator.FightFunctions.getCellContent, load(sysexec(com.leekwars.generator.FightFunctions.getCell, new Object[] { null })))), load(sysexec(com.leekwars.generator.FightFunctions.getCellContent, load(sysexec(com.leekwars.generator.FightFunctions.getCell, 1)))), load(sysexec(com.leekwars.generator.FightFunctions.getCellContent, 1)), load(sysexec(com.leekwars.generator.FightFunctions.getCellContent, 17)), load(sysexec(com.leekwars.generator.FightFunctions.getCellContent, -1)), load(sysexec(com.leekwars.generator.FightFunctions.isEmptyCell, load(sysexec(com.leekwars.generator.FightFunctions.getCell, new Object[] { null })))), load(sysexec(com.leekwars.generator.FightFunctions.isEmptyCell, load(sysexec(com.leekwars.generator.FightFunctions.getCell, 1)))), load(sysexec(com.leekwars.generator.FightFunctions.isEmptyCell, 1)), load(sysexec(com.leekwars.generator.FightFunctions.isEmptyCell, 17)), load(sysexec(com.leekwars.generator.FightFunctions.isEmptyCell, -1)), load(sysexec(com.leekwars.generator.FightFunctions.isObstacle, load(sysexec(com.leekwars.generator.FightFunctions.getCell, new Object[] { null })))), load(sysexec(com.leekwars.generator.FightFunctions.isObstacle, load(sysexec(com.leekwars.generator.FightFunctions.getCell, 1)))), load(sysexec(com.leekwars.generator.FightFunctions.isObstacle, 1)), load(sysexec(com.leekwars.generator.FightFunctions.isObstacle, 17)), load(sysexec(com.leekwars.generator.FightFunctions.isObstacle, -1)), load(sysexec(com.leekwars.generator.FightFunctions.isLeek, load(sysexec(com.leekwars.generator.FightFunctions.getCell, new Object[] { null })))), load(sysexec(com.leekwars.generator.FightFunctions.isLeek, load(sysexec(com.leekwars.generator.FightFunctions.getCell, 1)))), load(sysexec(com.leekwars.generator.FightFunctions.isLeek, 1)), load(sysexec(com.leekwars.generator.FightFunctions.isLeek, 17)), load(sysexec(com.leekwars.generator.FightFunctions.isLeek, -1)), load(sysexec(com.leekwars.generator.FightFunctions.getCellX, load(sysexec(com.leekwars.generator.FightFunctions.getCell, new Object[] { null })))), load(sysexec(com.leekwars.generator.FightFunctions.getCellX, load(sysexec(com.leekwars.generator.FightFunctions.getCell, 1)))), load(sysexec(com.leekwars.generator.FightFunctions.getCellX, 1)), load(sysexec(com.leekwars.generator.FightFunctions.getCellX, 17)), load(sysexec(com.leekwars.generator.FightFunctions.getCellX, -1)), load(sysexec(com.leekwars.generator.FightFunctions.getCellY, load(sysexec(com.leekwars.generator.FightFunctions.getCell, new Object[] { null })))), load(sysexec(com.leekwars.generator.FightFunctions.getCellY, load(sysexec(com.leekwars.generator.FightFunctions.getCell, 1)))), load(sysexec(com.leekwars.generator.FightFunctions.getCellY, 1)), load(sysexec(com.leekwars.generator.FightFunctions.getCellY, 17)), load(sysexec(com.leekwars.generator.FightFunctions.getCellY, -1)), load(sysexec(com.leekwars.generator.FightFunctions.getNearestEnemy)), load(sysexec(com.leekwars.generator.FightFunctions.getFarestEnemy)), load(sysexec(com.leekwars.generator.FightFunctions.getTurn)), load(sysexec(LeekFunctions.string, load(sysexec(com.leekwars.generator.FightFunctions.getAliveEnemies)))), load(sysexec(com.leekwars.generator.FightFunctions.getAliveEnemiesCount)), load(sysexec(LeekFunctions.string, load(sysexec(com.leekwars.generator.FightFunctions.getDeadEnemies)))), load(sysexec(com.leekwars.generator.FightFunctions.getDeadEnemiesCount)), load(sysexec(LeekFunctions.string, load(sysexec(com.leekwars.generator.FightFunctions.getEnemies)))), load(sysexec(LeekFunctions.string, load(sysexec(com.leekwars.generator.FightFunctions.getAllies)))), load(sysexec(com.leekwars.generator.FightFunctions.getEnemiesCount)), load(sysexec(com.leekwars.generator.FightFunctions.getNearestAlly)), load(sysexec(com.leekwars.generator.FightFunctions.getFarestAlly)), load(sysexec(com.leekwars.generator.FightFunctions.getFarestAlly)), load(sysexec(LeekFunctions.string, load(sysexec(com.leekwars.generator.FightFunctions.getAliveAllies)))), load(sysexec(LeekFunctions.string, load(sysexec(com.leekwars.generator.FightFunctions.getDeadAllies)))), load(sysexec(com.leekwars.generator.FightFunctions.getAlliesCount)) }, false), 7);
                                                                                                                                                                                                                                                                                                                                                                                                                                                                                                                                                                                                                                                                                                                                                                                                                                                                                                                                                                                                                                                                                                                                                                                                                                                                                                                                                                                                                                                                                                                                                                                                                                                                                                                                                                                                                                                                                                                                                                                                                                                                                                                                                                                           ^
AI_7.java:12: error: package com.leekwars.generator does not exist
return ops(new ArrayLeekValue(AI_7.this, new Object[] { load(sysexec(com.leekwars.generator.FightFunctions.getDistance, 164, 200)), load(sysexec(com.leekwars.generator.FightFunctions.getDistance, 17, 595)), load(sysexec(com.leekwars.generator.FightFunctions.getCellDistance, 164, 200)), load(sysexec(com.leekwars.generator.FightFunctions.getCellDistance, 17, 595)), load(sysexec(com.leekwars.generator.FightFunctions.getLeekOnCell, load(sysexec(com.leekwars.generator.FightFunctions.getCell, new Object[] { null })))), load(sysexec(com.leekwars.generator.FightFunctions.getLeekOnCell, load(sysexec(com.leekwars.generator.FightFunctions.getCell, 1)))), load(sysexec(com.leekwars.generator.FightFunctions.getLeekOnCell, 1)), load(sysexec(com.leekwars.generator.FightFunctions.getLeekOnCell, -1)), load(sysexec(com.leekwars.generator.FightFunctions.getCellContent, load(sysexec(com.leekwars.generator.FightFunctions.getCell, new Object[] { null })))), load(sysexec(com.leekwars.generator.FightFunctions.getCellContent, load(sysexec(com.leekwars.generator.FightFunctions.getCell, 1)))), load(sysexec(com.leekwars.generator.FightFunctions.getCellContent, 1)), load(sysexec(com.leekwars.generator.FightFunctions.getCellContent, 17)), load(sysexec(com.leekwars.generator.FightFunctions.getCellContent, -1)), load(sysexec(com.leekwars.generator.FightFunctions.isEmptyCell, load(sysexec(com.leekwars.generator.FightFunctions.getCell, new Object[] { null })))), load(sysexec(com.leekwars.generator.FightFunctions.isEmptyCell, load(sysexec(com.leekwars.generator.FightFunctions.getCell, 1)))), load(sysexec(com.leekwars.generator.FightFunctions.isEmptyCell, 1)), load(sysexec(com.leekwars.generator.FightFunctions.isEmptyCell, 17)), load(sysexec(com.leekwars.generator.FightFunctions.isEmptyCell, -1)), load(sysexec(com.leekwars.generator.FightFunctions.isObstacle, load(sysexec(com.leekwars.generator.FightFunctions.getCell, new Object[] { null })))), load(sysexec(com.leekwars.generator.FightFunctions.isObstacle, load(sysexec(com.leekwars.generator.FightFunctions.getCell, 1)))), load(sysexec(com.leekwars.generator.FightFunctions.isObstacle, 1)), load(sysexec(com.leekwars.generator.FightFunctions.isObstacle, 17)), load(sysexec(com.leekwars.generator.FightFunctions.isObstacle, -1)), load(sysexec(com.leekwars.generator.FightFunctions.isLeek, load(sysexec(com.leekwars.generator.FightFunctions.getCell, new Object[] { null })))), load(sysexec(com.leekwars.generator.FightFunctions.isLeek, load(sysexec(com.leekwars.generator.FightFunctions.getCell, 1)))), load(sysexec(com.leekwars.generator.FightFunctions.isLeek, 1)), load(sysexec(com.leekwars.generator.FightFunctions.isLeek, 17)), load(sysexec(com.leekwars.generator.FightFunctions.isLeek, -1)), load(sysexec(com.leekwars.generator.FightFunctions.getCellX, load(sysexec(com.leekwars.generator.FightFunctions.getCell, new Object[] { null })))), load(sysexec(com.leekwars.generator.FightFunctions.getCellX, load(sysexec(com.leekwars.generator.FightFunctions.getCell, 1)))), load(sysexec(com.leekwars.generator.FightFunctions.getCellX, 1)), load(sysexec(com.leekwars.generator.FightFunctions.getCellX, 17)), load(sysexec(com.leekwars.generator.FightFunctions.getCellX, -1)), load(sysexec(com.leekwars.generator.FightFunctions.getCellY, load(sysexec(com.leekwars.generator.FightFunctions.getCell, new Object[] { null })))), load(sysexec(com.leekwars.generator.FightFunctions.getCellY, load(sysexec(com.leekwars.generator.FightFunctions.getCell, 1)))), load(sysexec(com.leekwars.generator.FightFunctions.getCellY, 1)), load(sysexec(com.leekwars.generator.FightFunctions.getCellY, 17)), load(sysexec(com.leekwars.generator.FightFunctions.getCellY, -1)), load(sysexec(com.leekwars.generator.FightFunctions.getNearestEnemy)), load(sysexec(com.leekwars.generator.FightFunctions.getFarestEnemy)), load(sysexec(com.leekwars.generator.FightFunctions.getTurn)), load(sysexec(LeekFunctions.string, load(sysexec(com.leekwars.generator.FightFunctions.getAliveEnemies)))), load(sysexec(com.leekwars.generator.FightFunctions.getAliveEnemiesCount)), load(sysexec(LeekFunctions.string, load(sysexec(com.leekwars.generator.FightFunctions.getDeadEnemies)))), load(sysexec(com.leekwars.generator.FightFunctions.getDeadEnemiesCount)), load(sysexec(LeekFunctions.string, load(sysexec(com.leekwars.generator.FightFunctions.getEnemies)))), load(sysexec(LeekFunctions.string, load(sysexec(com.leekwars.generator.FightFunctions.getAllies)))), load(sysexec(com.leekwars.generator.FightFunctions.getEnemiesCount)), load(sysexec(com.leekwars.generator.FightFunctions.getNearestAlly)), load(sysexec(com.leekwars.generator.FightFunctions.getFarestAlly)), load(sysexec(com.leekwars.generator.FightFunctions.getFarestAlly)), load(sysexec(LeekFunctions.string, load(sysexec(com.leekwars.generator.FightFunctions.getAliveAllies)))), load(sysexec(LeekFunctions.string, load(sysexec(com.leekwars.generator.FightFunctions.getDeadAllies)))), load(sysexec(com.leekwars.generator.FightFunctions.getAlliesCount)) }, false), 7);
                                                                                                                                                                                                                                                                                                                                                                                                                                                                                                                                                                                                                                                                                                                                                                                                                                                                                                                                                                                                                                                                                                                                                                                                                                                                                                                                                                                                                                                                                                                                                                                                                                                                                                                                                                                                                                                                                                                                                                                                                                                                                                                                                                                                                                                               ^
AI_7.java:12: error: package com.leekwars.generator does not exist
return ops(new ArrayLeekValue(AI_7.this, new Object[] { load(sysexec(com.leekwars.generator.FightFunctions.getDistance, 164, 200)), load(sysexec(com.leekwars.generator.FightFunctions.getDistance, 17, 595)), load(sysexec(com.leekwars.generator.FightFunctions.getCellDistance, 164, 200)), load(sysexec(com.leekwars.generator.FightFunctions.getCellDistance, 17, 595)), load(sysexec(com.leekwars.generator.FightFunctions.getLeekOnCell, load(sysexec(com.leekwars.generator.FightFunctions.getCell, new Object[] { null })))), load(sysexec(com.leekwars.generator.FightFunctions.getLeekOnCell, load(sysexec(com.leekwars.generator.FightFunctions.getCell, 1)))), load(sysexec(com.leekwars.generator.FightFunctions.getLeekOnCell, 1)), load(sysexec(com.leekwars.generator.FightFunctions.getLeekOnCell, -1)), load(sysexec(com.leekwars.generator.FightFunctions.getCellContent, load(sysexec(com.leekwars.generator.FightFunctions.getCell, new Object[] { null })))), load(sysexec(com.leekwars.generator.FightFunctions.getCellContent, load(sysexec(com.leekwars.generator.FightFunctions.getCell, 1)))), load(sysexec(com.leekwars.generator.FightFunctions.getCellContent, 1)), load(sysexec(com.leekwars.generator.FightFunctions.getCellContent, 17)), load(sysexec(com.leekwars.generator.FightFunctions.getCellContent, -1)), load(sysexec(com.leekwars.generator.FightFunctions.isEmptyCell, load(sysexec(com.leekwars.generator.FightFunctions.getCell, new Object[] { null })))), load(sysexec(com.leekwars.generator.FightFunctions.isEmptyCell, load(sysexec(com.leekwars.generator.FightFunctions.getCell, 1)))), load(sysexec(com.leekwars.generator.FightFunctions.isEmptyCell, 1)), load(sysexec(com.leekwars.generator.FightFunctions.isEmptyCell, 17)), load(sysexec(com.leekwars.generator.FightFunctions.isEmptyCell, -1)), load(sysexec(com.leekwars.generator.FightFunctions.isObstacle, load(sysexec(com.leekwars.generator.FightFunctions.getCell, new Object[] { null })))), load(sysexec(com.leekwars.generator.FightFunctions.isObstacle, load(sysexec(com.leekwars.generator.FightFunctions.getCell, 1)))), load(sysexec(com.leekwars.generator.FightFunctions.isObstacle, 1)), load(sysexec(com.leekwars.generator.FightFunctions.isObstacle, 17)), load(sysexec(com.leekwars.generator.FightFunctions.isObstacle, -1)), load(sysexec(com.leekwars.generator.FightFunctions.isLeek, load(sysexec(com.leekwars.generator.FightFunctions.getCell, new Object[] { null })))), load(sysexec(com.leekwars.generator.FightFunctions.isLeek, load(sysexec(com.leekwars.generator.FightFunctions.getCell, 1)))), load(sysexec(com.leekwars.generator.FightFunctions.isLeek, 1)), load(sysexec(com.leekwars.generator.FightFunctions.isLeek, 17)), load(sysexec(com.leekwars.generator.FightFunctions.isLeek, -1)), load(sysexec(com.leekwars.generator.FightFunctions.getCellX, load(sysexec(com.leekwars.generator.FightFunctions.getCell, new Object[] { null })))), load(sysexec(com.leekwars.generator.FightFunctions.getCellX, load(sysexec(com.leekwars.generator.FightFunctions.getCell, 1)))), load(sysexec(com.leekwars.generator.FightFunctions.getCellX, 1)), load(sysexec(com.leekwars.generator.FightFunctions.getCellX, 17)), load(sysexec(com.leekwars.generator.FightFunctions.getCellX, -1)), load(sysexec(com.leekwars.generator.FightFunctions.getCellY, load(sysexec(com.leekwars.generator.FightFunctions.getCell, new Object[] { null })))), load(sysexec(com.leekwars.generator.FightFunctions.getCellY, load(sysexec(com.leekwars.generator.FightFunctions.getCell, 1)))), load(sysexec(com.leekwars.generator.FightFunctions.getCellY, 1)), load(sysexec(com.leekwars.generator.FightFunctions.getCellY, 17)), load(sysexec(com.leekwars.generator.FightFunctions.getCellY, -1)), load(sysexec(com.leekwars.generator.FightFunctions.getNearestEnemy)), load(sysexec(com.leekwars.generator.FightFunctions.getFarestEnemy)), load(sysexec(com.leekwars.generator.FightFunctions.getTurn)), load(sysexec(LeekFunctions.string, load(sysexec(com.leekwars.generator.FightFunctions.getAliveEnemies)))), load(sysexec(com.leekwars.generator.FightFunctions.getAliveEnemiesCount)), load(sysexec(LeekFunctions.string, load(sysexec(com.leekwars.generator.FightFunctions.getDeadEnemies)))), load(sysexec(com.leekwars.generator.FightFunctions.getDeadEnemiesCount)), load(sysexec(LeekFunctions.string, load(sysexec(com.leekwars.generator.FightFunctions.getEnemies)))), load(sysexec(LeekFunctions.string, load(sysexec(com.leekwars.generator.FightFunctions.getAllies)))), load(sysexec(com.leekwars.generator.FightFunctions.getEnemiesCount)), load(sysexec(com.leekwars.generator.FightFunctions.getNearestAlly)), load(sysexec(com.leekwars.generator.FightFunctions.getFarestAlly)), load(sysexec(com.leekwars.generator.FightFunctions.getFarestAlly)), load(sysexec(LeekFunctions.string, load(sysexec(com.leekwars.generator.FightFunctions.getAliveAllies)))), load(sysexec(LeekFunctions.string, load(sysexec(com.leekwars.generator.FightFunctions.getDeadAllies)))), load(sysexec(com.leekwars.generator.FightFunctions.getAlliesCount)) }, false), 7);
                                                                                                                                                                                                                                                                                                                                                                                                                                                                                                                                                                                                                                                                                                                                                                                                                                                                                                                                                                                                                                                                                                                                                                                                                                                                                                                                                                                                                                                                                                                                                                                                                                                                                                                                                                                                                                                                                                                                                                                                                                                                                                                                                                                                                                                                                                                                    ^
AI_7.java:12: error: package com.leekwars.generator does not exist
return ops(new ArrayLeekValue(AI_7.this, new Object[] { load(sysexec(com.leekwars.generator.FightFunctions.getDistance, 164, 200)), load(sysexec(com.leekwars.generator.FightFunctions.getDistance, 17, 595)), load(sysexec(com.leekwars.generator.FightFunctions.getCellDistance, 164, 200)), load(sysexec(com.leekwars.generator.FightFunctions.getCellDistance, 17, 595)), load(sysexec(com.leekwars.generator.FightFunctions.getLeekOnCell, load(sysexec(com.leekwars.generator.FightFunctions.getCell, new Object[] { null })))), load(sysexec(com.leekwars.generator.FightFunctions.getLeekOnCell, load(sysexec(com.leekwars.generator.FightFunctions.getCell, 1)))), load(sysexec(com.leekwars.generator.FightFunctions.getLeekOnCell, 1)), load(sysexec(com.leekwars.generator.FightFunctions.getLeekOnCell, -1)), load(sysexec(com.leekwars.generator.FightFunctions.getCellContent, load(sysexec(com.leekwars.generator.FightFunctions.getCell, new Object[] { null })))), load(sysexec(com.leekwars.generator.FightFunctions.getCellContent, load(sysexec(com.leekwars.generator.FightFunctions.getCell, 1)))), load(sysexec(com.leekwars.generator.FightFunctions.getCellContent, 1)), load(sysexec(com.leekwars.generator.FightFunctions.getCellContent, 17)), load(sysexec(com.leekwars.generator.FightFunctions.getCellContent, -1)), load(sysexec(com.leekwars.generator.FightFunctions.isEmptyCell, load(sysexec(com.leekwars.generator.FightFunctions.getCell, new Object[] { null })))), load(sysexec(com.leekwars.generator.FightFunctions.isEmptyCell, load(sysexec(com.leekwars.generator.FightFunctions.getCell, 1)))), load(sysexec(com.leekwars.generator.FightFunctions.isEmptyCell, 1)), load(sysexec(com.leekwars.generator.FightFunctions.isEmptyCell, 17)), load(sysexec(com.leekwars.generator.FightFunctions.isEmptyCell, -1)), load(sysexec(com.leekwars.generator.FightFunctions.isObstacle, load(sysexec(com.leekwars.generator.FightFunctions.getCell, new Object[] { null })))), load(sysexec(com.leekwars.generator.FightFunctions.isObstacle, load(sysexec(com.leekwars.generator.FightFunctions.getCell, 1)))), load(sysexec(com.leekwars.generator.FightFunctions.isObstacle, 1)), load(sysexec(com.leekwars.generator.FightFunctions.isObstacle, 17)), load(sysexec(com.leekwars.generator.FightFunctions.isObstacle, -1)), load(sysexec(com.leekwars.generator.FightFunctions.isLeek, load(sysexec(com.leekwars.generator.FightFunctions.getCell, new Object[] { null })))), load(sysexec(com.leekwars.generator.FightFunctions.isLeek, load(sysexec(com.leekwars.generator.FightFunctions.getCell, 1)))), load(sysexec(com.leekwars.generator.FightFunctions.isLeek, 1)), load(sysexec(com.leekwars.generator.FightFunctions.isLeek, 17)), load(sysexec(com.leekwars.generator.FightFunctions.isLeek, -1)), load(sysexec(com.leekwars.generator.FightFunctions.getCellX, load(sysexec(com.leekwars.generator.FightFunctions.getCell, new Object[] { null })))), load(sysexec(com.leekwars.generator.FightFunctions.getCellX, load(sysexec(com.leekwars.generator.FightFunctions.getCell, 1)))), load(sysexec(com.leekwars.generator.FightFunctions.getCellX, 1)), load(sysexec(com.leekwars.generator.FightFunctions.getCellX, 17)), load(sysexec(com.leekwars.generator.FightFunctions.getCellX, -1)), load(sysexec(com.leekwars.generator.FightFunctions.getCellY, load(sysexec(com.leekwars.generator.FightFunctions.getCell, new Object[] { null })))), load(sysexec(com.leekwars.generator.FightFunctions.getCellY, load(sysexec(com.leekwars.generator.FightFunctions.getCell, 1)))), load(sysexec(com.leekwars.generator.FightFunctions.getCellY, 1)), load(sysexec(com.leekwars.generator.FightFunctions.getCellY, 17)), load(sysexec(com.leekwars.generator.FightFunctions.getCellY, -1)), load(sysexec(com.leekwars.generator.FightFunctions.getNearestEnemy)), load(sysexec(com.leekwars.generator.FightFunctions.getFarestEnemy)), load(sysexec(com.leekwars.generator.FightFunctions.getTurn)), load(sysexec(LeekFunctions.string, load(sysexec(com.leekwars.generator.FightFunctions.getAliveEnemies)))), load(sysexec(com.leekwars.generator.FightFunctions.getAliveEnemiesCount)), load(sysexec(LeekFunctions.string, load(sysexec(com.leekwars.generator.FightFunctions.getDeadEnemies)))), load(sysexec(com.leekwars.generator.FightFunctions.getDeadEnemiesCount)), load(sysexec(LeekFunctions.string, load(sysexec(com.leekwars.generator.FightFunctions.getEnemies)))), load(sysexec(LeekFunctions.string, load(sysexec(com.leekwars.generator.FightFunctions.getAllies)))), load(sysexec(com.leekwars.generator.FightFunctions.getEnemiesCount)), load(sysexec(com.leekwars.generator.FightFunctions.getNearestAlly)), load(sysexec(com.leekwars.generator.FightFunctions.getFarestAlly)), load(sysexec(com.leekwars.generator.FightFunctions.getFarestAlly)), load(sysexec(LeekFunctions.string, load(sysexec(com.leekwars.generator.FightFunctions.getAliveAllies)))), load(sysexec(LeekFunctions.string, load(sysexec(com.leekwars.generator.FightFunctions.getDeadAllies)))), load(sysexec(com.leekwars.generator.FightFunctions.getAlliesCount)) }, false), 7);
                                                                                                                                                                                                                                                                                                                                                                                                                                                                                                                                                                                                                                                                                                                                                                                                                                                                                                                                                                                                                                                                                                                                                                                                                                                                                                                                                                                                                                                                                                                                                                                                                                                                                                                                                                                                                                                                                                                                                                                                                                                                                                                                                                                                                                                                                                                                                                                                         ^
AI_7.java:12: error: package com.leekwars.generator does not exist
return ops(new ArrayLeekValue(AI_7.this, new Object[] { load(sysexec(com.leekwars.generator.FightFunctions.getDistance, 164, 200)), load(sysexec(com.leekwars.generator.FightFunctions.getDistance, 17, 595)), load(sysexec(com.leekwars.generator.FightFunctions.getCellDistance, 164, 200)), load(sysexec(com.leekwars.generator.FightFunctions.getCellDistance, 17, 595)), load(sysexec(com.leekwars.generator.FightFunctions.getLeekOnCell, load(sysexec(com.leekwars.generator.FightFunctions.getCell, new Object[] { null })))), load(sysexec(com.leekwars.generator.FightFunctions.getLeekOnCell, load(sysexec(com.leekwars.generator.FightFunctions.getCell, 1)))), load(sysexec(com.leekwars.generator.FightFunctions.getLeekOnCell, 1)), load(sysexec(com.leekwars.generator.FightFunctions.getLeekOnCell, -1)), load(sysexec(com.leekwars.generator.FightFunctions.getCellContent, load(sysexec(com.leekwars.generator.FightFunctions.getCell, new Object[] { null })))), load(sysexec(com.leekwars.generator.FightFunctions.getCellContent, load(sysexec(com.leekwars.generator.FightFunctions.getCell, 1)))), load(sysexec(com.leekwars.generator.FightFunctions.getCellContent, 1)), load(sysexec(com.leekwars.generator.FightFunctions.getCellContent, 17)), load(sysexec(com.leekwars.generator.FightFunctions.getCellContent, -1)), load(sysexec(com.leekwars.generator.FightFunctions.isEmptyCell, load(sysexec(com.leekwars.generator.FightFunctions.getCell, new Object[] { null })))), load(sysexec(com.leekwars.generator.FightFunctions.isEmptyCell, load(sysexec(com.leekwars.generator.FightFunctions.getCell, 1)))), load(sysexec(com.leekwars.generator.FightFunctions.isEmptyCell, 1)), load(sysexec(com.leekwars.generator.FightFunctions.isEmptyCell, 17)), load(sysexec(com.leekwars.generator.FightFunctions.isEmptyCell, -1)), load(sysexec(com.leekwars.generator.FightFunctions.isObstacle, load(sysexec(com.leekwars.generator.FightFunctions.getCell, new Object[] { null })))), load(sysexec(com.leekwars.generator.FightFunctions.isObstacle, load(sysexec(com.leekwars.generator.FightFunctions.getCell, 1)))), load(sysexec(com.leekwars.generator.FightFunctions.isObstacle, 1)), load(sysexec(com.leekwars.generator.FightFunctions.isObstacle, 17)), load(sysexec(com.leekwars.generator.FightFunctions.isObstacle, -1)), load(sysexec(com.leekwars.generator.FightFunctions.isLeek, load(sysexec(com.leekwars.generator.FightFunctions.getCell, new Object[] { null })))), load(sysexec(com.leekwars.generator.FightFunctions.isLeek, load(sysexec(com.leekwars.generator.FightFunctions.getCell, 1)))), load(sysexec(com.leekwars.generator.FightFunctions.isLeek, 1)), load(sysexec(com.leekwars.generator.FightFunctions.isLeek, 17)), load(sysexec(com.leekwars.generator.FightFunctions.isLeek, -1)), load(sysexec(com.leekwars.generator.FightFunctions.getCellX, load(sysexec(com.leekwars.generator.FightFunctions.getCell, new Object[] { null })))), load(sysexec(com.leekwars.generator.FightFunctions.getCellX, load(sysexec(com.leekwars.generator.FightFunctions.getCell, 1)))), load(sysexec(com.leekwars.generator.FightFunctions.getCellX, 1)), load(sysexec(com.leekwars.generator.FightFunctions.getCellX, 17)), load(sysexec(com.leekwars.generator.FightFunctions.getCellX, -1)), load(sysexec(com.leekwars.generator.FightFunctions.getCellY, load(sysexec(com.leekwars.generator.FightFunctions.getCell, new Object[] { null })))), load(sysexec(com.leekwars.generator.FightFunctions.getCellY, load(sysexec(com.leekwars.generator.FightFunctions.getCell, 1)))), load(sysexec(com.leekwars.generator.FightFunctions.getCellY, 1)), load(sysexec(com.leekwars.generator.FightFunctions.getCellY, 17)), load(sysexec(com.leekwars.generator.FightFunctions.getCellY, -1)), load(sysexec(com.leekwars.generator.FightFunctions.getNearestEnemy)), load(sysexec(com.leekwars.generator.FightFunctions.getFarestEnemy)), load(sysexec(com.leekwars.generator.FightFunctions.getTurn)), load(sysexec(LeekFunctions.string, load(sysexec(com.leekwars.generator.FightFunctions.getAliveEnemies)))), load(sysexec(com.leekwars.generator.FightFunctions.getAliveEnemiesCount)), load(sysexec(LeekFunctions.string, load(sysexec(com.leekwars.generator.FightFunctions.getDeadEnemies)))), load(sysexec(com.leekwars.generator.FightFunctions.getDeadEnemiesCount)), load(sysexec(LeekFunctions.string, load(sysexec(com.leekwars.generator.FightFunctions.getEnemies)))), load(sysexec(LeekFunctions.string, load(sysexec(com.leekwars.generator.FightFunctions.getAllies)))), load(sysexec(com.leekwars.generator.FightFunctions.getEnemiesCount)), load(sysexec(com.leekwars.generator.FightFunctions.getNearestAlly)), load(sysexec(com.leekwars.generator.FightFunctions.getFarestAlly)), load(sysexec(com.leekwars.generator.FightFunctions.getFarestAlly)), load(sysexec(LeekFunctions.string, load(sysexec(com.leekwars.generator.FightFunctions.getAliveAllies)))), load(sysexec(LeekFunctions.string, load(sysexec(com.leekwars.generator.FightFunctions.getDeadAllies)))), load(sysexec(com.leekwars.generator.FightFunctions.getAlliesCount)) }, false), 7);
                                                                                                                                                                                                                                                                                                                                                                                                                                                                                                                                                                                                                                                                                                                                                                                                                                                                                                                                                                                                                                                                                                                                                                                                                                                                                                                                                                                                                                                                                                                                                                                                                                                                                                                                                                                                                                                                                                                                                                                                                                                                                                                                                                                                                                                                                                                                                                                                                                                                    ^
AI_7.java:12: error: package com.leekwars.generator does not exist
return ops(new ArrayLeekValue(AI_7.this, new Object[] { load(sysexec(com.leekwars.generator.FightFunctions.getDistance, 164, 200)), load(sysexec(com.leekwars.generator.FightFunctions.getDistance, 17, 595)), load(sysexec(com.leekwars.generator.FightFunctions.getCellDistance, 164, 200)), load(sysexec(com.leekwars.generator.FightFunctions.getCellDistance, 17, 595)), load(sysexec(com.leekwars.generator.FightFunctions.getLeekOnCell, load(sysexec(com.leekwars.generator.FightFunctions.getCell, new Object[] { null })))), load(sysexec(com.leekwars.generator.FightFunctions.getLeekOnCell, load(sysexec(com.leekwars.generator.FightFunctions.getCell, 1)))), load(sysexec(com.leekwars.generator.FightFunctions.getLeekOnCell, 1)), load(sysexec(com.leekwars.generator.FightFunctions.getLeekOnCell, -1)), load(sysexec(com.leekwars.generator.FightFunctions.getCellContent, load(sysexec(com.leekwars.generator.FightFunctions.getCell, new Object[] { null })))), load(sysexec(com.leekwars.generator.FightFunctions.getCellContent, load(sysexec(com.leekwars.generator.FightFunctions.getCell, 1)))), load(sysexec(com.leekwars.generator.FightFunctions.getCellContent, 1)), load(sysexec(com.leekwars.generator.FightFunctions.getCellContent, 17)), load(sysexec(com.leekwars.generator.FightFunctions.getCellContent, -1)), load(sysexec(com.leekwars.generator.FightFunctions.isEmptyCell, load(sysexec(com.leekwars.generator.FightFunctions.getCell, new Object[] { null })))), load(sysexec(com.leekwars.generator.FightFunctions.isEmptyCell, load(sysexec(com.leekwars.generator.FightFunctions.getCell, 1)))), load(sysexec(com.leekwars.generator.FightFunctions.isEmptyCell, 1)), load(sysexec(com.leekwars.generator.FightFunctions.isEmptyCell, 17)), load(sysexec(com.leekwars.generator.FightFunctions.isEmptyCell, -1)), load(sysexec(com.leekwars.generator.FightFunctions.isObstacle, load(sysexec(com.leekwars.generator.FightFunctions.getCell, new Object[] { null })))), load(sysexec(com.leekwars.generator.FightFunctions.isObstacle, load(sysexec(com.leekwars.generator.FightFunctions.getCell, 1)))), load(sysexec(com.leekwars.generator.FightFunctions.isObstacle, 1)), load(sysexec(com.leekwars.generator.FightFunctions.isObstacle, 17)), load(sysexec(com.leekwars.generator.FightFunctions.isObstacle, -1)), load(sysexec(com.leekwars.generator.FightFunctions.isLeek, load(sysexec(com.leekwars.generator.FightFunctions.getCell, new Object[] { null })))), load(sysexec(com.leekwars.generator.FightFunctions.isLeek, load(sysexec(com.leekwars.generator.FightFunctions.getCell, 1)))), load(sysexec(com.leekwars.generator.FightFunctions.isLeek, 1)), load(sysexec(com.leekwars.generator.FightFunctions.isLeek, 17)), load(sysexec(com.leekwars.generator.FightFunctions.isLeek, -1)), load(sysexec(com.leekwars.generator.FightFunctions.getCellX, load(sysexec(com.leekwars.generator.FightFunctions.getCell, new Object[] { null })))), load(sysexec(com.leekwars.generator.FightFunctions.getCellX, load(sysexec(com.leekwars.generator.FightFunctions.getCell, 1)))), load(sysexec(com.leekwars.generator.FightFunctions.getCellX, 1)), load(sysexec(com.leekwars.generator.FightFunctions.getCellX, 17)), load(sysexec(com.leekwars.generator.FightFunctions.getCellX, -1)), load(sysexec(com.leekwars.generator.FightFunctions.getCellY, load(sysexec(com.leekwars.generator.FightFunctions.getCell, new Object[] { null })))), load(sysexec(com.leekwars.generator.FightFunctions.getCellY, load(sysexec(com.leekwars.generator.FightFunctions.getCell, 1)))), load(sysexec(com.leekwars.generator.FightFunctions.getCellY, 1)), load(sysexec(com.leekwars.generator.FightFunctions.getCellY, 17)), load(sysexec(com.leekwars.generator.FightFunctions.getCellY, -1)), load(sysexec(com.leekwars.generator.FightFunctions.getNearestEnemy)), load(sysexec(com.leekwars.generator.FightFunctions.getFarestEnemy)), load(sysexec(com.leekwars.generator.FightFunctions.getTurn)), load(sysexec(LeekFunctions.string, load(sysexec(com.leekwars.generator.FightFunctions.getAliveEnemies)))), load(sysexec(com.leekwars.generator.FightFunctions.getAliveEnemiesCount)), load(sysexec(LeekFunctions.string, load(sysexec(com.leekwars.generator.FightFunctions.getDeadEnemies)))), load(sysexec(com.leekwars.generator.FightFunctions.getDeadEnemiesCount)), load(sysexec(LeekFunctions.string, load(sysexec(com.leekwars.generator.FightFunctions.getEnemies)))), load(sysexec(LeekFunctions.string, load(sysexec(com.leekwars.generator.FightFunctions.getAllies)))), load(sysexec(com.leekwars.generator.FightFunctions.getEnemiesCount)), load(sysexec(com.leekwars.generator.FightFunctions.getNearestAlly)), load(sysexec(com.leekwars.generator.FightFunctions.getFarestAlly)), load(sysexec(com.leekwars.generator.FightFunctions.getFarestAlly)), load(sysexec(LeekFunctions.string, load(sysexec(com.leekwars.generator.FightFunctions.getAliveAllies)))), load(sysexec(LeekFunctions.string, load(sysexec(com.leekwars.generator.FightFunctions.getDeadAllies)))), load(sysexec(com.leekwars.generator.FightFunctions.getAlliesCount)) }, false), 7);
                                                                                                                                                                                                                                                                                                                                                                                                                                                                                                                                                                                                                                                                                                                                                                                                                                                                                                                                                                                                                                                                                                                                                                                                                                                                                                                                                                                                                                                                                                                                                                                                                                                                                                                                                                                                                                                                                                                                                                                                                                                                                                                                                                                                                                                                                                                                                                                                                                                                                                                                                           ^
AI_7.java:12: error: package com.leekwars.generator does not exist
return ops(new ArrayLeekValue(AI_7.this, new Object[] { load(sysexec(com.leekwars.generator.FightFunctions.getDistance, 164, 200)), load(sysexec(com.leekwars.generator.FightFunctions.getDistance, 17, 595)), load(sysexec(com.leekwars.generator.FightFunctions.getCellDistance, 164, 200)), load(sysexec(com.leekwars.generator.FightFunctions.getCellDistance, 17, 595)), load(sysexec(com.leekwars.generator.FightFunctions.getLeekOnCell, load(sysexec(com.leekwars.generator.FightFunctions.getCell, new Object[] { null })))), load(sysexec(com.leekwars.generator.FightFunctions.getLeekOnCell, load(sysexec(com.leekwars.generator.FightFunctions.getCell, 1)))), load(sysexec(com.leekwars.generator.FightFunctions.getLeekOnCell, 1)), load(sysexec(com.leekwars.generator.FightFunctions.getLeekOnCell, -1)), load(sysexec(com.leekwars.generator.FightFunctions.getCellContent, load(sysexec(com.leekwars.generator.FightFunctions.getCell, new Object[] { null })))), load(sysexec(com.leekwars.generator.FightFunctions.getCellContent, load(sysexec(com.leekwars.generator.FightFunctions.getCell, 1)))), load(sysexec(com.leekwars.generator.FightFunctions.getCellContent, 1)), load(sysexec(com.leekwars.generator.FightFunctions.getCellContent, 17)), load(sysexec(com.leekwars.generator.FightFunctions.getCellContent, -1)), load(sysexec(com.leekwars.generator.FightFunctions.isEmptyCell, load(sysexec(com.leekwars.generator.FightFunctions.getCell, new Object[] { null })))), load(sysexec(com.leekwars.generator.FightFunctions.isEmptyCell, load(sysexec(com.leekwars.generator.FightFunctions.getCell, 1)))), load(sysexec(com.leekwars.generator.FightFunctions.isEmptyCell, 1)), load(sysexec(com.leekwars.generator.FightFunctions.isEmptyCell, 17)), load(sysexec(com.leekwars.generator.FightFunctions.isEmptyCell, -1)), load(sysexec(com.leekwars.generator.FightFunctions.isObstacle, load(sysexec(com.leekwars.generator.FightFunctions.getCell, new Object[] { null })))), load(sysexec(com.leekwars.generator.FightFunctions.isObstacle, load(sysexec(com.leekwars.generator.FightFunctions.getCell, 1)))), load(sysexec(com.leekwars.generator.FightFunctions.isObstacle, 1)), load(sysexec(com.leekwars.generator.FightFunctions.isObstacle, 17)), load(sysexec(com.leekwars.generator.FightFunctions.isObstacle, -1)), load(sysexec(com.leekwars.generator.FightFunctions.isLeek, load(sysexec(com.leekwars.generator.FightFunctions.getCell, new Object[] { null })))), load(sysexec(com.leekwars.generator.FightFunctions.isLeek, load(sysexec(com.leekwars.generator.FightFunctions.getCell, 1)))), load(sysexec(com.leekwars.generator.FightFunctions.isLeek, 1)), load(sysexec(com.leekwars.generator.FightFunctions.isLeek, 17)), load(sysexec(com.leekwars.generator.FightFunctions.isLeek, -1)), load(sysexec(com.leekwars.generator.FightFunctions.getCellX, load(sysexec(com.leekwars.generator.FightFunctions.getCell, new Object[] { null })))), load(sysexec(com.leekwars.generator.FightFunctions.getCellX, load(sysexec(com.leekwars.generator.FightFunctions.getCell, 1)))), load(sysexec(com.leekwars.generator.FightFunctions.getCellX, 1)), load(sysexec(com.leekwars.generator.FightFunctions.getCellX, 17)), load(sysexec(com.leekwars.generator.FightFunctions.getCellX, -1)), load(sysexec(com.leekwars.generator.FightFunctions.getCellY, load(sysexec(com.leekwars.generator.FightFunctions.getCell, new Object[] { null })))), load(sysexec(com.leekwars.generator.FightFunctions.getCellY, load(sysexec(com.leekwars.generator.FightFunctions.getCell, 1)))), load(sysexec(com.leekwars.generator.FightFunctions.getCellY, 1)), load(sysexec(com.leekwars.generator.FightFunctions.getCellY, 17)), load(sysexec(com.leekwars.generator.FightFunctions.getCellY, -1)), load(sysexec(com.leekwars.generator.FightFunctions.getNearestEnemy)), load(sysexec(com.leekwars.generator.FightFunctions.getFarestEnemy)), load(sysexec(com.leekwars.generator.FightFunctions.getTurn)), load(sysexec(LeekFunctions.string, load(sysexec(com.leekwars.generator.FightFunctions.getAliveEnemies)))), load(sysexec(com.leekwars.generator.FightFunctions.getAliveEnemiesCount)), load(sysexec(LeekFunctions.string, load(sysexec(com.leekwars.generator.FightFunctions.getDeadEnemies)))), load(sysexec(com.leekwars.generator.FightFunctions.getDeadEnemiesCount)), load(sysexec(LeekFunctions.string, load(sysexec(com.leekwars.generator.FightFunctions.getEnemies)))), load(sysexec(LeekFunctions.string, load(sysexec(com.leekwars.generator.FightFunctions.getAllies)))), load(sysexec(com.leekwars.generator.FightFunctions.getEnemiesCount)), load(sysexec(com.leekwars.generator.FightFunctions.getNearestAlly)), load(sysexec(com.leekwars.generator.FightFunctions.getFarestAlly)), load(sysexec(com.leekwars.generator.FightFunctions.getFarestAlly)), load(sysexec(LeekFunctions.string, load(sysexec(com.leekwars.generator.FightFunctions.getAliveAllies)))), load(sysexec(LeekFunctions.string, load(sysexec(com.leekwars.generator.FightFunctions.getDeadAllies)))), load(sysexec(com.leekwars.generator.FightFunctions.getAlliesCount)) }, false), 7);
                                                                                                                                                                                                                                                                                                                                                                                                                                                                                                                                                                                                                                                                                                                                                                                                                                                                                                                                                                                                                                                                                                                                                                                                                                                                                                                                                                                                                                                                                                                                                                                                                                                                                                                                                                                                                                                                                                                                                                                                                                                                                                                                                                                                                                                                                                                                                                                                                                                                                                                                                                                                                      ^
AI_7.java:12: error: package com.leekwars.generator does not exist
return ops(new ArrayLeekValue(AI_7.this, new Object[] { load(sysexec(com.leekwars.generator.FightFunctions.getDistance, 164, 200)), load(sysexec(com.leekwars.generator.FightFunctions.getDistance, 17, 595)), load(sysexec(com.leekwars.generator.FightFunctions.getCellDistance, 164, 200)), load(sysexec(com.leekwars.generator.FightFunctions.getCellDistance, 17, 595)), load(sysexec(com.leekwars.generator.FightFunctions.getLeekOnCell, load(sysexec(com.leekwars.generator.FightFunctions.getCell, new Object[] { null })))), load(sysexec(com.leekwars.generator.FightFunctions.getLeekOnCell, load(sysexec(com.leekwars.generator.FightFunctions.getCell, 1)))), load(sysexec(com.leekwars.generator.FightFunctions.getLeekOnCell, 1)), load(sysexec(com.leekwars.generator.FightFunctions.getLeekOnCell, -1)), load(sysexec(com.leekwars.generator.FightFunctions.getCellContent, load(sysexec(com.leekwars.generator.FightFunctions.getCell, new Object[] { null })))), load(sysexec(com.leekwars.generator.FightFunctions.getCellContent, load(sysexec(com.leekwars.generator.FightFunctions.getCell, 1)))), load(sysexec(com.leekwars.generator.FightFunctions.getCellContent, 1)), load(sysexec(com.leekwars.generator.FightFunctions.getCellContent, 17)), load(sysexec(com.leekwars.generator.FightFunctions.getCellContent, -1)), load(sysexec(com.leekwars.generator.FightFunctions.isEmptyCell, load(sysexec(com.leekwars.generator.FightFunctions.getCell, new Object[] { null })))), load(sysexec(com.leekwars.generator.FightFunctions.isEmptyCell, load(sysexec(com.leekwars.generator.FightFunctions.getCell, 1)))), load(sysexec(com.leekwars.generator.FightFunctions.isEmptyCell, 1)), load(sysexec(com.leekwars.generator.FightFunctions.isEmptyCell, 17)), load(sysexec(com.leekwars.generator.FightFunctions.isEmptyCell, -1)), load(sysexec(com.leekwars.generator.FightFunctions.isObstacle, load(sysexec(com.leekwars.generator.FightFunctions.getCell, new Object[] { null })))), load(sysexec(com.leekwars.generator.FightFunctions.isObstacle, load(sysexec(com.leekwars.generator.FightFunctions.getCell, 1)))), load(sysexec(com.leekwars.generator.FightFunctions.isObstacle, 1)), load(sysexec(com.leekwars.generator.FightFunctions.isObstacle, 17)), load(sysexec(com.leekwars.generator.FightFunctions.isObstacle, -1)), load(sysexec(com.leekwars.generator.FightFunctions.isLeek, load(sysexec(com.leekwars.generator.FightFunctions.getCell, new Object[] { null })))), load(sysexec(com.leekwars.generator.FightFunctions.isLeek, load(sysexec(com.leekwars.generator.FightFunctions.getCell, 1)))), load(sysexec(com.leekwars.generator.FightFunctions.isLeek, 1)), load(sysexec(com.leekwars.generator.FightFunctions.isLeek, 17)), load(sysexec(com.leekwars.generator.FightFunctions.isLeek, -1)), load(sysexec(com.leekwars.generator.FightFunctions.getCellX, load(sysexec(com.leekwars.generator.FightFunctions.getCell, new Object[] { null })))), load(sysexec(com.leekwars.generator.FightFunctions.getCellX, load(sysexec(com.leekwars.generator.FightFunctions.getCell, 1)))), load(sysexec(com.leekwars.generator.FightFunctions.getCellX, 1)), load(sysexec(com.leekwars.generator.FightFunctions.getCellX, 17)), load(sysexec(com.leekwars.generator.FightFunctions.getCellX, -1)), load(sysexec(com.leekwars.generator.FightFunctions.getCellY, load(sysexec(com.leekwars.generator.FightFunctions.getCell, new Object[] { null })))), load(sysexec(com.leekwars.generator.FightFunctions.getCellY, load(sysexec(com.leekwars.generator.FightFunctions.getCell, 1)))), load(sysexec(com.leekwars.generator.FightFunctions.getCellY, 1)), load(sysexec(com.leekwars.generator.FightFunctions.getCellY, 17)), load(sysexec(com.leekwars.generator.FightFunctions.getCellY, -1)), load(sysexec(com.leekwars.generator.FightFunctions.getNearestEnemy)), load(sysexec(com.leekwars.generator.FightFunctions.getFarestEnemy)), load(sysexec(com.leekwars.generator.FightFunctions.getTurn)), load(sysexec(LeekFunctions.string, load(sysexec(com.leekwars.generator.FightFunctions.getAliveEnemies)))), load(sysexec(com.leekwars.generator.FightFunctions.getAliveEnemiesCount)), load(sysexec(LeekFunctions.string, load(sysexec(com.leekwars.generator.FightFunctions.getDeadEnemies)))), load(sysexec(com.leekwars.generator.FightFunctions.getDeadEnemiesCount)), load(sysexec(LeekFunctions.string, load(sysexec(com.leekwars.generator.FightFunctions.getEnemies)))), load(sysexec(LeekFunctions.string, load(sysexec(com.leekwars.generator.FightFunctions.getAllies)))), load(sysexec(com.leekwars.generator.FightFunctions.getEnemiesCount)), load(sysexec(com.leekwars.generator.FightFunctions.getNearestAlly)), load(sysexec(com.leekwars.generator.FightFunctions.getFarestAlly)), load(sysexec(com.leekwars.generator.FightFunctions.getFarestAlly)), load(sysexec(LeekFunctions.string, load(sysexec(com.leekwars.generator.FightFunctions.getAliveAllies)))), load(sysexec(LeekFunctions.string, load(sysexec(com.leekwars.generator.FightFunctions.getDeadAllies)))), load(sysexec(com.leekwars.generator.FightFunctions.getAlliesCount)) }, false), 7);
                                                                                                                                                                                                                                                                                                                                                                                                                                                                                                                                                                                                                                                                                                                                                                                                                                                                                                                                                                                                                                                                                                                                                                                                                                                                                                                                                                                                                                                                                                                                                                                                                                                                                                                                                                                                                                                                                                                                                                                                                                                                                                                                                                                                                                                                                                                                                                                                                                                                                                                                                                                                                                                                                         ^
AI_7.java:12: error: package com.leekwars.generator does not exist
return ops(new ArrayLeekValue(AI_7.this, new Object[] { load(sysexec(com.leekwars.generator.FightFunctions.getDistance, 164, 200)), load(sysexec(com.leekwars.generator.FightFunctions.getDistance, 17, 595)), load(sysexec(com.leekwars.generator.FightFunctions.getCellDistance, 164, 200)), load(sysexec(com.leekwars.generator.FightFunctions.getCellDistance, 17, 595)), load(sysexec(com.leekwars.generator.FightFunctions.getLeekOnCell, load(sysexec(com.leekwars.generator.FightFunctions.getCell, new Object[] { null })))), load(sysexec(com.leekwars.generator.FightFunctions.getLeekOnCell, load(sysexec(com.leekwars.generator.FightFunctions.getCell, 1)))), load(sysexec(com.leekwars.generator.FightFunctions.getLeekOnCell, 1)), load(sysexec(com.leekwars.generator.FightFunctions.getLeekOnCell, -1)), load(sysexec(com.leekwars.generator.FightFunctions.getCellContent, load(sysexec(com.leekwars.generator.FightFunctions.getCell, new Object[] { null })))), load(sysexec(com.leekwars.generator.FightFunctions.getCellContent, load(sysexec(com.leekwars.generator.FightFunctions.getCell, 1)))), load(sysexec(com.leekwars.generator.FightFunctions.getCellContent, 1)), load(sysexec(com.leekwars.generator.FightFunctions.getCellContent, 17)), load(sysexec(com.leekwars.generator.FightFunctions.getCellContent, -1)), load(sysexec(com.leekwars.generator.FightFunctions.isEmptyCell, load(sysexec(com.leekwars.generator.FightFunctions.getCell, new Object[] { null })))), load(sysexec(com.leekwars.generator.FightFunctions.isEmptyCell, load(sysexec(com.leekwars.generator.FightFunctions.getCell, 1)))), load(sysexec(com.leekwars.generator.FightFunctions.isEmptyCell, 1)), load(sysexec(com.leekwars.generator.FightFunctions.isEmptyCell, 17)), load(sysexec(com.leekwars.generator.FightFunctions.isEmptyCell, -1)), load(sysexec(com.leekwars.generator.FightFunctions.isObstacle, load(sysexec(com.leekwars.generator.FightFunctions.getCell, new Object[] { null })))), load(sysexec(com.leekwars.generator.FightFunctions.isObstacle, load(sysexec(com.leekwars.generator.FightFunctions.getCell, 1)))), load(sysexec(com.leekwars.generator.FightFunctions.isObstacle, 1)), load(sysexec(com.leekwars.generator.FightFunctions.isObstacle, 17)), load(sysexec(com.leekwars.generator.FightFunctions.isObstacle, -1)), load(sysexec(com.leekwars.generator.FightFunctions.isLeek, load(sysexec(com.leekwars.generator.FightFunctions.getCell, new Object[] { null })))), load(sysexec(com.leekwars.generator.FightFunctions.isLeek, load(sysexec(com.leekwars.generator.FightFunctions.getCell, 1)))), load(sysexec(com.leekwars.generator.FightFunctions.isLeek, 1)), load(sysexec(com.leekwars.generator.FightFunctions.isLeek, 17)), load(sysexec(com.leekwars.generator.FightFunctions.isLeek, -1)), load(sysexec(com.leekwars.generator.FightFunctions.getCellX, load(sysexec(com.leekwars.generator.FightFunctions.getCell, new Object[] { null })))), load(sysexec(com.leekwars.generator.FightFunctions.getCellX, load(sysexec(com.leekwars.generator.FightFunctions.getCell, 1)))), load(sysexec(com.leekwars.generator.FightFunctions.getCellX, 1)), load(sysexec(com.leekwars.generator.FightFunctions.getCellX, 17)), load(sysexec(com.leekwars.generator.FightFunctions.getCellX, -1)), load(sysexec(com.leekwars.generator.FightFunctions.getCellY, load(sysexec(com.leekwars.generator.FightFunctions.getCell, new Object[] { null })))), load(sysexec(com.leekwars.generator.FightFunctions.getCellY, load(sysexec(com.leekwars.generator.FightFunctions.getCell, 1)))), load(sysexec(com.leekwars.generator.FightFunctions.getCellY, 1)), load(sysexec(com.leekwars.generator.FightFunctions.getCellY, 17)), load(sysexec(com.leekwars.generator.FightFunctions.getCellY, -1)), load(sysexec(com.leekwars.generator.FightFunctions.getNearestEnemy)), load(sysexec(com.leekwars.generator.FightFunctions.getFarestEnemy)), load(sysexec(com.leekwars.generator.FightFunctions.getTurn)), load(sysexec(LeekFunctions.string, load(sysexec(com.leekwars.generator.FightFunctions.getAliveEnemies)))), load(sysexec(com.leekwars.generator.FightFunctions.getAliveEnemiesCount)), load(sysexec(LeekFunctions.string, load(sysexec(com.leekwars.generator.FightFunctions.getDeadEnemies)))), load(sysexec(com.leekwars.generator.FightFunctions.getDeadEnemiesCount)), load(sysexec(LeekFunctions.string, load(sysexec(com.leekwars.generator.FightFunctions.getEnemies)))), load(sysexec(LeekFunctions.string, load(sysexec(com.leekwars.generator.FightFunctions.getAllies)))), load(sysexec(com.leekwars.generator.FightFunctions.getEnemiesCount)), load(sysexec(com.leekwars.generator.FightFunctions.getNearestAlly)), load(sysexec(com.leekwars.generator.FightFunctions.getFarestAlly)), load(sysexec(com.leekwars.generator.FightFunctions.getFarestAlly)), load(sysexec(LeekFunctions.string, load(sysexec(com.leekwars.generator.FightFunctions.getAliveAllies)))), load(sysexec(LeekFunctions.string, load(sysexec(com.leekwars.generator.FightFunctions.getDeadAllies)))), load(sysexec(com.leekwars.generator.FightFunctions.getAlliesCount)) }, false), 7);
                                                                                                                                                                                                                                                                                                                                                                                                                                                                                                                                                                                                                                                                                                                                                                                                                                                                                                                                                                                                                                                                                                                                                                                                                                                                                                                                                                                                                                                                                                                                                                                                                                                                                                                                                                                                                                                                                                                                                                                                                                                                                                                                                                                                                                                                                                                                                                                                                                                                                                                                                                                                                                                                                                                                                         ^
AI_7.java:12: error: package com.leekwars.generator does not exist
return ops(new ArrayLeekValue(AI_7.this, new Object[] { load(sysexec(com.leekwars.generator.FightFunctions.getDistance, 164, 200)), load(sysexec(com.leekwars.generator.FightFunctions.getDistance, 17, 595)), load(sysexec(com.leekwars.generator.FightFunctions.getCellDistance, 164, 200)), load(sysexec(com.leekwars.generator.FightFunctions.getCellDistance, 17, 595)), load(sysexec(com.leekwars.generator.FightFunctions.getLeekOnCell, load(sysexec(com.leekwars.generator.FightFunctions.getCell, new Object[] { null })))), load(sysexec(com.leekwars.generator.FightFunctions.getLeekOnCell, load(sysexec(com.leekwars.generator.FightFunctions.getCell, 1)))), load(sysexec(com.leekwars.generator.FightFunctions.getLeekOnCell, 1)), load(sysexec(com.leekwars.generator.FightFunctions.getLeekOnCell, -1)), load(sysexec(com.leekwars.generator.FightFunctions.getCellContent, load(sysexec(com.leekwars.generator.FightFunctions.getCell, new Object[] { null })))), load(sysexec(com.leekwars.generator.FightFunctions.getCellContent, load(sysexec(com.leekwars.generator.FightFunctions.getCell, 1)))), load(sysexec(com.leekwars.generator.FightFunctions.getCellContent, 1)), load(sysexec(com.leekwars.generator.FightFunctions.getCellContent, 17)), load(sysexec(com.leekwars.generator.FightFunctions.getCellContent, -1)), load(sysexec(com.leekwars.generator.FightFunctions.isEmptyCell, load(sysexec(com.leekwars.generator.FightFunctions.getCell, new Object[] { null })))), load(sysexec(com.leekwars.generator.FightFunctions.isEmptyCell, load(sysexec(com.leekwars.generator.FightFunctions.getCell, 1)))), load(sysexec(com.leekwars.generator.FightFunctions.isEmptyCell, 1)), load(sysexec(com.leekwars.generator.FightFunctions.isEmptyCell, 17)), load(sysexec(com.leekwars.generator.FightFunctions.isEmptyCell, -1)), load(sysexec(com.leekwars.generator.FightFunctions.isObstacle, load(sysexec(com.leekwars.generator.FightFunctions.getCell, new Object[] { null })))), load(sysexec(com.leekwars.generator.FightFunctions.isObstacle, load(sysexec(com.leekwars.generator.FightFunctions.getCell, 1)))), load(sysexec(com.leekwars.generator.FightFunctions.isObstacle, 1)), load(sysexec(com.leekwars.generator.FightFunctions.isObstacle, 17)), load(sysexec(com.leekwars.generator.FightFunctions.isObstacle, -1)), load(sysexec(com.leekwars.generator.FightFunctions.isLeek, load(sysexec(com.leekwars.generator.FightFunctions.getCell, new Object[] { null })))), load(sysexec(com.leekwars.generator.FightFunctions.isLeek, load(sysexec(com.leekwars.generator.FightFunctions.getCell, 1)))), load(sysexec(com.leekwars.generator.FightFunctions.isLeek, 1)), load(sysexec(com.leekwars.generator.FightFunctions.isLeek, 17)), load(sysexec(com.leekwars.generator.FightFunctions.isLeek, -1)), load(sysexec(com.leekwars.generator.FightFunctions.getCellX, load(sysexec(com.leekwars.generator.FightFunctions.getCell, new Object[] { null })))), load(sysexec(com.leekwars.generator.FightFunctions.getCellX, load(sysexec(com.leekwars.generator.FightFunctions.getCell, 1)))), load(sysexec(com.leekwars.generator.FightFunctions.getCellX, 1)), load(sysexec(com.leekwars.generator.FightFunctions.getCellX, 17)), load(sysexec(com.leekwars.generator.FightFunctions.getCellX, -1)), load(sysexec(com.leekwars.generator.FightFunctions.getCellY, load(sysexec(com.leekwars.generator.FightFunctions.getCell, new Object[] { null })))), load(sysexec(com.leekwars.generator.FightFunctions.getCellY, load(sysexec(com.leekwars.generator.FightFunctions.getCell, 1)))), load(sysexec(com.leekwars.generator.FightFunctions.getCellY, 1)), load(sysexec(com.leekwars.generator.FightFunctions.getCellY, 17)), load(sysexec(com.leekwars.generator.FightFunctions.getCellY, -1)), load(sysexec(com.leekwars.generator.FightFunctions.getNearestEnemy)), load(sysexec(com.leekwars.generator.FightFunctions.getFarestEnemy)), load(sysexec(com.leekwars.generator.FightFunctions.getTurn)), load(sysexec(LeekFunctions.string, load(sysexec(com.leekwars.generator.FightFunctions.getAliveEnemies)))), load(sysexec(com.leekwars.generator.FightFunctions.getAliveEnemiesCount)), load(sysexec(LeekFunctions.string, load(sysexec(com.leekwars.generator.FightFunctions.getDeadEnemies)))), load(sysexec(com.leekwars.generator.FightFunctions.getDeadEnemiesCount)), load(sysexec(LeekFunctions.string, load(sysexec(com.leekwars.generator.FightFunctions.getEnemies)))), load(sysexec(LeekFunctions.string, load(sysexec(com.leekwars.generator.FightFunctions.getAllies)))), load(sysexec(com.leekwars.generator.FightFunctions.getEnemiesCount)), load(sysexec(com.leekwars.generator.FightFunctions.getNearestAlly)), load(sysexec(com.leekwars.generator.FightFunctions.getFarestAlly)), load(sysexec(com.leekwars.generator.FightFunctions.getFarestAlly)), load(sysexec(LeekFunctions.string, load(sysexec(com.leekwars.generator.FightFunctions.getAliveAllies)))), load(sysexec(LeekFunctions.string, load(sysexec(com.leekwars.generator.FightFunctions.getDeadAllies)))), load(sysexec(com.leekwars.generator.FightFunctions.getAlliesCount)) }, false), 7);
                                                                                                                                                                                                                                                                                                                                                                                                                                                                                                                                                                                                                                                                                                                                                                                                                                                                                                                                                                                                                                                                                                                                                                                                                                                                                                                                                                                                                                                                                                                                                                                                                                                                                                                                                                                                                                                                                                                                                                                                                                                                                                                                                                                                                                                                                                                                                                                                                                                                                                                                                                                                                                                                                                                                                                                                                          ^
AI_7.java:12: error: package com.leekwars.generator does not exist
return ops(new ArrayLeekValue(AI_7.this, new Object[] { load(sysexec(com.leekwars.generator.FightFunctions.getDistance, 164, 200)), load(sysexec(com.leekwars.generator.FightFunctions.getDistance, 17, 595)), load(sysexec(com.leekwars.generator.FightFunctions.getCellDistance, 164, 200)), load(sysexec(com.leekwars.generator.FightFunctions.getCellDistance, 17, 595)), load(sysexec(com.leekwars.generator.FightFunctions.getLeekOnCell, load(sysexec(com.leekwars.generator.FightFunctions.getCell, new Object[] { null })))), load(sysexec(com.leekwars.generator.FightFunctions.getLeekOnCell, load(sysexec(com.leekwars.generator.FightFunctions.getCell, 1)))), load(sysexec(com.leekwars.generator.FightFunctions.getLeekOnCell, 1)), load(sysexec(com.leekwars.generator.FightFunctions.getLeekOnCell, -1)), load(sysexec(com.leekwars.generator.FightFunctions.getCellContent, load(sysexec(com.leekwars.generator.FightFunctions.getCell, new Object[] { null })))), load(sysexec(com.leekwars.generator.FightFunctions.getCellContent, load(sysexec(com.leekwars.generator.FightFunctions.getCell, 1)))), load(sysexec(com.leekwars.generator.FightFunctions.getCellContent, 1)), load(sysexec(com.leekwars.generator.FightFunctions.getCellContent, 17)), load(sysexec(com.leekwars.generator.FightFunctions.getCellContent, -1)), load(sysexec(com.leekwars.generator.FightFunctions.isEmptyCell, load(sysexec(com.leekwars.generator.FightFunctions.getCell, new Object[] { null })))), load(sysexec(com.leekwars.generator.FightFunctions.isEmptyCell, load(sysexec(com.leekwars.generator.FightFunctions.getCell, 1)))), load(sysexec(com.leekwars.generator.FightFunctions.isEmptyCell, 1)), load(sysexec(com.leekwars.generator.FightFunctions.isEmptyCell, 17)), load(sysexec(com.leekwars.generator.FightFunctions.isEmptyCell, -1)), load(sysexec(com.leekwars.generator.FightFunctions.isObstacle, load(sysexec(com.leekwars.generator.FightFunctions.getCell, new Object[] { null })))), load(sysexec(com.leekwars.generator.FightFunctions.isObstacle, load(sysexec(com.leekwars.generator.FightFunctions.getCell, 1)))), load(sysexec(com.leekwars.generator.FightFunctions.isObstacle, 1)), load(sysexec(com.leekwars.generator.FightFunctions.isObstacle, 17)), load(sysexec(com.leekwars.generator.FightFunctions.isObstacle, -1)), load(sysexec(com.leekwars.generator.FightFunctions.isLeek, load(sysexec(com.leekwars.generator.FightFunctions.getCell, new Object[] { null })))), load(sysexec(com.leekwars.generator.FightFunctions.isLeek, load(sysexec(com.leekwars.generator.FightFunctions.getCell, 1)))), load(sysexec(com.leekwars.generator.FightFunctions.isLeek, 1)), load(sysexec(com.leekwars.generator.FightFunctions.isLeek, 17)), load(sysexec(com.leekwars.generator.FightFunctions.isLeek, -1)), load(sysexec(com.leekwars.generator.FightFunctions.getCellX, load(sysexec(com.leekwars.generator.FightFunctions.getCell, new Object[] { null })))), load(sysexec(com.leekwars.generator.FightFunctions.getCellX, load(sysexec(com.leekwars.generator.FightFunctions.getCell, 1)))), load(sysexec(com.leekwars.generator.FightFunctions.getCellX, 1)), load(sysexec(com.leekwars.generator.FightFunctions.getCellX, 17)), load(sysexec(com.leekwars.generator.FightFunctions.getCellX, -1)), load(sysexec(com.leekwars.generator.FightFunctions.getCellY, load(sysexec(com.leekwars.generator.FightFunctions.getCell, new Object[] { null })))), load(sysexec(com.leekwars.generator.FightFunctions.getCellY, load(sysexec(com.leekwars.generator.FightFunctions.getCell, 1)))), load(sysexec(com.leekwars.generator.FightFunctions.getCellY, 1)), load(sysexec(com.leekwars.generator.FightFunctions.getCellY, 17)), load(sysexec(com.leekwars.generator.FightFunctions.getCellY, -1)), load(sysexec(com.leekwars.generator.FightFunctions.getNearestEnemy)), load(sysexec(com.leekwars.generator.FightFunctions.getFarestEnemy)), load(sysexec(com.leekwars.generator.FightFunctions.getTurn)), load(sysexec(LeekFunctions.string, load(sysexec(com.leekwars.generator.FightFunctions.getAliveEnemies)))), load(sysexec(com.leekwars.generator.FightFunctions.getAliveEnemiesCount)), load(sysexec(LeekFunctions.string, load(sysexec(com.leekwars.generator.FightFunctions.getDeadEnemies)))), load(sysexec(com.leekwars.generator.FightFunctions.getDeadEnemiesCount)), load(sysexec(LeekFunctions.string, load(sysexec(com.leekwars.generator.FightFunctions.getEnemies)))), load(sysexec(LeekFunctions.string, load(sysexec(com.leekwars.generator.FightFunctions.getAllies)))), load(sysexec(com.leekwars.generator.FightFunctions.getEnemiesCount)), load(sysexec(com.leekwars.generator.FightFunctions.getNearestAlly)), load(sysexec(com.leekwars.generator.FightFunctions.getFarestAlly)), load(sysexec(com.leekwars.generator.FightFunctions.getFarestAlly)), load(sysexec(LeekFunctions.string, load(sysexec(com.leekwars.generator.FightFunctions.getAliveAllies)))), load(sysexec(LeekFunctions.string, load(sysexec(com.leekwars.generator.FightFunctions.getDeadAllies)))), load(sysexec(com.leekwars.generator.FightFunctions.getAlliesCount)) }, false), 7);
                                                                                                                                                                                                                                                                                                                                                                                                                                                                                                                                                                                                                                                                                                                                                                                                                                                                                                                                                                                                                                                                                                                                                                                                                                                                                                                                                                                                                                                                                                                                                                                                                                                                                                                                                                                                                                                                                                                                                                                                                                                                                                                                                                                                                                                                                                                                                                                                                                                                                                                                                                                                                                                                                                                                                                                                                                                                                           ^
AI_7.java:12: error: package com.leekwars.generator does not exist
return ops(new ArrayLeekValue(AI_7.this, new Object[] { load(sysexec(com.leekwars.generator.FightFunctions.getDistance, 164, 200)), load(sysexec(com.leekwars.generator.FightFunctions.getDistance, 17, 595)), load(sysexec(com.leekwars.generator.FightFunctions.getCellDistance, 164, 200)), load(sysexec(com.leekwars.generator.FightFunctions.getCellDistance, 17, 595)), load(sysexec(com.leekwars.generator.FightFunctions.getLeekOnCell, load(sysexec(com.leekwars.generator.FightFunctions.getCell, new Object[] { null })))), load(sysexec(com.leekwars.generator.FightFunctions.getLeekOnCell, load(sysexec(com.leekwars.generator.FightFunctions.getCell, 1)))), load(sysexec(com.leekwars.generator.FightFunctions.getLeekOnCell, 1)), load(sysexec(com.leekwars.generator.FightFunctions.getLeekOnCell, -1)), load(sysexec(com.leekwars.generator.FightFunctions.getCellContent, load(sysexec(com.leekwars.generator.FightFunctions.getCell, new Object[] { null })))), load(sysexec(com.leekwars.generator.FightFunctions.getCellContent, load(sysexec(com.leekwars.generator.FightFunctions.getCell, 1)))), load(sysexec(com.leekwars.generator.FightFunctions.getCellContent, 1)), load(sysexec(com.leekwars.generator.FightFunctions.getCellContent, 17)), load(sysexec(com.leekwars.generator.FightFunctions.getCellContent, -1)), load(sysexec(com.leekwars.generator.FightFunctions.isEmptyCell, load(sysexec(com.leekwars.generator.FightFunctions.getCell, new Object[] { null })))), load(sysexec(com.leekwars.generator.FightFunctions.isEmptyCell, load(sysexec(com.leekwars.generator.FightFunctions.getCell, 1)))), load(sysexec(com.leekwars.generator.FightFunctions.isEmptyCell, 1)), load(sysexec(com.leekwars.generator.FightFunctions.isEmptyCell, 17)), load(sysexec(com.leekwars.generator.FightFunctions.isEmptyCell, -1)), load(sysexec(com.leekwars.generator.FightFunctions.isObstacle, load(sysexec(com.leekwars.generator.FightFunctions.getCell, new Object[] { null })))), load(sysexec(com.leekwars.generator.FightFunctions.isObstacle, load(sysexec(com.leekwars.generator.FightFunctions.getCell, 1)))), load(sysexec(com.leekwars.generator.FightFunctions.isObstacle, 1)), load(sysexec(com.leekwars.generator.FightFunctions.isObstacle, 17)), load(sysexec(com.leekwars.generator.FightFunctions.isObstacle, -1)), load(sysexec(com.leekwars.generator.FightFunctions.isLeek, load(sysexec(com.leekwars.generator.FightFunctions.getCell, new Object[] { null })))), load(sysexec(com.leekwars.generator.FightFunctions.isLeek, load(sysexec(com.leekwars.generator.FightFunctions.getCell, 1)))), load(sysexec(com.leekwars.generator.FightFunctions.isLeek, 1)), load(sysexec(com.leekwars.generator.FightFunctions.isLeek, 17)), load(sysexec(com.leekwars.generator.FightFunctions.isLeek, -1)), load(sysexec(com.leekwars.generator.FightFunctions.getCellX, load(sysexec(com.leekwars.generator.FightFunctions.getCell, new Object[] { null })))), load(sysexec(com.leekwars.generator.FightFunctions.getCellX, load(sysexec(com.leekwars.generator.FightFunctions.getCell, 1)))), load(sysexec(com.leekwars.generator.FightFunctions.getCellX, 1)), load(sysexec(com.leekwars.generator.FightFunctions.getCellX, 17)), load(sysexec(com.leekwars.generator.FightFunctions.getCellX, -1)), load(sysexec(com.leekwars.generator.FightFunctions.getCellY, load(sysexec(com.leekwars.generator.FightFunctions.getCell, new Object[] { null })))), load(sysexec(com.leekwars.generator.FightFunctions.getCellY, load(sysexec(com.leekwars.generator.FightFunctions.getCell, 1)))), load(sysexec(com.leekwars.generator.FightFunctions.getCellY, 1)), load(sysexec(com.leekwars.generator.FightFunctions.getCellY, 17)), load(sysexec(com.leekwars.generator.FightFunctions.getCellY, -1)), load(sysexec(com.leekwars.generator.FightFunctions.getNearestEnemy)), load(sysexec(com.leekwars.generator.FightFunctions.getFarestEnemy)), load(sysexec(com.leekwars.generator.FightFunctions.getTurn)), load(sysexec(LeekFunctions.string, load(sysexec(com.leekwars.generator.FightFunctions.getAliveEnemies)))), load(sysexec(com.leekwars.generator.FightFunctions.getAliveEnemiesCount)), load(sysexec(LeekFunctions.string, load(sysexec(com.leekwars.generator.FightFunctions.getDeadEnemies)))), load(sysexec(com.leekwars.generator.FightFunctions.getDeadEnemiesCount)), load(sysexec(LeekFunctions.string, load(sysexec(com.leekwars.generator.FightFunctions.getEnemies)))), load(sysexec(LeekFunctions.string, load(sysexec(com.leekwars.generator.FightFunctions.getAllies)))), load(sysexec(com.leekwars.generator.FightFunctions.getEnemiesCount)), load(sysexec(com.leekwars.generator.FightFunctions.getNearestAlly)), load(sysexec(com.leekwars.generator.FightFunctions.getFarestAlly)), load(sysexec(com.leekwars.generator.FightFunctions.getFarestAlly)), load(sysexec(LeekFunctions.string, load(sysexec(com.leekwars.generator.FightFunctions.getAliveAllies)))), load(sysexec(LeekFunctions.string, load(sysexec(com.leekwars.generator.FightFunctions.getDeadAllies)))), load(sysexec(com.leekwars.generator.FightFunctions.getAlliesCount)) }, false), 7);
                                                                                                                                                                                                                                                                                                                                                                                                                                                                                                                                                                                                                                                                                                                                                                                                                                                                                                                                                                                                                                                                                                                                                                                                                                                                                                                                                                                                                                                                                                                                                                                                                                                                                                                                                                                                                                                                                                                                                                                                                                                                                                                                                                                                                                                                                                                                                                                                                                                                                                                                                                                                                                                                                                                                                                                                                                                                                                                                                        ^
AI_7.java:12: error: package com.leekwars.generator does not exist
return ops(new ArrayLeekValue(AI_7.this, new Object[] { load(sysexec(com.leekwars.generator.FightFunctions.getDistance, 164, 200)), load(sysexec(com.leekwars.generator.FightFunctions.getDistance, 17, 595)), load(sysexec(com.leekwars.generator.FightFunctions.getCellDistance, 164, 200)), load(sysexec(com.leekwars.generator.FightFunctions.getCellDistance, 17, 595)), load(sysexec(com.leekwars.generator.FightFunctions.getLeekOnCell, load(sysexec(com.leekwars.generator.FightFunctions.getCell, new Object[] { null })))), load(sysexec(com.leekwars.generator.FightFunctions.getLeekOnCell, load(sysexec(com.leekwars.generator.FightFunctions.getCell, 1)))), load(sysexec(com.leekwars.generator.FightFunctions.getLeekOnCell, 1)), load(sysexec(com.leekwars.generator.FightFunctions.getLeekOnCell, -1)), load(sysexec(com.leekwars.generator.FightFunctions.getCellContent, load(sysexec(com.leekwars.generator.FightFunctions.getCell, new Object[] { null })))), load(sysexec(com.leekwars.generator.FightFunctions.getCellContent, load(sysexec(com.leekwars.generator.FightFunctions.getCell, 1)))), load(sysexec(com.leekwars.generator.FightFunctions.getCellContent, 1)), load(sysexec(com.leekwars.generator.FightFunctions.getCellContent, 17)), load(sysexec(com.leekwars.generator.FightFunctions.getCellContent, -1)), load(sysexec(com.leekwars.generator.FightFunctions.isEmptyCell, load(sysexec(com.leekwars.generator.FightFunctions.getCell, new Object[] { null })))), load(sysexec(com.leekwars.generator.FightFunctions.isEmptyCell, load(sysexec(com.leekwars.generator.FightFunctions.getCell, 1)))), load(sysexec(com.leekwars.generator.FightFunctions.isEmptyCell, 1)), load(sysexec(com.leekwars.generator.FightFunctions.isEmptyCell, 17)), load(sysexec(com.leekwars.generator.FightFunctions.isEmptyCell, -1)), load(sysexec(com.leekwars.generator.FightFunctions.isObstacle, load(sysexec(com.leekwars.generator.FightFunctions.getCell, new Object[] { null })))), load(sysexec(com.leekwars.generator.FightFunctions.isObstacle, load(sysexec(com.leekwars.generator.FightFunctions.getCell, 1)))), load(sysexec(com.leekwars.generator.FightFunctions.isObstacle, 1)), load(sysexec(com.leekwars.generator.FightFunctions.isObstacle, 17)), load(sysexec(com.leekwars.generator.FightFunctions.isObstacle, -1)), load(sysexec(com.leekwars.generator.FightFunctions.isLeek, load(sysexec(com.leekwars.generator.FightFunctions.getCell, new Object[] { null })))), load(sysexec(com.leekwars.generator.FightFunctions.isLeek, load(sysexec(com.leekwars.generator.FightFunctions.getCell, 1)))), load(sysexec(com.leekwars.generator.FightFunctions.isLeek, 1)), load(sysexec(com.leekwars.generator.FightFunctions.isLeek, 17)), load(sysexec(com.leekwars.generator.FightFunctions.isLeek, -1)), load(sysexec(com.leekwars.generator.FightFunctions.getCellX, load(sysexec(com.leekwars.generator.FightFunctions.getCell, new Object[] { null })))), load(sysexec(com.leekwars.generator.FightFunctions.getCellX, load(sysexec(com.leekwars.generator.FightFunctions.getCell, 1)))), load(sysexec(com.leekwars.generator.FightFunctions.getCellX, 1)), load(sysexec(com.leekwars.generator.FightFunctions.getCellX, 17)), load(sysexec(com.leekwars.generator.FightFunctions.getCellX, -1)), load(sysexec(com.leekwars.generator.FightFunctions.getCellY, load(sysexec(com.leekwars.generator.FightFunctions.getCell, new Object[] { null })))), load(sysexec(com.leekwars.generator.FightFunctions.getCellY, load(sysexec(com.leekwars.generator.FightFunctions.getCell, 1)))), load(sysexec(com.leekwars.generator.FightFunctions.getCellY, 1)), load(sysexec(com.leekwars.generator.FightFunctions.getCellY, 17)), load(sysexec(com.leekwars.generator.FightFunctions.getCellY, -1)), load(sysexec(com.leekwars.generator.FightFunctions.getNearestEnemy)), load(sysexec(com.leekwars.generator.FightFunctions.getFarestEnemy)), load(sysexec(com.leekwars.generator.FightFunctions.getTurn)), load(sysexec(LeekFunctions.string, load(sysexec(com.leekwars.generator.FightFunctions.getAliveEnemies)))), load(sysexec(com.leekwars.generator.FightFunctions.getAliveEnemiesCount)), load(sysexec(LeekFunctions.string, load(sysexec(com.leekwars.generator.FightFunctions.getDeadEnemies)))), load(sysexec(com.leekwars.generator.FightFunctions.getDeadEnemiesCount)), load(sysexec(LeekFunctions.string, load(sysexec(com.leekwars.generator.FightFunctions.getEnemies)))), load(sysexec(LeekFunctions.string, load(sysexec(com.leekwars.generator.FightFunctions.getAllies)))), load(sysexec(com.leekwars.generator.FightFunctions.getEnemiesCount)), load(sysexec(com.leekwars.generator.FightFunctions.getNearestAlly)), load(sysexec(com.leekwars.generator.FightFunctions.getFarestAlly)), load(sysexec(com.leekwars.generator.FightFunctions.getFarestAlly)), load(sysexec(LeekFunctions.string, load(sysexec(com.leekwars.generator.FightFunctions.getAliveAllies)))), load(sysexec(LeekFunctions.string, load(sysexec(com.leekwars.generator.FightFunctions.getDeadAllies)))), load(sysexec(com.leekwars.generator.FightFunctions.getAlliesCount)) }, false), 7);
                                                                                                                                                                                                                                                                                                                                                                                                                                                                                                                                                                                                                                                                                                                                                                                                                                                                                                                                                                                                                                                                                                                                                                                                                                                                                                                                                                                                                                                                                                                                                                                                                                                                                                                                                                                                                                                                                                                                                                                                                                                                                                                                                                                                                                                                                                                                                                                                                                                                                                                                                                                                                                                                                                                                                                                                                                                                                                                                                                                                                                               ^
AI_7.java:12: error: package com.leekwars.generator does not exist
return ops(new ArrayLeekValue(AI_7.this, new Object[] { load(sysexec(com.leekwars.generator.FightFunctions.getDistance, 164, 200)), load(sysexec(com.leekwars.generator.FightFunctions.getDistance, 17, 595)), load(sysexec(com.leekwars.generator.FightFunctions.getCellDistance, 164, 200)), load(sysexec(com.leekwars.generator.FightFunctions.getCellDistance, 17, 595)), load(sysexec(com.leekwars.generator.FightFunctions.getLeekOnCell, load(sysexec(com.leekwars.generator.FightFunctions.getCell, new Object[] { null })))), load(sysexec(com.leekwars.generator.FightFunctions.getLeekOnCell, load(sysexec(com.leekwars.generator.FightFunctions.getCell, 1)))), load(sysexec(com.leekwars.generator.FightFunctions.getLeekOnCell, 1)), load(sysexec(com.leekwars.generator.FightFunctions.getLeekOnCell, -1)), load(sysexec(com.leekwars.generator.FightFunctions.getCellContent, load(sysexec(com.leekwars.generator.FightFunctions.getCell, new Object[] { null })))), load(sysexec(com.leekwars.generator.FightFunctions.getCellContent, load(sysexec(com.leekwars.generator.FightFunctions.getCell, 1)))), load(sysexec(com.leekwars.generator.FightFunctions.getCellContent, 1)), load(sysexec(com.leekwars.generator.FightFunctions.getCellContent, 17)), load(sysexec(com.leekwars.generator.FightFunctions.getCellContent, -1)), load(sysexec(com.leekwars.generator.FightFunctions.isEmptyCell, load(sysexec(com.leekwars.generator.FightFunctions.getCell, new Object[] { null })))), load(sysexec(com.leekwars.generator.FightFunctions.isEmptyCell, load(sysexec(com.leekwars.generator.FightFunctions.getCell, 1)))), load(sysexec(com.leekwars.generator.FightFunctions.isEmptyCell, 1)), load(sysexec(com.leekwars.generator.FightFunctions.isEmptyCell, 17)), load(sysexec(com.leekwars.generator.FightFunctions.isEmptyCell, -1)), load(sysexec(com.leekwars.generator.FightFunctions.isObstacle, load(sysexec(com.leekwars.generator.FightFunctions.getCell, new Object[] { null })))), load(sysexec(com.leekwars.generator.FightFunctions.isObstacle, load(sysexec(com.leekwars.generator.FightFunctions.getCell, 1)))), load(sysexec(com.leekwars.generator.FightFunctions.isObstacle, 1)), load(sysexec(com.leekwars.generator.FightFunctions.isObstacle, 17)), load(sysexec(com.leekwars.generator.FightFunctions.isObstacle, -1)), load(sysexec(com.leekwars.generator.FightFunctions.isLeek, load(sysexec(com.leekwars.generator.FightFunctions.getCell, new Object[] { null })))), load(sysexec(com.leekwars.generator.FightFunctions.isLeek, load(sysexec(com.leekwars.generator.FightFunctions.getCell, 1)))), load(sysexec(com.leekwars.generator.FightFunctions.isLeek, 1)), load(sysexec(com.leekwars.generator.FightFunctions.isLeek, 17)), load(sysexec(com.leekwars.generator.FightFunctions.isLeek, -1)), load(sysexec(com.leekwars.generator.FightFunctions.getCellX, load(sysexec(com.leekwars.generator.FightFunctions.getCell, new Object[] { null })))), load(sysexec(com.leekwars.generator.FightFunctions.getCellX, load(sysexec(com.leekwars.generator.FightFunctions.getCell, 1)))), load(sysexec(com.leekwars.generator.FightFunctions.getCellX, 1)), load(sysexec(com.leekwars.generator.FightFunctions.getCellX, 17)), load(sysexec(com.leekwars.generator.FightFunctions.getCellX, -1)), load(sysexec(com.leekwars.generator.FightFunctions.getCellY, load(sysexec(com.leekwars.generator.FightFunctions.getCell, new Object[] { null })))), load(sysexec(com.leekwars.generator.FightFunctions.getCellY, load(sysexec(com.leekwars.generator.FightFunctions.getCell, 1)))), load(sysexec(com.leekwars.generator.FightFunctions.getCellY, 1)), load(sysexec(com.leekwars.generator.FightFunctions.getCellY, 17)), load(sysexec(com.leekwars.generator.FightFunctions.getCellY, -1)), load(sysexec(com.leekwars.generator.FightFunctions.getNearestEnemy)), load(sysexec(com.leekwars.generator.FightFunctions.getFarestEnemy)), load(sysexec(com.leekwars.generator.FightFunctions.getTurn)), load(sysexec(LeekFunctions.string, load(sysexec(com.leekwars.generator.FightFunctions.getAliveEnemies)))), load(sysexec(com.leekwars.generator.FightFunctions.getAliveEnemiesCount)), load(sysexec(LeekFunctions.string, load(sysexec(com.leekwars.generator.FightFunctions.getDeadEnemies)))), load(sysexec(com.leekwars.generator.FightFunctions.getDeadEnemiesCount)), load(sysexec(LeekFunctions.string, load(sysexec(com.leekwars.generator.FightFunctions.getEnemies)))), load(sysexec(LeekFunctions.string, load(sysexec(com.leekwars.generator.FightFunctions.getAllies)))), load(sysexec(com.leekwars.generator.FightFunctions.getEnemiesCount)), load(sysexec(com.leekwars.generator.FightFunctions.getNearestAlly)), load(sysexec(com.leekwars.generator.FightFunctions.getFarestAlly)), load(sysexec(com.leekwars.generator.FightFunctions.getFarestAlly)), load(sysexec(LeekFunctions.string, load(sysexec(com.leekwars.generator.FightFunctions.getAliveAllies)))), load(sysexec(LeekFunctions.string, load(sysexec(com.leekwars.generator.FightFunctions.getDeadAllies)))), load(sysexec(com.leekwars.generator.FightFunctions.getAlliesCount)) }, false), 7);
                                                                                                                                                                                                                                                                                                                                                                                                                                                                                                                                                                                                                                                                                                                                                                                                                                                                                                                                                                                                                                                                                                                                                                                                                                                                                                                                                                                                                                                                                                                                                                                                                                                                                                                                                                                                                                                                                                                                                                                                                                                                                                                                                                                                                                                                                                                                                                                                                                                                                                                                                                                                                                                                                                                                                                                                                                                                                                                                                                                                                                                                                                            ^
AI_7.java:12: error: package com.leekwars.generator does not exist
return ops(new ArrayLeekValue(AI_7.this, new Object[] { load(sysexec(com.leekwars.generator.FightFunctions.getDistance, 164, 200)), load(sysexec(com.leekwars.generator.FightFunctions.getDistance, 17, 595)), load(sysexec(com.leekwars.generator.FightFunctions.getCellDistance, 164, 200)), load(sysexec(com.leekwars.generator.FightFunctions.getCellDistance, 17, 595)), load(sysexec(com.leekwars.generator.FightFunctions.getLeekOnCell, load(sysexec(com.leekwars.generator.FightFunctions.getCell, new Object[] { null })))), load(sysexec(com.leekwars.generator.FightFunctions.getLeekOnCell, load(sysexec(com.leekwars.generator.FightFunctions.getCell, 1)))), load(sysexec(com.leekwars.generator.FightFunctions.getLeekOnCell, 1)), load(sysexec(com.leekwars.generator.FightFunctions.getLeekOnCell, -1)), load(sysexec(com.leekwars.generator.FightFunctions.getCellContent, load(sysexec(com.leekwars.generator.FightFunctions.getCell, new Object[] { null })))), load(sysexec(com.leekwars.generator.FightFunctions.getCellContent, load(sysexec(com.leekwars.generator.FightFunctions.getCell, 1)))), load(sysexec(com.leekwars.generator.FightFunctions.getCellContent, 1)), load(sysexec(com.leekwars.generator.FightFunctions.getCellContent, 17)), load(sysexec(com.leekwars.generator.FightFunctions.getCellContent, -1)), load(sysexec(com.leekwars.generator.FightFunctions.isEmptyCell, load(sysexec(com.leekwars.generator.FightFunctions.getCell, new Object[] { null })))), load(sysexec(com.leekwars.generator.FightFunctions.isEmptyCell, load(sysexec(com.leekwars.generator.FightFunctions.getCell, 1)))), load(sysexec(com.leekwars.generator.FightFunctions.isEmptyCell, 1)), load(sysexec(com.leekwars.generator.FightFunctions.isEmptyCell, 17)), load(sysexec(com.leekwars.generator.FightFunctions.isEmptyCell, -1)), load(sysexec(com.leekwars.generator.FightFunctions.isObstacle, load(sysexec(com.leekwars.generator.FightFunctions.getCell, new Object[] { null })))), load(sysexec(com.leekwars.generator.FightFunctions.isObstacle, load(sysexec(com.leekwars.generator.FightFunctions.getCell, 1)))), load(sysexec(com.leekwars.generator.FightFunctions.isObstacle, 1)), load(sysexec(com.leekwars.generator.FightFunctions.isObstacle, 17)), load(sysexec(com.leekwars.generator.FightFunctions.isObstacle, -1)), load(sysexec(com.leekwars.generator.FightFunctions.isLeek, load(sysexec(com.leekwars.generator.FightFunctions.getCell, new Object[] { null })))), load(sysexec(com.leekwars.generator.FightFunctions.isLeek, load(sysexec(com.leekwars.generator.FightFunctions.getCell, 1)))), load(sysexec(com.leekwars.generator.FightFunctions.isLeek, 1)), load(sysexec(com.leekwars.generator.FightFunctions.isLeek, 17)), load(sysexec(com.leekwars.generator.FightFunctions.isLeek, -1)), load(sysexec(com.leekwars.generator.FightFunctions.getCellX, load(sysexec(com.leekwars.generator.FightFunctions.getCell, new Object[] { null })))), load(sysexec(com.leekwars.generator.FightFunctions.getCellX, load(sysexec(com.leekwars.generator.FightFunctions.getCell, 1)))), load(sysexec(com.leekwars.generator.FightFunctions.getCellX, 1)), load(sysexec(com.leekwars.generator.FightFunctions.getCellX, 17)), load(sysexec(com.leekwars.generator.FightFunctions.getCellX, -1)), load(sysexec(com.leekwars.generator.FightFunctions.getCellY, load(sysexec(com.leekwars.generator.FightFunctions.getCell, new Object[] { null })))), load(sysexec(com.leekwars.generator.FightFunctions.getCellY, load(sysexec(com.leekwars.generator.FightFunctions.getCell, 1)))), load(sysexec(com.leekwars.generator.FightFunctions.getCellY, 1)), load(sysexec(com.leekwars.generator.FightFunctions.getCellY, 17)), load(sysexec(com.leekwars.generator.FightFunctions.getCellY, -1)), load(sysexec(com.leekwars.generator.FightFunctions.getNearestEnemy)), load(sysexec(com.leekwars.generator.FightFunctions.getFarestEnemy)), load(sysexec(com.leekwars.generator.FightFunctions.getTurn)), load(sysexec(LeekFunctions.string, load(sysexec(com.leekwars.generator.FightFunctions.getAliveEnemies)))), load(sysexec(com.leekwars.generator.FightFunctions.getAliveEnemiesCount)), load(sysexec(LeekFunctions.string, load(sysexec(com.leekwars.generator.FightFunctions.getDeadEnemies)))), load(sysexec(com.leekwars.generator.FightFunctions.getDeadEnemiesCount)), load(sysexec(LeekFunctions.string, load(sysexec(com.leekwars.generator.FightFunctions.getEnemies)))), load(sysexec(LeekFunctions.string, load(sysexec(com.leekwars.generator.FightFunctions.getAllies)))), load(sysexec(com.leekwars.generator.FightFunctions.getEnemiesCount)), load(sysexec(com.leekwars.generator.FightFunctions.getNearestAlly)), load(sysexec(com.leekwars.generator.FightFunctions.getFarestAlly)), load(sysexec(com.leekwars.generator.FightFunctions.getFarestAlly)), load(sysexec(LeekFunctions.string, load(sysexec(com.leekwars.generator.FightFunctions.getAliveAllies)))), load(sysexec(LeekFunctions.string, load(sysexec(com.leekwars.generator.FightFunctions.getDeadAllies)))), load(sysexec(com.leekwars.generator.FightFunctions.getAlliesCount)) }, false), 7);
                                                                                                                                                                                                                                                                                                                                                                                                                                                                                                                                                                                                                                                                                                                                                                                                                                                                                                                                                                                                                                                                                                                                                                                                                                                                                                                                                                                                                                                                                                                                                                                                                                                                                                                                                                                                                                                                                                                                                                                                                                                                                                                                                                                                                                                                                                                                                                                                                                                                                                                                                                                                                                                                                                                                                                                                                                                                                                                                                                                                                                                                                                                                                                               ^
AI_7.java:12: error: package com.leekwars.generator does not exist
return ops(new ArrayLeekValue(AI_7.this, new Object[] { load(sysexec(com.leekwars.generator.FightFunctions.getDistance, 164, 200)), load(sysexec(com.leekwars.generator.FightFunctions.getDistance, 17, 595)), load(sysexec(com.leekwars.generator.FightFunctions.getCellDistance, 164, 200)), load(sysexec(com.leekwars.generator.FightFunctions.getCellDistance, 17, 595)), load(sysexec(com.leekwars.generator.FightFunctions.getLeekOnCell, load(sysexec(com.leekwars.generator.FightFunctions.getCell, new Object[] { null })))), load(sysexec(com.leekwars.generator.FightFunctions.getLeekOnCell, load(sysexec(com.leekwars.generator.FightFunctions.getCell, 1)))), load(sysexec(com.leekwars.generator.FightFunctions.getLeekOnCell, 1)), load(sysexec(com.leekwars.generator.FightFunctions.getLeekOnCell, -1)), load(sysexec(com.leekwars.generator.FightFunctions.getCellContent, load(sysexec(com.leekwars.generator.FightFunctions.getCell, new Object[] { null })))), load(sysexec(com.leekwars.generator.FightFunctions.getCellContent, load(sysexec(com.leekwars.generator.FightFunctions.getCell, 1)))), load(sysexec(com.leekwars.generator.FightFunctions.getCellContent, 1)), load(sysexec(com.leekwars.generator.FightFunctions.getCellContent, 17)), load(sysexec(com.leekwars.generator.FightFunctions.getCellContent, -1)), load(sysexec(com.leekwars.generator.FightFunctions.isEmptyCell, load(sysexec(com.leekwars.generator.FightFunctions.getCell, new Object[] { null })))), load(sysexec(com.leekwars.generator.FightFunctions.isEmptyCell, load(sysexec(com.leekwars.generator.FightFunctions.getCell, 1)))), load(sysexec(com.leekwars.generator.FightFunctions.isEmptyCell, 1)), load(sysexec(com.leekwars.generator.FightFunctions.isEmptyCell, 17)), load(sysexec(com.leekwars.generator.FightFunctions.isEmptyCell, -1)), load(sysexec(com.leekwars.generator.FightFunctions.isObstacle, load(sysexec(com.leekwars.generator.FightFunctions.getCell, new Object[] { null })))), load(sysexec(com.leekwars.generator.FightFunctions.isObstacle, load(sysexec(com.leekwars.generator.FightFunctions.getCell, 1)))), load(sysexec(com.leekwars.generator.FightFunctions.isObstacle, 1)), load(sysexec(com.leekwars.generator.FightFunctions.isObstacle, 17)), load(sysexec(com.leekwars.generator.FightFunctions.isObstacle, -1)), load(sysexec(com.leekwars.generator.FightFunctions.isLeek, load(sysexec(com.leekwars.generator.FightFunctions.getCell, new Object[] { null })))), load(sysexec(com.leekwars.generator.FightFunctions.isLeek, load(sysexec(com.leekwars.generator.FightFunctions.getCell, 1)))), load(sysexec(com.leekwars.generator.FightFunctions.isLeek, 1)), load(sysexec(com.leekwars.generator.FightFunctions.isLeek, 17)), load(sysexec(com.leekwars.generator.FightFunctions.isLeek, -1)), load(sysexec(com.leekwars.generator.FightFunctions.getCellX, load(sysexec(com.leekwars.generator.FightFunctions.getCell, new Object[] { null })))), load(sysexec(com.leekwars.generator.FightFunctions.getCellX, load(sysexec(com.leekwars.generator.FightFunctions.getCell, 1)))), load(sysexec(com.leekwars.generator.FightFunctions.getCellX, 1)), load(sysexec(com.leekwars.generator.FightFunctions.getCellX, 17)), load(sysexec(com.leekwars.generator.FightFunctions.getCellX, -1)), load(sysexec(com.leekwars.generator.FightFunctions.getCellY, load(sysexec(com.leekwars.generator.FightFunctions.getCell, new Object[] { null })))), load(sysexec(com.leekwars.generator.FightFunctions.getCellY, load(sysexec(com.leekwars.generator.FightFunctions.getCell, 1)))), load(sysexec(com.leekwars.generator.FightFunctions.getCellY, 1)), load(sysexec(com.leekwars.generator.FightFunctions.getCellY, 17)), load(sysexec(com.leekwars.generator.FightFunctions.getCellY, -1)), load(sysexec(com.leekwars.generator.FightFunctions.getNearestEnemy)), load(sysexec(com.leekwars.generator.FightFunctions.getFarestEnemy)), load(sysexec(com.leekwars.generator.FightFunctions.getTurn)), load(sysexec(LeekFunctions.string, load(sysexec(com.leekwars.generator.FightFunctions.getAliveEnemies)))), load(sysexec(com.leekwars.generator.FightFunctions.getAliveEnemiesCount)), load(sysexec(LeekFunctions.string, load(sysexec(com.leekwars.generator.FightFunctions.getDeadEnemies)))), load(sysexec(com.leekwars.generator.FightFunctions.getDeadEnemiesCount)), load(sysexec(LeekFunctions.string, load(sysexec(com.leekwars.generator.FightFunctions.getEnemies)))), load(sysexec(LeekFunctions.string, load(sysexec(com.leekwars.generator.FightFunctions.getAllies)))), load(sysexec(com.leekwars.generator.FightFunctions.getEnemiesCount)), load(sysexec(com.leekwars.generator.FightFunctions.getNearestAlly)), load(sysexec(com.leekwars.generator.FightFunctions.getFarestAlly)), load(sysexec(com.leekwars.generator.FightFunctions.getFarestAlly)), load(sysexec(LeekFunctions.string, load(sysexec(com.leekwars.generator.FightFunctions.getAliveAllies)))), load(sysexec(LeekFunctions.string, load(sysexec(com.leekwars.generator.FightFunctions.getDeadAllies)))), load(sysexec(com.leekwars.generator.FightFunctions.getAlliesCount)) }, false), 7);
                                                                                                                                                                                                                                                                                                                                                                                                                                                                                                                                                                                                                                                                                                                                                                                                                                                                                                                                                                                                                                                                                                                                                                                                                                                                                                                                                                                                                                                                                                                                                                                                                                                                                                                                                                                                                                                                                                                                                                                                                                                                                                                                                                                                                                                                                                                                                                                                                                                                                                                                                                                                                                                                                                                                                                                                                                                                                                                                                                                                                                                                                                                                                                                                                                                 ^
AI_7.java:12: error: package com.leekwars.generator does not exist
return ops(new ArrayLeekValue(AI_7.this, new Object[] { load(sysexec(com.leekwars.generator.FightFunctions.getDistance, 164, 200)), load(sysexec(com.leekwars.generator.FightFunctions.getDistance, 17, 595)), load(sysexec(com.leekwars.generator.FightFunctions.getCellDistance, 164, 200)), load(sysexec(com.leekwars.generator.FightFunctions.getCellDistance, 17, 595)), load(sysexec(com.leekwars.generator.FightFunctions.getLeekOnCell, load(sysexec(com.leekwars.generator.FightFunctions.getCell, new Object[] { null })))), load(sysexec(com.leekwars.generator.FightFunctions.getLeekOnCell, load(sysexec(com.leekwars.generator.FightFunctions.getCell, 1)))), load(sysexec(com.leekwars.generator.FightFunctions.getLeekOnCell, 1)), load(sysexec(com.leekwars.generator.FightFunctions.getLeekOnCell, -1)), load(sysexec(com.leekwars.generator.FightFunctions.getCellContent, load(sysexec(com.leekwars.generator.FightFunctions.getCell, new Object[] { null })))), load(sysexec(com.leekwars.generator.FightFunctions.getCellContent, load(sysexec(com.leekwars.generator.FightFunctions.getCell, 1)))), load(sysexec(com.leekwars.generator.FightFunctions.getCellContent, 1)), load(sysexec(com.leekwars.generator.FightFunctions.getCellContent, 17)), load(sysexec(com.leekwars.generator.FightFunctions.getCellContent, -1)), load(sysexec(com.leekwars.generator.FightFunctions.isEmptyCell, load(sysexec(com.leekwars.generator.FightFunctions.getCell, new Object[] { null })))), load(sysexec(com.leekwars.generator.FightFunctions.isEmptyCell, load(sysexec(com.leekwars.generator.FightFunctions.getCell, 1)))), load(sysexec(com.leekwars.generator.FightFunctions.isEmptyCell, 1)), load(sysexec(com.leekwars.generator.FightFunctions.isEmptyCell, 17)), load(sysexec(com.leekwars.generator.FightFunctions.isEmptyCell, -1)), load(sysexec(com.leekwars.generator.FightFunctions.isObstacle, load(sysexec(com.leekwars.generator.FightFunctions.getCell, new Object[] { null })))), load(sysexec(com.leekwars.generator.FightFunctions.isObstacle, load(sysexec(com.leekwars.generator.FightFunctions.getCell, 1)))), load(sysexec(com.leekwars.generator.FightFunctions.isObstacle, 1)), load(sysexec(com.leekwars.generator.FightFunctions.isObstacle, 17)), load(sysexec(com.leekwars.generator.FightFunctions.isObstacle, -1)), load(sysexec(com.leekwars.generator.FightFunctions.isLeek, load(sysexec(com.leekwars.generator.FightFunctions.getCell, new Object[] { null })))), load(sysexec(com.leekwars.generator.FightFunctions.isLeek, load(sysexec(com.leekwars.generator.FightFunctions.getCell, 1)))), load(sysexec(com.leekwars.generator.FightFunctions.isLeek, 1)), load(sysexec(com.leekwars.generator.FightFunctions.isLeek, 17)), load(sysexec(com.leekwars.generator.FightFunctions.isLeek, -1)), load(sysexec(com.leekwars.generator.FightFunctions.getCellX, load(sysexec(com.leekwars.generator.FightFunctions.getCell, new Object[] { null })))), load(sysexec(com.leekwars.generator.FightFunctions.getCellX, load(sysexec(com.leekwars.generator.FightFunctions.getCell, 1)))), load(sysexec(com.leekwars.generator.FightFunctions.getCellX, 1)), load(sysexec(com.leekwars.generator.FightFunctions.getCellX, 17)), load(sysexec(com.leekwars.generator.FightFunctions.getCellX, -1)), load(sysexec(com.leekwars.generator.FightFunctions.getCellY, load(sysexec(com.leekwars.generator.FightFunctions.getCell, new Object[] { null })))), load(sysexec(com.leekwars.generator.FightFunctions.getCellY, load(sysexec(com.leekwars.generator.FightFunctions.getCell, 1)))), load(sysexec(com.leekwars.generator.FightFunctions.getCellY, 1)), load(sysexec(com.leekwars.generator.FightFunctions.getCellY, 17)), load(sysexec(com.leekwars.generator.FightFunctions.getCellY, -1)), load(sysexec(com.leekwars.generator.FightFunctions.getNearestEnemy)), load(sysexec(com.leekwars.generator.FightFunctions.getFarestEnemy)), load(sysexec(com.leekwars.generator.FightFunctions.getTurn)), load(sysexec(LeekFunctions.string, load(sysexec(com.leekwars.generator.FightFunctions.getAliveEnemies)))), load(sysexec(com.leekwars.generator.FightFunctions.getAliveEnemiesCount)), load(sysexec(LeekFunctions.string, load(sysexec(com.leekwars.generator.FightFunctions.getDeadEnemies)))), load(sysexec(com.leekwars.generator.FightFunctions.getDeadEnemiesCount)), load(sysexec(LeekFunctions.string, load(sysexec(com.leekwars.generator.FightFunctions.getEnemies)))), load(sysexec(LeekFunctions.string, load(sysexec(com.leekwars.generator.FightFunctions.getAllies)))), load(sysexec(com.leekwars.generator.FightFunctions.getEnemiesCount)), load(sysexec(com.leekwars.generator.FightFunctions.getNearestAlly)), load(sysexec(com.leekwars.generator.FightFunctions.getFarestAlly)), load(sysexec(com.leekwars.generator.FightFunctions.getFarestAlly)), load(sysexec(LeekFunctions.string, load(sysexec(com.leekwars.generator.FightFunctions.getAliveAllies)))), load(sysexec(LeekFunctions.string, load(sysexec(com.leekwars.generator.FightFunctions.getDeadAllies)))), load(sysexec(com.leekwars.generator.FightFunctions.getAlliesCount)) }, false), 7);
                                                                                                                                                                                                                                                                                                                                                                                                                                                                                                                                                                                                                                                                                                                                                                                                                                                                                                                                                                                                                                                                                                                                                                                                                                                                                                                                                                                                                                                                                                                                                                                                                                                                                                                                                                                                                                                                                                                                                                                                                                                                                                                                                                                                                                                                                                                                                                                                                                                                                                                                                                                                                                                                                                                                                                                                                                                                                                                                                                                                                                                                                                                                                                                                                                                                                                                    ^
AI_7.java:12: error: package com.leekwars.generator does not exist
return ops(new ArrayLeekValue(AI_7.this, new Object[] { load(sysexec(com.leekwars.generator.FightFunctions.getDistance, 164, 200)), load(sysexec(com.leekwars.generator.FightFunctions.getDistance, 17, 595)), load(sysexec(com.leekwars.generator.FightFunctions.getCellDistance, 164, 200)), load(sysexec(com.leekwars.generator.FightFunctions.getCellDistance, 17, 595)), load(sysexec(com.leekwars.generator.FightFunctions.getLeekOnCell, load(sysexec(com.leekwars.generator.FightFunctions.getCell, new Object[] { null })))), load(sysexec(com.leekwars.generator.FightFunctions.getLeekOnCell, load(sysexec(com.leekwars.generator.FightFunctions.getCell, 1)))), load(sysexec(com.leekwars.generator.FightFunctions.getLeekOnCell, 1)), load(sysexec(com.leekwars.generator.FightFunctions.getLeekOnCell, -1)), load(sysexec(com.leekwars.generator.FightFunctions.getCellContent, load(sysexec(com.leekwars.generator.FightFunctions.getCell, new Object[] { null })))), load(sysexec(com.leekwars.generator.FightFunctions.getCellContent, load(sysexec(com.leekwars.generator.FightFunctions.getCell, 1)))), load(sysexec(com.leekwars.generator.FightFunctions.getCellContent, 1)), load(sysexec(com.leekwars.generator.FightFunctions.getCellContent, 17)), load(sysexec(com.leekwars.generator.FightFunctions.getCellContent, -1)), load(sysexec(com.leekwars.generator.FightFunctions.isEmptyCell, load(sysexec(com.leekwars.generator.FightFunctions.getCell, new Object[] { null })))), load(sysexec(com.leekwars.generator.FightFunctions.isEmptyCell, load(sysexec(com.leekwars.generator.FightFunctions.getCell, 1)))), load(sysexec(com.leekwars.generator.FightFunctions.isEmptyCell, 1)), load(sysexec(com.leekwars.generator.FightFunctions.isEmptyCell, 17)), load(sysexec(com.leekwars.generator.FightFunctions.isEmptyCell, -1)), load(sysexec(com.leekwars.generator.FightFunctions.isObstacle, load(sysexec(com.leekwars.generator.FightFunctions.getCell, new Object[] { null })))), load(sysexec(com.leekwars.generator.FightFunctions.isObstacle, load(sysexec(com.leekwars.generator.FightFunctions.getCell, 1)))), load(sysexec(com.leekwars.generator.FightFunctions.isObstacle, 1)), load(sysexec(com.leekwars.generator.FightFunctions.isObstacle, 17)), load(sysexec(com.leekwars.generator.FightFunctions.isObstacle, -1)), load(sysexec(com.leekwars.generator.FightFunctions.isLeek, load(sysexec(com.leekwars.generator.FightFunctions.getCell, new Object[] { null })))), load(sysexec(com.leekwars.generator.FightFunctions.isLeek, load(sysexec(com.leekwars.generator.FightFunctions.getCell, 1)))), load(sysexec(com.leekwars.generator.FightFunctions.isLeek, 1)), load(sysexec(com.leekwars.generator.FightFunctions.isLeek, 17)), load(sysexec(com.leekwars.generator.FightFunctions.isLeek, -1)), load(sysexec(com.leekwars.generator.FightFunctions.getCellX, load(sysexec(com.leekwars.generator.FightFunctions.getCell, new Object[] { null })))), load(sysexec(com.leekwars.generator.FightFunctions.getCellX, load(sysexec(com.leekwars.generator.FightFunctions.getCell, 1)))), load(sysexec(com.leekwars.generator.FightFunctions.getCellX, 1)), load(sysexec(com.leekwars.generator.FightFunctions.getCellX, 17)), load(sysexec(com.leekwars.generator.FightFunctions.getCellX, -1)), load(sysexec(com.leekwars.generator.FightFunctions.getCellY, load(sysexec(com.leekwars.generator.FightFunctions.getCell, new Object[] { null })))), load(sysexec(com.leekwars.generator.FightFunctions.getCellY, load(sysexec(com.leekwars.generator.FightFunctions.getCell, 1)))), load(sysexec(com.leekwars.generator.FightFunctions.getCellY, 1)), load(sysexec(com.leekwars.generator.FightFunctions.getCellY, 17)), load(sysexec(com.leekwars.generator.FightFunctions.getCellY, -1)), load(sysexec(com.leekwars.generator.FightFunctions.getNearestEnemy)), load(sysexec(com.leekwars.generator.FightFunctions.getFarestEnemy)), load(sysexec(com.leekwars.generator.FightFunctions.getTurn)), load(sysexec(LeekFunctions.string, load(sysexec(com.leekwars.generator.FightFunctions.getAliveEnemies)))), load(sysexec(com.leekwars.generator.FightFunctions.getAliveEnemiesCount)), load(sysexec(LeekFunctions.string, load(sysexec(com.leekwars.generator.FightFunctions.getDeadEnemies)))), load(sysexec(com.leekwars.generator.FightFunctions.getDeadEnemiesCount)), load(sysexec(LeekFunctions.string, load(sysexec(com.leekwars.generator.FightFunctions.getEnemies)))), load(sysexec(LeekFunctions.string, load(sysexec(com.leekwars.generator.FightFunctions.getAllies)))), load(sysexec(com.leekwars.generator.FightFunctions.getEnemiesCount)), load(sysexec(com.leekwars.generator.FightFunctions.getNearestAlly)), load(sysexec(com.leekwars.generator.FightFunctions.getFarestAlly)), load(sysexec(com.leekwars.generator.FightFunctions.getFarestAlly)), load(sysexec(LeekFunctions.string, load(sysexec(com.leekwars.generator.FightFunctions.getAliveAllies)))), load(sysexec(LeekFunctions.string, load(sysexec(com.leekwars.generator.FightFunctions.getDeadAllies)))), load(sysexec(com.leekwars.generator.FightFunctions.getAlliesCount)) }, false), 7);
                                                                                                                                                                                                                                                                                                                                                                                                                                                                                                                                                                                                                                                                                                                                                                                                                                                                                                                                                                                                                                                                                                                                                                                                                                                                                                                                                                                                                                                                                                                                                                                                                                                                                                                                                                                                                                                                                                                                                                                                                                                                                                                                                                                                                                                                                                                                                                                                                                                                                                                                                                                                                                                                                                                                                                                                                                                                                                                                                                                                                                                                                                                                                                                                                                                                                                                                                                                       ^
AI_7.java:12: error: package com.leekwars.generator does not exist
return ops(new ArrayLeekValue(AI_7.this, new Object[] { load(sysexec(com.leekwars.generator.FightFunctions.getDistance, 164, 200)), load(sysexec(com.leekwars.generator.FightFunctions.getDistance, 17, 595)), load(sysexec(com.leekwars.generator.FightFunctions.getCellDistance, 164, 200)), load(sysexec(com.leekwars.generator.FightFunctions.getCellDistance, 17, 595)), load(sysexec(com.leekwars.generator.FightFunctions.getLeekOnCell, load(sysexec(com.leekwars.generator.FightFunctions.getCell, new Object[] { null })))), load(sysexec(com.leekwars.generator.FightFunctions.getLeekOnCell, load(sysexec(com.leekwars.generator.FightFunctions.getCell, 1)))), load(sysexec(com.leekwars.generator.FightFunctions.getLeekOnCell, 1)), load(sysexec(com.leekwars.generator.FightFunctions.getLeekOnCell, -1)), load(sysexec(com.leekwars.generator.FightFunctions.getCellContent, load(sysexec(com.leekwars.generator.FightFunctions.getCell, new Object[] { null })))), load(sysexec(com.leekwars.generator.FightFunctions.getCellContent, load(sysexec(com.leekwars.generator.FightFunctions.getCell, 1)))), load(sysexec(com.leekwars.generator.FightFunctions.getCellContent, 1)), load(sysexec(com.leekwars.generator.FightFunctions.getCellContent, 17)), load(sysexec(com.leekwars.generator.FightFunctions.getCellContent, -1)), load(sysexec(com.leekwars.generator.FightFunctions.isEmptyCell, load(sysexec(com.leekwars.generator.FightFunctions.getCell, new Object[] { null })))), load(sysexec(com.leekwars.generator.FightFunctions.isEmptyCell, load(sysexec(com.leekwars.generator.FightFunctions.getCell, 1)))), load(sysexec(com.leekwars.generator.FightFunctions.isEmptyCell, 1)), load(sysexec(com.leekwars.generator.FightFunctions.isEmptyCell, 17)), load(sysexec(com.leekwars.generator.FightFunctions.isEmptyCell, -1)), load(sysexec(com.leekwars.generator.FightFunctions.isObstacle, load(sysexec(com.leekwars.generator.FightFunctions.getCell, new Object[] { null })))), load(sysexec(com.leekwars.generator.FightFunctions.isObstacle, load(sysexec(com.leekwars.generator.FightFunctions.getCell, 1)))), load(sysexec(com.leekwars.generator.FightFunctions.isObstacle, 1)), load(sysexec(com.leekwars.generator.FightFunctions.isObstacle, 17)), load(sysexec(com.leekwars.generator.FightFunctions.isObstacle, -1)), load(sysexec(com.leekwars.generator.FightFunctions.isLeek, load(sysexec(com.leekwars.generator.FightFunctions.getCell, new Object[] { null })))), load(sysexec(com.leekwars.generator.FightFunctions.isLeek, load(sysexec(com.leekwars.generator.FightFunctions.getCell, 1)))), load(sysexec(com.leekwars.generator.FightFunctions.isLeek, 1)), load(sysexec(com.leekwars.generator.FightFunctions.isLeek, 17)), load(sysexec(com.leekwars.generator.FightFunctions.isLeek, -1)), load(sysexec(com.leekwars.generator.FightFunctions.getCellX, load(sysexec(com.leekwars.generator.FightFunctions.getCell, new Object[] { null })))), load(sysexec(com.leekwars.generator.FightFunctions.getCellX, load(sysexec(com.leekwars.generator.FightFunctions.getCell, 1)))), load(sysexec(com.leekwars.generator.FightFunctions.getCellX, 1)), load(sysexec(com.leekwars.generator.FightFunctions.getCellX, 17)), load(sysexec(com.leekwars.generator.FightFunctions.getCellX, -1)), load(sysexec(com.leekwars.generator.FightFunctions.getCellY, load(sysexec(com.leekwars.generator.FightFunctions.getCell, new Object[] { null })))), load(sysexec(com.leekwars.generator.FightFunctions.getCellY, load(sysexec(com.leekwars.generator.FightFunctions.getCell, 1)))), load(sysexec(com.leekwars.generator.FightFunctions.getCellY, 1)), load(sysexec(com.leekwars.generator.FightFunctions.getCellY, 17)), load(sysexec(com.leekwars.generator.FightFunctions.getCellY, -1)), load(sysexec(com.leekwars.generator.FightFunctions.getNearestEnemy)), load(sysexec(com.leekwars.generator.FightFunctions.getFarestEnemy)), load(sysexec(com.leekwars.generator.FightFunctions.getTurn)), load(sysexec(LeekFunctions.string, load(sysexec(com.leekwars.generator.FightFunctions.getAliveEnemies)))), load(sysexec(com.leekwars.generator.FightFunctions.getAliveEnemiesCount)), load(sysexec(LeekFunctions.string, load(sysexec(com.leekwars.generator.FightFunctions.getDeadEnemies)))), load(sysexec(com.leekwars.generator.FightFunctions.getDeadEnemiesCount)), load(sysexec(LeekFunctions.string, load(sysexec(com.leekwars.generator.FightFunctions.getEnemies)))), load(sysexec(LeekFunctions.string, load(sysexec(com.leekwars.generator.FightFunctions.getAllies)))), load(sysexec(com.leekwars.generator.FightFunctions.getEnemiesCount)), load(sysexec(com.leekwars.generator.FightFunctions.getNearestAlly)), load(sysexec(com.leekwars.generator.FightFunctions.getFarestAlly)), load(sysexec(com.leekwars.generator.FightFunctions.getFarestAlly)), load(sysexec(LeekFunctions.string, load(sysexec(com.leekwars.generator.FightFunctions.getAliveAllies)))), load(sysexec(LeekFunctions.string, load(sysexec(com.leekwars.generator.FightFunctions.getDeadAllies)))), load(sysexec(com.leekwars.generator.FightFunctions.getAlliesCount)) }, false), 7);
                                                                                                                                                                                                                                                                                                                                                                                                                                                                                                                                                                                                                                                                                                                                                                                                                                                                                                                                                                                                                                                                                                                                                                                                                                                                                                                                                                                                                                                                                                                                                                                                                                                                                                                                                                                                                                                                                                                                                                                                                                                                                                                                                                                                                                                                                                                                                                                                                                                                                                                                                                                                                                                                                                                                                                                                                                                                                                                                                                                                                                                                                                                                                                                                                                                                                                                                                                                                                                                    ^
AI_7.java:12: error: package com.leekwars.generator does not exist
return ops(new ArrayLeekValue(AI_7.this, new Object[] { load(sysexec(com.leekwars.generator.FightFunctions.getDistance, 164, 200)), load(sysexec(com.leekwars.generator.FightFunctions.getDistance, 17, 595)), load(sysexec(com.leekwars.generator.FightFunctions.getCellDistance, 164, 200)), load(sysexec(com.leekwars.generator.FightFunctions.getCellDistance, 17, 595)), load(sysexec(com.leekwars.generator.FightFunctions.getLeekOnCell, load(sysexec(com.leekwars.generator.FightFunctions.getCell, new Object[] { null })))), load(sysexec(com.leekwars.generator.FightFunctions.getLeekOnCell, load(sysexec(com.leekwars.generator.FightFunctions.getCell, 1)))), load(sysexec(com.leekwars.generator.FightFunctions.getLeekOnCell, 1)), load(sysexec(com.leekwars.generator.FightFunctions.getLeekOnCell, -1)), load(sysexec(com.leekwars.generator.FightFunctions.getCellContent, load(sysexec(com.leekwars.generator.FightFunctions.getCell, new Object[] { null })))), load(sysexec(com.leekwars.generator.FightFunctions.getCellContent, load(sysexec(com.leekwars.generator.FightFunctions.getCell, 1)))), load(sysexec(com.leekwars.generator.FightFunctions.getCellContent, 1)), load(sysexec(com.leekwars.generator.FightFunctions.getCellContent, 17)), load(sysexec(com.leekwars.generator.FightFunctions.getCellContent, -1)), load(sysexec(com.leekwars.generator.FightFunctions.isEmptyCell, load(sysexec(com.leekwars.generator.FightFunctions.getCell, new Object[] { null })))), load(sysexec(com.leekwars.generator.FightFunctions.isEmptyCell, load(sysexec(com.leekwars.generator.FightFunctions.getCell, 1)))), load(sysexec(com.leekwars.generator.FightFunctions.isEmptyCell, 1)), load(sysexec(com.leekwars.generator.FightFunctions.isEmptyCell, 17)), load(sysexec(com.leekwars.generator.FightFunctions.isEmptyCell, -1)), load(sysexec(com.leekwars.generator.FightFunctions.isObstacle, load(sysexec(com.leekwars.generator.FightFunctions.getCell, new Object[] { null })))), load(sysexec(com.leekwars.generator.FightFunctions.isObstacle, load(sysexec(com.leekwars.generator.FightFunctions.getCell, 1)))), load(sysexec(com.leekwars.generator.FightFunctions.isObstacle, 1)), load(sysexec(com.leekwars.generator.FightFunctions.isObstacle, 17)), load(sysexec(com.leekwars.generator.FightFunctions.isObstacle, -1)), load(sysexec(com.leekwars.generator.FightFunctions.isLeek, load(sysexec(com.leekwars.generator.FightFunctions.getCell, new Object[] { null })))), load(sysexec(com.leekwars.generator.FightFunctions.isLeek, load(sysexec(com.leekwars.generator.FightFunctions.getCell, 1)))), load(sysexec(com.leekwars.generator.FightFunctions.isLeek, 1)), load(sysexec(com.leekwars.generator.FightFunctions.isLeek, 17)), load(sysexec(com.leekwars.generator.FightFunctions.isLeek, -1)), load(sysexec(com.leekwars.generator.FightFunctions.getCellX, load(sysexec(com.leekwars.generator.FightFunctions.getCell, new Object[] { null })))), load(sysexec(com.leekwars.generator.FightFunctions.getCellX, load(sysexec(com.leekwars.generator.FightFunctions.getCell, 1)))), load(sysexec(com.leekwars.generator.FightFunctions.getCellX, 1)), load(sysexec(com.leekwars.generator.FightFunctions.getCellX, 17)), load(sysexec(com.leekwars.generator.FightFunctions.getCellX, -1)), load(sysexec(com.leekwars.generator.FightFunctions.getCellY, load(sysexec(com.leekwars.generator.FightFunctions.getCell, new Object[] { null })))), load(sysexec(com.leekwars.generator.FightFunctions.getCellY, load(sysexec(com.leekwars.generator.FightFunctions.getCell, 1)))), load(sysexec(com.leekwars.generator.FightFunctions.getCellY, 1)), load(sysexec(com.leekwars.generator.FightFunctions.getCellY, 17)), load(sysexec(com.leekwars.generator.FightFunctions.getCellY, -1)), load(sysexec(com.leekwars.generator.FightFunctions.getNearestEnemy)), load(sysexec(com.leekwars.generator.FightFunctions.getFarestEnemy)), load(sysexec(com.leekwars.generator.FightFunctions.getTurn)), load(sysexec(LeekFunctions.string, load(sysexec(com.leekwars.generator.FightFunctions.getAliveEnemies)))), load(sysexec(com.leekwars.generator.FightFunctions.getAliveEnemiesCount)), load(sysexec(LeekFunctions.string, load(sysexec(com.leekwars.generator.FightFunctions.getDeadEnemies)))), load(sysexec(com.leekwars.generator.FightFunctions.getDeadEnemiesCount)), load(sysexec(LeekFunctions.string, load(sysexec(com.leekwars.generator.FightFunctions.getEnemies)))), load(sysexec(LeekFunctions.string, load(sysexec(com.leekwars.generator.FightFunctions.getAllies)))), load(sysexec(com.leekwars.generator.FightFunctions.getEnemiesCount)), load(sysexec(com.leekwars.generator.FightFunctions.getNearestAlly)), load(sysexec(com.leekwars.generator.FightFunctions.getFarestAlly)), load(sysexec(com.leekwars.generator.FightFunctions.getFarestAlly)), load(sysexec(LeekFunctions.string, load(sysexec(com.leekwars.generator.FightFunctions.getAliveAllies)))), load(sysexec(LeekFunctions.string, load(sysexec(com.leekwars.generator.FightFunctions.getDeadAllies)))), load(sysexec(com.leekwars.generator.FightFunctions.getAlliesCount)) }, false), 7);
                                                                                                                                                                                                                                                                                                                                                                                                                                                                                                                                                                                                                                                                                                                                                                                                                                                                                                                                                                                                                                                                                                                                                                                                                                                                                                                                                                                                                                                                                                                                                                                                                                                                                                                                                                                                                                                                                                                                                                                                                                                                                                                                                                                                                                                                                                                                                                                                                                                                                                                                                                                                                                                                                                                                                                                                                                                                                                                                                                                                                                                                                                                                                                                                                                                                                                                                                                                                                                                                                                                                           ^
AI_7.java:12: error: package com.leekwars.generator does not exist
return ops(new ArrayLeekValue(AI_7.this, new Object[] { load(sysexec(com.leekwars.generator.FightFunctions.getDistance, 164, 200)), load(sysexec(com.leekwars.generator.FightFunctions.getDistance, 17, 595)), load(sysexec(com.leekwars.generator.FightFunctions.getCellDistance, 164, 200)), load(sysexec(com.leekwars.generator.FightFunctions.getCellDistance, 17, 595)), load(sysexec(com.leekwars.generator.FightFunctions.getLeekOnCell, load(sysexec(com.leekwars.generator.FightFunctions.getCell, new Object[] { null })))), load(sysexec(com.leekwars.generator.FightFunctions.getLeekOnCell, load(sysexec(com.leekwars.generator.FightFunctions.getCell, 1)))), load(sysexec(com.leekwars.generator.FightFunctions.getLeekOnCell, 1)), load(sysexec(com.leekwars.generator.FightFunctions.getLeekOnCell, -1)), load(sysexec(com.leekwars.generator.FightFunctions.getCellContent, load(sysexec(com.leekwars.generator.FightFunctions.getCell, new Object[] { null })))), load(sysexec(com.leekwars.generator.FightFunctions.getCellContent, load(sysexec(com.leekwars.generator.FightFunctions.getCell, 1)))), load(sysexec(com.leekwars.generator.FightFunctions.getCellContent, 1)), load(sysexec(com.leekwars.generator.FightFunctions.getCellContent, 17)), load(sysexec(com.leekwars.generator.FightFunctions.getCellContent, -1)), load(sysexec(com.leekwars.generator.FightFunctions.isEmptyCell, load(sysexec(com.leekwars.generator.FightFunctions.getCell, new Object[] { null })))), load(sysexec(com.leekwars.generator.FightFunctions.isEmptyCell, load(sysexec(com.leekwars.generator.FightFunctions.getCell, 1)))), load(sysexec(com.leekwars.generator.FightFunctions.isEmptyCell, 1)), load(sysexec(com.leekwars.generator.FightFunctions.isEmptyCell, 17)), load(sysexec(com.leekwars.generator.FightFunctions.isEmptyCell, -1)), load(sysexec(com.leekwars.generator.FightFunctions.isObstacle, load(sysexec(com.leekwars.generator.FightFunctions.getCell, new Object[] { null })))), load(sysexec(com.leekwars.generator.FightFunctions.isObstacle, load(sysexec(com.leekwars.generator.FightFunctions.getCell, 1)))), load(sysexec(com.leekwars.generator.FightFunctions.isObstacle, 1)), load(sysexec(com.leekwars.generator.FightFunctions.isObstacle, 17)), load(sysexec(com.leekwars.generator.FightFunctions.isObstacle, -1)), load(sysexec(com.leekwars.generator.FightFunctions.isLeek, load(sysexec(com.leekwars.generator.FightFunctions.getCell, new Object[] { null })))), load(sysexec(com.leekwars.generator.FightFunctions.isLeek, load(sysexec(com.leekwars.generator.FightFunctions.getCell, 1)))), load(sysexec(com.leekwars.generator.FightFunctions.isLeek, 1)), load(sysexec(com.leekwars.generator.FightFunctions.isLeek, 17)), load(sysexec(com.leekwars.generator.FightFunctions.isLeek, -1)), load(sysexec(com.leekwars.generator.FightFunctions.getCellX, load(sysexec(com.leekwars.generator.FightFunctions.getCell, new Object[] { null })))), load(sysexec(com.leekwars.generator.FightFunctions.getCellX, load(sysexec(com.leekwars.generator.FightFunctions.getCell, 1)))), load(sysexec(com.leekwars.generator.FightFunctions.getCellX, 1)), load(sysexec(com.leekwars.generator.FightFunctions.getCellX, 17)), load(sysexec(com.leekwars.generator.FightFunctions.getCellX, -1)), load(sysexec(com.leekwars.generator.FightFunctions.getCellY, load(sysexec(com.leekwars.generator.FightFunctions.getCell, new Object[] { null })))), load(sysexec(com.leekwars.generator.FightFunctions.getCellY, load(sysexec(com.leekwars.generator.FightFunctions.getCell, 1)))), load(sysexec(com.leekwars.generator.FightFunctions.getCellY, 1)), load(sysexec(com.leekwars.generator.FightFunctions.getCellY, 17)), load(sysexec(com.leekwars.generator.FightFunctions.getCellY, -1)), load(sysexec(com.leekwars.generator.FightFunctions.getNearestEnemy)), load(sysexec(com.leekwars.generator.FightFunctions.getFarestEnemy)), load(sysexec(com.leekwars.generator.FightFunctions.getTurn)), load(sysexec(LeekFunctions.string, load(sysexec(com.leekwars.generator.FightFunctions.getAliveEnemies)))), load(sysexec(com.leekwars.generator.FightFunctions.getAliveEnemiesCount)), load(sysexec(LeekFunctions.string, load(sysexec(com.leekwars.generator.FightFunctions.getDeadEnemies)))), load(sysexec(com.leekwars.generator.FightFunctions.getDeadEnemiesCount)), load(sysexec(LeekFunctions.string, load(sysexec(com.leekwars.generator.FightFunctions.getEnemies)))), load(sysexec(LeekFunctions.string, load(sysexec(com.leekwars.generator.FightFunctions.getAllies)))), load(sysexec(com.leekwars.generator.FightFunctions.getEnemiesCount)), load(sysexec(com.leekwars.generator.FightFunctions.getNearestAlly)), load(sysexec(com.leekwars.generator.FightFunctions.getFarestAlly)), load(sysexec(com.leekwars.generator.FightFunctions.getFarestAlly)), load(sysexec(LeekFunctions.string, load(sysexec(com.leekwars.generator.FightFunctions.getAliveAllies)))), load(sysexec(LeekFunctions.string, load(sysexec(com.leekwars.generator.FightFunctions.getDeadAllies)))), load(sysexec(com.leekwars.generator.FightFunctions.getAlliesCount)) }, false), 7);
                                                                                                                                                                                                                                                                                                                                                                                                                                                                                                                                                                                                                                                                                                                                                                                                                                                                                                                                                                                                                                                                                                                                                                                                                                                                                                                                                                                                                                                                                                                                                                                                                                                                                                                                                                                                                                                                                                                                                                                                                                                                                                                                                                                                                                                                                                                                                                                                                                                                                                                                                                                                                                                                                                                                                                                                                                                                                                                                                                                                                                                                                                                                                                                                                                                                                                                                                                                                                                                                                                                                                                                                        ^
AI_7.java:12: error: package com.leekwars.generator does not exist
return ops(new ArrayLeekValue(AI_7.this, new Object[] { load(sysexec(com.leekwars.generator.FightFunctions.getDistance, 164, 200)), load(sysexec(com.leekwars.generator.FightFunctions.getDistance, 17, 595)), load(sysexec(com.leekwars.generator.FightFunctions.getCellDistance, 164, 200)), load(sysexec(com.leekwars.generator.FightFunctions.getCellDistance, 17, 595)), load(sysexec(com.leekwars.generator.FightFunctions.getLeekOnCell, load(sysexec(com.leekwars.generator.FightFunctions.getCell, new Object[] { null })))), load(sysexec(com.leekwars.generator.FightFunctions.getLeekOnCell, load(sysexec(com.leekwars.generator.FightFunctions.getCell, 1)))), load(sysexec(com.leekwars.generator.FightFunctions.getLeekOnCell, 1)), load(sysexec(com.leekwars.generator.FightFunctions.getLeekOnCell, -1)), load(sysexec(com.leekwars.generator.FightFunctions.getCellContent, load(sysexec(com.leekwars.generator.FightFunctions.getCell, new Object[] { null })))), load(sysexec(com.leekwars.generator.FightFunctions.getCellContent, load(sysexec(com.leekwars.generator.FightFunctions.getCell, 1)))), load(sysexec(com.leekwars.generator.FightFunctions.getCellContent, 1)), load(sysexec(com.leekwars.generator.FightFunctions.getCellContent, 17)), load(sysexec(com.leekwars.generator.FightFunctions.getCellContent, -1)), load(sysexec(com.leekwars.generator.FightFunctions.isEmptyCell, load(sysexec(com.leekwars.generator.FightFunctions.getCell, new Object[] { null })))), load(sysexec(com.leekwars.generator.FightFunctions.isEmptyCell, load(sysexec(com.leekwars.generator.FightFunctions.getCell, 1)))), load(sysexec(com.leekwars.generator.FightFunctions.isEmptyCell, 1)), load(sysexec(com.leekwars.generator.FightFunctions.isEmptyCell, 17)), load(sysexec(com.leekwars.generator.FightFunctions.isEmptyCell, -1)), load(sysexec(com.leekwars.generator.FightFunctions.isObstacle, load(sysexec(com.leekwars.generator.FightFunctions.getCell, new Object[] { null })))), load(sysexec(com.leekwars.generator.FightFunctions.isObstacle, load(sysexec(com.leekwars.generator.FightFunctions.getCell, 1)))), load(sysexec(com.leekwars.generator.FightFunctions.isObstacle, 1)), load(sysexec(com.leekwars.generator.FightFunctions.isObstacle, 17)), load(sysexec(com.leekwars.generator.FightFunctions.isObstacle, -1)), load(sysexec(com.leekwars.generator.FightFunctions.isLeek, load(sysexec(com.leekwars.generator.FightFunctions.getCell, new Object[] { null })))), load(sysexec(com.leekwars.generator.FightFunctions.isLeek, load(sysexec(com.leekwars.generator.FightFunctions.getCell, 1)))), load(sysexec(com.leekwars.generator.FightFunctions.isLeek, 1)), load(sysexec(com.leekwars.generator.FightFunctions.isLeek, 17)), load(sysexec(com.leekwars.generator.FightFunctions.isLeek, -1)), load(sysexec(com.leekwars.generator.FightFunctions.getCellX, load(sysexec(com.leekwars.generator.FightFunctions.getCell, new Object[] { null })))), load(sysexec(com.leekwars.generator.FightFunctions.getCellX, load(sysexec(com.leekwars.generator.FightFunctions.getCell, 1)))), load(sysexec(com.leekwars.generator.FightFunctions.getCellX, 1)), load(sysexec(com.leekwars.generator.FightFunctions.getCellX, 17)), load(sysexec(com.leekwars.generator.FightFunctions.getCellX, -1)), load(sysexec(com.leekwars.generator.FightFunctions.getCellY, load(sysexec(com.leekwars.generator.FightFunctions.getCell, new Object[] { null })))), load(sysexec(com.leekwars.generator.FightFunctions.getCellY, load(sysexec(com.leekwars.generator.FightFunctions.getCell, 1)))), load(sysexec(com.leekwars.generator.FightFunctions.getCellY, 1)), load(sysexec(com.leekwars.generator.FightFunctions.getCellY, 17)), load(sysexec(com.leekwars.generator.FightFunctions.getCellY, -1)), load(sysexec(com.leekwars.generator.FightFunctions.getNearestEnemy)), load(sysexec(com.leekwars.generator.FightFunctions.getFarestEnemy)), load(sysexec(com.leekwars.generator.FightFunctions.getTurn)), load(sysexec(LeekFunctions.string, load(sysexec(com.leekwars.generator.FightFunctions.getAliveEnemies)))), load(sysexec(com.leekwars.generator.FightFunctions.getAliveEnemiesCount)), load(sysexec(LeekFunctions.string, load(sysexec(com.leekwars.generator.FightFunctions.getDeadEnemies)))), load(sysexec(com.leekwars.generator.FightFunctions.getDeadEnemiesCount)), load(sysexec(LeekFunctions.string, load(sysexec(com.leekwars.generator.FightFunctions.getEnemies)))), load(sysexec(LeekFunctions.string, load(sysexec(com.leekwars.generator.FightFunctions.getAllies)))), load(sysexec(com.leekwars.generator.FightFunctions.getEnemiesCount)), load(sysexec(com.leekwars.generator.FightFunctions.getNearestAlly)), load(sysexec(com.leekwars.generator.FightFunctions.getFarestAlly)), load(sysexec(com.leekwars.generator.FightFunctions.getFarestAlly)), load(sysexec(LeekFunctions.string, load(sysexec(com.leekwars.generator.FightFunctions.getAliveAllies)))), load(sysexec(LeekFunctions.string, load(sysexec(com.leekwars.generator.FightFunctions.getDeadAllies)))), load(sysexec(com.leekwars.generator.FightFunctions.getAlliesCount)) }, false), 7);
                                                                                                                                                                                                                                                                                                                                                                                                                                                                                                                                                                                                                                                                                                                                                                                                                                                                                                                                                                                                                                                                                                                                                                                                                                                                                                                                                                                                                                                                                                                                                                                                                                                                                                                                                                                                                                                                                                                                                                                                                                                                                                                                                                                                                                                                                                                                                                                                                                                                                                                                                                                                                                                                                                                                                                                                                                                                                                                                                                                                                                                                                                                                                                                                                                                                                                                                                                                                                                                                                                                                                                                                                                                                           ^
AI_7.java:12: error: package com.leekwars.generator does not exist
return ops(new ArrayLeekValue(AI_7.this, new Object[] { load(sysexec(com.leekwars.generator.FightFunctions.getDistance, 164, 200)), load(sysexec(com.leekwars.generator.FightFunctions.getDistance, 17, 595)), load(sysexec(com.leekwars.generator.FightFunctions.getCellDistance, 164, 200)), load(sysexec(com.leekwars.generator.FightFunctions.getCellDistance, 17, 595)), load(sysexec(com.leekwars.generator.FightFunctions.getLeekOnCell, load(sysexec(com.leekwars.generator.FightFunctions.getCell, new Object[] { null })))), load(sysexec(com.leekwars.generator.FightFunctions.getLeekOnCell, load(sysexec(com.leekwars.generator.FightFunctions.getCell, 1)))), load(sysexec(com.leekwars.generator.FightFunctions.getLeekOnCell, 1)), load(sysexec(com.leekwars.generator.FightFunctions.getLeekOnCell, -1)), load(sysexec(com.leekwars.generator.FightFunctions.getCellContent, load(sysexec(com.leekwars.generator.FightFunctions.getCell, new Object[] { null })))), load(sysexec(com.leekwars.generator.FightFunctions.getCellContent, load(sysexec(com.leekwars.generator.FightFunctions.getCell, 1)))), load(sysexec(com.leekwars.generator.FightFunctions.getCellContent, 1)), load(sysexec(com.leekwars.generator.FightFunctions.getCellContent, 17)), load(sysexec(com.leekwars.generator.FightFunctions.getCellContent, -1)), load(sysexec(com.leekwars.generator.FightFunctions.isEmptyCell, load(sysexec(com.leekwars.generator.FightFunctions.getCell, new Object[] { null })))), load(sysexec(com.leekwars.generator.FightFunctions.isEmptyCell, load(sysexec(com.leekwars.generator.FightFunctions.getCell, 1)))), load(sysexec(com.leekwars.generator.FightFunctions.isEmptyCell, 1)), load(sysexec(com.leekwars.generator.FightFunctions.isEmptyCell, 17)), load(sysexec(com.leekwars.generator.FightFunctions.isEmptyCell, -1)), load(sysexec(com.leekwars.generator.FightFunctions.isObstacle, load(sysexec(com.leekwars.generator.FightFunctions.getCell, new Object[] { null })))), load(sysexec(com.leekwars.generator.FightFunctions.isObstacle, load(sysexec(com.leekwars.generator.FightFunctions.getCell, 1)))), load(sysexec(com.leekwars.generator.FightFunctions.isObstacle, 1)), load(sysexec(com.leekwars.generator.FightFunctions.isObstacle, 17)), load(sysexec(com.leekwars.generator.FightFunctions.isObstacle, -1)), load(sysexec(com.leekwars.generator.FightFunctions.isLeek, load(sysexec(com.leekwars.generator.FightFunctions.getCell, new Object[] { null })))), load(sysexec(com.leekwars.generator.FightFunctions.isLeek, load(sysexec(com.leekwars.generator.FightFunctions.getCell, 1)))), load(sysexec(com.leekwars.generator.FightFunctions.isLeek, 1)), load(sysexec(com.leekwars.generator.FightFunctions.isLeek, 17)), load(sysexec(com.leekwars.generator.FightFunctions.isLeek, -1)), load(sysexec(com.leekwars.generator.FightFunctions.getCellX, load(sysexec(com.leekwars.generator.FightFunctions.getCell, new Object[] { null })))), load(sysexec(com.leekwars.generator.FightFunctions.getCellX, load(sysexec(com.leekwars.generator.FightFunctions.getCell, 1)))), load(sysexec(com.leekwars.generator.FightFunctions.getCellX, 1)), load(sysexec(com.leekwars.generator.FightFunctions.getCellX, 17)), load(sysexec(com.leekwars.generator.FightFunctions.getCellX, -1)), load(sysexec(com.leekwars.generator.FightFunctions.getCellY, load(sysexec(com.leekwars.generator.FightFunctions.getCell, new Object[] { null })))), load(sysexec(com.leekwars.generator.FightFunctions.getCellY, load(sysexec(com.leekwars.generator.FightFunctions.getCell, 1)))), load(sysexec(com.leekwars.generator.FightFunctions.getCellY, 1)), load(sysexec(com.leekwars.generator.FightFunctions.getCellY, 17)), load(sysexec(com.leekwars.generator.FightFunctions.getCellY, -1)), load(sysexec(com.leekwars.generator.FightFunctions.getNearestEnemy)), load(sysexec(com.leekwars.generator.FightFunctions.getFarestEnemy)), load(sysexec(com.leekwars.generator.FightFunctions.getTurn)), load(sysexec(LeekFunctions.string, load(sysexec(com.leekwars.generator.FightFunctions.getAliveEnemies)))), load(sysexec(com.leekwars.generator.FightFunctions.getAliveEnemiesCount)), load(sysexec(LeekFunctions.string, load(sysexec(com.leekwars.generator.FightFunctions.getDeadEnemies)))), load(sysexec(com.leekwars.generator.FightFunctions.getDeadEnemiesCount)), load(sysexec(LeekFunctions.string, load(sysexec(com.leekwars.generator.FightFunctions.getEnemies)))), load(sysexec(LeekFunctions.string, load(sysexec(com.leekwars.generator.FightFunctions.getAllies)))), load(sysexec(com.leekwars.generator.FightFunctions.getEnemiesCount)), load(sysexec(com.leekwars.generator.FightFunctions.getNearestAlly)), load(sysexec(com.leekwars.generator.FightFunctions.getFarestAlly)), load(sysexec(com.leekwars.generator.FightFunctions.getFarestAlly)), load(sysexec(LeekFunctions.string, load(sysexec(com.leekwars.generator.FightFunctions.getAliveAllies)))), load(sysexec(LeekFunctions.string, load(sysexec(com.leekwars.generator.FightFunctions.getDeadAllies)))), load(sysexec(com.leekwars.generator.FightFunctions.getAlliesCount)) }, false), 7);
                                                                                                                                                                                                                                                                                                                                                                                                                                                                                                                                                                                                                                                                                                                                                                                                                                                                                                                                                                                                                                                                                                                                                                                                                                                                                                                                                                                                                                                                                                                                                                                                                                                                                                                                                                                                                                                                                                                                                                                                                                                                                                                                                                                                                                                                                                                                                                                                                                                                                                                                                                                                                                                                                                                                                                                                                                                                                                                                                                                                                                                                                                                                                                                                                                                                                                                                                                                                                                                                                                                                                                                                                                                                                                                                             ^
AI_7.java:12: error: package com.leekwars.generator does not exist
return ops(new ArrayLeekValue(AI_7.this, new Object[] { load(sysexec(com.leekwars.generator.FightFunctions.getDistance, 164, 200)), load(sysexec(com.leekwars.generator.FightFunctions.getDistance, 17, 595)), load(sysexec(com.leekwars.generator.FightFunctions.getCellDistance, 164, 200)), load(sysexec(com.leekwars.generator.FightFunctions.getCellDistance, 17, 595)), load(sysexec(com.leekwars.generator.FightFunctions.getLeekOnCell, load(sysexec(com.leekwars.generator.FightFunctions.getCell, new Object[] { null })))), load(sysexec(com.leekwars.generator.FightFunctions.getLeekOnCell, load(sysexec(com.leekwars.generator.FightFunctions.getCell, 1)))), load(sysexec(com.leekwars.generator.FightFunctions.getLeekOnCell, 1)), load(sysexec(com.leekwars.generator.FightFunctions.getLeekOnCell, -1)), load(sysexec(com.leekwars.generator.FightFunctions.getCellContent, load(sysexec(com.leekwars.generator.FightFunctions.getCell, new Object[] { null })))), load(sysexec(com.leekwars.generator.FightFunctions.getCellContent, load(sysexec(com.leekwars.generator.FightFunctions.getCell, 1)))), load(sysexec(com.leekwars.generator.FightFunctions.getCellContent, 1)), load(sysexec(com.leekwars.generator.FightFunctions.getCellContent, 17)), load(sysexec(com.leekwars.generator.FightFunctions.getCellContent, -1)), load(sysexec(com.leekwars.generator.FightFunctions.isEmptyCell, load(sysexec(com.leekwars.generator.FightFunctions.getCell, new Object[] { null })))), load(sysexec(com.leekwars.generator.FightFunctions.isEmptyCell, load(sysexec(com.leekwars.generator.FightFunctions.getCell, 1)))), load(sysexec(com.leekwars.generator.FightFunctions.isEmptyCell, 1)), load(sysexec(com.leekwars.generator.FightFunctions.isEmptyCell, 17)), load(sysexec(com.leekwars.generator.FightFunctions.isEmptyCell, -1)), load(sysexec(com.leekwars.generator.FightFunctions.isObstacle, load(sysexec(com.leekwars.generator.FightFunctions.getCell, new Object[] { null })))), load(sysexec(com.leekwars.generator.FightFunctions.isObstacle, load(sysexec(com.leekwars.generator.FightFunctions.getCell, 1)))), load(sysexec(com.leekwars.generator.FightFunctions.isObstacle, 1)), load(sysexec(com.leekwars.generator.FightFunctions.isObstacle, 17)), load(sysexec(com.leekwars.generator.FightFunctions.isObstacle, -1)), load(sysexec(com.leekwars.generator.FightFunctions.isLeek, load(sysexec(com.leekwars.generator.FightFunctions.getCell, new Object[] { null })))), load(sysexec(com.leekwars.generator.FightFunctions.isLeek, load(sysexec(com.leekwars.generator.FightFunctions.getCell, 1)))), load(sysexec(com.leekwars.generator.FightFunctions.isLeek, 1)), load(sysexec(com.leekwars.generator.FightFunctions.isLeek, 17)), load(sysexec(com.leekwars.generator.FightFunctions.isLeek, -1)), load(sysexec(com.leekwars.generator.FightFunctions.getCellX, load(sysexec(com.leekwars.generator.FightFunctions.getCell, new Object[] { null })))), load(sysexec(com.leekwars.generator.FightFunctions.getCellX, load(sysexec(com.leekwars.generator.FightFunctions.getCell, 1)))), load(sysexec(com.leekwars.generator.FightFunctions.getCellX, 1)), load(sysexec(com.leekwars.generator.FightFunctions.getCellX, 17)), load(sysexec(com.leekwars.generator.FightFunctions.getCellX, -1)), load(sysexec(com.leekwars.generator.FightFunctions.getCellY, load(sysexec(com.leekwars.generator.FightFunctions.getCell, new Object[] { null })))), load(sysexec(com.leekwars.generator.FightFunctions.getCellY, load(sysexec(com.leekwars.generator.FightFunctions.getCell, 1)))), load(sysexec(com.leekwars.generator.FightFunctions.getCellY, 1)), load(sysexec(com.leekwars.generator.FightFunctions.getCellY, 17)), load(sysexec(com.leekwars.generator.FightFunctions.getCellY, -1)), load(sysexec(com.leekwars.generator.FightFunctions.getNearestEnemy)), load(sysexec(com.leekwars.generator.FightFunctions.getFarestEnemy)), load(sysexec(com.leekwars.generator.FightFunctions.getTurn)), load(sysexec(LeekFunctions.string, load(sysexec(com.leekwars.generator.FightFunctions.getAliveEnemies)))), load(sysexec(com.leekwars.generator.FightFunctions.getAliveEnemiesCount)), load(sysexec(LeekFunctions.string, load(sysexec(com.leekwars.generator.FightFunctions.getDeadEnemies)))), load(sysexec(com.leekwars.generator.FightFunctions.getDeadEnemiesCount)), load(sysexec(LeekFunctions.string, load(sysexec(com.leekwars.generator.FightFunctions.getEnemies)))), load(sysexec(LeekFunctions.string, load(sysexec(com.leekwars.generator.FightFunctions.getAllies)))), load(sysexec(com.leekwars.generator.FightFunctions.getEnemiesCount)), load(sysexec(com.leekwars.generator.FightFunctions.getNearestAlly)), load(sysexec(com.leekwars.generator.FightFunctions.getFarestAlly)), load(sysexec(com.leekwars.generator.FightFunctions.getFarestAlly)), load(sysexec(LeekFunctions.string, load(sysexec(com.leekwars.generator.FightFunctions.getAliveAllies)))), load(sysexec(LeekFunctions.string, load(sysexec(com.leekwars.generator.FightFunctions.getDeadAllies)))), load(sysexec(com.leekwars.generator.FightFunctions.getAlliesCount)) }, false), 7);
                                                                                                                                                                                                                                                                                                                                                                                                                                                                                                                                                                                                                                                                                                                                                                                                                                                                                                                                                                                                                                                                                                                                                                                                                                                                                                                                                                                                                                                                                                                                                                                                                                                                                                                                                                                                                                                                                                                                                                                                                                                                                                                                                                                                                                                                                                                                                                                                                                                                                                                                                                                                                                                                                                                                                                                                                                                                                                                                                                                                                                                                                                                                                                                                                                                                                                                                                                                                                                                                                                                                                                                                                                                                                                                                                                                                                ^
AI_7.java:12: error: package com.leekwars.generator does not exist
return ops(new ArrayLeekValue(AI_7.this, new Object[] { load(sysexec(com.leekwars.generator.FightFunctions.getDistance, 164, 200)), load(sysexec(com.leekwars.generator.FightFunctions.getDistance, 17, 595)), load(sysexec(com.leekwars.generator.FightFunctions.getCellDistance, 164, 200)), load(sysexec(com.leekwars.generator.FightFunctions.getCellDistance, 17, 595)), load(sysexec(com.leekwars.generator.FightFunctions.getLeekOnCell, load(sysexec(com.leekwars.generator.FightFunctions.getCell, new Object[] { null })))), load(sysexec(com.leekwars.generator.FightFunctions.getLeekOnCell, load(sysexec(com.leekwars.generator.FightFunctions.getCell, 1)))), load(sysexec(com.leekwars.generator.FightFunctions.getLeekOnCell, 1)), load(sysexec(com.leekwars.generator.FightFunctions.getLeekOnCell, -1)), load(sysexec(com.leekwars.generator.FightFunctions.getCellContent, load(sysexec(com.leekwars.generator.FightFunctions.getCell, new Object[] { null })))), load(sysexec(com.leekwars.generator.FightFunctions.getCellContent, load(sysexec(com.leekwars.generator.FightFunctions.getCell, 1)))), load(sysexec(com.leekwars.generator.FightFunctions.getCellContent, 1)), load(sysexec(com.leekwars.generator.FightFunctions.getCellContent, 17)), load(sysexec(com.leekwars.generator.FightFunctions.getCellContent, -1)), load(sysexec(com.leekwars.generator.FightFunctions.isEmptyCell, load(sysexec(com.leekwars.generator.FightFunctions.getCell, new Object[] { null })))), load(sysexec(com.leekwars.generator.FightFunctions.isEmptyCell, load(sysexec(com.leekwars.generator.FightFunctions.getCell, 1)))), load(sysexec(com.leekwars.generator.FightFunctions.isEmptyCell, 1)), load(sysexec(com.leekwars.generator.FightFunctions.isEmptyCell, 17)), load(sysexec(com.leekwars.generator.FightFunctions.isEmptyCell, -1)), load(sysexec(com.leekwars.generator.FightFunctions.isObstacle, load(sysexec(com.leekwars.generator.FightFunctions.getCell, new Object[] { null })))), load(sysexec(com.leekwars.generator.FightFunctions.isObstacle, load(sysexec(com.leekwars.generator.FightFunctions.getCell, 1)))), load(sysexec(com.leekwars.generator.FightFunctions.isObstacle, 1)), load(sysexec(com.leekwars.generator.FightFunctions.isObstacle, 17)), load(sysexec(com.leekwars.generator.FightFunctions.isObstacle, -1)), load(sysexec(com.leekwars.generator.FightFunctions.isLeek, load(sysexec(com.leekwars.generator.FightFunctions.getCell, new Object[] { null })))), load(sysexec(com.leekwars.generator.FightFunctions.isLeek, load(sysexec(com.leekwars.generator.FightFunctions.getCell, 1)))), load(sysexec(com.leekwars.generator.FightFunctions.isLeek, 1)), load(sysexec(com.leekwars.generator.FightFunctions.isLeek, 17)), load(sysexec(com.leekwars.generator.FightFunctions.isLeek, -1)), load(sysexec(com.leekwars.generator.FightFunctions.getCellX, load(sysexec(com.leekwars.generator.FightFunctions.getCell, new Object[] { null })))), load(sysexec(com.leekwars.generator.FightFunctions.getCellX, load(sysexec(com.leekwars.generator.FightFunctions.getCell, 1)))), load(sysexec(com.leekwars.generator.FightFunctions.getCellX, 1)), load(sysexec(com.leekwars.generator.FightFunctions.getCellX, 17)), load(sysexec(com.leekwars.generator.FightFunctions.getCellX, -1)), load(sysexec(com.leekwars.generator.FightFunctions.getCellY, load(sysexec(com.leekwars.generator.FightFunctions.getCell, new Object[] { null })))), load(sysexec(com.leekwars.generator.FightFunctions.getCellY, load(sysexec(com.leekwars.generator.FightFunctions.getCell, 1)))), load(sysexec(com.leekwars.generator.FightFunctions.getCellY, 1)), load(sysexec(com.leekwars.generator.FightFunctions.getCellY, 17)), load(sysexec(com.leekwars.generator.FightFunctions.getCellY, -1)), load(sysexec(com.leekwars.generator.FightFunctions.getNearestEnemy)), load(sysexec(com.leekwars.generator.FightFunctions.getFarestEnemy)), load(sysexec(com.leekwars.generator.FightFunctions.getTurn)), load(sysexec(LeekFunctions.string, load(sysexec(com.leekwars.generator.FightFunctions.getAliveEnemies)))), load(sysexec(com.leekwars.generator.FightFunctions.getAliveEnemiesCount)), load(sysexec(LeekFunctions.string, load(sysexec(com.leekwars.generator.FightFunctions.getDeadEnemies)))), load(sysexec(com.leekwars.generator.FightFunctions.getDeadEnemiesCount)), load(sysexec(LeekFunctions.string, load(sysexec(com.leekwars.generator.FightFunctions.getEnemies)))), load(sysexec(LeekFunctions.string, load(sysexec(com.leekwars.generator.FightFunctions.getAllies)))), load(sysexec(com.leekwars.generator.FightFunctions.getEnemiesCount)), load(sysexec(com.leekwars.generator.FightFunctions.getNearestAlly)), load(sysexec(com.leekwars.generator.FightFunctions.getFarestAlly)), load(sysexec(com.leekwars.generator.FightFunctions.getFarestAlly)), load(sysexec(LeekFunctions.string, load(sysexec(com.leekwars.generator.FightFunctions.getAliveAllies)))), load(sysexec(LeekFunctions.string, load(sysexec(com.leekwars.generator.FightFunctions.getDeadAllies)))), load(sysexec(com.leekwars.generator.FightFunctions.getAlliesCount)) }, false), 7);
                                                                                                                                                                                                                                                                                                                                                                                                                                                                                                                                                                                                                                                                                                                                                                                                                                                                                                                                                                                                                                                                                                                                                                                                                                                                                                                                                                                                                                                                                                                                                                                                                                                                                                                                                                                                                                                                                                                                                                                                                                                                                                                                                                                                                                                                                                                                                                                                                                                                                                                                                                                                                                                                                                                                                                                                                                                                                                                                                                                                                                                                                                                                                                                                                                                                                                                                                                                                                                                                                                                                                                                                                                                                                                                                                                                                                                                                                   ^
AI_7.java:12: error: package com.leekwars.generator does not exist
return ops(new ArrayLeekValue(AI_7.this, new Object[] { load(sysexec(com.leekwars.generator.FightFunctions.getDistance, 164, 200)), load(sysexec(com.leekwars.generator.FightFunctions.getDistance, 17, 595)), load(sysexec(com.leekwars.generator.FightFunctions.getCellDistance, 164, 200)), load(sysexec(com.leekwars.generator.FightFunctions.getCellDistance, 17, 595)), load(sysexec(com.leekwars.generator.FightFunctions.getLeekOnCell, load(sysexec(com.leekwars.generator.FightFunctions.getCell, new Object[] { null })))), load(sysexec(com.leekwars.generator.FightFunctions.getLeekOnCell, load(sysexec(com.leekwars.generator.FightFunctions.getCell, 1)))), load(sysexec(com.leekwars.generator.FightFunctions.getLeekOnCell, 1)), load(sysexec(com.leekwars.generator.FightFunctions.getLeekOnCell, -1)), load(sysexec(com.leekwars.generator.FightFunctions.getCellContent, load(sysexec(com.leekwars.generator.FightFunctions.getCell, new Object[] { null })))), load(sysexec(com.leekwars.generator.FightFunctions.getCellContent, load(sysexec(com.leekwars.generator.FightFunctions.getCell, 1)))), load(sysexec(com.leekwars.generator.FightFunctions.getCellContent, 1)), load(sysexec(com.leekwars.generator.FightFunctions.getCellContent, 17)), load(sysexec(com.leekwars.generator.FightFunctions.getCellContent, -1)), load(sysexec(com.leekwars.generator.FightFunctions.isEmptyCell, load(sysexec(com.leekwars.generator.FightFunctions.getCell, new Object[] { null })))), load(sysexec(com.leekwars.generator.FightFunctions.isEmptyCell, load(sysexec(com.leekwars.generator.FightFunctions.getCell, 1)))), load(sysexec(com.leekwars.generator.FightFunctions.isEmptyCell, 1)), load(sysexec(com.leekwars.generator.FightFunctions.isEmptyCell, 17)), load(sysexec(com.leekwars.generator.FightFunctions.isEmptyCell, -1)), load(sysexec(com.leekwars.generator.FightFunctions.isObstacle, load(sysexec(com.leekwars.generator.FightFunctions.getCell, new Object[] { null })))), load(sysexec(com.leekwars.generator.FightFunctions.isObstacle, load(sysexec(com.leekwars.generator.FightFunctions.getCell, 1)))), load(sysexec(com.leekwars.generator.FightFunctions.isObstacle, 1)), load(sysexec(com.leekwars.generator.FightFunctions.isObstacle, 17)), load(sysexec(com.leekwars.generator.FightFunctions.isObstacle, -1)), load(sysexec(com.leekwars.generator.FightFunctions.isLeek, load(sysexec(com.leekwars.generator.FightFunctions.getCell, new Object[] { null })))), load(sysexec(com.leekwars.generator.FightFunctions.isLeek, load(sysexec(com.leekwars.generator.FightFunctions.getCell, 1)))), load(sysexec(com.leekwars.generator.FightFunctions.isLeek, 1)), load(sysexec(com.leekwars.generator.FightFunctions.isLeek, 17)), load(sysexec(com.leekwars.generator.FightFunctions.isLeek, -1)), load(sysexec(com.leekwars.generator.FightFunctions.getCellX, load(sysexec(com.leekwars.generator.FightFunctions.getCell, new Object[] { null })))), load(sysexec(com.leekwars.generator.FightFunctions.getCellX, load(sysexec(com.leekwars.generator.FightFunctions.getCell, 1)))), load(sysexec(com.leekwars.generator.FightFunctions.getCellX, 1)), load(sysexec(com.leekwars.generator.FightFunctions.getCellX, 17)), load(sysexec(com.leekwars.generator.FightFunctions.getCellX, -1)), load(sysexec(com.leekwars.generator.FightFunctions.getCellY, load(sysexec(com.leekwars.generator.FightFunctions.getCell, new Object[] { null })))), load(sysexec(com.leekwars.generator.FightFunctions.getCellY, load(sysexec(com.leekwars.generator.FightFunctions.getCell, 1)))), load(sysexec(com.leekwars.generator.FightFunctions.getCellY, 1)), load(sysexec(com.leekwars.generator.FightFunctions.getCellY, 17)), load(sysexec(com.leekwars.generator.FightFunctions.getCellY, -1)), load(sysexec(com.leekwars.generator.FightFunctions.getNearestEnemy)), load(sysexec(com.leekwars.generator.FightFunctions.getFarestEnemy)), load(sysexec(com.leekwars.generator.FightFunctions.getTurn)), load(sysexec(LeekFunctions.string, load(sysexec(com.leekwars.generator.FightFunctions.getAliveEnemies)))), load(sysexec(com.leekwars.generator.FightFunctions.getAliveEnemiesCount)), load(sysexec(LeekFunctions.string, load(sysexec(com.leekwars.generator.FightFunctions.getDeadEnemies)))), load(sysexec(com.leekwars.generator.FightFunctions.getDeadEnemiesCount)), load(sysexec(LeekFunctions.string, load(sysexec(com.leekwars.generator.FightFunctions.getEnemies)))), load(sysexec(LeekFunctions.string, load(sysexec(com.leekwars.generator.FightFunctions.getAllies)))), load(sysexec(com.leekwars.generator.FightFunctions.getEnemiesCount)), load(sysexec(com.leekwars.generator.FightFunctions.getNearestAlly)), load(sysexec(com.leekwars.generator.FightFunctions.getFarestAlly)), load(sysexec(com.leekwars.generator.FightFunctions.getFarestAlly)), load(sysexec(LeekFunctions.string, load(sysexec(com.leekwars.generator.FightFunctions.getAliveAllies)))), load(sysexec(LeekFunctions.string, load(sysexec(com.leekwars.generator.FightFunctions.getDeadAllies)))), load(sysexec(com.leekwars.generator.FightFunctions.getAlliesCount)) }, false), 7);
                                                                                                                                                                                                                                                                                                                                                                                                                                                                                                                                                                                                                                                                                                                                                                                                                                                                                                                                                                                                                                                                                                                                                                                                                                                                                                                                                                                                                                                                                                                                                                                                                                                                                                                                                                                                                                                                                                                                                                                                                                                                                                                                                                                                                                                                                                                                                                                                                                                                                                                                                                                                                                                                                                                                                                                                                                                                                                                                                                                                                                                                                                                                                                                                                                                                                                                                                                                                                                                                                                                                                                                                                                                                                                                                                                                                                                                                                                                                                         ^
AI_7.java:12: error: package com.leekwars.generator does not exist
return ops(new ArrayLeekValue(AI_7.this, new Object[] { load(sysexec(com.leekwars.generator.FightFunctions.getDistance, 164, 200)), load(sysexec(com.leekwars.generator.FightFunctions.getDistance, 17, 595)), load(sysexec(com.leekwars.generator.FightFunctions.getCellDistance, 164, 200)), load(sysexec(com.leekwars.generator.FightFunctions.getCellDistance, 17, 595)), load(sysexec(com.leekwars.generator.FightFunctions.getLeekOnCell, load(sysexec(com.leekwars.generator.FightFunctions.getCell, new Object[] { null })))), load(sysexec(com.leekwars.generator.FightFunctions.getLeekOnCell, load(sysexec(com.leekwars.generator.FightFunctions.getCell, 1)))), load(sysexec(com.leekwars.generator.FightFunctions.getLeekOnCell, 1)), load(sysexec(com.leekwars.generator.FightFunctions.getLeekOnCell, -1)), load(sysexec(com.leekwars.generator.FightFunctions.getCellContent, load(sysexec(com.leekwars.generator.FightFunctions.getCell, new Object[] { null })))), load(sysexec(com.leekwars.generator.FightFunctions.getCellContent, load(sysexec(com.leekwars.generator.FightFunctions.getCell, 1)))), load(sysexec(com.leekwars.generator.FightFunctions.getCellContent, 1)), load(sysexec(com.leekwars.generator.FightFunctions.getCellContent, 17)), load(sysexec(com.leekwars.generator.FightFunctions.getCellContent, -1)), load(sysexec(com.leekwars.generator.FightFunctions.isEmptyCell, load(sysexec(com.leekwars.generator.FightFunctions.getCell, new Object[] { null })))), load(sysexec(com.leekwars.generator.FightFunctions.isEmptyCell, load(sysexec(com.leekwars.generator.FightFunctions.getCell, 1)))), load(sysexec(com.leekwars.generator.FightFunctions.isEmptyCell, 1)), load(sysexec(com.leekwars.generator.FightFunctions.isEmptyCell, 17)), load(sysexec(com.leekwars.generator.FightFunctions.isEmptyCell, -1)), load(sysexec(com.leekwars.generator.FightFunctions.isObstacle, load(sysexec(com.leekwars.generator.FightFunctions.getCell, new Object[] { null })))), load(sysexec(com.leekwars.generator.FightFunctions.isObstacle, load(sysexec(com.leekwars.generator.FightFunctions.getCell, 1)))), load(sysexec(com.leekwars.generator.FightFunctions.isObstacle, 1)), load(sysexec(com.leekwars.generator.FightFunctions.isObstacle, 17)), load(sysexec(com.leekwars.generator.FightFunctions.isObstacle, -1)), load(sysexec(com.leekwars.generator.FightFunctions.isLeek, load(sysexec(com.leekwars.generator.FightFunctions.getCell, new Object[] { null })))), load(sysexec(com.leekwars.generator.FightFunctions.isLeek, load(sysexec(com.leekwars.generator.FightFunctions.getCell, 1)))), load(sysexec(com.leekwars.generator.FightFunctions.isLeek, 1)), load(sysexec(com.leekwars.generator.FightFunctions.isLeek, 17)), load(sysexec(com.leekwars.generator.FightFunctions.isLeek, -1)), load(sysexec(com.leekwars.generator.FightFunctions.getCellX, load(sysexec(com.leekwars.generator.FightFunctions.getCell, new Object[] { null })))), load(sysexec(com.leekwars.generator.FightFunctions.getCellX, load(sysexec(com.leekwars.generator.FightFunctions.getCell, 1)))), load(sysexec(com.leekwars.generator.FightFunctions.getCellX, 1)), load(sysexec(com.leekwars.generator.FightFunctions.getCellX, 17)), load(sysexec(com.leekwars.generator.FightFunctions.getCellX, -1)), load(sysexec(com.leekwars.generator.FightFunctions.getCellY, load(sysexec(com.leekwars.generator.FightFunctions.getCell, new Object[] { null })))), load(sysexec(com.leekwars.generator.FightFunctions.getCellY, load(sysexec(com.leekwars.generator.FightFunctions.getCell, 1)))), load(sysexec(com.leekwars.generator.FightFunctions.getCellY, 1)), load(sysexec(com.leekwars.generator.FightFunctions.getCellY, 17)), load(sysexec(com.leekwars.generator.FightFunctions.getCellY, -1)), load(sysexec(com.leekwars.generator.FightFunctions.getNearestEnemy)), load(sysexec(com.leekwars.generator.FightFunctions.getFarestEnemy)), load(sysexec(com.leekwars.generator.FightFunctions.getTurn)), load(sysexec(LeekFunctions.string, load(sysexec(com.leekwars.generator.FightFunctions.getAliveEnemies)))), load(sysexec(com.leekwars.generator.FightFunctions.getAliveEnemiesCount)), load(sysexec(LeekFunctions.string, load(sysexec(com.leekwars.generator.FightFunctions.getDeadEnemies)))), load(sysexec(com.leekwars.generator.FightFunctions.getDeadEnemiesCount)), load(sysexec(LeekFunctions.string, load(sysexec(com.leekwars.generator.FightFunctions.getEnemies)))), load(sysexec(LeekFunctions.string, load(sysexec(com.leekwars.generator.FightFunctions.getAllies)))), load(sysexec(com.leekwars.generator.FightFunctions.getEnemiesCount)), load(sysexec(com.leekwars.generator.FightFunctions.getNearestAlly)), load(sysexec(com.leekwars.generator.FightFunctions.getFarestAlly)), load(sysexec(com.leekwars.generator.FightFunctions.getFarestAlly)), load(sysexec(LeekFunctions.string, load(sysexec(com.leekwars.generator.FightFunctions.getAliveAllies)))), load(sysexec(LeekFunctions.string, load(sysexec(com.leekwars.generator.FightFunctions.getDeadAllies)))), load(sysexec(com.leekwars.generator.FightFunctions.getAlliesCount)) }, false), 7);
                                                                                                                                                                                                                                                                                                                                                                                                                                                                                                                                                                                                                                                                                                                                                                                                                                                                                                                                                                                                                                                                                                                                                                                                                                                                                                                                                                                                                                                                                                                                                                                                                                                                                                                                                                                                                                                                                                                                                                                                                                                                                                                                                                                                                                                                                                                                                                                                                                                                                                                                                                                                                                                                                                                                                                                                                                                                                                                                                                                                                                                                                                                                                                                                                                                                                                                                                                                                                                                                                                                                                                                                                                                                                                                                                                                                                                                                                                                                                                                                                              ^
AI_7.java:12: error: package com.leekwars.generator does not exist
return ops(new ArrayLeekValue(AI_7.this, new Object[] { load(sysexec(com.leekwars.generator.FightFunctions.getDistance, 164, 200)), load(sysexec(com.leekwars.generator.FightFunctions.getDistance, 17, 595)), load(sysexec(com.leekwars.generator.FightFunctions.getCellDistance, 164, 200)), load(sysexec(com.leekwars.generator.FightFunctions.getCellDistance, 17, 595)), load(sysexec(com.leekwars.generator.FightFunctions.getLeekOnCell, load(sysexec(com.leekwars.generator.FightFunctions.getCell, new Object[] { null })))), load(sysexec(com.leekwars.generator.FightFunctions.getLeekOnCell, load(sysexec(com.leekwars.generator.FightFunctions.getCell, 1)))), load(sysexec(com.leekwars.generator.FightFunctions.getLeekOnCell, 1)), load(sysexec(com.leekwars.generator.FightFunctions.getLeekOnCell, -1)), load(sysexec(com.leekwars.generator.FightFunctions.getCellContent, load(sysexec(com.leekwars.generator.FightFunctions.getCell, new Object[] { null })))), load(sysexec(com.leekwars.generator.FightFunctions.getCellContent, load(sysexec(com.leekwars.generator.FightFunctions.getCell, 1)))), load(sysexec(com.leekwars.generator.FightFunctions.getCellContent, 1)), load(sysexec(com.leekwars.generator.FightFunctions.getCellContent, 17)), load(sysexec(com.leekwars.generator.FightFunctions.getCellContent, -1)), load(sysexec(com.leekwars.generator.FightFunctions.isEmptyCell, load(sysexec(com.leekwars.generator.FightFunctions.getCell, new Object[] { null })))), load(sysexec(com.leekwars.generator.FightFunctions.isEmptyCell, load(sysexec(com.leekwars.generator.FightFunctions.getCell, 1)))), load(sysexec(com.leekwars.generator.FightFunctions.isEmptyCell, 1)), load(sysexec(com.leekwars.generator.FightFunctions.isEmptyCell, 17)), load(sysexec(com.leekwars.generator.FightFunctions.isEmptyCell, -1)), load(sysexec(com.leekwars.generator.FightFunctions.isObstacle, load(sysexec(com.leekwars.generator.FightFunctions.getCell, new Object[] { null })))), load(sysexec(com.leekwars.generator.FightFunctions.isObstacle, load(sysexec(com.leekwars.generator.FightFunctions.getCell, 1)))), load(sysexec(com.leekwars.generator.FightFunctions.isObstacle, 1)), load(sysexec(com.leekwars.generator.FightFunctions.isObstacle, 17)), load(sysexec(com.leekwars.generator.FightFunctions.isObstacle, -1)), load(sysexec(com.leekwars.generator.FightFunctions.isLeek, load(sysexec(com.leekwars.generator.FightFunctions.getCell, new Object[] { null })))), load(sysexec(com.leekwars.generator.FightFunctions.isLeek, load(sysexec(com.leekwars.generator.FightFunctions.getCell, 1)))), load(sysexec(com.leekwars.generator.FightFunctions.isLeek, 1)), load(sysexec(com.leekwars.generator.FightFunctions.isLeek, 17)), load(sysexec(com.leekwars.generator.FightFunctions.isLeek, -1)), load(sysexec(com.leekwars.generator.FightFunctions.getCellX, load(sysexec(com.leekwars.generator.FightFunctions.getCell, new Object[] { null })))), load(sysexec(com.leekwars.generator.FightFunctions.getCellX, load(sysexec(com.leekwars.generator.FightFunctions.getCell, 1)))), load(sysexec(com.leekwars.generator.FightFunctions.getCellX, 1)), load(sysexec(com.leekwars.generator.FightFunctions.getCellX, 17)), load(sysexec(com.leekwars.generator.FightFunctions.getCellX, -1)), load(sysexec(com.leekwars.generator.FightFunctions.getCellY, load(sysexec(com.leekwars.generator.FightFunctions.getCell, new Object[] { null })))), load(sysexec(com.leekwars.generator.FightFunctions.getCellY, load(sysexec(com.leekwars.generator.FightFunctions.getCell, 1)))), load(sysexec(com.leekwars.generator.FightFunctions.getCellY, 1)), load(sysexec(com.leekwars.generator.FightFunctions.getCellY, 17)), load(sysexec(com.leekwars.generator.FightFunctions.getCellY, -1)), load(sysexec(com.leekwars.generator.FightFunctions.getNearestEnemy)), load(sysexec(com.leekwars.generator.FightFunctions.getFarestEnemy)), load(sysexec(com.leekwars.generator.FightFunctions.getTurn)), load(sysexec(LeekFunctions.string, load(sysexec(com.leekwars.generator.FightFunctions.getAliveEnemies)))), load(sysexec(com.leekwars.generator.FightFunctions.getAliveEnemiesCount)), load(sysexec(LeekFunctions.string, load(sysexec(com.leekwars.generator.FightFunctions.getDeadEnemies)))), load(sysexec(com.leekwars.generator.FightFunctions.getDeadEnemiesCount)), load(sysexec(LeekFunctions.string, load(sysexec(com.leekwars.generator.FightFunctions.getEnemies)))), load(sysexec(LeekFunctions.string, load(sysexec(com.leekwars.generator.FightFunctions.getAllies)))), load(sysexec(com.leekwars.generator.FightFunctions.getEnemiesCount)), load(sysexec(com.leekwars.generator.FightFunctions.getNearestAlly)), load(sysexec(com.leekwars.generator.FightFunctions.getFarestAlly)), load(sysexec(com.leekwars.generator.FightFunctions.getFarestAlly)), load(sysexec(LeekFunctions.string, load(sysexec(com.leekwars.generator.FightFunctions.getAliveAllies)))), load(sysexec(LeekFunctions.string, load(sysexec(com.leekwars.generator.FightFunctions.getDeadAllies)))), load(sysexec(com.leekwars.generator.FightFunctions.getAlliesCount)) }, false), 7);
                                                                                                                                                                                                                                                                                                                                                                                                                                                                                                                                                                                                                                                                                                                                                                                                                                                                                                                                                                                                                                                                                                                                                                                                                                                                                                                                                                                                                                                                                                                                                                                                                                                                                                                                                                                                                                                                                                                                                                                                                                                                                                                                                                                                                                                                                                                                                                                                                                                                                                                                                                                                                                                                                                                                                                                                                                                                                                                                                                                                                                                                                                                                                                                                                                                                                                                                                                                                                                                                                                                                                                                                                                                                                                                                                                                                                                                                                                                                                                                                                                                                                                                               ^
AI_7.java:12: error: package com.leekwars.generator does not exist
return ops(new ArrayLeekValue(AI_7.this, new Object[] { load(sysexec(com.leekwars.generator.FightFunctions.getDistance, 164, 200)), load(sysexec(com.leekwars.generator.FightFunctions.getDistance, 17, 595)), load(sysexec(com.leekwars.generator.FightFunctions.getCellDistance, 164, 200)), load(sysexec(com.leekwars.generator.FightFunctions.getCellDistance, 17, 595)), load(sysexec(com.leekwars.generator.FightFunctions.getLeekOnCell, load(sysexec(com.leekwars.generator.FightFunctions.getCell, new Object[] { null })))), load(sysexec(com.leekwars.generator.FightFunctions.getLeekOnCell, load(sysexec(com.leekwars.generator.FightFunctions.getCell, 1)))), load(sysexec(com.leekwars.generator.FightFunctions.getLeekOnCell, 1)), load(sysexec(com.leekwars.generator.FightFunctions.getLeekOnCell, -1)), load(sysexec(com.leekwars.generator.FightFunctions.getCellContent, load(sysexec(com.leekwars.generator.FightFunctions.getCell, new Object[] { null })))), load(sysexec(com.leekwars.generator.FightFunctions.getCellContent, load(sysexec(com.leekwars.generator.FightFunctions.getCell, 1)))), load(sysexec(com.leekwars.generator.FightFunctions.getCellContent, 1)), load(sysexec(com.leekwars.generator.FightFunctions.getCellContent, 17)), load(sysexec(com.leekwars.generator.FightFunctions.getCellContent, -1)), load(sysexec(com.leekwars.generator.FightFunctions.isEmptyCell, load(sysexec(com.leekwars.generator.FightFunctions.getCell, new Object[] { null })))), load(sysexec(com.leekwars.generator.FightFunctions.isEmptyCell, load(sysexec(com.leekwars.generator.FightFunctions.getCell, 1)))), load(sysexec(com.leekwars.generator.FightFunctions.isEmptyCell, 1)), load(sysexec(com.leekwars.generator.FightFunctions.isEmptyCell, 17)), load(sysexec(com.leekwars.generator.FightFunctions.isEmptyCell, -1)), load(sysexec(com.leekwars.generator.FightFunctions.isObstacle, load(sysexec(com.leekwars.generator.FightFunctions.getCell, new Object[] { null })))), load(sysexec(com.leekwars.generator.FightFunctions.isObstacle, load(sysexec(com.leekwars.generator.FightFunctions.getCell, 1)))), load(sysexec(com.leekwars.generator.FightFunctions.isObstacle, 1)), load(sysexec(com.leekwars.generator.FightFunctions.isObstacle, 17)), load(sysexec(com.leekwars.generator.FightFunctions.isObstacle, -1)), load(sysexec(com.leekwars.generator.FightFunctions.isLeek, load(sysexec(com.leekwars.generator.FightFunctions.getCell, new Object[] { null })))), load(sysexec(com.leekwars.generator.FightFunctions.isLeek, load(sysexec(com.leekwars.generator.FightFunctions.getCell, 1)))), load(sysexec(com.leekwars.generator.FightFunctions.isLeek, 1)), load(sysexec(com.leekwars.generator.FightFunctions.isLeek, 17)), load(sysexec(com.leekwars.generator.FightFunctions.isLeek, -1)), load(sysexec(com.leekwars.generator.FightFunctions.getCellX, load(sysexec(com.leekwars.generator.FightFunctions.getCell, new Object[] { null })))), load(sysexec(com.leekwars.generator.FightFunctions.getCellX, load(sysexec(com.leekwars.generator.FightFunctions.getCell, 1)))), load(sysexec(com.leekwars.generator.FightFunctions.getCellX, 1)), load(sysexec(com.leekwars.generator.FightFunctions.getCellX, 17)), load(sysexec(com.leekwars.generator.FightFunctions.getCellX, -1)), load(sysexec(com.leekwars.generator.FightFunctions.getCellY, load(sysexec(com.leekwars.generator.FightFunctions.getCell, new Object[] { null })))), load(sysexec(com.leekwars.generator.FightFunctions.getCellY, load(sysexec(com.leekwars.generator.FightFunctions.getCell, 1)))), load(sysexec(com.leekwars.generator.FightFunctions.getCellY, 1)), load(sysexec(com.leekwars.generator.FightFunctions.getCellY, 17)), load(sysexec(com.leekwars.generator.FightFunctions.getCellY, -1)), load(sysexec(com.leekwars.generator.FightFunctions.getNearestEnemy)), load(sysexec(com.leekwars.generator.FightFunctions.getFarestEnemy)), load(sysexec(com.leekwars.generator.FightFunctions.getTurn)), load(sysexec(LeekFunctions.string, load(sysexec(com.leekwars.generator.FightFunctions.getAliveEnemies)))), load(sysexec(com.leekwars.generator.FightFunctions.getAliveEnemiesCount)), load(sysexec(LeekFunctions.string, load(sysexec(com.leekwars.generator.FightFunctions.getDeadEnemies)))), load(sysexec(com.leekwars.generator.FightFunctions.getDeadEnemiesCount)), load(sysexec(LeekFunctions.string, load(sysexec(com.leekwars.generator.FightFunctions.getEnemies)))), load(sysexec(LeekFunctions.string, load(sysexec(com.leekwars.generator.FightFunctions.getAllies)))), load(sysexec(com.leekwars.generator.FightFunctions.getEnemiesCount)), load(sysexec(com.leekwars.generator.FightFunctions.getNearestAlly)), load(sysexec(com.leekwars.generator.FightFunctions.getFarestAlly)), load(sysexec(com.leekwars.generator.FightFunctions.getFarestAlly)), load(sysexec(LeekFunctions.string, load(sysexec(com.leekwars.generator.FightFunctions.getAliveAllies)))), load(sysexec(LeekFunctions.string, load(sysexec(com.leekwars.generator.FightFunctions.getDeadAllies)))), load(sysexec(com.leekwars.generator.FightFunctions.getAlliesCount)) }, false), 7);
                                                                                                                                                                                                                                                                                                                                                                                                                                                                                                                                                                                                                                                                                                                                                                                                                                                                                                                                                                                                                                                                                                                                                                                                                                                                                                                                                                                                                                                                                                                                                                                                                                                                                                                                                                                                                                                                                                                                                                                                                                                                                                                                                                                                                                                                                                                                                                                                                                                                                                                                                                                                                                                                                                                                                                                                                                                                                                                                                                                                                                                                                                                                                                                                                                                                                                                                                                                                                                                                                                                                                                                                                                                                                                                                                                                                                                                                                                                                                                                                                                                                                                                                                                                                       ^
AI_7.java:12: error: package com.leekwars.generator does not exist
return ops(new ArrayLeekValue(AI_7.this, new Object[] { load(sysexec(com.leekwars.generator.FightFunctions.getDistance, 164, 200)), load(sysexec(com.leekwars.generator.FightFunctions.getDistance, 17, 595)), load(sysexec(com.leekwars.generator.FightFunctions.getCellDistance, 164, 200)), load(sysexec(com.leekwars.generator.FightFunctions.getCellDistance, 17, 595)), load(sysexec(com.leekwars.generator.FightFunctions.getLeekOnCell, load(sysexec(com.leekwars.generator.FightFunctions.getCell, new Object[] { null })))), load(sysexec(com.leekwars.generator.FightFunctions.getLeekOnCell, load(sysexec(com.leekwars.generator.FightFunctions.getCell, 1)))), load(sysexec(com.leekwars.generator.FightFunctions.getLeekOnCell, 1)), load(sysexec(com.leekwars.generator.FightFunctions.getLeekOnCell, -1)), load(sysexec(com.leekwars.generator.FightFunctions.getCellContent, load(sysexec(com.leekwars.generator.FightFunctions.getCell, new Object[] { null })))), load(sysexec(com.leekwars.generator.FightFunctions.getCellContent, load(sysexec(com.leekwars.generator.FightFunctions.getCell, 1)))), load(sysexec(com.leekwars.generator.FightFunctions.getCellContent, 1)), load(sysexec(com.leekwars.generator.FightFunctions.getCellContent, 17)), load(sysexec(com.leekwars.generator.FightFunctions.getCellContent, -1)), load(sysexec(com.leekwars.generator.FightFunctions.isEmptyCell, load(sysexec(com.leekwars.generator.FightFunctions.getCell, new Object[] { null })))), load(sysexec(com.leekwars.generator.FightFunctions.isEmptyCell, load(sysexec(com.leekwars.generator.FightFunctions.getCell, 1)))), load(sysexec(com.leekwars.generator.FightFunctions.isEmptyCell, 1)), load(sysexec(com.leekwars.generator.FightFunctions.isEmptyCell, 17)), load(sysexec(com.leekwars.generator.FightFunctions.isEmptyCell, -1)), load(sysexec(com.leekwars.generator.FightFunctions.isObstacle, load(sysexec(com.leekwars.generator.FightFunctions.getCell, new Object[] { null })))), load(sysexec(com.leekwars.generator.FightFunctions.isObstacle, load(sysexec(com.leekwars.generator.FightFunctions.getCell, 1)))), load(sysexec(com.leekwars.generator.FightFunctions.isObstacle, 1)), load(sysexec(com.leekwars.generator.FightFunctions.isObstacle, 17)), load(sysexec(com.leekwars.generator.FightFunctions.isObstacle, -1)), load(sysexec(com.leekwars.generator.FightFunctions.isLeek, load(sysexec(com.leekwars.generator.FightFunctions.getCell, new Object[] { null })))), load(sysexec(com.leekwars.generator.FightFunctions.isLeek, load(sysexec(com.leekwars.generator.FightFunctions.getCell, 1)))), load(sysexec(com.leekwars.generator.FightFunctions.isLeek, 1)), load(sysexec(com.leekwars.generator.FightFunctions.isLeek, 17)), load(sysexec(com.leekwars.generator.FightFunctions.isLeek, -1)), load(sysexec(com.leekwars.generator.FightFunctions.getCellX, load(sysexec(com.leekwars.generator.FightFunctions.getCell, new Object[] { null })))), load(sysexec(com.leekwars.generator.FightFunctions.getCellX, load(sysexec(com.leekwars.generator.FightFunctions.getCell, 1)))), load(sysexec(com.leekwars.generator.FightFunctions.getCellX, 1)), load(sysexec(com.leekwars.generator.FightFunctions.getCellX, 17)), load(sysexec(com.leekwars.generator.FightFunctions.getCellX, -1)), load(sysexec(com.leekwars.generator.FightFunctions.getCellY, load(sysexec(com.leekwars.generator.FightFunctions.getCell, new Object[] { null })))), load(sysexec(com.leekwars.generator.FightFunctions.getCellY, load(sysexec(com.leekwars.generator.FightFunctions.getCell, 1)))), load(sysexec(com.leekwars.generator.FightFunctions.getCellY, 1)), load(sysexec(com.leekwars.generator.FightFunctions.getCellY, 17)), load(sysexec(com.leekwars.generator.FightFunctions.getCellY, -1)), load(sysexec(com.leekwars.generator.FightFunctions.getNearestEnemy)), load(sysexec(com.leekwars.generator.FightFunctions.getFarestEnemy)), load(sysexec(com.leekwars.generator.FightFunctions.getTurn)), load(sysexec(LeekFunctions.string, load(sysexec(com.leekwars.generator.FightFunctions.getAliveEnemies)))), load(sysexec(com.leekwars.generator.FightFunctions.getAliveEnemiesCount)), load(sysexec(LeekFunctions.string, load(sysexec(com.leekwars.generator.FightFunctions.getDeadEnemies)))), load(sysexec(com.leekwars.generator.FightFunctions.getDeadEnemiesCount)), load(sysexec(LeekFunctions.string, load(sysexec(com.leekwars.generator.FightFunctions.getEnemies)))), load(sysexec(LeekFunctions.string, load(sysexec(com.leekwars.generator.FightFunctions.getAllies)))), load(sysexec(com.leekwars.generator.FightFunctions.getEnemiesCount)), load(sysexec(com.leekwars.generator.FightFunctions.getNearestAlly)), load(sysexec(com.leekwars.generator.FightFunctions.getFarestAlly)), load(sysexec(com.leekwars.generator.FightFunctions.getFarestAlly)), load(sysexec(LeekFunctions.string, load(sysexec(com.leekwars.generator.FightFunctions.getAliveAllies)))), load(sysexec(LeekFunctions.string, load(sysexec(com.leekwars.generator.FightFunctions.getDeadAllies)))), load(sysexec(com.leekwars.generator.FightFunctions.getAlliesCount)) }, false), 7);
                                                                                                                                                                                                                                                                                                                                                                                                                                                                                                                                                                                                                                                                                                                                                                                                                                                                                                                                                                                                                                                                                                                                                                                                                                                                                                                                                                                                                                                                                                                                                                                                                                                                                                                                                                                                                                                                                                                                                                                                                                                                                                                                                                                                                                                                                                                                                                                                                                                                                                                                                                                                                                                                                                                                                                                                                                                                                                                                                                                                                                                                                                                                                                                                                                                                                                                                                                                                                                                                                                                                                                                                                                                                                                                                                                                                                                                                                                                                                                                                                                                                                                                                                                                                                                                                                                                     ^
AI_7.java:12: error: package com.leekwars.generator does not exist
return ops(new ArrayLeekValue(AI_7.this, new Object[] { load(sysexec(com.leekwars.generator.FightFunctions.getDistance, 164, 200)), load(sysexec(com.leekwars.generator.FightFunctions.getDistance, 17, 595)), load(sysexec(com.leekwars.generator.FightFunctions.getCellDistance, 164, 200)), load(sysexec(com.leekwars.generator.FightFunctions.getCellDistance, 17, 595)), load(sysexec(com.leekwars.generator.FightFunctions.getLeekOnCell, load(sysexec(com.leekwars.generator.FightFunctions.getCell, new Object[] { null })))), load(sysexec(com.leekwars.generator.FightFunctions.getLeekOnCell, load(sysexec(com.leekwars.generator.FightFunctions.getCell, 1)))), load(sysexec(com.leekwars.generator.FightFunctions.getLeekOnCell, 1)), load(sysexec(com.leekwars.generator.FightFunctions.getLeekOnCell, -1)), load(sysexec(com.leekwars.generator.FightFunctions.getCellContent, load(sysexec(com.leekwars.generator.FightFunctions.getCell, new Object[] { null })))), load(sysexec(com.leekwars.generator.FightFunctions.getCellContent, load(sysexec(com.leekwars.generator.FightFunctions.getCell, 1)))), load(sysexec(com.leekwars.generator.FightFunctions.getCellContent, 1)), load(sysexec(com.leekwars.generator.FightFunctions.getCellContent, 17)), load(sysexec(com.leekwars.generator.FightFunctions.getCellContent, -1)), load(sysexec(com.leekwars.generator.FightFunctions.isEmptyCell, load(sysexec(com.leekwars.generator.FightFunctions.getCell, new Object[] { null })))), load(sysexec(com.leekwars.generator.FightFunctions.isEmptyCell, load(sysexec(com.leekwars.generator.FightFunctions.getCell, 1)))), load(sysexec(com.leekwars.generator.FightFunctions.isEmptyCell, 1)), load(sysexec(com.leekwars.generator.FightFunctions.isEmptyCell, 17)), load(sysexec(com.leekwars.generator.FightFunctions.isEmptyCell, -1)), load(sysexec(com.leekwars.generator.FightFunctions.isObstacle, load(sysexec(com.leekwars.generator.FightFunctions.getCell, new Object[] { null })))), load(sysexec(com.leekwars.generator.FightFunctions.isObstacle, load(sysexec(com.leekwars.generator.FightFunctions.getCell, 1)))), load(sysexec(com.leekwars.generator.FightFunctions.isObstacle, 1)), load(sysexec(com.leekwars.generator.FightFunctions.isObstacle, 17)), load(sysexec(com.leekwars.generator.FightFunctions.isObstacle, -1)), load(sysexec(com.leekwars.generator.FightFunctions.isLeek, load(sysexec(com.leekwars.generator.FightFunctions.getCell, new Object[] { null })))), load(sysexec(com.leekwars.generator.FightFunctions.isLeek, load(sysexec(com.leekwars.generator.FightFunctions.getCell, 1)))), load(sysexec(com.leekwars.generator.FightFunctions.isLeek, 1)), load(sysexec(com.leekwars.generator.FightFunctions.isLeek, 17)), load(sysexec(com.leekwars.generator.FightFunctions.isLeek, -1)), load(sysexec(com.leekwars.generator.FightFunctions.getCellX, load(sysexec(com.leekwars.generator.FightFunctions.getCell, new Object[] { null })))), load(sysexec(com.leekwars.generator.FightFunctions.getCellX, load(sysexec(com.leekwars.generator.FightFunctions.getCell, 1)))), load(sysexec(com.leekwars.generator.FightFunctions.getCellX, 1)), load(sysexec(com.leekwars.generator.FightFunctions.getCellX, 17)), load(sysexec(com.leekwars.generator.FightFunctions.getCellX, -1)), load(sysexec(com.leekwars.generator.FightFunctions.getCellY, load(sysexec(com.leekwars.generator.FightFunctions.getCell, new Object[] { null })))), load(sysexec(com.leekwars.generator.FightFunctions.getCellY, load(sysexec(com.leekwars.generator.FightFunctions.getCell, 1)))), load(sysexec(com.leekwars.generator.FightFunctions.getCellY, 1)), load(sysexec(com.leekwars.generator.FightFunctions.getCellY, 17)), load(sysexec(com.leekwars.generator.FightFunctions.getCellY, -1)), load(sysexec(com.leekwars.generator.FightFunctions.getNearestEnemy)), load(sysexec(com.leekwars.generator.FightFunctions.getFarestEnemy)), load(sysexec(com.leekwars.generator.FightFunctions.getTurn)), load(sysexec(LeekFunctions.string, load(sysexec(com.leekwars.generator.FightFunctions.getAliveEnemies)))), load(sysexec(com.leekwars.generator.FightFunctions.getAliveEnemiesCount)), load(sysexec(LeekFunctions.string, load(sysexec(com.leekwars.generator.FightFunctions.getDeadEnemies)))), load(sysexec(com.leekwars.generator.FightFunctions.getDeadEnemiesCount)), load(sysexec(LeekFunctions.string, load(sysexec(com.leekwars.generator.FightFunctions.getEnemies)))), load(sysexec(LeekFunctions.string, load(sysexec(com.leekwars.generator.FightFunctions.getAllies)))), load(sysexec(com.leekwars.generator.FightFunctions.getEnemiesCount)), load(sysexec(com.leekwars.generator.FightFunctions.getNearestAlly)), load(sysexec(com.leekwars.generator.FightFunctions.getFarestAlly)), load(sysexec(com.leekwars.generator.FightFunctions.getFarestAlly)), load(sysexec(LeekFunctions.string, load(sysexec(com.leekwars.generator.FightFunctions.getAliveAllies)))), load(sysexec(LeekFunctions.string, load(sysexec(com.leekwars.generator.FightFunctions.getDeadAllies)))), load(sysexec(com.leekwars.generator.FightFunctions.getAlliesCount)) }, false), 7);
                                                                                                                                                                                                                                                                                                                                                                                                                                                                                                                                                                                                                                                                                                                                                                                                                                                                                                                                                                                                                                                                                                                                                                                                                                                                                                                                                                                                                                                                                                                                                                                                                                                                                                                                                                                                                                                                                                                                                                                                                                                                                                                                                                                                                                                                                                                                                                                                                                                                                                                                                                                                                                                                                                                                                                                                                                                                                                                                                                                                                                                                                                                                                                                                                                                                                                                                                                                                                                                                                                                                                                                                                                                                                                                                                                                                                                                                                                                                                                                                                                                                                                                                                                                                                                                                                                                                                                                            ^
AI_7.java:12: error: package com.leekwars.generator does not exist
return ops(new ArrayLeekValue(AI_7.this, new Object[] { load(sysexec(com.leekwars.generator.FightFunctions.getDistance, 164, 200)), load(sysexec(com.leekwars.generator.FightFunctions.getDistance, 17, 595)), load(sysexec(com.leekwars.generator.FightFunctions.getCellDistance, 164, 200)), load(sysexec(com.leekwars.generator.FightFunctions.getCellDistance, 17, 595)), load(sysexec(com.leekwars.generator.FightFunctions.getLeekOnCell, load(sysexec(com.leekwars.generator.FightFunctions.getCell, new Object[] { null })))), load(sysexec(com.leekwars.generator.FightFunctions.getLeekOnCell, load(sysexec(com.leekwars.generator.FightFunctions.getCell, 1)))), load(sysexec(com.leekwars.generator.FightFunctions.getLeekOnCell, 1)), load(sysexec(com.leekwars.generator.FightFunctions.getLeekOnCell, -1)), load(sysexec(com.leekwars.generator.FightFunctions.getCellContent, load(sysexec(com.leekwars.generator.FightFunctions.getCell, new Object[] { null })))), load(sysexec(com.leekwars.generator.FightFunctions.getCellContent, load(sysexec(com.leekwars.generator.FightFunctions.getCell, 1)))), load(sysexec(com.leekwars.generator.FightFunctions.getCellContent, 1)), load(sysexec(com.leekwars.generator.FightFunctions.getCellContent, 17)), load(sysexec(com.leekwars.generator.FightFunctions.getCellContent, -1)), load(sysexec(com.leekwars.generator.FightFunctions.isEmptyCell, load(sysexec(com.leekwars.generator.FightFunctions.getCell, new Object[] { null })))), load(sysexec(com.leekwars.generator.FightFunctions.isEmptyCell, load(sysexec(com.leekwars.generator.FightFunctions.getCell, 1)))), load(sysexec(com.leekwars.generator.FightFunctions.isEmptyCell, 1)), load(sysexec(com.leekwars.generator.FightFunctions.isEmptyCell, 17)), load(sysexec(com.leekwars.generator.FightFunctions.isEmptyCell, -1)), load(sysexec(com.leekwars.generator.FightFunctions.isObstacle, load(sysexec(com.leekwars.generator.FightFunctions.getCell, new Object[] { null })))), load(sysexec(com.leekwars.generator.FightFunctions.isObstacle, load(sysexec(com.leekwars.generator.FightFunctions.getCell, 1)))), load(sysexec(com.leekwars.generator.FightFunctions.isObstacle, 1)), load(sysexec(com.leekwars.generator.FightFunctions.isObstacle, 17)), load(sysexec(com.leekwars.generator.FightFunctions.isObstacle, -1)), load(sysexec(com.leekwars.generator.FightFunctions.isLeek, load(sysexec(com.leekwars.generator.FightFunctions.getCell, new Object[] { null })))), load(sysexec(com.leekwars.generator.FightFunctions.isLeek, load(sysexec(com.leekwars.generator.FightFunctions.getCell, 1)))), load(sysexec(com.leekwars.generator.FightFunctions.isLeek, 1)), load(sysexec(com.leekwars.generator.FightFunctions.isLeek, 17)), load(sysexec(com.leekwars.generator.FightFunctions.isLeek, -1)), load(sysexec(com.leekwars.generator.FightFunctions.getCellX, load(sysexec(com.leekwars.generator.FightFunctions.getCell, new Object[] { null })))), load(sysexec(com.leekwars.generator.FightFunctions.getCellX, load(sysexec(com.leekwars.generator.FightFunctions.getCell, 1)))), load(sysexec(com.leekwars.generator.FightFunctions.getCellX, 1)), load(sysexec(com.leekwars.generator.FightFunctions.getCellX, 17)), load(sysexec(com.leekwars.generator.FightFunctions.getCellX, -1)), load(sysexec(com.leekwars.generator.FightFunctions.getCellY, load(sysexec(com.leekwars.generator.FightFunctions.getCell, new Object[] { null })))), load(sysexec(com.leekwars.generator.FightFunctions.getCellY, load(sysexec(com.leekwars.generator.FightFunctions.getCell, 1)))), load(sysexec(com.leekwars.generator.FightFunctions.getCellY, 1)), load(sysexec(com.leekwars.generator.FightFunctions.getCellY, 17)), load(sysexec(com.leekwars.generator.FightFunctions.getCellY, -1)), load(sysexec(com.leekwars.generator.FightFunctions.getNearestEnemy)), load(sysexec(com.leekwars.generator.FightFunctions.getFarestEnemy)), load(sysexec(com.leekwars.generator.FightFunctions.getTurn)), load(sysexec(LeekFunctions.string, load(sysexec(com.leekwars.generator.FightFunctions.getAliveEnemies)))), load(sysexec(com.leekwars.generator.FightFunctions.getAliveEnemiesCount)), load(sysexec(LeekFunctions.string, load(sysexec(com.leekwars.generator.FightFunctions.getDeadEnemies)))), load(sysexec(com.leekwars.generator.FightFunctions.getDeadEnemiesCount)), load(sysexec(LeekFunctions.string, load(sysexec(com.leekwars.generator.FightFunctions.getEnemies)))), load(sysexec(LeekFunctions.string, load(sysexec(com.leekwars.generator.FightFunctions.getAllies)))), load(sysexec(com.leekwars.generator.FightFunctions.getEnemiesCount)), load(sysexec(com.leekwars.generator.FightFunctions.getNearestAlly)), load(sysexec(com.leekwars.generator.FightFunctions.getFarestAlly)), load(sysexec(com.leekwars.generator.FightFunctions.getFarestAlly)), load(sysexec(LeekFunctions.string, load(sysexec(com.leekwars.generator.FightFunctions.getAliveAllies)))), load(sysexec(LeekFunctions.string, load(sysexec(com.leekwars.generator.FightFunctions.getDeadAllies)))), load(sysexec(com.leekwars.generator.FightFunctions.getAlliesCount)) }, false), 7);
                                                                                                                                                                                                                                                                                                                                                                                                                                                                                                                                                                                                                                                                                                                                                                                                                                                                                                                                                                                                                                                                                                                                                                                                                                                                                                                                                                                                                                                                                                                                                                                                                                                                                                                                                                                                                                                                                                                                                                                                                                                                                                                                                                                                                                                                                                                                                                                                                                                                                                                                                                                                                                                                                                                                                                                                                                                                                                                                                                                                                                                                                                                                                                                                                                                                                                                                                                                                                                                                                                                                                                                                                                                                                                                                                                                                                                                                                                                                                                                                                                                                                                                                                                                                                                                                                                                                                                                                                                                                                                         ^
AI_7.java:12: error: package com.leekwars.generator does not exist
return ops(new ArrayLeekValue(AI_7.this, new Object[] { load(sysexec(com.leekwars.generator.FightFunctions.getDistance, 164, 200)), load(sysexec(com.leekwars.generator.FightFunctions.getDistance, 17, 595)), load(sysexec(com.leekwars.generator.FightFunctions.getCellDistance, 164, 200)), load(sysexec(com.leekwars.generator.FightFunctions.getCellDistance, 17, 595)), load(sysexec(com.leekwars.generator.FightFunctions.getLeekOnCell, load(sysexec(com.leekwars.generator.FightFunctions.getCell, new Object[] { null })))), load(sysexec(com.leekwars.generator.FightFunctions.getLeekOnCell, load(sysexec(com.leekwars.generator.FightFunctions.getCell, 1)))), load(sysexec(com.leekwars.generator.FightFunctions.getLeekOnCell, 1)), load(sysexec(com.leekwars.generator.FightFunctions.getLeekOnCell, -1)), load(sysexec(com.leekwars.generator.FightFunctions.getCellContent, load(sysexec(com.leekwars.generator.FightFunctions.getCell, new Object[] { null })))), load(sysexec(com.leekwars.generator.FightFunctions.getCellContent, load(sysexec(com.leekwars.generator.FightFunctions.getCell, 1)))), load(sysexec(com.leekwars.generator.FightFunctions.getCellContent, 1)), load(sysexec(com.leekwars.generator.FightFunctions.getCellContent, 17)), load(sysexec(com.leekwars.generator.FightFunctions.getCellContent, -1)), load(sysexec(com.leekwars.generator.FightFunctions.isEmptyCell, load(sysexec(com.leekwars.generator.FightFunctions.getCell, new Object[] { null })))), load(sysexec(com.leekwars.generator.FightFunctions.isEmptyCell, load(sysexec(com.leekwars.generator.FightFunctions.getCell, 1)))), load(sysexec(com.leekwars.generator.FightFunctions.isEmptyCell, 1)), load(sysexec(com.leekwars.generator.FightFunctions.isEmptyCell, 17)), load(sysexec(com.leekwars.generator.FightFunctions.isEmptyCell, -1)), load(sysexec(com.leekwars.generator.FightFunctions.isObstacle, load(sysexec(com.leekwars.generator.FightFunctions.getCell, new Object[] { null })))), load(sysexec(com.leekwars.generator.FightFunctions.isObstacle, load(sysexec(com.leekwars.generator.FightFunctions.getCell, 1)))), load(sysexec(com.leekwars.generator.FightFunctions.isObstacle, 1)), load(sysexec(com.leekwars.generator.FightFunctions.isObstacle, 17)), load(sysexec(com.leekwars.generator.FightFunctions.isObstacle, -1)), load(sysexec(com.leekwars.generator.FightFunctions.isLeek, load(sysexec(com.leekwars.generator.FightFunctions.getCell, new Object[] { null })))), load(sysexec(com.leekwars.generator.FightFunctions.isLeek, load(sysexec(com.leekwars.generator.FightFunctions.getCell, 1)))), load(sysexec(com.leekwars.generator.FightFunctions.isLeek, 1)), load(sysexec(com.leekwars.generator.FightFunctions.isLeek, 17)), load(sysexec(com.leekwars.generator.FightFunctions.isLeek, -1)), load(sysexec(com.leekwars.generator.FightFunctions.getCellX, load(sysexec(com.leekwars.generator.FightFunctions.getCell, new Object[] { null })))), load(sysexec(com.leekwars.generator.FightFunctions.getCellX, load(sysexec(com.leekwars.generator.FightFunctions.getCell, 1)))), load(sysexec(com.leekwars.generator.FightFunctions.getCellX, 1)), load(sysexec(com.leekwars.generator.FightFunctions.getCellX, 17)), load(sysexec(com.leekwars.generator.FightFunctions.getCellX, -1)), load(sysexec(com.leekwars.generator.FightFunctions.getCellY, load(sysexec(com.leekwars.generator.FightFunctions.getCell, new Object[] { null })))), load(sysexec(com.leekwars.generator.FightFunctions.getCellY, load(sysexec(com.leekwars.generator.FightFunctions.getCell, 1)))), load(sysexec(com.leekwars.generator.FightFunctions.getCellY, 1)), load(sysexec(com.leekwars.generator.FightFunctions.getCellY, 17)), load(sysexec(com.leekwars.generator.FightFunctions.getCellY, -1)), load(sysexec(com.leekwars.generator.FightFunctions.getNearestEnemy)), load(sysexec(com.leekwars.generator.FightFunctions.getFarestEnemy)), load(sysexec(com.leekwars.generator.FightFunctions.getTurn)), load(sysexec(LeekFunctions.string, load(sysexec(com.leekwars.generator.FightFunctions.getAliveEnemies)))), load(sysexec(com.leekwars.generator.FightFunctions.getAliveEnemiesCount)), load(sysexec(LeekFunctions.string, load(sysexec(com.leekwars.generator.FightFunctions.getDeadEnemies)))), load(sysexec(com.leekwars.generator.FightFunctions.getDeadEnemiesCount)), load(sysexec(LeekFunctions.string, load(sysexec(com.leekwars.generator.FightFunctions.getEnemies)))), load(sysexec(LeekFunctions.string, load(sysexec(com.leekwars.generator.FightFunctions.getAllies)))), load(sysexec(com.leekwars.generator.FightFunctions.getEnemiesCount)), load(sysexec(com.leekwars.generator.FightFunctions.getNearestAlly)), load(sysexec(com.leekwars.generator.FightFunctions.getFarestAlly)), load(sysexec(com.leekwars.generator.FightFunctions.getFarestAlly)), load(sysexec(LeekFunctions.string, load(sysexec(com.leekwars.generator.FightFunctions.getAliveAllies)))), load(sysexec(LeekFunctions.string, load(sysexec(com.leekwars.generator.FightFunctions.getDeadAllies)))), load(sysexec(com.leekwars.generator.FightFunctions.getAlliesCount)) }, false), 7);
                                                                                                                                                                                                                                                                                                                                                                                                                                                                                                                                                                                                                                                                                                                                                                                                                                                                                                                                                                                                                                                                                                                                                                                                                                                                                                                                                                                                                                                                                                                                                                                                                                                                                                                                                                                                                                                                                                                                                                                                                                                                                                                                                                                                                                                                                                                                                                                                                                                                                                                                                                                                                                                                                                                                                                                                                                                                                                                                                                                                                                                                                                                                                                                                                                                                                                                                                                                                                                                                                                                                                                                                                                                                                                                                                                                                                                                                                                                                                                                                                                                                                                                                                                                                                                                                                                                                                                                                                                                                                                                                                                                                               ^
AI_7.java:12: error: package com.leekwars.generator does not exist
return ops(new ArrayLeekValue(AI_7.this, new Object[] { load(sysexec(com.leekwars.generator.FightFunctions.getDistance, 164, 200)), load(sysexec(com.leekwars.generator.FightFunctions.getDistance, 17, 595)), load(sysexec(com.leekwars.generator.FightFunctions.getCellDistance, 164, 200)), load(sysexec(com.leekwars.generator.FightFunctions.getCellDistance, 17, 595)), load(sysexec(com.leekwars.generator.FightFunctions.getLeekOnCell, load(sysexec(com.leekwars.generator.FightFunctions.getCell, new Object[] { null })))), load(sysexec(com.leekwars.generator.FightFunctions.getLeekOnCell, load(sysexec(com.leekwars.generator.FightFunctions.getCell, 1)))), load(sysexec(com.leekwars.generator.FightFunctions.getLeekOnCell, 1)), load(sysexec(com.leekwars.generator.FightFunctions.getLeekOnCell, -1)), load(sysexec(com.leekwars.generator.FightFunctions.getCellContent, load(sysexec(com.leekwars.generator.FightFunctions.getCell, new Object[] { null })))), load(sysexec(com.leekwars.generator.FightFunctions.getCellContent, load(sysexec(com.leekwars.generator.FightFunctions.getCell, 1)))), load(sysexec(com.leekwars.generator.FightFunctions.getCellContent, 1)), load(sysexec(com.leekwars.generator.FightFunctions.getCellContent, 17)), load(sysexec(com.leekwars.generator.FightFunctions.getCellContent, -1)), load(sysexec(com.leekwars.generator.FightFunctions.isEmptyCell, load(sysexec(com.leekwars.generator.FightFunctions.getCell, new Object[] { null })))), load(sysexec(com.leekwars.generator.FightFunctions.isEmptyCell, load(sysexec(com.leekwars.generator.FightFunctions.getCell, 1)))), load(sysexec(com.leekwars.generator.FightFunctions.isEmptyCell, 1)), load(sysexec(com.leekwars.generator.FightFunctions.isEmptyCell, 17)), load(sysexec(com.leekwars.generator.FightFunctions.isEmptyCell, -1)), load(sysexec(com.leekwars.generator.FightFunctions.isObstacle, load(sysexec(com.leekwars.generator.FightFunctions.getCell, new Object[] { null })))), load(sysexec(com.leekwars.generator.FightFunctions.isObstacle, load(sysexec(com.leekwars.generator.FightFunctions.getCell, 1)))), load(sysexec(com.leekwars.generator.FightFunctions.isObstacle, 1)), load(sysexec(com.leekwars.generator.FightFunctions.isObstacle, 17)), load(sysexec(com.leekwars.generator.FightFunctions.isObstacle, -1)), load(sysexec(com.leekwars.generator.FightFunctions.isLeek, load(sysexec(com.leekwars.generator.FightFunctions.getCell, new Object[] { null })))), load(sysexec(com.leekwars.generator.FightFunctions.isLeek, load(sysexec(com.leekwars.generator.FightFunctions.getCell, 1)))), load(sysexec(com.leekwars.generator.FightFunctions.isLeek, 1)), load(sysexec(com.leekwars.generator.FightFunctions.isLeek, 17)), load(sysexec(com.leekwars.generator.FightFunctions.isLeek, -1)), load(sysexec(com.leekwars.generator.FightFunctions.getCellX, load(sysexec(com.leekwars.generator.FightFunctions.getCell, new Object[] { null })))), load(sysexec(com.leekwars.generator.FightFunctions.getCellX, load(sysexec(com.leekwars.generator.FightFunctions.getCell, 1)))), load(sysexec(com.leekwars.generator.FightFunctions.getCellX, 1)), load(sysexec(com.leekwars.generator.FightFunctions.getCellX, 17)), load(sysexec(com.leekwars.generator.FightFunctions.getCellX, -1)), load(sysexec(com.leekwars.generator.FightFunctions.getCellY, load(sysexec(com.leekwars.generator.FightFunctions.getCell, new Object[] { null })))), load(sysexec(com.leekwars.generator.FightFunctions.getCellY, load(sysexec(com.leekwars.generator.FightFunctions.getCell, 1)))), load(sysexec(com.leekwars.generator.FightFunctions.getCellY, 1)), load(sysexec(com.leekwars.generator.FightFunctions.getCellY, 17)), load(sysexec(com.leekwars.generator.FightFunctions.getCellY, -1)), load(sysexec(com.leekwars.generator.FightFunctions.getNearestEnemy)), load(sysexec(com.leekwars.generator.FightFunctions.getFarestEnemy)), load(sysexec(com.leekwars.generator.FightFunctions.getTurn)), load(sysexec(LeekFunctions.string, load(sysexec(com.leekwars.generator.FightFunctions.getAliveEnemies)))), load(sysexec(com.leekwars.generator.FightFunctions.getAliveEnemiesCount)), load(sysexec(LeekFunctions.string, load(sysexec(com.leekwars.generator.FightFunctions.getDeadEnemies)))), load(sysexec(com.leekwars.generator.FightFunctions.getDeadEnemiesCount)), load(sysexec(LeekFunctions.string, load(sysexec(com.leekwars.generator.FightFunctions.getEnemies)))), load(sysexec(LeekFunctions.string, load(sysexec(com.leekwars.generator.FightFunctions.getAllies)))), load(sysexec(com.leekwars.generator.FightFunctions.getEnemiesCount)), load(sysexec(com.leekwars.generator.FightFunctions.getNearestAlly)), load(sysexec(com.leekwars.generator.FightFunctions.getFarestAlly)), load(sysexec(com.leekwars.generator.FightFunctions.getFarestAlly)), load(sysexec(LeekFunctions.string, load(sysexec(com.leekwars.generator.FightFunctions.getAliveAllies)))), load(sysexec(LeekFunctions.string, load(sysexec(com.leekwars.generator.FightFunctions.getDeadAllies)))), load(sysexec(com.leekwars.generator.FightFunctions.getAlliesCount)) }, false), 7);
                                                                                                                                                                                                                                                                                                                                                                                                                                                                                                                                                                                                                                                                                                                                                                                                                                                                                                                                                                                                                                                                                                                                                                                                                                                                                                                                                                                                                                                                                                                                                                                                                                                                                                                                                                                                                                                                                                                                                                                                                                                                                                                                                                                                                                                                                                                                                                                                                                                                                                                                                                                                                                                                                                                                                                                                                                                                                                                                                                                                                                                                                                                                                                                                                                                                                                                                                                                                                                                                                                                                                                                                                                                                                                                                                                                                                                                                                                                                                                                                                                                                                                                                                                                                                                                                                                                                                                                                                                                                                                                                                                                                                                                                                 ^
AI_7.java:12: error: package com.leekwars.generator does not exist
return ops(new ArrayLeekValue(AI_7.this, new Object[] { load(sysexec(com.leekwars.generator.FightFunctions.getDistance, 164, 200)), load(sysexec(com.leekwars.generator.FightFunctions.getDistance, 17, 595)), load(sysexec(com.leekwars.generator.FightFunctions.getCellDistance, 164, 200)), load(sysexec(com.leekwars.generator.FightFunctions.getCellDistance, 17, 595)), load(sysexec(com.leekwars.generator.FightFunctions.getLeekOnCell, load(sysexec(com.leekwars.generator.FightFunctions.getCell, new Object[] { null })))), load(sysexec(com.leekwars.generator.FightFunctions.getLeekOnCell, load(sysexec(com.leekwars.generator.FightFunctions.getCell, 1)))), load(sysexec(com.leekwars.generator.FightFunctions.getLeekOnCell, 1)), load(sysexec(com.leekwars.generator.FightFunctions.getLeekOnCell, -1)), load(sysexec(com.leekwars.generator.FightFunctions.getCellContent, load(sysexec(com.leekwars.generator.FightFunctions.getCell, new Object[] { null })))), load(sysexec(com.leekwars.generator.FightFunctions.getCellContent, load(sysexec(com.leekwars.generator.FightFunctions.getCell, 1)))), load(sysexec(com.leekwars.generator.FightFunctions.getCellContent, 1)), load(sysexec(com.leekwars.generator.FightFunctions.getCellContent, 17)), load(sysexec(com.leekwars.generator.FightFunctions.getCellContent, -1)), load(sysexec(com.leekwars.generator.FightFunctions.isEmptyCell, load(sysexec(com.leekwars.generator.FightFunctions.getCell, new Object[] { null })))), load(sysexec(com.leekwars.generator.FightFunctions.isEmptyCell, load(sysexec(com.leekwars.generator.FightFunctions.getCell, 1)))), load(sysexec(com.leekwars.generator.FightFunctions.isEmptyCell, 1)), load(sysexec(com.leekwars.generator.FightFunctions.isEmptyCell, 17)), load(sysexec(com.leekwars.generator.FightFunctions.isEmptyCell, -1)), load(sysexec(com.leekwars.generator.FightFunctions.isObstacle, load(sysexec(com.leekwars.generator.FightFunctions.getCell, new Object[] { null })))), load(sysexec(com.leekwars.generator.FightFunctions.isObstacle, load(sysexec(com.leekwars.generator.FightFunctions.getCell, 1)))), load(sysexec(com.leekwars.generator.FightFunctions.isObstacle, 1)), load(sysexec(com.leekwars.generator.FightFunctions.isObstacle, 17)), load(sysexec(com.leekwars.generator.FightFunctions.isObstacle, -1)), load(sysexec(com.leekwars.generator.FightFunctions.isLeek, load(sysexec(com.leekwars.generator.FightFunctions.getCell, new Object[] { null })))), load(sysexec(com.leekwars.generator.FightFunctions.isLeek, load(sysexec(com.leekwars.generator.FightFunctions.getCell, 1)))), load(sysexec(com.leekwars.generator.FightFunctions.isLeek, 1)), load(sysexec(com.leekwars.generator.FightFunctions.isLeek, 17)), load(sysexec(com.leekwars.generator.FightFunctions.isLeek, -1)), load(sysexec(com.leekwars.generator.FightFunctions.getCellX, load(sysexec(com.leekwars.generator.FightFunctions.getCell, new Object[] { null })))), load(sysexec(com.leekwars.generator.FightFunctions.getCellX, load(sysexec(com.leekwars.generator.FightFunctions.getCell, 1)))), load(sysexec(com.leekwars.generator.FightFunctions.getCellX, 1)), load(sysexec(com.leekwars.generator.FightFunctions.getCellX, 17)), load(sysexec(com.leekwars.generator.FightFunctions.getCellX, -1)), load(sysexec(com.leekwars.generator.FightFunctions.getCellY, load(sysexec(com.leekwars.generator.FightFunctions.getCell, new Object[] { null })))), load(sysexec(com.leekwars.generator.FightFunctions.getCellY, load(sysexec(com.leekwars.generator.FightFunctions.getCell, 1)))), load(sysexec(com.leekwars.generator.FightFunctions.getCellY, 1)), load(sysexec(com.leekwars.generator.FightFunctions.getCellY, 17)), load(sysexec(com.leekwars.generator.FightFunctions.getCellY, -1)), load(sysexec(com.leekwars.generator.FightFunctions.getNearestEnemy)), load(sysexec(com.leekwars.generator.FightFunctions.getFarestEnemy)), load(sysexec(com.leekwars.generator.FightFunctions.getTurn)), load(sysexec(LeekFunctions.string, load(sysexec(com.leekwars.generator.FightFunctions.getAliveEnemies)))), load(sysexec(com.leekwars.generator.FightFunctions.getAliveEnemiesCount)), load(sysexec(LeekFunctions.string, load(sysexec(com.leekwars.generator.FightFunctions.getDeadEnemies)))), load(sysexec(com.leekwars.generator.FightFunctions.getDeadEnemiesCount)), load(sysexec(LeekFunctions.string, load(sysexec(com.leekwars.generator.FightFunctions.getEnemies)))), load(sysexec(LeekFunctions.string, load(sysexec(com.leekwars.generator.FightFunctions.getAllies)))), load(sysexec(com.leekwars.generator.FightFunctions.getEnemiesCount)), load(sysexec(com.leekwars.generator.FightFunctions.getNearestAlly)), load(sysexec(com.leekwars.generator.FightFunctions.getFarestAlly)), load(sysexec(com.leekwars.generator.FightFunctions.getFarestAlly)), load(sysexec(LeekFunctions.string, load(sysexec(com.leekwars.generator.FightFunctions.getAliveAllies)))), load(sysexec(LeekFunctions.string, load(sysexec(com.leekwars.generator.FightFunctions.getDeadAllies)))), load(sysexec(com.leekwars.generator.FightFunctions.getAlliesCount)) }, false), 7);
                                                                                                                                                                                                                                                                                                                                                                                                                                                                                                                                                                                                                                                                                                                                                                                                                                                                                                                                                                                                                                                                                                                                                                                                                                                                                                                                                                                                                                                                                                                                                                                                                                                                                                                                                                                                                                                                                                                                                                                                                                                                                                                                                                                                                                                                                                                                                                                                                                                                                                                                                                                                                                                                                                                                                                                                                                                                                                                                                                                                                                                                                                                                                                                                                                                                                                                                                                                                                                                                                                                                                                                                                                                                                                                                                                                                                                                                                                                                                                                                                                                                                                                                                                                                                                                                                                                                                                                                                                                                                                                                                                                                                                                                                                                                                       ^
AI_7.java:12: error: package com.leekwars.generator does not exist
return ops(new ArrayLeekValue(AI_7.this, new Object[] { load(sysexec(com.leekwars.generator.FightFunctions.getDistance, 164, 200)), load(sysexec(com.leekwars.generator.FightFunctions.getDistance, 17, 595)), load(sysexec(com.leekwars.generator.FightFunctions.getCellDistance, 164, 200)), load(sysexec(com.leekwars.generator.FightFunctions.getCellDistance, 17, 595)), load(sysexec(com.leekwars.generator.FightFunctions.getLeekOnCell, load(sysexec(com.leekwars.generator.FightFunctions.getCell, new Object[] { null })))), load(sysexec(com.leekwars.generator.FightFunctions.getLeekOnCell, load(sysexec(com.leekwars.generator.FightFunctions.getCell, 1)))), load(sysexec(com.leekwars.generator.FightFunctions.getLeekOnCell, 1)), load(sysexec(com.leekwars.generator.FightFunctions.getLeekOnCell, -1)), load(sysexec(com.leekwars.generator.FightFunctions.getCellContent, load(sysexec(com.leekwars.generator.FightFunctions.getCell, new Object[] { null })))), load(sysexec(com.leekwars.generator.FightFunctions.getCellContent, load(sysexec(com.leekwars.generator.FightFunctions.getCell, 1)))), load(sysexec(com.leekwars.generator.FightFunctions.getCellContent, 1)), load(sysexec(com.leekwars.generator.FightFunctions.getCellContent, 17)), load(sysexec(com.leekwars.generator.FightFunctions.getCellContent, -1)), load(sysexec(com.leekwars.generator.FightFunctions.isEmptyCell, load(sysexec(com.leekwars.generator.FightFunctions.getCell, new Object[] { null })))), load(sysexec(com.leekwars.generator.FightFunctions.isEmptyCell, load(sysexec(com.leekwars.generator.FightFunctions.getCell, 1)))), load(sysexec(com.leekwars.generator.FightFunctions.isEmptyCell, 1)), load(sysexec(com.leekwars.generator.FightFunctions.isEmptyCell, 17)), load(sysexec(com.leekwars.generator.FightFunctions.isEmptyCell, -1)), load(sysexec(com.leekwars.generator.FightFunctions.isObstacle, load(sysexec(com.leekwars.generator.FightFunctions.getCell, new Object[] { null })))), load(sysexec(com.leekwars.generator.FightFunctions.isObstacle, load(sysexec(com.leekwars.generator.FightFunctions.getCell, 1)))), load(sysexec(com.leekwars.generator.FightFunctions.isObstacle, 1)), load(sysexec(com.leekwars.generator.FightFunctions.isObstacle, 17)), load(sysexec(com.leekwars.generator.FightFunctions.isObstacle, -1)), load(sysexec(com.leekwars.generator.FightFunctions.isLeek, load(sysexec(com.leekwars.generator.FightFunctions.getCell, new Object[] { null })))), load(sysexec(com.leekwars.generator.FightFunctions.isLeek, load(sysexec(com.leekwars.generator.FightFunctions.getCell, 1)))), load(sysexec(com.leekwars.generator.FightFunctions.isLeek, 1)), load(sysexec(com.leekwars.generator.FightFunctions.isLeek, 17)), load(sysexec(com.leekwars.generator.FightFunctions.isLeek, -1)), load(sysexec(com.leekwars.generator.FightFunctions.getCellX, load(sysexec(com.leekwars.generator.FightFunctions.getCell, new Object[] { null })))), load(sysexec(com.leekwars.generator.FightFunctions.getCellX, load(sysexec(com.leekwars.generator.FightFunctions.getCell, 1)))), load(sysexec(com.leekwars.generator.FightFunctions.getCellX, 1)), load(sysexec(com.leekwars.generator.FightFunctions.getCellX, 17)), load(sysexec(com.leekwars.generator.FightFunctions.getCellX, -1)), load(sysexec(com.leekwars.generator.FightFunctions.getCellY, load(sysexec(com.leekwars.generator.FightFunctions.getCell, new Object[] { null })))), load(sysexec(com.leekwars.generator.FightFunctions.getCellY, load(sysexec(com.leekwars.generator.FightFunctions.getCell, 1)))), load(sysexec(com.leekwars.generator.FightFunctions.getCellY, 1)), load(sysexec(com.leekwars.generator.FightFunctions.getCellY, 17)), load(sysexec(com.leekwars.generator.FightFunctions.getCellY, -1)), load(sysexec(com.leekwars.generator.FightFunctions.getNearestEnemy)), load(sysexec(com.leekwars.generator.FightFunctions.getFarestEnemy)), load(sysexec(com.leekwars.generator.FightFunctions.getTurn)), load(sysexec(LeekFunctions.string, load(sysexec(com.leekwars.generator.FightFunctions.getAliveEnemies)))), load(sysexec(com.leekwars.generator.FightFunctions.getAliveEnemiesCount)), load(sysexec(LeekFunctions.string, load(sysexec(com.leekwars.generator.FightFunctions.getDeadEnemies)))), load(sysexec(com.leekwars.generator.FightFunctions.getDeadEnemiesCount)), load(sysexec(LeekFunctions.string, load(sysexec(com.leekwars.generator.FightFunctions.getEnemies)))), load(sysexec(LeekFunctions.string, load(sysexec(com.leekwars.generator.FightFunctions.getAllies)))), load(sysexec(com.leekwars.generator.FightFunctions.getEnemiesCount)), load(sysexec(com.leekwars.generator.FightFunctions.getNearestAlly)), load(sysexec(com.leekwars.generator.FightFunctions.getFarestAlly)), load(sysexec(com.leekwars.generator.FightFunctions.getFarestAlly)), load(sysexec(LeekFunctions.string, load(sysexec(com.leekwars.generator.FightFunctions.getAliveAllies)))), load(sysexec(LeekFunctions.string, load(sysexec(com.leekwars.generator.FightFunctions.getDeadAllies)))), load(sysexec(com.leekwars.generator.FightFunctions.getAlliesCount)) }, false), 7);
                                                                                                                                                                                                                                                                                                                                                                                                                                                                                                                                                                                                                                                                                                                                                                                                                                                                                                                                                                                                                                                                                                                                                                                                                                                                                                                                                                                                                                                                                                                                                                                                                                                                                                                                                                                                                                                                                                                                                                                                                                                                                                                                                                                                                                                                                                                                                                                                                                                                                                                                                                                                                                                                                                                                                                                                                                                                                                                                                                                                                                                                                                                                                                                                                                                                                                                                                                                                                                                                                                                                                                                                                                                                                                                                                                                                                                                                                                                                                                                                                                                                                                                                                                                                                                                                                                                                                                                                                                                                                                                                                                                                                                                                                                                                                                                                                            ^
AI_7.java:12: error: package com.leekwars.generator does not exist
return ops(new ArrayLeekValue(AI_7.this, new Object[] { load(sysexec(com.leekwars.generator.FightFunctions.getDistance, 164, 200)), load(sysexec(com.leekwars.generator.FightFunctions.getDistance, 17, 595)), load(sysexec(com.leekwars.generator.FightFunctions.getCellDistance, 164, 200)), load(sysexec(com.leekwars.generator.FightFunctions.getCellDistance, 17, 595)), load(sysexec(com.leekwars.generator.FightFunctions.getLeekOnCell, load(sysexec(com.leekwars.generator.FightFunctions.getCell, new Object[] { null })))), load(sysexec(com.leekwars.generator.FightFunctions.getLeekOnCell, load(sysexec(com.leekwars.generator.FightFunctions.getCell, 1)))), load(sysexec(com.leekwars.generator.FightFunctions.getLeekOnCell, 1)), load(sysexec(com.leekwars.generator.FightFunctions.getLeekOnCell, -1)), load(sysexec(com.leekwars.generator.FightFunctions.getCellContent, load(sysexec(com.leekwars.generator.FightFunctions.getCell, new Object[] { null })))), load(sysexec(com.leekwars.generator.FightFunctions.getCellContent, load(sysexec(com.leekwars.generator.FightFunctions.getCell, 1)))), load(sysexec(com.leekwars.generator.FightFunctions.getCellContent, 1)), load(sysexec(com.leekwars.generator.FightFunctions.getCellContent, 17)), load(sysexec(com.leekwars.generator.FightFunctions.getCellContent, -1)), load(sysexec(com.leekwars.generator.FightFunctions.isEmptyCell, load(sysexec(com.leekwars.generator.FightFunctions.getCell, new Object[] { null })))), load(sysexec(com.leekwars.generator.FightFunctions.isEmptyCell, load(sysexec(com.leekwars.generator.FightFunctions.getCell, 1)))), load(sysexec(com.leekwars.generator.FightFunctions.isEmptyCell, 1)), load(sysexec(com.leekwars.generator.FightFunctions.isEmptyCell, 17)), load(sysexec(com.leekwars.generator.FightFunctions.isEmptyCell, -1)), load(sysexec(com.leekwars.generator.FightFunctions.isObstacle, load(sysexec(com.leekwars.generator.FightFunctions.getCell, new Object[] { null })))), load(sysexec(com.leekwars.generator.FightFunctions.isObstacle, load(sysexec(com.leekwars.generator.FightFunctions.getCell, 1)))), load(sysexec(com.leekwars.generator.FightFunctions.isObstacle, 1)), load(sysexec(com.leekwars.generator.FightFunctions.isObstacle, 17)), load(sysexec(com.leekwars.generator.FightFunctions.isObstacle, -1)), load(sysexec(com.leekwars.generator.FightFunctions.isLeek, load(sysexec(com.leekwars.generator.FightFunctions.getCell, new Object[] { null })))), load(sysexec(com.leekwars.generator.FightFunctions.isLeek, load(sysexec(com.leekwars.generator.FightFunctions.getCell, 1)))), load(sysexec(com.leekwars.generator.FightFunctions.isLeek, 1)), load(sysexec(com.leekwars.generator.FightFunctions.isLeek, 17)), load(sysexec(com.leekwars.generator.FightFunctions.isLeek, -1)), load(sysexec(com.leekwars.generator.FightFunctions.getCellX, load(sysexec(com.leekwars.generator.FightFunctions.getCell, new Object[] { null })))), load(sysexec(com.leekwars.generator.FightFunctions.getCellX, load(sysexec(com.leekwars.generator.FightFunctions.getCell, 1)))), load(sysexec(com.leekwars.generator.FightFunctions.getCellX, 1)), load(sysexec(com.leekwars.generator.FightFunctions.getCellX, 17)), load(sysexec(com.leekwars.generator.FightFunctions.getCellX, -1)), load(sysexec(com.leekwars.generator.FightFunctions.getCellY, load(sysexec(com.leekwars.generator.FightFunctions.getCell, new Object[] { null })))), load(sysexec(com.leekwars.generator.FightFunctions.getCellY, load(sysexec(com.leekwars.generator.FightFunctions.getCell, 1)))), load(sysexec(com.leekwars.generator.FightFunctions.getCellY, 1)), load(sysexec(com.leekwars.generator.FightFunctions.getCellY, 17)), load(sysexec(com.leekwars.generator.FightFunctions.getCellY, -1)), load(sysexec(com.leekwars.generator.FightFunctions.getNearestEnemy)), load(sysexec(com.leekwars.generator.FightFunctions.getFarestEnemy)), load(sysexec(com.leekwars.generator.FightFunctions.getTurn)), load(sysexec(LeekFunctions.string, load(sysexec(com.leekwars.generator.FightFunctions.getAliveEnemies)))), load(sysexec(com.leekwars.generator.FightFunctions.getAliveEnemiesCount)), load(sysexec(LeekFunctions.string, load(sysexec(com.leekwars.generator.FightFunctions.getDeadEnemies)))), load(sysexec(com.leekwars.generator.FightFunctions.getDeadEnemiesCount)), load(sysexec(LeekFunctions.string, load(sysexec(com.leekwars.generator.FightFunctions.getEnemies)))), load(sysexec(LeekFunctions.string, load(sysexec(com.leekwars.generator.FightFunctions.getAllies)))), load(sysexec(com.leekwars.generator.FightFunctions.getEnemiesCount)), load(sysexec(com.leekwars.generator.FightFunctions.getNearestAlly)), load(sysexec(com.leekwars.generator.FightFunctions.getFarestAlly)), load(sysexec(com.leekwars.generator.FightFunctions.getFarestAlly)), load(sysexec(LeekFunctions.string, load(sysexec(com.leekwars.generator.FightFunctions.getAliveAllies)))), load(sysexec(LeekFunctions.string, load(sysexec(com.leekwars.generator.FightFunctions.getDeadAllies)))), load(sysexec(com.leekwars.generator.FightFunctions.getAlliesCount)) }, false), 7);
                                                                                                                                                                                                                                                                                                                                                                                                                                                                                                                                                                                                                                                                                                                                                                                                                                                                                                                                                                                                                                                                                                                                                                                                                                                                                                                                                                                                                                                                                                                                                                                                                                                                                                                                                                                                                                                                                                                                                                                                                                                                                                                                                                                                                                                                                                                                                                                                                                                                                                                                                                                                                                                                                                                                                                                                                                                                                                                                                                                                                                                                                                                                                                                                                                                                                                                                                                                                                                                                                                                                                                                                                                                                                                                                                                                                                                                                                                                                                                                                                                                                                                                                                                                                                                                                                                                                                                                                                                                                                                                                                                                                                                                                                                                                                                                                                                                                                                ^
AI_7.java:12: error: package com.leekwars.generator does not exist
return ops(new ArrayLeekValue(AI_7.this, new Object[] { load(sysexec(com.leekwars.generator.FightFunctions.getDistance, 164, 200)), load(sysexec(com.leekwars.generator.FightFunctions.getDistance, 17, 595)), load(sysexec(com.leekwars.generator.FightFunctions.getCellDistance, 164, 200)), load(sysexec(com.leekwars.generator.FightFunctions.getCellDistance, 17, 595)), load(sysexec(com.leekwars.generator.FightFunctions.getLeekOnCell, load(sysexec(com.leekwars.generator.FightFunctions.getCell, new Object[] { null })))), load(sysexec(com.leekwars.generator.FightFunctions.getLeekOnCell, load(sysexec(com.leekwars.generator.FightFunctions.getCell, 1)))), load(sysexec(com.leekwars.generator.FightFunctions.getLeekOnCell, 1)), load(sysexec(com.leekwars.generator.FightFunctions.getLeekOnCell, -1)), load(sysexec(com.leekwars.generator.FightFunctions.getCellContent, load(sysexec(com.leekwars.generator.FightFunctions.getCell, new Object[] { null })))), load(sysexec(com.leekwars.generator.FightFunctions.getCellContent, load(sysexec(com.leekwars.generator.FightFunctions.getCell, 1)))), load(sysexec(com.leekwars.generator.FightFunctions.getCellContent, 1)), load(sysexec(com.leekwars.generator.FightFunctions.getCellContent, 17)), load(sysexec(com.leekwars.generator.FightFunctions.getCellContent, -1)), load(sysexec(com.leekwars.generator.FightFunctions.isEmptyCell, load(sysexec(com.leekwars.generator.FightFunctions.getCell, new Object[] { null })))), load(sysexec(com.leekwars.generator.FightFunctions.isEmptyCell, load(sysexec(com.leekwars.generator.FightFunctions.getCell, 1)))), load(sysexec(com.leekwars.generator.FightFunctions.isEmptyCell, 1)), load(sysexec(com.leekwars.generator.FightFunctions.isEmptyCell, 17)), load(sysexec(com.leekwars.generator.FightFunctions.isEmptyCell, -1)), load(sysexec(com.leekwars.generator.FightFunctions.isObstacle, load(sysexec(com.leekwars.generator.FightFunctions.getCell, new Object[] { null })))), load(sysexec(com.leekwars.generator.FightFunctions.isObstacle, load(sysexec(com.leekwars.generator.FightFunctions.getCell, 1)))), load(sysexec(com.leekwars.generator.FightFunctions.isObstacle, 1)), load(sysexec(com.leekwars.generator.FightFunctions.isObstacle, 17)), load(sysexec(com.leekwars.generator.FightFunctions.isObstacle, -1)), load(sysexec(com.leekwars.generator.FightFunctions.isLeek, load(sysexec(com.leekwars.generator.FightFunctions.getCell, new Object[] { null })))), load(sysexec(com.leekwars.generator.FightFunctions.isLeek, load(sysexec(com.leekwars.generator.FightFunctions.getCell, 1)))), load(sysexec(com.leekwars.generator.FightFunctions.isLeek, 1)), load(sysexec(com.leekwars.generator.FightFunctions.isLeek, 17)), load(sysexec(com.leekwars.generator.FightFunctions.isLeek, -1)), load(sysexec(com.leekwars.generator.FightFunctions.getCellX, load(sysexec(com.leekwars.generator.FightFunctions.getCell, new Object[] { null })))), load(sysexec(com.leekwars.generator.FightFunctions.getCellX, load(sysexec(com.leekwars.generator.FightFunctions.getCell, 1)))), load(sysexec(com.leekwars.generator.FightFunctions.getCellX, 1)), load(sysexec(com.leekwars.generator.FightFunctions.getCellX, 17)), load(sysexec(com.leekwars.generator.FightFunctions.getCellX, -1)), load(sysexec(com.leekwars.generator.FightFunctions.getCellY, load(sysexec(com.leekwars.generator.FightFunctions.getCell, new Object[] { null })))), load(sysexec(com.leekwars.generator.FightFunctions.getCellY, load(sysexec(com.leekwars.generator.FightFunctions.getCell, 1)))), load(sysexec(com.leekwars.generator.FightFunctions.getCellY, 1)), load(sysexec(com.leekwars.generator.FightFunctions.getCellY, 17)), load(sysexec(com.leekwars.generator.FightFunctions.getCellY, -1)), load(sysexec(com.leekwars.generator.FightFunctions.getNearestEnemy)), load(sysexec(com.leekwars.generator.FightFunctions.getFarestEnemy)), load(sysexec(com.leekwars.generator.FightFunctions.getTurn)), load(sysexec(LeekFunctions.string, load(sysexec(com.leekwars.generator.FightFunctions.getAliveEnemies)))), load(sysexec(com.leekwars.generator.FightFunctions.getAliveEnemiesCount)), load(sysexec(LeekFunctions.string, load(sysexec(com.leekwars.generator.FightFunctions.getDeadEnemies)))), load(sysexec(com.leekwars.generator.FightFunctions.getDeadEnemiesCount)), load(sysexec(LeekFunctions.string, load(sysexec(com.leekwars.generator.FightFunctions.getEnemies)))), load(sysexec(LeekFunctions.string, load(sysexec(com.leekwars.generator.FightFunctions.getAllies)))), load(sysexec(com.leekwars.generator.FightFunctions.getEnemiesCount)), load(sysexec(com.leekwars.generator.FightFunctions.getNearestAlly)), load(sysexec(com.leekwars.generator.FightFunctions.getFarestAlly)), load(sysexec(com.leekwars.generator.FightFunctions.getFarestAlly)), load(sysexec(LeekFunctions.string, load(sysexec(com.leekwars.generator.FightFunctions.getAliveAllies)))), load(sysexec(LeekFunctions.string, load(sysexec(com.leekwars.generator.FightFunctions.getDeadAllies)))), load(sysexec(com.leekwars.generator.FightFunctions.getAlliesCount)) }, false), 7);
                                                                                                                                                                                                                                                                                                                                                                                                                                                                                                                                                                                                                                                                                                                                                                                                                                                                                                                                                                                                                                                                                                                                                                                                                                                                                                                                                                                                                                                                                                                                                                                                                                                                                                                                                                                                                                                                                                                                                                                                                                                                                                                                                                                                                                                                                                                                                                                                                                                                                                                                                                                                                                                                                                                                                                                                                                                                                                                                                                                                                                                                                                                                                                                                                                                                                                                                                                                                                                                                                                                                                                                                                                                                                                                                                                                                                                                                                                                                                                                                                                                                                                                                                                                                                                                                                                                                                                                                                                                                                                                                                                                                                                                                                                                                                                                                                                                                                                                                                                                                       ^
AI_7.java:12: error: package com.leekwars.generator does not exist
return ops(new ArrayLeekValue(AI_7.this, new Object[] { load(sysexec(com.leekwars.generator.FightFunctions.getDistance, 164, 200)), load(sysexec(com.leekwars.generator.FightFunctions.getDistance, 17, 595)), load(sysexec(com.leekwars.generator.FightFunctions.getCellDistance, 164, 200)), load(sysexec(com.leekwars.generator.FightFunctions.getCellDistance, 17, 595)), load(sysexec(com.leekwars.generator.FightFunctions.getLeekOnCell, load(sysexec(com.leekwars.generator.FightFunctions.getCell, new Object[] { null })))), load(sysexec(com.leekwars.generator.FightFunctions.getLeekOnCell, load(sysexec(com.leekwars.generator.FightFunctions.getCell, 1)))), load(sysexec(com.leekwars.generator.FightFunctions.getLeekOnCell, 1)), load(sysexec(com.leekwars.generator.FightFunctions.getLeekOnCell, -1)), load(sysexec(com.leekwars.generator.FightFunctions.getCellContent, load(sysexec(com.leekwars.generator.FightFunctions.getCell, new Object[] { null })))), load(sysexec(com.leekwars.generator.FightFunctions.getCellContent, load(sysexec(com.leekwars.generator.FightFunctions.getCell, 1)))), load(sysexec(com.leekwars.generator.FightFunctions.getCellContent, 1)), load(sysexec(com.leekwars.generator.FightFunctions.getCellContent, 17)), load(sysexec(com.leekwars.generator.FightFunctions.getCellContent, -1)), load(sysexec(com.leekwars.generator.FightFunctions.isEmptyCell, load(sysexec(com.leekwars.generator.FightFunctions.getCell, new Object[] { null })))), load(sysexec(com.leekwars.generator.FightFunctions.isEmptyCell, load(sysexec(com.leekwars.generator.FightFunctions.getCell, 1)))), load(sysexec(com.leekwars.generator.FightFunctions.isEmptyCell, 1)), load(sysexec(com.leekwars.generator.FightFunctions.isEmptyCell, 17)), load(sysexec(com.leekwars.generator.FightFunctions.isEmptyCell, -1)), load(sysexec(com.leekwars.generator.FightFunctions.isObstacle, load(sysexec(com.leekwars.generator.FightFunctions.getCell, new Object[] { null })))), load(sysexec(com.leekwars.generator.FightFunctions.isObstacle, load(sysexec(com.leekwars.generator.FightFunctions.getCell, 1)))), load(sysexec(com.leekwars.generator.FightFunctions.isObstacle, 1)), load(sysexec(com.leekwars.generator.FightFunctions.isObstacle, 17)), load(sysexec(com.leekwars.generator.FightFunctions.isObstacle, -1)), load(sysexec(com.leekwars.generator.FightFunctions.isLeek, load(sysexec(com.leekwars.generator.FightFunctions.getCell, new Object[] { null })))), load(sysexec(com.leekwars.generator.FightFunctions.isLeek, load(sysexec(com.leekwars.generator.FightFunctions.getCell, 1)))), load(sysexec(com.leekwars.generator.FightFunctions.isLeek, 1)), load(sysexec(com.leekwars.generator.FightFunctions.isLeek, 17)), load(sysexec(com.leekwars.generator.FightFunctions.isLeek, -1)), load(sysexec(com.leekwars.generator.FightFunctions.getCellX, load(sysexec(com.leekwars.generator.FightFunctions.getCell, new Object[] { null })))), load(sysexec(com.leekwars.generator.FightFunctions.getCellX, load(sysexec(com.leekwars.generator.FightFunctions.getCell, 1)))), load(sysexec(com.leekwars.generator.FightFunctions.getCellX, 1)), load(sysexec(com.leekwars.generator.FightFunctions.getCellX, 17)), load(sysexec(com.leekwars.generator.FightFunctions.getCellX, -1)), load(sysexec(com.leekwars.generator.FightFunctions.getCellY, load(sysexec(com.leekwars.generator.FightFunctions.getCell, new Object[] { null })))), load(sysexec(com.leekwars.generator.FightFunctions.getCellY, load(sysexec(com.leekwars.generator.FightFunctions.getCell, 1)))), load(sysexec(com.leekwars.generator.FightFunctions.getCellY, 1)), load(sysexec(com.leekwars.generator.FightFunctions.getCellY, 17)), load(sysexec(com.leekwars.generator.FightFunctions.getCellY, -1)), load(sysexec(com.leekwars.generator.FightFunctions.getNearestEnemy)), load(sysexec(com.leekwars.generator.FightFunctions.getFarestEnemy)), load(sysexec(com.leekwars.generator.FightFunctions.getTurn)), load(sysexec(LeekFunctions.string, load(sysexec(com.leekwars.generator.FightFunctions.getAliveEnemies)))), load(sysexec(com.leekwars.generator.FightFunctions.getAliveEnemiesCount)), load(sysexec(LeekFunctions.string, load(sysexec(com.leekwars.generator.FightFunctions.getDeadEnemies)))), load(sysexec(com.leekwars.generator.FightFunctions.getDeadEnemiesCount)), load(sysexec(LeekFunctions.string, load(sysexec(com.leekwars.generator.FightFunctions.getEnemies)))), load(sysexec(LeekFunctions.string, load(sysexec(com.leekwars.generator.FightFunctions.getAllies)))), load(sysexec(com.leekwars.generator.FightFunctions.getEnemiesCount)), load(sysexec(com.leekwars.generator.FightFunctions.getNearestAlly)), load(sysexec(com.leekwars.generator.FightFunctions.getFarestAlly)), load(sysexec(com.leekwars.generator.FightFunctions.getFarestAlly)), load(sysexec(LeekFunctions.string, load(sysexec(com.leekwars.generator.FightFunctions.getAliveAllies)))), load(sysexec(LeekFunctions.string, load(sysexec(com.leekwars.generator.FightFunctions.getDeadAllies)))), load(sysexec(com.leekwars.generator.FightFunctions.getAlliesCount)) }, false), 7);
                                                                                                                                                                                                                                                                                                                                                                                                                                                                                                                                                                                                                                                                                                                                                                                                                                                                                                                                                                                                                                                                                                                                                                                                                                                                                                                                                                                                                                                                                                                                                                                                                                                                                                                                                                                                                                                                                                                                                                                                                                                                                                                                                                                                                                                                                                                                                                                                                                                                                                                                                                                                                                                                                                                                                                                                                                                                                                                                                                                                                                                                                                                                                                                                                                                                                                                                                                                                                                                                                                                                                                                                                                                                                                                                                                                                                                                                                                                                                                                                                                                                                                                                                                                                                                                                                                                                                                                                                                                                                                                                                                                                                                                                                                                                                                                                                                                                                                                                                                                                                                                                                                                 ^
AI_7.java:12: error: package com.leekwars.generator does not exist
return ops(new ArrayLeekValue(AI_7.this, new Object[] { load(sysexec(com.leekwars.generator.FightFunctions.getDistance, 164, 200)), load(sysexec(com.leekwars.generator.FightFunctions.getDistance, 17, 595)), load(sysexec(com.leekwars.generator.FightFunctions.getCellDistance, 164, 200)), load(sysexec(com.leekwars.generator.FightFunctions.getCellDistance, 17, 595)), load(sysexec(com.leekwars.generator.FightFunctions.getLeekOnCell, load(sysexec(com.leekwars.generator.FightFunctions.getCell, new Object[] { null })))), load(sysexec(com.leekwars.generator.FightFunctions.getLeekOnCell, load(sysexec(com.leekwars.generator.FightFunctions.getCell, 1)))), load(sysexec(com.leekwars.generator.FightFunctions.getLeekOnCell, 1)), load(sysexec(com.leekwars.generator.FightFunctions.getLeekOnCell, -1)), load(sysexec(com.leekwars.generator.FightFunctions.getCellContent, load(sysexec(com.leekwars.generator.FightFunctions.getCell, new Object[] { null })))), load(sysexec(com.leekwars.generator.FightFunctions.getCellContent, load(sysexec(com.leekwars.generator.FightFunctions.getCell, 1)))), load(sysexec(com.leekwars.generator.FightFunctions.getCellContent, 1)), load(sysexec(com.leekwars.generator.FightFunctions.getCellContent, 17)), load(sysexec(com.leekwars.generator.FightFunctions.getCellContent, -1)), load(sysexec(com.leekwars.generator.FightFunctions.isEmptyCell, load(sysexec(com.leekwars.generator.FightFunctions.getCell, new Object[] { null })))), load(sysexec(com.leekwars.generator.FightFunctions.isEmptyCell, load(sysexec(com.leekwars.generator.FightFunctions.getCell, 1)))), load(sysexec(com.leekwars.generator.FightFunctions.isEmptyCell, 1)), load(sysexec(com.leekwars.generator.FightFunctions.isEmptyCell, 17)), load(sysexec(com.leekwars.generator.FightFunctions.isEmptyCell, -1)), load(sysexec(com.leekwars.generator.FightFunctions.isObstacle, load(sysexec(com.leekwars.generator.FightFunctions.getCell, new Object[] { null })))), load(sysexec(com.leekwars.generator.FightFunctions.isObstacle, load(sysexec(com.leekwars.generator.FightFunctions.getCell, 1)))), load(sysexec(com.leekwars.generator.FightFunctions.isObstacle, 1)), load(sysexec(com.leekwars.generator.FightFunctions.isObstacle, 17)), load(sysexec(com.leekwars.generator.FightFunctions.isObstacle, -1)), load(sysexec(com.leekwars.generator.FightFunctions.isLeek, load(sysexec(com.leekwars.generator.FightFunctions.getCell, new Object[] { null })))), load(sysexec(com.leekwars.generator.FightFunctions.isLeek, load(sysexec(com.leekwars.generator.FightFunctions.getCell, 1)))), load(sysexec(com.leekwars.generator.FightFunctions.isLeek, 1)), load(sysexec(com.leekwars.generator.FightFunctions.isLeek, 17)), load(sysexec(com.leekwars.generator.FightFunctions.isLeek, -1)), load(sysexec(com.leekwars.generator.FightFunctions.getCellX, load(sysexec(com.leekwars.generator.FightFunctions.getCell, new Object[] { null })))), load(sysexec(com.leekwars.generator.FightFunctions.getCellX, load(sysexec(com.leekwars.generator.FightFunctions.getCell, 1)))), load(sysexec(com.leekwars.generator.FightFunctions.getCellX, 1)), load(sysexec(com.leekwars.generator.FightFunctions.getCellX, 17)), load(sysexec(com.leekwars.generator.FightFunctions.getCellX, -1)), load(sysexec(com.leekwars.generator.FightFunctions.getCellY, load(sysexec(com.leekwars.generator.FightFunctions.getCell, new Object[] { null })))), load(sysexec(com.leekwars.generator.FightFunctions.getCellY, load(sysexec(com.leekwars.generator.FightFunctions.getCell, 1)))), load(sysexec(com.leekwars.generator.FightFunctions.getCellY, 1)), load(sysexec(com.leekwars.generator.FightFunctions.getCellY, 17)), load(sysexec(com.leekwars.generator.FightFunctions.getCellY, -1)), load(sysexec(com.leekwars.generator.FightFunctions.getNearestEnemy)), load(sysexec(com.leekwars.generator.FightFunctions.getFarestEnemy)), load(sysexec(com.leekwars.generator.FightFunctions.getTurn)), load(sysexec(LeekFunctions.string, load(sysexec(com.leekwars.generator.FightFunctions.getAliveEnemies)))), load(sysexec(com.leekwars.generator.FightFunctions.getAliveEnemiesCount)), load(sysexec(LeekFunctions.string, load(sysexec(com.leekwars.generator.FightFunctions.getDeadEnemies)))), load(sysexec(com.leekwars.generator.FightFunctions.getDeadEnemiesCount)), load(sysexec(LeekFunctions.string, load(sysexec(com.leekwars.generator.FightFunctions.getEnemies)))), load(sysexec(LeekFunctions.string, load(sysexec(com.leekwars.generator.FightFunctions.getAllies)))), load(sysexec(com.leekwars.generator.FightFunctions.getEnemiesCount)), load(sysexec(com.leekwars.generator.FightFunctions.getNearestAlly)), load(sysexec(com.leekwars.generator.FightFunctions.getFarestAlly)), load(sysexec(com.leekwars.generator.FightFunctions.getFarestAlly)), load(sysexec(LeekFunctions.string, load(sysexec(com.leekwars.generator.FightFunctions.getAliveAllies)))), load(sysexec(LeekFunctions.string, load(sysexec(com.leekwars.generator.FightFunctions.getDeadAllies)))), load(sysexec(com.leekwars.generator.FightFunctions.getAlliesCount)) }, false), 7);
                                                                                                                                                                                                                                                                                                                                                                                                                                                                                                                                                                                                                                                                                                                                                                                                                                                                                                                                                                                                                                                                                                                                                                                                                                                                                                                                                                                                                                                                                                                                                                                                                                                                                                                                                                                                                                                                                                                                                                                                                                                                                                                                                                                                                                                                                                                                                                                                                                                                                                                                                                                                                                                                                                                                                                                                                                                                                                                                                                                                                                                                                                                                                                                                                                                                                                                                                                                                                                                                                                                                                                                                                                                                                                                                                                                                                                                                                                                                                                                                                                                                                                                                                                                                                                                                                                                                                                                                                                                                                                                                                                                                                                                                                                                                                                                                                                                                                                                                                                                                                                                                                                                                                                                       ^
AI_7.java:12: error: no suitable constructor found for ArrayLeekValue(AI_7,Object[],boolean)
return ops(new ArrayLeekValue(AI_7.this, new Object[] { load(sysexec(com.leekwars.generator.FightFunctions.getDistance, 164, 200)), load(sysexec(com.leekwars.generator.FightFunctions.getDistance, 17, 595)), load(sysexec(com.leekwars.generator.FightFunctions.getCellDistance, 164, 200)), load(sysexec(com.leekwars.generator.FightFunctions.getCellDistance, 17, 595)), load(sysexec(com.leekwars.generator.FightFunctions.getLeekOnCell, load(sysexec(com.leekwars.generator.FightFunctions.getCell, new Object[] { null })))), load(sysexec(com.leekwars.generator.FightFunctions.getLeekOnCell, load(sysexec(com.leekwars.generator.FightFunctions.getCell, 1)))), load(sysexec(com.leekwars.generator.FightFunctions.getLeekOnCell, 1)), load(sysexec(com.leekwars.generator.FightFunctions.getLeekOnCell, -1)), load(sysexec(com.leekwars.generator.FightFunctions.getCellContent, load(sysexec(com.leekwars.generator.FightFunctions.getCell, new Object[] { null })))), load(sysexec(com.leekwars.generator.FightFunctions.getCellContent, load(sysexec(com.leekwars.generator.FightFunctions.getCell, 1)))), load(sysexec(com.leekwars.generator.FightFunctions.getCellContent, 1)), load(sysexec(com.leekwars.generator.FightFunctions.getCellContent, 17)), load(sysexec(com.leekwars.generator.FightFunctions.getCellContent, -1)), load(sysexec(com.leekwars.generator.FightFunctions.isEmptyCell, load(sysexec(com.leekwars.generator.FightFunctions.getCell, new Object[] { null })))), load(sysexec(com.leekwars.generator.FightFunctions.isEmptyCell, load(sysexec(com.leekwars.generator.FightFunctions.getCell, 1)))), load(sysexec(com.leekwars.generator.FightFunctions.isEmptyCell, 1)), load(sysexec(com.leekwars.generator.FightFunctions.isEmptyCell, 17)), load(sysexec(com.leekwars.generator.FightFunctions.isEmptyCell, -1)), load(sysexec(com.leekwars.generator.FightFunctions.isObstacle, load(sysexec(com.leekwars.generator.FightFunctions.getCell, new Object[] { null })))), load(sysexec(com.leekwars.generator.FightFunctions.isObstacle, load(sysexec(com.leekwars.generator.FightFunctions.getCell, 1)))), load(sysexec(com.leekwars.generator.FightFunctions.isObstacle, 1)), load(sysexec(com.leekwars.generator.FightFunctions.isObstacle, 17)), load(sysexec(com.leekwars.generator.FightFunctions.isObstacle, -1)), load(sysexec(com.leekwars.generator.FightFunctions.isLeek, load(sysexec(com.leekwars.generator.FightFunctions.getCell, new Object[] { null })))), load(sysexec(com.leekwars.generator.FightFunctions.isLeek, load(sysexec(com.leekwars.generator.FightFunctions.getCell, 1)))), load(sysexec(com.leekwars.generator.FightFunctions.isLeek, 1)), load(sysexec(com.leekwars.generator.FightFunctions.isLeek, 17)), load(sysexec(com.leekwars.generator.FightFunctions.isLeek, -1)), load(sysexec(com.leekwars.generator.FightFunctions.getCellX, load(sysexec(com.leekwars.generator.FightFunctions.getCell, new Object[] { null })))), load(sysexec(com.leekwars.generator.FightFunctions.getCellX, load(sysexec(com.leekwars.generator.FightFunctions.getCell, 1)))), load(sysexec(com.leekwars.generator.FightFunctions.getCellX, 1)), load(sysexec(com.leekwars.generator.FightFunctions.getCellX, 17)), load(sysexec(com.leekwars.generator.FightFunctions.getCellX, -1)), load(sysexec(com.leekwars.generator.FightFunctions.getCellY, load(sysexec(com.leekwars.generator.FightFunctions.getCell, new Object[] { null })))), load(sysexec(com.leekwars.generator.FightFunctions.getCellY, load(sysexec(com.leekwars.generator.FightFunctions.getCell, 1)))), load(sysexec(com.leekwars.generator.FightFunctions.getCellY, 1)), load(sysexec(com.leekwars.generator.FightFunctions.getCellY, 17)), load(sysexec(com.leekwars.generator.FightFunctions.getCellY, -1)), load(sysexec(com.leekwars.generator.FightFunctions.getNearestEnemy)), load(sysexec(com.leekwars.generator.FightFunctions.getFarestEnemy)), load(sysexec(com.leekwars.generator.FightFunctions.getTurn)), load(sysexec(LeekFunctions.string, load(sysexec(com.leekwars.generator.FightFunctions.getAliveEnemies)))), load(sysexec(com.leekwars.generator.FightFunctions.getAliveEnemiesCount)), load(sysexec(LeekFunctions.string, load(sysexec(com.leekwars.generator.FightFunctions.getDeadEnemies)))), load(sysexec(com.leekwars.generator.FightFunctions.getDeadEnemiesCount)), load(sysexec(LeekFunctions.string, load(sysexec(com.leekwars.generator.FightFunctions.getEnemies)))), load(sysexec(LeekFunctions.string, load(sysexec(com.leekwars.generator.FightFunctions.getAllies)))), load(sysexec(com.leekwars.generator.FightFunctions.getEnemiesCount)), load(sysexec(com.leekwars.generator.FightFunctions.getNearestAlly)), load(sysexec(com.leekwars.generator.FightFunctions.getFarestAlly)), load(sysexec(com.leekwars.generator.FightFunctions.getFarestAlly)), load(sysexec(LeekFunctions.string, load(sysexec(com.leekwars.generator.FightFunctions.getAliveAllies)))), load(sysexec(LeekFunctions.string, load(sysexec(com.leekwars.generator.FightFunctions.getDeadAllies)))), load(sysexec(com.leekwars.generator.FightFunctions.getAlliesCount)) }, false), 7);
           ^
    constructor ArrayLeekValue.ArrayLeekValue(AI,Object[],boolean) is not applicable
      (argument mismatch; AI_7 cannot be converted to AI)
    constructor ArrayLeekValue.ArrayLeekValue(AI,ArrayLeekValue,int) is not applicable
      (argument mismatch; AI_7 cannot be converted to AI)
Note: Some messages have been simplified; recompile with -Xdiags:verbose to get full output
71 errors

	at leekscript.compiler.LeekScript.compile(LeekScript.java:231)
	at leekscript.compiler.LeekScript.compileSnippet(LeekScript.java:108)
	at leekscript.compiler.LeekScript.compileSnippet(LeekScript.java:102)
	at test.GeneratorCompilation.testScriptGenerator(GeneratorCompilation.java:25)
	at test.TestFightFunctions.testAI(TestFightFunctions.java:506)
	at test.TestFightFunctions.MapFunctionsTest(TestFightFunctions.java:411)
	at java.base/jdk.internal.reflect.DirectMethodHandleAccessor.invoke(DirectMethodHandleAccessor.java:104)
	at java.base/java.lang.reflect.Method.invoke(Method.java:577)
	at org.junit.runners.model.FrameworkMethod$1.runReflectiveCall(FrameworkMethod.java:50)
	at org.junit.internal.runners.model.ReflectiveCallable.run(ReflectiveCallable.java:12)
	at org.junit.runners.model.FrameworkMethod.invokeExplosively(FrameworkMethod.java:47)
	at org.junit.internal.runners.statements.InvokeMethod.evaluate(InvokeMethod.java:17)
	at org.junit.internal.runners.statements.RunBefores.evaluate(RunBefores.java:26)
	at org.junit.runners.ParentRunner.runLeaf(ParentRunner.java:325)
	at org.junit.runners.BlockJUnit4ClassRunner.runChild(BlockJUnit4ClassRunner.java:78)
	at org.junit.runners.BlockJUnit4ClassRunner.runChild(BlockJUnit4ClassRunner.java:57)
	at org.junit.runners.ParentRunner$3.run(ParentRunner.java:290)
	at org.junit.runners.ParentRunner$1.schedule(ParentRunner.java:71)
	at org.junit.runners.ParentRunner.runChildren(ParentRunner.java:288)
	at org.junit.runners.ParentRunner.access$000(ParentRunner.java:58)
	at org.junit.runners.ParentRunner$2.evaluate(ParentRunner.java:268)
	at org.junit.runners.ParentRunner.run(ParentRunner.java:363)
	at org.gradle.api.internal.tasks.testing.junit.JUnitTestClassExecutor.runTestClass(JUnitTestClassExecutor.java:110)
	at org.gradle.api.internal.tasks.testing.junit.JUnitTestClassExecutor.execute(JUnitTestClassExecutor.java:58)
	at org.gradle.api.internal.tasks.testing.junit.JUnitTestClassExecutor.execute(JUnitTestClassExecutor.java:38)
	at org.gradle.api.internal.tasks.testing.junit.AbstractJUnitTestClassProcessor.processTestClass(AbstractJUnitTestClassProcessor.java:62)
	at org.gradle.api.internal.tasks.testing.SuiteTestClassProcessor.processTestClass(SuiteTestClassProcessor.java:51)
	at java.base/jdk.internal.reflect.DirectMethodHandleAccessor.invoke(DirectMethodHandleAccessor.java:104)
	at java.base/java.lang.reflect.Method.invoke(Method.java:577)
	at org.gradle.internal.dispatch.ReflectionDispatch.dispatch(ReflectionDispatch.java:36)
	at org.gradle.internal.dispatch.ReflectionDispatch.dispatch(ReflectionDispatch.java:24)
	at org.gradle.internal.dispatch.ContextClassLoaderDispatch.dispatch(ContextClassLoaderDispatch.java:33)
	at org.gradle.internal.dispatch.ProxyDispatchAdapter$DispatchingInvocationHandler.invoke(ProxyDispatchAdapter.java:94)
	at jdk.proxy1/jdk.proxy1.$Proxy2.processTestClass(Unknown Source)
	at org.gradle.api.internal.tasks.testing.worker.TestWorker.processTestClass(TestWorker.java:121)
	at java.base/jdk.internal.reflect.DirectMethodHandleAccessor.invoke(DirectMethodHandleAccessor.java:104)
	at java.base/java.lang.reflect.Method.invoke(Method.java:577)
	at org.gradle.internal.dispatch.ReflectionDispatch.dispatch(ReflectionDispatch.java:36)
	at org.gradle.internal.dispatch.ReflectionDispatch.dispatch(ReflectionDispatch.java:24)
	at org.gradle.internal.remote.internal.hub.MessageHubBackedObjectConnection$DispatchWrapper.dispatch(MessageHubBackedObjectConnection.java:182)
	at org.gradle.internal.remote.internal.hub.MessageHubBackedObjectConnection$DispatchWrapper.dispatch(MessageHubBackedObjectConnection.java:164)
	at org.gradle.internal.remote.internal.hub.MessageHub$Handler.run(MessageHub.java:414)
	at org.gradle.internal.concurrent.ExecutorPolicy$CatchAndRecordFailures.onExecute(ExecutorPolicy.java:64)
	at org.gradle.internal.concurrent.ManagedExecutorImpl$1.run(ManagedExecutorImpl.java:48)
	at java.base/java.util.concurrent.ThreadPoolExecutor.runWorker(ThreadPoolExecutor.java:1136)
	at java.base/java.util.concurrent.ThreadPoolExecutor$Worker.run(ThreadPoolExecutor.java:635)
	at org.gradle.internal.concurrent.ThreadFactoryImpl$ManagedThreadRunnable.run(ThreadFactoryImpl.java:56)
	at java.base/java.lang.Thread.run(Thread.java:833)
</failure>
  </testcase>
  <system-out><![CDATA[]]></system-out>
  <system-err><![CDATA[]]></system-err>
</testsuite>
