<?xml version="1.0" encoding="UTF-8"?>
<testsuite name="test.TestLeekFunctions" tests="3" skipped="0" failures="3" errors="0" timestamp="2022-05-22T19:07:27" hostname="DESKTOP-CS80Q53" time="0.611">
  <properties/>
  <testcase name="getNameTest" classname="test.TestLeekFunctions" time="0.066">
    <failure message="leekscript.compiler.LeekScriptException: COMPILE_JAVA : AI_8.java:5: error: package com.leekwars.generator.fight.entity does not exist&#13;&#10;public class AI_8 extends com.leekwars.generator.fight.entity.EntityAI {&#13;&#10;                                                             ^&#13;&#10;AI_8.java:11: error: cannot find symbol&#13;&#10;public Object runIA() throws LeekRunException { resetCounter();&#13;&#10;                                                ^&#13;&#10;  symbol:   method resetCounter()&#13;&#10;  location: class AI_8&#13;&#10;AI_8.java:12: error: package com.leekwars.generator does not exist&#13;&#10;return new ArrayLeekValue(AI_8.this, new Object[] { load(sysexec(com.leekwars.generator.FightFunctions.getName, new Object[] { null })), load(sysexec(com.leekwars.generator.FightFunctions.getName, load(sysexec(com.leekwars.generator.FightFunctions.getNearestEnemy)))) }, false);&#13;&#10;                                                                                       ^&#13;&#10;AI_8.java:12: error: package com.leekwars.generator does not exist&#13;&#10;return new ArrayLeekValue(AI_8.this, new Object[] { load(sysexec(com.leekwars.generator.FightFunctions.getName, new Object[] { null })), load(sysexec(com.leekwars.generator.FightFunctions.getName, load(sysexec(com.leekwars.generator.FightFunctions.getNearestEnemy)))) }, false);&#13;&#10;                                                                                                                                                                            ^&#13;&#10;AI_8.java:12: error: package com.leekwars.generator does not exist&#13;&#10;return new ArrayLeekValue(AI_8.this, new Object[] { load(sysexec(com.leekwars.generator.FightFunctions.getName, new Object[] { null })), load(sysexec(com.leekwars.generator.FightFunctions.getName, load(sysexec(com.leekwars.generator.FightFunctions.getNearestEnemy)))) }, false);&#13;&#10;                                                                                                                                                                                                                                        ^&#13;&#10;AI_8.java:12: error: no suitable constructor found for ArrayLeekValue(AI_8,Object[],boolean)&#13;&#10;return new ArrayLeekValue(AI_8.this, new Object[] { load(sysexec(com.leekwars.generator.FightFunctions.getName, new Object[] { null })), load(sysexec(com.leekwars.generator.FightFunctions.getName, load(sysexec(com.leekwars.generator.FightFunctions.getNearestEnemy)))) }, false);&#13;&#10;       ^&#13;&#10;    constructor ArrayLeekValue.ArrayLeekValue(AI,Object[],boolean) is not applicable&#13;&#10;      (argument mismatch; AI_8 cannot be converted to AI)&#13;&#10;    constructor ArrayLeekValue.ArrayLeekValue(AI,ArrayLeekValue,int) is not applicable&#13;&#10;      (argument mismatch; AI_8 cannot be converted to AI)&#13;&#10;Note: Some messages have been simplified; recompile with -Xdiags:verbose to get full output&#13;&#10;6 errors&#13;&#10;" type="leekscript.compiler.LeekScriptException">leekscript.compiler.LeekScriptException: COMPILE_JAVA : AI_8.java:5: error: package com.leekwars.generator.fight.entity does not exist
public class AI_8 extends com.leekwars.generator.fight.entity.EntityAI {
                                                             ^
AI_8.java:11: error: cannot find symbol
public Object runIA() throws LeekRunException { resetCounter();
                                                ^
  symbol:   method resetCounter()
  location: class AI_8
AI_8.java:12: error: package com.leekwars.generator does not exist
return new ArrayLeekValue(AI_8.this, new Object[] { load(sysexec(com.leekwars.generator.FightFunctions.getName, new Object[] { null })), load(sysexec(com.leekwars.generator.FightFunctions.getName, load(sysexec(com.leekwars.generator.FightFunctions.getNearestEnemy)))) }, false);
                                                                                       ^
AI_8.java:12: error: package com.leekwars.generator does not exist
return new ArrayLeekValue(AI_8.this, new Object[] { load(sysexec(com.leekwars.generator.FightFunctions.getName, new Object[] { null })), load(sysexec(com.leekwars.generator.FightFunctions.getName, load(sysexec(com.leekwars.generator.FightFunctions.getNearestEnemy)))) }, false);
                                                                                                                                                                            ^
AI_8.java:12: error: package com.leekwars.generator does not exist
return new ArrayLeekValue(AI_8.this, new Object[] { load(sysexec(com.leekwars.generator.FightFunctions.getName, new Object[] { null })), load(sysexec(com.leekwars.generator.FightFunctions.getName, load(sysexec(com.leekwars.generator.FightFunctions.getNearestEnemy)))) }, false);
                                                                                                                                                                                                                                        ^
AI_8.java:12: error: no suitable constructor found for ArrayLeekValue(AI_8,Object[],boolean)
return new ArrayLeekValue(AI_8.this, new Object[] { load(sysexec(com.leekwars.generator.FightFunctions.getName, new Object[] { null })), load(sysexec(com.leekwars.generator.FightFunctions.getName, load(sysexec(com.leekwars.generator.FightFunctions.getNearestEnemy)))) }, false);
       ^
    constructor ArrayLeekValue.ArrayLeekValue(AI,Object[],boolean) is not applicable
      (argument mismatch; AI_8 cannot be converted to AI)
    constructor ArrayLeekValue.ArrayLeekValue(AI,ArrayLeekValue,int) is not applicable
      (argument mismatch; AI_8 cannot be converted to AI)
Note: Some messages have been simplified; recompile with -Xdiags:verbose to get full output
6 errors

	at leekscript.compiler.LeekScript.compile(LeekScript.java:231)
	at leekscript.compiler.LeekScript.compileSnippet(LeekScript.java:108)
	at leekscript.compiler.LeekScript.compileSnippet(LeekScript.java:102)
	at test.GeneratorCompilation.testScriptGenerator(GeneratorCompilation.java:25)
	at test.TestLeekFunctions.testAI(TestLeekFunctions.java:295)
	at test.TestLeekFunctions.getNameTest(TestLeekFunctions.java:57)
	at java.base/jdk.internal.reflect.DirectMethodHandleAccessor.invoke(DirectMethodHandleAccessor.java:104)
	at java.base/java.lang.reflect.Method.invoke(Method.java:577)
	at org.junit.runners.model.FrameworkMethod$1.runReflectiveCall(FrameworkMethod.java:50)
	at org.junit.internal.runners.model.ReflectiveCallable.run(ReflectiveCallable.java:12)
	at org.junit.runners.model.FrameworkMethod.invokeExplosively(FrameworkMethod.java:47)
	at org.junit.internal.runners.statements.InvokeMethod.evaluate(InvokeMethod.java:17)
	at org.junit.internal.runners.statements.RunBefores.evaluate(RunBefores.java:26)
	at org.junit.runners.ParentRunner.runLeaf(ParentRunner.java:325)
	at org.junit.runners.BlockJUnit4ClassRunner.runChild(BlockJUnit4ClassRunner.java:78)
	at org.junit.runners.BlockJUnit4ClassRunner.runChild(BlockJUnit4ClassRunner.java:57)
	at org.junit.runners.ParentRunner$3.run(ParentRunner.java:290)
	at org.junit.runners.ParentRunner$1.schedule(ParentRunner.java:71)
	at org.junit.runners.ParentRunner.runChildren(ParentRunner.java:288)
	at org.junit.runners.ParentRunner.access$000(ParentRunner.java:58)
	at org.junit.runners.ParentRunner$2.evaluate(ParentRunner.java:268)
	at org.junit.runners.ParentRunner.run(ParentRunner.java:363)
	at org.gradle.api.internal.tasks.testing.junit.JUnitTestClassExecutor.runTestClass(JUnitTestClassExecutor.java:110)
	at org.gradle.api.internal.tasks.testing.junit.JUnitTestClassExecutor.execute(JUnitTestClassExecutor.java:58)
	at org.gradle.api.internal.tasks.testing.junit.JUnitTestClassExecutor.execute(JUnitTestClassExecutor.java:38)
	at org.gradle.api.internal.tasks.testing.junit.AbstractJUnitTestClassProcessor.processTestClass(AbstractJUnitTestClassProcessor.java:62)
	at org.gradle.api.internal.tasks.testing.SuiteTestClassProcessor.processTestClass(SuiteTestClassProcessor.java:51)
	at java.base/jdk.internal.reflect.DirectMethodHandleAccessor.invoke(DirectMethodHandleAccessor.java:104)
	at java.base/java.lang.reflect.Method.invoke(Method.java:577)
	at org.gradle.internal.dispatch.ReflectionDispatch.dispatch(ReflectionDispatch.java:36)
	at org.gradle.internal.dispatch.ReflectionDispatch.dispatch(ReflectionDispatch.java:24)
	at org.gradle.internal.dispatch.ContextClassLoaderDispatch.dispatch(ContextClassLoaderDispatch.java:33)
	at org.gradle.internal.dispatch.ProxyDispatchAdapter$DispatchingInvocationHandler.invoke(ProxyDispatchAdapter.java:94)
	at jdk.proxy1/jdk.proxy1.$Proxy2.processTestClass(Unknown Source)
	at org.gradle.api.internal.tasks.testing.worker.TestWorker.processTestClass(TestWorker.java:121)
	at java.base/jdk.internal.reflect.DirectMethodHandleAccessor.invoke(DirectMethodHandleAccessor.java:104)
	at java.base/java.lang.reflect.Method.invoke(Method.java:577)
	at org.gradle.internal.dispatch.ReflectionDispatch.dispatch(ReflectionDispatch.java:36)
	at org.gradle.internal.dispatch.ReflectionDispatch.dispatch(ReflectionDispatch.java:24)
	at org.gradle.internal.remote.internal.hub.MessageHubBackedObjectConnection$DispatchWrapper.dispatch(MessageHubBackedObjectConnection.java:182)
	at org.gradle.internal.remote.internal.hub.MessageHubBackedObjectConnection$DispatchWrapper.dispatch(MessageHubBackedObjectConnection.java:164)
	at org.gradle.internal.remote.internal.hub.MessageHub$Handler.run(MessageHub.java:414)
	at org.gradle.internal.concurrent.ExecutorPolicy$CatchAndRecordFailures.onExecute(ExecutorPolicy.java:64)
	at org.gradle.internal.concurrent.ManagedExecutorImpl$1.run(ManagedExecutorImpl.java:48)
	at java.base/java.util.concurrent.ThreadPoolExecutor.runWorker(ThreadPoolExecutor.java:1136)
	at java.base/java.util.concurrent.ThreadPoolExecutor$Worker.run(ThreadPoolExecutor.java:635)
	at org.gradle.internal.concurrent.ThreadFactoryImpl$ManagedThreadRunnable.run(ThreadFactoryImpl.java:56)
	at java.base/java.lang.Thread.run(Thread.java:833)
</failure>
  </testcase>
  <testcase name="getCellTest" classname="test.TestLeekFunctions" time="0.097">
    <failure message="leekscript.compiler.LeekScriptException: COMPILE_JAVA : AI_9.java:5: error: package com.leekwars.generator.fight.entity does not exist&#13;&#10;public class AI_9 extends com.leekwars.generator.fight.entity.EntityAI {&#13;&#10;                                                             ^&#13;&#10;AI_9.java:11: error: cannot find symbol&#13;&#10;public Object runIA() throws LeekRunException { resetCounter();&#13;&#10;                                                ^&#13;&#10;  symbol:   method resetCounter()&#13;&#10;  location: class AI_9&#13;&#10;AI_9.java:12: error: package com.leekwars.generator does not exist&#13;&#10;return new ArrayLeekValue(AI_9.this, new Object[] { load(sysexec(com.leekwars.generator.FightFunctions.getCell, new Object[] { null })), load(sysexec(com.leekwars.generator.FightFunctions.getCell, load(sysexec(com.leekwars.generator.FightFunctions.getNearestEnemy)))) }, false);&#13;&#10;                                                                                       ^&#13;&#10;AI_9.java:12: error: package com.leekwars.generator does not exist&#13;&#10;return new ArrayLeekValue(AI_9.this, new Object[] { load(sysexec(com.leekwars.generator.FightFunctions.getCell, new Object[] { null })), load(sysexec(com.leekwars.generator.FightFunctions.getCell, load(sysexec(com.leekwars.generator.FightFunctions.getNearestEnemy)))) }, false);&#13;&#10;                                                                                                                                                                            ^&#13;&#10;AI_9.java:12: error: package com.leekwars.generator does not exist&#13;&#10;return new ArrayLeekValue(AI_9.this, new Object[] { load(sysexec(com.leekwars.generator.FightFunctions.getCell, new Object[] { null })), load(sysexec(com.leekwars.generator.FightFunctions.getCell, load(sysexec(com.leekwars.generator.FightFunctions.getNearestEnemy)))) }, false);&#13;&#10;                                                                                                                                                                                                                                        ^&#13;&#10;AI_9.java:12: error: no suitable constructor found for ArrayLeekValue(AI_9,Object[],boolean)&#13;&#10;return new ArrayLeekValue(AI_9.this, new Object[] { load(sysexec(com.leekwars.generator.FightFunctions.getCell, new Object[] { null })), load(sysexec(com.leekwars.generator.FightFunctions.getCell, load(sysexec(com.leekwars.generator.FightFunctions.getNearestEnemy)))) }, false);&#13;&#10;       ^&#13;&#10;    constructor ArrayLeekValue.ArrayLeekValue(AI,Object[],boolean) is not applicable&#13;&#10;      (argument mismatch; AI_9 cannot be converted to AI)&#13;&#10;    constructor ArrayLeekValue.ArrayLeekValue(AI,ArrayLeekValue,int) is not applicable&#13;&#10;      (argument mismatch; AI_9 cannot be converted to AI)&#13;&#10;Note: Some messages have been simplified; recompile with -Xdiags:verbose to get full output&#13;&#10;6 errors&#13;&#10;" type="leekscript.compiler.LeekScriptException">leekscript.compiler.LeekScriptException: COMPILE_JAVA : AI_9.java:5: error: package com.leekwars.generator.fight.entity does not exist
public class AI_9 extends com.leekwars.generator.fight.entity.EntityAI {
                                                             ^
AI_9.java:11: error: cannot find symbol
public Object runIA() throws LeekRunException { resetCounter();
                                                ^
  symbol:   method resetCounter()
  location: class AI_9
AI_9.java:12: error: package com.leekwars.generator does not exist
return new ArrayLeekValue(AI_9.this, new Object[] { load(sysexec(com.leekwars.generator.FightFunctions.getCell, new Object[] { null })), load(sysexec(com.leekwars.generator.FightFunctions.getCell, load(sysexec(com.leekwars.generator.FightFunctions.getNearestEnemy)))) }, false);
                                                                                       ^
AI_9.java:12: error: package com.leekwars.generator does not exist
return new ArrayLeekValue(AI_9.this, new Object[] { load(sysexec(com.leekwars.generator.FightFunctions.getCell, new Object[] { null })), load(sysexec(com.leekwars.generator.FightFunctions.getCell, load(sysexec(com.leekwars.generator.FightFunctions.getNearestEnemy)))) }, false);
                                                                                                                                                                            ^
AI_9.java:12: error: package com.leekwars.generator does not exist
return new ArrayLeekValue(AI_9.this, new Object[] { load(sysexec(com.leekwars.generator.FightFunctions.getCell, new Object[] { null })), load(sysexec(com.leekwars.generator.FightFunctions.getCell, load(sysexec(com.leekwars.generator.FightFunctions.getNearestEnemy)))) }, false);
                                                                                                                                                                                                                                        ^
AI_9.java:12: error: no suitable constructor found for ArrayLeekValue(AI_9,Object[],boolean)
return new ArrayLeekValue(AI_9.this, new Object[] { load(sysexec(com.leekwars.generator.FightFunctions.getCell, new Object[] { null })), load(sysexec(com.leekwars.generator.FightFunctions.getCell, load(sysexec(com.leekwars.generator.FightFunctions.getNearestEnemy)))) }, false);
       ^
    constructor ArrayLeekValue.ArrayLeekValue(AI,Object[],boolean) is not applicable
      (argument mismatch; AI_9 cannot be converted to AI)
    constructor ArrayLeekValue.ArrayLeekValue(AI,ArrayLeekValue,int) is not applicable
      (argument mismatch; AI_9 cannot be converted to AI)
Note: Some messages have been simplified; recompile with -Xdiags:verbose to get full output
6 errors

	at leekscript.compiler.LeekScript.compile(LeekScript.java:231)
	at leekscript.compiler.LeekScript.compileSnippet(LeekScript.java:108)
	at leekscript.compiler.LeekScript.compileSnippet(LeekScript.java:102)
	at test.GeneratorCompilation.testScriptGenerator(GeneratorCompilation.java:25)
	at test.TestLeekFunctions.testAI(TestLeekFunctions.java:295)
	at test.TestLeekFunctions.getCellTest(TestLeekFunctions.java:74)
	at java.base/jdk.internal.reflect.DirectMethodHandleAccessor.invoke(DirectMethodHandleAccessor.java:104)
	at java.base/java.lang.reflect.Method.invoke(Method.java:577)
	at org.junit.runners.model.FrameworkMethod$1.runReflectiveCall(FrameworkMethod.java:50)
	at org.junit.internal.runners.model.ReflectiveCallable.run(ReflectiveCallable.java:12)
	at org.junit.runners.model.FrameworkMethod.invokeExplosively(FrameworkMethod.java:47)
	at org.junit.internal.runners.statements.InvokeMethod.evaluate(InvokeMethod.java:17)
	at org.junit.internal.runners.statements.RunBefores.evaluate(RunBefores.java:26)
	at org.junit.runners.ParentRunner.runLeaf(ParentRunner.java:325)
	at org.junit.runners.BlockJUnit4ClassRunner.runChild(BlockJUnit4ClassRunner.java:78)
	at org.junit.runners.BlockJUnit4ClassRunner.runChild(BlockJUnit4ClassRunner.java:57)
	at org.junit.runners.ParentRunner$3.run(ParentRunner.java:290)
	at org.junit.runners.ParentRunner$1.schedule(ParentRunner.java:71)
	at org.junit.runners.ParentRunner.runChildren(ParentRunner.java:288)
	at org.junit.runners.ParentRunner.access$000(ParentRunner.java:58)
	at org.junit.runners.ParentRunner$2.evaluate(ParentRunner.java:268)
	at org.junit.runners.ParentRunner.run(ParentRunner.java:363)
	at org.gradle.api.internal.tasks.testing.junit.JUnitTestClassExecutor.runTestClass(JUnitTestClassExecutor.java:110)
	at org.gradle.api.internal.tasks.testing.junit.JUnitTestClassExecutor.execute(JUnitTestClassExecutor.java:58)
	at org.gradle.api.internal.tasks.testing.junit.JUnitTestClassExecutor.execute(JUnitTestClassExecutor.java:38)
	at org.gradle.api.internal.tasks.testing.junit.AbstractJUnitTestClassProcessor.processTestClass(AbstractJUnitTestClassProcessor.java:62)
	at org.gradle.api.internal.tasks.testing.SuiteTestClassProcessor.processTestClass(SuiteTestClassProcessor.java:51)
	at java.base/jdk.internal.reflect.DirectMethodHandleAccessor.invoke(DirectMethodHandleAccessor.java:104)
	at java.base/java.lang.reflect.Method.invoke(Method.java:577)
	at org.gradle.internal.dispatch.ReflectionDispatch.dispatch(ReflectionDispatch.java:36)
	at org.gradle.internal.dispatch.ReflectionDispatch.dispatch(ReflectionDispatch.java:24)
	at org.gradle.internal.dispatch.ContextClassLoaderDispatch.dispatch(ContextClassLoaderDispatch.java:33)
	at org.gradle.internal.dispatch.ProxyDispatchAdapter$DispatchingInvocationHandler.invoke(ProxyDispatchAdapter.java:94)
	at jdk.proxy1/jdk.proxy1.$Proxy2.processTestClass(Unknown Source)
	at org.gradle.api.internal.tasks.testing.worker.TestWorker.processTestClass(TestWorker.java:121)
	at java.base/jdk.internal.reflect.DirectMethodHandleAccessor.invoke(DirectMethodHandleAccessor.java:104)
	at java.base/java.lang.reflect.Method.invoke(Method.java:577)
	at org.gradle.internal.dispatch.ReflectionDispatch.dispatch(ReflectionDispatch.java:36)
	at org.gradle.internal.dispatch.ReflectionDispatch.dispatch(ReflectionDispatch.java:24)
	at org.gradle.internal.remote.internal.hub.MessageHubBackedObjectConnection$DispatchWrapper.dispatch(MessageHubBackedObjectConnection.java:182)
	at org.gradle.internal.remote.internal.hub.MessageHubBackedObjectConnection$DispatchWrapper.dispatch(MessageHubBackedObjectConnection.java:164)
	at org.gradle.internal.remote.internal.hub.MessageHub$Handler.run(MessageHub.java:414)
	at org.gradle.internal.concurrent.ExecutorPolicy$CatchAndRecordFailures.onExecute(ExecutorPolicy.java:64)
	at org.gradle.internal.concurrent.ManagedExecutorImpl$1.run(ManagedExecutorImpl.java:48)
	at java.base/java.util.concurrent.ThreadPoolExecutor.runWorker(ThreadPoolExecutor.java:1136)
	at java.base/java.util.concurrent.ThreadPoolExecutor$Worker.run(ThreadPoolExecutor.java:635)
	at org.gradle.internal.concurrent.ThreadFactoryImpl$ManagedThreadRunnable.run(ThreadFactoryImpl.java:56)
	at java.base/java.lang.Thread.run(Thread.java:833)
</failure>
  </testcase>
  <testcase name="LeekFunctionsTest" classname="test.TestLeekFunctions" time="0.447">
    <failure message="leekscript.compiler.LeekScriptException: COMPILE_JAVA : AI_10.java:5: error: package com.leekwars.generator.fight.entity does not exist&#13;&#10;public class AI_10 extends com.leekwars.generator.fight.entity.EntityAI {&#13;&#10;                                                              ^&#13;&#10;AI_10.java:11: error: cannot find symbol&#13;&#10;public Object runIA() throws LeekRunException { resetCounter();&#13;&#10;                                                ^&#13;&#10;  symbol:   method resetCounter()&#13;&#10;  location: class AI_10&#13;&#10;AI_10.java:12: error: package com.leekwars.generator does not exist&#13;&#10;return ops(new ArrayLeekValue(AI_10.this, new Object[] { load(sysexec(com.leekwars.generator.FightFunctions.getForce, new Object[] { null })), load(sysexec(com.leekwars.generator.FightFunctions.getForce, 1)), load(sysexec(com.leekwars.generator.FightFunctions.getForce, -1)), load(sysexec(com.leekwars.generator.FightFunctions.getAgility, new Object[] { null })), load(sysexec(com.leekwars.generator.FightFunctions.getAgility, 1)), load(sysexec(com.leekwars.generator.FightFunctions.getAgility, -1)), load(sysexec(com.leekwars.generator.FightFunctions.getLife, new Object[] { null })), load(sysexec(com.leekwars.generator.FightFunctions.getLife, 1)), load(sysexec(com.leekwars.generator.FightFunctions.getLife, -1)), load(sysexec(com.leekwars.generator.FightFunctions.getCell, new Object[] { null })), load(sysexec(com.leekwars.generator.FightFunctions.getCell, 1)), load(sysexec(com.leekwars.generator.FightFunctions.getCell, -1)), load(sysexec(com.leekwars.generator.FightFunctions.getWeapon, new Object[] { null })), load(sysexec(com.leekwars.generator.FightFunctions.getWeapon, 1)), load(sysexec(com.leekwars.generator.FightFunctions.getWeapon, -1)), load(sysexec(com.leekwars.generator.FightFunctions.getMP, new Object[] { null })), load(sysexec(com.leekwars.generator.FightFunctions.getMP, 1)), load(sysexec(com.leekwars.generator.FightFunctions.getMP, -1)), load(sysexec(com.leekwars.generator.FightFunctions.getTP, new Object[] { null })), load(sysexec(com.leekwars.generator.FightFunctions.getTP, 1)), load(sysexec(com.leekwars.generator.FightFunctions.getTP, -1)), load(sysexec(com.leekwars.generator.FightFunctions.getTotalLife, new Object[] { null })), load(sysexec(com.leekwars.generator.FightFunctions.getTotalLife, 1)), load(sysexec(com.leekwars.generator.FightFunctions.getTotalLife, -1)), load(sysexec(com.leekwars.generator.FightFunctions.isEnemy, 0)), load(sysexec(com.leekwars.generator.FightFunctions.isEnemy, 1)), load(sysexec(com.leekwars.generator.FightFunctions.isEnemy, -1)), load(sysexec(com.leekwars.generator.FightFunctions.isAlly, 0)), load(sysexec(com.leekwars.generator.FightFunctions.isAlly, 1)), load(sysexec(com.leekwars.generator.FightFunctions.isAlly, -1)), load(sysexec(com.leekwars.generator.FightFunctions.isDead, 0)), load(sysexec(com.leekwars.generator.FightFunctions.isDead, 1)), load(sysexec(com.leekwars.generator.FightFunctions.isDead, -1)), load(sysexec(com.leekwars.generator.FightFunctions.isAlive, 0)), load(sysexec(com.leekwars.generator.FightFunctions.isAlive, 1)), load(sysexec(com.leekwars.generator.FightFunctions.isAlive, -1)), load(sysexec(com.leekwars.generator.FightFunctions.getLeek)), load(sysexec(LeekFunctions.string, load(sysexec(com.leekwars.generator.FightFunctions.getChips, new Object[] { null })))), load(sysexec(LeekFunctions.string, load(sysexec(com.leekwars.generator.FightFunctions.getChips, 1)))), load(sysexec(com.leekwars.generator.FightFunctions.getChips, -1)), load(sysexec(com.leekwars.generator.FightFunctions.getAbsoluteShield, new Object[] { null })), load(sysexec(com.leekwars.generator.FightFunctions.getAbsoluteShield, 1)), load(sysexec(com.leekwars.generator.FightFunctions.getAbsoluteShield, -1)), load(sysexec(com.leekwars.generator.FightFunctions.getRelativeShield, new Object[] { null })), load(sysexec(com.leekwars.generator.FightFunctions.getRelativeShield, 1)), load(sysexec(com.leekwars.generator.FightFunctions.getRelativeShield, -1)), load(sysexec(com.leekwars.generator.FightFunctions.getLevel, new Object[] { null })), load(sysexec(com.leekwars.generator.FightFunctions.getLevel, 1)), load(sysexec(com.leekwars.generator.FightFunctions.getLevel, -1)), load(sysexec(com.leekwars.generator.FightFunctions.getFrequency, new Object[] { null })), load(sysexec(com.leekwars.generator.FightFunctions.getFrequency, 1)), load(sysexec(com.leekwars.generator.FightFunctions.getFrequency, -1)), load(sysexec(com.leekwars.generator.FightFunctions.getLeekID, new Object[] { null })), load(sysexec(com.leekwars.generator.FightFunctions.getLeekID, 1)), load(sysexec(com.leekwars.generator.FightFunctions.getLeekID, -1)), load(sysexec(com.leekwars.generator.FightFunctions.getTeamName, new Object[] { null })), load(sysexec(com.leekwars.generator.FightFunctions.getTeamName, 1)), load(sysexec(com.leekwars.generator.FightFunctions.getTeamName, -1)), load(sysexec(com.leekwars.generator.FightFunctions.getFarmerName, new Object[] { null })), load(sysexec(com.leekwars.generator.FightFunctions.getFarmerName, 1)), load(sysexec(com.leekwars.generator.FightFunctions.getFarmerName, -1)), load(sysexec(com.leekwars.generator.FightFunctions.getTeamID, new Object[] { null })), load(sysexec(com.leekwars.generator.FightFunctions.getTeamID, 1)), load(sysexec(com.leekwars.generator.FightFunctions.getTeamID, -1)), load(sysexec(com.leekwars.generator.FightFunctions.getFarmerID, new Object[] { null })), load(sysexec(com.leekwars.generator.FightFunctions.getFarmerID, 1)), load(sysexec(com.leekwars.generator.FightFunctions.getFarmerID, -1)), load(sysexec(com.leekwars.generator.FightFunctions.getAIName, new Object[] { null })), load(sysexec(com.leekwars.generator.FightFunctions.getAIName, 1)), load(sysexec(com.leekwars.generator.FightFunctions.getAIName, -1)), load(sysexec(com.leekwars.generator.FightFunctions.getAIID, -1)) }, false), 24);&#13;&#10;                                                                                            ^&#13;&#10;AI_10.java:12: error: package com.leekwars.generator does not exist&#13;&#10;return ops(new ArrayLeekValue(AI_10.this, new Object[] { load(sysexec(com.leekwars.generator.FightFunctions.getForce, new Object[] { null })), load(sysexec(com.leekwars.generator.FightFunctions.getForce, 1)), load(sysexec(com.leekwars.generator.FightFunctions.getForce, -1)), load(sysexec(com.leekwars.generator.FightFunctions.getAgility, new Object[] { null })), load(sysexec(com.leekwars.generator.FightFunctions.getAgility, 1)), load(sysexec(com.leekwars.generator.FightFunctions.getAgility, -1)), load(sysexec(com.leekwars.generator.FightFunctions.getLife, new Object[] { null })), load(sysexec(com.leekwars.generator.FightFunctions.getLife, 1)), load(sysexec(com.leekwars.generator.FightFunctions.getLife, -1)), load(sysexec(com.leekwars.generator.FightFunctions.getCell, new Object[] { null })), load(sysexec(com.leekwars.generator.FightFunctions.getCell, 1)), load(sysexec(com.leekwars.generator.FightFunctions.getCell, -1)), load(sysexec(com.leekwars.generator.FightFunctions.getWeapon, new Object[] { null })), load(sysexec(com.leekwars.generator.FightFunctions.getWeapon, 1)), load(sysexec(com.leekwars.generator.FightFunctions.getWeapon, -1)), load(sysexec(com.leekwars.generator.FightFunctions.getMP, new Object[] { null })), load(sysexec(com.leekwars.generator.FightFunctions.getMP, 1)), load(sysexec(com.leekwars.generator.FightFunctions.getMP, -1)), load(sysexec(com.leekwars.generator.FightFunctions.getTP, new Object[] { null })), load(sysexec(com.leekwars.generator.FightFunctions.getTP, 1)), load(sysexec(com.leekwars.generator.FightFunctions.getTP, -1)), load(sysexec(com.leekwars.generator.FightFunctions.getTotalLife, new Object[] { null })), load(sysexec(com.leekwars.generator.FightFunctions.getTotalLife, 1)), load(sysexec(com.leekwars.generator.FightFunctions.getTotalLife, -1)), load(sysexec(com.leekwars.generator.FightFunctions.isEnemy, 0)), load(sysexec(com.leekwars.generator.FightFunctions.isEnemy, 1)), load(sysexec(com.leekwars.generator.FightFunctions.isEnemy, -1)), load(sysexec(com.leekwars.generator.FightFunctions.isAlly, 0)), load(sysexec(com.leekwars.generator.FightFunctions.isAlly, 1)), load(sysexec(com.leekwars.generator.FightFunctions.isAlly, -1)), load(sysexec(com.leekwars.generator.FightFunctions.isDead, 0)), load(sysexec(com.leekwars.generator.FightFunctions.isDead, 1)), load(sysexec(com.leekwars.generator.FightFunctions.isDead, -1)), load(sysexec(com.leekwars.generator.FightFunctions.isAlive, 0)), load(sysexec(com.leekwars.generator.FightFunctions.isAlive, 1)), load(sysexec(com.leekwars.generator.FightFunctions.isAlive, -1)), load(sysexec(com.leekwars.generator.FightFunctions.getLeek)), load(sysexec(LeekFunctions.string, load(sysexec(com.leekwars.generator.FightFunctions.getChips, new Object[] { null })))), load(sysexec(LeekFunctions.string, load(sysexec(com.leekwars.generator.FightFunctions.getChips, 1)))), load(sysexec(com.leekwars.generator.FightFunctions.getChips, -1)), load(sysexec(com.leekwars.generator.FightFunctions.getAbsoluteShield, new Object[] { null })), load(sysexec(com.leekwars.generator.FightFunctions.getAbsoluteShield, 1)), load(sysexec(com.leekwars.generator.FightFunctions.getAbsoluteShield, -1)), load(sysexec(com.leekwars.generator.FightFunctions.getRelativeShield, new Object[] { null })), load(sysexec(com.leekwars.generator.FightFunctions.getRelativeShield, 1)), load(sysexec(com.leekwars.generator.FightFunctions.getRelativeShield, -1)), load(sysexec(com.leekwars.generator.FightFunctions.getLevel, new Object[] { null })), load(sysexec(com.leekwars.generator.FightFunctions.getLevel, 1)), load(sysexec(com.leekwars.generator.FightFunctions.getLevel, -1)), load(sysexec(com.leekwars.generator.FightFunctions.getFrequency, new Object[] { null })), load(sysexec(com.leekwars.generator.FightFunctions.getFrequency, 1)), load(sysexec(com.leekwars.generator.FightFunctions.getFrequency, -1)), load(sysexec(com.leekwars.generator.FightFunctions.getLeekID, new Object[] { null })), load(sysexec(com.leekwars.generator.FightFunctions.getLeekID, 1)), load(sysexec(com.leekwars.generator.FightFunctions.getLeekID, -1)), load(sysexec(com.leekwars.generator.FightFunctions.getTeamName, new Object[] { null })), load(sysexec(com.leekwars.generator.FightFunctions.getTeamName, 1)), load(sysexec(com.leekwars.generator.FightFunctions.getTeamName, -1)), load(sysexec(com.leekwars.generator.FightFunctions.getFarmerName, new Object[] { null })), load(sysexec(com.leekwars.generator.FightFunctions.getFarmerName, 1)), load(sysexec(com.leekwars.generator.FightFunctions.getFarmerName, -1)), load(sysexec(com.leekwars.generator.FightFunctions.getTeamID, new Object[] { null })), load(sysexec(com.leekwars.generator.FightFunctions.getTeamID, 1)), load(sysexec(com.leekwars.generator.FightFunctions.getTeamID, -1)), load(sysexec(com.leekwars.generator.FightFunctions.getFarmerID, new Object[] { null })), load(sysexec(com.leekwars.generator.FightFunctions.getFarmerID, 1)), load(sysexec(com.leekwars.generator.FightFunctions.getFarmerID, -1)), load(sysexec(com.leekwars.generator.FightFunctions.getAIName, new Object[] { null })), load(sysexec(com.leekwars.generator.FightFunctions.getAIName, 1)), load(sysexec(com.leekwars.generator.FightFunctions.getAIName, -1)), load(sysexec(com.leekwars.generator.FightFunctions.getAIID, -1)) }, false), 24);&#13;&#10;                                                                                                                                                                                  ^&#13;&#10;AI_10.java:12: error: package com.leekwars.generator does not exist&#13;&#10;return ops(new ArrayLeekValue(AI_10.this, new Object[] { load(sysexec(com.leekwars.generator.FightFunctions.getForce, new Object[] { null })), load(sysexec(com.leekwars.generator.FightFunctions.getForce, 1)), load(sysexec(com.leekwars.generator.FightFunctions.getForce, -1)), load(sysexec(com.leekwars.generator.FightFunctions.getAgility, new Object[] { null })), load(sysexec(com.leekwars.generator.FightFunctions.getAgility, 1)), load(sysexec(com.leekwars.generator.FightFunctions.getAgility, -1)), load(sysexec(com.leekwars.generator.FightFunctions.getLife, new Object[] { null })), load(sysexec(com.leekwars.generator.FightFunctions.getLife, 1)), load(sysexec(com.leekwars.generator.FightFunctions.getLife, -1)), load(sysexec(com.leekwars.generator.FightFunctions.getCell, new Object[] { null })), load(sysexec(com.leekwars.generator.FightFunctions.getCell, 1)), load(sysexec(com.leekwars.generator.FightFunctions.getCell, -1)), load(sysexec(com.leekwars.generator.FightFunctions.getWeapon, new Object[] { null })), load(sysexec(com.leekwars.generator.FightFunctions.getWeapon, 1)), load(sysexec(com.leekwars.generator.FightFunctions.getWeapon, -1)), load(sysexec(com.leekwars.generator.FightFunctions.getMP, new Object[] { null })), load(sysexec(com.leekwars.generator.FightFunctions.getMP, 1)), load(sysexec(com.leekwars.generator.FightFunctions.getMP, -1)), load(sysexec(com.leekwars.generator.FightFunctions.getTP, new Object[] { null })), load(sysexec(com.leekwars.generator.FightFunctions.getTP, 1)), load(sysexec(com.leekwars.generator.FightFunctions.getTP, -1)), load(sysexec(com.leekwars.generator.FightFunctions.getTotalLife, new Object[] { null })), load(sysexec(com.leekwars.generator.FightFunctions.getTotalLife, 1)), load(sysexec(com.leekwars.generator.FightFunctions.getTotalLife, -1)), load(sysexec(com.leekwars.generator.FightFunctions.isEnemy, 0)), load(sysexec(com.leekwars.generator.FightFunctions.isEnemy, 1)), load(sysexec(com.leekwars.generator.FightFunctions.isEnemy, -1)), load(sysexec(com.leekwars.generator.FightFunctions.isAlly, 0)), load(sysexec(com.leekwars.generator.FightFunctions.isAlly, 1)), load(sysexec(com.leekwars.generator.FightFunctions.isAlly, -1)), load(sysexec(com.leekwars.generator.FightFunctions.isDead, 0)), load(sysexec(com.leekwars.generator.FightFunctions.isDead, 1)), load(sysexec(com.leekwars.generator.FightFunctions.isDead, -1)), load(sysexec(com.leekwars.generator.FightFunctions.isAlive, 0)), load(sysexec(com.leekwars.generator.FightFunctions.isAlive, 1)), load(sysexec(com.leekwars.generator.FightFunctions.isAlive, -1)), load(sysexec(com.leekwars.generator.FightFunctions.getLeek)), load(sysexec(LeekFunctions.string, load(sysexec(com.leekwars.generator.FightFunctions.getChips, new Object[] { null })))), load(sysexec(LeekFunctions.string, load(sysexec(com.leekwars.generator.FightFunctions.getChips, 1)))), load(sysexec(com.leekwars.generator.FightFunctions.getChips, -1)), load(sysexec(com.leekwars.generator.FightFunctions.getAbsoluteShield, new Object[] { null })), load(sysexec(com.leekwars.generator.FightFunctions.getAbsoluteShield, 1)), load(sysexec(com.leekwars.generator.FightFunctions.getAbsoluteShield, -1)), load(sysexec(com.leekwars.generator.FightFunctions.getRelativeShield, new Object[] { null })), load(sysexec(com.leekwars.generator.FightFunctions.getRelativeShield, 1)), load(sysexec(com.leekwars.generator.FightFunctions.getRelativeShield, -1)), load(sysexec(com.leekwars.generator.FightFunctions.getLevel, new Object[] { null })), load(sysexec(com.leekwars.generator.FightFunctions.getLevel, 1)), load(sysexec(com.leekwars.generator.FightFunctions.getLevel, -1)), load(sysexec(com.leekwars.generator.FightFunctions.getFrequency, new Object[] { null })), load(sysexec(com.leekwars.generator.FightFunctions.getFrequency, 1)), load(sysexec(com.leekwars.generator.FightFunctions.getFrequency, -1)), load(sysexec(com.leekwars.generator.FightFunctions.getLeekID, new Object[] { null })), load(sysexec(com.leekwars.generator.FightFunctions.getLeekID, 1)), load(sysexec(com.leekwars.generator.FightFunctions.getLeekID, -1)), load(sysexec(com.leekwars.generator.FightFunctions.getTeamName, new Object[] { null })), load(sysexec(com.leekwars.generator.FightFunctions.getTeamName, 1)), load(sysexec(com.leekwars.generator.FightFunctions.getTeamName, -1)), load(sysexec(com.leekwars.generator.FightFunctions.getFarmerName, new Object[] { null })), load(sysexec(com.leekwars.generator.FightFunctions.getFarmerName, 1)), load(sysexec(com.leekwars.generator.FightFunctions.getFarmerName, -1)), load(sysexec(com.leekwars.generator.FightFunctions.getTeamID, new Object[] { null })), load(sysexec(com.leekwars.generator.FightFunctions.getTeamID, 1)), load(sysexec(com.leekwars.generator.FightFunctions.getTeamID, -1)), load(sysexec(com.leekwars.generator.FightFunctions.getFarmerID, new Object[] { null })), load(sysexec(com.leekwars.generator.FightFunctions.getFarmerID, 1)), load(sysexec(com.leekwars.generator.FightFunctions.getFarmerID, -1)), load(sysexec(com.leekwars.generator.FightFunctions.getAIName, new Object[] { null })), load(sysexec(com.leekwars.generator.FightFunctions.getAIName, 1)), load(sysexec(com.leekwars.generator.FightFunctions.getAIName, -1)), load(sysexec(com.leekwars.generator.FightFunctions.getAIID, -1)) }, false), 24);&#13;&#10;                                                                                                                                                                                                                                                    ^&#13;&#10;AI_10.java:12: error: package com.leekwars.generator does not exist&#13;&#10;return ops(new ArrayLeekValue(AI_10.this, new Object[] { load(sysexec(com.leekwars.generator.FightFunctions.getForce, new Object[] { null })), load(sysexec(com.leekwars.generator.FightFunctions.getForce, 1)), load(sysexec(com.leekwars.generator.FightFunctions.getForce, -1)), load(sysexec(com.leekwars.generator.FightFunctions.getAgility, new Object[] { null })), load(sysexec(com.leekwars.generator.FightFunctions.getAgility, 1)), load(sysexec(com.leekwars.generator.FightFunctions.getAgility, -1)), load(sysexec(com.leekwars.generator.FightFunctions.getLife, new Object[] { null })), load(sysexec(com.leekwars.generator.FightFunctions.getLife, 1)), load(sysexec(com.leekwars.generator.FightFunctions.getLife, -1)), load(sysexec(com.leekwars.generator.FightFunctions.getCell, new Object[] { null })), load(sysexec(com.leekwars.generator.FightFunctions.getCell, 1)), load(sysexec(com.leekwars.generator.FightFunctions.getCell, -1)), load(sysexec(com.leekwars.generator.FightFunctions.getWeapon, new Object[] { null })), load(sysexec(com.leekwars.generator.FightFunctions.getWeapon, 1)), load(sysexec(com.leekwars.generator.FightFunctions.getWeapon, -1)), load(sysexec(com.leekwars.generator.FightFunctions.getMP, new Object[] { null })), load(sysexec(com.leekwars.generator.FightFunctions.getMP, 1)), load(sysexec(com.leekwars.generator.FightFunctions.getMP, -1)), load(sysexec(com.leekwars.generator.FightFunctions.getTP, new Object[] { null })), load(sysexec(com.leekwars.generator.FightFunctions.getTP, 1)), load(sysexec(com.leekwars.generator.FightFunctions.getTP, -1)), load(sysexec(com.leekwars.generator.FightFunctions.getTotalLife, new Object[] { null })), load(sysexec(com.leekwars.generator.FightFunctions.getTotalLife, 1)), load(sysexec(com.leekwars.generator.FightFunctions.getTotalLife, -1)), load(sysexec(com.leekwars.generator.FightFunctions.isEnemy, 0)), load(sysexec(com.leekwars.generator.FightFunctions.isEnemy, 1)), load(sysexec(com.leekwars.generator.FightFunctions.isEnemy, -1)), load(sysexec(com.leekwars.generator.FightFunctions.isAlly, 0)), load(sysexec(com.leekwars.generator.FightFunctions.isAlly, 1)), load(sysexec(com.leekwars.generator.FightFunctions.isAlly, -1)), load(sysexec(com.leekwars.generator.FightFunctions.isDead, 0)), load(sysexec(com.leekwars.generator.FightFunctions.isDead, 1)), load(sysexec(com.leekwars.generator.FightFunctions.isDead, -1)), load(sysexec(com.leekwars.generator.FightFunctions.isAlive, 0)), load(sysexec(com.leekwars.generator.FightFunctions.isAlive, 1)), load(sysexec(com.leekwars.generator.FightFunctions.isAlive, -1)), load(sysexec(com.leekwars.generator.FightFunctions.getLeek)), load(sysexec(LeekFunctions.string, load(sysexec(com.leekwars.generator.FightFunctions.getChips, new Object[] { null })))), load(sysexec(LeekFunctions.string, load(sysexec(com.leekwars.generator.FightFunctions.getChips, 1)))), load(sysexec(com.leekwars.generator.FightFunctions.getChips, -1)), load(sysexec(com.leekwars.generator.FightFunctions.getAbsoluteShield, new Object[] { null })), load(sysexec(com.leekwars.generator.FightFunctions.getAbsoluteShield, 1)), load(sysexec(com.leekwars.generator.FightFunctions.getAbsoluteShield, -1)), load(sysexec(com.leekwars.generator.FightFunctions.getRelativeShield, new Object[] { null })), load(sysexec(com.leekwars.generator.FightFunctions.getRelativeShield, 1)), load(sysexec(com.leekwars.generator.FightFunctions.getRelativeShield, -1)), load(sysexec(com.leekwars.generator.FightFunctions.getLevel, new Object[] { null })), load(sysexec(com.leekwars.generator.FightFunctions.getLevel, 1)), load(sysexec(com.leekwars.generator.FightFunctions.getLevel, -1)), load(sysexec(com.leekwars.generator.FightFunctions.getFrequency, new Object[] { null })), load(sysexec(com.leekwars.generator.FightFunctions.getFrequency, 1)), load(sysexec(com.leekwars.generator.FightFunctions.getFrequency, -1)), load(sysexec(com.leekwars.generator.FightFunctions.getLeekID, new Object[] { null })), load(sysexec(com.leekwars.generator.FightFunctions.getLeekID, 1)), load(sysexec(com.leekwars.generator.FightFunctions.getLeekID, -1)), load(sysexec(com.leekwars.generator.FightFunctions.getTeamName, new Object[] { null })), load(sysexec(com.leekwars.generator.FightFunctions.getTeamName, 1)), load(sysexec(com.leekwars.generator.FightFunctions.getTeamName, -1)), load(sysexec(com.leekwars.generator.FightFunctions.getFarmerName, new Object[] { null })), load(sysexec(com.leekwars.generator.FightFunctions.getFarmerName, 1)), load(sysexec(com.leekwars.generator.FightFunctions.getFarmerName, -1)), load(sysexec(com.leekwars.generator.FightFunctions.getTeamID, new Object[] { null })), load(sysexec(com.leekwars.generator.FightFunctions.getTeamID, 1)), load(sysexec(com.leekwars.generator.FightFunctions.getTeamID, -1)), load(sysexec(com.leekwars.generator.FightFunctions.getFarmerID, new Object[] { null })), load(sysexec(com.leekwars.generator.FightFunctions.getFarmerID, 1)), load(sysexec(com.leekwars.generator.FightFunctions.getFarmerID, -1)), load(sysexec(com.leekwars.generator.FightFunctions.getAIName, new Object[] { null })), load(sysexec(com.leekwars.generator.FightFunctions.getAIName, 1)), load(sysexec(com.leekwars.generator.FightFunctions.getAIName, -1)), load(sysexec(com.leekwars.generator.FightFunctions.getAIID, -1)) }, false), 24);&#13;&#10;                                                                                                                                                                                                                                                                                                                       ^&#13;&#10;AI_10.java:12: error: package com.leekwars.generator does not exist&#13;&#10;return ops(new ArrayLeekValue(AI_10.this, new Object[] { load(sysexec(com.leekwars.generator.FightFunctions.getForce, new Object[] { null })), load(sysexec(com.leekwars.generator.FightFunctions.getForce, 1)), load(sysexec(com.leekwars.generator.FightFunctions.getForce, -1)), load(sysexec(com.leekwars.generator.FightFunctions.getAgility, new Object[] { null })), load(sysexec(com.leekwars.generator.FightFunctions.getAgility, 1)), load(sysexec(com.leekwars.generator.FightFunctions.getAgility, -1)), load(sysexec(com.leekwars.generator.FightFunctions.getLife, new Object[] { null })), load(sysexec(com.leekwars.generator.FightFunctions.getLife, 1)), load(sysexec(com.leekwars.generator.FightFunctions.getLife, -1)), load(sysexec(com.leekwars.generator.FightFunctions.getCell, new Object[] { null })), load(sysexec(com.leekwars.generator.FightFunctions.getCell, 1)), load(sysexec(com.leekwars.generator.FightFunctions.getCell, -1)), load(sysexec(com.leekwars.generator.FightFunctions.getWeapon, new Object[] { null })), load(sysexec(com.leekwars.generator.FightFunctions.getWeapon, 1)), load(sysexec(com.leekwars.generator.FightFunctions.getWeapon, -1)), load(sysexec(com.leekwars.generator.FightFunctions.getMP, new Object[] { null })), load(sysexec(com.leekwars.generator.FightFunctions.getMP, 1)), load(sysexec(com.leekwars.generator.FightFunctions.getMP, -1)), load(sysexec(com.leekwars.generator.FightFunctions.getTP, new Object[] { null })), load(sysexec(com.leekwars.generator.FightFunctions.getTP, 1)), load(sysexec(com.leekwars.generator.FightFunctions.getTP, -1)), load(sysexec(com.leekwars.generator.FightFunctions.getTotalLife, new Object[] { null })), load(sysexec(com.leekwars.generator.FightFunctions.getTotalLife, 1)), load(sysexec(com.leekwars.generator.FightFunctions.getTotalLife, -1)), load(sysexec(com.leekwars.generator.FightFunctions.isEnemy, 0)), load(sysexec(com.leekwars.generator.FightFunctions.isEnemy, 1)), load(sysexec(com.leekwars.generator.FightFunctions.isEnemy, -1)), load(sysexec(com.leekwars.generator.FightFunctions.isAlly, 0)), load(sysexec(com.leekwars.generator.FightFunctions.isAlly, 1)), load(sysexec(com.leekwars.generator.FightFunctions.isAlly, -1)), load(sysexec(com.leekwars.generator.FightFunctions.isDead, 0)), load(sysexec(com.leekwars.generator.FightFunctions.isDead, 1)), load(sysexec(com.leekwars.generator.FightFunctions.isDead, -1)), load(sysexec(com.leekwars.generator.FightFunctions.isAlive, 0)), load(sysexec(com.leekwars.generator.FightFunctions.isAlive, 1)), load(sysexec(com.leekwars.generator.FightFunctions.isAlive, -1)), load(sysexec(com.leekwars.generator.FightFunctions.getLeek)), load(sysexec(LeekFunctions.string, load(sysexec(com.leekwars.generator.FightFunctions.getChips, new Object[] { null })))), load(sysexec(LeekFunctions.string, load(sysexec(com.leekwars.generator.FightFunctions.getChips, 1)))), load(sysexec(com.leekwars.generator.FightFunctions.getChips, -1)), load(sysexec(com.leekwars.generator.FightFunctions.getAbsoluteShield, new Object[] { null })), load(sysexec(com.leekwars.generator.FightFunctions.getAbsoluteShield, 1)), load(sysexec(com.leekwars.generator.FightFunctions.getAbsoluteShield, -1)), load(sysexec(com.leekwars.generator.FightFunctions.getRelativeShield, new Object[] { null })), load(sysexec(com.leekwars.generator.FightFunctions.getRelativeShield, 1)), load(sysexec(com.leekwars.generator.FightFunctions.getRelativeShield, -1)), load(sysexec(com.leekwars.generator.FightFunctions.getLevel, new Object[] { null })), load(sysexec(com.leekwars.generator.FightFunctions.getLevel, 1)), load(sysexec(com.leekwars.generator.FightFunctions.getLevel, -1)), load(sysexec(com.leekwars.generator.FightFunctions.getFrequency, new Object[] { null })), load(sysexec(com.leekwars.generator.FightFunctions.getFrequency, 1)), load(sysexec(com.leekwars.generator.FightFunctions.getFrequency, -1)), load(sysexec(com.leekwars.generator.FightFunctions.getLeekID, new Object[] { null })), load(sysexec(com.leekwars.generator.FightFunctions.getLeekID, 1)), load(sysexec(com.leekwars.generator.FightFunctions.getLeekID, -1)), load(sysexec(com.leekwars.generator.FightFunctions.getTeamName, new Object[] { null })), load(sysexec(com.leekwars.generator.FightFunctions.getTeamName, 1)), load(sysexec(com.leekwars.generator.FightFunctions.getTeamName, -1)), load(sysexec(com.leekwars.generator.FightFunctions.getFarmerName, new Object[] { null })), load(sysexec(com.leekwars.generator.FightFunctions.getFarmerName, 1)), load(sysexec(com.leekwars.generator.FightFunctions.getFarmerName, -1)), load(sysexec(com.leekwars.generator.FightFunctions.getTeamID, new Object[] { null })), load(sysexec(com.leekwars.generator.FightFunctions.getTeamID, 1)), load(sysexec(com.leekwars.generator.FightFunctions.getTeamID, -1)), load(sysexec(com.leekwars.generator.FightFunctions.getFarmerID, new Object[] { null })), load(sysexec(com.leekwars.generator.FightFunctions.getFarmerID, 1)), load(sysexec(com.leekwars.generator.FightFunctions.getFarmerID, -1)), load(sysexec(com.leekwars.generator.FightFunctions.getAIName, new Object[] { null })), load(sysexec(com.leekwars.generator.FightFunctions.getAIName, 1)), load(sysexec(com.leekwars.generator.FightFunctions.getAIName, -1)), load(sysexec(com.leekwars.generator.FightFunctions.getAIID, -1)) }, false), 24);&#13;&#10;                                                                                                                                                                                                                                                                                                                                                                                                               ^&#13;&#10;AI_10.java:12: error: package com.leekwars.generator does not exist&#13;&#10;return ops(new ArrayLeekValue(AI_10.this, new Object[] { load(sysexec(com.leekwars.generator.FightFunctions.getForce, new Object[] { null })), load(sysexec(com.leekwars.generator.FightFunctions.getForce, 1)), load(sysexec(com.leekwars.generator.FightFunctions.getForce, -1)), load(sysexec(com.leekwars.generator.FightFunctions.getAgility, new Object[] { null })), load(sysexec(com.leekwars.generator.FightFunctions.getAgility, 1)), load(sysexec(com.leekwars.generator.FightFunctions.getAgility, -1)), load(sysexec(com.leekwars.generator.FightFunctions.getLife, new Object[] { null })), load(sysexec(com.leekwars.generator.FightFunctions.getLife, 1)), load(sysexec(com.leekwars.generator.FightFunctions.getLife, -1)), load(sysexec(com.leekwars.generator.FightFunctions.getCell, new Object[] { null })), load(sysexec(com.leekwars.generator.FightFunctions.getCell, 1)), load(sysexec(com.leekwars.generator.FightFunctions.getCell, -1)), load(sysexec(com.leekwars.generator.FightFunctions.getWeapon, new Object[] { null })), load(sysexec(com.leekwars.generator.FightFunctions.getWeapon, 1)), load(sysexec(com.leekwars.generator.FightFunctions.getWeapon, -1)), load(sysexec(com.leekwars.generator.FightFunctions.getMP, new Object[] { null })), load(sysexec(com.leekwars.generator.FightFunctions.getMP, 1)), load(sysexec(com.leekwars.generator.FightFunctions.getMP, -1)), load(sysexec(com.leekwars.generator.FightFunctions.getTP, new Object[] { null })), load(sysexec(com.leekwars.generator.FightFunctions.getTP, 1)), load(sysexec(com.leekwars.generator.FightFunctions.getTP, -1)), load(sysexec(com.leekwars.generator.FightFunctions.getTotalLife, new Object[] { null })), load(sysexec(com.leekwars.generator.FightFunctions.getTotalLife, 1)), load(sysexec(com.leekwars.generator.FightFunctions.getTotalLife, -1)), load(sysexec(com.leekwars.generator.FightFunctions.isEnemy, 0)), load(sysexec(com.leekwars.generator.FightFunctions.isEnemy, 1)), load(sysexec(com.leekwars.generator.FightFunctions.isEnemy, -1)), load(sysexec(com.leekwars.generator.FightFunctions.isAlly, 0)), load(sysexec(com.leekwars.generator.FightFunctions.isAlly, 1)), load(sysexec(com.leekwars.generator.FightFunctions.isAlly, -1)), load(sysexec(com.leekwars.generator.FightFunctions.isDead, 0)), load(sysexec(com.leekwars.generator.FightFunctions.isDead, 1)), load(sysexec(com.leekwars.generator.FightFunctions.isDead, -1)), load(sysexec(com.leekwars.generator.FightFunctions.isAlive, 0)), load(sysexec(com.leekwars.generator.FightFunctions.isAlive, 1)), load(sysexec(com.leekwars.generator.FightFunctions.isAlive, -1)), load(sysexec(com.leekwars.generator.FightFunctions.getLeek)), load(sysexec(LeekFunctions.string, load(sysexec(com.leekwars.generator.FightFunctions.getChips, new Object[] { null })))), load(sysexec(LeekFunctions.string, load(sysexec(com.leekwars.generator.FightFunctions.getChips, 1)))), load(sysexec(com.leekwars.generator.FightFunctions.getChips, -1)), load(sysexec(com.leekwars.generator.FightFunctions.getAbsoluteShield, new Object[] { null })), load(sysexec(com.leekwars.generator.FightFunctions.getAbsoluteShield, 1)), load(sysexec(com.leekwars.generator.FightFunctions.getAbsoluteShield, -1)), load(sysexec(com.leekwars.generator.FightFunctions.getRelativeShield, new Object[] { null })), load(sysexec(com.leekwars.generator.FightFunctions.getRelativeShield, 1)), load(sysexec(com.leekwars.generator.FightFunctions.getRelativeShield, -1)), load(sysexec(com.leekwars.generator.FightFunctions.getLevel, new Object[] { null })), load(sysexec(com.leekwars.generator.FightFunctions.getLevel, 1)), load(sysexec(com.leekwars.generator.FightFunctions.getLevel, -1)), load(sysexec(com.leekwars.generator.FightFunctions.getFrequency, new Object[] { null })), load(sysexec(com.leekwars.generator.FightFunctions.getFrequency, 1)), load(sysexec(com.leekwars.generator.FightFunctions.getFrequency, -1)), load(sysexec(com.leekwars.generator.FightFunctions.getLeekID, new Object[] { null })), load(sysexec(com.leekwars.generator.FightFunctions.getLeekID, 1)), load(sysexec(com.leekwars.generator.FightFunctions.getLeekID, -1)), load(sysexec(com.leekwars.generator.FightFunctions.getTeamName, new Object[] { null })), load(sysexec(com.leekwars.generator.FightFunctions.getTeamName, 1)), load(sysexec(com.leekwars.generator.FightFunctions.getTeamName, -1)), load(sysexec(com.leekwars.generator.FightFunctions.getFarmerName, new Object[] { null })), load(sysexec(com.leekwars.generator.FightFunctions.getFarmerName, 1)), load(sysexec(com.leekwars.generator.FightFunctions.getFarmerName, -1)), load(sysexec(com.leekwars.generator.FightFunctions.getTeamID, new Object[] { null })), load(sysexec(com.leekwars.generator.FightFunctions.getTeamID, 1)), load(sysexec(com.leekwars.generator.FightFunctions.getTeamID, -1)), load(sysexec(com.leekwars.generator.FightFunctions.getFarmerID, new Object[] { null })), load(sysexec(com.leekwars.generator.FightFunctions.getFarmerID, 1)), load(sysexec(com.leekwars.generator.FightFunctions.getFarmerID, -1)), load(sysexec(com.leekwars.generator.FightFunctions.getAIName, new Object[] { null })), load(sysexec(com.leekwars.generator.FightFunctions.getAIName, 1)), load(sysexec(com.leekwars.generator.FightFunctions.getAIName, -1)), load(sysexec(com.leekwars.generator.FightFunctions.getAIID, -1)) }, false), 24);&#13;&#10;                                                                                                                                                                                                                                                                                                                                                                                                                                                                                   ^&#13;&#10;AI_10.java:12: error: package com.leekwars.generator does not exist&#13;&#10;return ops(new ArrayLeekValue(AI_10.this, new Object[] { load(sysexec(com.leekwars.generator.FightFunctions.getForce, new Object[] { null })), load(sysexec(com.leekwars.generator.FightFunctions.getForce, 1)), load(sysexec(com.leekwars.generator.FightFunctions.getForce, -1)), load(sysexec(com.leekwars.generator.FightFunctions.getAgility, new Object[] { null })), load(sysexec(com.leekwars.generator.FightFunctions.getAgility, 1)), load(sysexec(com.leekwars.generator.FightFunctions.getAgility, -1)), load(sysexec(com.leekwars.generator.FightFunctions.getLife, new Object[] { null })), load(sysexec(com.leekwars.generator.FightFunctions.getLife, 1)), load(sysexec(com.leekwars.generator.FightFunctions.getLife, -1)), load(sysexec(com.leekwars.generator.FightFunctions.getCell, new Object[] { null })), load(sysexec(com.leekwars.generator.FightFunctions.getCell, 1)), load(sysexec(com.leekwars.generator.FightFunctions.getCell, -1)), load(sysexec(com.leekwars.generator.FightFunctions.getWeapon, new Object[] { null })), load(sysexec(com.leekwars.generator.FightFunctions.getWeapon, 1)), load(sysexec(com.leekwars.generator.FightFunctions.getWeapon, -1)), load(sysexec(com.leekwars.generator.FightFunctions.getMP, new Object[] { null })), load(sysexec(com.leekwars.generator.FightFunctions.getMP, 1)), load(sysexec(com.leekwars.generator.FightFunctions.getMP, -1)), load(sysexec(com.leekwars.generator.FightFunctions.getTP, new Object[] { null })), load(sysexec(com.leekwars.generator.FightFunctions.getTP, 1)), load(sysexec(com.leekwars.generator.FightFunctions.getTP, -1)), load(sysexec(com.leekwars.generator.FightFunctions.getTotalLife, new Object[] { null })), load(sysexec(com.leekwars.generator.FightFunctions.getTotalLife, 1)), load(sysexec(com.leekwars.generator.FightFunctions.getTotalLife, -1)), load(sysexec(com.leekwars.generator.FightFunctions.isEnemy, 0)), load(sysexec(com.leekwars.generator.FightFunctions.isEnemy, 1)), load(sysexec(com.leekwars.generator.FightFunctions.isEnemy, -1)), load(sysexec(com.leekwars.generator.FightFunctions.isAlly, 0)), load(sysexec(com.leekwars.generator.FightFunctions.isAlly, 1)), load(sysexec(com.leekwars.generator.FightFunctions.isAlly, -1)), load(sysexec(com.leekwars.generator.FightFunctions.isDead, 0)), load(sysexec(com.leekwars.generator.FightFunctions.isDead, 1)), load(sysexec(com.leekwars.generator.FightFunctions.isDead, -1)), load(sysexec(com.leekwars.generator.FightFunctions.isAlive, 0)), load(sysexec(com.leekwars.generator.FightFunctions.isAlive, 1)), load(sysexec(com.leekwars.generator.FightFunctions.isAlive, -1)), load(sysexec(com.leekwars.generator.FightFunctions.getLeek)), load(sysexec(LeekFunctions.string, load(sysexec(com.leekwars.generator.FightFunctions.getChips, new Object[] { null })))), load(sysexec(LeekFunctions.string, load(sysexec(com.leekwars.generator.FightFunctions.getChips, 1)))), load(sysexec(com.leekwars.generator.FightFunctions.getChips, -1)), load(sysexec(com.leekwars.generator.FightFunctions.getAbsoluteShield, new Object[] { null })), load(sysexec(com.leekwars.generator.FightFunctions.getAbsoluteShield, 1)), load(sysexec(com.leekwars.generator.FightFunctions.getAbsoluteShield, -1)), load(sysexec(com.leekwars.generator.FightFunctions.getRelativeShield, new Object[] { null })), load(sysexec(com.leekwars.generator.FightFunctions.getRelativeShield, 1)), load(sysexec(com.leekwars.generator.FightFunctions.getRelativeShield, -1)), load(sysexec(com.leekwars.generator.FightFunctions.getLevel, new Object[] { null })), load(sysexec(com.leekwars.generator.FightFunctions.getLevel, 1)), load(sysexec(com.leekwars.generator.FightFunctions.getLevel, -1)), load(sysexec(com.leekwars.generator.FightFunctions.getFrequency, new Object[] { null })), load(sysexec(com.leekwars.generator.FightFunctions.getFrequency, 1)), load(sysexec(com.leekwars.generator.FightFunctions.getFrequency, -1)), load(sysexec(com.leekwars.generator.FightFunctions.getLeekID, new Object[] { null })), load(sysexec(com.leekwars.generator.FightFunctions.getLeekID, 1)), load(sysexec(com.leekwars.generator.FightFunctions.getLeekID, -1)), load(sysexec(com.leekwars.generator.FightFunctions.getTeamName, new Object[] { null })), load(sysexec(com.leekwars.generator.FightFunctions.getTeamName, 1)), load(sysexec(com.leekwars.generator.FightFunctions.getTeamName, -1)), load(sysexec(com.leekwars.generator.FightFunctions.getFarmerName, new Object[] { null })), load(sysexec(com.leekwars.generator.FightFunctions.getFarmerName, 1)), load(sysexec(com.leekwars.generator.FightFunctions.getFarmerName, -1)), load(sysexec(com.leekwars.generator.FightFunctions.getTeamID, new Object[] { null })), load(sysexec(com.leekwars.generator.FightFunctions.getTeamID, 1)), load(sysexec(com.leekwars.generator.FightFunctions.getTeamID, -1)), load(sysexec(com.leekwars.generator.FightFunctions.getFarmerID, new Object[] { null })), load(sysexec(com.leekwars.generator.FightFunctions.getFarmerID, 1)), load(sysexec(com.leekwars.generator.FightFunctions.getFarmerID, -1)), load(sysexec(com.leekwars.generator.FightFunctions.getAIName, new Object[] { null })), load(sysexec(com.leekwars.generator.FightFunctions.getAIName, 1)), load(sysexec(com.leekwars.generator.FightFunctions.getAIName, -1)), load(sysexec(com.leekwars.generator.FightFunctions.getAIID, -1)) }, false), 24);&#13;&#10;                                                                                                                                                                                                                                                                                                                                                                                                                                                                                                                                                        ^&#13;&#10;AI_10.java:12: error: package com.leekwars.generator does not exist&#13;&#10;return ops(new ArrayLeekValue(AI_10.this, new Object[] { load(sysexec(com.leekwars.generator.FightFunctions.getForce, new Object[] { null })), load(sysexec(com.leekwars.generator.FightFunctions.getForce, 1)), load(sysexec(com.leekwars.generator.FightFunctions.getForce, -1)), load(sysexec(com.leekwars.generator.FightFunctions.getAgility, new Object[] { null })), load(sysexec(com.leekwars.generator.FightFunctions.getAgility, 1)), load(sysexec(com.leekwars.generator.FightFunctions.getAgility, -1)), load(sysexec(com.leekwars.generator.FightFunctions.getLife, new Object[] { null })), load(sysexec(com.leekwars.generator.FightFunctions.getLife, 1)), load(sysexec(com.leekwars.generator.FightFunctions.getLife, -1)), load(sysexec(com.leekwars.generator.FightFunctions.getCell, new Object[] { null })), load(sysexec(com.leekwars.generator.FightFunctions.getCell, 1)), load(sysexec(com.leekwars.generator.FightFunctions.getCell, -1)), load(sysexec(com.leekwars.generator.FightFunctions.getWeapon, new Object[] { null })), load(sysexec(com.leekwars.generator.FightFunctions.getWeapon, 1)), load(sysexec(com.leekwars.generator.FightFunctions.getWeapon, -1)), load(sysexec(com.leekwars.generator.FightFunctions.getMP, new Object[] { null })), load(sysexec(com.leekwars.generator.FightFunctions.getMP, 1)), load(sysexec(com.leekwars.generator.FightFunctions.getMP, -1)), load(sysexec(com.leekwars.generator.FightFunctions.getTP, new Object[] { null })), load(sysexec(com.leekwars.generator.FightFunctions.getTP, 1)), load(sysexec(com.leekwars.generator.FightFunctions.getTP, -1)), load(sysexec(com.leekwars.generator.FightFunctions.getTotalLife, new Object[] { null })), load(sysexec(com.leekwars.generator.FightFunctions.getTotalLife, 1)), load(sysexec(com.leekwars.generator.FightFunctions.getTotalLife, -1)), load(sysexec(com.leekwars.generator.FightFunctions.isEnemy, 0)), load(sysexec(com.leekwars.generator.FightFunctions.isEnemy, 1)), load(sysexec(com.leekwars.generator.FightFunctions.isEnemy, -1)), load(sysexec(com.leekwars.generator.FightFunctions.isAlly, 0)), load(sysexec(com.leekwars.generator.FightFunctions.isAlly, 1)), load(sysexec(com.leekwars.generator.FightFunctions.isAlly, -1)), load(sysexec(com.leekwars.generator.FightFunctions.isDead, 0)), load(sysexec(com.leekwars.generator.FightFunctions.isDead, 1)), load(sysexec(com.leekwars.generator.FightFunctions.isDead, -1)), load(sysexec(com.leekwars.generator.FightFunctions.isAlive, 0)), load(sysexec(com.leekwars.generator.FightFunctions.isAlive, 1)), load(sysexec(com.leekwars.generator.FightFunctions.isAlive, -1)), load(sysexec(com.leekwars.generator.FightFunctions.getLeek)), load(sysexec(LeekFunctions.string, load(sysexec(com.leekwars.generator.FightFunctions.getChips, new Object[] { null })))), load(sysexec(LeekFunctions.string, load(sysexec(com.leekwars.generator.FightFunctions.getChips, 1)))), load(sysexec(com.leekwars.generator.FightFunctions.getChips, -1)), load(sysexec(com.leekwars.generator.FightFunctions.getAbsoluteShield, new Object[] { null })), load(sysexec(com.leekwars.generator.FightFunctions.getAbsoluteShield, 1)), load(sysexec(com.leekwars.generator.FightFunctions.getAbsoluteShield, -1)), load(sysexec(com.leekwars.generator.FightFunctions.getRelativeShield, new Object[] { null })), load(sysexec(com.leekwars.generator.FightFunctions.getRelativeShield, 1)), load(sysexec(com.leekwars.generator.FightFunctions.getRelativeShield, -1)), load(sysexec(com.leekwars.generator.FightFunctions.getLevel, new Object[] { null })), load(sysexec(com.leekwars.generator.FightFunctions.getLevel, 1)), load(sysexec(com.leekwars.generator.FightFunctions.getLevel, -1)), load(sysexec(com.leekwars.generator.FightFunctions.getFrequency, new Object[] { null })), load(sysexec(com.leekwars.generator.FightFunctions.getFrequency, 1)), load(sysexec(com.leekwars.generator.FightFunctions.getFrequency, -1)), load(sysexec(com.leekwars.generator.FightFunctions.getLeekID, new Object[] { null })), load(sysexec(com.leekwars.generator.FightFunctions.getLeekID, 1)), load(sysexec(com.leekwars.generator.FightFunctions.getLeekID, -1)), load(sysexec(com.leekwars.generator.FightFunctions.getTeamName, new Object[] { null })), load(sysexec(com.leekwars.generator.FightFunctions.getTeamName, 1)), load(sysexec(com.leekwars.generator.FightFunctions.getTeamName, -1)), load(sysexec(com.leekwars.generator.FightFunctions.getFarmerName, new Object[] { null })), load(sysexec(com.leekwars.generator.FightFunctions.getFarmerName, 1)), load(sysexec(com.leekwars.generator.FightFunctions.getFarmerName, -1)), load(sysexec(com.leekwars.generator.FightFunctions.getTeamID, new Object[] { null })), load(sysexec(com.leekwars.generator.FightFunctions.getTeamID, 1)), load(sysexec(com.leekwars.generator.FightFunctions.getTeamID, -1)), load(sysexec(com.leekwars.generator.FightFunctions.getFarmerID, new Object[] { null })), load(sysexec(com.leekwars.generator.FightFunctions.getFarmerID, 1)), load(sysexec(com.leekwars.generator.FightFunctions.getFarmerID, -1)), load(sysexec(com.leekwars.generator.FightFunctions.getAIName, new Object[] { null })), load(sysexec(com.leekwars.generator.FightFunctions.getAIName, 1)), load(sysexec(com.leekwars.generator.FightFunctions.getAIName, -1)), load(sysexec(com.leekwars.generator.FightFunctions.getAIID, -1)) }, false), 24);&#13;&#10;                                                                                                                                                                                                                                                                                                                                                                                                                                                                                                                                                                                                                                             ^&#13;&#10;AI_10.java:12: error: package com.leekwars.generator does not exist&#13;&#10;return ops(new ArrayLeekValue(AI_10.this, new Object[] { load(sysexec(com.leekwars.generator.FightFunctions.getForce, new Object[] { null })), load(sysexec(com.leekwars.generator.FightFunctions.getForce, 1)), load(sysexec(com.leekwars.generator.FightFunctions.getForce, -1)), load(sysexec(com.leekwars.generator.FightFunctions.getAgility, new Object[] { null })), load(sysexec(com.leekwars.generator.FightFunctions.getAgility, 1)), load(sysexec(com.leekwars.generator.FightFunctions.getAgility, -1)), load(sysexec(com.leekwars.generator.FightFunctions.getLife, new Object[] { null })), load(sysexec(com.leekwars.generator.FightFunctions.getLife, 1)), load(sysexec(com.leekwars.generator.FightFunctions.getLife, -1)), load(sysexec(com.leekwars.generator.FightFunctions.getCell, new Object[] { null })), load(sysexec(com.leekwars.generator.FightFunctions.getCell, 1)), load(sysexec(com.leekwars.generator.FightFunctions.getCell, -1)), load(sysexec(com.leekwars.generator.FightFunctions.getWeapon, new Object[] { null })), load(sysexec(com.leekwars.generator.FightFunctions.getWeapon, 1)), load(sysexec(com.leekwars.generator.FightFunctions.getWeapon, -1)), load(sysexec(com.leekwars.generator.FightFunctions.getMP, new Object[] { null })), load(sysexec(com.leekwars.generator.FightFunctions.getMP, 1)), load(sysexec(com.leekwars.generator.FightFunctions.getMP, -1)), load(sysexec(com.leekwars.generator.FightFunctions.getTP, new Object[] { null })), load(sysexec(com.leekwars.generator.FightFunctions.getTP, 1)), load(sysexec(com.leekwars.generator.FightFunctions.getTP, -1)), load(sysexec(com.leekwars.generator.FightFunctions.getTotalLife, new Object[] { null })), load(sysexec(com.leekwars.generator.FightFunctions.getTotalLife, 1)), load(sysexec(com.leekwars.generator.FightFunctions.getTotalLife, -1)), load(sysexec(com.leekwars.generator.FightFunctions.isEnemy, 0)), load(sysexec(com.leekwars.generator.FightFunctions.isEnemy, 1)), load(sysexec(com.leekwars.generator.FightFunctions.isEnemy, -1)), load(sysexec(com.leekwars.generator.FightFunctions.isAlly, 0)), load(sysexec(com.leekwars.generator.FightFunctions.isAlly, 1)), load(sysexec(com.leekwars.generator.FightFunctions.isAlly, -1)), load(sysexec(com.leekwars.generator.FightFunctions.isDead, 0)), load(sysexec(com.leekwars.generator.FightFunctions.isDead, 1)), load(sysexec(com.leekwars.generator.FightFunctions.isDead, -1)), load(sysexec(com.leekwars.generator.FightFunctions.isAlive, 0)), load(sysexec(com.leekwars.generator.FightFunctions.isAlive, 1)), load(sysexec(com.leekwars.generator.FightFunctions.isAlive, -1)), load(sysexec(com.leekwars.generator.FightFunctions.getLeek)), load(sysexec(LeekFunctions.string, load(sysexec(com.leekwars.generator.FightFunctions.getChips, new Object[] { null })))), load(sysexec(LeekFunctions.string, load(sysexec(com.leekwars.generator.FightFunctions.getChips, 1)))), load(sysexec(com.leekwars.generator.FightFunctions.getChips, -1)), load(sysexec(com.leekwars.generator.FightFunctions.getAbsoluteShield, new Object[] { null })), load(sysexec(com.leekwars.generator.FightFunctions.getAbsoluteShield, 1)), load(sysexec(com.leekwars.generator.FightFunctions.getAbsoluteShield, -1)), load(sysexec(com.leekwars.generator.FightFunctions.getRelativeShield, new Object[] { null })), load(sysexec(com.leekwars.generator.FightFunctions.getRelativeShield, 1)), load(sysexec(com.leekwars.generator.FightFunctions.getRelativeShield, -1)), load(sysexec(com.leekwars.generator.FightFunctions.getLevel, new Object[] { null })), load(sysexec(com.leekwars.generator.FightFunctions.getLevel, 1)), load(sysexec(com.leekwars.generator.FightFunctions.getLevel, -1)), load(sysexec(com.leekwars.generator.FightFunctions.getFrequency, new Object[] { null })), load(sysexec(com.leekwars.generator.FightFunctions.getFrequency, 1)), load(sysexec(com.leekwars.generator.FightFunctions.getFrequency, -1)), load(sysexec(com.leekwars.generator.FightFunctions.getLeekID, new Object[] { null })), load(sysexec(com.leekwars.generator.FightFunctions.getLeekID, 1)), load(sysexec(com.leekwars.generator.FightFunctions.getLeekID, -1)), load(sysexec(com.leekwars.generator.FightFunctions.getTeamName, new Object[] { null })), load(sysexec(com.leekwars.generator.FightFunctions.getTeamName, 1)), load(sysexec(com.leekwars.generator.FightFunctions.getTeamName, -1)), load(sysexec(com.leekwars.generator.FightFunctions.getFarmerName, new Object[] { null })), load(sysexec(com.leekwars.generator.FightFunctions.getFarmerName, 1)), load(sysexec(com.leekwars.generator.FightFunctions.getFarmerName, -1)), load(sysexec(com.leekwars.generator.FightFunctions.getTeamID, new Object[] { null })), load(sysexec(com.leekwars.generator.FightFunctions.getTeamID, 1)), load(sysexec(com.leekwars.generator.FightFunctions.getTeamID, -1)), load(sysexec(com.leekwars.generator.FightFunctions.getFarmerID, new Object[] { null })), load(sysexec(com.leekwars.generator.FightFunctions.getFarmerID, 1)), load(sysexec(com.leekwars.generator.FightFunctions.getFarmerID, -1)), load(sysexec(com.leekwars.generator.FightFunctions.getAIName, new Object[] { null })), load(sysexec(com.leekwars.generator.FightFunctions.getAIName, 1)), load(sysexec(com.leekwars.generator.FightFunctions.getAIName, -1)), load(sysexec(com.leekwars.generator.FightFunctions.getAIID, -1)) }, false), 24);&#13;&#10;                                                                                                                                                                                                                                                                                                                                                                                                                                                                                                                                                                                                                                                                                                              ^&#13;&#10;AI_10.java:12: error: package com.leekwars.generator does not exist&#13;&#10;return ops(new ArrayLeekValue(AI_10.this, new Object[] { load(sysexec(com.leekwars.generator.FightFunctions.getForce, new Object[] { null })), load(sysexec(com.leekwars.generator.FightFunctions.getForce, 1)), load(sysexec(com.leekwars.generator.FightFunctions.getForce, -1)), load(sysexec(com.leekwars.generator.FightFunctions.getAgility, new Object[] { null })), load(sysexec(com.leekwars.generator.FightFunctions.getAgility, 1)), load(sysexec(com.leekwars.generator.FightFunctions.getAgility, -1)), load(sysexec(com.leekwars.generator.FightFunctions.getLife, new Object[] { null })), load(sysexec(com.leekwars.generator.FightFunctions.getLife, 1)), load(sysexec(com.leekwars.generator.FightFunctions.getLife, -1)), load(sysexec(com.leekwars.generator.FightFunctions.getCell, new Object[] { null })), load(sysexec(com.leekwars.generator.FightFunctions.getCell, 1)), load(sysexec(com.leekwars.generator.FightFunctions.getCell, -1)), load(sysexec(com.leekwars.generator.FightFunctions.getWeapon, new Object[] { null })), load(sysexec(com.leekwars.generator.FightFunctions.getWeapon, 1)), load(sysexec(com.leekwars.generator.FightFunctions.getWeapon, -1)), load(sysexec(com.leekwars.generator.FightFunctions.getMP, new Object[] { null })), load(sysexec(com.leekwars.generator.FightFunctions.getMP, 1)), load(sysexec(com.leekwars.generator.FightFunctions.getMP, -1)), load(sysexec(com.leekwars.generator.FightFunctions.getTP, new Object[] { null })), load(sysexec(com.leekwars.generator.FightFunctions.getTP, 1)), load(sysexec(com.leekwars.generator.FightFunctions.getTP, -1)), load(sysexec(com.leekwars.generator.FightFunctions.getTotalLife, new Object[] { null })), load(sysexec(com.leekwars.generator.FightFunctions.getTotalLife, 1)), load(sysexec(com.leekwars.generator.FightFunctions.getTotalLife, -1)), load(sysexec(com.leekwars.generator.FightFunctions.isEnemy, 0)), load(sysexec(com.leekwars.generator.FightFunctions.isEnemy, 1)), load(sysexec(com.leekwars.generator.FightFunctions.isEnemy, -1)), load(sysexec(com.leekwars.generator.FightFunctions.isAlly, 0)), load(sysexec(com.leekwars.generator.FightFunctions.isAlly, 1)), load(sysexec(com.leekwars.generator.FightFunctions.isAlly, -1)), load(sysexec(com.leekwars.generator.FightFunctions.isDead, 0)), load(sysexec(com.leekwars.generator.FightFunctions.isDead, 1)), load(sysexec(com.leekwars.generator.FightFunctions.isDead, -1)), load(sysexec(com.leekwars.generator.FightFunctions.isAlive, 0)), load(sysexec(com.leekwars.generator.FightFunctions.isAlive, 1)), load(sysexec(com.leekwars.generator.FightFunctions.isAlive, -1)), load(sysexec(com.leekwars.generator.FightFunctions.getLeek)), load(sysexec(LeekFunctions.string, load(sysexec(com.leekwars.generator.FightFunctions.getChips, new Object[] { null })))), load(sysexec(LeekFunctions.string, load(sysexec(com.leekwars.generator.FightFunctions.getChips, 1)))), load(sysexec(com.leekwars.generator.FightFunctions.getChips, -1)), load(sysexec(com.leekwars.generator.FightFunctions.getAbsoluteShield, new Object[] { null })), load(sysexec(com.leekwars.generator.FightFunctions.getAbsoluteShield, 1)), load(sysexec(com.leekwars.generator.FightFunctions.getAbsoluteShield, -1)), load(sysexec(com.leekwars.generator.FightFunctions.getRelativeShield, new Object[] { null })), load(sysexec(com.leekwars.generator.FightFunctions.getRelativeShield, 1)), load(sysexec(com.leekwars.generator.FightFunctions.getRelativeShield, -1)), load(sysexec(com.leekwars.generator.FightFunctions.getLevel, new Object[] { null })), load(sysexec(com.leekwars.generator.FightFunctions.getLevel, 1)), load(sysexec(com.leekwars.generator.FightFunctions.getLevel, -1)), load(sysexec(com.leekwars.generator.FightFunctions.getFrequency, new Object[] { null })), load(sysexec(com.leekwars.generator.FightFunctions.getFrequency, 1)), load(sysexec(com.leekwars.generator.FightFunctions.getFrequency, -1)), load(sysexec(com.leekwars.generator.FightFunctions.getLeekID, new Object[] { null })), load(sysexec(com.leekwars.generator.FightFunctions.getLeekID, 1)), load(sysexec(com.leekwars.generator.FightFunctions.getLeekID, -1)), load(sysexec(com.leekwars.generator.FightFunctions.getTeamName, new Object[] { null })), load(sysexec(com.leekwars.generator.FightFunctions.getTeamName, 1)), load(sysexec(com.leekwars.generator.FightFunctions.getTeamName, -1)), load(sysexec(com.leekwars.generator.FightFunctions.getFarmerName, new Object[] { null })), load(sysexec(com.leekwars.generator.FightFunctions.getFarmerName, 1)), load(sysexec(com.leekwars.generator.FightFunctions.getFarmerName, -1)), load(sysexec(com.leekwars.generator.FightFunctions.getTeamID, new Object[] { null })), load(sysexec(com.leekwars.generator.FightFunctions.getTeamID, 1)), load(sysexec(com.leekwars.generator.FightFunctions.getTeamID, -1)), load(sysexec(com.leekwars.generator.FightFunctions.getFarmerID, new Object[] { null })), load(sysexec(com.leekwars.generator.FightFunctions.getFarmerID, 1)), load(sysexec(com.leekwars.generator.FightFunctions.getFarmerID, -1)), load(sysexec(com.leekwars.generator.FightFunctions.getAIName, new Object[] { null })), load(sysexec(com.leekwars.generator.FightFunctions.getAIName, 1)), load(sysexec(com.leekwars.generator.FightFunctions.getAIName, -1)), load(sysexec(com.leekwars.generator.FightFunctions.getAIID, -1)) }, false), 24);&#13;&#10;                                                                                                                                                                                                                                                                                                                                                                                                                                                                                                                                                                                                                                                                                                                                                                                ^&#13;&#10;AI_10.java:12: error: package com.leekwars.generator does not exist&#13;&#10;return ops(new ArrayLeekValue(AI_10.this, new Object[] { load(sysexec(com.leekwars.generator.FightFunctions.getForce, new Object[] { null })), load(sysexec(com.leekwars.generator.FightFunctions.getForce, 1)), load(sysexec(com.leekwars.generator.FightFunctions.getForce, -1)), load(sysexec(com.leekwars.generator.FightFunctions.getAgility, new Object[] { null })), load(sysexec(com.leekwars.generator.FightFunctions.getAgility, 1)), load(sysexec(com.leekwars.generator.FightFunctions.getAgility, -1)), load(sysexec(com.leekwars.generator.FightFunctions.getLife, new Object[] { null })), load(sysexec(com.leekwars.generator.FightFunctions.getLife, 1)), load(sysexec(com.leekwars.generator.FightFunctions.getLife, -1)), load(sysexec(com.leekwars.generator.FightFunctions.getCell, new Object[] { null })), load(sysexec(com.leekwars.generator.FightFunctions.getCell, 1)), load(sysexec(com.leekwars.generator.FightFunctions.getCell, -1)), load(sysexec(com.leekwars.generator.FightFunctions.getWeapon, new Object[] { null })), load(sysexec(com.leekwars.generator.FightFunctions.getWeapon, 1)), load(sysexec(com.leekwars.generator.FightFunctions.getWeapon, -1)), load(sysexec(com.leekwars.generator.FightFunctions.getMP, new Object[] { null })), load(sysexec(com.leekwars.generator.FightFunctions.getMP, 1)), load(sysexec(com.leekwars.generator.FightFunctions.getMP, -1)), load(sysexec(com.leekwars.generator.FightFunctions.getTP, new Object[] { null })), load(sysexec(com.leekwars.generator.FightFunctions.getTP, 1)), load(sysexec(com.leekwars.generator.FightFunctions.getTP, -1)), load(sysexec(com.leekwars.generator.FightFunctions.getTotalLife, new Object[] { null })), load(sysexec(com.leekwars.generator.FightFunctions.getTotalLife, 1)), load(sysexec(com.leekwars.generator.FightFunctions.getTotalLife, -1)), load(sysexec(com.leekwars.generator.FightFunctions.isEnemy, 0)), load(sysexec(com.leekwars.generator.FightFunctions.isEnemy, 1)), load(sysexec(com.leekwars.generator.FightFunctions.isEnemy, -1)), load(sysexec(com.leekwars.generator.FightFunctions.isAlly, 0)), load(sysexec(com.leekwars.generator.FightFunctions.isAlly, 1)), load(sysexec(com.leekwars.generator.FightFunctions.isAlly, -1)), load(sysexec(com.leekwars.generator.FightFunctions.isDead, 0)), load(sysexec(com.leekwars.generator.FightFunctions.isDead, 1)), load(sysexec(com.leekwars.generator.FightFunctions.isDead, -1)), load(sysexec(com.leekwars.generator.FightFunctions.isAlive, 0)), load(sysexec(com.leekwars.generator.FightFunctions.isAlive, 1)), load(sysexec(com.leekwars.generator.FightFunctions.isAlive, -1)), load(sysexec(com.leekwars.generator.FightFunctions.getLeek)), load(sysexec(LeekFunctions.string, load(sysexec(com.leekwars.generator.FightFunctions.getChips, new Object[] { null })))), load(sysexec(LeekFunctions.string, load(sysexec(com.leekwars.generator.FightFunctions.getChips, 1)))), load(sysexec(com.leekwars.generator.FightFunctions.getChips, -1)), load(sysexec(com.leekwars.generator.FightFunctions.getAbsoluteShield, new Object[] { null })), load(sysexec(com.leekwars.generator.FightFunctions.getAbsoluteShield, 1)), load(sysexec(com.leekwars.generator.FightFunctions.getAbsoluteShield, -1)), load(sysexec(com.leekwars.generator.FightFunctions.getRelativeShield, new Object[] { null })), load(sysexec(com.leekwars.generator.FightFunctions.getRelativeShield, 1)), load(sysexec(com.leekwars.generator.FightFunctions.getRelativeShield, -1)), load(sysexec(com.leekwars.generator.FightFunctions.getLevel, new Object[] { null })), load(sysexec(com.leekwars.generator.FightFunctions.getLevel, 1)), load(sysexec(com.leekwars.generator.FightFunctions.getLevel, -1)), load(sysexec(com.leekwars.generator.FightFunctions.getFrequency, new Object[] { null })), load(sysexec(com.leekwars.generator.FightFunctions.getFrequency, 1)), load(sysexec(com.leekwars.generator.FightFunctions.getFrequency, -1)), load(sysexec(com.leekwars.generator.FightFunctions.getLeekID, new Object[] { null })), load(sysexec(com.leekwars.generator.FightFunctions.getLeekID, 1)), load(sysexec(com.leekwars.generator.FightFunctions.getLeekID, -1)), load(sysexec(com.leekwars.generator.FightFunctions.getTeamName, new Object[] { null })), load(sysexec(com.leekwars.generator.FightFunctions.getTeamName, 1)), load(sysexec(com.leekwars.generator.FightFunctions.getTeamName, -1)), load(sysexec(com.leekwars.generator.FightFunctions.getFarmerName, new Object[] { null })), load(sysexec(com.leekwars.generator.FightFunctions.getFarmerName, 1)), load(sysexec(com.leekwars.generator.FightFunctions.getFarmerName, -1)), load(sysexec(com.leekwars.generator.FightFunctions.getTeamID, new Object[] { null })), load(sysexec(com.leekwars.generator.FightFunctions.getTeamID, 1)), load(sysexec(com.leekwars.generator.FightFunctions.getTeamID, -1)), load(sysexec(com.leekwars.generator.FightFunctions.getFarmerID, new Object[] { null })), load(sysexec(com.leekwars.generator.FightFunctions.getFarmerID, 1)), load(sysexec(com.leekwars.generator.FightFunctions.getFarmerID, -1)), load(sysexec(com.leekwars.generator.FightFunctions.getAIName, new Object[] { null })), load(sysexec(com.leekwars.generator.FightFunctions.getAIName, 1)), load(sysexec(com.leekwars.generator.FightFunctions.getAIName, -1)), load(sysexec(com.leekwars.generator.FightFunctions.getAIID, -1)) }, false), 24);&#13;&#10;                                                                                                                                                                                                                                                                                                                                                                                                                                                                                                                                                                                                                                                                                                                                                                                                                                                                     ^&#13;&#10;AI_10.java:12: error: package com.leekwars.generator does not exist&#13;&#10;return ops(new ArrayLeekValue(AI_10.this, new Object[] { load(sysexec(com.leekwars.generator.FightFunctions.getForce, new Object[] { null })), load(sysexec(com.leekwars.generator.FightFunctions.getForce, 1)), load(sysexec(com.leekwars.generator.FightFunctions.getForce, -1)), load(sysexec(com.leekwars.generator.FightFunctions.getAgility, new Object[] { null })), load(sysexec(com.leekwars.generator.FightFunctions.getAgility, 1)), load(sysexec(com.leekwars.generator.FightFunctions.getAgility, -1)), load(sysexec(com.leekwars.generator.FightFunctions.getLife, new Object[] { null })), load(sysexec(com.leekwars.generator.FightFunctions.getLife, 1)), load(sysexec(com.leekwars.generator.FightFunctions.getLife, -1)), load(sysexec(com.leekwars.generator.FightFunctions.getCell, new Object[] { null })), load(sysexec(com.leekwars.generator.FightFunctions.getCell, 1)), load(sysexec(com.leekwars.generator.FightFunctions.getCell, -1)), load(sysexec(com.leekwars.generator.FightFunctions.getWeapon, new Object[] { null })), load(sysexec(com.leekwars.generator.FightFunctions.getWeapon, 1)), load(sysexec(com.leekwars.generator.FightFunctions.getWeapon, -1)), load(sysexec(com.leekwars.generator.FightFunctions.getMP, new Object[] { null })), load(sysexec(com.leekwars.generator.FightFunctions.getMP, 1)), load(sysexec(com.leekwars.generator.FightFunctions.getMP, -1)), load(sysexec(com.leekwars.generator.FightFunctions.getTP, new Object[] { null })), load(sysexec(com.leekwars.generator.FightFunctions.getTP, 1)), load(sysexec(com.leekwars.generator.FightFunctions.getTP, -1)), load(sysexec(com.leekwars.generator.FightFunctions.getTotalLife, new Object[] { null })), load(sysexec(com.leekwars.generator.FightFunctions.getTotalLife, 1)), load(sysexec(com.leekwars.generator.FightFunctions.getTotalLife, -1)), load(sysexec(com.leekwars.generator.FightFunctions.isEnemy, 0)), load(sysexec(com.leekwars.generator.FightFunctions.isEnemy, 1)), load(sysexec(com.leekwars.generator.FightFunctions.isEnemy, -1)), load(sysexec(com.leekwars.generator.FightFunctions.isAlly, 0)), load(sysexec(com.leekwars.generator.FightFunctions.isAlly, 1)), load(sysexec(com.leekwars.generator.FightFunctions.isAlly, -1)), load(sysexec(com.leekwars.generator.FightFunctions.isDead, 0)), load(sysexec(com.leekwars.generator.FightFunctions.isDead, 1)), load(sysexec(com.leekwars.generator.FightFunctions.isDead, -1)), load(sysexec(com.leekwars.generator.FightFunctions.isAlive, 0)), load(sysexec(com.leekwars.generator.FightFunctions.isAlive, 1)), load(sysexec(com.leekwars.generator.FightFunctions.isAlive, -1)), load(sysexec(com.leekwars.generator.FightFunctions.getLeek)), load(sysexec(LeekFunctions.string, load(sysexec(com.leekwars.generator.FightFunctions.getChips, new Object[] { null })))), load(sysexec(LeekFunctions.string, load(sysexec(com.leekwars.generator.FightFunctions.getChips, 1)))), load(sysexec(com.leekwars.generator.FightFunctions.getChips, -1)), load(sysexec(com.leekwars.generator.FightFunctions.getAbsoluteShield, new Object[] { null })), load(sysexec(com.leekwars.generator.FightFunctions.getAbsoluteShield, 1)), load(sysexec(com.leekwars.generator.FightFunctions.getAbsoluteShield, -1)), load(sysexec(com.leekwars.generator.FightFunctions.getRelativeShield, new Object[] { null })), load(sysexec(com.leekwars.generator.FightFunctions.getRelativeShield, 1)), load(sysexec(com.leekwars.generator.FightFunctions.getRelativeShield, -1)), load(sysexec(com.leekwars.generator.FightFunctions.getLevel, new Object[] { null })), load(sysexec(com.leekwars.generator.FightFunctions.getLevel, 1)), load(sysexec(com.leekwars.generator.FightFunctions.getLevel, -1)), load(sysexec(com.leekwars.generator.FightFunctions.getFrequency, new Object[] { null })), load(sysexec(com.leekwars.generator.FightFunctions.getFrequency, 1)), load(sysexec(com.leekwars.generator.FightFunctions.getFrequency, -1)), load(sysexec(com.leekwars.generator.FightFunctions.getLeekID, new Object[] { null })), load(sysexec(com.leekwars.generator.FightFunctions.getLeekID, 1)), load(sysexec(com.leekwars.generator.FightFunctions.getLeekID, -1)), load(sysexec(com.leekwars.generator.FightFunctions.getTeamName, new Object[] { null })), load(sysexec(com.leekwars.generator.FightFunctions.getTeamName, 1)), load(sysexec(com.leekwars.generator.FightFunctions.getTeamName, -1)), load(sysexec(com.leekwars.generator.FightFunctions.getFarmerName, new Object[] { null })), load(sysexec(com.leekwars.generator.FightFunctions.getFarmerName, 1)), load(sysexec(com.leekwars.generator.FightFunctions.getFarmerName, -1)), load(sysexec(com.leekwars.generator.FightFunctions.getTeamID, new Object[] { null })), load(sysexec(com.leekwars.generator.FightFunctions.getTeamID, 1)), load(sysexec(com.leekwars.generator.FightFunctions.getTeamID, -1)), load(sysexec(com.leekwars.generator.FightFunctions.getFarmerID, new Object[] { null })), load(sysexec(com.leekwars.generator.FightFunctions.getFarmerID, 1)), load(sysexec(com.leekwars.generator.FightFunctions.getFarmerID, -1)), load(sysexec(com.leekwars.generator.FightFunctions.getAIName, new Object[] { null })), load(sysexec(com.leekwars.generator.FightFunctions.getAIName, 1)), load(sysexec(com.leekwars.generator.FightFunctions.getAIName, -1)), load(sysexec(com.leekwars.generator.FightFunctions.getAIID, -1)) }, false), 24);&#13;&#10;                                                                                                                                                                                                                                                                                                                                                                                                                                                                                                                                                                                                                                                                                                                                                                                                                                                                                                                                      ^&#13;&#10;AI_10.java:12: error: package com.leekwars.generator does not exist&#13;&#10;return ops(new ArrayLeekValue(AI_10.this, new Object[] { load(sysexec(com.leekwars.generator.FightFunctions.getForce, new Object[] { null })), load(sysexec(com.leekwars.generator.FightFunctions.getForce, 1)), load(sysexec(com.leekwars.generator.FightFunctions.getForce, -1)), load(sysexec(com.leekwars.generator.FightFunctions.getAgility, new Object[] { null })), load(sysexec(com.leekwars.generator.FightFunctions.getAgility, 1)), load(sysexec(com.leekwars.generator.FightFunctions.getAgility, -1)), load(sysexec(com.leekwars.generator.FightFunctions.getLife, new Object[] { null })), load(sysexec(com.leekwars.generator.FightFunctions.getLife, 1)), load(sysexec(com.leekwars.generator.FightFunctions.getLife, -1)), load(sysexec(com.leekwars.generator.FightFunctions.getCell, new Object[] { null })), load(sysexec(com.leekwars.generator.FightFunctions.getCell, 1)), load(sysexec(com.leekwars.generator.FightFunctions.getCell, -1)), load(sysexec(com.leekwars.generator.FightFunctions.getWeapon, new Object[] { null })), load(sysexec(com.leekwars.generator.FightFunctions.getWeapon, 1)), load(sysexec(com.leekwars.generator.FightFunctions.getWeapon, -1)), load(sysexec(com.leekwars.generator.FightFunctions.getMP, new Object[] { null })), load(sysexec(com.leekwars.generator.FightFunctions.getMP, 1)), load(sysexec(com.leekwars.generator.FightFunctions.getMP, -1)), load(sysexec(com.leekwars.generator.FightFunctions.getTP, new Object[] { null })), load(sysexec(com.leekwars.generator.FightFunctions.getTP, 1)), load(sysexec(com.leekwars.generator.FightFunctions.getTP, -1)), load(sysexec(com.leekwars.generator.FightFunctions.getTotalLife, new Object[] { null })), load(sysexec(com.leekwars.generator.FightFunctions.getTotalLife, 1)), load(sysexec(com.leekwars.generator.FightFunctions.getTotalLife, -1)), load(sysexec(com.leekwars.generator.FightFunctions.isEnemy, 0)), load(sysexec(com.leekwars.generator.FightFunctions.isEnemy, 1)), load(sysexec(com.leekwars.generator.FightFunctions.isEnemy, -1)), load(sysexec(com.leekwars.generator.FightFunctions.isAlly, 0)), load(sysexec(com.leekwars.generator.FightFunctions.isAlly, 1)), load(sysexec(com.leekwars.generator.FightFunctions.isAlly, -1)), load(sysexec(com.leekwars.generator.FightFunctions.isDead, 0)), load(sysexec(com.leekwars.generator.FightFunctions.isDead, 1)), load(sysexec(com.leekwars.generator.FightFunctions.isDead, -1)), load(sysexec(com.leekwars.generator.FightFunctions.isAlive, 0)), load(sysexec(com.leekwars.generator.FightFunctions.isAlive, 1)), load(sysexec(com.leekwars.generator.FightFunctions.isAlive, -1)), load(sysexec(com.leekwars.generator.FightFunctions.getLeek)), load(sysexec(LeekFunctions.string, load(sysexec(com.leekwars.generator.FightFunctions.getChips, new Object[] { null })))), load(sysexec(LeekFunctions.string, load(sysexec(com.leekwars.generator.FightFunctions.getChips, 1)))), load(sysexec(com.leekwars.generator.FightFunctions.getChips, -1)), load(sysexec(com.leekwars.generator.FightFunctions.getAbsoluteShield, new Object[] { null })), load(sysexec(com.leekwars.generator.FightFunctions.getAbsoluteShield, 1)), load(sysexec(com.leekwars.generator.FightFunctions.getAbsoluteShield, -1)), load(sysexec(com.leekwars.generator.FightFunctions.getRelativeShield, new Object[] { null })), load(sysexec(com.leekwars.generator.FightFunctions.getRelativeShield, 1)), load(sysexec(com.leekwars.generator.FightFunctions.getRelativeShield, -1)), load(sysexec(com.leekwars.generator.FightFunctions.getLevel, new Object[] { null })), load(sysexec(com.leekwars.generator.FightFunctions.getLevel, 1)), load(sysexec(com.leekwars.generator.FightFunctions.getLevel, -1)), load(sysexec(com.leekwars.generator.FightFunctions.getFrequency, new Object[] { null })), load(sysexec(com.leekwars.generator.FightFunctions.getFrequency, 1)), load(sysexec(com.leekwars.generator.FightFunctions.getFrequency, -1)), load(sysexec(com.leekwars.generator.FightFunctions.getLeekID, new Object[] { null })), load(sysexec(com.leekwars.generator.FightFunctions.getLeekID, 1)), load(sysexec(com.leekwars.generator.FightFunctions.getLeekID, -1)), load(sysexec(com.leekwars.generator.FightFunctions.getTeamName, new Object[] { null })), load(sysexec(com.leekwars.generator.FightFunctions.getTeamName, 1)), load(sysexec(com.leekwars.generator.FightFunctions.getTeamName, -1)), load(sysexec(com.leekwars.generator.FightFunctions.getFarmerName, new Object[] { null })), load(sysexec(com.leekwars.generator.FightFunctions.getFarmerName, 1)), load(sysexec(com.leekwars.generator.FightFunctions.getFarmerName, -1)), load(sysexec(com.leekwars.generator.FightFunctions.getTeamID, new Object[] { null })), load(sysexec(com.leekwars.generator.FightFunctions.getTeamID, 1)), load(sysexec(com.leekwars.generator.FightFunctions.getTeamID, -1)), load(sysexec(com.leekwars.generator.FightFunctions.getFarmerID, new Object[] { null })), load(sysexec(com.leekwars.generator.FightFunctions.getFarmerID, 1)), load(sysexec(com.leekwars.generator.FightFunctions.getFarmerID, -1)), load(sysexec(com.leekwars.generator.FightFunctions.getAIName, new Object[] { null })), load(sysexec(com.leekwars.generator.FightFunctions.getAIName, 1)), load(sysexec(com.leekwars.generator.FightFunctions.getAIName, -1)), load(sysexec(com.leekwars.generator.FightFunctions.getAIID, -1)) }, false), 24);&#13;&#10;                                                                                                                                                                                                                                                                                                                                                                                                                                                                                                                                                                                                                                                                                                                                                                                                                                                                                                                                                                                                        ^&#13;&#10;AI_10.java:12: error: package com.leekwars.generator does not exist&#13;&#10;return ops(new ArrayLeekValue(AI_10.this, new Object[] { load(sysexec(com.leekwars.generator.FightFunctions.getForce, new Object[] { null })), load(sysexec(com.leekwars.generator.FightFunctions.getForce, 1)), load(sysexec(com.leekwars.generator.FightFunctions.getForce, -1)), load(sysexec(com.leekwars.generator.FightFunctions.getAgility, new Object[] { null })), load(sysexec(com.leekwars.generator.FightFunctions.getAgility, 1)), load(sysexec(com.leekwars.generator.FightFunctions.getAgility, -1)), load(sysexec(com.leekwars.generator.FightFunctions.getLife, new Object[] { null })), load(sysexec(com.leekwars.generator.FightFunctions.getLife, 1)), load(sysexec(com.leekwars.generator.FightFunctions.getLife, -1)), load(sysexec(com.leekwars.generator.FightFunctions.getCell, new Object[] { null })), load(sysexec(com.leekwars.generator.FightFunctions.getCell, 1)), load(sysexec(com.leekwars.generator.FightFunctions.getCell, -1)), load(sysexec(com.leekwars.generator.FightFunctions.getWeapon, new Object[] { null })), load(sysexec(com.leekwars.generator.FightFunctions.getWeapon, 1)), load(sysexec(com.leekwars.generator.FightFunctions.getWeapon, -1)), load(sysexec(com.leekwars.generator.FightFunctions.getMP, new Object[] { null })), load(sysexec(com.leekwars.generator.FightFunctions.getMP, 1)), load(sysexec(com.leekwars.generator.FightFunctions.getMP, -1)), load(sysexec(com.leekwars.generator.FightFunctions.getTP, new Object[] { null })), load(sysexec(com.leekwars.generator.FightFunctions.getTP, 1)), load(sysexec(com.leekwars.generator.FightFunctions.getTP, -1)), load(sysexec(com.leekwars.generator.FightFunctions.getTotalLife, new Object[] { null })), load(sysexec(com.leekwars.generator.FightFunctions.getTotalLife, 1)), load(sysexec(com.leekwars.generator.FightFunctions.getTotalLife, -1)), load(sysexec(com.leekwars.generator.FightFunctions.isEnemy, 0)), load(sysexec(com.leekwars.generator.FightFunctions.isEnemy, 1)), load(sysexec(com.leekwars.generator.FightFunctions.isEnemy, -1)), load(sysexec(com.leekwars.generator.FightFunctions.isAlly, 0)), load(sysexec(com.leekwars.generator.FightFunctions.isAlly, 1)), load(sysexec(com.leekwars.generator.FightFunctions.isAlly, -1)), load(sysexec(com.leekwars.generator.FightFunctions.isDead, 0)), load(sysexec(com.leekwars.generator.FightFunctions.isDead, 1)), load(sysexec(com.leekwars.generator.FightFunctions.isDead, -1)), load(sysexec(com.leekwars.generator.FightFunctions.isAlive, 0)), load(sysexec(com.leekwars.generator.FightFunctions.isAlive, 1)), load(sysexec(com.leekwars.generator.FightFunctions.isAlive, -1)), load(sysexec(com.leekwars.generator.FightFunctions.getLeek)), load(sysexec(LeekFunctions.string, load(sysexec(com.leekwars.generator.FightFunctions.getChips, new Object[] { null })))), load(sysexec(LeekFunctions.string, load(sysexec(com.leekwars.generator.FightFunctions.getChips, 1)))), load(sysexec(com.leekwars.generator.FightFunctions.getChips, -1)), load(sysexec(com.leekwars.generator.FightFunctions.getAbsoluteShield, new Object[] { null })), load(sysexec(com.leekwars.generator.FightFunctions.getAbsoluteShield, 1)), load(sysexec(com.leekwars.generator.FightFunctions.getAbsoluteShield, -1)), load(sysexec(com.leekwars.generator.FightFunctions.getRelativeShield, new Object[] { null })), load(sysexec(com.leekwars.generator.FightFunctions.getRelativeShield, 1)), load(sysexec(com.leekwars.generator.FightFunctions.getRelativeShield, -1)), load(sysexec(com.leekwars.generator.FightFunctions.getLevel, new Object[] { null })), load(sysexec(com.leekwars.generator.FightFunctions.getLevel, 1)), load(sysexec(com.leekwars.generator.FightFunctions.getLevel, -1)), load(sysexec(com.leekwars.generator.FightFunctions.getFrequency, new Object[] { null })), load(sysexec(com.leekwars.generator.FightFunctions.getFrequency, 1)), load(sysexec(com.leekwars.generator.FightFunctions.getFrequency, -1)), load(sysexec(com.leekwars.generator.FightFunctions.getLeekID, new Object[] { null })), load(sysexec(com.leekwars.generator.FightFunctions.getLeekID, 1)), load(sysexec(com.leekwars.generator.FightFunctions.getLeekID, -1)), load(sysexec(com.leekwars.generator.FightFunctions.getTeamName, new Object[] { null })), load(sysexec(com.leekwars.generator.FightFunctions.getTeamName, 1)), load(sysexec(com.leekwars.generator.FightFunctions.getTeamName, -1)), load(sysexec(com.leekwars.generator.FightFunctions.getFarmerName, new Object[] { null })), load(sysexec(com.leekwars.generator.FightFunctions.getFarmerName, 1)), load(sysexec(com.leekwars.generator.FightFunctions.getFarmerName, -1)), load(sysexec(com.leekwars.generator.FightFunctions.getTeamID, new Object[] { null })), load(sysexec(com.leekwars.generator.FightFunctions.getTeamID, 1)), load(sysexec(com.leekwars.generator.FightFunctions.getTeamID, -1)), load(sysexec(com.leekwars.generator.FightFunctions.getFarmerID, new Object[] { null })), load(sysexec(com.leekwars.generator.FightFunctions.getFarmerID, 1)), load(sysexec(com.leekwars.generator.FightFunctions.getFarmerID, -1)), load(sysexec(com.leekwars.generator.FightFunctions.getAIName, new Object[] { null })), load(sysexec(com.leekwars.generator.FightFunctions.getAIName, 1)), load(sysexec(com.leekwars.generator.FightFunctions.getAIName, -1)), load(sysexec(com.leekwars.generator.FightFunctions.getAIID, -1)) }, false), 24);&#13;&#10;                                                                                                                                                                                                                                                                                                                                                                                                                                                                                                                                                                                                                                                                                                                                                                                                                                                                                                                                                                                                                                                                                               ^&#13;&#10;AI_10.java:12: error: package com.leekwars.generator does not exist&#13;&#10;return ops(new ArrayLeekValue(AI_10.this, new Object[] { load(sysexec(com.leekwars.generator.FightFunctions.getForce, new Object[] { null })), load(sysexec(com.leekwars.generator.FightFunctions.getForce, 1)), load(sysexec(com.leekwars.generator.FightFunctions.getForce, -1)), load(sysexec(com.leekwars.generator.FightFunctions.getAgility, new Object[] { null })), load(sysexec(com.leekwars.generator.FightFunctions.getAgility, 1)), load(sysexec(com.leekwars.generator.FightFunctions.getAgility, -1)), load(sysexec(com.leekwars.generator.FightFunctions.getLife, new Object[] { null })), load(sysexec(com.leekwars.generator.FightFunctions.getLife, 1)), load(sysexec(com.leekwars.generator.FightFunctions.getLife, -1)), load(sysexec(com.leekwars.generator.FightFunctions.getCell, new Object[] { null })), load(sysexec(com.leekwars.generator.FightFunctions.getCell, 1)), load(sysexec(com.leekwars.generator.FightFunctions.getCell, -1)), load(sysexec(com.leekwars.generator.FightFunctions.getWeapon, new Object[] { null })), load(sysexec(com.leekwars.generator.FightFunctions.getWeapon, 1)), load(sysexec(com.leekwars.generator.FightFunctions.getWeapon, -1)), load(sysexec(com.leekwars.generator.FightFunctions.getMP, new Object[] { null })), load(sysexec(com.leekwars.generator.FightFunctions.getMP, 1)), load(sysexec(com.leekwars.generator.FightFunctions.getMP, -1)), load(sysexec(com.leekwars.generator.FightFunctions.getTP, new Object[] { null })), load(sysexec(com.leekwars.generator.FightFunctions.getTP, 1)), load(sysexec(com.leekwars.generator.FightFunctions.getTP, -1)), load(sysexec(com.leekwars.generator.FightFunctions.getTotalLife, new Object[] { null })), load(sysexec(com.leekwars.generator.FightFunctions.getTotalLife, 1)), load(sysexec(com.leekwars.generator.FightFunctions.getTotalLife, -1)), load(sysexec(com.leekwars.generator.FightFunctions.isEnemy, 0)), load(sysexec(com.leekwars.generator.FightFunctions.isEnemy, 1)), load(sysexec(com.leekwars.generator.FightFunctions.isEnemy, -1)), load(sysexec(com.leekwars.generator.FightFunctions.isAlly, 0)), load(sysexec(com.leekwars.generator.FightFunctions.isAlly, 1)), load(sysexec(com.leekwars.generator.FightFunctions.isAlly, -1)), load(sysexec(com.leekwars.generator.FightFunctions.isDead, 0)), load(sysexec(com.leekwars.generator.FightFunctions.isDead, 1)), load(sysexec(com.leekwars.generator.FightFunctions.isDead, -1)), load(sysexec(com.leekwars.generator.FightFunctions.isAlive, 0)), load(sysexec(com.leekwars.generator.FightFunctions.isAlive, 1)), load(sysexec(com.leekwars.generator.FightFunctions.isAlive, -1)), load(sysexec(com.leekwars.generator.FightFunctions.getLeek)), load(sysexec(LeekFunctions.string, load(sysexec(com.leekwars.generator.FightFunctions.getChips, new Object[] { null })))), load(sysexec(LeekFunctions.string, load(sysexec(com.leekwars.generator.FightFunctions.getChips, 1)))), load(sysexec(com.leekwars.generator.FightFunctions.getChips, -1)), load(sysexec(com.leekwars.generator.FightFunctions.getAbsoluteShield, new Object[] { null })), load(sysexec(com.leekwars.generator.FightFunctions.getAbsoluteShield, 1)), load(sysexec(com.leekwars.generator.FightFunctions.getAbsoluteShield, -1)), load(sysexec(com.leekwars.generator.FightFunctions.getRelativeShield, new Object[] { null })), load(sysexec(com.leekwars.generator.FightFunctions.getRelativeShield, 1)), load(sysexec(com.leekwars.generator.FightFunctions.getRelativeShield, -1)), load(sysexec(com.leekwars.generator.FightFunctions.getLevel, new Object[] { null })), load(sysexec(com.leekwars.generator.FightFunctions.getLevel, 1)), load(sysexec(com.leekwars.generator.FightFunctions.getLevel, -1)), load(sysexec(com.leekwars.generator.FightFunctions.getFrequency, new Object[] { null })), load(sysexec(com.leekwars.generator.FightFunctions.getFrequency, 1)), load(sysexec(com.leekwars.generator.FightFunctions.getFrequency, -1)), load(sysexec(com.leekwars.generator.FightFunctions.getLeekID, new Object[] { null })), load(sysexec(com.leekwars.generator.FightFunctions.getLeekID, 1)), load(sysexec(com.leekwars.generator.FightFunctions.getLeekID, -1)), load(sysexec(com.leekwars.generator.FightFunctions.getTeamName, new Object[] { null })), load(sysexec(com.leekwars.generator.FightFunctions.getTeamName, 1)), load(sysexec(com.leekwars.generator.FightFunctions.getTeamName, -1)), load(sysexec(com.leekwars.generator.FightFunctions.getFarmerName, new Object[] { null })), load(sysexec(com.leekwars.generator.FightFunctions.getFarmerName, 1)), load(sysexec(com.leekwars.generator.FightFunctions.getFarmerName, -1)), load(sysexec(com.leekwars.generator.FightFunctions.getTeamID, new Object[] { null })), load(sysexec(com.leekwars.generator.FightFunctions.getTeamID, 1)), load(sysexec(com.leekwars.generator.FightFunctions.getTeamID, -1)), load(sysexec(com.leekwars.generator.FightFunctions.getFarmerID, new Object[] { null })), load(sysexec(com.leekwars.generator.FightFunctions.getFarmerID, 1)), load(sysexec(com.leekwars.generator.FightFunctions.getFarmerID, -1)), load(sysexec(com.leekwars.generator.FightFunctions.getAIName, new Object[] { null })), load(sysexec(com.leekwars.generator.FightFunctions.getAIName, 1)), load(sysexec(com.leekwars.generator.FightFunctions.getAIName, -1)), load(sysexec(com.leekwars.generator.FightFunctions.getAIID, -1)) }, false), 24);&#13;&#10;                                                                                                                                                                                                                                                                                                                                                                                                                                                                                                                                                                                                                                                                                                                                                                                                                                                                                                                                                                                                                                                                                                                                                                  ^&#13;&#10;AI_10.java:12: error: package com.leekwars.generator does not exist&#13;&#10;return ops(new ArrayLeekValue(AI_10.this, new Object[] { load(sysexec(com.leekwars.generator.FightFunctions.getForce, new Object[] { null })), load(sysexec(com.leekwars.generator.FightFunctions.getForce, 1)), load(sysexec(com.leekwars.generator.FightFunctions.getForce, -1)), load(sysexec(com.leekwars.generator.FightFunctions.getAgility, new Object[] { null })), load(sysexec(com.leekwars.generator.FightFunctions.getAgility, 1)), load(sysexec(com.leekwars.generator.FightFunctions.getAgility, -1)), load(sysexec(com.leekwars.generator.FightFunctions.getLife, new Object[] { null })), load(sysexec(com.leekwars.generator.FightFunctions.getLife, 1)), load(sysexec(com.leekwars.generator.FightFunctions.getLife, -1)), load(sysexec(com.leekwars.generator.FightFunctions.getCell, new Object[] { null })), load(sysexec(com.leekwars.generator.FightFunctions.getCell, 1)), load(sysexec(com.leekwars.generator.FightFunctions.getCell, -1)), load(sysexec(com.leekwars.generator.FightFunctions.getWeapon, new Object[] { null })), load(sysexec(com.leekwars.generator.FightFunctions.getWeapon, 1)), load(sysexec(com.leekwars.generator.FightFunctions.getWeapon, -1)), load(sysexec(com.leekwars.generator.FightFunctions.getMP, new Object[] { null })), load(sysexec(com.leekwars.generator.FightFunctions.getMP, 1)), load(sysexec(com.leekwars.generator.FightFunctions.getMP, -1)), load(sysexec(com.leekwars.generator.FightFunctions.getTP, new Object[] { null })), load(sysexec(com.leekwars.generator.FightFunctions.getTP, 1)), load(sysexec(com.leekwars.generator.FightFunctions.getTP, -1)), load(sysexec(com.leekwars.generator.FightFunctions.getTotalLife, new Object[] { null })), load(sysexec(com.leekwars.generator.FightFunctions.getTotalLife, 1)), load(sysexec(com.leekwars.generator.FightFunctions.getTotalLife, -1)), load(sysexec(com.leekwars.generator.FightFunctions.isEnemy, 0)), load(sysexec(com.leekwars.generator.FightFunctions.isEnemy, 1)), load(sysexec(com.leekwars.generator.FightFunctions.isEnemy, -1)), load(sysexec(com.leekwars.generator.FightFunctions.isAlly, 0)), load(sysexec(com.leekwars.generator.FightFunctions.isAlly, 1)), load(sysexec(com.leekwars.generator.FightFunctions.isAlly, -1)), load(sysexec(com.leekwars.generator.FightFunctions.isDead, 0)), load(sysexec(com.leekwars.generator.FightFunctions.isDead, 1)), load(sysexec(com.leekwars.generator.FightFunctions.isDead, -1)), load(sysexec(com.leekwars.generator.FightFunctions.isAlive, 0)), load(sysexec(com.leekwars.generator.FightFunctions.isAlive, 1)), load(sysexec(com.leekwars.generator.FightFunctions.isAlive, -1)), load(sysexec(com.leekwars.generator.FightFunctions.getLeek)), load(sysexec(LeekFunctions.string, load(sysexec(com.leekwars.generator.FightFunctions.getChips, new Object[] { null })))), load(sysexec(LeekFunctions.string, load(sysexec(com.leekwars.generator.FightFunctions.getChips, 1)))), load(sysexec(com.leekwars.generator.FightFunctions.getChips, -1)), load(sysexec(com.leekwars.generator.FightFunctions.getAbsoluteShield, new Object[] { null })), load(sysexec(com.leekwars.generator.FightFunctions.getAbsoluteShield, 1)), load(sysexec(com.leekwars.generator.FightFunctions.getAbsoluteShield, -1)), load(sysexec(com.leekwars.generator.FightFunctions.getRelativeShield, new Object[] { null })), load(sysexec(com.leekwars.generator.FightFunctions.getRelativeShield, 1)), load(sysexec(com.leekwars.generator.FightFunctions.getRelativeShield, -1)), load(sysexec(com.leekwars.generator.FightFunctions.getLevel, new Object[] { null })), load(sysexec(com.leekwars.generator.FightFunctions.getLevel, 1)), load(sysexec(com.leekwars.generator.FightFunctions.getLevel, -1)), load(sysexec(com.leekwars.generator.FightFunctions.getFrequency, new Object[] { null })), load(sysexec(com.leekwars.generator.FightFunctions.getFrequency, 1)), load(sysexec(com.leekwars.generator.FightFunctions.getFrequency, -1)), load(sysexec(com.leekwars.generator.FightFunctions.getLeekID, new Object[] { null })), load(sysexec(com.leekwars.generator.FightFunctions.getLeekID, 1)), load(sysexec(com.leekwars.generator.FightFunctions.getLeekID, -1)), load(sysexec(com.leekwars.generator.FightFunctions.getTeamName, new Object[] { null })), load(sysexec(com.leekwars.generator.FightFunctions.getTeamName, 1)), load(sysexec(com.leekwars.generator.FightFunctions.getTeamName, -1)), load(sysexec(com.leekwars.generator.FightFunctions.getFarmerName, new Object[] { null })), load(sysexec(com.leekwars.generator.FightFunctions.getFarmerName, 1)), load(sysexec(com.leekwars.generator.FightFunctions.getFarmerName, -1)), load(sysexec(com.leekwars.generator.FightFunctions.getTeamID, new Object[] { null })), load(sysexec(com.leekwars.generator.FightFunctions.getTeamID, 1)), load(sysexec(com.leekwars.generator.FightFunctions.getTeamID, -1)), load(sysexec(com.leekwars.generator.FightFunctions.getFarmerID, new Object[] { null })), load(sysexec(com.leekwars.generator.FightFunctions.getFarmerID, 1)), load(sysexec(com.leekwars.generator.FightFunctions.getFarmerID, -1)), load(sysexec(com.leekwars.generator.FightFunctions.getAIName, new Object[] { null })), load(sysexec(com.leekwars.generator.FightFunctions.getAIName, 1)), load(sysexec(com.leekwars.generator.FightFunctions.getAIName, -1)), load(sysexec(com.leekwars.generator.FightFunctions.getAIID, -1)) }, false), 24);&#13;&#10;                                                                                                                                                                                                                                                                                                                                                                                                                                                                                                                                                                                                                                                                                                                                                                                                                                                                                                                                                                                                                                                                                                                                                                                                                                      ^&#13;&#10;AI_10.java:12: error: package com.leekwars.generator does not exist&#13;&#10;return ops(new ArrayLeekValue(AI_10.this, new Object[] { load(sysexec(com.leekwars.generator.FightFunctions.getForce, new Object[] { null })), load(sysexec(com.leekwars.generator.FightFunctions.getForce, 1)), load(sysexec(com.leekwars.generator.FightFunctions.getForce, -1)), load(sysexec(com.leekwars.generator.FightFunctions.getAgility, new Object[] { null })), load(sysexec(com.leekwars.generator.FightFunctions.getAgility, 1)), load(sysexec(com.leekwars.generator.FightFunctions.getAgility, -1)), load(sysexec(com.leekwars.generator.FightFunctions.getLife, new Object[] { null })), load(sysexec(com.leekwars.generator.FightFunctions.getLife, 1)), load(sysexec(com.leekwars.generator.FightFunctions.getLife, -1)), load(sysexec(com.leekwars.generator.FightFunctions.getCell, new Object[] { null })), load(sysexec(com.leekwars.generator.FightFunctions.getCell, 1)), load(sysexec(com.leekwars.generator.FightFunctions.getCell, -1)), load(sysexec(com.leekwars.generator.FightFunctions.getWeapon, new Object[] { null })), load(sysexec(com.leekwars.generator.FightFunctions.getWeapon, 1)), load(sysexec(com.leekwars.generator.FightFunctions.getWeapon, -1)), load(sysexec(com.leekwars.generator.FightFunctions.getMP, new Object[] { null })), load(sysexec(com.leekwars.generator.FightFunctions.getMP, 1)), load(sysexec(com.leekwars.generator.FightFunctions.getMP, -1)), load(sysexec(com.leekwars.generator.FightFunctions.getTP, new Object[] { null })), load(sysexec(com.leekwars.generator.FightFunctions.getTP, 1)), load(sysexec(com.leekwars.generator.FightFunctions.getTP, -1)), load(sysexec(com.leekwars.generator.FightFunctions.getTotalLife, new Object[] { null })), load(sysexec(com.leekwars.generator.FightFunctions.getTotalLife, 1)), load(sysexec(com.leekwars.generator.FightFunctions.getTotalLife, -1)), load(sysexec(com.leekwars.generator.FightFunctions.isEnemy, 0)), load(sysexec(com.leekwars.generator.FightFunctions.isEnemy, 1)), load(sysexec(com.leekwars.generator.FightFunctions.isEnemy, -1)), load(sysexec(com.leekwars.generator.FightFunctions.isAlly, 0)), load(sysexec(com.leekwars.generator.FightFunctions.isAlly, 1)), load(sysexec(com.leekwars.generator.FightFunctions.isAlly, -1)), load(sysexec(com.leekwars.generator.FightFunctions.isDead, 0)), load(sysexec(com.leekwars.generator.FightFunctions.isDead, 1)), load(sysexec(com.leekwars.generator.FightFunctions.isDead, -1)), load(sysexec(com.leekwars.generator.FightFunctions.isAlive, 0)), load(sysexec(com.leekwars.generator.FightFunctions.isAlive, 1)), load(sysexec(com.leekwars.generator.FightFunctions.isAlive, -1)), load(sysexec(com.leekwars.generator.FightFunctions.getLeek)), load(sysexec(LeekFunctions.string, load(sysexec(com.leekwars.generator.FightFunctions.getChips, new Object[] { null })))), load(sysexec(LeekFunctions.string, load(sysexec(com.leekwars.generator.FightFunctions.getChips, 1)))), load(sysexec(com.leekwars.generator.FightFunctions.getChips, -1)), load(sysexec(com.leekwars.generator.FightFunctions.getAbsoluteShield, new Object[] { null })), load(sysexec(com.leekwars.generator.FightFunctions.getAbsoluteShield, 1)), load(sysexec(com.leekwars.generator.FightFunctions.getAbsoluteShield, -1)), load(sysexec(com.leekwars.generator.FightFunctions.getRelativeShield, new Object[] { null })), load(sysexec(com.leekwars.generator.FightFunctions.getRelativeShield, 1)), load(sysexec(com.leekwars.generator.FightFunctions.getRelativeShield, -1)), load(sysexec(com.leekwars.generator.FightFunctions.getLevel, new Object[] { null })), load(sysexec(com.leekwars.generator.FightFunctions.getLevel, 1)), load(sysexec(com.leekwars.generator.FightFunctions.getLevel, -1)), load(sysexec(com.leekwars.generator.FightFunctions.getFrequency, new Object[] { null })), load(sysexec(com.leekwars.generator.FightFunctions.getFrequency, 1)), load(sysexec(com.leekwars.generator.FightFunctions.getFrequency, -1)), load(sysexec(com.leekwars.generator.FightFunctions.getLeekID, new Object[] { null })), load(sysexec(com.leekwars.generator.FightFunctions.getLeekID, 1)), load(sysexec(com.leekwars.generator.FightFunctions.getLeekID, -1)), load(sysexec(com.leekwars.generator.FightFunctions.getTeamName, new Object[] { null })), load(sysexec(com.leekwars.generator.FightFunctions.getTeamName, 1)), load(sysexec(com.leekwars.generator.FightFunctions.getTeamName, -1)), load(sysexec(com.leekwars.generator.FightFunctions.getFarmerName, new Object[] { null })), load(sysexec(com.leekwars.generator.FightFunctions.getFarmerName, 1)), load(sysexec(com.leekwars.generator.FightFunctions.getFarmerName, -1)), load(sysexec(com.leekwars.generator.FightFunctions.getTeamID, new Object[] { null })), load(sysexec(com.leekwars.generator.FightFunctions.getTeamID, 1)), load(sysexec(com.leekwars.generator.FightFunctions.getTeamID, -1)), load(sysexec(com.leekwars.generator.FightFunctions.getFarmerID, new Object[] { null })), load(sysexec(com.leekwars.generator.FightFunctions.getFarmerID, 1)), load(sysexec(com.leekwars.generator.FightFunctions.getFarmerID, -1)), load(sysexec(com.leekwars.generator.FightFunctions.getAIName, new Object[] { null })), load(sysexec(com.leekwars.generator.FightFunctions.getAIName, 1)), load(sysexec(com.leekwars.generator.FightFunctions.getAIName, -1)), load(sysexec(com.leekwars.generator.FightFunctions.getAIID, -1)) }, false), 24);&#13;&#10;                                                                                                                                                                                                                                                                                                                                                                                                                                                                                                                                                                                                                                                                                                                                                                                                                                                                                                                                                                                                                                                                                                                                                                                                                                                                                                                         ^&#13;&#10;AI_10.java:12: error: package com.leekwars.generator does not exist&#13;&#10;return ops(new ArrayLeekValue(AI_10.this, new Object[] { load(sysexec(com.leekwars.generator.FightFunctions.getForce, new Object[] { null })), load(sysexec(com.leekwars.generator.FightFunctions.getForce, 1)), load(sysexec(com.leekwars.generator.FightFunctions.getForce, -1)), load(sysexec(com.leekwars.generator.FightFunctions.getAgility, new Object[] { null })), load(sysexec(com.leekwars.generator.FightFunctions.getAgility, 1)), load(sysexec(com.leekwars.generator.FightFunctions.getAgility, -1)), load(sysexec(com.leekwars.generator.FightFunctions.getLife, new Object[] { null })), load(sysexec(com.leekwars.generator.FightFunctions.getLife, 1)), load(sysexec(com.leekwars.generator.FightFunctions.getLife, -1)), load(sysexec(com.leekwars.generator.FightFunctions.getCell, new Object[] { null })), load(sysexec(com.leekwars.generator.FightFunctions.getCell, 1)), load(sysexec(com.leekwars.generator.FightFunctions.getCell, -1)), load(sysexec(com.leekwars.generator.FightFunctions.getWeapon, new Object[] { null })), load(sysexec(com.leekwars.generator.FightFunctions.getWeapon, 1)), load(sysexec(com.leekwars.generator.FightFunctions.getWeapon, -1)), load(sysexec(com.leekwars.generator.FightFunctions.getMP, new Object[] { null })), load(sysexec(com.leekwars.generator.FightFunctions.getMP, 1)), load(sysexec(com.leekwars.generator.FightFunctions.getMP, -1)), load(sysexec(com.leekwars.generator.FightFunctions.getTP, new Object[] { null })), load(sysexec(com.leekwars.generator.FightFunctions.getTP, 1)), load(sysexec(com.leekwars.generator.FightFunctions.getTP, -1)), load(sysexec(com.leekwars.generator.FightFunctions.getTotalLife, new Object[] { null })), load(sysexec(com.leekwars.generator.FightFunctions.getTotalLife, 1)), load(sysexec(com.leekwars.generator.FightFunctions.getTotalLife, -1)), load(sysexec(com.leekwars.generator.FightFunctions.isEnemy, 0)), load(sysexec(com.leekwars.generator.FightFunctions.isEnemy, 1)), load(sysexec(com.leekwars.generator.FightFunctions.isEnemy, -1)), load(sysexec(com.leekwars.generator.FightFunctions.isAlly, 0)), load(sysexec(com.leekwars.generator.FightFunctions.isAlly, 1)), load(sysexec(com.leekwars.generator.FightFunctions.isAlly, -1)), load(sysexec(com.leekwars.generator.FightFunctions.isDead, 0)), load(sysexec(com.leekwars.generator.FightFunctions.isDead, 1)), load(sysexec(com.leekwars.generator.FightFunctions.isDead, -1)), load(sysexec(com.leekwars.generator.FightFunctions.isAlive, 0)), load(sysexec(com.leekwars.generator.FightFunctions.isAlive, 1)), load(sysexec(com.leekwars.generator.FightFunctions.isAlive, -1)), load(sysexec(com.leekwars.generator.FightFunctions.getLeek)), load(sysexec(LeekFunctions.string, load(sysexec(com.leekwars.generator.FightFunctions.getChips, new Object[] { null })))), load(sysexec(LeekFunctions.string, load(sysexec(com.leekwars.generator.FightFunctions.getChips, 1)))), load(sysexec(com.leekwars.generator.FightFunctions.getChips, -1)), load(sysexec(com.leekwars.generator.FightFunctions.getAbsoluteShield, new Object[] { null })), load(sysexec(com.leekwars.generator.FightFunctions.getAbsoluteShield, 1)), load(sysexec(com.leekwars.generator.FightFunctions.getAbsoluteShield, -1)), load(sysexec(com.leekwars.generator.FightFunctions.getRelativeShield, new Object[] { null })), load(sysexec(com.leekwars.generator.FightFunctions.getRelativeShield, 1)), load(sysexec(com.leekwars.generator.FightFunctions.getRelativeShield, -1)), load(sysexec(com.leekwars.generator.FightFunctions.getLevel, new Object[] { null })), load(sysexec(com.leekwars.generator.FightFunctions.getLevel, 1)), load(sysexec(com.leekwars.generator.FightFunctions.getLevel, -1)), load(sysexec(com.leekwars.generator.FightFunctions.getFrequency, new Object[] { null })), load(sysexec(com.leekwars.generator.FightFunctions.getFrequency, 1)), load(sysexec(com.leekwars.generator.FightFunctions.getFrequency, -1)), load(sysexec(com.leekwars.generator.FightFunctions.getLeekID, new Object[] { null })), load(sysexec(com.leekwars.generator.FightFunctions.getLeekID, 1)), load(sysexec(com.leekwars.generator.FightFunctions.getLeekID, -1)), load(sysexec(com.leekwars.generator.FightFunctions.getTeamName, new Object[] { null })), load(sysexec(com.leekwars.generator.FightFunctions.getTeamName, 1)), load(sysexec(com.leekwars.generator.FightFunctions.getTeamName, -1)), load(sysexec(com.leekwars.generator.FightFunctions.getFarmerName, new Object[] { null })), load(sysexec(com.leekwars.generator.FightFunctions.getFarmerName, 1)), load(sysexec(com.leekwars.generator.FightFunctions.getFarmerName, -1)), load(sysexec(com.leekwars.generator.FightFunctions.getTeamID, new Object[] { null })), load(sysexec(com.leekwars.generator.FightFunctions.getTeamID, 1)), load(sysexec(com.leekwars.generator.FightFunctions.getTeamID, -1)), load(sysexec(com.leekwars.generator.FightFunctions.getFarmerID, new Object[] { null })), load(sysexec(com.leekwars.generator.FightFunctions.getFarmerID, 1)), load(sysexec(com.leekwars.generator.FightFunctions.getFarmerID, -1)), load(sysexec(com.leekwars.generator.FightFunctions.getAIName, new Object[] { null })), load(sysexec(com.leekwars.generator.FightFunctions.getAIName, 1)), load(sysexec(com.leekwars.generator.FightFunctions.getAIName, -1)), load(sysexec(com.leekwars.generator.FightFunctions.getAIID, -1)) }, false), 24);&#13;&#10;                                                                                                                                                                                                                                                                                                                                                                                                                                                                                                                                                                                                                                                                                                                                                                                                                                                                                                                                                                                                                                                                                                                                                                                                                                                                                                                                                                                        ^&#13;&#10;AI_10.java:12: error: package com.leekwars.generator does not exist&#13;&#10;return ops(new ArrayLeekValue(AI_10.this, new Object[] { load(sysexec(com.leekwars.generator.FightFunctions.getForce, new Object[] { null })), load(sysexec(com.leekwars.generator.FightFunctions.getForce, 1)), load(sysexec(com.leekwars.generator.FightFunctions.getForce, -1)), load(sysexec(com.leekwars.generator.FightFunctions.getAgility, new Object[] { null })), load(sysexec(com.leekwars.generator.FightFunctions.getAgility, 1)), load(sysexec(com.leekwars.generator.FightFunctions.getAgility, -1)), load(sysexec(com.leekwars.generator.FightFunctions.getLife, new Object[] { null })), load(sysexec(com.leekwars.generator.FightFunctions.getLife, 1)), load(sysexec(com.leekwars.generator.FightFunctions.getLife, -1)), load(sysexec(com.leekwars.generator.FightFunctions.getCell, new Object[] { null })), load(sysexec(com.leekwars.generator.FightFunctions.getCell, 1)), load(sysexec(com.leekwars.generator.FightFunctions.getCell, -1)), load(sysexec(com.leekwars.generator.FightFunctions.getWeapon, new Object[] { null })), load(sysexec(com.leekwars.generator.FightFunctions.getWeapon, 1)), load(sysexec(com.leekwars.generator.FightFunctions.getWeapon, -1)), load(sysexec(com.leekwars.generator.FightFunctions.getMP, new Object[] { null })), load(sysexec(com.leekwars.generator.FightFunctions.getMP, 1)), load(sysexec(com.leekwars.generator.FightFunctions.getMP, -1)), load(sysexec(com.leekwars.generator.FightFunctions.getTP, new Object[] { null })), load(sysexec(com.leekwars.generator.FightFunctions.getTP, 1)), load(sysexec(com.leekwars.generator.FightFunctions.getTP, -1)), load(sysexec(com.leekwars.generator.FightFunctions.getTotalLife, new Object[] { null })), load(sysexec(com.leekwars.generator.FightFunctions.getTotalLife, 1)), load(sysexec(com.leekwars.generator.FightFunctions.getTotalLife, -1)), load(sysexec(com.leekwars.generator.FightFunctions.isEnemy, 0)), load(sysexec(com.leekwars.generator.FightFunctions.isEnemy, 1)), load(sysexec(com.leekwars.generator.FightFunctions.isEnemy, -1)), load(sysexec(com.leekwars.generator.FightFunctions.isAlly, 0)), load(sysexec(com.leekwars.generator.FightFunctions.isAlly, 1)), load(sysexec(com.leekwars.generator.FightFunctions.isAlly, -1)), load(sysexec(com.leekwars.generator.FightFunctions.isDead, 0)), load(sysexec(com.leekwars.generator.FightFunctions.isDead, 1)), load(sysexec(com.leekwars.generator.FightFunctions.isDead, -1)), load(sysexec(com.leekwars.generator.FightFunctions.isAlive, 0)), load(sysexec(com.leekwars.generator.FightFunctions.isAlive, 1)), load(sysexec(com.leekwars.generator.FightFunctions.isAlive, -1)), load(sysexec(com.leekwars.generator.FightFunctions.getLeek)), load(sysexec(LeekFunctions.string, load(sysexec(com.leekwars.generator.FightFunctions.getChips, new Object[] { null })))), load(sysexec(LeekFunctions.string, load(sysexec(com.leekwars.generator.FightFunctions.getChips, 1)))), load(sysexec(com.leekwars.generator.FightFunctions.getChips, -1)), load(sysexec(com.leekwars.generator.FightFunctions.getAbsoluteShield, new Object[] { null })), load(sysexec(com.leekwars.generator.FightFunctions.getAbsoluteShield, 1)), load(sysexec(com.leekwars.generator.FightFunctions.getAbsoluteShield, -1)), load(sysexec(com.leekwars.generator.FightFunctions.getRelativeShield, new Object[] { null })), load(sysexec(com.leekwars.generator.FightFunctions.getRelativeShield, 1)), load(sysexec(com.leekwars.generator.FightFunctions.getRelativeShield, -1)), load(sysexec(com.leekwars.generator.FightFunctions.getLevel, new Object[] { null })), load(sysexec(com.leekwars.generator.FightFunctions.getLevel, 1)), load(sysexec(com.leekwars.generator.FightFunctions.getLevel, -1)), load(sysexec(com.leekwars.generator.FightFunctions.getFrequency, new Object[] { null })), load(sysexec(com.leekwars.generator.FightFunctions.getFrequency, 1)), load(sysexec(com.leekwars.generator.FightFunctions.getFrequency, -1)), load(sysexec(com.leekwars.generator.FightFunctions.getLeekID, new Object[] { null })), load(sysexec(com.leekwars.generator.FightFunctions.getLeekID, 1)), load(sysexec(com.leekwars.generator.FightFunctions.getLeekID, -1)), load(sysexec(com.leekwars.generator.FightFunctions.getTeamName, new Object[] { null })), load(sysexec(com.leekwars.generator.FightFunctions.getTeamName, 1)), load(sysexec(com.leekwars.generator.FightFunctions.getTeamName, -1)), load(sysexec(com.leekwars.generator.FightFunctions.getFarmerName, new Object[] { null })), load(sysexec(com.leekwars.generator.FightFunctions.getFarmerName, 1)), load(sysexec(com.leekwars.generator.FightFunctions.getFarmerName, -1)), load(sysexec(com.leekwars.generator.FightFunctions.getTeamID, new Object[] { null })), load(sysexec(com.leekwars.generator.FightFunctions.getTeamID, 1)), load(sysexec(com.leekwars.generator.FightFunctions.getTeamID, -1)), load(sysexec(com.leekwars.generator.FightFunctions.getFarmerID, new Object[] { null })), load(sysexec(com.leekwars.generator.FightFunctions.getFarmerID, 1)), load(sysexec(com.leekwars.generator.FightFunctions.getFarmerID, -1)), load(sysexec(com.leekwars.generator.FightFunctions.getAIName, new Object[] { null })), load(sysexec(com.leekwars.generator.FightFunctions.getAIName, 1)), load(sysexec(com.leekwars.generator.FightFunctions.getAIName, -1)), load(sysexec(com.leekwars.generator.FightFunctions.getAIID, -1)) }, false), 24);&#13;&#10;                                                                                                                                                                                                                                                                                                                                                                                                                                                                                                                                                                                                                                                                                                                                                                                                                                                                                                                                                                                                                                                                                                                                                                                                                                                                                                                                                                                                                                                        ^&#13;&#10;AI_10.java:12: error: package com.leekwars.generator does not exist&#13;&#10;return ops(new ArrayLeekValue(AI_10.this, new Object[] { load(sysexec(com.leekwars.generator.FightFunctions.getForce, new Object[] { null })), load(sysexec(com.leekwars.generator.FightFunctions.getForce, 1)), load(sysexec(com.leekwars.generator.FightFunctions.getForce, -1)), load(sysexec(com.leekwars.generator.FightFunctions.getAgility, new Object[] { null })), load(sysexec(com.leekwars.generator.FightFunctions.getAgility, 1)), load(sysexec(com.leekwars.generator.FightFunctions.getAgility, -1)), load(sysexec(com.leekwars.generator.FightFunctions.getLife, new Object[] { null })), load(sysexec(com.leekwars.generator.FightFunctions.getLife, 1)), load(sysexec(com.leekwars.generator.FightFunctions.getLife, -1)), load(sysexec(com.leekwars.generator.FightFunctions.getCell, new Object[] { null })), load(sysexec(com.leekwars.generator.FightFunctions.getCell, 1)), load(sysexec(com.leekwars.generator.FightFunctions.getCell, -1)), load(sysexec(com.leekwars.generator.FightFunctions.getWeapon, new Object[] { null })), load(sysexec(com.leekwars.generator.FightFunctions.getWeapon, 1)), load(sysexec(com.leekwars.generator.FightFunctions.getWeapon, -1)), load(sysexec(com.leekwars.generator.FightFunctions.getMP, new Object[] { null })), load(sysexec(com.leekwars.generator.FightFunctions.getMP, 1)), load(sysexec(com.leekwars.generator.FightFunctions.getMP, -1)), load(sysexec(com.leekwars.generator.FightFunctions.getTP, new Object[] { null })), load(sysexec(com.leekwars.generator.FightFunctions.getTP, 1)), load(sysexec(com.leekwars.generator.FightFunctions.getTP, -1)), load(sysexec(com.leekwars.generator.FightFunctions.getTotalLife, new Object[] { null })), load(sysexec(com.leekwars.generator.FightFunctions.getTotalLife, 1)), load(sysexec(com.leekwars.generator.FightFunctions.getTotalLife, -1)), load(sysexec(com.leekwars.generator.FightFunctions.isEnemy, 0)), load(sysexec(com.leekwars.generator.FightFunctions.isEnemy, 1)), load(sysexec(com.leekwars.generator.FightFunctions.isEnemy, -1)), load(sysexec(com.leekwars.generator.FightFunctions.isAlly, 0)), load(sysexec(com.leekwars.generator.FightFunctions.isAlly, 1)), load(sysexec(com.leekwars.generator.FightFunctions.isAlly, -1)), load(sysexec(com.leekwars.generator.FightFunctions.isDead, 0)), load(sysexec(com.leekwars.generator.FightFunctions.isDead, 1)), load(sysexec(com.leekwars.generator.FightFunctions.isDead, -1)), load(sysexec(com.leekwars.generator.FightFunctions.isAlive, 0)), load(sysexec(com.leekwars.generator.FightFunctions.isAlive, 1)), load(sysexec(com.leekwars.generator.FightFunctions.isAlive, -1)), load(sysexec(com.leekwars.generator.FightFunctions.getLeek)), load(sysexec(LeekFunctions.string, load(sysexec(com.leekwars.generator.FightFunctions.getChips, new Object[] { null })))), load(sysexec(LeekFunctions.string, load(sysexec(com.leekwars.generator.FightFunctions.getChips, 1)))), load(sysexec(com.leekwars.generator.FightFunctions.getChips, -1)), load(sysexec(com.leekwars.generator.FightFunctions.getAbsoluteShield, new Object[] { null })), load(sysexec(com.leekwars.generator.FightFunctions.getAbsoluteShield, 1)), load(sysexec(com.leekwars.generator.FightFunctions.getAbsoluteShield, -1)), load(sysexec(com.leekwars.generator.FightFunctions.getRelativeShield, new Object[] { null })), load(sysexec(com.leekwars.generator.FightFunctions.getRelativeShield, 1)), load(sysexec(com.leekwars.generator.FightFunctions.getRelativeShield, -1)), load(sysexec(com.leekwars.generator.FightFunctions.getLevel, new Object[] { null })), load(sysexec(com.leekwars.generator.FightFunctions.getLevel, 1)), load(sysexec(com.leekwars.generator.FightFunctions.getLevel, -1)), load(sysexec(com.leekwars.generator.FightFunctions.getFrequency, new Object[] { null })), load(sysexec(com.leekwars.generator.FightFunctions.getFrequency, 1)), load(sysexec(com.leekwars.generator.FightFunctions.getFrequency, -1)), load(sysexec(com.leekwars.generator.FightFunctions.getLeekID, new Object[] { null })), load(sysexec(com.leekwars.generator.FightFunctions.getLeekID, 1)), load(sysexec(com.leekwars.generator.FightFunctions.getLeekID, -1)), load(sysexec(com.leekwars.generator.FightFunctions.getTeamName, new Object[] { null })), load(sysexec(com.leekwars.generator.FightFunctions.getTeamName, 1)), load(sysexec(com.leekwars.generator.FightFunctions.getTeamName, -1)), load(sysexec(com.leekwars.generator.FightFunctions.getFarmerName, new Object[] { null })), load(sysexec(com.leekwars.generator.FightFunctions.getFarmerName, 1)), load(sysexec(com.leekwars.generator.FightFunctions.getFarmerName, -1)), load(sysexec(com.leekwars.generator.FightFunctions.getTeamID, new Object[] { null })), load(sysexec(com.leekwars.generator.FightFunctions.getTeamID, 1)), load(sysexec(com.leekwars.generator.FightFunctions.getTeamID, -1)), load(sysexec(com.leekwars.generator.FightFunctions.getFarmerID, new Object[] { null })), load(sysexec(com.leekwars.generator.FightFunctions.getFarmerID, 1)), load(sysexec(com.leekwars.generator.FightFunctions.getFarmerID, -1)), load(sysexec(com.leekwars.generator.FightFunctions.getAIName, new Object[] { null })), load(sysexec(com.leekwars.generator.FightFunctions.getAIName, 1)), load(sysexec(com.leekwars.generator.FightFunctions.getAIName, -1)), load(sysexec(com.leekwars.generator.FightFunctions.getAIID, -1)) }, false), 24);&#13;&#10;                                                                                                                                                                                                                                                                                                                                                                                                                                                                                                                                                                                                                                                                                                                                                                                                                                                                                                                                                                                                                                                                                                                                                                                                                                                                                                                                                                                                                                                                                                                                           ^&#13;&#10;AI_10.java:12: error: package com.leekwars.generator does not exist&#13;&#10;return ops(new ArrayLeekValue(AI_10.this, new Object[] { load(sysexec(com.leekwars.generator.FightFunctions.getForce, new Object[] { null })), load(sysexec(com.leekwars.generator.FightFunctions.getForce, 1)), load(sysexec(com.leekwars.generator.FightFunctions.getForce, -1)), load(sysexec(com.leekwars.generator.FightFunctions.getAgility, new Object[] { null })), load(sysexec(com.leekwars.generator.FightFunctions.getAgility, 1)), load(sysexec(com.leekwars.generator.FightFunctions.getAgility, -1)), load(sysexec(com.leekwars.generator.FightFunctions.getLife, new Object[] { null })), load(sysexec(com.leekwars.generator.FightFunctions.getLife, 1)), load(sysexec(com.leekwars.generator.FightFunctions.getLife, -1)), load(sysexec(com.leekwars.generator.FightFunctions.getCell, new Object[] { null })), load(sysexec(com.leekwars.generator.FightFunctions.getCell, 1)), load(sysexec(com.leekwars.generator.FightFunctions.getCell, -1)), load(sysexec(com.leekwars.generator.FightFunctions.getWeapon, new Object[] { null })), load(sysexec(com.leekwars.generator.FightFunctions.getWeapon, 1)), load(sysexec(com.leekwars.generator.FightFunctions.getWeapon, -1)), load(sysexec(com.leekwars.generator.FightFunctions.getMP, new Object[] { null })), load(sysexec(com.leekwars.generator.FightFunctions.getMP, 1)), load(sysexec(com.leekwars.generator.FightFunctions.getMP, -1)), load(sysexec(com.leekwars.generator.FightFunctions.getTP, new Object[] { null })), load(sysexec(com.leekwars.generator.FightFunctions.getTP, 1)), load(sysexec(com.leekwars.generator.FightFunctions.getTP, -1)), load(sysexec(com.leekwars.generator.FightFunctions.getTotalLife, new Object[] { null })), load(sysexec(com.leekwars.generator.FightFunctions.getTotalLife, 1)), load(sysexec(com.leekwars.generator.FightFunctions.getTotalLife, -1)), load(sysexec(com.leekwars.generator.FightFunctions.isEnemy, 0)), load(sysexec(com.leekwars.generator.FightFunctions.isEnemy, 1)), load(sysexec(com.leekwars.generator.FightFunctions.isEnemy, -1)), load(sysexec(com.leekwars.generator.FightFunctions.isAlly, 0)), load(sysexec(com.leekwars.generator.FightFunctions.isAlly, 1)), load(sysexec(com.leekwars.generator.FightFunctions.isAlly, -1)), load(sysexec(com.leekwars.generator.FightFunctions.isDead, 0)), load(sysexec(com.leekwars.generator.FightFunctions.isDead, 1)), load(sysexec(com.leekwars.generator.FightFunctions.isDead, -1)), load(sysexec(com.leekwars.generator.FightFunctions.isAlive, 0)), load(sysexec(com.leekwars.generator.FightFunctions.isAlive, 1)), load(sysexec(com.leekwars.generator.FightFunctions.isAlive, -1)), load(sysexec(com.leekwars.generator.FightFunctions.getLeek)), load(sysexec(LeekFunctions.string, load(sysexec(com.leekwars.generator.FightFunctions.getChips, new Object[] { null })))), load(sysexec(LeekFunctions.string, load(sysexec(com.leekwars.generator.FightFunctions.getChips, 1)))), load(sysexec(com.leekwars.generator.FightFunctions.getChips, -1)), load(sysexec(com.leekwars.generator.FightFunctions.getAbsoluteShield, new Object[] { null })), load(sysexec(com.leekwars.generator.FightFunctions.getAbsoluteShield, 1)), load(sysexec(com.leekwars.generator.FightFunctions.getAbsoluteShield, -1)), load(sysexec(com.leekwars.generator.FightFunctions.getRelativeShield, new Object[] { null })), load(sysexec(com.leekwars.generator.FightFunctions.getRelativeShield, 1)), load(sysexec(com.leekwars.generator.FightFunctions.getRelativeShield, -1)), load(sysexec(com.leekwars.generator.FightFunctions.getLevel, new Object[] { null })), load(sysexec(com.leekwars.generator.FightFunctions.getLevel, 1)), load(sysexec(com.leekwars.generator.FightFunctions.getLevel, -1)), load(sysexec(com.leekwars.generator.FightFunctions.getFrequency, new Object[] { null })), load(sysexec(com.leekwars.generator.FightFunctions.getFrequency, 1)), load(sysexec(com.leekwars.generator.FightFunctions.getFrequency, -1)), load(sysexec(com.leekwars.generator.FightFunctions.getLeekID, new Object[] { null })), load(sysexec(com.leekwars.generator.FightFunctions.getLeekID, 1)), load(sysexec(com.leekwars.generator.FightFunctions.getLeekID, -1)), load(sysexec(com.leekwars.generator.FightFunctions.getTeamName, new Object[] { null })), load(sysexec(com.leekwars.generator.FightFunctions.getTeamName, 1)), load(sysexec(com.leekwars.generator.FightFunctions.getTeamName, -1)), load(sysexec(com.leekwars.generator.FightFunctions.getFarmerName, new Object[] { null })), load(sysexec(com.leekwars.generator.FightFunctions.getFarmerName, 1)), load(sysexec(com.leekwars.generator.FightFunctions.getFarmerName, -1)), load(sysexec(com.leekwars.generator.FightFunctions.getTeamID, new Object[] { null })), load(sysexec(com.leekwars.generator.FightFunctions.getTeamID, 1)), load(sysexec(com.leekwars.generator.FightFunctions.getTeamID, -1)), load(sysexec(com.leekwars.generator.FightFunctions.getFarmerID, new Object[] { null })), load(sysexec(com.leekwars.generator.FightFunctions.getFarmerID, 1)), load(sysexec(com.leekwars.generator.FightFunctions.getFarmerID, -1)), load(sysexec(com.leekwars.generator.FightFunctions.getAIName, new Object[] { null })), load(sysexec(com.leekwars.generator.FightFunctions.getAIName, 1)), load(sysexec(com.leekwars.generator.FightFunctions.getAIName, -1)), load(sysexec(com.leekwars.generator.FightFunctions.getAIID, -1)) }, false), 24);&#13;&#10;                                                                                                                                                                                                                                                                                                                                                                                                                                                                                                                                                                                                                                                                                                                                                                                                                                                                                                                                                                                                                                                                                                                                                                                                                                                                                                                                                                                                                                                                                                                                                                                                          ^&#13;&#10;AI_10.java:12: error: package com.leekwars.generator does not exist&#13;&#10;return ops(new ArrayLeekValue(AI_10.this, new Object[] { load(sysexec(com.leekwars.generator.FightFunctions.getForce, new Object[] { null })), load(sysexec(com.leekwars.generator.FightFunctions.getForce, 1)), load(sysexec(com.leekwars.generator.FightFunctions.getForce, -1)), load(sysexec(com.leekwars.generator.FightFunctions.getAgility, new Object[] { null })), load(sysexec(com.leekwars.generator.FightFunctions.getAgility, 1)), load(sysexec(com.leekwars.generator.FightFunctions.getAgility, -1)), load(sysexec(com.leekwars.generator.FightFunctions.getLife, new Object[] { null })), load(sysexec(com.leekwars.generator.FightFunctions.getLife, 1)), load(sysexec(com.leekwars.generator.FightFunctions.getLife, -1)), load(sysexec(com.leekwars.generator.FightFunctions.getCell, new Object[] { null })), load(sysexec(com.leekwars.generator.FightFunctions.getCell, 1)), load(sysexec(com.leekwars.generator.FightFunctions.getCell, -1)), load(sysexec(com.leekwars.generator.FightFunctions.getWeapon, new Object[] { null })), load(sysexec(com.leekwars.generator.FightFunctions.getWeapon, 1)), load(sysexec(com.leekwars.generator.FightFunctions.getWeapon, -1)), load(sysexec(com.leekwars.generator.FightFunctions.getMP, new Object[] { null })), load(sysexec(com.leekwars.generator.FightFunctions.getMP, 1)), load(sysexec(com.leekwars.generator.FightFunctions.getMP, -1)), load(sysexec(com.leekwars.generator.FightFunctions.getTP, new Object[] { null })), load(sysexec(com.leekwars.generator.FightFunctions.getTP, 1)), load(sysexec(com.leekwars.generator.FightFunctions.getTP, -1)), load(sysexec(com.leekwars.generator.FightFunctions.getTotalLife, new Object[] { null })), load(sysexec(com.leekwars.generator.FightFunctions.getTotalLife, 1)), load(sysexec(com.leekwars.generator.FightFunctions.getTotalLife, -1)), load(sysexec(com.leekwars.generator.FightFunctions.isEnemy, 0)), load(sysexec(com.leekwars.generator.FightFunctions.isEnemy, 1)), load(sysexec(com.leekwars.generator.FightFunctions.isEnemy, -1)), load(sysexec(com.leekwars.generator.FightFunctions.isAlly, 0)), load(sysexec(com.leekwars.generator.FightFunctions.isAlly, 1)), load(sysexec(com.leekwars.generator.FightFunctions.isAlly, -1)), load(sysexec(com.leekwars.generator.FightFunctions.isDead, 0)), load(sysexec(com.leekwars.generator.FightFunctions.isDead, 1)), load(sysexec(com.leekwars.generator.FightFunctions.isDead, -1)), load(sysexec(com.leekwars.generator.FightFunctions.isAlive, 0)), load(sysexec(com.leekwars.generator.FightFunctions.isAlive, 1)), load(sysexec(com.leekwars.generator.FightFunctions.isAlive, -1)), load(sysexec(com.leekwars.generator.FightFunctions.getLeek)), load(sysexec(LeekFunctions.string, load(sysexec(com.leekwars.generator.FightFunctions.getChips, new Object[] { null })))), load(sysexec(LeekFunctions.string, load(sysexec(com.leekwars.generator.FightFunctions.getChips, 1)))), load(sysexec(com.leekwars.generator.FightFunctions.getChips, -1)), load(sysexec(com.leekwars.generator.FightFunctions.getAbsoluteShield, new Object[] { null })), load(sysexec(com.leekwars.generator.FightFunctions.getAbsoluteShield, 1)), load(sysexec(com.leekwars.generator.FightFunctions.getAbsoluteShield, -1)), load(sysexec(com.leekwars.generator.FightFunctions.getRelativeShield, new Object[] { null })), load(sysexec(com.leekwars.generator.FightFunctions.getRelativeShield, 1)), load(sysexec(com.leekwars.generator.FightFunctions.getRelativeShield, -1)), load(sysexec(com.leekwars.generator.FightFunctions.getLevel, new Object[] { null })), load(sysexec(com.leekwars.generator.FightFunctions.getLevel, 1)), load(sysexec(com.leekwars.generator.FightFunctions.getLevel, -1)), load(sysexec(com.leekwars.generator.FightFunctions.getFrequency, new Object[] { null })), load(sysexec(com.leekwars.generator.FightFunctions.getFrequency, 1)), load(sysexec(com.leekwars.generator.FightFunctions.getFrequency, -1)), load(sysexec(com.leekwars.generator.FightFunctions.getLeekID, new Object[] { null })), load(sysexec(com.leekwars.generator.FightFunctions.getLeekID, 1)), load(sysexec(com.leekwars.generator.FightFunctions.getLeekID, -1)), load(sysexec(com.leekwars.generator.FightFunctions.getTeamName, new Object[] { null })), load(sysexec(com.leekwars.generator.FightFunctions.getTeamName, 1)), load(sysexec(com.leekwars.generator.FightFunctions.getTeamName, -1)), load(sysexec(com.leekwars.generator.FightFunctions.getFarmerName, new Object[] { null })), load(sysexec(com.leekwars.generator.FightFunctions.getFarmerName, 1)), load(sysexec(com.leekwars.generator.FightFunctions.getFarmerName, -1)), load(sysexec(com.leekwars.generator.FightFunctions.getTeamID, new Object[] { null })), load(sysexec(com.leekwars.generator.FightFunctions.getTeamID, 1)), load(sysexec(com.leekwars.generator.FightFunctions.getTeamID, -1)), load(sysexec(com.leekwars.generator.FightFunctions.getFarmerID, new Object[] { null })), load(sysexec(com.leekwars.generator.FightFunctions.getFarmerID, 1)), load(sysexec(com.leekwars.generator.FightFunctions.getFarmerID, -1)), load(sysexec(com.leekwars.generator.FightFunctions.getAIName, new Object[] { null })), load(sysexec(com.leekwars.generator.FightFunctions.getAIName, 1)), load(sysexec(com.leekwars.generator.FightFunctions.getAIName, -1)), load(sysexec(com.leekwars.generator.FightFunctions.getAIID, -1)) }, false), 24);&#13;&#10;                                                                                                                                                                                                                                                                                                                                                                                                                                                                                                                                                                                                                                                                                                                                                                                                                                                                                                                                                                                                                                                                                                                                                                                                                                                                                                                                                                                                                                                                                                                                                                                                                                                                          ^&#13;&#10;AI_10.java:12: error: package com.leekwars.generator does not exist&#13;&#10;return ops(new ArrayLeekValue(AI_10.this, new Object[] { load(sysexec(com.leekwars.generator.FightFunctions.getForce, new Object[] { null })), load(sysexec(com.leekwars.generator.FightFunctions.getForce, 1)), load(sysexec(com.leekwars.generator.FightFunctions.getForce, -1)), load(sysexec(com.leekwars.generator.FightFunctions.getAgility, new Object[] { null })), load(sysexec(com.leekwars.generator.FightFunctions.getAgility, 1)), load(sysexec(com.leekwars.generator.FightFunctions.getAgility, -1)), load(sysexec(com.leekwars.generator.FightFunctions.getLife, new Object[] { null })), load(sysexec(com.leekwars.generator.FightFunctions.getLife, 1)), load(sysexec(com.leekwars.generator.FightFunctions.getLife, -1)), load(sysexec(com.leekwars.generator.FightFunctions.getCell, new Object[] { null })), load(sysexec(com.leekwars.generator.FightFunctions.getCell, 1)), load(sysexec(com.leekwars.generator.FightFunctions.getCell, -1)), load(sysexec(com.leekwars.generator.FightFunctions.getWeapon, new Object[] { null })), load(sysexec(com.leekwars.generator.FightFunctions.getWeapon, 1)), load(sysexec(com.leekwars.generator.FightFunctions.getWeapon, -1)), load(sysexec(com.leekwars.generator.FightFunctions.getMP, new Object[] { null })), load(sysexec(com.leekwars.generator.FightFunctions.getMP, 1)), load(sysexec(com.leekwars.generator.FightFunctions.getMP, -1)), load(sysexec(com.leekwars.generator.FightFunctions.getTP, new Object[] { null })), load(sysexec(com.leekwars.generator.FightFunctions.getTP, 1)), load(sysexec(com.leekwars.generator.FightFunctions.getTP, -1)), load(sysexec(com.leekwars.generator.FightFunctions.getTotalLife, new Object[] { null })), load(sysexec(com.leekwars.generator.FightFunctions.getTotalLife, 1)), load(sysexec(com.leekwars.generator.FightFunctions.getTotalLife, -1)), load(sysexec(com.leekwars.generator.FightFunctions.isEnemy, 0)), load(sysexec(com.leekwars.generator.FightFunctions.isEnemy, 1)), load(sysexec(com.leekwars.generator.FightFunctions.isEnemy, -1)), load(sysexec(com.leekwars.generator.FightFunctions.isAlly, 0)), load(sysexec(com.leekwars.generator.FightFunctions.isAlly, 1)), load(sysexec(com.leekwars.generator.FightFunctions.isAlly, -1)), load(sysexec(com.leekwars.generator.FightFunctions.isDead, 0)), load(sysexec(com.leekwars.generator.FightFunctions.isDead, 1)), load(sysexec(com.leekwars.generator.FightFunctions.isDead, -1)), load(sysexec(com.leekwars.generator.FightFunctions.isAlive, 0)), load(sysexec(com.leekwars.generator.FightFunctions.isAlive, 1)), load(sysexec(com.leekwars.generator.FightFunctions.isAlive, -1)), load(sysexec(com.leekwars.generator.FightFunctions.getLeek)), load(sysexec(LeekFunctions.string, load(sysexec(com.leekwars.generator.FightFunctions.getChips, new Object[] { null })))), load(sysexec(LeekFunctions.string, load(sysexec(com.leekwars.generator.FightFunctions.getChips, 1)))), load(sysexec(com.leekwars.generator.FightFunctions.getChips, -1)), load(sysexec(com.leekwars.generator.FightFunctions.getAbsoluteShield, new Object[] { null })), load(sysexec(com.leekwars.generator.FightFunctions.getAbsoluteShield, 1)), load(sysexec(com.leekwars.generator.FightFunctions.getAbsoluteShield, -1)), load(sysexec(com.leekwars.generator.FightFunctions.getRelativeShield, new Object[] { null })), load(sysexec(com.leekwars.generator.FightFunctions.getRelativeShield, 1)), load(sysexec(com.leekwars.generator.FightFunctions.getRelativeShield, -1)), load(sysexec(com.leekwars.generator.FightFunctions.getLevel, new Object[] { null })), load(sysexec(com.leekwars.generator.FightFunctions.getLevel, 1)), load(sysexec(com.leekwars.generator.FightFunctions.getLevel, -1)), load(sysexec(com.leekwars.generator.FightFunctions.getFrequency, new Object[] { null })), load(sysexec(com.leekwars.generator.FightFunctions.getFrequency, 1)), load(sysexec(com.leekwars.generator.FightFunctions.getFrequency, -1)), load(sysexec(com.leekwars.generator.FightFunctions.getLeekID, new Object[] { null })), load(sysexec(com.leekwars.generator.FightFunctions.getLeekID, 1)), load(sysexec(com.leekwars.generator.FightFunctions.getLeekID, -1)), load(sysexec(com.leekwars.generator.FightFunctions.getTeamName, new Object[] { null })), load(sysexec(com.leekwars.generator.FightFunctions.getTeamName, 1)), load(sysexec(com.leekwars.generator.FightFunctions.getTeamName, -1)), load(sysexec(com.leekwars.generator.FightFunctions.getFarmerName, new Object[] { null })), load(sysexec(com.leekwars.generator.FightFunctions.getFarmerName, 1)), load(sysexec(com.leekwars.generator.FightFunctions.getFarmerName, -1)), load(sysexec(com.leekwars.generator.FightFunctions.getTeamID, new Object[] { null })), load(sysexec(com.leekwars.generator.FightFunctions.getTeamID, 1)), load(sysexec(com.leekwars.generator.FightFunctions.getTeamID, -1)), load(sysexec(com.leekwars.generator.FightFunctions.getFarmerID, new Object[] { null })), load(sysexec(com.leekwars.generator.FightFunctions.getFarmerID, 1)), load(sysexec(com.leekwars.generator.FightFunctions.getFarmerID, -1)), load(sysexec(com.leekwars.generator.FightFunctions.getAIName, new Object[] { null })), load(sysexec(com.leekwars.generator.FightFunctions.getAIName, 1)), load(sysexec(com.leekwars.generator.FightFunctions.getAIName, -1)), load(sysexec(com.leekwars.generator.FightFunctions.getAIID, -1)) }, false), 24);&#13;&#10;                                                                                                                                                                                                                                                                                                                                                                                                                                                                                                                                                                                                                                                                                                                                                                                                                                                                                                                                                                                                                                                                                                                                                                                                                                                                                                                                                                                                                                                                                                                                                                                                                                                                                                                                                                    ^&#13;&#10;AI_10.java:12: error: package com.leekwars.generator does not exist&#13;&#10;return ops(new ArrayLeekValue(AI_10.this, new Object[] { load(sysexec(com.leekwars.generator.FightFunctions.getForce, new Object[] { null })), load(sysexec(com.leekwars.generator.FightFunctions.getForce, 1)), load(sysexec(com.leekwars.generator.FightFunctions.getForce, -1)), load(sysexec(com.leekwars.generator.FightFunctions.getAgility, new Object[] { null })), load(sysexec(com.leekwars.generator.FightFunctions.getAgility, 1)), load(sysexec(com.leekwars.generator.FightFunctions.getAgility, -1)), load(sysexec(com.leekwars.generator.FightFunctions.getLife, new Object[] { null })), load(sysexec(com.leekwars.generator.FightFunctions.getLife, 1)), load(sysexec(com.leekwars.generator.FightFunctions.getLife, -1)), load(sysexec(com.leekwars.generator.FightFunctions.getCell, new Object[] { null })), load(sysexec(com.leekwars.generator.FightFunctions.getCell, 1)), load(sysexec(com.leekwars.generator.FightFunctions.getCell, -1)), load(sysexec(com.leekwars.generator.FightFunctions.getWeapon, new Object[] { null })), load(sysexec(com.leekwars.generator.FightFunctions.getWeapon, 1)), load(sysexec(com.leekwars.generator.FightFunctions.getWeapon, -1)), load(sysexec(com.leekwars.generator.FightFunctions.getMP, new Object[] { null })), load(sysexec(com.leekwars.generator.FightFunctions.getMP, 1)), load(sysexec(com.leekwars.generator.FightFunctions.getMP, -1)), load(sysexec(com.leekwars.generator.FightFunctions.getTP, new Object[] { null })), load(sysexec(com.leekwars.generator.FightFunctions.getTP, 1)), load(sysexec(com.leekwars.generator.FightFunctions.getTP, -1)), load(sysexec(com.leekwars.generator.FightFunctions.getTotalLife, new Object[] { null })), load(sysexec(com.leekwars.generator.FightFunctions.getTotalLife, 1)), load(sysexec(com.leekwars.generator.FightFunctions.getTotalLife, -1)), load(sysexec(com.leekwars.generator.FightFunctions.isEnemy, 0)), load(sysexec(com.leekwars.generator.FightFunctions.isEnemy, 1)), load(sysexec(com.leekwars.generator.FightFunctions.isEnemy, -1)), load(sysexec(com.leekwars.generator.FightFunctions.isAlly, 0)), load(sysexec(com.leekwars.generator.FightFunctions.isAlly, 1)), load(sysexec(com.leekwars.generator.FightFunctions.isAlly, -1)), load(sysexec(com.leekwars.generator.FightFunctions.isDead, 0)), load(sysexec(com.leekwars.generator.FightFunctions.isDead, 1)), load(sysexec(com.leekwars.generator.FightFunctions.isDead, -1)), load(sysexec(com.leekwars.generator.FightFunctions.isAlive, 0)), load(sysexec(com.leekwars.generator.FightFunctions.isAlive, 1)), load(sysexec(com.leekwars.generator.FightFunctions.isAlive, -1)), load(sysexec(com.leekwars.generator.FightFunctions.getLeek)), load(sysexec(LeekFunctions.string, load(sysexec(com.leekwars.generator.FightFunctions.getChips, new Object[] { null })))), load(sysexec(LeekFunctions.string, load(sysexec(com.leekwars.generator.FightFunctions.getChips, 1)))), load(sysexec(com.leekwars.generator.FightFunctions.getChips, -1)), load(sysexec(com.leekwars.generator.FightFunctions.getAbsoluteShield, new Object[] { null })), load(sysexec(com.leekwars.generator.FightFunctions.getAbsoluteShield, 1)), load(sysexec(com.leekwars.generator.FightFunctions.getAbsoluteShield, -1)), load(sysexec(com.leekwars.generator.FightFunctions.getRelativeShield, new Object[] { null })), load(sysexec(com.leekwars.generator.FightFunctions.getRelativeShield, 1)), load(sysexec(com.leekwars.generator.FightFunctions.getRelativeShield, -1)), load(sysexec(com.leekwars.generator.FightFunctions.getLevel, new Object[] { null })), load(sysexec(com.leekwars.generator.FightFunctions.getLevel, 1)), load(sysexec(com.leekwars.generator.FightFunctions.getLevel, -1)), load(sysexec(com.leekwars.generator.FightFunctions.getFrequency, new Object[] { null })), load(sysexec(com.leekwars.generator.FightFunctions.getFrequency, 1)), load(sysexec(com.leekwars.generator.FightFunctions.getFrequency, -1)), load(sysexec(com.leekwars.generator.FightFunctions.getLeekID, new Object[] { null })), load(sysexec(com.leekwars.generator.FightFunctions.getLeekID, 1)), load(sysexec(com.leekwars.generator.FightFunctions.getLeekID, -1)), load(sysexec(com.leekwars.generator.FightFunctions.getTeamName, new Object[] { null })), load(sysexec(com.leekwars.generator.FightFunctions.getTeamName, 1)), load(sysexec(com.leekwars.generator.FightFunctions.getTeamName, -1)), load(sysexec(com.leekwars.generator.FightFunctions.getFarmerName, new Object[] { null })), load(sysexec(com.leekwars.generator.FightFunctions.getFarmerName, 1)), load(sysexec(com.leekwars.generator.FightFunctions.getFarmerName, -1)), load(sysexec(com.leekwars.generator.FightFunctions.getTeamID, new Object[] { null })), load(sysexec(com.leekwars.generator.FightFunctions.getTeamID, 1)), load(sysexec(com.leekwars.generator.FightFunctions.getTeamID, -1)), load(sysexec(com.leekwars.generator.FightFunctions.getFarmerID, new Object[] { null })), load(sysexec(com.leekwars.generator.FightFunctions.getFarmerID, 1)), load(sysexec(com.leekwars.generator.FightFunctions.getFarmerID, -1)), load(sysexec(com.leekwars.generator.FightFunctions.getAIName, new Object[] { null })), load(sysexec(com.leekwars.generator.FightFunctions.getAIName, 1)), load(sysexec(com.leekwars.generator.FightFunctions.getAIName, -1)), load(sysexec(com.leekwars.generator.FightFunctions.getAIID, -1)) }, false), 24);&#13;&#10;                                                                                                                                                                                                                                                                                                                                                                                                                                                                                                                                                                                                                                                                                                                                                                                                                                                                                                                                                                                                                                                                                                                                                                                                                                                                                                                                                                                                                                                                                                                                                                                                                                                                                                                                                                                                                                          ^&#13;&#10;AI_10.java:12: error: package com.leekwars.generator does not exist&#13;&#10;return ops(new ArrayLeekValue(AI_10.this, new Object[] { load(sysexec(com.leekwars.generator.FightFunctions.getForce, new Object[] { null })), load(sysexec(com.leekwars.generator.FightFunctions.getForce, 1)), load(sysexec(com.leekwars.generator.FightFunctions.getForce, -1)), load(sysexec(com.leekwars.generator.FightFunctions.getAgility, new Object[] { null })), load(sysexec(com.leekwars.generator.FightFunctions.getAgility, 1)), load(sysexec(com.leekwars.generator.FightFunctions.getAgility, -1)), load(sysexec(com.leekwars.generator.FightFunctions.getLife, new Object[] { null })), load(sysexec(com.leekwars.generator.FightFunctions.getLife, 1)), load(sysexec(com.leekwars.generator.FightFunctions.getLife, -1)), load(sysexec(com.leekwars.generator.FightFunctions.getCell, new Object[] { null })), load(sysexec(com.leekwars.generator.FightFunctions.getCell, 1)), load(sysexec(com.leekwars.generator.FightFunctions.getCell, -1)), load(sysexec(com.leekwars.generator.FightFunctions.getWeapon, new Object[] { null })), load(sysexec(com.leekwars.generator.FightFunctions.getWeapon, 1)), load(sysexec(com.leekwars.generator.FightFunctions.getWeapon, -1)), load(sysexec(com.leekwars.generator.FightFunctions.getMP, new Object[] { null })), load(sysexec(com.leekwars.generator.FightFunctions.getMP, 1)), load(sysexec(com.leekwars.generator.FightFunctions.getMP, -1)), load(sysexec(com.leekwars.generator.FightFunctions.getTP, new Object[] { null })), load(sysexec(com.leekwars.generator.FightFunctions.getTP, 1)), load(sysexec(com.leekwars.generator.FightFunctions.getTP, -1)), load(sysexec(com.leekwars.generator.FightFunctions.getTotalLife, new Object[] { null })), load(sysexec(com.leekwars.generator.FightFunctions.getTotalLife, 1)), load(sysexec(com.leekwars.generator.FightFunctions.getTotalLife, -1)), load(sysexec(com.leekwars.generator.FightFunctions.isEnemy, 0)), load(sysexec(com.leekwars.generator.FightFunctions.isEnemy, 1)), load(sysexec(com.leekwars.generator.FightFunctions.isEnemy, -1)), load(sysexec(com.leekwars.generator.FightFunctions.isAlly, 0)), load(sysexec(com.leekwars.generator.FightFunctions.isAlly, 1)), load(sysexec(com.leekwars.generator.FightFunctions.isAlly, -1)), load(sysexec(com.leekwars.generator.FightFunctions.isDead, 0)), load(sysexec(com.leekwars.generator.FightFunctions.isDead, 1)), load(sysexec(com.leekwars.generator.FightFunctions.isDead, -1)), load(sysexec(com.leekwars.generator.FightFunctions.isAlive, 0)), load(sysexec(com.leekwars.generator.FightFunctions.isAlive, 1)), load(sysexec(com.leekwars.generator.FightFunctions.isAlive, -1)), load(sysexec(com.leekwars.generator.FightFunctions.getLeek)), load(sysexec(LeekFunctions.string, load(sysexec(com.leekwars.generator.FightFunctions.getChips, new Object[] { null })))), load(sysexec(LeekFunctions.string, load(sysexec(com.leekwars.generator.FightFunctions.getChips, 1)))), load(sysexec(com.leekwars.generator.FightFunctions.getChips, -1)), load(sysexec(com.leekwars.generator.FightFunctions.getAbsoluteShield, new Object[] { null })), load(sysexec(com.leekwars.generator.FightFunctions.getAbsoluteShield, 1)), load(sysexec(com.leekwars.generator.FightFunctions.getAbsoluteShield, -1)), load(sysexec(com.leekwars.generator.FightFunctions.getRelativeShield, new Object[] { null })), load(sysexec(com.leekwars.generator.FightFunctions.getRelativeShield, 1)), load(sysexec(com.leekwars.generator.FightFunctions.getRelativeShield, -1)), load(sysexec(com.leekwars.generator.FightFunctions.getLevel, new Object[] { null })), load(sysexec(com.leekwars.generator.FightFunctions.getLevel, 1)), load(sysexec(com.leekwars.generator.FightFunctions.getLevel, -1)), load(sysexec(com.leekwars.generator.FightFunctions.getFrequency, new Object[] { null })), load(sysexec(com.leekwars.generator.FightFunctions.getFrequency, 1)), load(sysexec(com.leekwars.generator.FightFunctions.getFrequency, -1)), load(sysexec(com.leekwars.generator.FightFunctions.getLeekID, new Object[] { null })), load(sysexec(com.leekwars.generator.FightFunctions.getLeekID, 1)), load(sysexec(com.leekwars.generator.FightFunctions.getLeekID, -1)), load(sysexec(com.leekwars.generator.FightFunctions.getTeamName, new Object[] { null })), load(sysexec(com.leekwars.generator.FightFunctions.getTeamName, 1)), load(sysexec(com.leekwars.generator.FightFunctions.getTeamName, -1)), load(sysexec(com.leekwars.generator.FightFunctions.getFarmerName, new Object[] { null })), load(sysexec(com.leekwars.generator.FightFunctions.getFarmerName, 1)), load(sysexec(com.leekwars.generator.FightFunctions.getFarmerName, -1)), load(sysexec(com.leekwars.generator.FightFunctions.getTeamID, new Object[] { null })), load(sysexec(com.leekwars.generator.FightFunctions.getTeamID, 1)), load(sysexec(com.leekwars.generator.FightFunctions.getTeamID, -1)), load(sysexec(com.leekwars.generator.FightFunctions.getFarmerID, new Object[] { null })), load(sysexec(com.leekwars.generator.FightFunctions.getFarmerID, 1)), load(sysexec(com.leekwars.generator.FightFunctions.getFarmerID, -1)), load(sysexec(com.leekwars.generator.FightFunctions.getAIName, new Object[] { null })), load(sysexec(com.leekwars.generator.FightFunctions.getAIName, 1)), load(sysexec(com.leekwars.generator.FightFunctions.getAIName, -1)), load(sysexec(com.leekwars.generator.FightFunctions.getAIID, -1)) }, false), 24);&#13;&#10;                                                                                                                                                                                                                                                                                                                                                                                                                                                                                                                                                                                                                                                                                                                                                                                                                                                                                                                                                                                                                                                                                                                                                                                                                                                                                                                                                                                                                                                                                                                                                                                                                                                                                                                                                                                                                                                                                                                 ^&#13;&#10;AI_10.java:12: error: package com.leekwars.generator does not exist&#13;&#10;return ops(new ArrayLeekValue(AI_10.this, new Object[] { load(sysexec(com.leekwars.generator.FightFunctions.getForce, new Object[] { null })), load(sysexec(com.leekwars.generator.FightFunctions.getForce, 1)), load(sysexec(com.leekwars.generator.FightFunctions.getForce, -1)), load(sysexec(com.leekwars.generator.FightFunctions.getAgility, new Object[] { null })), load(sysexec(com.leekwars.generator.FightFunctions.getAgility, 1)), load(sysexec(com.leekwars.generator.FightFunctions.getAgility, -1)), load(sysexec(com.leekwars.generator.FightFunctions.getLife, new Object[] { null })), load(sysexec(com.leekwars.generator.FightFunctions.getLife, 1)), load(sysexec(com.leekwars.generator.FightFunctions.getLife, -1)), load(sysexec(com.leekwars.generator.FightFunctions.getCell, new Object[] { null })), load(sysexec(com.leekwars.generator.FightFunctions.getCell, 1)), load(sysexec(com.leekwars.generator.FightFunctions.getCell, -1)), load(sysexec(com.leekwars.generator.FightFunctions.getWeapon, new Object[] { null })), load(sysexec(com.leekwars.generator.FightFunctions.getWeapon, 1)), load(sysexec(com.leekwars.generator.FightFunctions.getWeapon, -1)), load(sysexec(com.leekwars.generator.FightFunctions.getMP, new Object[] { null })), load(sysexec(com.leekwars.generator.FightFunctions.getMP, 1)), load(sysexec(com.leekwars.generator.FightFunctions.getMP, -1)), load(sysexec(com.leekwars.generator.FightFunctions.getTP, new Object[] { null })), load(sysexec(com.leekwars.generator.FightFunctions.getTP, 1)), load(sysexec(com.leekwars.generator.FightFunctions.getTP, -1)), load(sysexec(com.leekwars.generator.FightFunctions.getTotalLife, new Object[] { null })), load(sysexec(com.leekwars.generator.FightFunctions.getTotalLife, 1)), load(sysexec(com.leekwars.generator.FightFunctions.getTotalLife, -1)), load(sysexec(com.leekwars.generator.FightFunctions.isEnemy, 0)), load(sysexec(com.leekwars.generator.FightFunctions.isEnemy, 1)), load(sysexec(com.leekwars.generator.FightFunctions.isEnemy, -1)), load(sysexec(com.leekwars.generator.FightFunctions.isAlly, 0)), load(sysexec(com.leekwars.generator.FightFunctions.isAlly, 1)), load(sysexec(com.leekwars.generator.FightFunctions.isAlly, -1)), load(sysexec(com.leekwars.generator.FightFunctions.isDead, 0)), load(sysexec(com.leekwars.generator.FightFunctions.isDead, 1)), load(sysexec(com.leekwars.generator.FightFunctions.isDead, -1)), load(sysexec(com.leekwars.generator.FightFunctions.isAlive, 0)), load(sysexec(com.leekwars.generator.FightFunctions.isAlive, 1)), load(sysexec(com.leekwars.generator.FightFunctions.isAlive, -1)), load(sysexec(com.leekwars.generator.FightFunctions.getLeek)), load(sysexec(LeekFunctions.string, load(sysexec(com.leekwars.generator.FightFunctions.getChips, new Object[] { null })))), load(sysexec(LeekFunctions.string, load(sysexec(com.leekwars.generator.FightFunctions.getChips, 1)))), load(sysexec(com.leekwars.generator.FightFunctions.getChips, -1)), load(sysexec(com.leekwars.generator.FightFunctions.getAbsoluteShield, new Object[] { null })), load(sysexec(com.leekwars.generator.FightFunctions.getAbsoluteShield, 1)), load(sysexec(com.leekwars.generator.FightFunctions.getAbsoluteShield, -1)), load(sysexec(com.leekwars.generator.FightFunctions.getRelativeShield, new Object[] { null })), load(sysexec(com.leekwars.generator.FightFunctions.getRelativeShield, 1)), load(sysexec(com.leekwars.generator.FightFunctions.getRelativeShield, -1)), load(sysexec(com.leekwars.generator.FightFunctions.getLevel, new Object[] { null })), load(sysexec(com.leekwars.generator.FightFunctions.getLevel, 1)), load(sysexec(com.leekwars.generator.FightFunctions.getLevel, -1)), load(sysexec(com.leekwars.generator.FightFunctions.getFrequency, new Object[] { null })), load(sysexec(com.leekwars.generator.FightFunctions.getFrequency, 1)), load(sysexec(com.leekwars.generator.FightFunctions.getFrequency, -1)), load(sysexec(com.leekwars.generator.FightFunctions.getLeekID, new Object[] { null })), load(sysexec(com.leekwars.generator.FightFunctions.getLeekID, 1)), load(sysexec(com.leekwars.generator.FightFunctions.getLeekID, -1)), load(sysexec(com.leekwars.generator.FightFunctions.getTeamName, new Object[] { null })), load(sysexec(com.leekwars.generator.FightFunctions.getTeamName, 1)), load(sysexec(com.leekwars.generator.FightFunctions.getTeamName, -1)), load(sysexec(com.leekwars.generator.FightFunctions.getFarmerName, new Object[] { null })), load(sysexec(com.leekwars.generator.FightFunctions.getFarmerName, 1)), load(sysexec(com.leekwars.generator.FightFunctions.getFarmerName, -1)), load(sysexec(com.leekwars.generator.FightFunctions.getTeamID, new Object[] { null })), load(sysexec(com.leekwars.generator.FightFunctions.getTeamID, 1)), load(sysexec(com.leekwars.generator.FightFunctions.getTeamID, -1)), load(sysexec(com.leekwars.generator.FightFunctions.getFarmerID, new Object[] { null })), load(sysexec(com.leekwars.generator.FightFunctions.getFarmerID, 1)), load(sysexec(com.leekwars.generator.FightFunctions.getFarmerID, -1)), load(sysexec(com.leekwars.generator.FightFunctions.getAIName, new Object[] { null })), load(sysexec(com.leekwars.generator.FightFunctions.getAIName, 1)), load(sysexec(com.leekwars.generator.FightFunctions.getAIName, -1)), load(sysexec(com.leekwars.generator.FightFunctions.getAIID, -1)) }, false), 24);&#13;&#10;                                                                                                                                                                                                                                                                                                                                                                                                                                                                                                                                                                                                                                                                                                                                                                                                                                                                                                                                                                                                                                                                                                                                                                                                                                                                                                                                                                                                                                                                                                                                                                                                                                                                                                                                                                                                                                                                                                                                                                                  ^&#13;&#10;AI_10.java:12: error: package com.leekwars.generator does not exist&#13;&#10;return ops(new ArrayLeekValue(AI_10.this, new Object[] { load(sysexec(com.leekwars.generator.FightFunctions.getForce, new Object[] { null })), load(sysexec(com.leekwars.generator.FightFunctions.getForce, 1)), load(sysexec(com.leekwars.generator.FightFunctions.getForce, -1)), load(sysexec(com.leekwars.generator.FightFunctions.getAgility, new Object[] { null })), load(sysexec(com.leekwars.generator.FightFunctions.getAgility, 1)), load(sysexec(com.leekwars.generator.FightFunctions.getAgility, -1)), load(sysexec(com.leekwars.generator.FightFunctions.getLife, new Object[] { null })), load(sysexec(com.leekwars.generator.FightFunctions.getLife, 1)), load(sysexec(com.leekwars.generator.FightFunctions.getLife, -1)), load(sysexec(com.leekwars.generator.FightFunctions.getCell, new Object[] { null })), load(sysexec(com.leekwars.generator.FightFunctions.getCell, 1)), load(sysexec(com.leekwars.generator.FightFunctions.getCell, -1)), load(sysexec(com.leekwars.generator.FightFunctions.getWeapon, new Object[] { null })), load(sysexec(com.leekwars.generator.FightFunctions.getWeapon, 1)), load(sysexec(com.leekwars.generator.FightFunctions.getWeapon, -1)), load(sysexec(com.leekwars.generator.FightFunctions.getMP, new Object[] { null })), load(sysexec(com.leekwars.generator.FightFunctions.getMP, 1)), load(sysexec(com.leekwars.generator.FightFunctions.getMP, -1)), load(sysexec(com.leekwars.generator.FightFunctions.getTP, new Object[] { null })), load(sysexec(com.leekwars.generator.FightFunctions.getTP, 1)), load(sysexec(com.leekwars.generator.FightFunctions.getTP, -1)), load(sysexec(com.leekwars.generator.FightFunctions.getTotalLife, new Object[] { null })), load(sysexec(com.leekwars.generator.FightFunctions.getTotalLife, 1)), load(sysexec(com.leekwars.generator.FightFunctions.getTotalLife, -1)), load(sysexec(com.leekwars.generator.FightFunctions.isEnemy, 0)), load(sysexec(com.leekwars.generator.FightFunctions.isEnemy, 1)), load(sysexec(com.leekwars.generator.FightFunctions.isEnemy, -1)), load(sysexec(com.leekwars.generator.FightFunctions.isAlly, 0)), load(sysexec(com.leekwars.generator.FightFunctions.isAlly, 1)), load(sysexec(com.leekwars.generator.FightFunctions.isAlly, -1)), load(sysexec(com.leekwars.generator.FightFunctions.isDead, 0)), load(sysexec(com.leekwars.generator.FightFunctions.isDead, 1)), load(sysexec(com.leekwars.generator.FightFunctions.isDead, -1)), load(sysexec(com.leekwars.generator.FightFunctions.isAlive, 0)), load(sysexec(com.leekwars.generator.FightFunctions.isAlive, 1)), load(sysexec(com.leekwars.generator.FightFunctions.isAlive, -1)), load(sysexec(com.leekwars.generator.FightFunctions.getLeek)), load(sysexec(LeekFunctions.string, load(sysexec(com.leekwars.generator.FightFunctions.getChips, new Object[] { null })))), load(sysexec(LeekFunctions.string, load(sysexec(com.leekwars.generator.FightFunctions.getChips, 1)))), load(sysexec(com.leekwars.generator.FightFunctions.getChips, -1)), load(sysexec(com.leekwars.generator.FightFunctions.getAbsoluteShield, new Object[] { null })), load(sysexec(com.leekwars.generator.FightFunctions.getAbsoluteShield, 1)), load(sysexec(com.leekwars.generator.FightFunctions.getAbsoluteShield, -1)), load(sysexec(com.leekwars.generator.FightFunctions.getRelativeShield, new Object[] { null })), load(sysexec(com.leekwars.generator.FightFunctions.getRelativeShield, 1)), load(sysexec(com.leekwars.generator.FightFunctions.getRelativeShield, -1)), load(sysexec(com.leekwars.generator.FightFunctions.getLevel, new Object[] { null })), load(sysexec(com.leekwars.generator.FightFunctions.getLevel, 1)), load(sysexec(com.leekwars.generator.FightFunctions.getLevel, -1)), load(sysexec(com.leekwars.generator.FightFunctions.getFrequency, new Object[] { null })), load(sysexec(com.leekwars.generator.FightFunctions.getFrequency, 1)), load(sysexec(com.leekwars.generator.FightFunctions.getFrequency, -1)), load(sysexec(com.leekwars.generator.FightFunctions.getLeekID, new Object[] { null })), load(sysexec(com.leekwars.generator.FightFunctions.getLeekID, 1)), load(sysexec(com.leekwars.generator.FightFunctions.getLeekID, -1)), load(sysexec(com.leekwars.generator.FightFunctions.getTeamName, new Object[] { null })), load(sysexec(com.leekwars.generator.FightFunctions.getTeamName, 1)), load(sysexec(com.leekwars.generator.FightFunctions.getTeamName, -1)), load(sysexec(com.leekwars.generator.FightFunctions.getFarmerName, new Object[] { null })), load(sysexec(com.leekwars.generator.FightFunctions.getFarmerName, 1)), load(sysexec(com.leekwars.generator.FightFunctions.getFarmerName, -1)), load(sysexec(com.leekwars.generator.FightFunctions.getTeamID, new Object[] { null })), load(sysexec(com.leekwars.generator.FightFunctions.getTeamID, 1)), load(sysexec(com.leekwars.generator.FightFunctions.getTeamID, -1)), load(sysexec(com.leekwars.generator.FightFunctions.getFarmerID, new Object[] { null })), load(sysexec(com.leekwars.generator.FightFunctions.getFarmerID, 1)), load(sysexec(com.leekwars.generator.FightFunctions.getFarmerID, -1)), load(sysexec(com.leekwars.generator.FightFunctions.getAIName, new Object[] { null })), load(sysexec(com.leekwars.generator.FightFunctions.getAIName, 1)), load(sysexec(com.leekwars.generator.FightFunctions.getAIName, -1)), load(sysexec(com.leekwars.generator.FightFunctions.getAIID, -1)) }, false), 24);&#13;&#10;                                                                                                                                                                                                                                                                                                                                                                                                                                                                                                                                                                                                                                                                                                                                                                                                                                                                                                                                                                                                                                                                                                                                                                                                                                                                                                                                                                                                                                                                                                                                                                                                                                                                                                                                                                                                                                                                                                                                                                                                                                                   ^&#13;&#10;AI_10.java:12: error: package com.leekwars.generator does not exist&#13;&#10;return ops(new ArrayLeekValue(AI_10.this, new Object[] { load(sysexec(com.leekwars.generator.FightFunctions.getForce, new Object[] { null })), load(sysexec(com.leekwars.generator.FightFunctions.getForce, 1)), load(sysexec(com.leekwars.generator.FightFunctions.getForce, -1)), load(sysexec(com.leekwars.generator.FightFunctions.getAgility, new Object[] { null })), load(sysexec(com.leekwars.generator.FightFunctions.getAgility, 1)), load(sysexec(com.leekwars.generator.FightFunctions.getAgility, -1)), load(sysexec(com.leekwars.generator.FightFunctions.getLife, new Object[] { null })), load(sysexec(com.leekwars.generator.FightFunctions.getLife, 1)), load(sysexec(com.leekwars.generator.FightFunctions.getLife, -1)), load(sysexec(com.leekwars.generator.FightFunctions.getCell, new Object[] { null })), load(sysexec(com.leekwars.generator.FightFunctions.getCell, 1)), load(sysexec(com.leekwars.generator.FightFunctions.getCell, -1)), load(sysexec(com.leekwars.generator.FightFunctions.getWeapon, new Object[] { null })), load(sysexec(com.leekwars.generator.FightFunctions.getWeapon, 1)), load(sysexec(com.leekwars.generator.FightFunctions.getWeapon, -1)), load(sysexec(com.leekwars.generator.FightFunctions.getMP, new Object[] { null })), load(sysexec(com.leekwars.generator.FightFunctions.getMP, 1)), load(sysexec(com.leekwars.generator.FightFunctions.getMP, -1)), load(sysexec(com.leekwars.generator.FightFunctions.getTP, new Object[] { null })), load(sysexec(com.leekwars.generator.FightFunctions.getTP, 1)), load(sysexec(com.leekwars.generator.FightFunctions.getTP, -1)), load(sysexec(com.leekwars.generator.FightFunctions.getTotalLife, new Object[] { null })), load(sysexec(com.leekwars.generator.FightFunctions.getTotalLife, 1)), load(sysexec(com.leekwars.generator.FightFunctions.getTotalLife, -1)), load(sysexec(com.leekwars.generator.FightFunctions.isEnemy, 0)), load(sysexec(com.leekwars.generator.FightFunctions.isEnemy, 1)), load(sysexec(com.leekwars.generator.FightFunctions.isEnemy, -1)), load(sysexec(com.leekwars.generator.FightFunctions.isAlly, 0)), load(sysexec(com.leekwars.generator.FightFunctions.isAlly, 1)), load(sysexec(com.leekwars.generator.FightFunctions.isAlly, -1)), load(sysexec(com.leekwars.generator.FightFunctions.isDead, 0)), load(sysexec(com.leekwars.generator.FightFunctions.isDead, 1)), load(sysexec(com.leekwars.generator.FightFunctions.isDead, -1)), load(sysexec(com.leekwars.generator.FightFunctions.isAlive, 0)), load(sysexec(com.leekwars.generator.FightFunctions.isAlive, 1)), load(sysexec(com.leekwars.generator.FightFunctions.isAlive, -1)), load(sysexec(com.leekwars.generator.FightFunctions.getLeek)), load(sysexec(LeekFunctions.string, load(sysexec(com.leekwars.generator.FightFunctions.getChips, new Object[] { null })))), load(sysexec(LeekFunctions.string, load(sysexec(com.leekwars.generator.FightFunctions.getChips, 1)))), load(sysexec(com.leekwars.generator.FightFunctions.getChips, -1)), load(sysexec(com.leekwars.generator.FightFunctions.getAbsoluteShield, new Object[] { null })), load(sysexec(com.leekwars.generator.FightFunctions.getAbsoluteShield, 1)), load(sysexec(com.leekwars.generator.FightFunctions.getAbsoluteShield, -1)), load(sysexec(com.leekwars.generator.FightFunctions.getRelativeShield, new Object[] { null })), load(sysexec(com.leekwars.generator.FightFunctions.getRelativeShield, 1)), load(sysexec(com.leekwars.generator.FightFunctions.getRelativeShield, -1)), load(sysexec(com.leekwars.generator.FightFunctions.getLevel, new Object[] { null })), load(sysexec(com.leekwars.generator.FightFunctions.getLevel, 1)), load(sysexec(com.leekwars.generator.FightFunctions.getLevel, -1)), load(sysexec(com.leekwars.generator.FightFunctions.getFrequency, new Object[] { null })), load(sysexec(com.leekwars.generator.FightFunctions.getFrequency, 1)), load(sysexec(com.leekwars.generator.FightFunctions.getFrequency, -1)), load(sysexec(com.leekwars.generator.FightFunctions.getLeekID, new Object[] { null })), load(sysexec(com.leekwars.generator.FightFunctions.getLeekID, 1)), load(sysexec(com.leekwars.generator.FightFunctions.getLeekID, -1)), load(sysexec(com.leekwars.generator.FightFunctions.getTeamName, new Object[] { null })), load(sysexec(com.leekwars.generator.FightFunctions.getTeamName, 1)), load(sysexec(com.leekwars.generator.FightFunctions.getTeamName, -1)), load(sysexec(com.leekwars.generator.FightFunctions.getFarmerName, new Object[] { null })), load(sysexec(com.leekwars.generator.FightFunctions.getFarmerName, 1)), load(sysexec(com.leekwars.generator.FightFunctions.getFarmerName, -1)), load(sysexec(com.leekwars.generator.FightFunctions.getTeamID, new Object[] { null })), load(sysexec(com.leekwars.generator.FightFunctions.getTeamID, 1)), load(sysexec(com.leekwars.generator.FightFunctions.getTeamID, -1)), load(sysexec(com.leekwars.generator.FightFunctions.getFarmerID, new Object[] { null })), load(sysexec(com.leekwars.generator.FightFunctions.getFarmerID, 1)), load(sysexec(com.leekwars.generator.FightFunctions.getFarmerID, -1)), load(sysexec(com.leekwars.generator.FightFunctions.getAIName, new Object[] { null })), load(sysexec(com.leekwars.generator.FightFunctions.getAIName, 1)), load(sysexec(com.leekwars.generator.FightFunctions.getAIName, -1)), load(sysexec(com.leekwars.generator.FightFunctions.getAIID, -1)) }, false), 24);&#13;&#10;                                                                                                                                                                                                                                                                                                                                                                                                                                                                                                                                                                                                                                                                                                                                                                                                                                                                                                                                                                                                                                                                                                                                                                                                                                                                                                                                                                                                                                                                                                                                                                                                                                                                                                                                                                                                                                                                                                                                                                                                                                                                                                                     ^&#13;&#10;AI_10.java:12: error: package com.leekwars.generator does not exist&#13;&#10;return ops(new ArrayLeekValue(AI_10.this, new Object[] { load(sysexec(com.leekwars.generator.FightFunctions.getForce, new Object[] { null })), load(sysexec(com.leekwars.generator.FightFunctions.getForce, 1)), load(sysexec(com.leekwars.generator.FightFunctions.getForce, -1)), load(sysexec(com.leekwars.generator.FightFunctions.getAgility, new Object[] { null })), load(sysexec(com.leekwars.generator.FightFunctions.getAgility, 1)), load(sysexec(com.leekwars.generator.FightFunctions.getAgility, -1)), load(sysexec(com.leekwars.generator.FightFunctions.getLife, new Object[] { null })), load(sysexec(com.leekwars.generator.FightFunctions.getLife, 1)), load(sysexec(com.leekwars.generator.FightFunctions.getLife, -1)), load(sysexec(com.leekwars.generator.FightFunctions.getCell, new Object[] { null })), load(sysexec(com.leekwars.generator.FightFunctions.getCell, 1)), load(sysexec(com.leekwars.generator.FightFunctions.getCell, -1)), load(sysexec(com.leekwars.generator.FightFunctions.getWeapon, new Object[] { null })), load(sysexec(com.leekwars.generator.FightFunctions.getWeapon, 1)), load(sysexec(com.leekwars.generator.FightFunctions.getWeapon, -1)), load(sysexec(com.leekwars.generator.FightFunctions.getMP, new Object[] { null })), load(sysexec(com.leekwars.generator.FightFunctions.getMP, 1)), load(sysexec(com.leekwars.generator.FightFunctions.getMP, -1)), load(sysexec(com.leekwars.generator.FightFunctions.getTP, new Object[] { null })), load(sysexec(com.leekwars.generator.FightFunctions.getTP, 1)), load(sysexec(com.leekwars.generator.FightFunctions.getTP, -1)), load(sysexec(com.leekwars.generator.FightFunctions.getTotalLife, new Object[] { null })), load(sysexec(com.leekwars.generator.FightFunctions.getTotalLife, 1)), load(sysexec(com.leekwars.generator.FightFunctions.getTotalLife, -1)), load(sysexec(com.leekwars.generator.FightFunctions.isEnemy, 0)), load(sysexec(com.leekwars.generator.FightFunctions.isEnemy, 1)), load(sysexec(com.leekwars.generator.FightFunctions.isEnemy, -1)), load(sysexec(com.leekwars.generator.FightFunctions.isAlly, 0)), load(sysexec(com.leekwars.generator.FightFunctions.isAlly, 1)), load(sysexec(com.leekwars.generator.FightFunctions.isAlly, -1)), load(sysexec(com.leekwars.generator.FightFunctions.isDead, 0)), load(sysexec(com.leekwars.generator.FightFunctions.isDead, 1)), load(sysexec(com.leekwars.generator.FightFunctions.isDead, -1)), load(sysexec(com.leekwars.generator.FightFunctions.isAlive, 0)), load(sysexec(com.leekwars.generator.FightFunctions.isAlive, 1)), load(sysexec(com.leekwars.generator.FightFunctions.isAlive, -1)), load(sysexec(com.leekwars.generator.FightFunctions.getLeek)), load(sysexec(LeekFunctions.string, load(sysexec(com.leekwars.generator.FightFunctions.getChips, new Object[] { null })))), load(sysexec(LeekFunctions.string, load(sysexec(com.leekwars.generator.FightFunctions.getChips, 1)))), load(sysexec(com.leekwars.generator.FightFunctions.getChips, -1)), load(sysexec(com.leekwars.generator.FightFunctions.getAbsoluteShield, new Object[] { null })), load(sysexec(com.leekwars.generator.FightFunctions.getAbsoluteShield, 1)), load(sysexec(com.leekwars.generator.FightFunctions.getAbsoluteShield, -1)), load(sysexec(com.leekwars.generator.FightFunctions.getRelativeShield, new Object[] { null })), load(sysexec(com.leekwars.generator.FightFunctions.getRelativeShield, 1)), load(sysexec(com.leekwars.generator.FightFunctions.getRelativeShield, -1)), load(sysexec(com.leekwars.generator.FightFunctions.getLevel, new Object[] { null })), load(sysexec(com.leekwars.generator.FightFunctions.getLevel, 1)), load(sysexec(com.leekwars.generator.FightFunctions.getLevel, -1)), load(sysexec(com.leekwars.generator.FightFunctions.getFrequency, new Object[] { null })), load(sysexec(com.leekwars.generator.FightFunctions.getFrequency, 1)), load(sysexec(com.leekwars.generator.FightFunctions.getFrequency, -1)), load(sysexec(com.leekwars.generator.FightFunctions.getLeekID, new Object[] { null })), load(sysexec(com.leekwars.generator.FightFunctions.getLeekID, 1)), load(sysexec(com.leekwars.generator.FightFunctions.getLeekID, -1)), load(sysexec(com.leekwars.generator.FightFunctions.getTeamName, new Object[] { null })), load(sysexec(com.leekwars.generator.FightFunctions.getTeamName, 1)), load(sysexec(com.leekwars.generator.FightFunctions.getTeamName, -1)), load(sysexec(com.leekwars.generator.FightFunctions.getFarmerName, new Object[] { null })), load(sysexec(com.leekwars.generator.FightFunctions.getFarmerName, 1)), load(sysexec(com.leekwars.generator.FightFunctions.getFarmerName, -1)), load(sysexec(com.leekwars.generator.FightFunctions.getTeamID, new Object[] { null })), load(sysexec(com.leekwars.generator.FightFunctions.getTeamID, 1)), load(sysexec(com.leekwars.generator.FightFunctions.getTeamID, -1)), load(sysexec(com.leekwars.generator.FightFunctions.getFarmerID, new Object[] { null })), load(sysexec(com.leekwars.generator.FightFunctions.getFarmerID, 1)), load(sysexec(com.leekwars.generator.FightFunctions.getFarmerID, -1)), load(sysexec(com.leekwars.generator.FightFunctions.getAIName, new Object[] { null })), load(sysexec(com.leekwars.generator.FightFunctions.getAIName, 1)), load(sysexec(com.leekwars.generator.FightFunctions.getAIName, -1)), load(sysexec(com.leekwars.generator.FightFunctions.getAIID, -1)) }, false), 24);&#13;&#10;                                                                                                                                                                                                                                                                                                                                                                                                                                                                                                                                                                                                                                                                                                                                                                                                                                                                                                                                                                                                                                                                                                                                                                                                                                                                                                                                                                                                                                                                                                                                                                                                                                                                                                                                                                                                                                                                                                                                                                                                                                                                                                                                                                                     ^&#13;&#10;AI_10.java:12: error: package com.leekwars.generator does not exist&#13;&#10;return ops(new ArrayLeekValue(AI_10.this, new Object[] { load(sysexec(com.leekwars.generator.FightFunctions.getForce, new Object[] { null })), load(sysexec(com.leekwars.generator.FightFunctions.getForce, 1)), load(sysexec(com.leekwars.generator.FightFunctions.getForce, -1)), load(sysexec(com.leekwars.generator.FightFunctions.getAgility, new Object[] { null })), load(sysexec(com.leekwars.generator.FightFunctions.getAgility, 1)), load(sysexec(com.leekwars.generator.FightFunctions.getAgility, -1)), load(sysexec(com.leekwars.generator.FightFunctions.getLife, new Object[] { null })), load(sysexec(com.leekwars.generator.FightFunctions.getLife, 1)), load(sysexec(com.leekwars.generator.FightFunctions.getLife, -1)), load(sysexec(com.leekwars.generator.FightFunctions.getCell, new Object[] { null })), load(sysexec(com.leekwars.generator.FightFunctions.getCell, 1)), load(sysexec(com.leekwars.generator.FightFunctions.getCell, -1)), load(sysexec(com.leekwars.generator.FightFunctions.getWeapon, new Object[] { null })), load(sysexec(com.leekwars.generator.FightFunctions.getWeapon, 1)), load(sysexec(com.leekwars.generator.FightFunctions.getWeapon, -1)), load(sysexec(com.leekwars.generator.FightFunctions.getMP, new Object[] { null })), load(sysexec(com.leekwars.generator.FightFunctions.getMP, 1)), load(sysexec(com.leekwars.generator.FightFunctions.getMP, -1)), load(sysexec(com.leekwars.generator.FightFunctions.getTP, new Object[] { null })), load(sysexec(com.leekwars.generator.FightFunctions.getTP, 1)), load(sysexec(com.leekwars.generator.FightFunctions.getTP, -1)), load(sysexec(com.leekwars.generator.FightFunctions.getTotalLife, new Object[] { null })), load(sysexec(com.leekwars.generator.FightFunctions.getTotalLife, 1)), load(sysexec(com.leekwars.generator.FightFunctions.getTotalLife, -1)), load(sysexec(com.leekwars.generator.FightFunctions.isEnemy, 0)), load(sysexec(com.leekwars.generator.FightFunctions.isEnemy, 1)), load(sysexec(com.leekwars.generator.FightFunctions.isEnemy, -1)), load(sysexec(com.leekwars.generator.FightFunctions.isAlly, 0)), load(sysexec(com.leekwars.generator.FightFunctions.isAlly, 1)), load(sysexec(com.leekwars.generator.FightFunctions.isAlly, -1)), load(sysexec(com.leekwars.generator.FightFunctions.isDead, 0)), load(sysexec(com.leekwars.generator.FightFunctions.isDead, 1)), load(sysexec(com.leekwars.generator.FightFunctions.isDead, -1)), load(sysexec(com.leekwars.generator.FightFunctions.isAlive, 0)), load(sysexec(com.leekwars.generator.FightFunctions.isAlive, 1)), load(sysexec(com.leekwars.generator.FightFunctions.isAlive, -1)), load(sysexec(com.leekwars.generator.FightFunctions.getLeek)), load(sysexec(LeekFunctions.string, load(sysexec(com.leekwars.generator.FightFunctions.getChips, new Object[] { null })))), load(sysexec(LeekFunctions.string, load(sysexec(com.leekwars.generator.FightFunctions.getChips, 1)))), load(sysexec(com.leekwars.generator.FightFunctions.getChips, -1)), load(sysexec(com.leekwars.generator.FightFunctions.getAbsoluteShield, new Object[] { null })), load(sysexec(com.leekwars.generator.FightFunctions.getAbsoluteShield, 1)), load(sysexec(com.leekwars.generator.FightFunctions.getAbsoluteShield, -1)), load(sysexec(com.leekwars.generator.FightFunctions.getRelativeShield, new Object[] { null })), load(sysexec(com.leekwars.generator.FightFunctions.getRelativeShield, 1)), load(sysexec(com.leekwars.generator.FightFunctions.getRelativeShield, -1)), load(sysexec(com.leekwars.generator.FightFunctions.getLevel, new Object[] { null })), load(sysexec(com.leekwars.generator.FightFunctions.getLevel, 1)), load(sysexec(com.leekwars.generator.FightFunctions.getLevel, -1)), load(sysexec(com.leekwars.generator.FightFunctions.getFrequency, new Object[] { null })), load(sysexec(com.leekwars.generator.FightFunctions.getFrequency, 1)), load(sysexec(com.leekwars.generator.FightFunctions.getFrequency, -1)), load(sysexec(com.leekwars.generator.FightFunctions.getLeekID, new Object[] { null })), load(sysexec(com.leekwars.generator.FightFunctions.getLeekID, 1)), load(sysexec(com.leekwars.generator.FightFunctions.getLeekID, -1)), load(sysexec(com.leekwars.generator.FightFunctions.getTeamName, new Object[] { null })), load(sysexec(com.leekwars.generator.FightFunctions.getTeamName, 1)), load(sysexec(com.leekwars.generator.FightFunctions.getTeamName, -1)), load(sysexec(com.leekwars.generator.FightFunctions.getFarmerName, new Object[] { null })), load(sysexec(com.leekwars.generator.FightFunctions.getFarmerName, 1)), load(sysexec(com.leekwars.generator.FightFunctions.getFarmerName, -1)), load(sysexec(com.leekwars.generator.FightFunctions.getTeamID, new Object[] { null })), load(sysexec(com.leekwars.generator.FightFunctions.getTeamID, 1)), load(sysexec(com.leekwars.generator.FightFunctions.getTeamID, -1)), load(sysexec(com.leekwars.generator.FightFunctions.getFarmerID, new Object[] { null })), load(sysexec(com.leekwars.generator.FightFunctions.getFarmerID, 1)), load(sysexec(com.leekwars.generator.FightFunctions.getFarmerID, -1)), load(sysexec(com.leekwars.generator.FightFunctions.getAIName, new Object[] { null })), load(sysexec(com.leekwars.generator.FightFunctions.getAIName, 1)), load(sysexec(com.leekwars.generator.FightFunctions.getAIName, -1)), load(sysexec(com.leekwars.generator.FightFunctions.getAIID, -1)) }, false), 24);&#13;&#10;                                                                                                                                                                                                                                                                                                                                                                                                                                                                                                                                                                                                                                                                                                                                                                                                                                                                                                                                                                                                                                                                                                                                                                                                                                                                                                                                                                                                                                                                                                                                                                                                                                                                                                                                                                                                                                                                                                                                                                                                                                                                                                                                                                                                                                                     ^&#13;&#10;AI_10.java:12: error: package com.leekwars.generator does not exist&#13;&#10;return ops(new ArrayLeekValue(AI_10.this, new Object[] { load(sysexec(com.leekwars.generator.FightFunctions.getForce, new Object[] { null })), load(sysexec(com.leekwars.generator.FightFunctions.getForce, 1)), load(sysexec(com.leekwars.generator.FightFunctions.getForce, -1)), load(sysexec(com.leekwars.generator.FightFunctions.getAgility, new Object[] { null })), load(sysexec(com.leekwars.generator.FightFunctions.getAgility, 1)), load(sysexec(com.leekwars.generator.FightFunctions.getAgility, -1)), load(sysexec(com.leekwars.generator.FightFunctions.getLife, new Object[] { null })), load(sysexec(com.leekwars.generator.FightFunctions.getLife, 1)), load(sysexec(com.leekwars.generator.FightFunctions.getLife, -1)), load(sysexec(com.leekwars.generator.FightFunctions.getCell, new Object[] { null })), load(sysexec(com.leekwars.generator.FightFunctions.getCell, 1)), load(sysexec(com.leekwars.generator.FightFunctions.getCell, -1)), load(sysexec(com.leekwars.generator.FightFunctions.getWeapon, new Object[] { null })), load(sysexec(com.leekwars.generator.FightFunctions.getWeapon, 1)), load(sysexec(com.leekwars.generator.FightFunctions.getWeapon, -1)), load(sysexec(com.leekwars.generator.FightFunctions.getMP, new Object[] { null })), load(sysexec(com.leekwars.generator.FightFunctions.getMP, 1)), load(sysexec(com.leekwars.generator.FightFunctions.getMP, -1)), load(sysexec(com.leekwars.generator.FightFunctions.getTP, new Object[] { null })), load(sysexec(com.leekwars.generator.FightFunctions.getTP, 1)), load(sysexec(com.leekwars.generator.FightFunctions.getTP, -1)), load(sysexec(com.leekwars.generator.FightFunctions.getTotalLife, new Object[] { null })), load(sysexec(com.leekwars.generator.FightFunctions.getTotalLife, 1)), load(sysexec(com.leekwars.generator.FightFunctions.getTotalLife, -1)), load(sysexec(com.leekwars.generator.FightFunctions.isEnemy, 0)), load(sysexec(com.leekwars.generator.FightFunctions.isEnemy, 1)), load(sysexec(com.leekwars.generator.FightFunctions.isEnemy, -1)), load(sysexec(com.leekwars.generator.FightFunctions.isAlly, 0)), load(sysexec(com.leekwars.generator.FightFunctions.isAlly, 1)), load(sysexec(com.leekwars.generator.FightFunctions.isAlly, -1)), load(sysexec(com.leekwars.generator.FightFunctions.isDead, 0)), load(sysexec(com.leekwars.generator.FightFunctions.isDead, 1)), load(sysexec(com.leekwars.generator.FightFunctions.isDead, -1)), load(sysexec(com.leekwars.generator.FightFunctions.isAlive, 0)), load(sysexec(com.leekwars.generator.FightFunctions.isAlive, 1)), load(sysexec(com.leekwars.generator.FightFunctions.isAlive, -1)), load(sysexec(com.leekwars.generator.FightFunctions.getLeek)), load(sysexec(LeekFunctions.string, load(sysexec(com.leekwars.generator.FightFunctions.getChips, new Object[] { null })))), load(sysexec(LeekFunctions.string, load(sysexec(com.leekwars.generator.FightFunctions.getChips, 1)))), load(sysexec(com.leekwars.generator.FightFunctions.getChips, -1)), load(sysexec(com.leekwars.generator.FightFunctions.getAbsoluteShield, new Object[] { null })), load(sysexec(com.leekwars.generator.FightFunctions.getAbsoluteShield, 1)), load(sysexec(com.leekwars.generator.FightFunctions.getAbsoluteShield, -1)), load(sysexec(com.leekwars.generator.FightFunctions.getRelativeShield, new Object[] { null })), load(sysexec(com.leekwars.generator.FightFunctions.getRelativeShield, 1)), load(sysexec(com.leekwars.generator.FightFunctions.getRelativeShield, -1)), load(sysexec(com.leekwars.generator.FightFunctions.getLevel, new Object[] { null })), load(sysexec(com.leekwars.generator.FightFunctions.getLevel, 1)), load(sysexec(com.leekwars.generator.FightFunctions.getLevel, -1)), load(sysexec(com.leekwars.generator.FightFunctions.getFrequency, new Object[] { null })), load(sysexec(com.leekwars.generator.FightFunctions.getFrequency, 1)), load(sysexec(com.leekwars.generator.FightFunctions.getFrequency, -1)), load(sysexec(com.leekwars.generator.FightFunctions.getLeekID, new Object[] { null })), load(sysexec(com.leekwars.generator.FightFunctions.getLeekID, 1)), load(sysexec(com.leekwars.generator.FightFunctions.getLeekID, -1)), load(sysexec(com.leekwars.generator.FightFunctions.getTeamName, new Object[] { null })), load(sysexec(com.leekwars.generator.FightFunctions.getTeamName, 1)), load(sysexec(com.leekwars.generator.FightFunctions.getTeamName, -1)), load(sysexec(com.leekwars.generator.FightFunctions.getFarmerName, new Object[] { null })), load(sysexec(com.leekwars.generator.FightFunctions.getFarmerName, 1)), load(sysexec(com.leekwars.generator.FightFunctions.getFarmerName, -1)), load(sysexec(com.leekwars.generator.FightFunctions.getTeamID, new Object[] { null })), load(sysexec(com.leekwars.generator.FightFunctions.getTeamID, 1)), load(sysexec(com.leekwars.generator.FightFunctions.getTeamID, -1)), load(sysexec(com.leekwars.generator.FightFunctions.getFarmerID, new Object[] { null })), load(sysexec(com.leekwars.generator.FightFunctions.getFarmerID, 1)), load(sysexec(com.leekwars.generator.FightFunctions.getFarmerID, -1)), load(sysexec(com.leekwars.generator.FightFunctions.getAIName, new Object[] { null })), load(sysexec(com.leekwars.generator.FightFunctions.getAIName, 1)), load(sysexec(com.leekwars.generator.FightFunctions.getAIName, -1)), load(sysexec(com.leekwars.generator.FightFunctions.getAIID, -1)) }, false), 24);&#13;&#10;                                                                                                                                                                                                                                                                                                                                                                                                                                                                                                                                                                                                                                                                                                                                                                                                                                                                                                                                                                                                                                                                                                                                                                                                                                                                                                                                                                                                                                                                                                                                                                                                                                                                                                                                                                                                                                                                                                                                                                                                                                                                                                                                                                                                                                                                                                                      ^&#13;&#10;AI_10.java:12: error: package com.leekwars.generator does not exist&#13;&#10;return ops(new ArrayLeekValue(AI_10.this, new Object[] { load(sysexec(com.leekwars.generator.FightFunctions.getForce, new Object[] { null })), load(sysexec(com.leekwars.generator.FightFunctions.getForce, 1)), load(sysexec(com.leekwars.generator.FightFunctions.getForce, -1)), load(sysexec(com.leekwars.generator.FightFunctions.getAgility, new Object[] { null })), load(sysexec(com.leekwars.generator.FightFunctions.getAgility, 1)), load(sysexec(com.leekwars.generator.FightFunctions.getAgility, -1)), load(sysexec(com.leekwars.generator.FightFunctions.getLife, new Object[] { null })), load(sysexec(com.leekwars.generator.FightFunctions.getLife, 1)), load(sysexec(com.leekwars.generator.FightFunctions.getLife, -1)), load(sysexec(com.leekwars.generator.FightFunctions.getCell, new Object[] { null })), load(sysexec(com.leekwars.generator.FightFunctions.getCell, 1)), load(sysexec(com.leekwars.generator.FightFunctions.getCell, -1)), load(sysexec(com.leekwars.generator.FightFunctions.getWeapon, new Object[] { null })), load(sysexec(com.leekwars.generator.FightFunctions.getWeapon, 1)), load(sysexec(com.leekwars.generator.FightFunctions.getWeapon, -1)), load(sysexec(com.leekwars.generator.FightFunctions.getMP, new Object[] { null })), load(sysexec(com.leekwars.generator.FightFunctions.getMP, 1)), load(sysexec(com.leekwars.generator.FightFunctions.getMP, -1)), load(sysexec(com.leekwars.generator.FightFunctions.getTP, new Object[] { null })), load(sysexec(com.leekwars.generator.FightFunctions.getTP, 1)), load(sysexec(com.leekwars.generator.FightFunctions.getTP, -1)), load(sysexec(com.leekwars.generator.FightFunctions.getTotalLife, new Object[] { null })), load(sysexec(com.leekwars.generator.FightFunctions.getTotalLife, 1)), load(sysexec(com.leekwars.generator.FightFunctions.getTotalLife, -1)), load(sysexec(com.leekwars.generator.FightFunctions.isEnemy, 0)), load(sysexec(com.leekwars.generator.FightFunctions.isEnemy, 1)), load(sysexec(com.leekwars.generator.FightFunctions.isEnemy, -1)), load(sysexec(com.leekwars.generator.FightFunctions.isAlly, 0)), load(sysexec(com.leekwars.generator.FightFunctions.isAlly, 1)), load(sysexec(com.leekwars.generator.FightFunctions.isAlly, -1)), load(sysexec(com.leekwars.generator.FightFunctions.isDead, 0)), load(sysexec(com.leekwars.generator.FightFunctions.isDead, 1)), load(sysexec(com.leekwars.generator.FightFunctions.isDead, -1)), load(sysexec(com.leekwars.generator.FightFunctions.isAlive, 0)), load(sysexec(com.leekwars.generator.FightFunctions.isAlive, 1)), load(sysexec(com.leekwars.generator.FightFunctions.isAlive, -1)), load(sysexec(com.leekwars.generator.FightFunctions.getLeek)), load(sysexec(LeekFunctions.string, load(sysexec(com.leekwars.generator.FightFunctions.getChips, new Object[] { null })))), load(sysexec(LeekFunctions.string, load(sysexec(com.leekwars.generator.FightFunctions.getChips, 1)))), load(sysexec(com.leekwars.generator.FightFunctions.getChips, -1)), load(sysexec(com.leekwars.generator.FightFunctions.getAbsoluteShield, new Object[] { null })), load(sysexec(com.leekwars.generator.FightFunctions.getAbsoluteShield, 1)), load(sysexec(com.leekwars.generator.FightFunctions.getAbsoluteShield, -1)), load(sysexec(com.leekwars.generator.FightFunctions.getRelativeShield, new Object[] { null })), load(sysexec(com.leekwars.generator.FightFunctions.getRelativeShield, 1)), load(sysexec(com.leekwars.generator.FightFunctions.getRelativeShield, -1)), load(sysexec(com.leekwars.generator.FightFunctions.getLevel, new Object[] { null })), load(sysexec(com.leekwars.generator.FightFunctions.getLevel, 1)), load(sysexec(com.leekwars.generator.FightFunctions.getLevel, -1)), load(sysexec(com.leekwars.generator.FightFunctions.getFrequency, new Object[] { null })), load(sysexec(com.leekwars.generator.FightFunctions.getFrequency, 1)), load(sysexec(com.leekwars.generator.FightFunctions.getFrequency, -1)), load(sysexec(com.leekwars.generator.FightFunctions.getLeekID, new Object[] { null })), load(sysexec(com.leekwars.generator.FightFunctions.getLeekID, 1)), load(sysexec(com.leekwars.generator.FightFunctions.getLeekID, -1)), load(sysexec(com.leekwars.generator.FightFunctions.getTeamName, new Object[] { null })), load(sysexec(com.leekwars.generator.FightFunctions.getTeamName, 1)), load(sysexec(com.leekwars.generator.FightFunctions.getTeamName, -1)), load(sysexec(com.leekwars.generator.FightFunctions.getFarmerName, new Object[] { null })), load(sysexec(com.leekwars.generator.FightFunctions.getFarmerName, 1)), load(sysexec(com.leekwars.generator.FightFunctions.getFarmerName, -1)), load(sysexec(com.leekwars.generator.FightFunctions.getTeamID, new Object[] { null })), load(sysexec(com.leekwars.generator.FightFunctions.getTeamID, 1)), load(sysexec(com.leekwars.generator.FightFunctions.getTeamID, -1)), load(sysexec(com.leekwars.generator.FightFunctions.getFarmerID, new Object[] { null })), load(sysexec(com.leekwars.generator.FightFunctions.getFarmerID, 1)), load(sysexec(com.leekwars.generator.FightFunctions.getFarmerID, -1)), load(sysexec(com.leekwars.generator.FightFunctions.getAIName, new Object[] { null })), load(sysexec(com.leekwars.generator.FightFunctions.getAIName, 1)), load(sysexec(com.leekwars.generator.FightFunctions.getAIName, -1)), load(sysexec(com.leekwars.generator.FightFunctions.getAIID, -1)) }, false), 24);&#13;&#10;                                                                                                                                                                                                                                                                                                                                                                                                                                                                                                                                                                                                                                                                                                                                                                                                                                                                                                                                                                                                                                                                                                                                                                                                                                                                                                                                                                                                                                                                                                                                                                                                                                                                                                                                                                                                                                                                                                                                                                                                                                                                                                                                                                                                                                                                                                                                                                                      ^&#13;&#10;AI_10.java:12: error: package com.leekwars.generator does not exist&#13;&#10;return ops(new ArrayLeekValue(AI_10.this, new Object[] { load(sysexec(com.leekwars.generator.FightFunctions.getForce, new Object[] { null })), load(sysexec(com.leekwars.generator.FightFunctions.getForce, 1)), load(sysexec(com.leekwars.generator.FightFunctions.getForce, -1)), load(sysexec(com.leekwars.generator.FightFunctions.getAgility, new Object[] { null })), load(sysexec(com.leekwars.generator.FightFunctions.getAgility, 1)), load(sysexec(com.leekwars.generator.FightFunctions.getAgility, -1)), load(sysexec(com.leekwars.generator.FightFunctions.getLife, new Object[] { null })), load(sysexec(com.leekwars.generator.FightFunctions.getLife, 1)), load(sysexec(com.leekwars.generator.FightFunctions.getLife, -1)), load(sysexec(com.leekwars.generator.FightFunctions.getCell, new Object[] { null })), load(sysexec(com.leekwars.generator.FightFunctions.getCell, 1)), load(sysexec(com.leekwars.generator.FightFunctions.getCell, -1)), load(sysexec(com.leekwars.generator.FightFunctions.getWeapon, new Object[] { null })), load(sysexec(com.leekwars.generator.FightFunctions.getWeapon, 1)), load(sysexec(com.leekwars.generator.FightFunctions.getWeapon, -1)), load(sysexec(com.leekwars.generator.FightFunctions.getMP, new Object[] { null })), load(sysexec(com.leekwars.generator.FightFunctions.getMP, 1)), load(sysexec(com.leekwars.generator.FightFunctions.getMP, -1)), load(sysexec(com.leekwars.generator.FightFunctions.getTP, new Object[] { null })), load(sysexec(com.leekwars.generator.FightFunctions.getTP, 1)), load(sysexec(com.leekwars.generator.FightFunctions.getTP, -1)), load(sysexec(com.leekwars.generator.FightFunctions.getTotalLife, new Object[] { null })), load(sysexec(com.leekwars.generator.FightFunctions.getTotalLife, 1)), load(sysexec(com.leekwars.generator.FightFunctions.getTotalLife, -1)), load(sysexec(com.leekwars.generator.FightFunctions.isEnemy, 0)), load(sysexec(com.leekwars.generator.FightFunctions.isEnemy, 1)), load(sysexec(com.leekwars.generator.FightFunctions.isEnemy, -1)), load(sysexec(com.leekwars.generator.FightFunctions.isAlly, 0)), load(sysexec(com.leekwars.generator.FightFunctions.isAlly, 1)), load(sysexec(com.leekwars.generator.FightFunctions.isAlly, -1)), load(sysexec(com.leekwars.generator.FightFunctions.isDead, 0)), load(sysexec(com.leekwars.generator.FightFunctions.isDead, 1)), load(sysexec(com.leekwars.generator.FightFunctions.isDead, -1)), load(sysexec(com.leekwars.generator.FightFunctions.isAlive, 0)), load(sysexec(com.leekwars.generator.FightFunctions.isAlive, 1)), load(sysexec(com.leekwars.generator.FightFunctions.isAlive, -1)), load(sysexec(com.leekwars.generator.FightFunctions.getLeek)), load(sysexec(LeekFunctions.string, load(sysexec(com.leekwars.generator.FightFunctions.getChips, new Object[] { null })))), load(sysexec(LeekFunctions.string, load(sysexec(com.leekwars.generator.FightFunctions.getChips, 1)))), load(sysexec(com.leekwars.generator.FightFunctions.getChips, -1)), load(sysexec(com.leekwars.generator.FightFunctions.getAbsoluteShield, new Object[] { null })), load(sysexec(com.leekwars.generator.FightFunctions.getAbsoluteShield, 1)), load(sysexec(com.leekwars.generator.FightFunctions.getAbsoluteShield, -1)), load(sysexec(com.leekwars.generator.FightFunctions.getRelativeShield, new Object[] { null })), load(sysexec(com.leekwars.generator.FightFunctions.getRelativeShield, 1)), load(sysexec(com.leekwars.generator.FightFunctions.getRelativeShield, -1)), load(sysexec(com.leekwars.generator.FightFunctions.getLevel, new Object[] { null })), load(sysexec(com.leekwars.generator.FightFunctions.getLevel, 1)), load(sysexec(com.leekwars.generator.FightFunctions.getLevel, -1)), load(sysexec(com.leekwars.generator.FightFunctions.getFrequency, new Object[] { null })), load(sysexec(com.leekwars.generator.FightFunctions.getFrequency, 1)), load(sysexec(com.leekwars.generator.FightFunctions.getFrequency, -1)), load(sysexec(com.leekwars.generator.FightFunctions.getLeekID, new Object[] { null })), load(sysexec(com.leekwars.generator.FightFunctions.getLeekID, 1)), load(sysexec(com.leekwars.generator.FightFunctions.getLeekID, -1)), load(sysexec(com.leekwars.generator.FightFunctions.getTeamName, new Object[] { null })), load(sysexec(com.leekwars.generator.FightFunctions.getTeamName, 1)), load(sysexec(com.leekwars.generator.FightFunctions.getTeamName, -1)), load(sysexec(com.leekwars.generator.FightFunctions.getFarmerName, new Object[] { null })), load(sysexec(com.leekwars.generator.FightFunctions.getFarmerName, 1)), load(sysexec(com.leekwars.generator.FightFunctions.getFarmerName, -1)), load(sysexec(com.leekwars.generator.FightFunctions.getTeamID, new Object[] { null })), load(sysexec(com.leekwars.generator.FightFunctions.getTeamID, 1)), load(sysexec(com.leekwars.generator.FightFunctions.getTeamID, -1)), load(sysexec(com.leekwars.generator.FightFunctions.getFarmerID, new Object[] { null })), load(sysexec(com.leekwars.generator.FightFunctions.getFarmerID, 1)), load(sysexec(com.leekwars.generator.FightFunctions.getFarmerID, -1)), load(sysexec(com.leekwars.generator.FightFunctions.getAIName, new Object[] { null })), load(sysexec(com.leekwars.generator.FightFunctions.getAIName, 1)), load(sysexec(com.leekwars.generator.FightFunctions.getAIName, -1)), load(sysexec(com.leekwars.generator.FightFunctions.getAIID, -1)) }, false), 24);&#13;&#10;                                                                                                                                                                                                                                                                                                                                                                                                                                                                                                                                                                                                                                                                                                                                                                                                                                                                                                                                                                                                                                                                                                                                                                                                                                                                                                                                                                                                                                                                                                                                                                                                                                                                                                                                                                                                                                                                                                                                                                                                                                                                                                                                                                                                                                                                                                                                                                                                                                                      ^&#13;&#10;AI_10.java:12: error: package com.leekwars.generator does not exist&#13;&#10;return ops(new ArrayLeekValue(AI_10.this, new Object[] { load(sysexec(com.leekwars.generator.FightFunctions.getForce, new Object[] { null })), load(sysexec(com.leekwars.generator.FightFunctions.getForce, 1)), load(sysexec(com.leekwars.generator.FightFunctions.getForce, -1)), load(sysexec(com.leekwars.generator.FightFunctions.getAgility, new Object[] { null })), load(sysexec(com.leekwars.generator.FightFunctions.getAgility, 1)), load(sysexec(com.leekwars.generator.FightFunctions.getAgility, -1)), load(sysexec(com.leekwars.generator.FightFunctions.getLife, new Object[] { null })), load(sysexec(com.leekwars.generator.FightFunctions.getLife, 1)), load(sysexec(com.leekwars.generator.FightFunctions.getLife, -1)), load(sysexec(com.leekwars.generator.FightFunctions.getCell, new Object[] { null })), load(sysexec(com.leekwars.generator.FightFunctions.getCell, 1)), load(sysexec(com.leekwars.generator.FightFunctions.getCell, -1)), load(sysexec(com.leekwars.generator.FightFunctions.getWeapon, new Object[] { null })), load(sysexec(com.leekwars.generator.FightFunctions.getWeapon, 1)), load(sysexec(com.leekwars.generator.FightFunctions.getWeapon, -1)), load(sysexec(com.leekwars.generator.FightFunctions.getMP, new Object[] { null })), load(sysexec(com.leekwars.generator.FightFunctions.getMP, 1)), load(sysexec(com.leekwars.generator.FightFunctions.getMP, -1)), load(sysexec(com.leekwars.generator.FightFunctions.getTP, new Object[] { null })), load(sysexec(com.leekwars.generator.FightFunctions.getTP, 1)), load(sysexec(com.leekwars.generator.FightFunctions.getTP, -1)), load(sysexec(com.leekwars.generator.FightFunctions.getTotalLife, new Object[] { null })), load(sysexec(com.leekwars.generator.FightFunctions.getTotalLife, 1)), load(sysexec(com.leekwars.generator.FightFunctions.getTotalLife, -1)), load(sysexec(com.leekwars.generator.FightFunctions.isEnemy, 0)), load(sysexec(com.leekwars.generator.FightFunctions.isEnemy, 1)), load(sysexec(com.leekwars.generator.FightFunctions.isEnemy, -1)), load(sysexec(com.leekwars.generator.FightFunctions.isAlly, 0)), load(sysexec(com.leekwars.generator.FightFunctions.isAlly, 1)), load(sysexec(com.leekwars.generator.FightFunctions.isAlly, -1)), load(sysexec(com.leekwars.generator.FightFunctions.isDead, 0)), load(sysexec(com.leekwars.generator.FightFunctions.isDead, 1)), load(sysexec(com.leekwars.generator.FightFunctions.isDead, -1)), load(sysexec(com.leekwars.generator.FightFunctions.isAlive, 0)), load(sysexec(com.leekwars.generator.FightFunctions.isAlive, 1)), load(sysexec(com.leekwars.generator.FightFunctions.isAlive, -1)), load(sysexec(com.leekwars.generator.FightFunctions.getLeek)), load(sysexec(LeekFunctions.string, load(sysexec(com.leekwars.generator.FightFunctions.getChips, new Object[] { null })))), load(sysexec(LeekFunctions.string, load(sysexec(com.leekwars.generator.FightFunctions.getChips, 1)))), load(sysexec(com.leekwars.generator.FightFunctions.getChips, -1)), load(sysexec(com.leekwars.generator.FightFunctions.getAbsoluteShield, new Object[] { null })), load(sysexec(com.leekwars.generator.FightFunctions.getAbsoluteShield, 1)), load(sysexec(com.leekwars.generator.FightFunctions.getAbsoluteShield, -1)), load(sysexec(com.leekwars.generator.FightFunctions.getRelativeShield, new Object[] { null })), load(sysexec(com.leekwars.generator.FightFunctions.getRelativeShield, 1)), load(sysexec(com.leekwars.generator.FightFunctions.getRelativeShield, -1)), load(sysexec(com.leekwars.generator.FightFunctions.getLevel, new Object[] { null })), load(sysexec(com.leekwars.generator.FightFunctions.getLevel, 1)), load(sysexec(com.leekwars.generator.FightFunctions.getLevel, -1)), load(sysexec(com.leekwars.generator.FightFunctions.getFrequency, new Object[] { null })), load(sysexec(com.leekwars.generator.FightFunctions.getFrequency, 1)), load(sysexec(com.leekwars.generator.FightFunctions.getFrequency, -1)), load(sysexec(com.leekwars.generator.FightFunctions.getLeekID, new Object[] { null })), load(sysexec(com.leekwars.generator.FightFunctions.getLeekID, 1)), load(sysexec(com.leekwars.generator.FightFunctions.getLeekID, -1)), load(sysexec(com.leekwars.generator.FightFunctions.getTeamName, new Object[] { null })), load(sysexec(com.leekwars.generator.FightFunctions.getTeamName, 1)), load(sysexec(com.leekwars.generator.FightFunctions.getTeamName, -1)), load(sysexec(com.leekwars.generator.FightFunctions.getFarmerName, new Object[] { null })), load(sysexec(com.leekwars.generator.FightFunctions.getFarmerName, 1)), load(sysexec(com.leekwars.generator.FightFunctions.getFarmerName, -1)), load(sysexec(com.leekwars.generator.FightFunctions.getTeamID, new Object[] { null })), load(sysexec(com.leekwars.generator.FightFunctions.getTeamID, 1)), load(sysexec(com.leekwars.generator.FightFunctions.getTeamID, -1)), load(sysexec(com.leekwars.generator.FightFunctions.getFarmerID, new Object[] { null })), load(sysexec(com.leekwars.generator.FightFunctions.getFarmerID, 1)), load(sysexec(com.leekwars.generator.FightFunctions.getFarmerID, -1)), load(sysexec(com.leekwars.generator.FightFunctions.getAIName, new Object[] { null })), load(sysexec(com.leekwars.generator.FightFunctions.getAIName, 1)), load(sysexec(com.leekwars.generator.FightFunctions.getAIName, -1)), load(sysexec(com.leekwars.generator.FightFunctions.getAIID, -1)) }, false), 24);&#13;&#10;                                                                                                                                                                                                                                                                                                                                                                                                                                                                                                                                                                                                                                                                                                                                                                                                                                                                                                                                                                                                                                                                                                                                                                                                                                                                                                                                                                                                                                                                                                                                                                                                                                                                                                                                                                                                                                                                                                                                                                                                                                                                                                                                                                                                                                                                                                                                                                                                                                                                                                                       ^&#13;&#10;AI_10.java:12: error: package com.leekwars.generator does not exist&#13;&#10;return ops(new ArrayLeekValue(AI_10.this, new Object[] { load(sysexec(com.leekwars.generator.FightFunctions.getForce, new Object[] { null })), load(sysexec(com.leekwars.generator.FightFunctions.getForce, 1)), load(sysexec(com.leekwars.generator.FightFunctions.getForce, -1)), load(sysexec(com.leekwars.generator.FightFunctions.getAgility, new Object[] { null })), load(sysexec(com.leekwars.generator.FightFunctions.getAgility, 1)), load(sysexec(com.leekwars.generator.FightFunctions.getAgility, -1)), load(sysexec(com.leekwars.generator.FightFunctions.getLife, new Object[] { null })), load(sysexec(com.leekwars.generator.FightFunctions.getLife, 1)), load(sysexec(com.leekwars.generator.FightFunctions.getLife, -1)), load(sysexec(com.leekwars.generator.FightFunctions.getCell, new Object[] { null })), load(sysexec(com.leekwars.generator.FightFunctions.getCell, 1)), load(sysexec(com.leekwars.generator.FightFunctions.getCell, -1)), load(sysexec(com.leekwars.generator.FightFunctions.getWeapon, new Object[] { null })), load(sysexec(com.leekwars.generator.FightFunctions.getWeapon, 1)), load(sysexec(com.leekwars.generator.FightFunctions.getWeapon, -1)), load(sysexec(com.leekwars.generator.FightFunctions.getMP, new Object[] { null })), load(sysexec(com.leekwars.generator.FightFunctions.getMP, 1)), load(sysexec(com.leekwars.generator.FightFunctions.getMP, -1)), load(sysexec(com.leekwars.generator.FightFunctions.getTP, new Object[] { null })), load(sysexec(com.leekwars.generator.FightFunctions.getTP, 1)), load(sysexec(com.leekwars.generator.FightFunctions.getTP, -1)), load(sysexec(com.leekwars.generator.FightFunctions.getTotalLife, new Object[] { null })), load(sysexec(com.leekwars.generator.FightFunctions.getTotalLife, 1)), load(sysexec(com.leekwars.generator.FightFunctions.getTotalLife, -1)), load(sysexec(com.leekwars.generator.FightFunctions.isEnemy, 0)), load(sysexec(com.leekwars.generator.FightFunctions.isEnemy, 1)), load(sysexec(com.leekwars.generator.FightFunctions.isEnemy, -1)), load(sysexec(com.leekwars.generator.FightFunctions.isAlly, 0)), load(sysexec(com.leekwars.generator.FightFunctions.isAlly, 1)), load(sysexec(com.leekwars.generator.FightFunctions.isAlly, -1)), load(sysexec(com.leekwars.generator.FightFunctions.isDead, 0)), load(sysexec(com.leekwars.generator.FightFunctions.isDead, 1)), load(sysexec(com.leekwars.generator.FightFunctions.isDead, -1)), load(sysexec(com.leekwars.generator.FightFunctions.isAlive, 0)), load(sysexec(com.leekwars.generator.FightFunctions.isAlive, 1)), load(sysexec(com.leekwars.generator.FightFunctions.isAlive, -1)), load(sysexec(com.leekwars.generator.FightFunctions.getLeek)), load(sysexec(LeekFunctions.string, load(sysexec(com.leekwars.generator.FightFunctions.getChips, new Object[] { null })))), load(sysexec(LeekFunctions.string, load(sysexec(com.leekwars.generator.FightFunctions.getChips, 1)))), load(sysexec(com.leekwars.generator.FightFunctions.getChips, -1)), load(sysexec(com.leekwars.generator.FightFunctions.getAbsoluteShield, new Object[] { null })), load(sysexec(com.leekwars.generator.FightFunctions.getAbsoluteShield, 1)), load(sysexec(com.leekwars.generator.FightFunctions.getAbsoluteShield, -1)), load(sysexec(com.leekwars.generator.FightFunctions.getRelativeShield, new Object[] { null })), load(sysexec(com.leekwars.generator.FightFunctions.getRelativeShield, 1)), load(sysexec(com.leekwars.generator.FightFunctions.getRelativeShield, -1)), load(sysexec(com.leekwars.generator.FightFunctions.getLevel, new Object[] { null })), load(sysexec(com.leekwars.generator.FightFunctions.getLevel, 1)), load(sysexec(com.leekwars.generator.FightFunctions.getLevel, -1)), load(sysexec(com.leekwars.generator.FightFunctions.getFrequency, new Object[] { null })), load(sysexec(com.leekwars.generator.FightFunctions.getFrequency, 1)), load(sysexec(com.leekwars.generator.FightFunctions.getFrequency, -1)), load(sysexec(com.leekwars.generator.FightFunctions.getLeekID, new Object[] { null })), load(sysexec(com.leekwars.generator.FightFunctions.getLeekID, 1)), load(sysexec(com.leekwars.generator.FightFunctions.getLeekID, -1)), load(sysexec(com.leekwars.generator.FightFunctions.getTeamName, new Object[] { null })), load(sysexec(com.leekwars.generator.FightFunctions.getTeamName, 1)), load(sysexec(com.leekwars.generator.FightFunctions.getTeamName, -1)), load(sysexec(com.leekwars.generator.FightFunctions.getFarmerName, new Object[] { null })), load(sysexec(com.leekwars.generator.FightFunctions.getFarmerName, 1)), load(sysexec(com.leekwars.generator.FightFunctions.getFarmerName, -1)), load(sysexec(com.leekwars.generator.FightFunctions.getTeamID, new Object[] { null })), load(sysexec(com.leekwars.generator.FightFunctions.getTeamID, 1)), load(sysexec(com.leekwars.generator.FightFunctions.getTeamID, -1)), load(sysexec(com.leekwars.generator.FightFunctions.getFarmerID, new Object[] { null })), load(sysexec(com.leekwars.generator.FightFunctions.getFarmerID, 1)), load(sysexec(com.leekwars.generator.FightFunctions.getFarmerID, -1)), load(sysexec(com.leekwars.generator.FightFunctions.getAIName, new Object[] { null })), load(sysexec(com.leekwars.generator.FightFunctions.getAIName, 1)), load(sysexec(com.leekwars.generator.FightFunctions.getAIName, -1)), load(sysexec(com.leekwars.generator.FightFunctions.getAIID, -1)) }, false), 24);&#13;&#10;                                                                                                                                                                                                                                                                                                                                                                                                                                                                                                                                                                                                                                                                                                                                                                                                                                                                                                                                                                                                                                                                                                                                                                                                                                                                                                                                                                                                                                                                                                                                                                                                                                                                                                                                                                                                                                                                                                                                                                                                                                                                                                                                                                                                                                                                                                                                                                                                                                                                                                                                                                                        ^&#13;&#10;AI_10.java:12: error: package com.leekwars.generator does not exist&#13;&#10;return ops(new ArrayLeekValue(AI_10.this, new Object[] { load(sysexec(com.leekwars.generator.FightFunctions.getForce, new Object[] { null })), load(sysexec(com.leekwars.generator.FightFunctions.getForce, 1)), load(sysexec(com.leekwars.generator.FightFunctions.getForce, -1)), load(sysexec(com.leekwars.generator.FightFunctions.getAgility, new Object[] { null })), load(sysexec(com.leekwars.generator.FightFunctions.getAgility, 1)), load(sysexec(com.leekwars.generator.FightFunctions.getAgility, -1)), load(sysexec(com.leekwars.generator.FightFunctions.getLife, new Object[] { null })), load(sysexec(com.leekwars.generator.FightFunctions.getLife, 1)), load(sysexec(com.leekwars.generator.FightFunctions.getLife, -1)), load(sysexec(com.leekwars.generator.FightFunctions.getCell, new Object[] { null })), load(sysexec(com.leekwars.generator.FightFunctions.getCell, 1)), load(sysexec(com.leekwars.generator.FightFunctions.getCell, -1)), load(sysexec(com.leekwars.generator.FightFunctions.getWeapon, new Object[] { null })), load(sysexec(com.leekwars.generator.FightFunctions.getWeapon, 1)), load(sysexec(com.leekwars.generator.FightFunctions.getWeapon, -1)), load(sysexec(com.leekwars.generator.FightFunctions.getMP, new Object[] { null })), load(sysexec(com.leekwars.generator.FightFunctions.getMP, 1)), load(sysexec(com.leekwars.generator.FightFunctions.getMP, -1)), load(sysexec(com.leekwars.generator.FightFunctions.getTP, new Object[] { null })), load(sysexec(com.leekwars.generator.FightFunctions.getTP, 1)), load(sysexec(com.leekwars.generator.FightFunctions.getTP, -1)), load(sysexec(com.leekwars.generator.FightFunctions.getTotalLife, new Object[] { null })), load(sysexec(com.leekwars.generator.FightFunctions.getTotalLife, 1)), load(sysexec(com.leekwars.generator.FightFunctions.getTotalLife, -1)), load(sysexec(com.leekwars.generator.FightFunctions.isEnemy, 0)), load(sysexec(com.leekwars.generator.FightFunctions.isEnemy, 1)), load(sysexec(com.leekwars.generator.FightFunctions.isEnemy, -1)), load(sysexec(com.leekwars.generator.FightFunctions.isAlly, 0)), load(sysexec(com.leekwars.generator.FightFunctions.isAlly, 1)), load(sysexec(com.leekwars.generator.FightFunctions.isAlly, -1)), load(sysexec(com.leekwars.generator.FightFunctions.isDead, 0)), load(sysexec(com.leekwars.generator.FightFunctions.isDead, 1)), load(sysexec(com.leekwars.generator.FightFunctions.isDead, -1)), load(sysexec(com.leekwars.generator.FightFunctions.isAlive, 0)), load(sysexec(com.leekwars.generator.FightFunctions.isAlive, 1)), load(sysexec(com.leekwars.generator.FightFunctions.isAlive, -1)), load(sysexec(com.leekwars.generator.FightFunctions.getLeek)), load(sysexec(LeekFunctions.string, load(sysexec(com.leekwars.generator.FightFunctions.getChips, new Object[] { null })))), load(sysexec(LeekFunctions.string, load(sysexec(com.leekwars.generator.FightFunctions.getChips, 1)))), load(sysexec(com.leekwars.generator.FightFunctions.getChips, -1)), load(sysexec(com.leekwars.generator.FightFunctions.getAbsoluteShield, new Object[] { null })), load(sysexec(com.leekwars.generator.FightFunctions.getAbsoluteShield, 1)), load(sysexec(com.leekwars.generator.FightFunctions.getAbsoluteShield, -1)), load(sysexec(com.leekwars.generator.FightFunctions.getRelativeShield, new Object[] { null })), load(sysexec(com.leekwars.generator.FightFunctions.getRelativeShield, 1)), load(sysexec(com.leekwars.generator.FightFunctions.getRelativeShield, -1)), load(sysexec(com.leekwars.generator.FightFunctions.getLevel, new Object[] { null })), load(sysexec(com.leekwars.generator.FightFunctions.getLevel, 1)), load(sysexec(com.leekwars.generator.FightFunctions.getLevel, -1)), load(sysexec(com.leekwars.generator.FightFunctions.getFrequency, new Object[] { null })), load(sysexec(com.leekwars.generator.FightFunctions.getFrequency, 1)), load(sysexec(com.leekwars.generator.FightFunctions.getFrequency, -1)), load(sysexec(com.leekwars.generator.FightFunctions.getLeekID, new Object[] { null })), load(sysexec(com.leekwars.generator.FightFunctions.getLeekID, 1)), load(sysexec(com.leekwars.generator.FightFunctions.getLeekID, -1)), load(sysexec(com.leekwars.generator.FightFunctions.getTeamName, new Object[] { null })), load(sysexec(com.leekwars.generator.FightFunctions.getTeamName, 1)), load(sysexec(com.leekwars.generator.FightFunctions.getTeamName, -1)), load(sysexec(com.leekwars.generator.FightFunctions.getFarmerName, new Object[] { null })), load(sysexec(com.leekwars.generator.FightFunctions.getFarmerName, 1)), load(sysexec(com.leekwars.generator.FightFunctions.getFarmerName, -1)), load(sysexec(com.leekwars.generator.FightFunctions.getTeamID, new Object[] { null })), load(sysexec(com.leekwars.generator.FightFunctions.getTeamID, 1)), load(sysexec(com.leekwars.generator.FightFunctions.getTeamID, -1)), load(sysexec(com.leekwars.generator.FightFunctions.getFarmerID, new Object[] { null })), load(sysexec(com.leekwars.generator.FightFunctions.getFarmerID, 1)), load(sysexec(com.leekwars.generator.FightFunctions.getFarmerID, -1)), load(sysexec(com.leekwars.generator.FightFunctions.getAIName, new Object[] { null })), load(sysexec(com.leekwars.generator.FightFunctions.getAIName, 1)), load(sysexec(com.leekwars.generator.FightFunctions.getAIName, -1)), load(sysexec(com.leekwars.generator.FightFunctions.getAIID, -1)) }, false), 24);&#13;&#10;                                                                                                                                                                                                                                                                                                                                                                                                                                                                                                                                                                                                                                                                                                                                                                                                                                                                                                                                                                                                                                                                                                                                                                                                                                                                                                                                                                                                                                                                                                                                                                                                                                                                                                                                                                                                                                                                                                                                                                                                                                                                                                                                                                                                                                                                                                                                                                                                                                                                                                                                                                                                                                                         ^&#13;&#10;AI_10.java:12: error: package com.leekwars.generator does not exist&#13;&#10;return ops(new ArrayLeekValue(AI_10.this, new Object[] { load(sysexec(com.leekwars.generator.FightFunctions.getForce, new Object[] { null })), load(sysexec(com.leekwars.generator.FightFunctions.getForce, 1)), load(sysexec(com.leekwars.generator.FightFunctions.getForce, -1)), load(sysexec(com.leekwars.generator.FightFunctions.getAgility, new Object[] { null })), load(sysexec(com.leekwars.generator.FightFunctions.getAgility, 1)), load(sysexec(com.leekwars.generator.FightFunctions.getAgility, -1)), load(sysexec(com.leekwars.generator.FightFunctions.getLife, new Object[] { null })), load(sysexec(com.leekwars.generator.FightFunctions.getLife, 1)), load(sysexec(com.leekwars.generator.FightFunctions.getLife, -1)), load(sysexec(com.leekwars.generator.FightFunctions.getCell, new Object[] { null })), load(sysexec(com.leekwars.generator.FightFunctions.getCell, 1)), load(sysexec(com.leekwars.generator.FightFunctions.getCell, -1)), load(sysexec(com.leekwars.generator.FightFunctions.getWeapon, new Object[] { null })), load(sysexec(com.leekwars.generator.FightFunctions.getWeapon, 1)), load(sysexec(com.leekwars.generator.FightFunctions.getWeapon, -1)), load(sysexec(com.leekwars.generator.FightFunctions.getMP, new Object[] { null })), load(sysexec(com.leekwars.generator.FightFunctions.getMP, 1)), load(sysexec(com.leekwars.generator.FightFunctions.getMP, -1)), load(sysexec(com.leekwars.generator.FightFunctions.getTP, new Object[] { null })), load(sysexec(com.leekwars.generator.FightFunctions.getTP, 1)), load(sysexec(com.leekwars.generator.FightFunctions.getTP, -1)), load(sysexec(com.leekwars.generator.FightFunctions.getTotalLife, new Object[] { null })), load(sysexec(com.leekwars.generator.FightFunctions.getTotalLife, 1)), load(sysexec(com.leekwars.generator.FightFunctions.getTotalLife, -1)), load(sysexec(com.leekwars.generator.FightFunctions.isEnemy, 0)), load(sysexec(com.leekwars.generator.FightFunctions.isEnemy, 1)), load(sysexec(com.leekwars.generator.FightFunctions.isEnemy, -1)), load(sysexec(com.leekwars.generator.FightFunctions.isAlly, 0)), load(sysexec(com.leekwars.generator.FightFunctions.isAlly, 1)), load(sysexec(com.leekwars.generator.FightFunctions.isAlly, -1)), load(sysexec(com.leekwars.generator.FightFunctions.isDead, 0)), load(sysexec(com.leekwars.generator.FightFunctions.isDead, 1)), load(sysexec(com.leekwars.generator.FightFunctions.isDead, -1)), load(sysexec(com.leekwars.generator.FightFunctions.isAlive, 0)), load(sysexec(com.leekwars.generator.FightFunctions.isAlive, 1)), load(sysexec(com.leekwars.generator.FightFunctions.isAlive, -1)), load(sysexec(com.leekwars.generator.FightFunctions.getLeek)), load(sysexec(LeekFunctions.string, load(sysexec(com.leekwars.generator.FightFunctions.getChips, new Object[] { null })))), load(sysexec(LeekFunctions.string, load(sysexec(com.leekwars.generator.FightFunctions.getChips, 1)))), load(sysexec(com.leekwars.generator.FightFunctions.getChips, -1)), load(sysexec(com.leekwars.generator.FightFunctions.getAbsoluteShield, new Object[] { null })), load(sysexec(com.leekwars.generator.FightFunctions.getAbsoluteShield, 1)), load(sysexec(com.leekwars.generator.FightFunctions.getAbsoluteShield, -1)), load(sysexec(com.leekwars.generator.FightFunctions.getRelativeShield, new Object[] { null })), load(sysexec(com.leekwars.generator.FightFunctions.getRelativeShield, 1)), load(sysexec(com.leekwars.generator.FightFunctions.getRelativeShield, -1)), load(sysexec(com.leekwars.generator.FightFunctions.getLevel, new Object[] { null })), load(sysexec(com.leekwars.generator.FightFunctions.getLevel, 1)), load(sysexec(com.leekwars.generator.FightFunctions.getLevel, -1)), load(sysexec(com.leekwars.generator.FightFunctions.getFrequency, new Object[] { null })), load(sysexec(com.leekwars.generator.FightFunctions.getFrequency, 1)), load(sysexec(com.leekwars.generator.FightFunctions.getFrequency, -1)), load(sysexec(com.leekwars.generator.FightFunctions.getLeekID, new Object[] { null })), load(sysexec(com.leekwars.generator.FightFunctions.getLeekID, 1)), load(sysexec(com.leekwars.generator.FightFunctions.getLeekID, -1)), load(sysexec(com.leekwars.generator.FightFunctions.getTeamName, new Object[] { null })), load(sysexec(com.leekwars.generator.FightFunctions.getTeamName, 1)), load(sysexec(com.leekwars.generator.FightFunctions.getTeamName, -1)), load(sysexec(com.leekwars.generator.FightFunctions.getFarmerName, new Object[] { null })), load(sysexec(com.leekwars.generator.FightFunctions.getFarmerName, 1)), load(sysexec(com.leekwars.generator.FightFunctions.getFarmerName, -1)), load(sysexec(com.leekwars.generator.FightFunctions.getTeamID, new Object[] { null })), load(sysexec(com.leekwars.generator.FightFunctions.getTeamID, 1)), load(sysexec(com.leekwars.generator.FightFunctions.getTeamID, -1)), load(sysexec(com.leekwars.generator.FightFunctions.getFarmerID, new Object[] { null })), load(sysexec(com.leekwars.generator.FightFunctions.getFarmerID, 1)), load(sysexec(com.leekwars.generator.FightFunctions.getFarmerID, -1)), load(sysexec(com.leekwars.generator.FightFunctions.getAIName, new Object[] { null })), load(sysexec(com.leekwars.generator.FightFunctions.getAIName, 1)), load(sysexec(com.leekwars.generator.FightFunctions.getAIName, -1)), load(sysexec(com.leekwars.generator.FightFunctions.getAIID, -1)) }, false), 24);&#13;&#10;                                                                                                                                                                                                                                                                                                                                                                                                                                                                                                                                                                                                                                                                                                                                                                                                                                                                                                                                                                                                                                                                                                                                                                                                                                                                                                                                                                                                                                                                                                                                                                                                                                                                                                                                                                                                                                                                                                                                                                                                                                                                                                                                                                                                                                                                                                                                                                                                                                                                                                                                                                                                                                                                                                                           ^&#13;&#10;AI_10.java:12: error: package com.leekwars.generator does not exist&#13;&#10;return ops(new ArrayLeekValue(AI_10.this, new Object[] { load(sysexec(com.leekwars.generator.FightFunctions.getForce, new Object[] { null })), load(sysexec(com.leekwars.generator.FightFunctions.getForce, 1)), load(sysexec(com.leekwars.generator.FightFunctions.getForce, -1)), load(sysexec(com.leekwars.generator.FightFunctions.getAgility, new Object[] { null })), load(sysexec(com.leekwars.generator.FightFunctions.getAgility, 1)), load(sysexec(com.leekwars.generator.FightFunctions.getAgility, -1)), load(sysexec(com.leekwars.generator.FightFunctions.getLife, new Object[] { null })), load(sysexec(com.leekwars.generator.FightFunctions.getLife, 1)), load(sysexec(com.leekwars.generator.FightFunctions.getLife, -1)), load(sysexec(com.leekwars.generator.FightFunctions.getCell, new Object[] { null })), load(sysexec(com.leekwars.generator.FightFunctions.getCell, 1)), load(sysexec(com.leekwars.generator.FightFunctions.getCell, -1)), load(sysexec(com.leekwars.generator.FightFunctions.getWeapon, new Object[] { null })), load(sysexec(com.leekwars.generator.FightFunctions.getWeapon, 1)), load(sysexec(com.leekwars.generator.FightFunctions.getWeapon, -1)), load(sysexec(com.leekwars.generator.FightFunctions.getMP, new Object[] { null })), load(sysexec(com.leekwars.generator.FightFunctions.getMP, 1)), load(sysexec(com.leekwars.generator.FightFunctions.getMP, -1)), load(sysexec(com.leekwars.generator.FightFunctions.getTP, new Object[] { null })), load(sysexec(com.leekwars.generator.FightFunctions.getTP, 1)), load(sysexec(com.leekwars.generator.FightFunctions.getTP, -1)), load(sysexec(com.leekwars.generator.FightFunctions.getTotalLife, new Object[] { null })), load(sysexec(com.leekwars.generator.FightFunctions.getTotalLife, 1)), load(sysexec(com.leekwars.generator.FightFunctions.getTotalLife, -1)), load(sysexec(com.leekwars.generator.FightFunctions.isEnemy, 0)), load(sysexec(com.leekwars.generator.FightFunctions.isEnemy, 1)), load(sysexec(com.leekwars.generator.FightFunctions.isEnemy, -1)), load(sysexec(com.leekwars.generator.FightFunctions.isAlly, 0)), load(sysexec(com.leekwars.generator.FightFunctions.isAlly, 1)), load(sysexec(com.leekwars.generator.FightFunctions.isAlly, -1)), load(sysexec(com.leekwars.generator.FightFunctions.isDead, 0)), load(sysexec(com.leekwars.generator.FightFunctions.isDead, 1)), load(sysexec(com.leekwars.generator.FightFunctions.isDead, -1)), load(sysexec(com.leekwars.generator.FightFunctions.isAlive, 0)), load(sysexec(com.leekwars.generator.FightFunctions.isAlive, 1)), load(sysexec(com.leekwars.generator.FightFunctions.isAlive, -1)), load(sysexec(com.leekwars.generator.FightFunctions.getLeek)), load(sysexec(LeekFunctions.string, load(sysexec(com.leekwars.generator.FightFunctions.getChips, new Object[] { null })))), load(sysexec(LeekFunctions.string, load(sysexec(com.leekwars.generator.FightFunctions.getChips, 1)))), load(sysexec(com.leekwars.generator.FightFunctions.getChips, -1)), load(sysexec(com.leekwars.generator.FightFunctions.getAbsoluteShield, new Object[] { null })), load(sysexec(com.leekwars.generator.FightFunctions.getAbsoluteShield, 1)), load(sysexec(com.leekwars.generator.FightFunctions.getAbsoluteShield, -1)), load(sysexec(com.leekwars.generator.FightFunctions.getRelativeShield, new Object[] { null })), load(sysexec(com.leekwars.generator.FightFunctions.getRelativeShield, 1)), load(sysexec(com.leekwars.generator.FightFunctions.getRelativeShield, -1)), load(sysexec(com.leekwars.generator.FightFunctions.getLevel, new Object[] { null })), load(sysexec(com.leekwars.generator.FightFunctions.getLevel, 1)), load(sysexec(com.leekwars.generator.FightFunctions.getLevel, -1)), load(sysexec(com.leekwars.generator.FightFunctions.getFrequency, new Object[] { null })), load(sysexec(com.leekwars.generator.FightFunctions.getFrequency, 1)), load(sysexec(com.leekwars.generator.FightFunctions.getFrequency, -1)), load(sysexec(com.leekwars.generator.FightFunctions.getLeekID, new Object[] { null })), load(sysexec(com.leekwars.generator.FightFunctions.getLeekID, 1)), load(sysexec(com.leekwars.generator.FightFunctions.getLeekID, -1)), load(sysexec(com.leekwars.generator.FightFunctions.getTeamName, new Object[] { null })), load(sysexec(com.leekwars.generator.FightFunctions.getTeamName, 1)), load(sysexec(com.leekwars.generator.FightFunctions.getTeamName, -1)), load(sysexec(com.leekwars.generator.FightFunctions.getFarmerName, new Object[] { null })), load(sysexec(com.leekwars.generator.FightFunctions.getFarmerName, 1)), load(sysexec(com.leekwars.generator.FightFunctions.getFarmerName, -1)), load(sysexec(com.leekwars.generator.FightFunctions.getTeamID, new Object[] { null })), load(sysexec(com.leekwars.generator.FightFunctions.getTeamID, 1)), load(sysexec(com.leekwars.generator.FightFunctions.getTeamID, -1)), load(sysexec(com.leekwars.generator.FightFunctions.getFarmerID, new Object[] { null })), load(sysexec(com.leekwars.generator.FightFunctions.getFarmerID, 1)), load(sysexec(com.leekwars.generator.FightFunctions.getFarmerID, -1)), load(sysexec(com.leekwars.generator.FightFunctions.getAIName, new Object[] { null })), load(sysexec(com.leekwars.generator.FightFunctions.getAIName, 1)), load(sysexec(com.leekwars.generator.FightFunctions.getAIName, -1)), load(sysexec(com.leekwars.generator.FightFunctions.getAIID, -1)) }, false), 24);&#13;&#10;                                                                                                                                                                                                                                                                                                                                                                                                                                                                                                                                                                                                                                                                                                                                                                                                                                                                                                                                                                                                                                                                                                                                                                                                                                                                                                                                                                                                                                                                                                                                                                                                                                                                                                                                                                                                                                                                                                                                                                                                                                                                                                                                                                                                                                                                                                                                                                                                                                                                                                                                                                                                                                                                                                                                                                                                                            ^&#13;&#10;AI_10.java:12: error: package com.leekwars.generator does not exist&#13;&#10;return ops(new ArrayLeekValue(AI_10.this, new Object[] { load(sysexec(com.leekwars.generator.FightFunctions.getForce, new Object[] { null })), load(sysexec(com.leekwars.generator.FightFunctions.getForce, 1)), load(sysexec(com.leekwars.generator.FightFunctions.getForce, -1)), load(sysexec(com.leekwars.generator.FightFunctions.getAgility, new Object[] { null })), load(sysexec(com.leekwars.generator.FightFunctions.getAgility, 1)), load(sysexec(com.leekwars.generator.FightFunctions.getAgility, -1)), load(sysexec(com.leekwars.generator.FightFunctions.getLife, new Object[] { null })), load(sysexec(com.leekwars.generator.FightFunctions.getLife, 1)), load(sysexec(com.leekwars.generator.FightFunctions.getLife, -1)), load(sysexec(com.leekwars.generator.FightFunctions.getCell, new Object[] { null })), load(sysexec(com.leekwars.generator.FightFunctions.getCell, 1)), load(sysexec(com.leekwars.generator.FightFunctions.getCell, -1)), load(sysexec(com.leekwars.generator.FightFunctions.getWeapon, new Object[] { null })), load(sysexec(com.leekwars.generator.FightFunctions.getWeapon, 1)), load(sysexec(com.leekwars.generator.FightFunctions.getWeapon, -1)), load(sysexec(com.leekwars.generator.FightFunctions.getMP, new Object[] { null })), load(sysexec(com.leekwars.generator.FightFunctions.getMP, 1)), load(sysexec(com.leekwars.generator.FightFunctions.getMP, -1)), load(sysexec(com.leekwars.generator.FightFunctions.getTP, new Object[] { null })), load(sysexec(com.leekwars.generator.FightFunctions.getTP, 1)), load(sysexec(com.leekwars.generator.FightFunctions.getTP, -1)), load(sysexec(com.leekwars.generator.FightFunctions.getTotalLife, new Object[] { null })), load(sysexec(com.leekwars.generator.FightFunctions.getTotalLife, 1)), load(sysexec(com.leekwars.generator.FightFunctions.getTotalLife, -1)), load(sysexec(com.leekwars.generator.FightFunctions.isEnemy, 0)), load(sysexec(com.leekwars.generator.FightFunctions.isEnemy, 1)), load(sysexec(com.leekwars.generator.FightFunctions.isEnemy, -1)), load(sysexec(com.leekwars.generator.FightFunctions.isAlly, 0)), load(sysexec(com.leekwars.generator.FightFunctions.isAlly, 1)), load(sysexec(com.leekwars.generator.FightFunctions.isAlly, -1)), load(sysexec(com.leekwars.generator.FightFunctions.isDead, 0)), load(sysexec(com.leekwars.generator.FightFunctions.isDead, 1)), load(sysexec(com.leekwars.generator.FightFunctions.isDead, -1)), load(sysexec(com.leekwars.generator.FightFunctions.isAlive, 0)), load(sysexec(com.leekwars.generator.FightFunctions.isAlive, 1)), load(sysexec(com.leekwars.generator.FightFunctions.isAlive, -1)), load(sysexec(com.leekwars.generator.FightFunctions.getLeek)), load(sysexec(LeekFunctions.string, load(sysexec(com.leekwars.generator.FightFunctions.getChips, new Object[] { null })))), load(sysexec(LeekFunctions.string, load(sysexec(com.leekwars.generator.FightFunctions.getChips, 1)))), load(sysexec(com.leekwars.generator.FightFunctions.getChips, -1)), load(sysexec(com.leekwars.generator.FightFunctions.getAbsoluteShield, new Object[] { null })), load(sysexec(com.leekwars.generator.FightFunctions.getAbsoluteShield, 1)), load(sysexec(com.leekwars.generator.FightFunctions.getAbsoluteShield, -1)), load(sysexec(com.leekwars.generator.FightFunctions.getRelativeShield, new Object[] { null })), load(sysexec(com.leekwars.generator.FightFunctions.getRelativeShield, 1)), load(sysexec(com.leekwars.generator.FightFunctions.getRelativeShield, -1)), load(sysexec(com.leekwars.generator.FightFunctions.getLevel, new Object[] { null })), load(sysexec(com.leekwars.generator.FightFunctions.getLevel, 1)), load(sysexec(com.leekwars.generator.FightFunctions.getLevel, -1)), load(sysexec(com.leekwars.generator.FightFunctions.getFrequency, new Object[] { null })), load(sysexec(com.leekwars.generator.FightFunctions.getFrequency, 1)), load(sysexec(com.leekwars.generator.FightFunctions.getFrequency, -1)), load(sysexec(com.leekwars.generator.FightFunctions.getLeekID, new Object[] { null })), load(sysexec(com.leekwars.generator.FightFunctions.getLeekID, 1)), load(sysexec(com.leekwars.generator.FightFunctions.getLeekID, -1)), load(sysexec(com.leekwars.generator.FightFunctions.getTeamName, new Object[] { null })), load(sysexec(com.leekwars.generator.FightFunctions.getTeamName, 1)), load(sysexec(com.leekwars.generator.FightFunctions.getTeamName, -1)), load(sysexec(com.leekwars.generator.FightFunctions.getFarmerName, new Object[] { null })), load(sysexec(com.leekwars.generator.FightFunctions.getFarmerName, 1)), load(sysexec(com.leekwars.generator.FightFunctions.getFarmerName, -1)), load(sysexec(com.leekwars.generator.FightFunctions.getTeamID, new Object[] { null })), load(sysexec(com.leekwars.generator.FightFunctions.getTeamID, 1)), load(sysexec(com.leekwars.generator.FightFunctions.getTeamID, -1)), load(sysexec(com.leekwars.generator.FightFunctions.getFarmerID, new Object[] { null })), load(sysexec(com.leekwars.generator.FightFunctions.getFarmerID, 1)), load(sysexec(com.leekwars.generator.FightFunctions.getFarmerID, -1)), load(sysexec(com.leekwars.generator.FightFunctions.getAIName, new Object[] { null })), load(sysexec(com.leekwars.generator.FightFunctions.getAIName, 1)), load(sysexec(com.leekwars.generator.FightFunctions.getAIName, -1)), load(sysexec(com.leekwars.generator.FightFunctions.getAIID, -1)) }, false), 24);&#13;&#10;                                                                                                                                                                                                                                                                                                                                                                                                                                                                                                                                                                                                                                                                                                                                                                                                                                                                                                                                                                                                                                                                                                                                                                                                                                                                                                                                                                                                                                                                                                                                                                                                                                                                                                                                                                                                                                                                                                                                                                                                                                                                                                                                                                                                                                                                                                                                                                                                                                                                                                                                                                                                                                                                                                                                                                                                                                                                                                                                                       ^&#13;&#10;AI_10.java:12: error: package com.leekwars.generator does not exist&#13;&#10;return ops(new ArrayLeekValue(AI_10.this, new Object[] { load(sysexec(com.leekwars.generator.FightFunctions.getForce, new Object[] { null })), load(sysexec(com.leekwars.generator.FightFunctions.getForce, 1)), load(sysexec(com.leekwars.generator.FightFunctions.getForce, -1)), load(sysexec(com.leekwars.generator.FightFunctions.getAgility, new Object[] { null })), load(sysexec(com.leekwars.generator.FightFunctions.getAgility, 1)), load(sysexec(com.leekwars.generator.FightFunctions.getAgility, -1)), load(sysexec(com.leekwars.generator.FightFunctions.getLife, new Object[] { null })), load(sysexec(com.leekwars.generator.FightFunctions.getLife, 1)), load(sysexec(com.leekwars.generator.FightFunctions.getLife, -1)), load(sysexec(com.leekwars.generator.FightFunctions.getCell, new Object[] { null })), load(sysexec(com.leekwars.generator.FightFunctions.getCell, 1)), load(sysexec(com.leekwars.generator.FightFunctions.getCell, -1)), load(sysexec(com.leekwars.generator.FightFunctions.getWeapon, new Object[] { null })), load(sysexec(com.leekwars.generator.FightFunctions.getWeapon, 1)), load(sysexec(com.leekwars.generator.FightFunctions.getWeapon, -1)), load(sysexec(com.leekwars.generator.FightFunctions.getMP, new Object[] { null })), load(sysexec(com.leekwars.generator.FightFunctions.getMP, 1)), load(sysexec(com.leekwars.generator.FightFunctions.getMP, -1)), load(sysexec(com.leekwars.generator.FightFunctions.getTP, new Object[] { null })), load(sysexec(com.leekwars.generator.FightFunctions.getTP, 1)), load(sysexec(com.leekwars.generator.FightFunctions.getTP, -1)), load(sysexec(com.leekwars.generator.FightFunctions.getTotalLife, new Object[] { null })), load(sysexec(com.leekwars.generator.FightFunctions.getTotalLife, 1)), load(sysexec(com.leekwars.generator.FightFunctions.getTotalLife, -1)), load(sysexec(com.leekwars.generator.FightFunctions.isEnemy, 0)), load(sysexec(com.leekwars.generator.FightFunctions.isEnemy, 1)), load(sysexec(com.leekwars.generator.FightFunctions.isEnemy, -1)), load(sysexec(com.leekwars.generator.FightFunctions.isAlly, 0)), load(sysexec(com.leekwars.generator.FightFunctions.isAlly, 1)), load(sysexec(com.leekwars.generator.FightFunctions.isAlly, -1)), load(sysexec(com.leekwars.generator.FightFunctions.isDead, 0)), load(sysexec(com.leekwars.generator.FightFunctions.isDead, 1)), load(sysexec(com.leekwars.generator.FightFunctions.isDead, -1)), load(sysexec(com.leekwars.generator.FightFunctions.isAlive, 0)), load(sysexec(com.leekwars.generator.FightFunctions.isAlive, 1)), load(sysexec(com.leekwars.generator.FightFunctions.isAlive, -1)), load(sysexec(com.leekwars.generator.FightFunctions.getLeek)), load(sysexec(LeekFunctions.string, load(sysexec(com.leekwars.generator.FightFunctions.getChips, new Object[] { null })))), load(sysexec(LeekFunctions.string, load(sysexec(com.leekwars.generator.FightFunctions.getChips, 1)))), load(sysexec(com.leekwars.generator.FightFunctions.getChips, -1)), load(sysexec(com.leekwars.generator.FightFunctions.getAbsoluteShield, new Object[] { null })), load(sysexec(com.leekwars.generator.FightFunctions.getAbsoluteShield, 1)), load(sysexec(com.leekwars.generator.FightFunctions.getAbsoluteShield, -1)), load(sysexec(com.leekwars.generator.FightFunctions.getRelativeShield, new Object[] { null })), load(sysexec(com.leekwars.generator.FightFunctions.getRelativeShield, 1)), load(sysexec(com.leekwars.generator.FightFunctions.getRelativeShield, -1)), load(sysexec(com.leekwars.generator.FightFunctions.getLevel, new Object[] { null })), load(sysexec(com.leekwars.generator.FightFunctions.getLevel, 1)), load(sysexec(com.leekwars.generator.FightFunctions.getLevel, -1)), load(sysexec(com.leekwars.generator.FightFunctions.getFrequency, new Object[] { null })), load(sysexec(com.leekwars.generator.FightFunctions.getFrequency, 1)), load(sysexec(com.leekwars.generator.FightFunctions.getFrequency, -1)), load(sysexec(com.leekwars.generator.FightFunctions.getLeekID, new Object[] { null })), load(sysexec(com.leekwars.generator.FightFunctions.getLeekID, 1)), load(sysexec(com.leekwars.generator.FightFunctions.getLeekID, -1)), load(sysexec(com.leekwars.generator.FightFunctions.getTeamName, new Object[] { null })), load(sysexec(com.leekwars.generator.FightFunctions.getTeamName, 1)), load(sysexec(com.leekwars.generator.FightFunctions.getTeamName, -1)), load(sysexec(com.leekwars.generator.FightFunctions.getFarmerName, new Object[] { null })), load(sysexec(com.leekwars.generator.FightFunctions.getFarmerName, 1)), load(sysexec(com.leekwars.generator.FightFunctions.getFarmerName, -1)), load(sysexec(com.leekwars.generator.FightFunctions.getTeamID, new Object[] { null })), load(sysexec(com.leekwars.generator.FightFunctions.getTeamID, 1)), load(sysexec(com.leekwars.generator.FightFunctions.getTeamID, -1)), load(sysexec(com.leekwars.generator.FightFunctions.getFarmerID, new Object[] { null })), load(sysexec(com.leekwars.generator.FightFunctions.getFarmerID, 1)), load(sysexec(com.leekwars.generator.FightFunctions.getFarmerID, -1)), load(sysexec(com.leekwars.generator.FightFunctions.getAIName, new Object[] { null })), load(sysexec(com.leekwars.generator.FightFunctions.getAIName, 1)), load(sysexec(com.leekwars.generator.FightFunctions.getAIName, -1)), load(sysexec(com.leekwars.generator.FightFunctions.getAIID, -1)) }, false), 24);&#13;&#10;                                                                                                                                                                                                                                                                                                                                                                                                                                                                                                                                                                                                                                                                                                                                                                                                                                                                                                                                                                                                                                                                                                                                                                                                                                                                                                                                                                                                                                                                                                                                                                                                                                                                                                                                                                                                                                                                                                                                                                                                                                                                                                                                                                                                                                                                                                                                                                                                                                                                                                                                                                                                                                                                                                                                                                                                                                                                                                                                                                                                                           ^&#13;&#10;AI_10.java:12: error: package com.leekwars.generator does not exist&#13;&#10;return ops(new ArrayLeekValue(AI_10.this, new Object[] { load(sysexec(com.leekwars.generator.FightFunctions.getForce, new Object[] { null })), load(sysexec(com.leekwars.generator.FightFunctions.getForce, 1)), load(sysexec(com.leekwars.generator.FightFunctions.getForce, -1)), load(sysexec(com.leekwars.generator.FightFunctions.getAgility, new Object[] { null })), load(sysexec(com.leekwars.generator.FightFunctions.getAgility, 1)), load(sysexec(com.leekwars.generator.FightFunctions.getAgility, -1)), load(sysexec(com.leekwars.generator.FightFunctions.getLife, new Object[] { null })), load(sysexec(com.leekwars.generator.FightFunctions.getLife, 1)), load(sysexec(com.leekwars.generator.FightFunctions.getLife, -1)), load(sysexec(com.leekwars.generator.FightFunctions.getCell, new Object[] { null })), load(sysexec(com.leekwars.generator.FightFunctions.getCell, 1)), load(sysexec(com.leekwars.generator.FightFunctions.getCell, -1)), load(sysexec(com.leekwars.generator.FightFunctions.getWeapon, new Object[] { null })), load(sysexec(com.leekwars.generator.FightFunctions.getWeapon, 1)), load(sysexec(com.leekwars.generator.FightFunctions.getWeapon, -1)), load(sysexec(com.leekwars.generator.FightFunctions.getMP, new Object[] { null })), load(sysexec(com.leekwars.generator.FightFunctions.getMP, 1)), load(sysexec(com.leekwars.generator.FightFunctions.getMP, -1)), load(sysexec(com.leekwars.generator.FightFunctions.getTP, new Object[] { null })), load(sysexec(com.leekwars.generator.FightFunctions.getTP, 1)), load(sysexec(com.leekwars.generator.FightFunctions.getTP, -1)), load(sysexec(com.leekwars.generator.FightFunctions.getTotalLife, new Object[] { null })), load(sysexec(com.leekwars.generator.FightFunctions.getTotalLife, 1)), load(sysexec(com.leekwars.generator.FightFunctions.getTotalLife, -1)), load(sysexec(com.leekwars.generator.FightFunctions.isEnemy, 0)), load(sysexec(com.leekwars.generator.FightFunctions.isEnemy, 1)), load(sysexec(com.leekwars.generator.FightFunctions.isEnemy, -1)), load(sysexec(com.leekwars.generator.FightFunctions.isAlly, 0)), load(sysexec(com.leekwars.generator.FightFunctions.isAlly, 1)), load(sysexec(com.leekwars.generator.FightFunctions.isAlly, -1)), load(sysexec(com.leekwars.generator.FightFunctions.isDead, 0)), load(sysexec(com.leekwars.generator.FightFunctions.isDead, 1)), load(sysexec(com.leekwars.generator.FightFunctions.isDead, -1)), load(sysexec(com.leekwars.generator.FightFunctions.isAlive, 0)), load(sysexec(com.leekwars.generator.FightFunctions.isAlive, 1)), load(sysexec(com.leekwars.generator.FightFunctions.isAlive, -1)), load(sysexec(com.leekwars.generator.FightFunctions.getLeek)), load(sysexec(LeekFunctions.string, load(sysexec(com.leekwars.generator.FightFunctions.getChips, new Object[] { null })))), load(sysexec(LeekFunctions.string, load(sysexec(com.leekwars.generator.FightFunctions.getChips, 1)))), load(sysexec(com.leekwars.generator.FightFunctions.getChips, -1)), load(sysexec(com.leekwars.generator.FightFunctions.getAbsoluteShield, new Object[] { null })), load(sysexec(com.leekwars.generator.FightFunctions.getAbsoluteShield, 1)), load(sysexec(com.leekwars.generator.FightFunctions.getAbsoluteShield, -1)), load(sysexec(com.leekwars.generator.FightFunctions.getRelativeShield, new Object[] { null })), load(sysexec(com.leekwars.generator.FightFunctions.getRelativeShield, 1)), load(sysexec(com.leekwars.generator.FightFunctions.getRelativeShield, -1)), load(sysexec(com.leekwars.generator.FightFunctions.getLevel, new Object[] { null })), load(sysexec(com.leekwars.generator.FightFunctions.getLevel, 1)), load(sysexec(com.leekwars.generator.FightFunctions.getLevel, -1)), load(sysexec(com.leekwars.generator.FightFunctions.getFrequency, new Object[] { null })), load(sysexec(com.leekwars.generator.FightFunctions.getFrequency, 1)), load(sysexec(com.leekwars.generator.FightFunctions.getFrequency, -1)), load(sysexec(com.leekwars.generator.FightFunctions.getLeekID, new Object[] { null })), load(sysexec(com.leekwars.generator.FightFunctions.getLeekID, 1)), load(sysexec(com.leekwars.generator.FightFunctions.getLeekID, -1)), load(sysexec(com.leekwars.generator.FightFunctions.getTeamName, new Object[] { null })), load(sysexec(com.leekwars.generator.FightFunctions.getTeamName, 1)), load(sysexec(com.leekwars.generator.FightFunctions.getTeamName, -1)), load(sysexec(com.leekwars.generator.FightFunctions.getFarmerName, new Object[] { null })), load(sysexec(com.leekwars.generator.FightFunctions.getFarmerName, 1)), load(sysexec(com.leekwars.generator.FightFunctions.getFarmerName, -1)), load(sysexec(com.leekwars.generator.FightFunctions.getTeamID, new Object[] { null })), load(sysexec(com.leekwars.generator.FightFunctions.getTeamID, 1)), load(sysexec(com.leekwars.generator.FightFunctions.getTeamID, -1)), load(sysexec(com.leekwars.generator.FightFunctions.getFarmerID, new Object[] { null })), load(sysexec(com.leekwars.generator.FightFunctions.getFarmerID, 1)), load(sysexec(com.leekwars.generator.FightFunctions.getFarmerID, -1)), load(sysexec(com.leekwars.generator.FightFunctions.getAIName, new Object[] { null })), load(sysexec(com.leekwars.generator.FightFunctions.getAIName, 1)), load(sysexec(com.leekwars.generator.FightFunctions.getAIName, -1)), load(sysexec(com.leekwars.generator.FightFunctions.getAIID, -1)) }, false), 24);&#13;&#10;                                                                                                                                                                                                                                                                                                                                                                                                                                                                                                                                                                                                                                                                                                                                                                                                                                                                                                                                                                                                                                                                                                                                                                                                                                                                                                                                                                                                                                                                                                                                                                                                                                                                                                                                                                                                                                                                                                                                                                                                                                                                                                                                                                                                                                                                                                                                                                                                                                                                                                                                                                                                                                                                                                                                                                                                                                                                                                                                                                                                                                                                                              ^&#13;&#10;AI_10.java:12: error: package com.leekwars.generator does not exist&#13;&#10;return ops(new ArrayLeekValue(AI_10.this, new Object[] { load(sysexec(com.leekwars.generator.FightFunctions.getForce, new Object[] { null })), load(sysexec(com.leekwars.generator.FightFunctions.getForce, 1)), load(sysexec(com.leekwars.generator.FightFunctions.getForce, -1)), load(sysexec(com.leekwars.generator.FightFunctions.getAgility, new Object[] { null })), load(sysexec(com.leekwars.generator.FightFunctions.getAgility, 1)), load(sysexec(com.leekwars.generator.FightFunctions.getAgility, -1)), load(sysexec(com.leekwars.generator.FightFunctions.getLife, new Object[] { null })), load(sysexec(com.leekwars.generator.FightFunctions.getLife, 1)), load(sysexec(com.leekwars.generator.FightFunctions.getLife, -1)), load(sysexec(com.leekwars.generator.FightFunctions.getCell, new Object[] { null })), load(sysexec(com.leekwars.generator.FightFunctions.getCell, 1)), load(sysexec(com.leekwars.generator.FightFunctions.getCell, -1)), load(sysexec(com.leekwars.generator.FightFunctions.getWeapon, new Object[] { null })), load(sysexec(com.leekwars.generator.FightFunctions.getWeapon, 1)), load(sysexec(com.leekwars.generator.FightFunctions.getWeapon, -1)), load(sysexec(com.leekwars.generator.FightFunctions.getMP, new Object[] { null })), load(sysexec(com.leekwars.generator.FightFunctions.getMP, 1)), load(sysexec(com.leekwars.generator.FightFunctions.getMP, -1)), load(sysexec(com.leekwars.generator.FightFunctions.getTP, new Object[] { null })), load(sysexec(com.leekwars.generator.FightFunctions.getTP, 1)), load(sysexec(com.leekwars.generator.FightFunctions.getTP, -1)), load(sysexec(com.leekwars.generator.FightFunctions.getTotalLife, new Object[] { null })), load(sysexec(com.leekwars.generator.FightFunctions.getTotalLife, 1)), load(sysexec(com.leekwars.generator.FightFunctions.getTotalLife, -1)), load(sysexec(com.leekwars.generator.FightFunctions.isEnemy, 0)), load(sysexec(com.leekwars.generator.FightFunctions.isEnemy, 1)), load(sysexec(com.leekwars.generator.FightFunctions.isEnemy, -1)), load(sysexec(com.leekwars.generator.FightFunctions.isAlly, 0)), load(sysexec(com.leekwars.generator.FightFunctions.isAlly, 1)), load(sysexec(com.leekwars.generator.FightFunctions.isAlly, -1)), load(sysexec(com.leekwars.generator.FightFunctions.isDead, 0)), load(sysexec(com.leekwars.generator.FightFunctions.isDead, 1)), load(sysexec(com.leekwars.generator.FightFunctions.isDead, -1)), load(sysexec(com.leekwars.generator.FightFunctions.isAlive, 0)), load(sysexec(com.leekwars.generator.FightFunctions.isAlive, 1)), load(sysexec(com.leekwars.generator.FightFunctions.isAlive, -1)), load(sysexec(com.leekwars.generator.FightFunctions.getLeek)), load(sysexec(LeekFunctions.string, load(sysexec(com.leekwars.generator.FightFunctions.getChips, new Object[] { null })))), load(sysexec(LeekFunctions.string, load(sysexec(com.leekwars.generator.FightFunctions.getChips, 1)))), load(sysexec(com.leekwars.generator.FightFunctions.getChips, -1)), load(sysexec(com.leekwars.generator.FightFunctions.getAbsoluteShield, new Object[] { null })), load(sysexec(com.leekwars.generator.FightFunctions.getAbsoluteShield, 1)), load(sysexec(com.leekwars.generator.FightFunctions.getAbsoluteShield, -1)), load(sysexec(com.leekwars.generator.FightFunctions.getRelativeShield, new Object[] { null })), load(sysexec(com.leekwars.generator.FightFunctions.getRelativeShield, 1)), load(sysexec(com.leekwars.generator.FightFunctions.getRelativeShield, -1)), load(sysexec(com.leekwars.generator.FightFunctions.getLevel, new Object[] { null })), load(sysexec(com.leekwars.generator.FightFunctions.getLevel, 1)), load(sysexec(com.leekwars.generator.FightFunctions.getLevel, -1)), load(sysexec(com.leekwars.generator.FightFunctions.getFrequency, new Object[] { null })), load(sysexec(com.leekwars.generator.FightFunctions.getFrequency, 1)), load(sysexec(com.leekwars.generator.FightFunctions.getFrequency, -1)), load(sysexec(com.leekwars.generator.FightFunctions.getLeekID, new Object[] { null })), load(sysexec(com.leekwars.generator.FightFunctions.getLeekID, 1)), load(sysexec(com.leekwars.generator.FightFunctions.getLeekID, -1)), load(sysexec(com.leekwars.generator.FightFunctions.getTeamName, new Object[] { null })), load(sysexec(com.leekwars.generator.FightFunctions.getTeamName, 1)), load(sysexec(com.leekwars.generator.FightFunctions.getTeamName, -1)), load(sysexec(com.leekwars.generator.FightFunctions.getFarmerName, new Object[] { null })), load(sysexec(com.leekwars.generator.FightFunctions.getFarmerName, 1)), load(sysexec(com.leekwars.generator.FightFunctions.getFarmerName, -1)), load(sysexec(com.leekwars.generator.FightFunctions.getTeamID, new Object[] { null })), load(sysexec(com.leekwars.generator.FightFunctions.getTeamID, 1)), load(sysexec(com.leekwars.generator.FightFunctions.getTeamID, -1)), load(sysexec(com.leekwars.generator.FightFunctions.getFarmerID, new Object[] { null })), load(sysexec(com.leekwars.generator.FightFunctions.getFarmerID, 1)), load(sysexec(com.leekwars.generator.FightFunctions.getFarmerID, -1)), load(sysexec(com.leekwars.generator.FightFunctions.getAIName, new Object[] { null })), load(sysexec(com.leekwars.generator.FightFunctions.getAIName, 1)), load(sysexec(com.leekwars.generator.FightFunctions.getAIName, -1)), load(sysexec(com.leekwars.generator.FightFunctions.getAIID, -1)) }, false), 24);&#13;&#10;                                                                                                                                                                                                                                                                                                                                                                                                                                                                                                                                                                                                                                                                                                                                                                                                                                                                                                                                                                                                                                                                                                                                                                                                                                                                                                                                                                                                                                                                                                                                                                                                                                                                                                                                                                                                                                                                                                                                                                                                                                                                                                                                                                                                                                                                                                                                                                                                                                                                                                                                                                                                                                                                                                                                                                                                                                                                                                                                                                                                                                                                                                                                                                                             ^&#13;&#10;AI_10.java:12: error: package com.leekwars.generator does not exist&#13;&#10;return ops(new ArrayLeekValue(AI_10.this, new Object[] { load(sysexec(com.leekwars.generator.FightFunctions.getForce, new Object[] { null })), load(sysexec(com.leekwars.generator.FightFunctions.getForce, 1)), load(sysexec(com.leekwars.generator.FightFunctions.getForce, -1)), load(sysexec(com.leekwars.generator.FightFunctions.getAgility, new Object[] { null })), load(sysexec(com.leekwars.generator.FightFunctions.getAgility, 1)), load(sysexec(com.leekwars.generator.FightFunctions.getAgility, -1)), load(sysexec(com.leekwars.generator.FightFunctions.getLife, new Object[] { null })), load(sysexec(com.leekwars.generator.FightFunctions.getLife, 1)), load(sysexec(com.leekwars.generator.FightFunctions.getLife, -1)), load(sysexec(com.leekwars.generator.FightFunctions.getCell, new Object[] { null })), load(sysexec(com.leekwars.generator.FightFunctions.getCell, 1)), load(sysexec(com.leekwars.generator.FightFunctions.getCell, -1)), load(sysexec(com.leekwars.generator.FightFunctions.getWeapon, new Object[] { null })), load(sysexec(com.leekwars.generator.FightFunctions.getWeapon, 1)), load(sysexec(com.leekwars.generator.FightFunctions.getWeapon, -1)), load(sysexec(com.leekwars.generator.FightFunctions.getMP, new Object[] { null })), load(sysexec(com.leekwars.generator.FightFunctions.getMP, 1)), load(sysexec(com.leekwars.generator.FightFunctions.getMP, -1)), load(sysexec(com.leekwars.generator.FightFunctions.getTP, new Object[] { null })), load(sysexec(com.leekwars.generator.FightFunctions.getTP, 1)), load(sysexec(com.leekwars.generator.FightFunctions.getTP, -1)), load(sysexec(com.leekwars.generator.FightFunctions.getTotalLife, new Object[] { null })), load(sysexec(com.leekwars.generator.FightFunctions.getTotalLife, 1)), load(sysexec(com.leekwars.generator.FightFunctions.getTotalLife, -1)), load(sysexec(com.leekwars.generator.FightFunctions.isEnemy, 0)), load(sysexec(com.leekwars.generator.FightFunctions.isEnemy, 1)), load(sysexec(com.leekwars.generator.FightFunctions.isEnemy, -1)), load(sysexec(com.leekwars.generator.FightFunctions.isAlly, 0)), load(sysexec(com.leekwars.generator.FightFunctions.isAlly, 1)), load(sysexec(com.leekwars.generator.FightFunctions.isAlly, -1)), load(sysexec(com.leekwars.generator.FightFunctions.isDead, 0)), load(sysexec(com.leekwars.generator.FightFunctions.isDead, 1)), load(sysexec(com.leekwars.generator.FightFunctions.isDead, -1)), load(sysexec(com.leekwars.generator.FightFunctions.isAlive, 0)), load(sysexec(com.leekwars.generator.FightFunctions.isAlive, 1)), load(sysexec(com.leekwars.generator.FightFunctions.isAlive, -1)), load(sysexec(com.leekwars.generator.FightFunctions.getLeek)), load(sysexec(LeekFunctions.string, load(sysexec(com.leekwars.generator.FightFunctions.getChips, new Object[] { null })))), load(sysexec(LeekFunctions.string, load(sysexec(com.leekwars.generator.FightFunctions.getChips, 1)))), load(sysexec(com.leekwars.generator.FightFunctions.getChips, -1)), load(sysexec(com.leekwars.generator.FightFunctions.getAbsoluteShield, new Object[] { null })), load(sysexec(com.leekwars.generator.FightFunctions.getAbsoluteShield, 1)), load(sysexec(com.leekwars.generator.FightFunctions.getAbsoluteShield, -1)), load(sysexec(com.leekwars.generator.FightFunctions.getRelativeShield, new Object[] { null })), load(sysexec(com.leekwars.generator.FightFunctions.getRelativeShield, 1)), load(sysexec(com.leekwars.generator.FightFunctions.getRelativeShield, -1)), load(sysexec(com.leekwars.generator.FightFunctions.getLevel, new Object[] { null })), load(sysexec(com.leekwars.generator.FightFunctions.getLevel, 1)), load(sysexec(com.leekwars.generator.FightFunctions.getLevel, -1)), load(sysexec(com.leekwars.generator.FightFunctions.getFrequency, new Object[] { null })), load(sysexec(com.leekwars.generator.FightFunctions.getFrequency, 1)), load(sysexec(com.leekwars.generator.FightFunctions.getFrequency, -1)), load(sysexec(com.leekwars.generator.FightFunctions.getLeekID, new Object[] { null })), load(sysexec(com.leekwars.generator.FightFunctions.getLeekID, 1)), load(sysexec(com.leekwars.generator.FightFunctions.getLeekID, -1)), load(sysexec(com.leekwars.generator.FightFunctions.getTeamName, new Object[] { null })), load(sysexec(com.leekwars.generator.FightFunctions.getTeamName, 1)), load(sysexec(com.leekwars.generator.FightFunctions.getTeamName, -1)), load(sysexec(com.leekwars.generator.FightFunctions.getFarmerName, new Object[] { null })), load(sysexec(com.leekwars.generator.FightFunctions.getFarmerName, 1)), load(sysexec(com.leekwars.generator.FightFunctions.getFarmerName, -1)), load(sysexec(com.leekwars.generator.FightFunctions.getTeamID, new Object[] { null })), load(sysexec(com.leekwars.generator.FightFunctions.getTeamID, 1)), load(sysexec(com.leekwars.generator.FightFunctions.getTeamID, -1)), load(sysexec(com.leekwars.generator.FightFunctions.getFarmerID, new Object[] { null })), load(sysexec(com.leekwars.generator.FightFunctions.getFarmerID, 1)), load(sysexec(com.leekwars.generator.FightFunctions.getFarmerID, -1)), load(sysexec(com.leekwars.generator.FightFunctions.getAIName, new Object[] { null })), load(sysexec(com.leekwars.generator.FightFunctions.getAIName, 1)), load(sysexec(com.leekwars.generator.FightFunctions.getAIName, -1)), load(sysexec(com.leekwars.generator.FightFunctions.getAIID, -1)) }, false), 24);&#13;&#10;                                                                                                                                                                                                                                                                                                                                                                                                                                                                                                                                                                                                                                                                                                                                                                                                                                                                                                                                                                                                                                                                                                                                                                                                                                                                                                                                                                                                                                                                                                                                                                                                                                                                                                                                                                                                                                                                                                                                                                                                                                                                                                                                                                                                                                                                                                                                                                                                                                                                                                                                                                                                                                                                                                                                                                                                                                                                                                                                                                                                                                                                                                                                                                                                                                                                        ^&#13;&#10;AI_10.java:12: error: package com.leekwars.generator does not exist&#13;&#10;return ops(new ArrayLeekValue(AI_10.this, new Object[] { load(sysexec(com.leekwars.generator.FightFunctions.getForce, new Object[] { null })), load(sysexec(com.leekwars.generator.FightFunctions.getForce, 1)), load(sysexec(com.leekwars.generator.FightFunctions.getForce, -1)), load(sysexec(com.leekwars.generator.FightFunctions.getAgility, new Object[] { null })), load(sysexec(com.leekwars.generator.FightFunctions.getAgility, 1)), load(sysexec(com.leekwars.generator.FightFunctions.getAgility, -1)), load(sysexec(com.leekwars.generator.FightFunctions.getLife, new Object[] { null })), load(sysexec(com.leekwars.generator.FightFunctions.getLife, 1)), load(sysexec(com.leekwars.generator.FightFunctions.getLife, -1)), load(sysexec(com.leekwars.generator.FightFunctions.getCell, new Object[] { null })), load(sysexec(com.leekwars.generator.FightFunctions.getCell, 1)), load(sysexec(com.leekwars.generator.FightFunctions.getCell, -1)), load(sysexec(com.leekwars.generator.FightFunctions.getWeapon, new Object[] { null })), load(sysexec(com.leekwars.generator.FightFunctions.getWeapon, 1)), load(sysexec(com.leekwars.generator.FightFunctions.getWeapon, -1)), load(sysexec(com.leekwars.generator.FightFunctions.getMP, new Object[] { null })), load(sysexec(com.leekwars.generator.FightFunctions.getMP, 1)), load(sysexec(com.leekwars.generator.FightFunctions.getMP, -1)), load(sysexec(com.leekwars.generator.FightFunctions.getTP, new Object[] { null })), load(sysexec(com.leekwars.generator.FightFunctions.getTP, 1)), load(sysexec(com.leekwars.generator.FightFunctions.getTP, -1)), load(sysexec(com.leekwars.generator.FightFunctions.getTotalLife, new Object[] { null })), load(sysexec(com.leekwars.generator.FightFunctions.getTotalLife, 1)), load(sysexec(com.leekwars.generator.FightFunctions.getTotalLife, -1)), load(sysexec(com.leekwars.generator.FightFunctions.isEnemy, 0)), load(sysexec(com.leekwars.generator.FightFunctions.isEnemy, 1)), load(sysexec(com.leekwars.generator.FightFunctions.isEnemy, -1)), load(sysexec(com.leekwars.generator.FightFunctions.isAlly, 0)), load(sysexec(com.leekwars.generator.FightFunctions.isAlly, 1)), load(sysexec(com.leekwars.generator.FightFunctions.isAlly, -1)), load(sysexec(com.leekwars.generator.FightFunctions.isDead, 0)), load(sysexec(com.leekwars.generator.FightFunctions.isDead, 1)), load(sysexec(com.leekwars.generator.FightFunctions.isDead, -1)), load(sysexec(com.leekwars.generator.FightFunctions.isAlive, 0)), load(sysexec(com.leekwars.generator.FightFunctions.isAlive, 1)), load(sysexec(com.leekwars.generator.FightFunctions.isAlive, -1)), load(sysexec(com.leekwars.generator.FightFunctions.getLeek)), load(sysexec(LeekFunctions.string, load(sysexec(com.leekwars.generator.FightFunctions.getChips, new Object[] { null })))), load(sysexec(LeekFunctions.string, load(sysexec(com.leekwars.generator.FightFunctions.getChips, 1)))), load(sysexec(com.leekwars.generator.FightFunctions.getChips, -1)), load(sysexec(com.leekwars.generator.FightFunctions.getAbsoluteShield, new Object[] { null })), load(sysexec(com.leekwars.generator.FightFunctions.getAbsoluteShield, 1)), load(sysexec(com.leekwars.generator.FightFunctions.getAbsoluteShield, -1)), load(sysexec(com.leekwars.generator.FightFunctions.getRelativeShield, new Object[] { null })), load(sysexec(com.leekwars.generator.FightFunctions.getRelativeShield, 1)), load(sysexec(com.leekwars.generator.FightFunctions.getRelativeShield, -1)), load(sysexec(com.leekwars.generator.FightFunctions.getLevel, new Object[] { null })), load(sysexec(com.leekwars.generator.FightFunctions.getLevel, 1)), load(sysexec(com.leekwars.generator.FightFunctions.getLevel, -1)), load(sysexec(com.leekwars.generator.FightFunctions.getFrequency, new Object[] { null })), load(sysexec(com.leekwars.generator.FightFunctions.getFrequency, 1)), load(sysexec(com.leekwars.generator.FightFunctions.getFrequency, -1)), load(sysexec(com.leekwars.generator.FightFunctions.getLeekID, new Object[] { null })), load(sysexec(com.leekwars.generator.FightFunctions.getLeekID, 1)), load(sysexec(com.leekwars.generator.FightFunctions.getLeekID, -1)), load(sysexec(com.leekwars.generator.FightFunctions.getTeamName, new Object[] { null })), load(sysexec(com.leekwars.generator.FightFunctions.getTeamName, 1)), load(sysexec(com.leekwars.generator.FightFunctions.getTeamName, -1)), load(sysexec(com.leekwars.generator.FightFunctions.getFarmerName, new Object[] { null })), load(sysexec(com.leekwars.generator.FightFunctions.getFarmerName, 1)), load(sysexec(com.leekwars.generator.FightFunctions.getFarmerName, -1)), load(sysexec(com.leekwars.generator.FightFunctions.getTeamID, new Object[] { null })), load(sysexec(com.leekwars.generator.FightFunctions.getTeamID, 1)), load(sysexec(com.leekwars.generator.FightFunctions.getTeamID, -1)), load(sysexec(com.leekwars.generator.FightFunctions.getFarmerID, new Object[] { null })), load(sysexec(com.leekwars.generator.FightFunctions.getFarmerID, 1)), load(sysexec(com.leekwars.generator.FightFunctions.getFarmerID, -1)), load(sysexec(com.leekwars.generator.FightFunctions.getAIName, new Object[] { null })), load(sysexec(com.leekwars.generator.FightFunctions.getAIName, 1)), load(sysexec(com.leekwars.generator.FightFunctions.getAIName, -1)), load(sysexec(com.leekwars.generator.FightFunctions.getAIID, -1)) }, false), 24);&#13;&#10;                                                                                                                                                                                                                                                                                                                                                                                                                                                                                                                                                                                                                                                                                                                                                                                                                                                                                                                                                                                                                                                                                                                                                                                                                                                                                                                                                                                                                                                                                                                                                                                                                                                                                                                                                                                                                                                                                                                                                                                                                                                                                                                                                                                                                                                                                                                                                                                                                                                                                                                                                                                                                                                                                                                                                                                                                                                                                                                                                                                                                                                                                                                                                                                                                                                                                                                                                    ^&#13;&#10;AI_10.java:12: error: package com.leekwars.generator does not exist&#13;&#10;return ops(new ArrayLeekValue(AI_10.this, new Object[] { load(sysexec(com.leekwars.generator.FightFunctions.getForce, new Object[] { null })), load(sysexec(com.leekwars.generator.FightFunctions.getForce, 1)), load(sysexec(com.leekwars.generator.FightFunctions.getForce, -1)), load(sysexec(com.leekwars.generator.FightFunctions.getAgility, new Object[] { null })), load(sysexec(com.leekwars.generator.FightFunctions.getAgility, 1)), load(sysexec(com.leekwars.generator.FightFunctions.getAgility, -1)), load(sysexec(com.leekwars.generator.FightFunctions.getLife, new Object[] { null })), load(sysexec(com.leekwars.generator.FightFunctions.getLife, 1)), load(sysexec(com.leekwars.generator.FightFunctions.getLife, -1)), load(sysexec(com.leekwars.generator.FightFunctions.getCell, new Object[] { null })), load(sysexec(com.leekwars.generator.FightFunctions.getCell, 1)), load(sysexec(com.leekwars.generator.FightFunctions.getCell, -1)), load(sysexec(com.leekwars.generator.FightFunctions.getWeapon, new Object[] { null })), load(sysexec(com.leekwars.generator.FightFunctions.getWeapon, 1)), load(sysexec(com.leekwars.generator.FightFunctions.getWeapon, -1)), load(sysexec(com.leekwars.generator.FightFunctions.getMP, new Object[] { null })), load(sysexec(com.leekwars.generator.FightFunctions.getMP, 1)), load(sysexec(com.leekwars.generator.FightFunctions.getMP, -1)), load(sysexec(com.leekwars.generator.FightFunctions.getTP, new Object[] { null })), load(sysexec(com.leekwars.generator.FightFunctions.getTP, 1)), load(sysexec(com.leekwars.generator.FightFunctions.getTP, -1)), load(sysexec(com.leekwars.generator.FightFunctions.getTotalLife, new Object[] { null })), load(sysexec(com.leekwars.generator.FightFunctions.getTotalLife, 1)), load(sysexec(com.leekwars.generator.FightFunctions.getTotalLife, -1)), load(sysexec(com.leekwars.generator.FightFunctions.isEnemy, 0)), load(sysexec(com.leekwars.generator.FightFunctions.isEnemy, 1)), load(sysexec(com.leekwars.generator.FightFunctions.isEnemy, -1)), load(sysexec(com.leekwars.generator.FightFunctions.isAlly, 0)), load(sysexec(com.leekwars.generator.FightFunctions.isAlly, 1)), load(sysexec(com.leekwars.generator.FightFunctions.isAlly, -1)), load(sysexec(com.leekwars.generator.FightFunctions.isDead, 0)), load(sysexec(com.leekwars.generator.FightFunctions.isDead, 1)), load(sysexec(com.leekwars.generator.FightFunctions.isDead, -1)), load(sysexec(com.leekwars.generator.FightFunctions.isAlive, 0)), load(sysexec(com.leekwars.generator.FightFunctions.isAlive, 1)), load(sysexec(com.leekwars.generator.FightFunctions.isAlive, -1)), load(sysexec(com.leekwars.generator.FightFunctions.getLeek)), load(sysexec(LeekFunctions.string, load(sysexec(com.leekwars.generator.FightFunctions.getChips, new Object[] { null })))), load(sysexec(LeekFunctions.string, load(sysexec(com.leekwars.generator.FightFunctions.getChips, 1)))), load(sysexec(com.leekwars.generator.FightFunctions.getChips, -1)), load(sysexec(com.leekwars.generator.FightFunctions.getAbsoluteShield, new Object[] { null })), load(sysexec(com.leekwars.generator.FightFunctions.getAbsoluteShield, 1)), load(sysexec(com.leekwars.generator.FightFunctions.getAbsoluteShield, -1)), load(sysexec(com.leekwars.generator.FightFunctions.getRelativeShield, new Object[] { null })), load(sysexec(com.leekwars.generator.FightFunctions.getRelativeShield, 1)), load(sysexec(com.leekwars.generator.FightFunctions.getRelativeShield, -1)), load(sysexec(com.leekwars.generator.FightFunctions.getLevel, new Object[] { null })), load(sysexec(com.leekwars.generator.FightFunctions.getLevel, 1)), load(sysexec(com.leekwars.generator.FightFunctions.getLevel, -1)), load(sysexec(com.leekwars.generator.FightFunctions.getFrequency, new Object[] { null })), load(sysexec(com.leekwars.generator.FightFunctions.getFrequency, 1)), load(sysexec(com.leekwars.generator.FightFunctions.getFrequency, -1)), load(sysexec(com.leekwars.generator.FightFunctions.getLeekID, new Object[] { null })), load(sysexec(com.leekwars.generator.FightFunctions.getLeekID, 1)), load(sysexec(com.leekwars.generator.FightFunctions.getLeekID, -1)), load(sysexec(com.leekwars.generator.FightFunctions.getTeamName, new Object[] { null })), load(sysexec(com.leekwars.generator.FightFunctions.getTeamName, 1)), load(sysexec(com.leekwars.generator.FightFunctions.getTeamName, -1)), load(sysexec(com.leekwars.generator.FightFunctions.getFarmerName, new Object[] { null })), load(sysexec(com.leekwars.generator.FightFunctions.getFarmerName, 1)), load(sysexec(com.leekwars.generator.FightFunctions.getFarmerName, -1)), load(sysexec(com.leekwars.generator.FightFunctions.getTeamID, new Object[] { null })), load(sysexec(com.leekwars.generator.FightFunctions.getTeamID, 1)), load(sysexec(com.leekwars.generator.FightFunctions.getTeamID, -1)), load(sysexec(com.leekwars.generator.FightFunctions.getFarmerID, new Object[] { null })), load(sysexec(com.leekwars.generator.FightFunctions.getFarmerID, 1)), load(sysexec(com.leekwars.generator.FightFunctions.getFarmerID, -1)), load(sysexec(com.leekwars.generator.FightFunctions.getAIName, new Object[] { null })), load(sysexec(com.leekwars.generator.FightFunctions.getAIName, 1)), load(sysexec(com.leekwars.generator.FightFunctions.getAIName, -1)), load(sysexec(com.leekwars.generator.FightFunctions.getAIID, -1)) }, false), 24);&#13;&#10;                                                                                                                                                                                                                                                                                                                                                                                                                                                                                                                                                                                                                                                                                                                                                                                                                                                                                                                                                                                                                                                                                                                                                                                                                                                                                                                                                                                                                                                                                                                                                                                                                                                                                                                                                                                                                                                                                                                                                                                                                                                                                                                                                                                                                                                                                                                                                                                                                                                                                                                                                                                                                                                                                                                                                                                                                                                                                                                                                                                                                                                                                                                                                                                                                                                                                                                                                                                                                                                   ^&#13;&#10;AI_10.java:12: error: package com.leekwars.generator does not exist&#13;&#10;return ops(new ArrayLeekValue(AI_10.this, new Object[] { load(sysexec(com.leekwars.generator.FightFunctions.getForce, new Object[] { null })), load(sysexec(com.leekwars.generator.FightFunctions.getForce, 1)), load(sysexec(com.leekwars.generator.FightFunctions.getForce, -1)), load(sysexec(com.leekwars.generator.FightFunctions.getAgility, new Object[] { null })), load(sysexec(com.leekwars.generator.FightFunctions.getAgility, 1)), load(sysexec(com.leekwars.generator.FightFunctions.getAgility, -1)), load(sysexec(com.leekwars.generator.FightFunctions.getLife, new Object[] { null })), load(sysexec(com.leekwars.generator.FightFunctions.getLife, 1)), load(sysexec(com.leekwars.generator.FightFunctions.getLife, -1)), load(sysexec(com.leekwars.generator.FightFunctions.getCell, new Object[] { null })), load(sysexec(com.leekwars.generator.FightFunctions.getCell, 1)), load(sysexec(com.leekwars.generator.FightFunctions.getCell, -1)), load(sysexec(com.leekwars.generator.FightFunctions.getWeapon, new Object[] { null })), load(sysexec(com.leekwars.generator.FightFunctions.getWeapon, 1)), load(sysexec(com.leekwars.generator.FightFunctions.getWeapon, -1)), load(sysexec(com.leekwars.generator.FightFunctions.getMP, new Object[] { null })), load(sysexec(com.leekwars.generator.FightFunctions.getMP, 1)), load(sysexec(com.leekwars.generator.FightFunctions.getMP, -1)), load(sysexec(com.leekwars.generator.FightFunctions.getTP, new Object[] { null })), load(sysexec(com.leekwars.generator.FightFunctions.getTP, 1)), load(sysexec(com.leekwars.generator.FightFunctions.getTP, -1)), load(sysexec(com.leekwars.generator.FightFunctions.getTotalLife, new Object[] { null })), load(sysexec(com.leekwars.generator.FightFunctions.getTotalLife, 1)), load(sysexec(com.leekwars.generator.FightFunctions.getTotalLife, -1)), load(sysexec(com.leekwars.generator.FightFunctions.isEnemy, 0)), load(sysexec(com.leekwars.generator.FightFunctions.isEnemy, 1)), load(sysexec(com.leekwars.generator.FightFunctions.isEnemy, -1)), load(sysexec(com.leekwars.generator.FightFunctions.isAlly, 0)), load(sysexec(com.leekwars.generator.FightFunctions.isAlly, 1)), load(sysexec(com.leekwars.generator.FightFunctions.isAlly, -1)), load(sysexec(com.leekwars.generator.FightFunctions.isDead, 0)), load(sysexec(com.leekwars.generator.FightFunctions.isDead, 1)), load(sysexec(com.leekwars.generator.FightFunctions.isDead, -1)), load(sysexec(com.leekwars.generator.FightFunctions.isAlive, 0)), load(sysexec(com.leekwars.generator.FightFunctions.isAlive, 1)), load(sysexec(com.leekwars.generator.FightFunctions.isAlive, -1)), load(sysexec(com.leekwars.generator.FightFunctions.getLeek)), load(sysexec(LeekFunctions.string, load(sysexec(com.leekwars.generator.FightFunctions.getChips, new Object[] { null })))), load(sysexec(LeekFunctions.string, load(sysexec(com.leekwars.generator.FightFunctions.getChips, 1)))), load(sysexec(com.leekwars.generator.FightFunctions.getChips, -1)), load(sysexec(com.leekwars.generator.FightFunctions.getAbsoluteShield, new Object[] { null })), load(sysexec(com.leekwars.generator.FightFunctions.getAbsoluteShield, 1)), load(sysexec(com.leekwars.generator.FightFunctions.getAbsoluteShield, -1)), load(sysexec(com.leekwars.generator.FightFunctions.getRelativeShield, new Object[] { null })), load(sysexec(com.leekwars.generator.FightFunctions.getRelativeShield, 1)), load(sysexec(com.leekwars.generator.FightFunctions.getRelativeShield, -1)), load(sysexec(com.leekwars.generator.FightFunctions.getLevel, new Object[] { null })), load(sysexec(com.leekwars.generator.FightFunctions.getLevel, 1)), load(sysexec(com.leekwars.generator.FightFunctions.getLevel, -1)), load(sysexec(com.leekwars.generator.FightFunctions.getFrequency, new Object[] { null })), load(sysexec(com.leekwars.generator.FightFunctions.getFrequency, 1)), load(sysexec(com.leekwars.generator.FightFunctions.getFrequency, -1)), load(sysexec(com.leekwars.generator.FightFunctions.getLeekID, new Object[] { null })), load(sysexec(com.leekwars.generator.FightFunctions.getLeekID, 1)), load(sysexec(com.leekwars.generator.FightFunctions.getLeekID, -1)), load(sysexec(com.leekwars.generator.FightFunctions.getTeamName, new Object[] { null })), load(sysexec(com.leekwars.generator.FightFunctions.getTeamName, 1)), load(sysexec(com.leekwars.generator.FightFunctions.getTeamName, -1)), load(sysexec(com.leekwars.generator.FightFunctions.getFarmerName, new Object[] { null })), load(sysexec(com.leekwars.generator.FightFunctions.getFarmerName, 1)), load(sysexec(com.leekwars.generator.FightFunctions.getFarmerName, -1)), load(sysexec(com.leekwars.generator.FightFunctions.getTeamID, new Object[] { null })), load(sysexec(com.leekwars.generator.FightFunctions.getTeamID, 1)), load(sysexec(com.leekwars.generator.FightFunctions.getTeamID, -1)), load(sysexec(com.leekwars.generator.FightFunctions.getFarmerID, new Object[] { null })), load(sysexec(com.leekwars.generator.FightFunctions.getFarmerID, 1)), load(sysexec(com.leekwars.generator.FightFunctions.getFarmerID, -1)), load(sysexec(com.leekwars.generator.FightFunctions.getAIName, new Object[] { null })), load(sysexec(com.leekwars.generator.FightFunctions.getAIName, 1)), load(sysexec(com.leekwars.generator.FightFunctions.getAIName, -1)), load(sysexec(com.leekwars.generator.FightFunctions.getAIID, -1)) }, false), 24);&#13;&#10;                                                                                                                                                                                                                                                                                                                                                                                                                                                                                                                                                                                                                                                                                                                                                                                                                                                                                                                                                                                                                                                                                                                                                                                                                                                                                                                                                                                                                                                                                                                                                                                                                                                                                                                                                                                                                                                                                                                                                                                                                                                                                                                                                                                                                                                                                                                                                                                                                                                                                                                                                                                                                                                                                                                                                                                                                                                                                                                                                                                                                                                                                                                                                                                                                                                                                                                                                                                                                                                                                                                              ^&#13;&#10;AI_10.java:12: error: package com.leekwars.generator does not exist&#13;&#10;return ops(new ArrayLeekValue(AI_10.this, new Object[] { load(sysexec(com.leekwars.generator.FightFunctions.getForce, new Object[] { null })), load(sysexec(com.leekwars.generator.FightFunctions.getForce, 1)), load(sysexec(com.leekwars.generator.FightFunctions.getForce, -1)), load(sysexec(com.leekwars.generator.FightFunctions.getAgility, new Object[] { null })), load(sysexec(com.leekwars.generator.FightFunctions.getAgility, 1)), load(sysexec(com.leekwars.generator.FightFunctions.getAgility, -1)), load(sysexec(com.leekwars.generator.FightFunctions.getLife, new Object[] { null })), load(sysexec(com.leekwars.generator.FightFunctions.getLife, 1)), load(sysexec(com.leekwars.generator.FightFunctions.getLife, -1)), load(sysexec(com.leekwars.generator.FightFunctions.getCell, new Object[] { null })), load(sysexec(com.leekwars.generator.FightFunctions.getCell, 1)), load(sysexec(com.leekwars.generator.FightFunctions.getCell, -1)), load(sysexec(com.leekwars.generator.FightFunctions.getWeapon, new Object[] { null })), load(sysexec(com.leekwars.generator.FightFunctions.getWeapon, 1)), load(sysexec(com.leekwars.generator.FightFunctions.getWeapon, -1)), load(sysexec(com.leekwars.generator.FightFunctions.getMP, new Object[] { null })), load(sysexec(com.leekwars.generator.FightFunctions.getMP, 1)), load(sysexec(com.leekwars.generator.FightFunctions.getMP, -1)), load(sysexec(com.leekwars.generator.FightFunctions.getTP, new Object[] { null })), load(sysexec(com.leekwars.generator.FightFunctions.getTP, 1)), load(sysexec(com.leekwars.generator.FightFunctions.getTP, -1)), load(sysexec(com.leekwars.generator.FightFunctions.getTotalLife, new Object[] { null })), load(sysexec(com.leekwars.generator.FightFunctions.getTotalLife, 1)), load(sysexec(com.leekwars.generator.FightFunctions.getTotalLife, -1)), load(sysexec(com.leekwars.generator.FightFunctions.isEnemy, 0)), load(sysexec(com.leekwars.generator.FightFunctions.isEnemy, 1)), load(sysexec(com.leekwars.generator.FightFunctions.isEnemy, -1)), load(sysexec(com.leekwars.generator.FightFunctions.isAlly, 0)), load(sysexec(com.leekwars.generator.FightFunctions.isAlly, 1)), load(sysexec(com.leekwars.generator.FightFunctions.isAlly, -1)), load(sysexec(com.leekwars.generator.FightFunctions.isDead, 0)), load(sysexec(com.leekwars.generator.FightFunctions.isDead, 1)), load(sysexec(com.leekwars.generator.FightFunctions.isDead, -1)), load(sysexec(com.leekwars.generator.FightFunctions.isAlive, 0)), load(sysexec(com.leekwars.generator.FightFunctions.isAlive, 1)), load(sysexec(com.leekwars.generator.FightFunctions.isAlive, -1)), load(sysexec(com.leekwars.generator.FightFunctions.getLeek)), load(sysexec(LeekFunctions.string, load(sysexec(com.leekwars.generator.FightFunctions.getChips, new Object[] { null })))), load(sysexec(LeekFunctions.string, load(sysexec(com.leekwars.generator.FightFunctions.getChips, 1)))), load(sysexec(com.leekwars.generator.FightFunctions.getChips, -1)), load(sysexec(com.leekwars.generator.FightFunctions.getAbsoluteShield, new Object[] { null })), load(sysexec(com.leekwars.generator.FightFunctions.getAbsoluteShield, 1)), load(sysexec(com.leekwars.generator.FightFunctions.getAbsoluteShield, -1)), load(sysexec(com.leekwars.generator.FightFunctions.getRelativeShield, new Object[] { null })), load(sysexec(com.leekwars.generator.FightFunctions.getRelativeShield, 1)), load(sysexec(com.leekwars.generator.FightFunctions.getRelativeShield, -1)), load(sysexec(com.leekwars.generator.FightFunctions.getLevel, new Object[] { null })), load(sysexec(com.leekwars.generator.FightFunctions.getLevel, 1)), load(sysexec(com.leekwars.generator.FightFunctions.getLevel, -1)), load(sysexec(com.leekwars.generator.FightFunctions.getFrequency, new Object[] { null })), load(sysexec(com.leekwars.generator.FightFunctions.getFrequency, 1)), load(sysexec(com.leekwars.generator.FightFunctions.getFrequency, -1)), load(sysexec(com.leekwars.generator.FightFunctions.getLeekID, new Object[] { null })), load(sysexec(com.leekwars.generator.FightFunctions.getLeekID, 1)), load(sysexec(com.leekwars.generator.FightFunctions.getLeekID, -1)), load(sysexec(com.leekwars.generator.FightFunctions.getTeamName, new Object[] { null })), load(sysexec(com.leekwars.generator.FightFunctions.getTeamName, 1)), load(sysexec(com.leekwars.generator.FightFunctions.getTeamName, -1)), load(sysexec(com.leekwars.generator.FightFunctions.getFarmerName, new Object[] { null })), load(sysexec(com.leekwars.generator.FightFunctions.getFarmerName, 1)), load(sysexec(com.leekwars.generator.FightFunctions.getFarmerName, -1)), load(sysexec(com.leekwars.generator.FightFunctions.getTeamID, new Object[] { null })), load(sysexec(com.leekwars.generator.FightFunctions.getTeamID, 1)), load(sysexec(com.leekwars.generator.FightFunctions.getTeamID, -1)), load(sysexec(com.leekwars.generator.FightFunctions.getFarmerID, new Object[] { null })), load(sysexec(com.leekwars.generator.FightFunctions.getFarmerID, 1)), load(sysexec(com.leekwars.generator.FightFunctions.getFarmerID, -1)), load(sysexec(com.leekwars.generator.FightFunctions.getAIName, new Object[] { null })), load(sysexec(com.leekwars.generator.FightFunctions.getAIName, 1)), load(sysexec(com.leekwars.generator.FightFunctions.getAIName, -1)), load(sysexec(com.leekwars.generator.FightFunctions.getAIID, -1)) }, false), 24);&#13;&#10;                                                                                                                                                                                                                                                                                                                                                                                                                                                                                                                                                                                                                                                                                                                                                                                                                                                                                                                                                                                                                                                                                                                                                                                                                                                                                                                                                                                                                                                                                                                                                                                                                                                                                                                                                                                                                                                                                                                                                                                                                                                                                                                                                                                                                                                                                                                                                                                                                                                                                                                                                                                                                                                                                                                                                                                                                                                                                                                                                                                                                                                                                                                                                                                                                                                                                                                                                                                                                                                                                                                                                                                                          ^&#13;&#10;AI_10.java:12: error: package com.leekwars.generator does not exist&#13;&#10;return ops(new ArrayLeekValue(AI_10.this, new Object[] { load(sysexec(com.leekwars.generator.FightFunctions.getForce, new Object[] { null })), load(sysexec(com.leekwars.generator.FightFunctions.getForce, 1)), load(sysexec(com.leekwars.generator.FightFunctions.getForce, -1)), load(sysexec(com.leekwars.generator.FightFunctions.getAgility, new Object[] { null })), load(sysexec(com.leekwars.generator.FightFunctions.getAgility, 1)), load(sysexec(com.leekwars.generator.FightFunctions.getAgility, -1)), load(sysexec(com.leekwars.generator.FightFunctions.getLife, new Object[] { null })), load(sysexec(com.leekwars.generator.FightFunctions.getLife, 1)), load(sysexec(com.leekwars.generator.FightFunctions.getLife, -1)), load(sysexec(com.leekwars.generator.FightFunctions.getCell, new Object[] { null })), load(sysexec(com.leekwars.generator.FightFunctions.getCell, 1)), load(sysexec(com.leekwars.generator.FightFunctions.getCell, -1)), load(sysexec(com.leekwars.generator.FightFunctions.getWeapon, new Object[] { null })), load(sysexec(com.leekwars.generator.FightFunctions.getWeapon, 1)), load(sysexec(com.leekwars.generator.FightFunctions.getWeapon, -1)), load(sysexec(com.leekwars.generator.FightFunctions.getMP, new Object[] { null })), load(sysexec(com.leekwars.generator.FightFunctions.getMP, 1)), load(sysexec(com.leekwars.generator.FightFunctions.getMP, -1)), load(sysexec(com.leekwars.generator.FightFunctions.getTP, new Object[] { null })), load(sysexec(com.leekwars.generator.FightFunctions.getTP, 1)), load(sysexec(com.leekwars.generator.FightFunctions.getTP, -1)), load(sysexec(com.leekwars.generator.FightFunctions.getTotalLife, new Object[] { null })), load(sysexec(com.leekwars.generator.FightFunctions.getTotalLife, 1)), load(sysexec(com.leekwars.generator.FightFunctions.getTotalLife, -1)), load(sysexec(com.leekwars.generator.FightFunctions.isEnemy, 0)), load(sysexec(com.leekwars.generator.FightFunctions.isEnemy, 1)), load(sysexec(com.leekwars.generator.FightFunctions.isEnemy, -1)), load(sysexec(com.leekwars.generator.FightFunctions.isAlly, 0)), load(sysexec(com.leekwars.generator.FightFunctions.isAlly, 1)), load(sysexec(com.leekwars.generator.FightFunctions.isAlly, -1)), load(sysexec(com.leekwars.generator.FightFunctions.isDead, 0)), load(sysexec(com.leekwars.generator.FightFunctions.isDead, 1)), load(sysexec(com.leekwars.generator.FightFunctions.isDead, -1)), load(sysexec(com.leekwars.generator.FightFunctions.isAlive, 0)), load(sysexec(com.leekwars.generator.FightFunctions.isAlive, 1)), load(sysexec(com.leekwars.generator.FightFunctions.isAlive, -1)), load(sysexec(com.leekwars.generator.FightFunctions.getLeek)), load(sysexec(LeekFunctions.string, load(sysexec(com.leekwars.generator.FightFunctions.getChips, new Object[] { null })))), load(sysexec(LeekFunctions.string, load(sysexec(com.leekwars.generator.FightFunctions.getChips, 1)))), load(sysexec(com.leekwars.generator.FightFunctions.getChips, -1)), load(sysexec(com.leekwars.generator.FightFunctions.getAbsoluteShield, new Object[] { null })), load(sysexec(com.leekwars.generator.FightFunctions.getAbsoluteShield, 1)), load(sysexec(com.leekwars.generator.FightFunctions.getAbsoluteShield, -1)), load(sysexec(com.leekwars.generator.FightFunctions.getRelativeShield, new Object[] { null })), load(sysexec(com.leekwars.generator.FightFunctions.getRelativeShield, 1)), load(sysexec(com.leekwars.generator.FightFunctions.getRelativeShield, -1)), load(sysexec(com.leekwars.generator.FightFunctions.getLevel, new Object[] { null })), load(sysexec(com.leekwars.generator.FightFunctions.getLevel, 1)), load(sysexec(com.leekwars.generator.FightFunctions.getLevel, -1)), load(sysexec(com.leekwars.generator.FightFunctions.getFrequency, new Object[] { null })), load(sysexec(com.leekwars.generator.FightFunctions.getFrequency, 1)), load(sysexec(com.leekwars.generator.FightFunctions.getFrequency, -1)), load(sysexec(com.leekwars.generator.FightFunctions.getLeekID, new Object[] { null })), load(sysexec(com.leekwars.generator.FightFunctions.getLeekID, 1)), load(sysexec(com.leekwars.generator.FightFunctions.getLeekID, -1)), load(sysexec(com.leekwars.generator.FightFunctions.getTeamName, new Object[] { null })), load(sysexec(com.leekwars.generator.FightFunctions.getTeamName, 1)), load(sysexec(com.leekwars.generator.FightFunctions.getTeamName, -1)), load(sysexec(com.leekwars.generator.FightFunctions.getFarmerName, new Object[] { null })), load(sysexec(com.leekwars.generator.FightFunctions.getFarmerName, 1)), load(sysexec(com.leekwars.generator.FightFunctions.getFarmerName, -1)), load(sysexec(com.leekwars.generator.FightFunctions.getTeamID, new Object[] { null })), load(sysexec(com.leekwars.generator.FightFunctions.getTeamID, 1)), load(sysexec(com.leekwars.generator.FightFunctions.getTeamID, -1)), load(sysexec(com.leekwars.generator.FightFunctions.getFarmerID, new Object[] { null })), load(sysexec(com.leekwars.generator.FightFunctions.getFarmerID, 1)), load(sysexec(com.leekwars.generator.FightFunctions.getFarmerID, -1)), load(sysexec(com.leekwars.generator.FightFunctions.getAIName, new Object[] { null })), load(sysexec(com.leekwars.generator.FightFunctions.getAIName, 1)), load(sysexec(com.leekwars.generator.FightFunctions.getAIName, -1)), load(sysexec(com.leekwars.generator.FightFunctions.getAIID, -1)) }, false), 24);&#13;&#10;                                                                                                                                                                                                                                                                                                                                                                                                                                                                                                                                                                                                                                                                                                                                                                                                                                                                                                                                                                                                                                                                                                                                                                                                                                                                                                                                                                                                                                                                                                                                                                                                                                                                                                                                                                                                                                                                                                                                                                                                                                                                                                                                                                                                                                                                                                                                                                                                                                                                                                                                                                                                                                                                                                                                                                                                                                                                                                                                                                                                                                                                                                                                                                                                                                                                                                                                                                                                                                                                                                                                                                                                                                                                                                ^&#13;&#10;AI_10.java:12: error: package com.leekwars.generator does not exist&#13;&#10;return ops(new ArrayLeekValue(AI_10.this, new Object[] { load(sysexec(com.leekwars.generator.FightFunctions.getForce, new Object[] { null })), load(sysexec(com.leekwars.generator.FightFunctions.getForce, 1)), load(sysexec(com.leekwars.generator.FightFunctions.getForce, -1)), load(sysexec(com.leekwars.generator.FightFunctions.getAgility, new Object[] { null })), load(sysexec(com.leekwars.generator.FightFunctions.getAgility, 1)), load(sysexec(com.leekwars.generator.FightFunctions.getAgility, -1)), load(sysexec(com.leekwars.generator.FightFunctions.getLife, new Object[] { null })), load(sysexec(com.leekwars.generator.FightFunctions.getLife, 1)), load(sysexec(com.leekwars.generator.FightFunctions.getLife, -1)), load(sysexec(com.leekwars.generator.FightFunctions.getCell, new Object[] { null })), load(sysexec(com.leekwars.generator.FightFunctions.getCell, 1)), load(sysexec(com.leekwars.generator.FightFunctions.getCell, -1)), load(sysexec(com.leekwars.generator.FightFunctions.getWeapon, new Object[] { null })), load(sysexec(com.leekwars.generator.FightFunctions.getWeapon, 1)), load(sysexec(com.leekwars.generator.FightFunctions.getWeapon, -1)), load(sysexec(com.leekwars.generator.FightFunctions.getMP, new Object[] { null })), load(sysexec(com.leekwars.generator.FightFunctions.getMP, 1)), load(sysexec(com.leekwars.generator.FightFunctions.getMP, -1)), load(sysexec(com.leekwars.generator.FightFunctions.getTP, new Object[] { null })), load(sysexec(com.leekwars.generator.FightFunctions.getTP, 1)), load(sysexec(com.leekwars.generator.FightFunctions.getTP, -1)), load(sysexec(com.leekwars.generator.FightFunctions.getTotalLife, new Object[] { null })), load(sysexec(com.leekwars.generator.FightFunctions.getTotalLife, 1)), load(sysexec(com.leekwars.generator.FightFunctions.getTotalLife, -1)), load(sysexec(com.leekwars.generator.FightFunctions.isEnemy, 0)), load(sysexec(com.leekwars.generator.FightFunctions.isEnemy, 1)), load(sysexec(com.leekwars.generator.FightFunctions.isEnemy, -1)), load(sysexec(com.leekwars.generator.FightFunctions.isAlly, 0)), load(sysexec(com.leekwars.generator.FightFunctions.isAlly, 1)), load(sysexec(com.leekwars.generator.FightFunctions.isAlly, -1)), load(sysexec(com.leekwars.generator.FightFunctions.isDead, 0)), load(sysexec(com.leekwars.generator.FightFunctions.isDead, 1)), load(sysexec(com.leekwars.generator.FightFunctions.isDead, -1)), load(sysexec(com.leekwars.generator.FightFunctions.isAlive, 0)), load(sysexec(com.leekwars.generator.FightFunctions.isAlive, 1)), load(sysexec(com.leekwars.generator.FightFunctions.isAlive, -1)), load(sysexec(com.leekwars.generator.FightFunctions.getLeek)), load(sysexec(LeekFunctions.string, load(sysexec(com.leekwars.generator.FightFunctions.getChips, new Object[] { null })))), load(sysexec(LeekFunctions.string, load(sysexec(com.leekwars.generator.FightFunctions.getChips, 1)))), load(sysexec(com.leekwars.generator.FightFunctions.getChips, -1)), load(sysexec(com.leekwars.generator.FightFunctions.getAbsoluteShield, new Object[] { null })), load(sysexec(com.leekwars.generator.FightFunctions.getAbsoluteShield, 1)), load(sysexec(com.leekwars.generator.FightFunctions.getAbsoluteShield, -1)), load(sysexec(com.leekwars.generator.FightFunctions.getRelativeShield, new Object[] { null })), load(sysexec(com.leekwars.generator.FightFunctions.getRelativeShield, 1)), load(sysexec(com.leekwars.generator.FightFunctions.getRelativeShield, -1)), load(sysexec(com.leekwars.generator.FightFunctions.getLevel, new Object[] { null })), load(sysexec(com.leekwars.generator.FightFunctions.getLevel, 1)), load(sysexec(com.leekwars.generator.FightFunctions.getLevel, -1)), load(sysexec(com.leekwars.generator.FightFunctions.getFrequency, new Object[] { null })), load(sysexec(com.leekwars.generator.FightFunctions.getFrequency, 1)), load(sysexec(com.leekwars.generator.FightFunctions.getFrequency, -1)), load(sysexec(com.leekwars.generator.FightFunctions.getLeekID, new Object[] { null })), load(sysexec(com.leekwars.generator.FightFunctions.getLeekID, 1)), load(sysexec(com.leekwars.generator.FightFunctions.getLeekID, -1)), load(sysexec(com.leekwars.generator.FightFunctions.getTeamName, new Object[] { null })), load(sysexec(com.leekwars.generator.FightFunctions.getTeamName, 1)), load(sysexec(com.leekwars.generator.FightFunctions.getTeamName, -1)), load(sysexec(com.leekwars.generator.FightFunctions.getFarmerName, new Object[] { null })), load(sysexec(com.leekwars.generator.FightFunctions.getFarmerName, 1)), load(sysexec(com.leekwars.generator.FightFunctions.getFarmerName, -1)), load(sysexec(com.leekwars.generator.FightFunctions.getTeamID, new Object[] { null })), load(sysexec(com.leekwars.generator.FightFunctions.getTeamID, 1)), load(sysexec(com.leekwars.generator.FightFunctions.getTeamID, -1)), load(sysexec(com.leekwars.generator.FightFunctions.getFarmerID, new Object[] { null })), load(sysexec(com.leekwars.generator.FightFunctions.getFarmerID, 1)), load(sysexec(com.leekwars.generator.FightFunctions.getFarmerID, -1)), load(sysexec(com.leekwars.generator.FightFunctions.getAIName, new Object[] { null })), load(sysexec(com.leekwars.generator.FightFunctions.getAIName, 1)), load(sysexec(com.leekwars.generator.FightFunctions.getAIName, -1)), load(sysexec(com.leekwars.generator.FightFunctions.getAIID, -1)) }, false), 24);&#13;&#10;                                                                                                                                                                                                                                                                                                                                                                                                                                                                                                                                                                                                                                                                                                                                                                                                                                                                                                                                                                                                                                                                                                                                                                                                                                                                                                                                                                                                                                                                                                                                                                                                                                                                                                                                                                                                                                                                                                                                                                                                                                                                                                                                                                                                                                                                                                                                                                                                                                                                                                                                                                                                                                                                                                                                                                                                                                                                                                                                                                                                                                                                                                                                                                                                                                                                                                                                                                                                                                                                                                                                                                                                                                                                                                                                                                  ^&#13;&#10;AI_10.java:12: error: package com.leekwars.generator does not exist&#13;&#10;return ops(new ArrayLeekValue(AI_10.this, new Object[] { load(sysexec(com.leekwars.generator.FightFunctions.getForce, new Object[] { null })), load(sysexec(com.leekwars.generator.FightFunctions.getForce, 1)), load(sysexec(com.leekwars.generator.FightFunctions.getForce, -1)), load(sysexec(com.leekwars.generator.FightFunctions.getAgility, new Object[] { null })), load(sysexec(com.leekwars.generator.FightFunctions.getAgility, 1)), load(sysexec(com.leekwars.generator.FightFunctions.getAgility, -1)), load(sysexec(com.leekwars.generator.FightFunctions.getLife, new Object[] { null })), load(sysexec(com.leekwars.generator.FightFunctions.getLife, 1)), load(sysexec(com.leekwars.generator.FightFunctions.getLife, -1)), load(sysexec(com.leekwars.generator.FightFunctions.getCell, new Object[] { null })), load(sysexec(com.leekwars.generator.FightFunctions.getCell, 1)), load(sysexec(com.leekwars.generator.FightFunctions.getCell, -1)), load(sysexec(com.leekwars.generator.FightFunctions.getWeapon, new Object[] { null })), load(sysexec(com.leekwars.generator.FightFunctions.getWeapon, 1)), load(sysexec(com.leekwars.generator.FightFunctions.getWeapon, -1)), load(sysexec(com.leekwars.generator.FightFunctions.getMP, new Object[] { null })), load(sysexec(com.leekwars.generator.FightFunctions.getMP, 1)), load(sysexec(com.leekwars.generator.FightFunctions.getMP, -1)), load(sysexec(com.leekwars.generator.FightFunctions.getTP, new Object[] { null })), load(sysexec(com.leekwars.generator.FightFunctions.getTP, 1)), load(sysexec(com.leekwars.generator.FightFunctions.getTP, -1)), load(sysexec(com.leekwars.generator.FightFunctions.getTotalLife, new Object[] { null })), load(sysexec(com.leekwars.generator.FightFunctions.getTotalLife, 1)), load(sysexec(com.leekwars.generator.FightFunctions.getTotalLife, -1)), load(sysexec(com.leekwars.generator.FightFunctions.isEnemy, 0)), load(sysexec(com.leekwars.generator.FightFunctions.isEnemy, 1)), load(sysexec(com.leekwars.generator.FightFunctions.isEnemy, -1)), load(sysexec(com.leekwars.generator.FightFunctions.isAlly, 0)), load(sysexec(com.leekwars.generator.FightFunctions.isAlly, 1)), load(sysexec(com.leekwars.generator.FightFunctions.isAlly, -1)), load(sysexec(com.leekwars.generator.FightFunctions.isDead, 0)), load(sysexec(com.leekwars.generator.FightFunctions.isDead, 1)), load(sysexec(com.leekwars.generator.FightFunctions.isDead, -1)), load(sysexec(com.leekwars.generator.FightFunctions.isAlive, 0)), load(sysexec(com.leekwars.generator.FightFunctions.isAlive, 1)), load(sysexec(com.leekwars.generator.FightFunctions.isAlive, -1)), load(sysexec(com.leekwars.generator.FightFunctions.getLeek)), load(sysexec(LeekFunctions.string, load(sysexec(com.leekwars.generator.FightFunctions.getChips, new Object[] { null })))), load(sysexec(LeekFunctions.string, load(sysexec(com.leekwars.generator.FightFunctions.getChips, 1)))), load(sysexec(com.leekwars.generator.FightFunctions.getChips, -1)), load(sysexec(com.leekwars.generator.FightFunctions.getAbsoluteShield, new Object[] { null })), load(sysexec(com.leekwars.generator.FightFunctions.getAbsoluteShield, 1)), load(sysexec(com.leekwars.generator.FightFunctions.getAbsoluteShield, -1)), load(sysexec(com.leekwars.generator.FightFunctions.getRelativeShield, new Object[] { null })), load(sysexec(com.leekwars.generator.FightFunctions.getRelativeShield, 1)), load(sysexec(com.leekwars.generator.FightFunctions.getRelativeShield, -1)), load(sysexec(com.leekwars.generator.FightFunctions.getLevel, new Object[] { null })), load(sysexec(com.leekwars.generator.FightFunctions.getLevel, 1)), load(sysexec(com.leekwars.generator.FightFunctions.getLevel, -1)), load(sysexec(com.leekwars.generator.FightFunctions.getFrequency, new Object[] { null })), load(sysexec(com.leekwars.generator.FightFunctions.getFrequency, 1)), load(sysexec(com.leekwars.generator.FightFunctions.getFrequency, -1)), load(sysexec(com.leekwars.generator.FightFunctions.getLeekID, new Object[] { null })), load(sysexec(com.leekwars.generator.FightFunctions.getLeekID, 1)), load(sysexec(com.leekwars.generator.FightFunctions.getLeekID, -1)), load(sysexec(com.leekwars.generator.FightFunctions.getTeamName, new Object[] { null })), load(sysexec(com.leekwars.generator.FightFunctions.getTeamName, 1)), load(sysexec(com.leekwars.generator.FightFunctions.getTeamName, -1)), load(sysexec(com.leekwars.generator.FightFunctions.getFarmerName, new Object[] { null })), load(sysexec(com.leekwars.generator.FightFunctions.getFarmerName, 1)), load(sysexec(com.leekwars.generator.FightFunctions.getFarmerName, -1)), load(sysexec(com.leekwars.generator.FightFunctions.getTeamID, new Object[] { null })), load(sysexec(com.leekwars.generator.FightFunctions.getTeamID, 1)), load(sysexec(com.leekwars.generator.FightFunctions.getTeamID, -1)), load(sysexec(com.leekwars.generator.FightFunctions.getFarmerID, new Object[] { null })), load(sysexec(com.leekwars.generator.FightFunctions.getFarmerID, 1)), load(sysexec(com.leekwars.generator.FightFunctions.getFarmerID, -1)), load(sysexec(com.leekwars.generator.FightFunctions.getAIName, new Object[] { null })), load(sysexec(com.leekwars.generator.FightFunctions.getAIName, 1)), load(sysexec(com.leekwars.generator.FightFunctions.getAIName, -1)), load(sysexec(com.leekwars.generator.FightFunctions.getAIID, -1)) }, false), 24);&#13;&#10;                                                                                                                                                                                                                                                                                                                                                                                                                                                                                                                                                                                                                                                                                                                                                                                                                                                                                                                                                                                                                                                                                                                                                                                                                                                                                                                                                                                                                                                                                                                                                                                                                                                                                                                                                                                                                                                                                                                                                                                                                                                                                                                                                                                                                                                                                                                                                                                                                                                                                                                                                                                                                                                                                                                                                                                                                                                                                                                                                                                                                                                                                                                                                                                                                                                                                                                                                                                                                                                                                                                                                                                                                                                                                                                                                                                                                                     ^&#13;&#10;AI_10.java:12: error: package com.leekwars.generator does not exist&#13;&#10;return ops(new ArrayLeekValue(AI_10.this, new Object[] { load(sysexec(com.leekwars.generator.FightFunctions.getForce, new Object[] { null })), load(sysexec(com.leekwars.generator.FightFunctions.getForce, 1)), load(sysexec(com.leekwars.generator.FightFunctions.getForce, -1)), load(sysexec(com.leekwars.generator.FightFunctions.getAgility, new Object[] { null })), load(sysexec(com.leekwars.generator.FightFunctions.getAgility, 1)), load(sysexec(com.leekwars.generator.FightFunctions.getAgility, -1)), load(sysexec(com.leekwars.generator.FightFunctions.getLife, new Object[] { null })), load(sysexec(com.leekwars.generator.FightFunctions.getLife, 1)), load(sysexec(com.leekwars.generator.FightFunctions.getLife, -1)), load(sysexec(com.leekwars.generator.FightFunctions.getCell, new Object[] { null })), load(sysexec(com.leekwars.generator.FightFunctions.getCell, 1)), load(sysexec(com.leekwars.generator.FightFunctions.getCell, -1)), load(sysexec(com.leekwars.generator.FightFunctions.getWeapon, new Object[] { null })), load(sysexec(com.leekwars.generator.FightFunctions.getWeapon, 1)), load(sysexec(com.leekwars.generator.FightFunctions.getWeapon, -1)), load(sysexec(com.leekwars.generator.FightFunctions.getMP, new Object[] { null })), load(sysexec(com.leekwars.generator.FightFunctions.getMP, 1)), load(sysexec(com.leekwars.generator.FightFunctions.getMP, -1)), load(sysexec(com.leekwars.generator.FightFunctions.getTP, new Object[] { null })), load(sysexec(com.leekwars.generator.FightFunctions.getTP, 1)), load(sysexec(com.leekwars.generator.FightFunctions.getTP, -1)), load(sysexec(com.leekwars.generator.FightFunctions.getTotalLife, new Object[] { null })), load(sysexec(com.leekwars.generator.FightFunctions.getTotalLife, 1)), load(sysexec(com.leekwars.generator.FightFunctions.getTotalLife, -1)), load(sysexec(com.leekwars.generator.FightFunctions.isEnemy, 0)), load(sysexec(com.leekwars.generator.FightFunctions.isEnemy, 1)), load(sysexec(com.leekwars.generator.FightFunctions.isEnemy, -1)), load(sysexec(com.leekwars.generator.FightFunctions.isAlly, 0)), load(sysexec(com.leekwars.generator.FightFunctions.isAlly, 1)), load(sysexec(com.leekwars.generator.FightFunctions.isAlly, -1)), load(sysexec(com.leekwars.generator.FightFunctions.isDead, 0)), load(sysexec(com.leekwars.generator.FightFunctions.isDead, 1)), load(sysexec(com.leekwars.generator.FightFunctions.isDead, -1)), load(sysexec(com.leekwars.generator.FightFunctions.isAlive, 0)), load(sysexec(com.leekwars.generator.FightFunctions.isAlive, 1)), load(sysexec(com.leekwars.generator.FightFunctions.isAlive, -1)), load(sysexec(com.leekwars.generator.FightFunctions.getLeek)), load(sysexec(LeekFunctions.string, load(sysexec(com.leekwars.generator.FightFunctions.getChips, new Object[] { null })))), load(sysexec(LeekFunctions.string, load(sysexec(com.leekwars.generator.FightFunctions.getChips, 1)))), load(sysexec(com.leekwars.generator.FightFunctions.getChips, -1)), load(sysexec(com.leekwars.generator.FightFunctions.getAbsoluteShield, new Object[] { null })), load(sysexec(com.leekwars.generator.FightFunctions.getAbsoluteShield, 1)), load(sysexec(com.leekwars.generator.FightFunctions.getAbsoluteShield, -1)), load(sysexec(com.leekwars.generator.FightFunctions.getRelativeShield, new Object[] { null })), load(sysexec(com.leekwars.generator.FightFunctions.getRelativeShield, 1)), load(sysexec(com.leekwars.generator.FightFunctions.getRelativeShield, -1)), load(sysexec(com.leekwars.generator.FightFunctions.getLevel, new Object[] { null })), load(sysexec(com.leekwars.generator.FightFunctions.getLevel, 1)), load(sysexec(com.leekwars.generator.FightFunctions.getLevel, -1)), load(sysexec(com.leekwars.generator.FightFunctions.getFrequency, new Object[] { null })), load(sysexec(com.leekwars.generator.FightFunctions.getFrequency, 1)), load(sysexec(com.leekwars.generator.FightFunctions.getFrequency, -1)), load(sysexec(com.leekwars.generator.FightFunctions.getLeekID, new Object[] { null })), load(sysexec(com.leekwars.generator.FightFunctions.getLeekID, 1)), load(sysexec(com.leekwars.generator.FightFunctions.getLeekID, -1)), load(sysexec(com.leekwars.generator.FightFunctions.getTeamName, new Object[] { null })), load(sysexec(com.leekwars.generator.FightFunctions.getTeamName, 1)), load(sysexec(com.leekwars.generator.FightFunctions.getTeamName, -1)), load(sysexec(com.leekwars.generator.FightFunctions.getFarmerName, new Object[] { null })), load(sysexec(com.leekwars.generator.FightFunctions.getFarmerName, 1)), load(sysexec(com.leekwars.generator.FightFunctions.getFarmerName, -1)), load(sysexec(com.leekwars.generator.FightFunctions.getTeamID, new Object[] { null })), load(sysexec(com.leekwars.generator.FightFunctions.getTeamID, 1)), load(sysexec(com.leekwars.generator.FightFunctions.getTeamID, -1)), load(sysexec(com.leekwars.generator.FightFunctions.getFarmerID, new Object[] { null })), load(sysexec(com.leekwars.generator.FightFunctions.getFarmerID, 1)), load(sysexec(com.leekwars.generator.FightFunctions.getFarmerID, -1)), load(sysexec(com.leekwars.generator.FightFunctions.getAIName, new Object[] { null })), load(sysexec(com.leekwars.generator.FightFunctions.getAIName, 1)), load(sysexec(com.leekwars.generator.FightFunctions.getAIName, -1)), load(sysexec(com.leekwars.generator.FightFunctions.getAIID, -1)) }, false), 24);&#13;&#10;                                                                                                                                                                                                                                                                                                                                                                                                                                                                                                                                                                                                                                                                                                                                                                                                                                                                                                                                                                                                                                                                                                                                                                                                                                                                                                                                                                                                                                                                                                                                                                                                                                                                                                                                                                                                                                                                                                                                                                                                                                                                                                                                                                                                                                                                                                                                                                                                                                                                                                                                                                                                                                                                                                                                                                                                                                                                                                                                                                                                                                                                                                                                                                                                                                                                                                                                                                                                                                                                                                                                                                                                                                                                                                                                                                                                                                                                                                                               ^&#13;&#10;AI_10.java:12: error: package com.leekwars.generator does not exist&#13;&#10;return ops(new ArrayLeekValue(AI_10.this, new Object[] { load(sysexec(com.leekwars.generator.FightFunctions.getForce, new Object[] { null })), load(sysexec(com.leekwars.generator.FightFunctions.getForce, 1)), load(sysexec(com.leekwars.generator.FightFunctions.getForce, -1)), load(sysexec(com.leekwars.generator.FightFunctions.getAgility, new Object[] { null })), load(sysexec(com.leekwars.generator.FightFunctions.getAgility, 1)), load(sysexec(com.leekwars.generator.FightFunctions.getAgility, -1)), load(sysexec(com.leekwars.generator.FightFunctions.getLife, new Object[] { null })), load(sysexec(com.leekwars.generator.FightFunctions.getLife, 1)), load(sysexec(com.leekwars.generator.FightFunctions.getLife, -1)), load(sysexec(com.leekwars.generator.FightFunctions.getCell, new Object[] { null })), load(sysexec(com.leekwars.generator.FightFunctions.getCell, 1)), load(sysexec(com.leekwars.generator.FightFunctions.getCell, -1)), load(sysexec(com.leekwars.generator.FightFunctions.getWeapon, new Object[] { null })), load(sysexec(com.leekwars.generator.FightFunctions.getWeapon, 1)), load(sysexec(com.leekwars.generator.FightFunctions.getWeapon, -1)), load(sysexec(com.leekwars.generator.FightFunctions.getMP, new Object[] { null })), load(sysexec(com.leekwars.generator.FightFunctions.getMP, 1)), load(sysexec(com.leekwars.generator.FightFunctions.getMP, -1)), load(sysexec(com.leekwars.generator.FightFunctions.getTP, new Object[] { null })), load(sysexec(com.leekwars.generator.FightFunctions.getTP, 1)), load(sysexec(com.leekwars.generator.FightFunctions.getTP, -1)), load(sysexec(com.leekwars.generator.FightFunctions.getTotalLife, new Object[] { null })), load(sysexec(com.leekwars.generator.FightFunctions.getTotalLife, 1)), load(sysexec(com.leekwars.generator.FightFunctions.getTotalLife, -1)), load(sysexec(com.leekwars.generator.FightFunctions.isEnemy, 0)), load(sysexec(com.leekwars.generator.FightFunctions.isEnemy, 1)), load(sysexec(com.leekwars.generator.FightFunctions.isEnemy, -1)), load(sysexec(com.leekwars.generator.FightFunctions.isAlly, 0)), load(sysexec(com.leekwars.generator.FightFunctions.isAlly, 1)), load(sysexec(com.leekwars.generator.FightFunctions.isAlly, -1)), load(sysexec(com.leekwars.generator.FightFunctions.isDead, 0)), load(sysexec(com.leekwars.generator.FightFunctions.isDead, 1)), load(sysexec(com.leekwars.generator.FightFunctions.isDead, -1)), load(sysexec(com.leekwars.generator.FightFunctions.isAlive, 0)), load(sysexec(com.leekwars.generator.FightFunctions.isAlive, 1)), load(sysexec(com.leekwars.generator.FightFunctions.isAlive, -1)), load(sysexec(com.leekwars.generator.FightFunctions.getLeek)), load(sysexec(LeekFunctions.string, load(sysexec(com.leekwars.generator.FightFunctions.getChips, new Object[] { null })))), load(sysexec(LeekFunctions.string, load(sysexec(com.leekwars.generator.FightFunctions.getChips, 1)))), load(sysexec(com.leekwars.generator.FightFunctions.getChips, -1)), load(sysexec(com.leekwars.generator.FightFunctions.getAbsoluteShield, new Object[] { null })), load(sysexec(com.leekwars.generator.FightFunctions.getAbsoluteShield, 1)), load(sysexec(com.leekwars.generator.FightFunctions.getAbsoluteShield, -1)), load(sysexec(com.leekwars.generator.FightFunctions.getRelativeShield, new Object[] { null })), load(sysexec(com.leekwars.generator.FightFunctions.getRelativeShield, 1)), load(sysexec(com.leekwars.generator.FightFunctions.getRelativeShield, -1)), load(sysexec(com.leekwars.generator.FightFunctions.getLevel, new Object[] { null })), load(sysexec(com.leekwars.generator.FightFunctions.getLevel, 1)), load(sysexec(com.leekwars.generator.FightFunctions.getLevel, -1)), load(sysexec(com.leekwars.generator.FightFunctions.getFrequency, new Object[] { null })), load(sysexec(com.leekwars.generator.FightFunctions.getFrequency, 1)), load(sysexec(com.leekwars.generator.FightFunctions.getFrequency, -1)), load(sysexec(com.leekwars.generator.FightFunctions.getLeekID, new Object[] { null })), load(sysexec(com.leekwars.generator.FightFunctions.getLeekID, 1)), load(sysexec(com.leekwars.generator.FightFunctions.getLeekID, -1)), load(sysexec(com.leekwars.generator.FightFunctions.getTeamName, new Object[] { null })), load(sysexec(com.leekwars.generator.FightFunctions.getTeamName, 1)), load(sysexec(com.leekwars.generator.FightFunctions.getTeamName, -1)), load(sysexec(com.leekwars.generator.FightFunctions.getFarmerName, new Object[] { null })), load(sysexec(com.leekwars.generator.FightFunctions.getFarmerName, 1)), load(sysexec(com.leekwars.generator.FightFunctions.getFarmerName, -1)), load(sysexec(com.leekwars.generator.FightFunctions.getTeamID, new Object[] { null })), load(sysexec(com.leekwars.generator.FightFunctions.getTeamID, 1)), load(sysexec(com.leekwars.generator.FightFunctions.getTeamID, -1)), load(sysexec(com.leekwars.generator.FightFunctions.getFarmerID, new Object[] { null })), load(sysexec(com.leekwars.generator.FightFunctions.getFarmerID, 1)), load(sysexec(com.leekwars.generator.FightFunctions.getFarmerID, -1)), load(sysexec(com.leekwars.generator.FightFunctions.getAIName, new Object[] { null })), load(sysexec(com.leekwars.generator.FightFunctions.getAIName, 1)), load(sysexec(com.leekwars.generator.FightFunctions.getAIName, -1)), load(sysexec(com.leekwars.generator.FightFunctions.getAIID, -1)) }, false), 24);&#13;&#10;                                                                                                                                                                                                                                                                                                                                                                                                                                                                                                                                                                                                                                                                                                                                                                                                                                                                                                                                                                                                                                                                                                                                                                                                                                                                                                                                                                                                                                                                                                                                                                                                                                                                                                                                                                                                                                                                                                                                                                                                                                                                                                                                                                                                                                                                                                                                                                                                                                                                                                                                                                                                                                                                                                                                                                                                                                                                                                                                                                                                                                                                                                                                                                                                                                                                                                                                                                                                                                                                                                                                                                                                                                                                                                                                                                                                                                                                                                                                                                                                     ^&#13;&#10;AI_10.java:12: error: package com.leekwars.generator does not exist&#13;&#10;return ops(new ArrayLeekValue(AI_10.this, new Object[] { load(sysexec(com.leekwars.generator.FightFunctions.getForce, new Object[] { null })), load(sysexec(com.leekwars.generator.FightFunctions.getForce, 1)), load(sysexec(com.leekwars.generator.FightFunctions.getForce, -1)), load(sysexec(com.leekwars.generator.FightFunctions.getAgility, new Object[] { null })), load(sysexec(com.leekwars.generator.FightFunctions.getAgility, 1)), load(sysexec(com.leekwars.generator.FightFunctions.getAgility, -1)), load(sysexec(com.leekwars.generator.FightFunctions.getLife, new Object[] { null })), load(sysexec(com.leekwars.generator.FightFunctions.getLife, 1)), load(sysexec(com.leekwars.generator.FightFunctions.getLife, -1)), load(sysexec(com.leekwars.generator.FightFunctions.getCell, new Object[] { null })), load(sysexec(com.leekwars.generator.FightFunctions.getCell, 1)), load(sysexec(com.leekwars.generator.FightFunctions.getCell, -1)), load(sysexec(com.leekwars.generator.FightFunctions.getWeapon, new Object[] { null })), load(sysexec(com.leekwars.generator.FightFunctions.getWeapon, 1)), load(sysexec(com.leekwars.generator.FightFunctions.getWeapon, -1)), load(sysexec(com.leekwars.generator.FightFunctions.getMP, new Object[] { null })), load(sysexec(com.leekwars.generator.FightFunctions.getMP, 1)), load(sysexec(com.leekwars.generator.FightFunctions.getMP, -1)), load(sysexec(com.leekwars.generator.FightFunctions.getTP, new Object[] { null })), load(sysexec(com.leekwars.generator.FightFunctions.getTP, 1)), load(sysexec(com.leekwars.generator.FightFunctions.getTP, -1)), load(sysexec(com.leekwars.generator.FightFunctions.getTotalLife, new Object[] { null })), load(sysexec(com.leekwars.generator.FightFunctions.getTotalLife, 1)), load(sysexec(com.leekwars.generator.FightFunctions.getTotalLife, -1)), load(sysexec(com.leekwars.generator.FightFunctions.isEnemy, 0)), load(sysexec(com.leekwars.generator.FightFunctions.isEnemy, 1)), load(sysexec(com.leekwars.generator.FightFunctions.isEnemy, -1)), load(sysexec(com.leekwars.generator.FightFunctions.isAlly, 0)), load(sysexec(com.leekwars.generator.FightFunctions.isAlly, 1)), load(sysexec(com.leekwars.generator.FightFunctions.isAlly, -1)), load(sysexec(com.leekwars.generator.FightFunctions.isDead, 0)), load(sysexec(com.leekwars.generator.FightFunctions.isDead, 1)), load(sysexec(com.leekwars.generator.FightFunctions.isDead, -1)), load(sysexec(com.leekwars.generator.FightFunctions.isAlive, 0)), load(sysexec(com.leekwars.generator.FightFunctions.isAlive, 1)), load(sysexec(com.leekwars.generator.FightFunctions.isAlive, -1)), load(sysexec(com.leekwars.generator.FightFunctions.getLeek)), load(sysexec(LeekFunctions.string, load(sysexec(com.leekwars.generator.FightFunctions.getChips, new Object[] { null })))), load(sysexec(LeekFunctions.string, load(sysexec(com.leekwars.generator.FightFunctions.getChips, 1)))), load(sysexec(com.leekwars.generator.FightFunctions.getChips, -1)), load(sysexec(com.leekwars.generator.FightFunctions.getAbsoluteShield, new Object[] { null })), load(sysexec(com.leekwars.generator.FightFunctions.getAbsoluteShield, 1)), load(sysexec(com.leekwars.generator.FightFunctions.getAbsoluteShield, -1)), load(sysexec(com.leekwars.generator.FightFunctions.getRelativeShield, new Object[] { null })), load(sysexec(com.leekwars.generator.FightFunctions.getRelativeShield, 1)), load(sysexec(com.leekwars.generator.FightFunctions.getRelativeShield, -1)), load(sysexec(com.leekwars.generator.FightFunctions.getLevel, new Object[] { null })), load(sysexec(com.leekwars.generator.FightFunctions.getLevel, 1)), load(sysexec(com.leekwars.generator.FightFunctions.getLevel, -1)), load(sysexec(com.leekwars.generator.FightFunctions.getFrequency, new Object[] { null })), load(sysexec(com.leekwars.generator.FightFunctions.getFrequency, 1)), load(sysexec(com.leekwars.generator.FightFunctions.getFrequency, -1)), load(sysexec(com.leekwars.generator.FightFunctions.getLeekID, new Object[] { null })), load(sysexec(com.leekwars.generator.FightFunctions.getLeekID, 1)), load(sysexec(com.leekwars.generator.FightFunctions.getLeekID, -1)), load(sysexec(com.leekwars.generator.FightFunctions.getTeamName, new Object[] { null })), load(sysexec(com.leekwars.generator.FightFunctions.getTeamName, 1)), load(sysexec(com.leekwars.generator.FightFunctions.getTeamName, -1)), load(sysexec(com.leekwars.generator.FightFunctions.getFarmerName, new Object[] { null })), load(sysexec(com.leekwars.generator.FightFunctions.getFarmerName, 1)), load(sysexec(com.leekwars.generator.FightFunctions.getFarmerName, -1)), load(sysexec(com.leekwars.generator.FightFunctions.getTeamID, new Object[] { null })), load(sysexec(com.leekwars.generator.FightFunctions.getTeamID, 1)), load(sysexec(com.leekwars.generator.FightFunctions.getTeamID, -1)), load(sysexec(com.leekwars.generator.FightFunctions.getFarmerID, new Object[] { null })), load(sysexec(com.leekwars.generator.FightFunctions.getFarmerID, 1)), load(sysexec(com.leekwars.generator.FightFunctions.getFarmerID, -1)), load(sysexec(com.leekwars.generator.FightFunctions.getAIName, new Object[] { null })), load(sysexec(com.leekwars.generator.FightFunctions.getAIName, 1)), load(sysexec(com.leekwars.generator.FightFunctions.getAIName, -1)), load(sysexec(com.leekwars.generator.FightFunctions.getAIID, -1)) }, false), 24);&#13;&#10;                                                                                                                                                                                                                                                                                                                                                                                                                                                                                                                                                                                                                                                                                                                                                                                                                                                                                                                                                                                                                                                                                                                                                                                                                                                                                                                                                                                                                                                                                                                                                                                                                                                                                                                                                                                                                                                                                                                                                                                                                                                                                                                                                                                                                                                                                                                                                                                                                                                                                                                                                                                                                                                                                                                                                                                                                                                                                                                                                                                                                                                                                                                                                                                                                                                                                                                                                                                                                                                                                                                                                                                                                                                                                                                                                                                                                                                                                                                                                                                                                                                                            ^&#13;&#10;AI_10.java:12: error: package com.leekwars.generator does not exist&#13;&#10;return ops(new ArrayLeekValue(AI_10.this, new Object[] { load(sysexec(com.leekwars.generator.FightFunctions.getForce, new Object[] { null })), load(sysexec(com.leekwars.generator.FightFunctions.getForce, 1)), load(sysexec(com.leekwars.generator.FightFunctions.getForce, -1)), load(sysexec(com.leekwars.generator.FightFunctions.getAgility, new Object[] { null })), load(sysexec(com.leekwars.generator.FightFunctions.getAgility, 1)), load(sysexec(com.leekwars.generator.FightFunctions.getAgility, -1)), load(sysexec(com.leekwars.generator.FightFunctions.getLife, new Object[] { null })), load(sysexec(com.leekwars.generator.FightFunctions.getLife, 1)), load(sysexec(com.leekwars.generator.FightFunctions.getLife, -1)), load(sysexec(com.leekwars.generator.FightFunctions.getCell, new Object[] { null })), load(sysexec(com.leekwars.generator.FightFunctions.getCell, 1)), load(sysexec(com.leekwars.generator.FightFunctions.getCell, -1)), load(sysexec(com.leekwars.generator.FightFunctions.getWeapon, new Object[] { null })), load(sysexec(com.leekwars.generator.FightFunctions.getWeapon, 1)), load(sysexec(com.leekwars.generator.FightFunctions.getWeapon, -1)), load(sysexec(com.leekwars.generator.FightFunctions.getMP, new Object[] { null })), load(sysexec(com.leekwars.generator.FightFunctions.getMP, 1)), load(sysexec(com.leekwars.generator.FightFunctions.getMP, -1)), load(sysexec(com.leekwars.generator.FightFunctions.getTP, new Object[] { null })), load(sysexec(com.leekwars.generator.FightFunctions.getTP, 1)), load(sysexec(com.leekwars.generator.FightFunctions.getTP, -1)), load(sysexec(com.leekwars.generator.FightFunctions.getTotalLife, new Object[] { null })), load(sysexec(com.leekwars.generator.FightFunctions.getTotalLife, 1)), load(sysexec(com.leekwars.generator.FightFunctions.getTotalLife, -1)), load(sysexec(com.leekwars.generator.FightFunctions.isEnemy, 0)), load(sysexec(com.leekwars.generator.FightFunctions.isEnemy, 1)), load(sysexec(com.leekwars.generator.FightFunctions.isEnemy, -1)), load(sysexec(com.leekwars.generator.FightFunctions.isAlly, 0)), load(sysexec(com.leekwars.generator.FightFunctions.isAlly, 1)), load(sysexec(com.leekwars.generator.FightFunctions.isAlly, -1)), load(sysexec(com.leekwars.generator.FightFunctions.isDead, 0)), load(sysexec(com.leekwars.generator.FightFunctions.isDead, 1)), load(sysexec(com.leekwars.generator.FightFunctions.isDead, -1)), load(sysexec(com.leekwars.generator.FightFunctions.isAlive, 0)), load(sysexec(com.leekwars.generator.FightFunctions.isAlive, 1)), load(sysexec(com.leekwars.generator.FightFunctions.isAlive, -1)), load(sysexec(com.leekwars.generator.FightFunctions.getLeek)), load(sysexec(LeekFunctions.string, load(sysexec(com.leekwars.generator.FightFunctions.getChips, new Object[] { null })))), load(sysexec(LeekFunctions.string, load(sysexec(com.leekwars.generator.FightFunctions.getChips, 1)))), load(sysexec(com.leekwars.generator.FightFunctions.getChips, -1)), load(sysexec(com.leekwars.generator.FightFunctions.getAbsoluteShield, new Object[] { null })), load(sysexec(com.leekwars.generator.FightFunctions.getAbsoluteShield, 1)), load(sysexec(com.leekwars.generator.FightFunctions.getAbsoluteShield, -1)), load(sysexec(com.leekwars.generator.FightFunctions.getRelativeShield, new Object[] { null })), load(sysexec(com.leekwars.generator.FightFunctions.getRelativeShield, 1)), load(sysexec(com.leekwars.generator.FightFunctions.getRelativeShield, -1)), load(sysexec(com.leekwars.generator.FightFunctions.getLevel, new Object[] { null })), load(sysexec(com.leekwars.generator.FightFunctions.getLevel, 1)), load(sysexec(com.leekwars.generator.FightFunctions.getLevel, -1)), load(sysexec(com.leekwars.generator.FightFunctions.getFrequency, new Object[] { null })), load(sysexec(com.leekwars.generator.FightFunctions.getFrequency, 1)), load(sysexec(com.leekwars.generator.FightFunctions.getFrequency, -1)), load(sysexec(com.leekwars.generator.FightFunctions.getLeekID, new Object[] { null })), load(sysexec(com.leekwars.generator.FightFunctions.getLeekID, 1)), load(sysexec(com.leekwars.generator.FightFunctions.getLeekID, -1)), load(sysexec(com.leekwars.generator.FightFunctions.getTeamName, new Object[] { null })), load(sysexec(com.leekwars.generator.FightFunctions.getTeamName, 1)), load(sysexec(com.leekwars.generator.FightFunctions.getTeamName, -1)), load(sysexec(com.leekwars.generator.FightFunctions.getFarmerName, new Object[] { null })), load(sysexec(com.leekwars.generator.FightFunctions.getFarmerName, 1)), load(sysexec(com.leekwars.generator.FightFunctions.getFarmerName, -1)), load(sysexec(com.leekwars.generator.FightFunctions.getTeamID, new Object[] { null })), load(sysexec(com.leekwars.generator.FightFunctions.getTeamID, 1)), load(sysexec(com.leekwars.generator.FightFunctions.getTeamID, -1)), load(sysexec(com.leekwars.generator.FightFunctions.getFarmerID, new Object[] { null })), load(sysexec(com.leekwars.generator.FightFunctions.getFarmerID, 1)), load(sysexec(com.leekwars.generator.FightFunctions.getFarmerID, -1)), load(sysexec(com.leekwars.generator.FightFunctions.getAIName, new Object[] { null })), load(sysexec(com.leekwars.generator.FightFunctions.getAIName, 1)), load(sysexec(com.leekwars.generator.FightFunctions.getAIName, -1)), load(sysexec(com.leekwars.generator.FightFunctions.getAIID, -1)) }, false), 24);&#13;&#10;                                                                                                                                                                                                                                                                                                                                                                                                                                                                                                                                                                                                                                                                                                                                                                                                                                                                                                                                                                                                                                                                                                                                                                                                                                                                                                                                                                                                                                                                                                                                                                                                                                                                                                                                                                                                                                                                                                                                                                                                                                                                                                                                                                                                                                                                                                                                                                                                                                                                                                                                                                                                                                                                                                                                                                                                                                                                                                                                                                                                                                                                                                                                                                                                                                                                                                                                                                                                                                                                                                                                                                                                                                                                                                                                                                                                                                                                                                                                                                                                                                                                                                                                                                   ^&#13;&#10;AI_10.java:12: error: package com.leekwars.generator does not exist&#13;&#10;return ops(new ArrayLeekValue(AI_10.this, new Object[] { load(sysexec(com.leekwars.generator.FightFunctions.getForce, new Object[] { null })), load(sysexec(com.leekwars.generator.FightFunctions.getForce, 1)), load(sysexec(com.leekwars.generator.FightFunctions.getForce, -1)), load(sysexec(com.leekwars.generator.FightFunctions.getAgility, new Object[] { null })), load(sysexec(com.leekwars.generator.FightFunctions.getAgility, 1)), load(sysexec(com.leekwars.generator.FightFunctions.getAgility, -1)), load(sysexec(com.leekwars.generator.FightFunctions.getLife, new Object[] { null })), load(sysexec(com.leekwars.generator.FightFunctions.getLife, 1)), load(sysexec(com.leekwars.generator.FightFunctions.getLife, -1)), load(sysexec(com.leekwars.generator.FightFunctions.getCell, new Object[] { null })), load(sysexec(com.leekwars.generator.FightFunctions.getCell, 1)), load(sysexec(com.leekwars.generator.FightFunctions.getCell, -1)), load(sysexec(com.leekwars.generator.FightFunctions.getWeapon, new Object[] { null })), load(sysexec(com.leekwars.generator.FightFunctions.getWeapon, 1)), load(sysexec(com.leekwars.generator.FightFunctions.getWeapon, -1)), load(sysexec(com.leekwars.generator.FightFunctions.getMP, new Object[] { null })), load(sysexec(com.leekwars.generator.FightFunctions.getMP, 1)), load(sysexec(com.leekwars.generator.FightFunctions.getMP, -1)), load(sysexec(com.leekwars.generator.FightFunctions.getTP, new Object[] { null })), load(sysexec(com.leekwars.generator.FightFunctions.getTP, 1)), load(sysexec(com.leekwars.generator.FightFunctions.getTP, -1)), load(sysexec(com.leekwars.generator.FightFunctions.getTotalLife, new Object[] { null })), load(sysexec(com.leekwars.generator.FightFunctions.getTotalLife, 1)), load(sysexec(com.leekwars.generator.FightFunctions.getTotalLife, -1)), load(sysexec(com.leekwars.generator.FightFunctions.isEnemy, 0)), load(sysexec(com.leekwars.generator.FightFunctions.isEnemy, 1)), load(sysexec(com.leekwars.generator.FightFunctions.isEnemy, -1)), load(sysexec(com.leekwars.generator.FightFunctions.isAlly, 0)), load(sysexec(com.leekwars.generator.FightFunctions.isAlly, 1)), load(sysexec(com.leekwars.generator.FightFunctions.isAlly, -1)), load(sysexec(com.leekwars.generator.FightFunctions.isDead, 0)), load(sysexec(com.leekwars.generator.FightFunctions.isDead, 1)), load(sysexec(com.leekwars.generator.FightFunctions.isDead, -1)), load(sysexec(com.leekwars.generator.FightFunctions.isAlive, 0)), load(sysexec(com.leekwars.generator.FightFunctions.isAlive, 1)), load(sysexec(com.leekwars.generator.FightFunctions.isAlive, -1)), load(sysexec(com.leekwars.generator.FightFunctions.getLeek)), load(sysexec(LeekFunctions.string, load(sysexec(com.leekwars.generator.FightFunctions.getChips, new Object[] { null })))), load(sysexec(LeekFunctions.string, load(sysexec(com.leekwars.generator.FightFunctions.getChips, 1)))), load(sysexec(com.leekwars.generator.FightFunctions.getChips, -1)), load(sysexec(com.leekwars.generator.FightFunctions.getAbsoluteShield, new Object[] { null })), load(sysexec(com.leekwars.generator.FightFunctions.getAbsoluteShield, 1)), load(sysexec(com.leekwars.generator.FightFunctions.getAbsoluteShield, -1)), load(sysexec(com.leekwars.generator.FightFunctions.getRelativeShield, new Object[] { null })), load(sysexec(com.leekwars.generator.FightFunctions.getRelativeShield, 1)), load(sysexec(com.leekwars.generator.FightFunctions.getRelativeShield, -1)), load(sysexec(com.leekwars.generator.FightFunctions.getLevel, new Object[] { null })), load(sysexec(com.leekwars.generator.FightFunctions.getLevel, 1)), load(sysexec(com.leekwars.generator.FightFunctions.getLevel, -1)), load(sysexec(com.leekwars.generator.FightFunctions.getFrequency, new Object[] { null })), load(sysexec(com.leekwars.generator.FightFunctions.getFrequency, 1)), load(sysexec(com.leekwars.generator.FightFunctions.getFrequency, -1)), load(sysexec(com.leekwars.generator.FightFunctions.getLeekID, new Object[] { null })), load(sysexec(com.leekwars.generator.FightFunctions.getLeekID, 1)), load(sysexec(com.leekwars.generator.FightFunctions.getLeekID, -1)), load(sysexec(com.leekwars.generator.FightFunctions.getTeamName, new Object[] { null })), load(sysexec(com.leekwars.generator.FightFunctions.getTeamName, 1)), load(sysexec(com.leekwars.generator.FightFunctions.getTeamName, -1)), load(sysexec(com.leekwars.generator.FightFunctions.getFarmerName, new Object[] { null })), load(sysexec(com.leekwars.generator.FightFunctions.getFarmerName, 1)), load(sysexec(com.leekwars.generator.FightFunctions.getFarmerName, -1)), load(sysexec(com.leekwars.generator.FightFunctions.getTeamID, new Object[] { null })), load(sysexec(com.leekwars.generator.FightFunctions.getTeamID, 1)), load(sysexec(com.leekwars.generator.FightFunctions.getTeamID, -1)), load(sysexec(com.leekwars.generator.FightFunctions.getFarmerID, new Object[] { null })), load(sysexec(com.leekwars.generator.FightFunctions.getFarmerID, 1)), load(sysexec(com.leekwars.generator.FightFunctions.getFarmerID, -1)), load(sysexec(com.leekwars.generator.FightFunctions.getAIName, new Object[] { null })), load(sysexec(com.leekwars.generator.FightFunctions.getAIName, 1)), load(sysexec(com.leekwars.generator.FightFunctions.getAIName, -1)), load(sysexec(com.leekwars.generator.FightFunctions.getAIID, -1)) }, false), 24);&#13;&#10;                                                                                                                                                                                                                                                                                                                                                                                                                                                                                                                                                                                                                                                                                                                                                                                                                                                                                                                                                                                                                                                                                                                                                                                                                                                                                                                                                                                                                                                                                                                                                                                                                                                                                                                                                                                                                                                                                                                                                                                                                                                                                                                                                                                                                                                                                                                                                                                                                                                                                                                                                                                                                                                                                                                                                                                                                                                                                                                                                                                                                                                                                                                                                                                                                                                                                                                                                                                                                                                                                                                                                                                                                                                                                                                                                                                                                                                                                                                                                                                                                                                                                                                                                                                                                                      ^&#13;&#10;AI_10.java:12: error: package com.leekwars.generator does not exist&#13;&#10;return ops(new ArrayLeekValue(AI_10.this, new Object[] { load(sysexec(com.leekwars.generator.FightFunctions.getForce, new Object[] { null })), load(sysexec(com.leekwars.generator.FightFunctions.getForce, 1)), load(sysexec(com.leekwars.generator.FightFunctions.getForce, -1)), load(sysexec(com.leekwars.generator.FightFunctions.getAgility, new Object[] { null })), load(sysexec(com.leekwars.generator.FightFunctions.getAgility, 1)), load(sysexec(com.leekwars.generator.FightFunctions.getAgility, -1)), load(sysexec(com.leekwars.generator.FightFunctions.getLife, new Object[] { null })), load(sysexec(com.leekwars.generator.FightFunctions.getLife, 1)), load(sysexec(com.leekwars.generator.FightFunctions.getLife, -1)), load(sysexec(com.leekwars.generator.FightFunctions.getCell, new Object[] { null })), load(sysexec(com.leekwars.generator.FightFunctions.getCell, 1)), load(sysexec(com.leekwars.generator.FightFunctions.getCell, -1)), load(sysexec(com.leekwars.generator.FightFunctions.getWeapon, new Object[] { null })), load(sysexec(com.leekwars.generator.FightFunctions.getWeapon, 1)), load(sysexec(com.leekwars.generator.FightFunctions.getWeapon, -1)), load(sysexec(com.leekwars.generator.FightFunctions.getMP, new Object[] { null })), load(sysexec(com.leekwars.generator.FightFunctions.getMP, 1)), load(sysexec(com.leekwars.generator.FightFunctions.getMP, -1)), load(sysexec(com.leekwars.generator.FightFunctions.getTP, new Object[] { null })), load(sysexec(com.leekwars.generator.FightFunctions.getTP, 1)), load(sysexec(com.leekwars.generator.FightFunctions.getTP, -1)), load(sysexec(com.leekwars.generator.FightFunctions.getTotalLife, new Object[] { null })), load(sysexec(com.leekwars.generator.FightFunctions.getTotalLife, 1)), load(sysexec(com.leekwars.generator.FightFunctions.getTotalLife, -1)), load(sysexec(com.leekwars.generator.FightFunctions.isEnemy, 0)), load(sysexec(com.leekwars.generator.FightFunctions.isEnemy, 1)), load(sysexec(com.leekwars.generator.FightFunctions.isEnemy, -1)), load(sysexec(com.leekwars.generator.FightFunctions.isAlly, 0)), load(sysexec(com.leekwars.generator.FightFunctions.isAlly, 1)), load(sysexec(com.leekwars.generator.FightFunctions.isAlly, -1)), load(sysexec(com.leekwars.generator.FightFunctions.isDead, 0)), load(sysexec(com.leekwars.generator.FightFunctions.isDead, 1)), load(sysexec(com.leekwars.generator.FightFunctions.isDead, -1)), load(sysexec(com.leekwars.generator.FightFunctions.isAlive, 0)), load(sysexec(com.leekwars.generator.FightFunctions.isAlive, 1)), load(sysexec(com.leekwars.generator.FightFunctions.isAlive, -1)), load(sysexec(com.leekwars.generator.FightFunctions.getLeek)), load(sysexec(LeekFunctions.string, load(sysexec(com.leekwars.generator.FightFunctions.getChips, new Object[] { null })))), load(sysexec(LeekFunctions.string, load(sysexec(com.leekwars.generator.FightFunctions.getChips, 1)))), load(sysexec(com.leekwars.generator.FightFunctions.getChips, -1)), load(sysexec(com.leekwars.generator.FightFunctions.getAbsoluteShield, new Object[] { null })), load(sysexec(com.leekwars.generator.FightFunctions.getAbsoluteShield, 1)), load(sysexec(com.leekwars.generator.FightFunctions.getAbsoluteShield, -1)), load(sysexec(com.leekwars.generator.FightFunctions.getRelativeShield, new Object[] { null })), load(sysexec(com.leekwars.generator.FightFunctions.getRelativeShield, 1)), load(sysexec(com.leekwars.generator.FightFunctions.getRelativeShield, -1)), load(sysexec(com.leekwars.generator.FightFunctions.getLevel, new Object[] { null })), load(sysexec(com.leekwars.generator.FightFunctions.getLevel, 1)), load(sysexec(com.leekwars.generator.FightFunctions.getLevel, -1)), load(sysexec(com.leekwars.generator.FightFunctions.getFrequency, new Object[] { null })), load(sysexec(com.leekwars.generator.FightFunctions.getFrequency, 1)), load(sysexec(com.leekwars.generator.FightFunctions.getFrequency, -1)), load(sysexec(com.leekwars.generator.FightFunctions.getLeekID, new Object[] { null })), load(sysexec(com.leekwars.generator.FightFunctions.getLeekID, 1)), load(sysexec(com.leekwars.generator.FightFunctions.getLeekID, -1)), load(sysexec(com.leekwars.generator.FightFunctions.getTeamName, new Object[] { null })), load(sysexec(com.leekwars.generator.FightFunctions.getTeamName, 1)), load(sysexec(com.leekwars.generator.FightFunctions.getTeamName, -1)), load(sysexec(com.leekwars.generator.FightFunctions.getFarmerName, new Object[] { null })), load(sysexec(com.leekwars.generator.FightFunctions.getFarmerName, 1)), load(sysexec(com.leekwars.generator.FightFunctions.getFarmerName, -1)), load(sysexec(com.leekwars.generator.FightFunctions.getTeamID, new Object[] { null })), load(sysexec(com.leekwars.generator.FightFunctions.getTeamID, 1)), load(sysexec(com.leekwars.generator.FightFunctions.getTeamID, -1)), load(sysexec(com.leekwars.generator.FightFunctions.getFarmerID, new Object[] { null })), load(sysexec(com.leekwars.generator.FightFunctions.getFarmerID, 1)), load(sysexec(com.leekwars.generator.FightFunctions.getFarmerID, -1)), load(sysexec(com.leekwars.generator.FightFunctions.getAIName, new Object[] { null })), load(sysexec(com.leekwars.generator.FightFunctions.getAIName, 1)), load(sysexec(com.leekwars.generator.FightFunctions.getAIName, -1)), load(sysexec(com.leekwars.generator.FightFunctions.getAIID, -1)) }, false), 24);&#13;&#10;                                                                                                                                                                                                                                                                                                                                                                                                                                                                                                                                                                                                                                                                                                                                                                                                                                                                                                                                                                                                                                                                                                                                                                                                                                                                                                                                                                                                                                                                                                                                                                                                                                                                                                                                                                                                                                                                                                                                                                                                                                                                                                                                                                                                                                                                                                                                                                                                                                                                                                                                                                                                                                                                                                                                                                                                                                                                                                                                                                                                                                                                                                                                                                                                                                                                                                                                                                                                                                                                                                                                                                                                                                                                                                                                                                                                                                                                                                                                                                                                                                                                                                                                                                                                                                                                                                          ^&#13;&#10;AI_10.java:12: error: package com.leekwars.generator does not exist&#13;&#10;return ops(new ArrayLeekValue(AI_10.this, new Object[] { load(sysexec(com.leekwars.generator.FightFunctions.getForce, new Object[] { null })), load(sysexec(com.leekwars.generator.FightFunctions.getForce, 1)), load(sysexec(com.leekwars.generator.FightFunctions.getForce, -1)), load(sysexec(com.leekwars.generator.FightFunctions.getAgility, new Object[] { null })), load(sysexec(com.leekwars.generator.FightFunctions.getAgility, 1)), load(sysexec(com.leekwars.generator.FightFunctions.getAgility, -1)), load(sysexec(com.leekwars.generator.FightFunctions.getLife, new Object[] { null })), load(sysexec(com.leekwars.generator.FightFunctions.getLife, 1)), load(sysexec(com.leekwars.generator.FightFunctions.getLife, -1)), load(sysexec(com.leekwars.generator.FightFunctions.getCell, new Object[] { null })), load(sysexec(com.leekwars.generator.FightFunctions.getCell, 1)), load(sysexec(com.leekwars.generator.FightFunctions.getCell, -1)), load(sysexec(com.leekwars.generator.FightFunctions.getWeapon, new Object[] { null })), load(sysexec(com.leekwars.generator.FightFunctions.getWeapon, 1)), load(sysexec(com.leekwars.generator.FightFunctions.getWeapon, -1)), load(sysexec(com.leekwars.generator.FightFunctions.getMP, new Object[] { null })), load(sysexec(com.leekwars.generator.FightFunctions.getMP, 1)), load(sysexec(com.leekwars.generator.FightFunctions.getMP, -1)), load(sysexec(com.leekwars.generator.FightFunctions.getTP, new Object[] { null })), load(sysexec(com.leekwars.generator.FightFunctions.getTP, 1)), load(sysexec(com.leekwars.generator.FightFunctions.getTP, -1)), load(sysexec(com.leekwars.generator.FightFunctions.getTotalLife, new Object[] { null })), load(sysexec(com.leekwars.generator.FightFunctions.getTotalLife, 1)), load(sysexec(com.leekwars.generator.FightFunctions.getTotalLife, -1)), load(sysexec(com.leekwars.generator.FightFunctions.isEnemy, 0)), load(sysexec(com.leekwars.generator.FightFunctions.isEnemy, 1)), load(sysexec(com.leekwars.generator.FightFunctions.isEnemy, -1)), load(sysexec(com.leekwars.generator.FightFunctions.isAlly, 0)), load(sysexec(com.leekwars.generator.FightFunctions.isAlly, 1)), load(sysexec(com.leekwars.generator.FightFunctions.isAlly, -1)), load(sysexec(com.leekwars.generator.FightFunctions.isDead, 0)), load(sysexec(com.leekwars.generator.FightFunctions.isDead, 1)), load(sysexec(com.leekwars.generator.FightFunctions.isDead, -1)), load(sysexec(com.leekwars.generator.FightFunctions.isAlive, 0)), load(sysexec(com.leekwars.generator.FightFunctions.isAlive, 1)), load(sysexec(com.leekwars.generator.FightFunctions.isAlive, -1)), load(sysexec(com.leekwars.generator.FightFunctions.getLeek)), load(sysexec(LeekFunctions.string, load(sysexec(com.leekwars.generator.FightFunctions.getChips, new Object[] { null })))), load(sysexec(LeekFunctions.string, load(sysexec(com.leekwars.generator.FightFunctions.getChips, 1)))), load(sysexec(com.leekwars.generator.FightFunctions.getChips, -1)), load(sysexec(com.leekwars.generator.FightFunctions.getAbsoluteShield, new Object[] { null })), load(sysexec(com.leekwars.generator.FightFunctions.getAbsoluteShield, 1)), load(sysexec(com.leekwars.generator.FightFunctions.getAbsoluteShield, -1)), load(sysexec(com.leekwars.generator.FightFunctions.getRelativeShield, new Object[] { null })), load(sysexec(com.leekwars.generator.FightFunctions.getRelativeShield, 1)), load(sysexec(com.leekwars.generator.FightFunctions.getRelativeShield, -1)), load(sysexec(com.leekwars.generator.FightFunctions.getLevel, new Object[] { null })), load(sysexec(com.leekwars.generator.FightFunctions.getLevel, 1)), load(sysexec(com.leekwars.generator.FightFunctions.getLevel, -1)), load(sysexec(com.leekwars.generator.FightFunctions.getFrequency, new Object[] { null })), load(sysexec(com.leekwars.generator.FightFunctions.getFrequency, 1)), load(sysexec(com.leekwars.generator.FightFunctions.getFrequency, -1)), load(sysexec(com.leekwars.generator.FightFunctions.getLeekID, new Object[] { null })), load(sysexec(com.leekwars.generator.FightFunctions.getLeekID, 1)), load(sysexec(com.leekwars.generator.FightFunctions.getLeekID, -1)), load(sysexec(com.leekwars.generator.FightFunctions.getTeamName, new Object[] { null })), load(sysexec(com.leekwars.generator.FightFunctions.getTeamName, 1)), load(sysexec(com.leekwars.generator.FightFunctions.getTeamName, -1)), load(sysexec(com.leekwars.generator.FightFunctions.getFarmerName, new Object[] { null })), load(sysexec(com.leekwars.generator.FightFunctions.getFarmerName, 1)), load(sysexec(com.leekwars.generator.FightFunctions.getFarmerName, -1)), load(sysexec(com.leekwars.generator.FightFunctions.getTeamID, new Object[] { null })), load(sysexec(com.leekwars.generator.FightFunctions.getTeamID, 1)), load(sysexec(com.leekwars.generator.FightFunctions.getTeamID, -1)), load(sysexec(com.leekwars.generator.FightFunctions.getFarmerID, new Object[] { null })), load(sysexec(com.leekwars.generator.FightFunctions.getFarmerID, 1)), load(sysexec(com.leekwars.generator.FightFunctions.getFarmerID, -1)), load(sysexec(com.leekwars.generator.FightFunctions.getAIName, new Object[] { null })), load(sysexec(com.leekwars.generator.FightFunctions.getAIName, 1)), load(sysexec(com.leekwars.generator.FightFunctions.getAIName, -1)), load(sysexec(com.leekwars.generator.FightFunctions.getAIID, -1)) }, false), 24);&#13;&#10;                                                                                                                                                                                                                                                                                                                                                                                                                                                                                                                                                                                                                                                                                                                                                                                                                                                                                                                                                                                                                                                                                                                                                                                                                                                                                                                                                                                                                                                                                                                                                                                                                                                                                                                                                                                                                                                                                                                                                                                                                                                                                                                                                                                                                                                                                                                                                                                                                                                                                                                                                                                                                                                                                                                                                                                                                                                                                                                                                                                                                                                                                                                                                                                                                                                                                                                                                                                                                                                                                                                                                                                                                                                                                                                                                                                                                                                                                                                                                                                                                                                                                                                                                                                                                                                                                                                                                                                                   ^&#13;&#10;AI_10.java:12: error: package com.leekwars.generator does not exist&#13;&#10;return ops(new ArrayLeekValue(AI_10.this, new Object[] { load(sysexec(com.leekwars.generator.FightFunctions.getForce, new Object[] { null })), load(sysexec(com.leekwars.generator.FightFunctions.getForce, 1)), load(sysexec(com.leekwars.generator.FightFunctions.getForce, -1)), load(sysexec(com.leekwars.generator.FightFunctions.getAgility, new Object[] { null })), load(sysexec(com.leekwars.generator.FightFunctions.getAgility, 1)), load(sysexec(com.leekwars.generator.FightFunctions.getAgility, -1)), load(sysexec(com.leekwars.generator.FightFunctions.getLife, new Object[] { null })), load(sysexec(com.leekwars.generator.FightFunctions.getLife, 1)), load(sysexec(com.leekwars.generator.FightFunctions.getLife, -1)), load(sysexec(com.leekwars.generator.FightFunctions.getCell, new Object[] { null })), load(sysexec(com.leekwars.generator.FightFunctions.getCell, 1)), load(sysexec(com.leekwars.generator.FightFunctions.getCell, -1)), load(sysexec(com.leekwars.generator.FightFunctions.getWeapon, new Object[] { null })), load(sysexec(com.leekwars.generator.FightFunctions.getWeapon, 1)), load(sysexec(com.leekwars.generator.FightFunctions.getWeapon, -1)), load(sysexec(com.leekwars.generator.FightFunctions.getMP, new Object[] { null })), load(sysexec(com.leekwars.generator.FightFunctions.getMP, 1)), load(sysexec(com.leekwars.generator.FightFunctions.getMP, -1)), load(sysexec(com.leekwars.generator.FightFunctions.getTP, new Object[] { null })), load(sysexec(com.leekwars.generator.FightFunctions.getTP, 1)), load(sysexec(com.leekwars.generator.FightFunctions.getTP, -1)), load(sysexec(com.leekwars.generator.FightFunctions.getTotalLife, new Object[] { null })), load(sysexec(com.leekwars.generator.FightFunctions.getTotalLife, 1)), load(sysexec(com.leekwars.generator.FightFunctions.getTotalLife, -1)), load(sysexec(com.leekwars.generator.FightFunctions.isEnemy, 0)), load(sysexec(com.leekwars.generator.FightFunctions.isEnemy, 1)), load(sysexec(com.leekwars.generator.FightFunctions.isEnemy, -1)), load(sysexec(com.leekwars.generator.FightFunctions.isAlly, 0)), load(sysexec(com.leekwars.generator.FightFunctions.isAlly, 1)), load(sysexec(com.leekwars.generator.FightFunctions.isAlly, -1)), load(sysexec(com.leekwars.generator.FightFunctions.isDead, 0)), load(sysexec(com.leekwars.generator.FightFunctions.isDead, 1)), load(sysexec(com.leekwars.generator.FightFunctions.isDead, -1)), load(sysexec(com.leekwars.generator.FightFunctions.isAlive, 0)), load(sysexec(com.leekwars.generator.FightFunctions.isAlive, 1)), load(sysexec(com.leekwars.generator.FightFunctions.isAlive, -1)), load(sysexec(com.leekwars.generator.FightFunctions.getLeek)), load(sysexec(LeekFunctions.string, load(sysexec(com.leekwars.generator.FightFunctions.getChips, new Object[] { null })))), load(sysexec(LeekFunctions.string, load(sysexec(com.leekwars.generator.FightFunctions.getChips, 1)))), load(sysexec(com.leekwars.generator.FightFunctions.getChips, -1)), load(sysexec(com.leekwars.generator.FightFunctions.getAbsoluteShield, new Object[] { null })), load(sysexec(com.leekwars.generator.FightFunctions.getAbsoluteShield, 1)), load(sysexec(com.leekwars.generator.FightFunctions.getAbsoluteShield, -1)), load(sysexec(com.leekwars.generator.FightFunctions.getRelativeShield, new Object[] { null })), load(sysexec(com.leekwars.generator.FightFunctions.getRelativeShield, 1)), load(sysexec(com.leekwars.generator.FightFunctions.getRelativeShield, -1)), load(sysexec(com.leekwars.generator.FightFunctions.getLevel, new Object[] { null })), load(sysexec(com.leekwars.generator.FightFunctions.getLevel, 1)), load(sysexec(com.leekwars.generator.FightFunctions.getLevel, -1)), load(sysexec(com.leekwars.generator.FightFunctions.getFrequency, new Object[] { null })), load(sysexec(com.leekwars.generator.FightFunctions.getFrequency, 1)), load(sysexec(com.leekwars.generator.FightFunctions.getFrequency, -1)), load(sysexec(com.leekwars.generator.FightFunctions.getLeekID, new Object[] { null })), load(sysexec(com.leekwars.generator.FightFunctions.getLeekID, 1)), load(sysexec(com.leekwars.generator.FightFunctions.getLeekID, -1)), load(sysexec(com.leekwars.generator.FightFunctions.getTeamName, new Object[] { null })), load(sysexec(com.leekwars.generator.FightFunctions.getTeamName, 1)), load(sysexec(com.leekwars.generator.FightFunctions.getTeamName, -1)), load(sysexec(com.leekwars.generator.FightFunctions.getFarmerName, new Object[] { null })), load(sysexec(com.leekwars.generator.FightFunctions.getFarmerName, 1)), load(sysexec(com.leekwars.generator.FightFunctions.getFarmerName, -1)), load(sysexec(com.leekwars.generator.FightFunctions.getTeamID, new Object[] { null })), load(sysexec(com.leekwars.generator.FightFunctions.getTeamID, 1)), load(sysexec(com.leekwars.generator.FightFunctions.getTeamID, -1)), load(sysexec(com.leekwars.generator.FightFunctions.getFarmerID, new Object[] { null })), load(sysexec(com.leekwars.generator.FightFunctions.getFarmerID, 1)), load(sysexec(com.leekwars.generator.FightFunctions.getFarmerID, -1)), load(sysexec(com.leekwars.generator.FightFunctions.getAIName, new Object[] { null })), load(sysexec(com.leekwars.generator.FightFunctions.getAIName, 1)), load(sysexec(com.leekwars.generator.FightFunctions.getAIName, -1)), load(sysexec(com.leekwars.generator.FightFunctions.getAIID, -1)) }, false), 24);&#13;&#10;                                                                                                                                                                                                                                                                                                                                                                                                                                                                                                                                                                                                                                                                                                                                                                                                                                                                                                                                                                                                                                                                                                                                                                                                                                                                                                                                                                                                                                                                                                                                                                                                                                                                                                                                                                                                                                                                                                                                                                                                                                                                                                                                                                                                                                                                                                                                                                                                                                                                                                                                                                                                                                                                                                                                                                                                                                                                                                                                                                                                                                                                                                                                                                                                                                                                                                                                                                                                                                                                                                                                                                                                                                                                                                                                                                                                                                                                                                                                                                                                                                                                                                                                                                                                                                                                                                                                                                                                                                                                        ^&#13;&#10;AI_10.java:12: error: package com.leekwars.generator does not exist&#13;&#10;return ops(new ArrayLeekValue(AI_10.this, new Object[] { load(sysexec(com.leekwars.generator.FightFunctions.getForce, new Object[] { null })), load(sysexec(com.leekwars.generator.FightFunctions.getForce, 1)), load(sysexec(com.leekwars.generator.FightFunctions.getForce, -1)), load(sysexec(com.leekwars.generator.FightFunctions.getAgility, new Object[] { null })), load(sysexec(com.leekwars.generator.FightFunctions.getAgility, 1)), load(sysexec(com.leekwars.generator.FightFunctions.getAgility, -1)), load(sysexec(com.leekwars.generator.FightFunctions.getLife, new Object[] { null })), load(sysexec(com.leekwars.generator.FightFunctions.getLife, 1)), load(sysexec(com.leekwars.generator.FightFunctions.getLife, -1)), load(sysexec(com.leekwars.generator.FightFunctions.getCell, new Object[] { null })), load(sysexec(com.leekwars.generator.FightFunctions.getCell, 1)), load(sysexec(com.leekwars.generator.FightFunctions.getCell, -1)), load(sysexec(com.leekwars.generator.FightFunctions.getWeapon, new Object[] { null })), load(sysexec(com.leekwars.generator.FightFunctions.getWeapon, 1)), load(sysexec(com.leekwars.generator.FightFunctions.getWeapon, -1)), load(sysexec(com.leekwars.generator.FightFunctions.getMP, new Object[] { null })), load(sysexec(com.leekwars.generator.FightFunctions.getMP, 1)), load(sysexec(com.leekwars.generator.FightFunctions.getMP, -1)), load(sysexec(com.leekwars.generator.FightFunctions.getTP, new Object[] { null })), load(sysexec(com.leekwars.generator.FightFunctions.getTP, 1)), load(sysexec(com.leekwars.generator.FightFunctions.getTP, -1)), load(sysexec(com.leekwars.generator.FightFunctions.getTotalLife, new Object[] { null })), load(sysexec(com.leekwars.generator.FightFunctions.getTotalLife, 1)), load(sysexec(com.leekwars.generator.FightFunctions.getTotalLife, -1)), load(sysexec(com.leekwars.generator.FightFunctions.isEnemy, 0)), load(sysexec(com.leekwars.generator.FightFunctions.isEnemy, 1)), load(sysexec(com.leekwars.generator.FightFunctions.isEnemy, -1)), load(sysexec(com.leekwars.generator.FightFunctions.isAlly, 0)), load(sysexec(com.leekwars.generator.FightFunctions.isAlly, 1)), load(sysexec(com.leekwars.generator.FightFunctions.isAlly, -1)), load(sysexec(com.leekwars.generator.FightFunctions.isDead, 0)), load(sysexec(com.leekwars.generator.FightFunctions.isDead, 1)), load(sysexec(com.leekwars.generator.FightFunctions.isDead, -1)), load(sysexec(com.leekwars.generator.FightFunctions.isAlive, 0)), load(sysexec(com.leekwars.generator.FightFunctions.isAlive, 1)), load(sysexec(com.leekwars.generator.FightFunctions.isAlive, -1)), load(sysexec(com.leekwars.generator.FightFunctions.getLeek)), load(sysexec(LeekFunctions.string, load(sysexec(com.leekwars.generator.FightFunctions.getChips, new Object[] { null })))), load(sysexec(LeekFunctions.string, load(sysexec(com.leekwars.generator.FightFunctions.getChips, 1)))), load(sysexec(com.leekwars.generator.FightFunctions.getChips, -1)), load(sysexec(com.leekwars.generator.FightFunctions.getAbsoluteShield, new Object[] { null })), load(sysexec(com.leekwars.generator.FightFunctions.getAbsoluteShield, 1)), load(sysexec(com.leekwars.generator.FightFunctions.getAbsoluteShield, -1)), load(sysexec(com.leekwars.generator.FightFunctions.getRelativeShield, new Object[] { null })), load(sysexec(com.leekwars.generator.FightFunctions.getRelativeShield, 1)), load(sysexec(com.leekwars.generator.FightFunctions.getRelativeShield, -1)), load(sysexec(com.leekwars.generator.FightFunctions.getLevel, new Object[] { null })), load(sysexec(com.leekwars.generator.FightFunctions.getLevel, 1)), load(sysexec(com.leekwars.generator.FightFunctions.getLevel, -1)), load(sysexec(com.leekwars.generator.FightFunctions.getFrequency, new Object[] { null })), load(sysexec(com.leekwars.generator.FightFunctions.getFrequency, 1)), load(sysexec(com.leekwars.generator.FightFunctions.getFrequency, -1)), load(sysexec(com.leekwars.generator.FightFunctions.getLeekID, new Object[] { null })), load(sysexec(com.leekwars.generator.FightFunctions.getLeekID, 1)), load(sysexec(com.leekwars.generator.FightFunctions.getLeekID, -1)), load(sysexec(com.leekwars.generator.FightFunctions.getTeamName, new Object[] { null })), load(sysexec(com.leekwars.generator.FightFunctions.getTeamName, 1)), load(sysexec(com.leekwars.generator.FightFunctions.getTeamName, -1)), load(sysexec(com.leekwars.generator.FightFunctions.getFarmerName, new Object[] { null })), load(sysexec(com.leekwars.generator.FightFunctions.getFarmerName, 1)), load(sysexec(com.leekwars.generator.FightFunctions.getFarmerName, -1)), load(sysexec(com.leekwars.generator.FightFunctions.getTeamID, new Object[] { null })), load(sysexec(com.leekwars.generator.FightFunctions.getTeamID, 1)), load(sysexec(com.leekwars.generator.FightFunctions.getTeamID, -1)), load(sysexec(com.leekwars.generator.FightFunctions.getFarmerID, new Object[] { null })), load(sysexec(com.leekwars.generator.FightFunctions.getFarmerID, 1)), load(sysexec(com.leekwars.generator.FightFunctions.getFarmerID, -1)), load(sysexec(com.leekwars.generator.FightFunctions.getAIName, new Object[] { null })), load(sysexec(com.leekwars.generator.FightFunctions.getAIName, 1)), load(sysexec(com.leekwars.generator.FightFunctions.getAIName, -1)), load(sysexec(com.leekwars.generator.FightFunctions.getAIID, -1)) }, false), 24);&#13;&#10;                                                                                                                                                                                                                                                                                                                                                                                                                                                                                                                                                                                                                                                                                                                                                                                                                                                                                                                                                                                                                                                                                                                                                                                                                                                                                                                                                                                                                                                                                                                                                                                                                                                                                                                                                                                                                                                                                                                                                                                                                                                                                                                                                                                                                                                                                                                                                                                                                                                                                                                                                                                                                                                                                                                                                                                                                                                                                                                                                                                                                                                                                                                                                                                                                                                                                                                                                                                                                                                                                                                                                                                                                                                                                                                                                                                                                                                                                                                                                                                                                                                                                                                                                                                                                                                                                                                                                                                                                                                                                                                                              ^&#13;&#10;AI_10.java:12: error: package com.leekwars.generator does not exist&#13;&#10;return ops(new ArrayLeekValue(AI_10.this, new Object[] { load(sysexec(com.leekwars.generator.FightFunctions.getForce, new Object[] { null })), load(sysexec(com.leekwars.generator.FightFunctions.getForce, 1)), load(sysexec(com.leekwars.generator.FightFunctions.getForce, -1)), load(sysexec(com.leekwars.generator.FightFunctions.getAgility, new Object[] { null })), load(sysexec(com.leekwars.generator.FightFunctions.getAgility, 1)), load(sysexec(com.leekwars.generator.FightFunctions.getAgility, -1)), load(sysexec(com.leekwars.generator.FightFunctions.getLife, new Object[] { null })), load(sysexec(com.leekwars.generator.FightFunctions.getLife, 1)), load(sysexec(com.leekwars.generator.FightFunctions.getLife, -1)), load(sysexec(com.leekwars.generator.FightFunctions.getCell, new Object[] { null })), load(sysexec(com.leekwars.generator.FightFunctions.getCell, 1)), load(sysexec(com.leekwars.generator.FightFunctions.getCell, -1)), load(sysexec(com.leekwars.generator.FightFunctions.getWeapon, new Object[] { null })), load(sysexec(com.leekwars.generator.FightFunctions.getWeapon, 1)), load(sysexec(com.leekwars.generator.FightFunctions.getWeapon, -1)), load(sysexec(com.leekwars.generator.FightFunctions.getMP, new Object[] { null })), load(sysexec(com.leekwars.generator.FightFunctions.getMP, 1)), load(sysexec(com.leekwars.generator.FightFunctions.getMP, -1)), load(sysexec(com.leekwars.generator.FightFunctions.getTP, new Object[] { null })), load(sysexec(com.leekwars.generator.FightFunctions.getTP, 1)), load(sysexec(com.leekwars.generator.FightFunctions.getTP, -1)), load(sysexec(com.leekwars.generator.FightFunctions.getTotalLife, new Object[] { null })), load(sysexec(com.leekwars.generator.FightFunctions.getTotalLife, 1)), load(sysexec(com.leekwars.generator.FightFunctions.getTotalLife, -1)), load(sysexec(com.leekwars.generator.FightFunctions.isEnemy, 0)), load(sysexec(com.leekwars.generator.FightFunctions.isEnemy, 1)), load(sysexec(com.leekwars.generator.FightFunctions.isEnemy, -1)), load(sysexec(com.leekwars.generator.FightFunctions.isAlly, 0)), load(sysexec(com.leekwars.generator.FightFunctions.isAlly, 1)), load(sysexec(com.leekwars.generator.FightFunctions.isAlly, -1)), load(sysexec(com.leekwars.generator.FightFunctions.isDead, 0)), load(sysexec(com.leekwars.generator.FightFunctions.isDead, 1)), load(sysexec(com.leekwars.generator.FightFunctions.isDead, -1)), load(sysexec(com.leekwars.generator.FightFunctions.isAlive, 0)), load(sysexec(com.leekwars.generator.FightFunctions.isAlive, 1)), load(sysexec(com.leekwars.generator.FightFunctions.isAlive, -1)), load(sysexec(com.leekwars.generator.FightFunctions.getLeek)), load(sysexec(LeekFunctions.string, load(sysexec(com.leekwars.generator.FightFunctions.getChips, new Object[] { null })))), load(sysexec(LeekFunctions.string, load(sysexec(com.leekwars.generator.FightFunctions.getChips, 1)))), load(sysexec(com.leekwars.generator.FightFunctions.getChips, -1)), load(sysexec(com.leekwars.generator.FightFunctions.getAbsoluteShield, new Object[] { null })), load(sysexec(com.leekwars.generator.FightFunctions.getAbsoluteShield, 1)), load(sysexec(com.leekwars.generator.FightFunctions.getAbsoluteShield, -1)), load(sysexec(com.leekwars.generator.FightFunctions.getRelativeShield, new Object[] { null })), load(sysexec(com.leekwars.generator.FightFunctions.getRelativeShield, 1)), load(sysexec(com.leekwars.generator.FightFunctions.getRelativeShield, -1)), load(sysexec(com.leekwars.generator.FightFunctions.getLevel, new Object[] { null })), load(sysexec(com.leekwars.generator.FightFunctions.getLevel, 1)), load(sysexec(com.leekwars.generator.FightFunctions.getLevel, -1)), load(sysexec(com.leekwars.generator.FightFunctions.getFrequency, new Object[] { null })), load(sysexec(com.leekwars.generator.FightFunctions.getFrequency, 1)), load(sysexec(com.leekwars.generator.FightFunctions.getFrequency, -1)), load(sysexec(com.leekwars.generator.FightFunctions.getLeekID, new Object[] { null })), load(sysexec(com.leekwars.generator.FightFunctions.getLeekID, 1)), load(sysexec(com.leekwars.generator.FightFunctions.getLeekID, -1)), load(sysexec(com.leekwars.generator.FightFunctions.getTeamName, new Object[] { null })), load(sysexec(com.leekwars.generator.FightFunctions.getTeamName, 1)), load(sysexec(com.leekwars.generator.FightFunctions.getTeamName, -1)), load(sysexec(com.leekwars.generator.FightFunctions.getFarmerName, new Object[] { null })), load(sysexec(com.leekwars.generator.FightFunctions.getFarmerName, 1)), load(sysexec(com.leekwars.generator.FightFunctions.getFarmerName, -1)), load(sysexec(com.leekwars.generator.FightFunctions.getTeamID, new Object[] { null })), load(sysexec(com.leekwars.generator.FightFunctions.getTeamID, 1)), load(sysexec(com.leekwars.generator.FightFunctions.getTeamID, -1)), load(sysexec(com.leekwars.generator.FightFunctions.getFarmerID, new Object[] { null })), load(sysexec(com.leekwars.generator.FightFunctions.getFarmerID, 1)), load(sysexec(com.leekwars.generator.FightFunctions.getFarmerID, -1)), load(sysexec(com.leekwars.generator.FightFunctions.getAIName, new Object[] { null })), load(sysexec(com.leekwars.generator.FightFunctions.getAIName, 1)), load(sysexec(com.leekwars.generator.FightFunctions.getAIName, -1)), load(sysexec(com.leekwars.generator.FightFunctions.getAIID, -1)) }, false), 24);&#13;&#10;                                                                                                                                                                                                                                                                                                                                                                                                                                                                                                                                                                                                                                                                                                                                                                                                                                                                                                                                                                                                                                                                                                                                                                                                                                                                                                                                                                                                                                                                                                                                                                                                                                                                                                                                                                                                                                                                                                                                                                                                                                                                                                                                                                                                                                                                                                                                                                                                                                                                                                                                                                                                                                                                                                                                                                                                                                                                                                                                                                                                                                                                                                                                                                                                                                                                                                                                                                                                                                                                                                                                                                                                                                                                                                                                                                                                                                                                                                                                                                                                                                                                                                                                                                                                                                                                                                                                                                                                                                                                                                                                                                                                                                         ^&#13;&#10;AI_10.java:12: error: package com.leekwars.generator does not exist&#13;&#10;return ops(new ArrayLeekValue(AI_10.this, new Object[] { load(sysexec(com.leekwars.generator.FightFunctions.getForce, new Object[] { null })), load(sysexec(com.leekwars.generator.FightFunctions.getForce, 1)), load(sysexec(com.leekwars.generator.FightFunctions.getForce, -1)), load(sysexec(com.leekwars.generator.FightFunctions.getAgility, new Object[] { null })), load(sysexec(com.leekwars.generator.FightFunctions.getAgility, 1)), load(sysexec(com.leekwars.generator.FightFunctions.getAgility, -1)), load(sysexec(com.leekwars.generator.FightFunctions.getLife, new Object[] { null })), load(sysexec(com.leekwars.generator.FightFunctions.getLife, 1)), load(sysexec(com.leekwars.generator.FightFunctions.getLife, -1)), load(sysexec(com.leekwars.generator.FightFunctions.getCell, new Object[] { null })), load(sysexec(com.leekwars.generator.FightFunctions.getCell, 1)), load(sysexec(com.leekwars.generator.FightFunctions.getCell, -1)), load(sysexec(com.leekwars.generator.FightFunctions.getWeapon, new Object[] { null })), load(sysexec(com.leekwars.generator.FightFunctions.getWeapon, 1)), load(sysexec(com.leekwars.generator.FightFunctions.getWeapon, -1)), load(sysexec(com.leekwars.generator.FightFunctions.getMP, new Object[] { null })), load(sysexec(com.leekwars.generator.FightFunctions.getMP, 1)), load(sysexec(com.leekwars.generator.FightFunctions.getMP, -1)), load(sysexec(com.leekwars.generator.FightFunctions.getTP, new Object[] { null })), load(sysexec(com.leekwars.generator.FightFunctions.getTP, 1)), load(sysexec(com.leekwars.generator.FightFunctions.getTP, -1)), load(sysexec(com.leekwars.generator.FightFunctions.getTotalLife, new Object[] { null })), load(sysexec(com.leekwars.generator.FightFunctions.getTotalLife, 1)), load(sysexec(com.leekwars.generator.FightFunctions.getTotalLife, -1)), load(sysexec(com.leekwars.generator.FightFunctions.isEnemy, 0)), load(sysexec(com.leekwars.generator.FightFunctions.isEnemy, 1)), load(sysexec(com.leekwars.generator.FightFunctions.isEnemy, -1)), load(sysexec(com.leekwars.generator.FightFunctions.isAlly, 0)), load(sysexec(com.leekwars.generator.FightFunctions.isAlly, 1)), load(sysexec(com.leekwars.generator.FightFunctions.isAlly, -1)), load(sysexec(com.leekwars.generator.FightFunctions.isDead, 0)), load(sysexec(com.leekwars.generator.FightFunctions.isDead, 1)), load(sysexec(com.leekwars.generator.FightFunctions.isDead, -1)), load(sysexec(com.leekwars.generator.FightFunctions.isAlive, 0)), load(sysexec(com.leekwars.generator.FightFunctions.isAlive, 1)), load(sysexec(com.leekwars.generator.FightFunctions.isAlive, -1)), load(sysexec(com.leekwars.generator.FightFunctions.getLeek)), load(sysexec(LeekFunctions.string, load(sysexec(com.leekwars.generator.FightFunctions.getChips, new Object[] { null })))), load(sysexec(LeekFunctions.string, load(sysexec(com.leekwars.generator.FightFunctions.getChips, 1)))), load(sysexec(com.leekwars.generator.FightFunctions.getChips, -1)), load(sysexec(com.leekwars.generator.FightFunctions.getAbsoluteShield, new Object[] { null })), load(sysexec(com.leekwars.generator.FightFunctions.getAbsoluteShield, 1)), load(sysexec(com.leekwars.generator.FightFunctions.getAbsoluteShield, -1)), load(sysexec(com.leekwars.generator.FightFunctions.getRelativeShield, new Object[] { null })), load(sysexec(com.leekwars.generator.FightFunctions.getRelativeShield, 1)), load(sysexec(com.leekwars.generator.FightFunctions.getRelativeShield, -1)), load(sysexec(com.leekwars.generator.FightFunctions.getLevel, new Object[] { null })), load(sysexec(com.leekwars.generator.FightFunctions.getLevel, 1)), load(sysexec(com.leekwars.generator.FightFunctions.getLevel, -1)), load(sysexec(com.leekwars.generator.FightFunctions.getFrequency, new Object[] { null })), load(sysexec(com.leekwars.generator.FightFunctions.getFrequency, 1)), load(sysexec(com.leekwars.generator.FightFunctions.getFrequency, -1)), load(sysexec(com.leekwars.generator.FightFunctions.getLeekID, new Object[] { null })), load(sysexec(com.leekwars.generator.FightFunctions.getLeekID, 1)), load(sysexec(com.leekwars.generator.FightFunctions.getLeekID, -1)), load(sysexec(com.leekwars.generator.FightFunctions.getTeamName, new Object[] { null })), load(sysexec(com.leekwars.generator.FightFunctions.getTeamName, 1)), load(sysexec(com.leekwars.generator.FightFunctions.getTeamName, -1)), load(sysexec(com.leekwars.generator.FightFunctions.getFarmerName, new Object[] { null })), load(sysexec(com.leekwars.generator.FightFunctions.getFarmerName, 1)), load(sysexec(com.leekwars.generator.FightFunctions.getFarmerName, -1)), load(sysexec(com.leekwars.generator.FightFunctions.getTeamID, new Object[] { null })), load(sysexec(com.leekwars.generator.FightFunctions.getTeamID, 1)), load(sysexec(com.leekwars.generator.FightFunctions.getTeamID, -1)), load(sysexec(com.leekwars.generator.FightFunctions.getFarmerID, new Object[] { null })), load(sysexec(com.leekwars.generator.FightFunctions.getFarmerID, 1)), load(sysexec(com.leekwars.generator.FightFunctions.getFarmerID, -1)), load(sysexec(com.leekwars.generator.FightFunctions.getAIName, new Object[] { null })), load(sysexec(com.leekwars.generator.FightFunctions.getAIName, 1)), load(sysexec(com.leekwars.generator.FightFunctions.getAIName, -1)), load(sysexec(com.leekwars.generator.FightFunctions.getAIID, -1)) }, false), 24);&#13;&#10;                                                                                                                                                                                                                                                                                                                                                                                                                                                                                                                                                                                                                                                                                                                                                                                                                                                                                                                                                                                                                                                                                                                                                                                                                                                                                                                                                                                                                                                                                                                                                                                                                                                                                                                                                                                                                                                                                                                                                                                                                                                                                                                                                                                                                                                                                                                                                                                                                                                                                                                                                                                                                                                                                                                                                                                                                                                                                                                                                                                                                                                                                                                                                                                                                                                                                                                                                                                                                                                                                                                                                                                                                                                                                                                                                                                                                                                                                                                                                                                                                                                                                                                                                                                                                                                                                                                                                                                                                                                                                                                                                                                                                                                                                                                ^&#13;&#10;AI_10.java:12: error: package com.leekwars.generator does not exist&#13;&#10;return ops(new ArrayLeekValue(AI_10.this, new Object[] { load(sysexec(com.leekwars.generator.FightFunctions.getForce, new Object[] { null })), load(sysexec(com.leekwars.generator.FightFunctions.getForce, 1)), load(sysexec(com.leekwars.generator.FightFunctions.getForce, -1)), load(sysexec(com.leekwars.generator.FightFunctions.getAgility, new Object[] { null })), load(sysexec(com.leekwars.generator.FightFunctions.getAgility, 1)), load(sysexec(com.leekwars.generator.FightFunctions.getAgility, -1)), load(sysexec(com.leekwars.generator.FightFunctions.getLife, new Object[] { null })), load(sysexec(com.leekwars.generator.FightFunctions.getLife, 1)), load(sysexec(com.leekwars.generator.FightFunctions.getLife, -1)), load(sysexec(com.leekwars.generator.FightFunctions.getCell, new Object[] { null })), load(sysexec(com.leekwars.generator.FightFunctions.getCell, 1)), load(sysexec(com.leekwars.generator.FightFunctions.getCell, -1)), load(sysexec(com.leekwars.generator.FightFunctions.getWeapon, new Object[] { null })), load(sysexec(com.leekwars.generator.FightFunctions.getWeapon, 1)), load(sysexec(com.leekwars.generator.FightFunctions.getWeapon, -1)), load(sysexec(com.leekwars.generator.FightFunctions.getMP, new Object[] { null })), load(sysexec(com.leekwars.generator.FightFunctions.getMP, 1)), load(sysexec(com.leekwars.generator.FightFunctions.getMP, -1)), load(sysexec(com.leekwars.generator.FightFunctions.getTP, new Object[] { null })), load(sysexec(com.leekwars.generator.FightFunctions.getTP, 1)), load(sysexec(com.leekwars.generator.FightFunctions.getTP, -1)), load(sysexec(com.leekwars.generator.FightFunctions.getTotalLife, new Object[] { null })), load(sysexec(com.leekwars.generator.FightFunctions.getTotalLife, 1)), load(sysexec(com.leekwars.generator.FightFunctions.getTotalLife, -1)), load(sysexec(com.leekwars.generator.FightFunctions.isEnemy, 0)), load(sysexec(com.leekwars.generator.FightFunctions.isEnemy, 1)), load(sysexec(com.leekwars.generator.FightFunctions.isEnemy, -1)), load(sysexec(com.leekwars.generator.FightFunctions.isAlly, 0)), load(sysexec(com.leekwars.generator.FightFunctions.isAlly, 1)), load(sysexec(com.leekwars.generator.FightFunctions.isAlly, -1)), load(sysexec(com.leekwars.generator.FightFunctions.isDead, 0)), load(sysexec(com.leekwars.generator.FightFunctions.isDead, 1)), load(sysexec(com.leekwars.generator.FightFunctions.isDead, -1)), load(sysexec(com.leekwars.generator.FightFunctions.isAlive, 0)), load(sysexec(com.leekwars.generator.FightFunctions.isAlive, 1)), load(sysexec(com.leekwars.generator.FightFunctions.isAlive, -1)), load(sysexec(com.leekwars.generator.FightFunctions.getLeek)), load(sysexec(LeekFunctions.string, load(sysexec(com.leekwars.generator.FightFunctions.getChips, new Object[] { null })))), load(sysexec(LeekFunctions.string, load(sysexec(com.leekwars.generator.FightFunctions.getChips, 1)))), load(sysexec(com.leekwars.generator.FightFunctions.getChips, -1)), load(sysexec(com.leekwars.generator.FightFunctions.getAbsoluteShield, new Object[] { null })), load(sysexec(com.leekwars.generator.FightFunctions.getAbsoluteShield, 1)), load(sysexec(com.leekwars.generator.FightFunctions.getAbsoluteShield, -1)), load(sysexec(com.leekwars.generator.FightFunctions.getRelativeShield, new Object[] { null })), load(sysexec(com.leekwars.generator.FightFunctions.getRelativeShield, 1)), load(sysexec(com.leekwars.generator.FightFunctions.getRelativeShield, -1)), load(sysexec(com.leekwars.generator.FightFunctions.getLevel, new Object[] { null })), load(sysexec(com.leekwars.generator.FightFunctions.getLevel, 1)), load(sysexec(com.leekwars.generator.FightFunctions.getLevel, -1)), load(sysexec(com.leekwars.generator.FightFunctions.getFrequency, new Object[] { null })), load(sysexec(com.leekwars.generator.FightFunctions.getFrequency, 1)), load(sysexec(com.leekwars.generator.FightFunctions.getFrequency, -1)), load(sysexec(com.leekwars.generator.FightFunctions.getLeekID, new Object[] { null })), load(sysexec(com.leekwars.generator.FightFunctions.getLeekID, 1)), load(sysexec(com.leekwars.generator.FightFunctions.getLeekID, -1)), load(sysexec(com.leekwars.generator.FightFunctions.getTeamName, new Object[] { null })), load(sysexec(com.leekwars.generator.FightFunctions.getTeamName, 1)), load(sysexec(com.leekwars.generator.FightFunctions.getTeamName, -1)), load(sysexec(com.leekwars.generator.FightFunctions.getFarmerName, new Object[] { null })), load(sysexec(com.leekwars.generator.FightFunctions.getFarmerName, 1)), load(sysexec(com.leekwars.generator.FightFunctions.getFarmerName, -1)), load(sysexec(com.leekwars.generator.FightFunctions.getTeamID, new Object[] { null })), load(sysexec(com.leekwars.generator.FightFunctions.getTeamID, 1)), load(sysexec(com.leekwars.generator.FightFunctions.getTeamID, -1)), load(sysexec(com.leekwars.generator.FightFunctions.getFarmerID, new Object[] { null })), load(sysexec(com.leekwars.generator.FightFunctions.getFarmerID, 1)), load(sysexec(com.leekwars.generator.FightFunctions.getFarmerID, -1)), load(sysexec(com.leekwars.generator.FightFunctions.getAIName, new Object[] { null })), load(sysexec(com.leekwars.generator.FightFunctions.getAIName, 1)), load(sysexec(com.leekwars.generator.FightFunctions.getAIName, -1)), load(sysexec(com.leekwars.generator.FightFunctions.getAIID, -1)) }, false), 24);&#13;&#10;                                                                                                                                                                                                                                                                                                                                                                                                                                                                                                                                                                                                                                                                                                                                                                                                                                                                                                                                                                                                                                                                                                                                                                                                                                                                                                                                                                                                                                                                                                                                                                                                                                                                                                                                                                                                                                                                                                                                                                                                                                                                                                                                                                                                                                                                                                                                                                                                                                                                                                                                                                                                                                                                                                                                                                                                                                                                                                                                                                                                                                                                                                                                                                                                                                                                                                                                                                                                                                                                                                                                                                                                                                                                                                                                                                                                                                                                                                                                                                                                                                                                                                                                                                                                                                                                                                                                                                                                                                                                                                                                                                                                                                                                                                                                                                                        ^&#13;&#10;AI_10.java:12: error: package com.leekwars.generator does not exist&#13;&#10;return ops(new ArrayLeekValue(AI_10.this, new Object[] { load(sysexec(com.leekwars.generator.FightFunctions.getForce, new Object[] { null })), load(sysexec(com.leekwars.generator.FightFunctions.getForce, 1)), load(sysexec(com.leekwars.generator.FightFunctions.getForce, -1)), load(sysexec(com.leekwars.generator.FightFunctions.getAgility, new Object[] { null })), load(sysexec(com.leekwars.generator.FightFunctions.getAgility, 1)), load(sysexec(com.leekwars.generator.FightFunctions.getAgility, -1)), load(sysexec(com.leekwars.generator.FightFunctions.getLife, new Object[] { null })), load(sysexec(com.leekwars.generator.FightFunctions.getLife, 1)), load(sysexec(com.leekwars.generator.FightFunctions.getLife, -1)), load(sysexec(com.leekwars.generator.FightFunctions.getCell, new Object[] { null })), load(sysexec(com.leekwars.generator.FightFunctions.getCell, 1)), load(sysexec(com.leekwars.generator.FightFunctions.getCell, -1)), load(sysexec(com.leekwars.generator.FightFunctions.getWeapon, new Object[] { null })), load(sysexec(com.leekwars.generator.FightFunctions.getWeapon, 1)), load(sysexec(com.leekwars.generator.FightFunctions.getWeapon, -1)), load(sysexec(com.leekwars.generator.FightFunctions.getMP, new Object[] { null })), load(sysexec(com.leekwars.generator.FightFunctions.getMP, 1)), load(sysexec(com.leekwars.generator.FightFunctions.getMP, -1)), load(sysexec(com.leekwars.generator.FightFunctions.getTP, new Object[] { null })), load(sysexec(com.leekwars.generator.FightFunctions.getTP, 1)), load(sysexec(com.leekwars.generator.FightFunctions.getTP, -1)), load(sysexec(com.leekwars.generator.FightFunctions.getTotalLife, new Object[] { null })), load(sysexec(com.leekwars.generator.FightFunctions.getTotalLife, 1)), load(sysexec(com.leekwars.generator.FightFunctions.getTotalLife, -1)), load(sysexec(com.leekwars.generator.FightFunctions.isEnemy, 0)), load(sysexec(com.leekwars.generator.FightFunctions.isEnemy, 1)), load(sysexec(com.leekwars.generator.FightFunctions.isEnemy, -1)), load(sysexec(com.leekwars.generator.FightFunctions.isAlly, 0)), load(sysexec(com.leekwars.generator.FightFunctions.isAlly, 1)), load(sysexec(com.leekwars.generator.FightFunctions.isAlly, -1)), load(sysexec(com.leekwars.generator.FightFunctions.isDead, 0)), load(sysexec(com.leekwars.generator.FightFunctions.isDead, 1)), load(sysexec(com.leekwars.generator.FightFunctions.isDead, -1)), load(sysexec(com.leekwars.generator.FightFunctions.isAlive, 0)), load(sysexec(com.leekwars.generator.FightFunctions.isAlive, 1)), load(sysexec(com.leekwars.generator.FightFunctions.isAlive, -1)), load(sysexec(com.leekwars.generator.FightFunctions.getLeek)), load(sysexec(LeekFunctions.string, load(sysexec(com.leekwars.generator.FightFunctions.getChips, new Object[] { null })))), load(sysexec(LeekFunctions.string, load(sysexec(com.leekwars.generator.FightFunctions.getChips, 1)))), load(sysexec(com.leekwars.generator.FightFunctions.getChips, -1)), load(sysexec(com.leekwars.generator.FightFunctions.getAbsoluteShield, new Object[] { null })), load(sysexec(com.leekwars.generator.FightFunctions.getAbsoluteShield, 1)), load(sysexec(com.leekwars.generator.FightFunctions.getAbsoluteShield, -1)), load(sysexec(com.leekwars.generator.FightFunctions.getRelativeShield, new Object[] { null })), load(sysexec(com.leekwars.generator.FightFunctions.getRelativeShield, 1)), load(sysexec(com.leekwars.generator.FightFunctions.getRelativeShield, -1)), load(sysexec(com.leekwars.generator.FightFunctions.getLevel, new Object[] { null })), load(sysexec(com.leekwars.generator.FightFunctions.getLevel, 1)), load(sysexec(com.leekwars.generator.FightFunctions.getLevel, -1)), load(sysexec(com.leekwars.generator.FightFunctions.getFrequency, new Object[] { null })), load(sysexec(com.leekwars.generator.FightFunctions.getFrequency, 1)), load(sysexec(com.leekwars.generator.FightFunctions.getFrequency, -1)), load(sysexec(com.leekwars.generator.FightFunctions.getLeekID, new Object[] { null })), load(sysexec(com.leekwars.generator.FightFunctions.getLeekID, 1)), load(sysexec(com.leekwars.generator.FightFunctions.getLeekID, -1)), load(sysexec(com.leekwars.generator.FightFunctions.getTeamName, new Object[] { null })), load(sysexec(com.leekwars.generator.FightFunctions.getTeamName, 1)), load(sysexec(com.leekwars.generator.FightFunctions.getTeamName, -1)), load(sysexec(com.leekwars.generator.FightFunctions.getFarmerName, new Object[] { null })), load(sysexec(com.leekwars.generator.FightFunctions.getFarmerName, 1)), load(sysexec(com.leekwars.generator.FightFunctions.getFarmerName, -1)), load(sysexec(com.leekwars.generator.FightFunctions.getTeamID, new Object[] { null })), load(sysexec(com.leekwars.generator.FightFunctions.getTeamID, 1)), load(sysexec(com.leekwars.generator.FightFunctions.getTeamID, -1)), load(sysexec(com.leekwars.generator.FightFunctions.getFarmerID, new Object[] { null })), load(sysexec(com.leekwars.generator.FightFunctions.getFarmerID, 1)), load(sysexec(com.leekwars.generator.FightFunctions.getFarmerID, -1)), load(sysexec(com.leekwars.generator.FightFunctions.getAIName, new Object[] { null })), load(sysexec(com.leekwars.generator.FightFunctions.getAIName, 1)), load(sysexec(com.leekwars.generator.FightFunctions.getAIName, -1)), load(sysexec(com.leekwars.generator.FightFunctions.getAIID, -1)) }, false), 24);&#13;&#10;                                                                                                                                                                                                                                                                                                                                                                                                                                                                                                                                                                                                                                                                                                                                                                                                                                                                                                                                                                                                                                                                                                                                                                                                                                                                                                                                                                                                                                                                                                                                                                                                                                                                                                                                                                                                                                                                                                                                                                                                                                                                                                                                                                                                                                                                                                                                                                                                                                                                                                                                                                                                                                                                                                                                                                                                                                                                                                                                                                                                                                                                                                                                                                                                                                                                                                                                                                                                                                                                                                                                                                                                                                                                                                                                                                                                                                                                                                                                                                                                                                                                                                                                                                                                                                                                                                                                                                                                                                                                                                                                                                                                                                                                                                                                                                                                                                                                               ^&#13;&#10;AI_10.java:12: error: package com.leekwars.generator does not exist&#13;&#10;return ops(new ArrayLeekValue(AI_10.this, new Object[] { load(sysexec(com.leekwars.generator.FightFunctions.getForce, new Object[] { null })), load(sysexec(com.leekwars.generator.FightFunctions.getForce, 1)), load(sysexec(com.leekwars.generator.FightFunctions.getForce, -1)), load(sysexec(com.leekwars.generator.FightFunctions.getAgility, new Object[] { null })), load(sysexec(com.leekwars.generator.FightFunctions.getAgility, 1)), load(sysexec(com.leekwars.generator.FightFunctions.getAgility, -1)), load(sysexec(com.leekwars.generator.FightFunctions.getLife, new Object[] { null })), load(sysexec(com.leekwars.generator.FightFunctions.getLife, 1)), load(sysexec(com.leekwars.generator.FightFunctions.getLife, -1)), load(sysexec(com.leekwars.generator.FightFunctions.getCell, new Object[] { null })), load(sysexec(com.leekwars.generator.FightFunctions.getCell, 1)), load(sysexec(com.leekwars.generator.FightFunctions.getCell, -1)), load(sysexec(com.leekwars.generator.FightFunctions.getWeapon, new Object[] { null })), load(sysexec(com.leekwars.generator.FightFunctions.getWeapon, 1)), load(sysexec(com.leekwars.generator.FightFunctions.getWeapon, -1)), load(sysexec(com.leekwars.generator.FightFunctions.getMP, new Object[] { null })), load(sysexec(com.leekwars.generator.FightFunctions.getMP, 1)), load(sysexec(com.leekwars.generator.FightFunctions.getMP, -1)), load(sysexec(com.leekwars.generator.FightFunctions.getTP, new Object[] { null })), load(sysexec(com.leekwars.generator.FightFunctions.getTP, 1)), load(sysexec(com.leekwars.generator.FightFunctions.getTP, -1)), load(sysexec(com.leekwars.generator.FightFunctions.getTotalLife, new Object[] { null })), load(sysexec(com.leekwars.generator.FightFunctions.getTotalLife, 1)), load(sysexec(com.leekwars.generator.FightFunctions.getTotalLife, -1)), load(sysexec(com.leekwars.generator.FightFunctions.isEnemy, 0)), load(sysexec(com.leekwars.generator.FightFunctions.isEnemy, 1)), load(sysexec(com.leekwars.generator.FightFunctions.isEnemy, -1)), load(sysexec(com.leekwars.generator.FightFunctions.isAlly, 0)), load(sysexec(com.leekwars.generator.FightFunctions.isAlly, 1)), load(sysexec(com.leekwars.generator.FightFunctions.isAlly, -1)), load(sysexec(com.leekwars.generator.FightFunctions.isDead, 0)), load(sysexec(com.leekwars.generator.FightFunctions.isDead, 1)), load(sysexec(com.leekwars.generator.FightFunctions.isDead, -1)), load(sysexec(com.leekwars.generator.FightFunctions.isAlive, 0)), load(sysexec(com.leekwars.generator.FightFunctions.isAlive, 1)), load(sysexec(com.leekwars.generator.FightFunctions.isAlive, -1)), load(sysexec(com.leekwars.generator.FightFunctions.getLeek)), load(sysexec(LeekFunctions.string, load(sysexec(com.leekwars.generator.FightFunctions.getChips, new Object[] { null })))), load(sysexec(LeekFunctions.string, load(sysexec(com.leekwars.generator.FightFunctions.getChips, 1)))), load(sysexec(com.leekwars.generator.FightFunctions.getChips, -1)), load(sysexec(com.leekwars.generator.FightFunctions.getAbsoluteShield, new Object[] { null })), load(sysexec(com.leekwars.generator.FightFunctions.getAbsoluteShield, 1)), load(sysexec(com.leekwars.generator.FightFunctions.getAbsoluteShield, -1)), load(sysexec(com.leekwars.generator.FightFunctions.getRelativeShield, new Object[] { null })), load(sysexec(com.leekwars.generator.FightFunctions.getRelativeShield, 1)), load(sysexec(com.leekwars.generator.FightFunctions.getRelativeShield, -1)), load(sysexec(com.leekwars.generator.FightFunctions.getLevel, new Object[] { null })), load(sysexec(com.leekwars.generator.FightFunctions.getLevel, 1)), load(sysexec(com.leekwars.generator.FightFunctions.getLevel, -1)), load(sysexec(com.leekwars.generator.FightFunctions.getFrequency, new Object[] { null })), load(sysexec(com.leekwars.generator.FightFunctions.getFrequency, 1)), load(sysexec(com.leekwars.generator.FightFunctions.getFrequency, -1)), load(sysexec(com.leekwars.generator.FightFunctions.getLeekID, new Object[] { null })), load(sysexec(com.leekwars.generator.FightFunctions.getLeekID, 1)), load(sysexec(com.leekwars.generator.FightFunctions.getLeekID, -1)), load(sysexec(com.leekwars.generator.FightFunctions.getTeamName, new Object[] { null })), load(sysexec(com.leekwars.generator.FightFunctions.getTeamName, 1)), load(sysexec(com.leekwars.generator.FightFunctions.getTeamName, -1)), load(sysexec(com.leekwars.generator.FightFunctions.getFarmerName, new Object[] { null })), load(sysexec(com.leekwars.generator.FightFunctions.getFarmerName, 1)), load(sysexec(com.leekwars.generator.FightFunctions.getFarmerName, -1)), load(sysexec(com.leekwars.generator.FightFunctions.getTeamID, new Object[] { null })), load(sysexec(com.leekwars.generator.FightFunctions.getTeamID, 1)), load(sysexec(com.leekwars.generator.FightFunctions.getTeamID, -1)), load(sysexec(com.leekwars.generator.FightFunctions.getFarmerID, new Object[] { null })), load(sysexec(com.leekwars.generator.FightFunctions.getFarmerID, 1)), load(sysexec(com.leekwars.generator.FightFunctions.getFarmerID, -1)), load(sysexec(com.leekwars.generator.FightFunctions.getAIName, new Object[] { null })), load(sysexec(com.leekwars.generator.FightFunctions.getAIName, 1)), load(sysexec(com.leekwars.generator.FightFunctions.getAIName, -1)), load(sysexec(com.leekwars.generator.FightFunctions.getAIID, -1)) }, false), 24);&#13;&#10;                                                                                                                                                                                                                                                                                                                                                                                                                                                                                                                                                                                                                                                                                                                                                                                                                                                                                                                                                                                                                                                                                                                                                                                                                                                                                                                                                                                                                                                                                                                                                                                                                                                                                                                                                                                                                                                                                                                                                                                                                                                                                                                                                                                                                                                                                                                                                                                                                                                                                                                                                                                                                                                                                                                                                                                                                                                                                                                                                                                                                                                                                                                                                                                                                                                                                                                                                                                                                                                                                                                                                                                                                                                                                                                                                                                                                                                                                                                                                                                                                                                                                                                                                                                                                                                                                                                                                                                                                                                                                                                                                                                                                                                                                                                                                                                                                                                                                                                                                  ^&#13;&#10;AI_10.java:12: error: package com.leekwars.generator does not exist&#13;&#10;return ops(new ArrayLeekValue(AI_10.this, new Object[] { load(sysexec(com.leekwars.generator.FightFunctions.getForce, new Object[] { null })), load(sysexec(com.leekwars.generator.FightFunctions.getForce, 1)), load(sysexec(com.leekwars.generator.FightFunctions.getForce, -1)), load(sysexec(com.leekwars.generator.FightFunctions.getAgility, new Object[] { null })), load(sysexec(com.leekwars.generator.FightFunctions.getAgility, 1)), load(sysexec(com.leekwars.generator.FightFunctions.getAgility, -1)), load(sysexec(com.leekwars.generator.FightFunctions.getLife, new Object[] { null })), load(sysexec(com.leekwars.generator.FightFunctions.getLife, 1)), load(sysexec(com.leekwars.generator.FightFunctions.getLife, -1)), load(sysexec(com.leekwars.generator.FightFunctions.getCell, new Object[] { null })), load(sysexec(com.leekwars.generator.FightFunctions.getCell, 1)), load(sysexec(com.leekwars.generator.FightFunctions.getCell, -1)), load(sysexec(com.leekwars.generator.FightFunctions.getWeapon, new Object[] { null })), load(sysexec(com.leekwars.generator.FightFunctions.getWeapon, 1)), load(sysexec(com.leekwars.generator.FightFunctions.getWeapon, -1)), load(sysexec(com.leekwars.generator.FightFunctions.getMP, new Object[] { null })), load(sysexec(com.leekwars.generator.FightFunctions.getMP, 1)), load(sysexec(com.leekwars.generator.FightFunctions.getMP, -1)), load(sysexec(com.leekwars.generator.FightFunctions.getTP, new Object[] { null })), load(sysexec(com.leekwars.generator.FightFunctions.getTP, 1)), load(sysexec(com.leekwars.generator.FightFunctions.getTP, -1)), load(sysexec(com.leekwars.generator.FightFunctions.getTotalLife, new Object[] { null })), load(sysexec(com.leekwars.generator.FightFunctions.getTotalLife, 1)), load(sysexec(com.leekwars.generator.FightFunctions.getTotalLife, -1)), load(sysexec(com.leekwars.generator.FightFunctions.isEnemy, 0)), load(sysexec(com.leekwars.generator.FightFunctions.isEnemy, 1)), load(sysexec(com.leekwars.generator.FightFunctions.isEnemy, -1)), load(sysexec(com.leekwars.generator.FightFunctions.isAlly, 0)), load(sysexec(com.leekwars.generator.FightFunctions.isAlly, 1)), load(sysexec(com.leekwars.generator.FightFunctions.isAlly, -1)), load(sysexec(com.leekwars.generator.FightFunctions.isDead, 0)), load(sysexec(com.leekwars.generator.FightFunctions.isDead, 1)), load(sysexec(com.leekwars.generator.FightFunctions.isDead, -1)), load(sysexec(com.leekwars.generator.FightFunctions.isAlive, 0)), load(sysexec(com.leekwars.generator.FightFunctions.isAlive, 1)), load(sysexec(com.leekwars.generator.FightFunctions.isAlive, -1)), load(sysexec(com.leekwars.generator.FightFunctions.getLeek)), load(sysexec(LeekFunctions.string, load(sysexec(com.leekwars.generator.FightFunctions.getChips, new Object[] { null })))), load(sysexec(LeekFunctions.string, load(sysexec(com.leekwars.generator.FightFunctions.getChips, 1)))), load(sysexec(com.leekwars.generator.FightFunctions.getChips, -1)), load(sysexec(com.leekwars.generator.FightFunctions.getAbsoluteShield, new Object[] { null })), load(sysexec(com.leekwars.generator.FightFunctions.getAbsoluteShield, 1)), load(sysexec(com.leekwars.generator.FightFunctions.getAbsoluteShield, -1)), load(sysexec(com.leekwars.generator.FightFunctions.getRelativeShield, new Object[] { null })), load(sysexec(com.leekwars.generator.FightFunctions.getRelativeShield, 1)), load(sysexec(com.leekwars.generator.FightFunctions.getRelativeShield, -1)), load(sysexec(com.leekwars.generator.FightFunctions.getLevel, new Object[] { null })), load(sysexec(com.leekwars.generator.FightFunctions.getLevel, 1)), load(sysexec(com.leekwars.generator.FightFunctions.getLevel, -1)), load(sysexec(com.leekwars.generator.FightFunctions.getFrequency, new Object[] { null })), load(sysexec(com.leekwars.generator.FightFunctions.getFrequency, 1)), load(sysexec(com.leekwars.generator.FightFunctions.getFrequency, -1)), load(sysexec(com.leekwars.generator.FightFunctions.getLeekID, new Object[] { null })), load(sysexec(com.leekwars.generator.FightFunctions.getLeekID, 1)), load(sysexec(com.leekwars.generator.FightFunctions.getLeekID, -1)), load(sysexec(com.leekwars.generator.FightFunctions.getTeamName, new Object[] { null })), load(sysexec(com.leekwars.generator.FightFunctions.getTeamName, 1)), load(sysexec(com.leekwars.generator.FightFunctions.getTeamName, -1)), load(sysexec(com.leekwars.generator.FightFunctions.getFarmerName, new Object[] { null })), load(sysexec(com.leekwars.generator.FightFunctions.getFarmerName, 1)), load(sysexec(com.leekwars.generator.FightFunctions.getFarmerName, -1)), load(sysexec(com.leekwars.generator.FightFunctions.getTeamID, new Object[] { null })), load(sysexec(com.leekwars.generator.FightFunctions.getTeamID, 1)), load(sysexec(com.leekwars.generator.FightFunctions.getTeamID, -1)), load(sysexec(com.leekwars.generator.FightFunctions.getFarmerID, new Object[] { null })), load(sysexec(com.leekwars.generator.FightFunctions.getFarmerID, 1)), load(sysexec(com.leekwars.generator.FightFunctions.getFarmerID, -1)), load(sysexec(com.leekwars.generator.FightFunctions.getAIName, new Object[] { null })), load(sysexec(com.leekwars.generator.FightFunctions.getAIName, 1)), load(sysexec(com.leekwars.generator.FightFunctions.getAIName, -1)), load(sysexec(com.leekwars.generator.FightFunctions.getAIID, -1)) }, false), 24);&#13;&#10;                                                                                                                                                                                                                                                                                                                                                                                                                                                                                                                                                                                                                                                                                                                                                                                                                                                                                                                                                                                                                                                                                                                                                                                                                                                                                                                                                                                                                                                                                                                                                                                                                                                                                                                                                                                                                                                                                                                                                                                                                                                                                                                                                                                                                                                                                                                                                                                                                                                                                                                                                                                                                                                                                                                                                                                                                                                                                                                                                                                                                                                                                                                                                                                                                                                                                                                                                                                                                                                                                                                                                                                                                                                                                                                                                                                                                                                                                                                                                                                                                                                                                                                                                                                                                                                                                                                                                                                                                                                                                                                                                                                                                                                                                                                                                                                                                                                                                                                                                                                                                      ^&#13;&#10;AI_10.java:12: error: package com.leekwars.generator does not exist&#13;&#10;return ops(new ArrayLeekValue(AI_10.this, new Object[] { load(sysexec(com.leekwars.generator.FightFunctions.getForce, new Object[] { null })), load(sysexec(com.leekwars.generator.FightFunctions.getForce, 1)), load(sysexec(com.leekwars.generator.FightFunctions.getForce, -1)), load(sysexec(com.leekwars.generator.FightFunctions.getAgility, new Object[] { null })), load(sysexec(com.leekwars.generator.FightFunctions.getAgility, 1)), load(sysexec(com.leekwars.generator.FightFunctions.getAgility, -1)), load(sysexec(com.leekwars.generator.FightFunctions.getLife, new Object[] { null })), load(sysexec(com.leekwars.generator.FightFunctions.getLife, 1)), load(sysexec(com.leekwars.generator.FightFunctions.getLife, -1)), load(sysexec(com.leekwars.generator.FightFunctions.getCell, new Object[] { null })), load(sysexec(com.leekwars.generator.FightFunctions.getCell, 1)), load(sysexec(com.leekwars.generator.FightFunctions.getCell, -1)), load(sysexec(com.leekwars.generator.FightFunctions.getWeapon, new Object[] { null })), load(sysexec(com.leekwars.generator.FightFunctions.getWeapon, 1)), load(sysexec(com.leekwars.generator.FightFunctions.getWeapon, -1)), load(sysexec(com.leekwars.generator.FightFunctions.getMP, new Object[] { null })), load(sysexec(com.leekwars.generator.FightFunctions.getMP, 1)), load(sysexec(com.leekwars.generator.FightFunctions.getMP, -1)), load(sysexec(com.leekwars.generator.FightFunctions.getTP, new Object[] { null })), load(sysexec(com.leekwars.generator.FightFunctions.getTP, 1)), load(sysexec(com.leekwars.generator.FightFunctions.getTP, -1)), load(sysexec(com.leekwars.generator.FightFunctions.getTotalLife, new Object[] { null })), load(sysexec(com.leekwars.generator.FightFunctions.getTotalLife, 1)), load(sysexec(com.leekwars.generator.FightFunctions.getTotalLife, -1)), load(sysexec(com.leekwars.generator.FightFunctions.isEnemy, 0)), load(sysexec(com.leekwars.generator.FightFunctions.isEnemy, 1)), load(sysexec(com.leekwars.generator.FightFunctions.isEnemy, -1)), load(sysexec(com.leekwars.generator.FightFunctions.isAlly, 0)), load(sysexec(com.leekwars.generator.FightFunctions.isAlly, 1)), load(sysexec(com.leekwars.generator.FightFunctions.isAlly, -1)), load(sysexec(com.leekwars.generator.FightFunctions.isDead, 0)), load(sysexec(com.leekwars.generator.FightFunctions.isDead, 1)), load(sysexec(com.leekwars.generator.FightFunctions.isDead, -1)), load(sysexec(com.leekwars.generator.FightFunctions.isAlive, 0)), load(sysexec(com.leekwars.generator.FightFunctions.isAlive, 1)), load(sysexec(com.leekwars.generator.FightFunctions.isAlive, -1)), load(sysexec(com.leekwars.generator.FightFunctions.getLeek)), load(sysexec(LeekFunctions.string, load(sysexec(com.leekwars.generator.FightFunctions.getChips, new Object[] { null })))), load(sysexec(LeekFunctions.string, load(sysexec(com.leekwars.generator.FightFunctions.getChips, 1)))), load(sysexec(com.leekwars.generator.FightFunctions.getChips, -1)), load(sysexec(com.leekwars.generator.FightFunctions.getAbsoluteShield, new Object[] { null })), load(sysexec(com.leekwars.generator.FightFunctions.getAbsoluteShield, 1)), load(sysexec(com.leekwars.generator.FightFunctions.getAbsoluteShield, -1)), load(sysexec(com.leekwars.generator.FightFunctions.getRelativeShield, new Object[] { null })), load(sysexec(com.leekwars.generator.FightFunctions.getRelativeShield, 1)), load(sysexec(com.leekwars.generator.FightFunctions.getRelativeShield, -1)), load(sysexec(com.leekwars.generator.FightFunctions.getLevel, new Object[] { null })), load(sysexec(com.leekwars.generator.FightFunctions.getLevel, 1)), load(sysexec(com.leekwars.generator.FightFunctions.getLevel, -1)), load(sysexec(com.leekwars.generator.FightFunctions.getFrequency, new Object[] { null })), load(sysexec(com.leekwars.generator.FightFunctions.getFrequency, 1)), load(sysexec(com.leekwars.generator.FightFunctions.getFrequency, -1)), load(sysexec(com.leekwars.generator.FightFunctions.getLeekID, new Object[] { null })), load(sysexec(com.leekwars.generator.FightFunctions.getLeekID, 1)), load(sysexec(com.leekwars.generator.FightFunctions.getLeekID, -1)), load(sysexec(com.leekwars.generator.FightFunctions.getTeamName, new Object[] { null })), load(sysexec(com.leekwars.generator.FightFunctions.getTeamName, 1)), load(sysexec(com.leekwars.generator.FightFunctions.getTeamName, -1)), load(sysexec(com.leekwars.generator.FightFunctions.getFarmerName, new Object[] { null })), load(sysexec(com.leekwars.generator.FightFunctions.getFarmerName, 1)), load(sysexec(com.leekwars.generator.FightFunctions.getFarmerName, -1)), load(sysexec(com.leekwars.generator.FightFunctions.getTeamID, new Object[] { null })), load(sysexec(com.leekwars.generator.FightFunctions.getTeamID, 1)), load(sysexec(com.leekwars.generator.FightFunctions.getTeamID, -1)), load(sysexec(com.leekwars.generator.FightFunctions.getFarmerID, new Object[] { null })), load(sysexec(com.leekwars.generator.FightFunctions.getFarmerID, 1)), load(sysexec(com.leekwars.generator.FightFunctions.getFarmerID, -1)), load(sysexec(com.leekwars.generator.FightFunctions.getAIName, new Object[] { null })), load(sysexec(com.leekwars.generator.FightFunctions.getAIName, 1)), load(sysexec(com.leekwars.generator.FightFunctions.getAIName, -1)), load(sysexec(com.leekwars.generator.FightFunctions.getAIID, -1)) }, false), 24);&#13;&#10;                                                                                                                                                                                                                                                                                                                                                                                                                                                                                                                                                                                                                                                                                                                                                                                                                                                                                                                                                                                                                                                                                                                                                                                                                                                                                                                                                                                                                                                                                                                                                                                                                                                                                                                                                                                                                                                                                                                                                                                                                                                                                                                                                                                                                                                                                                                                                                                                                                                                                                                                                                                                                                                                                                                                                                                                                                                                                                                                                                                                                                                                                                                                                                                                                                                                                                                                                                                                                                                                                                                                                                                                                                                                                                                                                                                                                                                                                                                                                                                                                                                                                                                                                                                                                                                                                                                                                                                                                                                                                                                                                                                                                                                                                                                                                                                                                                                                                                                                                                                                                                                                                                               ^&#13;&#10;AI_10.java:12: error: package com.leekwars.generator does not exist&#13;&#10;return ops(new ArrayLeekValue(AI_10.this, new Object[] { load(sysexec(com.leekwars.generator.FightFunctions.getForce, new Object[] { null })), load(sysexec(com.leekwars.generator.FightFunctions.getForce, 1)), load(sysexec(com.leekwars.generator.FightFunctions.getForce, -1)), load(sysexec(com.leekwars.generator.FightFunctions.getAgility, new Object[] { null })), load(sysexec(com.leekwars.generator.FightFunctions.getAgility, 1)), load(sysexec(com.leekwars.generator.FightFunctions.getAgility, -1)), load(sysexec(com.leekwars.generator.FightFunctions.getLife, new Object[] { null })), load(sysexec(com.leekwars.generator.FightFunctions.getLife, 1)), load(sysexec(com.leekwars.generator.FightFunctions.getLife, -1)), load(sysexec(com.leekwars.generator.FightFunctions.getCell, new Object[] { null })), load(sysexec(com.leekwars.generator.FightFunctions.getCell, 1)), load(sysexec(com.leekwars.generator.FightFunctions.getCell, -1)), load(sysexec(com.leekwars.generator.FightFunctions.getWeapon, new Object[] { null })), load(sysexec(com.leekwars.generator.FightFunctions.getWeapon, 1)), load(sysexec(com.leekwars.generator.FightFunctions.getWeapon, -1)), load(sysexec(com.leekwars.generator.FightFunctions.getMP, new Object[] { null })), load(sysexec(com.leekwars.generator.FightFunctions.getMP, 1)), load(sysexec(com.leekwars.generator.FightFunctions.getMP, -1)), load(sysexec(com.leekwars.generator.FightFunctions.getTP, new Object[] { null })), load(sysexec(com.leekwars.generator.FightFunctions.getTP, 1)), load(sysexec(com.leekwars.generator.FightFunctions.getTP, -1)), load(sysexec(com.leekwars.generator.FightFunctions.getTotalLife, new Object[] { null })), load(sysexec(com.leekwars.generator.FightFunctions.getTotalLife, 1)), load(sysexec(com.leekwars.generator.FightFunctions.getTotalLife, -1)), load(sysexec(com.leekwars.generator.FightFunctions.isEnemy, 0)), load(sysexec(com.leekwars.generator.FightFunctions.isEnemy, 1)), load(sysexec(com.leekwars.generator.FightFunctions.isEnemy, -1)), load(sysexec(com.leekwars.generator.FightFunctions.isAlly, 0)), load(sysexec(com.leekwars.generator.FightFunctions.isAlly, 1)), load(sysexec(com.leekwars.generator.FightFunctions.isAlly, -1)), load(sysexec(com.leekwars.generator.FightFunctions.isDead, 0)), load(sysexec(com.leekwars.generator.FightFunctions.isDead, 1)), load(sysexec(com.leekwars.generator.FightFunctions.isDead, -1)), load(sysexec(com.leekwars.generator.FightFunctions.isAlive, 0)), load(sysexec(com.leekwars.generator.FightFunctions.isAlive, 1)), load(sysexec(com.leekwars.generator.FightFunctions.isAlive, -1)), load(sysexec(com.leekwars.generator.FightFunctions.getLeek)), load(sysexec(LeekFunctions.string, load(sysexec(com.leekwars.generator.FightFunctions.getChips, new Object[] { null })))), load(sysexec(LeekFunctions.string, load(sysexec(com.leekwars.generator.FightFunctions.getChips, 1)))), load(sysexec(com.leekwars.generator.FightFunctions.getChips, -1)), load(sysexec(com.leekwars.generator.FightFunctions.getAbsoluteShield, new Object[] { null })), load(sysexec(com.leekwars.generator.FightFunctions.getAbsoluteShield, 1)), load(sysexec(com.leekwars.generator.FightFunctions.getAbsoluteShield, -1)), load(sysexec(com.leekwars.generator.FightFunctions.getRelativeShield, new Object[] { null })), load(sysexec(com.leekwars.generator.FightFunctions.getRelativeShield, 1)), load(sysexec(com.leekwars.generator.FightFunctions.getRelativeShield, -1)), load(sysexec(com.leekwars.generator.FightFunctions.getLevel, new Object[] { null })), load(sysexec(com.leekwars.generator.FightFunctions.getLevel, 1)), load(sysexec(com.leekwars.generator.FightFunctions.getLevel, -1)), load(sysexec(com.leekwars.generator.FightFunctions.getFrequency, new Object[] { null })), load(sysexec(com.leekwars.generator.FightFunctions.getFrequency, 1)), load(sysexec(com.leekwars.generator.FightFunctions.getFrequency, -1)), load(sysexec(com.leekwars.generator.FightFunctions.getLeekID, new Object[] { null })), load(sysexec(com.leekwars.generator.FightFunctions.getLeekID, 1)), load(sysexec(com.leekwars.generator.FightFunctions.getLeekID, -1)), load(sysexec(com.leekwars.generator.FightFunctions.getTeamName, new Object[] { null })), load(sysexec(com.leekwars.generator.FightFunctions.getTeamName, 1)), load(sysexec(com.leekwars.generator.FightFunctions.getTeamName, -1)), load(sysexec(com.leekwars.generator.FightFunctions.getFarmerName, new Object[] { null })), load(sysexec(com.leekwars.generator.FightFunctions.getFarmerName, 1)), load(sysexec(com.leekwars.generator.FightFunctions.getFarmerName, -1)), load(sysexec(com.leekwars.generator.FightFunctions.getTeamID, new Object[] { null })), load(sysexec(com.leekwars.generator.FightFunctions.getTeamID, 1)), load(sysexec(com.leekwars.generator.FightFunctions.getTeamID, -1)), load(sysexec(com.leekwars.generator.FightFunctions.getFarmerID, new Object[] { null })), load(sysexec(com.leekwars.generator.FightFunctions.getFarmerID, 1)), load(sysexec(com.leekwars.generator.FightFunctions.getFarmerID, -1)), load(sysexec(com.leekwars.generator.FightFunctions.getAIName, new Object[] { null })), load(sysexec(com.leekwars.generator.FightFunctions.getAIName, 1)), load(sysexec(com.leekwars.generator.FightFunctions.getAIName, -1)), load(sysexec(com.leekwars.generator.FightFunctions.getAIID, -1)) }, false), 24);&#13;&#10;                                                                                                                                                                                                                                                                                                                                                                                                                                                                                                                                                                                                                                                                                                                                                                                                                                                                                                                                                                                                                                                                                                                                                                                                                                                                                                                                                                                                                                                                                                                                                                                                                                                                                                                                                                                                                                                                                                                                                                                                                                                                                                                                                                                                                                                                                                                                                                                                                                                                                                                                                                                                                                                                                                                                                                                                                                                                                                                                                                                                                                                                                                                                                                                                                                                                                                                                                                                                                                                                                                                                                                                                                                                                                                                                                                                                                                                                                                                                                                                                                                                                                                                                                                                                                                                                                                                                                                                                                                                                                                                                                                                                                                                                                                                                                                                                                                                                                                                                                                                                                                                                                                                                                                                    ^&#13;&#10;AI_10.java:12: error: package com.leekwars.generator does not exist&#13;&#10;return ops(new ArrayLeekValue(AI_10.this, new Object[] { load(sysexec(com.leekwars.generator.FightFunctions.getForce, new Object[] { null })), load(sysexec(com.leekwars.generator.FightFunctions.getForce, 1)), load(sysexec(com.leekwars.generator.FightFunctions.getForce, -1)), load(sysexec(com.leekwars.generator.FightFunctions.getAgility, new Object[] { null })), load(sysexec(com.leekwars.generator.FightFunctions.getAgility, 1)), load(sysexec(com.leekwars.generator.FightFunctions.getAgility, -1)), load(sysexec(com.leekwars.generator.FightFunctions.getLife, new Object[] { null })), load(sysexec(com.leekwars.generator.FightFunctions.getLife, 1)), load(sysexec(com.leekwars.generator.FightFunctions.getLife, -1)), load(sysexec(com.leekwars.generator.FightFunctions.getCell, new Object[] { null })), load(sysexec(com.leekwars.generator.FightFunctions.getCell, 1)), load(sysexec(com.leekwars.generator.FightFunctions.getCell, -1)), load(sysexec(com.leekwars.generator.FightFunctions.getWeapon, new Object[] { null })), load(sysexec(com.leekwars.generator.FightFunctions.getWeapon, 1)), load(sysexec(com.leekwars.generator.FightFunctions.getWeapon, -1)), load(sysexec(com.leekwars.generator.FightFunctions.getMP, new Object[] { null })), load(sysexec(com.leekwars.generator.FightFunctions.getMP, 1)), load(sysexec(com.leekwars.generator.FightFunctions.getMP, -1)), load(sysexec(com.leekwars.generator.FightFunctions.getTP, new Object[] { null })), load(sysexec(com.leekwars.generator.FightFunctions.getTP, 1)), load(sysexec(com.leekwars.generator.FightFunctions.getTP, -1)), load(sysexec(com.leekwars.generator.FightFunctions.getTotalLife, new Object[] { null })), load(sysexec(com.leekwars.generator.FightFunctions.getTotalLife, 1)), load(sysexec(com.leekwars.generator.FightFunctions.getTotalLife, -1)), load(sysexec(com.leekwars.generator.FightFunctions.isEnemy, 0)), load(sysexec(com.leekwars.generator.FightFunctions.isEnemy, 1)), load(sysexec(com.leekwars.generator.FightFunctions.isEnemy, -1)), load(sysexec(com.leekwars.generator.FightFunctions.isAlly, 0)), load(sysexec(com.leekwars.generator.FightFunctions.isAlly, 1)), load(sysexec(com.leekwars.generator.FightFunctions.isAlly, -1)), load(sysexec(com.leekwars.generator.FightFunctions.isDead, 0)), load(sysexec(com.leekwars.generator.FightFunctions.isDead, 1)), load(sysexec(com.leekwars.generator.FightFunctions.isDead, -1)), load(sysexec(com.leekwars.generator.FightFunctions.isAlive, 0)), load(sysexec(com.leekwars.generator.FightFunctions.isAlive, 1)), load(sysexec(com.leekwars.generator.FightFunctions.isAlive, -1)), load(sysexec(com.leekwars.generator.FightFunctions.getLeek)), load(sysexec(LeekFunctions.string, load(sysexec(com.leekwars.generator.FightFunctions.getChips, new Object[] { null })))), load(sysexec(LeekFunctions.string, load(sysexec(com.leekwars.generator.FightFunctions.getChips, 1)))), load(sysexec(com.leekwars.generator.FightFunctions.getChips, -1)), load(sysexec(com.leekwars.generator.FightFunctions.getAbsoluteShield, new Object[] { null })), load(sysexec(com.leekwars.generator.FightFunctions.getAbsoluteShield, 1)), load(sysexec(com.leekwars.generator.FightFunctions.getAbsoluteShield, -1)), load(sysexec(com.leekwars.generator.FightFunctions.getRelativeShield, new Object[] { null })), load(sysexec(com.leekwars.generator.FightFunctions.getRelativeShield, 1)), load(sysexec(com.leekwars.generator.FightFunctions.getRelativeShield, -1)), load(sysexec(com.leekwars.generator.FightFunctions.getLevel, new Object[] { null })), load(sysexec(com.leekwars.generator.FightFunctions.getLevel, 1)), load(sysexec(com.leekwars.generator.FightFunctions.getLevel, -1)), load(sysexec(com.leekwars.generator.FightFunctions.getFrequency, new Object[] { null })), load(sysexec(com.leekwars.generator.FightFunctions.getFrequency, 1)), load(sysexec(com.leekwars.generator.FightFunctions.getFrequency, -1)), load(sysexec(com.leekwars.generator.FightFunctions.getLeekID, new Object[] { null })), load(sysexec(com.leekwars.generator.FightFunctions.getLeekID, 1)), load(sysexec(com.leekwars.generator.FightFunctions.getLeekID, -1)), load(sysexec(com.leekwars.generator.FightFunctions.getTeamName, new Object[] { null })), load(sysexec(com.leekwars.generator.FightFunctions.getTeamName, 1)), load(sysexec(com.leekwars.generator.FightFunctions.getTeamName, -1)), load(sysexec(com.leekwars.generator.FightFunctions.getFarmerName, new Object[] { null })), load(sysexec(com.leekwars.generator.FightFunctions.getFarmerName, 1)), load(sysexec(com.leekwars.generator.FightFunctions.getFarmerName, -1)), load(sysexec(com.leekwars.generator.FightFunctions.getTeamID, new Object[] { null })), load(sysexec(com.leekwars.generator.FightFunctions.getTeamID, 1)), load(sysexec(com.leekwars.generator.FightFunctions.getTeamID, -1)), load(sysexec(com.leekwars.generator.FightFunctions.getFarmerID, new Object[] { null })), load(sysexec(com.leekwars.generator.FightFunctions.getFarmerID, 1)), load(sysexec(com.leekwars.generator.FightFunctions.getFarmerID, -1)), load(sysexec(com.leekwars.generator.FightFunctions.getAIName, new Object[] { null })), load(sysexec(com.leekwars.generator.FightFunctions.getAIName, 1)), load(sysexec(com.leekwars.generator.FightFunctions.getAIName, -1)), load(sysexec(com.leekwars.generator.FightFunctions.getAIID, -1)) }, false), 24);&#13;&#10;                                                                                                                                                                                                                                                                                                                                                                                                                                                                                                                                                                                                                                                                                                                                                                                                                                                                                                                                                                                                                                                                                                                                                                                                                                                                                                                                                                                                                                                                                                                                                                                                                                                                                                                                                                                                                                                                                                                                                                                                                                                                                                                                                                                                                                                                                                                                                                                                                                                                                                                                                                                                                                                                                                                                                                                                                                                                                                                                                                                                                                                                                                                                                                                                                                                                                                                                                                                                                                                                                                                                                                                                                                                                                                                                                                                                                                                                                                                                                                                                                                                                                                                                                                                                                                                                                                                                                                                                                                                                                                                                                                                                                                                                                                                                                                                                                                                                                                                                                                                                                                                                                                                                                                                                                                                          ^&#13;&#10;AI_10.java:12: error: package com.leekwars.generator does not exist&#13;&#10;return ops(new ArrayLeekValue(AI_10.this, new Object[] { load(sysexec(com.leekwars.generator.FightFunctions.getForce, new Object[] { null })), load(sysexec(com.leekwars.generator.FightFunctions.getForce, 1)), load(sysexec(com.leekwars.generator.FightFunctions.getForce, -1)), load(sysexec(com.leekwars.generator.FightFunctions.getAgility, new Object[] { null })), load(sysexec(com.leekwars.generator.FightFunctions.getAgility, 1)), load(sysexec(com.leekwars.generator.FightFunctions.getAgility, -1)), load(sysexec(com.leekwars.generator.FightFunctions.getLife, new Object[] { null })), load(sysexec(com.leekwars.generator.FightFunctions.getLife, 1)), load(sysexec(com.leekwars.generator.FightFunctions.getLife, -1)), load(sysexec(com.leekwars.generator.FightFunctions.getCell, new Object[] { null })), load(sysexec(com.leekwars.generator.FightFunctions.getCell, 1)), load(sysexec(com.leekwars.generator.FightFunctions.getCell, -1)), load(sysexec(com.leekwars.generator.FightFunctions.getWeapon, new Object[] { null })), load(sysexec(com.leekwars.generator.FightFunctions.getWeapon, 1)), load(sysexec(com.leekwars.generator.FightFunctions.getWeapon, -1)), load(sysexec(com.leekwars.generator.FightFunctions.getMP, new Object[] { null })), load(sysexec(com.leekwars.generator.FightFunctions.getMP, 1)), load(sysexec(com.leekwars.generator.FightFunctions.getMP, -1)), load(sysexec(com.leekwars.generator.FightFunctions.getTP, new Object[] { null })), load(sysexec(com.leekwars.generator.FightFunctions.getTP, 1)), load(sysexec(com.leekwars.generator.FightFunctions.getTP, -1)), load(sysexec(com.leekwars.generator.FightFunctions.getTotalLife, new Object[] { null })), load(sysexec(com.leekwars.generator.FightFunctions.getTotalLife, 1)), load(sysexec(com.leekwars.generator.FightFunctions.getTotalLife, -1)), load(sysexec(com.leekwars.generator.FightFunctions.isEnemy, 0)), load(sysexec(com.leekwars.generator.FightFunctions.isEnemy, 1)), load(sysexec(com.leekwars.generator.FightFunctions.isEnemy, -1)), load(sysexec(com.leekwars.generator.FightFunctions.isAlly, 0)), load(sysexec(com.leekwars.generator.FightFunctions.isAlly, 1)), load(sysexec(com.leekwars.generator.FightFunctions.isAlly, -1)), load(sysexec(com.leekwars.generator.FightFunctions.isDead, 0)), load(sysexec(com.leekwars.generator.FightFunctions.isDead, 1)), load(sysexec(com.leekwars.generator.FightFunctions.isDead, -1)), load(sysexec(com.leekwars.generator.FightFunctions.isAlive, 0)), load(sysexec(com.leekwars.generator.FightFunctions.isAlive, 1)), load(sysexec(com.leekwars.generator.FightFunctions.isAlive, -1)), load(sysexec(com.leekwars.generator.FightFunctions.getLeek)), load(sysexec(LeekFunctions.string, load(sysexec(com.leekwars.generator.FightFunctions.getChips, new Object[] { null })))), load(sysexec(LeekFunctions.string, load(sysexec(com.leekwars.generator.FightFunctions.getChips, 1)))), load(sysexec(com.leekwars.generator.FightFunctions.getChips, -1)), load(sysexec(com.leekwars.generator.FightFunctions.getAbsoluteShield, new Object[] { null })), load(sysexec(com.leekwars.generator.FightFunctions.getAbsoluteShield, 1)), load(sysexec(com.leekwars.generator.FightFunctions.getAbsoluteShield, -1)), load(sysexec(com.leekwars.generator.FightFunctions.getRelativeShield, new Object[] { null })), load(sysexec(com.leekwars.generator.FightFunctions.getRelativeShield, 1)), load(sysexec(com.leekwars.generator.FightFunctions.getRelativeShield, -1)), load(sysexec(com.leekwars.generator.FightFunctions.getLevel, new Object[] { null })), load(sysexec(com.leekwars.generator.FightFunctions.getLevel, 1)), load(sysexec(com.leekwars.generator.FightFunctions.getLevel, -1)), load(sysexec(com.leekwars.generator.FightFunctions.getFrequency, new Object[] { null })), load(sysexec(com.leekwars.generator.FightFunctions.getFrequency, 1)), load(sysexec(com.leekwars.generator.FightFunctions.getFrequency, -1)), load(sysexec(com.leekwars.generator.FightFunctions.getLeekID, new Object[] { null })), load(sysexec(com.leekwars.generator.FightFunctions.getLeekID, 1)), load(sysexec(com.leekwars.generator.FightFunctions.getLeekID, -1)), load(sysexec(com.leekwars.generator.FightFunctions.getTeamName, new Object[] { null })), load(sysexec(com.leekwars.generator.FightFunctions.getTeamName, 1)), load(sysexec(com.leekwars.generator.FightFunctions.getTeamName, -1)), load(sysexec(com.leekwars.generator.FightFunctions.getFarmerName, new Object[] { null })), load(sysexec(com.leekwars.generator.FightFunctions.getFarmerName, 1)), load(sysexec(com.leekwars.generator.FightFunctions.getFarmerName, -1)), load(sysexec(com.leekwars.generator.FightFunctions.getTeamID, new Object[] { null })), load(sysexec(com.leekwars.generator.FightFunctions.getTeamID, 1)), load(sysexec(com.leekwars.generator.FightFunctions.getTeamID, -1)), load(sysexec(com.leekwars.generator.FightFunctions.getFarmerID, new Object[] { null })), load(sysexec(com.leekwars.generator.FightFunctions.getFarmerID, 1)), load(sysexec(com.leekwars.generator.FightFunctions.getFarmerID, -1)), load(sysexec(com.leekwars.generator.FightFunctions.getAIName, new Object[] { null })), load(sysexec(com.leekwars.generator.FightFunctions.getAIName, 1)), load(sysexec(com.leekwars.generator.FightFunctions.getAIName, -1)), load(sysexec(com.leekwars.generator.FightFunctions.getAIID, -1)) }, false), 24);&#13;&#10;                                                                                                                                                                                                                                                                                                                                                                                                                                                                                                                                                                                                                                                                                                                                                                                                                                                                                                                                                                                                                                                                                                                                                                                                                                                                                                                                                                                                                                                                                                                                                                                                                                                                                                                                                                                                                                                                                                                                                                                                                                                                                                                                                                                                                                                                                                                                                                                                                                                                                                                                                                                                                                                                                                                                                                                                                                                                                                                                                                                                                                                                                                                                                                                                                                                                                                                                                                                                                                                                                                                                                                                                                                                                                                                                                                                                                                                                                                                                                                                                                                                                                                                                                                                                                                                                                                                                                                                                                                                                                                                                                                                                                                                                                                                                                                                                                                                                                                                                                                                                                                                                                                                                                                                                                                                                                                                                                 ^&#13;&#10;AI_10.java:12: error: package com.leekwars.generator does not exist&#13;&#10;return ops(new ArrayLeekValue(AI_10.this, new Object[] { load(sysexec(com.leekwars.generator.FightFunctions.getForce, new Object[] { null })), load(sysexec(com.leekwars.generator.FightFunctions.getForce, 1)), load(sysexec(com.leekwars.generator.FightFunctions.getForce, -1)), load(sysexec(com.leekwars.generator.FightFunctions.getAgility, new Object[] { null })), load(sysexec(com.leekwars.generator.FightFunctions.getAgility, 1)), load(sysexec(com.leekwars.generator.FightFunctions.getAgility, -1)), load(sysexec(com.leekwars.generator.FightFunctions.getLife, new Object[] { null })), load(sysexec(com.leekwars.generator.FightFunctions.getLife, 1)), load(sysexec(com.leekwars.generator.FightFunctions.getLife, -1)), load(sysexec(com.leekwars.generator.FightFunctions.getCell, new Object[] { null })), load(sysexec(com.leekwars.generator.FightFunctions.getCell, 1)), load(sysexec(com.leekwars.generator.FightFunctions.getCell, -1)), load(sysexec(com.leekwars.generator.FightFunctions.getWeapon, new Object[] { null })), load(sysexec(com.leekwars.generator.FightFunctions.getWeapon, 1)), load(sysexec(com.leekwars.generator.FightFunctions.getWeapon, -1)), load(sysexec(com.leekwars.generator.FightFunctions.getMP, new Object[] { null })), load(sysexec(com.leekwars.generator.FightFunctions.getMP, 1)), load(sysexec(com.leekwars.generator.FightFunctions.getMP, -1)), load(sysexec(com.leekwars.generator.FightFunctions.getTP, new Object[] { null })), load(sysexec(com.leekwars.generator.FightFunctions.getTP, 1)), load(sysexec(com.leekwars.generator.FightFunctions.getTP, -1)), load(sysexec(com.leekwars.generator.FightFunctions.getTotalLife, new Object[] { null })), load(sysexec(com.leekwars.generator.FightFunctions.getTotalLife, 1)), load(sysexec(com.leekwars.generator.FightFunctions.getTotalLife, -1)), load(sysexec(com.leekwars.generator.FightFunctions.isEnemy, 0)), load(sysexec(com.leekwars.generator.FightFunctions.isEnemy, 1)), load(sysexec(com.leekwars.generator.FightFunctions.isEnemy, -1)), load(sysexec(com.leekwars.generator.FightFunctions.isAlly, 0)), load(sysexec(com.leekwars.generator.FightFunctions.isAlly, 1)), load(sysexec(com.leekwars.generator.FightFunctions.isAlly, -1)), load(sysexec(com.leekwars.generator.FightFunctions.isDead, 0)), load(sysexec(com.leekwars.generator.FightFunctions.isDead, 1)), load(sysexec(com.leekwars.generator.FightFunctions.isDead, -1)), load(sysexec(com.leekwars.generator.FightFunctions.isAlive, 0)), load(sysexec(com.leekwars.generator.FightFunctions.isAlive, 1)), load(sysexec(com.leekwars.generator.FightFunctions.isAlive, -1)), load(sysexec(com.leekwars.generator.FightFunctions.getLeek)), load(sysexec(LeekFunctions.string, load(sysexec(com.leekwars.generator.FightFunctions.getChips, new Object[] { null })))), load(sysexec(LeekFunctions.string, load(sysexec(com.leekwars.generator.FightFunctions.getChips, 1)))), load(sysexec(com.leekwars.generator.FightFunctions.getChips, -1)), load(sysexec(com.leekwars.generator.FightFunctions.getAbsoluteShield, new Object[] { null })), load(sysexec(com.leekwars.generator.FightFunctions.getAbsoluteShield, 1)), load(sysexec(com.leekwars.generator.FightFunctions.getAbsoluteShield, -1)), load(sysexec(com.leekwars.generator.FightFunctions.getRelativeShield, new Object[] { null })), load(sysexec(com.leekwars.generator.FightFunctions.getRelativeShield, 1)), load(sysexec(com.leekwars.generator.FightFunctions.getRelativeShield, -1)), load(sysexec(com.leekwars.generator.FightFunctions.getLevel, new Object[] { null })), load(sysexec(com.leekwars.generator.FightFunctions.getLevel, 1)), load(sysexec(com.leekwars.generator.FightFunctions.getLevel, -1)), load(sysexec(com.leekwars.generator.FightFunctions.getFrequency, new Object[] { null })), load(sysexec(com.leekwars.generator.FightFunctions.getFrequency, 1)), load(sysexec(com.leekwars.generator.FightFunctions.getFrequency, -1)), load(sysexec(com.leekwars.generator.FightFunctions.getLeekID, new Object[] { null })), load(sysexec(com.leekwars.generator.FightFunctions.getLeekID, 1)), load(sysexec(com.leekwars.generator.FightFunctions.getLeekID, -1)), load(sysexec(com.leekwars.generator.FightFunctions.getTeamName, new Object[] { null })), load(sysexec(com.leekwars.generator.FightFunctions.getTeamName, 1)), load(sysexec(com.leekwars.generator.FightFunctions.getTeamName, -1)), load(sysexec(com.leekwars.generator.FightFunctions.getFarmerName, new Object[] { null })), load(sysexec(com.leekwars.generator.FightFunctions.getFarmerName, 1)), load(sysexec(com.leekwars.generator.FightFunctions.getFarmerName, -1)), load(sysexec(com.leekwars.generator.FightFunctions.getTeamID, new Object[] { null })), load(sysexec(com.leekwars.generator.FightFunctions.getTeamID, 1)), load(sysexec(com.leekwars.generator.FightFunctions.getTeamID, -1)), load(sysexec(com.leekwars.generator.FightFunctions.getFarmerID, new Object[] { null })), load(sysexec(com.leekwars.generator.FightFunctions.getFarmerID, 1)), load(sysexec(com.leekwars.generator.FightFunctions.getFarmerID, -1)), load(sysexec(com.leekwars.generator.FightFunctions.getAIName, new Object[] { null })), load(sysexec(com.leekwars.generator.FightFunctions.getAIName, 1)), load(sysexec(com.leekwars.generator.FightFunctions.getAIName, -1)), load(sysexec(com.leekwars.generator.FightFunctions.getAIID, -1)) }, false), 24);&#13;&#10;                                                                                                                                                                                                                                                                                                                                                                                                                                                                                                                                                                                                                                                                                                                                                                                                                                                                                                                                                                                                                                                                                                                                                                                                                                                                                                                                                                                                                                                                                                                                                                                                                                                                                                                                                                                                                                                                                                                                                                                                                                                                                                                                                                                                                                                                                                                                                                                                                                                                                                                                                                                                                                                                                                                                                                                                                                                                                                                                                                                                                                                                                                                                                                                                                                                                                                                                                                                                                                                                                                                                                                                                                                                                                                                                                                                                                                                                                                                                                                                                                                                                                                                                                                                                                                                                                                                                                                                                                                                                                                                                                                                                                                                                                                                                                                                                                                                                                                                                                                                                                                                                                                                                                                                                                                                                                                                                                                                                                    ^&#13;&#10;AI_10.java:12: error: package com.leekwars.generator does not exist&#13;&#10;return ops(new ArrayLeekValue(AI_10.this, new Object[] { load(sysexec(com.leekwars.generator.FightFunctions.getForce, new Object[] { null })), load(sysexec(com.leekwars.generator.FightFunctions.getForce, 1)), load(sysexec(com.leekwars.generator.FightFunctions.getForce, -1)), load(sysexec(com.leekwars.generator.FightFunctions.getAgility, new Object[] { null })), load(sysexec(com.leekwars.generator.FightFunctions.getAgility, 1)), load(sysexec(com.leekwars.generator.FightFunctions.getAgility, -1)), load(sysexec(com.leekwars.generator.FightFunctions.getLife, new Object[] { null })), load(sysexec(com.leekwars.generator.FightFunctions.getLife, 1)), load(sysexec(com.leekwars.generator.FightFunctions.getLife, -1)), load(sysexec(com.leekwars.generator.FightFunctions.getCell, new Object[] { null })), load(sysexec(com.leekwars.generator.FightFunctions.getCell, 1)), load(sysexec(com.leekwars.generator.FightFunctions.getCell, -1)), load(sysexec(com.leekwars.generator.FightFunctions.getWeapon, new Object[] { null })), load(sysexec(com.leekwars.generator.FightFunctions.getWeapon, 1)), load(sysexec(com.leekwars.generator.FightFunctions.getWeapon, -1)), load(sysexec(com.leekwars.generator.FightFunctions.getMP, new Object[] { null })), load(sysexec(com.leekwars.generator.FightFunctions.getMP, 1)), load(sysexec(com.leekwars.generator.FightFunctions.getMP, -1)), load(sysexec(com.leekwars.generator.FightFunctions.getTP, new Object[] { null })), load(sysexec(com.leekwars.generator.FightFunctions.getTP, 1)), load(sysexec(com.leekwars.generator.FightFunctions.getTP, -1)), load(sysexec(com.leekwars.generator.FightFunctions.getTotalLife, new Object[] { null })), load(sysexec(com.leekwars.generator.FightFunctions.getTotalLife, 1)), load(sysexec(com.leekwars.generator.FightFunctions.getTotalLife, -1)), load(sysexec(com.leekwars.generator.FightFunctions.isEnemy, 0)), load(sysexec(com.leekwars.generator.FightFunctions.isEnemy, 1)), load(sysexec(com.leekwars.generator.FightFunctions.isEnemy, -1)), load(sysexec(com.leekwars.generator.FightFunctions.isAlly, 0)), load(sysexec(com.leekwars.generator.FightFunctions.isAlly, 1)), load(sysexec(com.leekwars.generator.FightFunctions.isAlly, -1)), load(sysexec(com.leekwars.generator.FightFunctions.isDead, 0)), load(sysexec(com.leekwars.generator.FightFunctions.isDead, 1)), load(sysexec(com.leekwars.generator.FightFunctions.isDead, -1)), load(sysexec(com.leekwars.generator.FightFunctions.isAlive, 0)), load(sysexec(com.leekwars.generator.FightFunctions.isAlive, 1)), load(sysexec(com.leekwars.generator.FightFunctions.isAlive, -1)), load(sysexec(com.leekwars.generator.FightFunctions.getLeek)), load(sysexec(LeekFunctions.string, load(sysexec(com.leekwars.generator.FightFunctions.getChips, new Object[] { null })))), load(sysexec(LeekFunctions.string, load(sysexec(com.leekwars.generator.FightFunctions.getChips, 1)))), load(sysexec(com.leekwars.generator.FightFunctions.getChips, -1)), load(sysexec(com.leekwars.generator.FightFunctions.getAbsoluteShield, new Object[] { null })), load(sysexec(com.leekwars.generator.FightFunctions.getAbsoluteShield, 1)), load(sysexec(com.leekwars.generator.FightFunctions.getAbsoluteShield, -1)), load(sysexec(com.leekwars.generator.FightFunctions.getRelativeShield, new Object[] { null })), load(sysexec(com.leekwars.generator.FightFunctions.getRelativeShield, 1)), load(sysexec(com.leekwars.generator.FightFunctions.getRelativeShield, -1)), load(sysexec(com.leekwars.generator.FightFunctions.getLevel, new Object[] { null })), load(sysexec(com.leekwars.generator.FightFunctions.getLevel, 1)), load(sysexec(com.leekwars.generator.FightFunctions.getLevel, -1)), load(sysexec(com.leekwars.generator.FightFunctions.getFrequency, new Object[] { null })), load(sysexec(com.leekwars.generator.FightFunctions.getFrequency, 1)), load(sysexec(com.leekwars.generator.FightFunctions.getFrequency, -1)), load(sysexec(com.leekwars.generator.FightFunctions.getLeekID, new Object[] { null })), load(sysexec(com.leekwars.generator.FightFunctions.getLeekID, 1)), load(sysexec(com.leekwars.generator.FightFunctions.getLeekID, -1)), load(sysexec(com.leekwars.generator.FightFunctions.getTeamName, new Object[] { null })), load(sysexec(com.leekwars.generator.FightFunctions.getTeamName, 1)), load(sysexec(com.leekwars.generator.FightFunctions.getTeamName, -1)), load(sysexec(com.leekwars.generator.FightFunctions.getFarmerName, new Object[] { null })), load(sysexec(com.leekwars.generator.FightFunctions.getFarmerName, 1)), load(sysexec(com.leekwars.generator.FightFunctions.getFarmerName, -1)), load(sysexec(com.leekwars.generator.FightFunctions.getTeamID, new Object[] { null })), load(sysexec(com.leekwars.generator.FightFunctions.getTeamID, 1)), load(sysexec(com.leekwars.generator.FightFunctions.getTeamID, -1)), load(sysexec(com.leekwars.generator.FightFunctions.getFarmerID, new Object[] { null })), load(sysexec(com.leekwars.generator.FightFunctions.getFarmerID, 1)), load(sysexec(com.leekwars.generator.FightFunctions.getFarmerID, -1)), load(sysexec(com.leekwars.generator.FightFunctions.getAIName, new Object[] { null })), load(sysexec(com.leekwars.generator.FightFunctions.getAIName, 1)), load(sysexec(com.leekwars.generator.FightFunctions.getAIName, -1)), load(sysexec(com.leekwars.generator.FightFunctions.getAIID, -1)) }, false), 24);&#13;&#10;                                                                                                                                                                                                                                                                                                                                                                                                                                                                                                                                                                                                                                                                                                                                                                                                                                                                                                                                                                                                                                                                                                                                                                                                                                                                                                                                                                                                                                                                                                                                                                                                                                                                                                                                                                                                                                                                                                                                                                                                                                                                                                                                                                                                                                                                                                                                                                                                                                                                                                                                                                                                                                                                                                                                                                                                                                                                                                                                                                                                                                                                                                                                                                                                                                                                                                                                                                                                                                                                                                                                                                                                                                                                                                                                                                                                                                                                                                                                                                                                                                                                                                                                                                                                                                                                                                                                                                                                                                                                                                                                                                                                                                                                                                                                                                                                                                                                                                                                                                                                                                                                                                                                                                                                                                                                                                                                                                                                                                                                                        ^&#13;&#10;AI_10.java:12: error: no suitable constructor found for ArrayLeekValue(AI_10,Object[],boolean)&#13;&#10;return ops(new ArrayLeekValue(AI_10.this, new Object[] { load(sysexec(com.leekwars.generator.FightFunctions.getForce, new Object[] { null })), load(sysexec(com.leekwars.generator.FightFunctions.getForce, 1)), load(sysexec(com.leekwars.generator.FightFunctions.getForce, -1)), load(sysexec(com.leekwars.generator.FightFunctions.getAgility, new Object[] { null })), load(sysexec(com.leekwars.generator.FightFunctions.getAgility, 1)), load(sysexec(com.leekwars.generator.FightFunctions.getAgility, -1)), load(sysexec(com.leekwars.generator.FightFunctions.getLife, new Object[] { null })), load(sysexec(com.leekwars.generator.FightFunctions.getLife, 1)), load(sysexec(com.leekwars.generator.FightFunctions.getLife, -1)), load(sysexec(com.leekwars.generator.FightFunctions.getCell, new Object[] { null })), load(sysexec(com.leekwars.generator.FightFunctions.getCell, 1)), load(sysexec(com.leekwars.generator.FightFunctions.getCell, -1)), load(sysexec(com.leekwars.generator.FightFunctions.getWeapon, new Object[] { null })), load(sysexec(com.leekwars.generator.FightFunctions.getWeapon, 1)), load(sysexec(com.leekwars.generator.FightFunctions.getWeapon, -1)), load(sysexec(com.leekwars.generator.FightFunctions.getMP, new Object[] { null })), load(sysexec(com.leekwars.generator.FightFunctions.getMP, 1)), load(sysexec(com.leekwars.generator.FightFunctions.getMP, -1)), load(sysexec(com.leekwars.generator.FightFunctions.getTP, new Object[] { null })), load(sysexec(com.leekwars.generator.FightFunctions.getTP, 1)), load(sysexec(com.leekwars.generator.FightFunctions.getTP, -1)), load(sysexec(com.leekwars.generator.FightFunctions.getTotalLife, new Object[] { null })), load(sysexec(com.leekwars.generator.FightFunctions.getTotalLife, 1)), load(sysexec(com.leekwars.generator.FightFunctions.getTotalLife, -1)), load(sysexec(com.leekwars.generator.FightFunctions.isEnemy, 0)), load(sysexec(com.leekwars.generator.FightFunctions.isEnemy, 1)), load(sysexec(com.leekwars.generator.FightFunctions.isEnemy, -1)), load(sysexec(com.leekwars.generator.FightFunctions.isAlly, 0)), load(sysexec(com.leekwars.generator.FightFunctions.isAlly, 1)), load(sysexec(com.leekwars.generator.FightFunctions.isAlly, -1)), load(sysexec(com.leekwars.generator.FightFunctions.isDead, 0)), load(sysexec(com.leekwars.generator.FightFunctions.isDead, 1)), load(sysexec(com.leekwars.generator.FightFunctions.isDead, -1)), load(sysexec(com.leekwars.generator.FightFunctions.isAlive, 0)), load(sysexec(com.leekwars.generator.FightFunctions.isAlive, 1)), load(sysexec(com.leekwars.generator.FightFunctions.isAlive, -1)), load(sysexec(com.leekwars.generator.FightFunctions.getLeek)), load(sysexec(LeekFunctions.string, load(sysexec(com.leekwars.generator.FightFunctions.getChips, new Object[] { null })))), load(sysexec(LeekFunctions.string, load(sysexec(com.leekwars.generator.FightFunctions.getChips, 1)))), load(sysexec(com.leekwars.generator.FightFunctions.getChips, -1)), load(sysexec(com.leekwars.generator.FightFunctions.getAbsoluteShield, new Object[] { null })), load(sysexec(com.leekwars.generator.FightFunctions.getAbsoluteShield, 1)), load(sysexec(com.leekwars.generator.FightFunctions.getAbsoluteShield, -1)), load(sysexec(com.leekwars.generator.FightFunctions.getRelativeShield, new Object[] { null })), load(sysexec(com.leekwars.generator.FightFunctions.getRelativeShield, 1)), load(sysexec(com.leekwars.generator.FightFunctions.getRelativeShield, -1)), load(sysexec(com.leekwars.generator.FightFunctions.getLevel, new Object[] { null })), load(sysexec(com.leekwars.generator.FightFunctions.getLevel, 1)), load(sysexec(com.leekwars.generator.FightFunctions.getLevel, -1)), load(sysexec(com.leekwars.generator.FightFunctions.getFrequency, new Object[] { null })), load(sysexec(com.leekwars.generator.FightFunctions.getFrequency, 1)), load(sysexec(com.leekwars.generator.FightFunctions.getFrequency, -1)), load(sysexec(com.leekwars.generator.FightFunctions.getLeekID, new Object[] { null })), load(sysexec(com.leekwars.generator.FightFunctions.getLeekID, 1)), load(sysexec(com.leekwars.generator.FightFunctions.getLeekID, -1)), load(sysexec(com.leekwars.generator.FightFunctions.getTeamName, new Object[] { null })), load(sysexec(com.leekwars.generator.FightFunctions.getTeamName, 1)), load(sysexec(com.leekwars.generator.FightFunctions.getTeamName, -1)), load(sysexec(com.leekwars.generator.FightFunctions.getFarmerName, new Object[] { null })), load(sysexec(com.leekwars.generator.FightFunctions.getFarmerName, 1)), load(sysexec(com.leekwars.generator.FightFunctions.getFarmerName, -1)), load(sysexec(com.leekwars.generator.FightFunctions.getTeamID, new Object[] { null })), load(sysexec(com.leekwars.generator.FightFunctions.getTeamID, 1)), load(sysexec(com.leekwars.generator.FightFunctions.getTeamID, -1)), load(sysexec(com.leekwars.generator.FightFunctions.getFarmerID, new Object[] { null })), load(sysexec(com.leekwars.generator.FightFunctions.getFarmerID, 1)), load(sysexec(com.leekwars.generator.FightFunctions.getFarmerID, -1)), load(sysexec(com.leekwars.generator.FightFunctions.getAIName, new Object[] { null })), load(sysexec(com.leekwars.generator.FightFunctions.getAIName, 1)), load(sysexec(com.leekwars.generator.FightFunctions.getAIName, -1)), load(sysexec(com.leekwars.generator.FightFunctions.getAIID, -1)) }, false), 24);&#13;&#10;           ^&#13;&#10;    constructor ArrayLeekValue.ArrayLeekValue(AI,Object[],boolean) is not applicable&#13;&#10;      (argument mismatch; AI_10 cannot be converted to AI)&#13;&#10;    constructor ArrayLeekValue.ArrayLeekValue(AI,ArrayLeekValue,int) is not applicable&#13;&#10;      (argument mismatch; AI_10 cannot be converted to AI)&#13;&#10;Note: Some messages have been simplified; recompile with -Xdiags:verbose to get full output&#13;&#10;74 errors&#13;&#10;" type="leekscript.compiler.LeekScriptException">leekscript.compiler.LeekScriptException: COMPILE_JAVA : AI_10.java:5: error: package com.leekwars.generator.fight.entity does not exist
public class AI_10 extends com.leekwars.generator.fight.entity.EntityAI {
                                                              ^
AI_10.java:11: error: cannot find symbol
public Object runIA() throws LeekRunException { resetCounter();
                                                ^
  symbol:   method resetCounter()
  location: class AI_10
AI_10.java:12: error: package com.leekwars.generator does not exist
return ops(new ArrayLeekValue(AI_10.this, new Object[] { load(sysexec(com.leekwars.generator.FightFunctions.getForce, new Object[] { null })), load(sysexec(com.leekwars.generator.FightFunctions.getForce, 1)), load(sysexec(com.leekwars.generator.FightFunctions.getForce, -1)), load(sysexec(com.leekwars.generator.FightFunctions.getAgility, new Object[] { null })), load(sysexec(com.leekwars.generator.FightFunctions.getAgility, 1)), load(sysexec(com.leekwars.generator.FightFunctions.getAgility, -1)), load(sysexec(com.leekwars.generator.FightFunctions.getLife, new Object[] { null })), load(sysexec(com.leekwars.generator.FightFunctions.getLife, 1)), load(sysexec(com.leekwars.generator.FightFunctions.getLife, -1)), load(sysexec(com.leekwars.generator.FightFunctions.getCell, new Object[] { null })), load(sysexec(com.leekwars.generator.FightFunctions.getCell, 1)), load(sysexec(com.leekwars.generator.FightFunctions.getCell, -1)), load(sysexec(com.leekwars.generator.FightFunctions.getWeapon, new Object[] { null })), load(sysexec(com.leekwars.generator.FightFunctions.getWeapon, 1)), load(sysexec(com.leekwars.generator.FightFunctions.getWeapon, -1)), load(sysexec(com.leekwars.generator.FightFunctions.getMP, new Object[] { null })), load(sysexec(com.leekwars.generator.FightFunctions.getMP, 1)), load(sysexec(com.leekwars.generator.FightFunctions.getMP, -1)), load(sysexec(com.leekwars.generator.FightFunctions.getTP, new Object[] { null })), load(sysexec(com.leekwars.generator.FightFunctions.getTP, 1)), load(sysexec(com.leekwars.generator.FightFunctions.getTP, -1)), load(sysexec(com.leekwars.generator.FightFunctions.getTotalLife, new Object[] { null })), load(sysexec(com.leekwars.generator.FightFunctions.getTotalLife, 1)), load(sysexec(com.leekwars.generator.FightFunctions.getTotalLife, -1)), load(sysexec(com.leekwars.generator.FightFunctions.isEnemy, 0)), load(sysexec(com.leekwars.generator.FightFunctions.isEnemy, 1)), load(sysexec(com.leekwars.generator.FightFunctions.isEnemy, -1)), load(sysexec(com.leekwars.generator.FightFunctions.isAlly, 0)), load(sysexec(com.leekwars.generator.FightFunctions.isAlly, 1)), load(sysexec(com.leekwars.generator.FightFunctions.isAlly, -1)), load(sysexec(com.leekwars.generator.FightFunctions.isDead, 0)), load(sysexec(com.leekwars.generator.FightFunctions.isDead, 1)), load(sysexec(com.leekwars.generator.FightFunctions.isDead, -1)), load(sysexec(com.leekwars.generator.FightFunctions.isAlive, 0)), load(sysexec(com.leekwars.generator.FightFunctions.isAlive, 1)), load(sysexec(com.leekwars.generator.FightFunctions.isAlive, -1)), load(sysexec(com.leekwars.generator.FightFunctions.getLeek)), load(sysexec(LeekFunctions.string, load(sysexec(com.leekwars.generator.FightFunctions.getChips, new Object[] { null })))), load(sysexec(LeekFunctions.string, load(sysexec(com.leekwars.generator.FightFunctions.getChips, 1)))), load(sysexec(com.leekwars.generator.FightFunctions.getChips, -1)), load(sysexec(com.leekwars.generator.FightFunctions.getAbsoluteShield, new Object[] { null })), load(sysexec(com.leekwars.generator.FightFunctions.getAbsoluteShield, 1)), load(sysexec(com.leekwars.generator.FightFunctions.getAbsoluteShield, -1)), load(sysexec(com.leekwars.generator.FightFunctions.getRelativeShield, new Object[] { null })), load(sysexec(com.leekwars.generator.FightFunctions.getRelativeShield, 1)), load(sysexec(com.leekwars.generator.FightFunctions.getRelativeShield, -1)), load(sysexec(com.leekwars.generator.FightFunctions.getLevel, new Object[] { null })), load(sysexec(com.leekwars.generator.FightFunctions.getLevel, 1)), load(sysexec(com.leekwars.generator.FightFunctions.getLevel, -1)), load(sysexec(com.leekwars.generator.FightFunctions.getFrequency, new Object[] { null })), load(sysexec(com.leekwars.generator.FightFunctions.getFrequency, 1)), load(sysexec(com.leekwars.generator.FightFunctions.getFrequency, -1)), load(sysexec(com.leekwars.generator.FightFunctions.getLeekID, new Object[] { null })), load(sysexec(com.leekwars.generator.FightFunctions.getLeekID, 1)), load(sysexec(com.leekwars.generator.FightFunctions.getLeekID, -1)), load(sysexec(com.leekwars.generator.FightFunctions.getTeamName, new Object[] { null })), load(sysexec(com.leekwars.generator.FightFunctions.getTeamName, 1)), load(sysexec(com.leekwars.generator.FightFunctions.getTeamName, -1)), load(sysexec(com.leekwars.generator.FightFunctions.getFarmerName, new Object[] { null })), load(sysexec(com.leekwars.generator.FightFunctions.getFarmerName, 1)), load(sysexec(com.leekwars.generator.FightFunctions.getFarmerName, -1)), load(sysexec(com.leekwars.generator.FightFunctions.getTeamID, new Object[] { null })), load(sysexec(com.leekwars.generator.FightFunctions.getTeamID, 1)), load(sysexec(com.leekwars.generator.FightFunctions.getTeamID, -1)), load(sysexec(com.leekwars.generator.FightFunctions.getFarmerID, new Object[] { null })), load(sysexec(com.leekwars.generator.FightFunctions.getFarmerID, 1)), load(sysexec(com.leekwars.generator.FightFunctions.getFarmerID, -1)), load(sysexec(com.leekwars.generator.FightFunctions.getAIName, new Object[] { null })), load(sysexec(com.leekwars.generator.FightFunctions.getAIName, 1)), load(sysexec(com.leekwars.generator.FightFunctions.getAIName, -1)), load(sysexec(com.leekwars.generator.FightFunctions.getAIID, -1)) }, false), 24);
                                                                                            ^
AI_10.java:12: error: package com.leekwars.generator does not exist
return ops(new ArrayLeekValue(AI_10.this, new Object[] { load(sysexec(com.leekwars.generator.FightFunctions.getForce, new Object[] { null })), load(sysexec(com.leekwars.generator.FightFunctions.getForce, 1)), load(sysexec(com.leekwars.generator.FightFunctions.getForce, -1)), load(sysexec(com.leekwars.generator.FightFunctions.getAgility, new Object[] { null })), load(sysexec(com.leekwars.generator.FightFunctions.getAgility, 1)), load(sysexec(com.leekwars.generator.FightFunctions.getAgility, -1)), load(sysexec(com.leekwars.generator.FightFunctions.getLife, new Object[] { null })), load(sysexec(com.leekwars.generator.FightFunctions.getLife, 1)), load(sysexec(com.leekwars.generator.FightFunctions.getLife, -1)), load(sysexec(com.leekwars.generator.FightFunctions.getCell, new Object[] { null })), load(sysexec(com.leekwars.generator.FightFunctions.getCell, 1)), load(sysexec(com.leekwars.generator.FightFunctions.getCell, -1)), load(sysexec(com.leekwars.generator.FightFunctions.getWeapon, new Object[] { null })), load(sysexec(com.leekwars.generator.FightFunctions.getWeapon, 1)), load(sysexec(com.leekwars.generator.FightFunctions.getWeapon, -1)), load(sysexec(com.leekwars.generator.FightFunctions.getMP, new Object[] { null })), load(sysexec(com.leekwars.generator.FightFunctions.getMP, 1)), load(sysexec(com.leekwars.generator.FightFunctions.getMP, -1)), load(sysexec(com.leekwars.generator.FightFunctions.getTP, new Object[] { null })), load(sysexec(com.leekwars.generator.FightFunctions.getTP, 1)), load(sysexec(com.leekwars.generator.FightFunctions.getTP, -1)), load(sysexec(com.leekwars.generator.FightFunctions.getTotalLife, new Object[] { null })), load(sysexec(com.leekwars.generator.FightFunctions.getTotalLife, 1)), load(sysexec(com.leekwars.generator.FightFunctions.getTotalLife, -1)), load(sysexec(com.leekwars.generator.FightFunctions.isEnemy, 0)), load(sysexec(com.leekwars.generator.FightFunctions.isEnemy, 1)), load(sysexec(com.leekwars.generator.FightFunctions.isEnemy, -1)), load(sysexec(com.leekwars.generator.FightFunctions.isAlly, 0)), load(sysexec(com.leekwars.generator.FightFunctions.isAlly, 1)), load(sysexec(com.leekwars.generator.FightFunctions.isAlly, -1)), load(sysexec(com.leekwars.generator.FightFunctions.isDead, 0)), load(sysexec(com.leekwars.generator.FightFunctions.isDead, 1)), load(sysexec(com.leekwars.generator.FightFunctions.isDead, -1)), load(sysexec(com.leekwars.generator.FightFunctions.isAlive, 0)), load(sysexec(com.leekwars.generator.FightFunctions.isAlive, 1)), load(sysexec(com.leekwars.generator.FightFunctions.isAlive, -1)), load(sysexec(com.leekwars.generator.FightFunctions.getLeek)), load(sysexec(LeekFunctions.string, load(sysexec(com.leekwars.generator.FightFunctions.getChips, new Object[] { null })))), load(sysexec(LeekFunctions.string, load(sysexec(com.leekwars.generator.FightFunctions.getChips, 1)))), load(sysexec(com.leekwars.generator.FightFunctions.getChips, -1)), load(sysexec(com.leekwars.generator.FightFunctions.getAbsoluteShield, new Object[] { null })), load(sysexec(com.leekwars.generator.FightFunctions.getAbsoluteShield, 1)), load(sysexec(com.leekwars.generator.FightFunctions.getAbsoluteShield, -1)), load(sysexec(com.leekwars.generator.FightFunctions.getRelativeShield, new Object[] { null })), load(sysexec(com.leekwars.generator.FightFunctions.getRelativeShield, 1)), load(sysexec(com.leekwars.generator.FightFunctions.getRelativeShield, -1)), load(sysexec(com.leekwars.generator.FightFunctions.getLevel, new Object[] { null })), load(sysexec(com.leekwars.generator.FightFunctions.getLevel, 1)), load(sysexec(com.leekwars.generator.FightFunctions.getLevel, -1)), load(sysexec(com.leekwars.generator.FightFunctions.getFrequency, new Object[] { null })), load(sysexec(com.leekwars.generator.FightFunctions.getFrequency, 1)), load(sysexec(com.leekwars.generator.FightFunctions.getFrequency, -1)), load(sysexec(com.leekwars.generator.FightFunctions.getLeekID, new Object[] { null })), load(sysexec(com.leekwars.generator.FightFunctions.getLeekID, 1)), load(sysexec(com.leekwars.generator.FightFunctions.getLeekID, -1)), load(sysexec(com.leekwars.generator.FightFunctions.getTeamName, new Object[] { null })), load(sysexec(com.leekwars.generator.FightFunctions.getTeamName, 1)), load(sysexec(com.leekwars.generator.FightFunctions.getTeamName, -1)), load(sysexec(com.leekwars.generator.FightFunctions.getFarmerName, new Object[] { null })), load(sysexec(com.leekwars.generator.FightFunctions.getFarmerName, 1)), load(sysexec(com.leekwars.generator.FightFunctions.getFarmerName, -1)), load(sysexec(com.leekwars.generator.FightFunctions.getTeamID, new Object[] { null })), load(sysexec(com.leekwars.generator.FightFunctions.getTeamID, 1)), load(sysexec(com.leekwars.generator.FightFunctions.getTeamID, -1)), load(sysexec(com.leekwars.generator.FightFunctions.getFarmerID, new Object[] { null })), load(sysexec(com.leekwars.generator.FightFunctions.getFarmerID, 1)), load(sysexec(com.leekwars.generator.FightFunctions.getFarmerID, -1)), load(sysexec(com.leekwars.generator.FightFunctions.getAIName, new Object[] { null })), load(sysexec(com.leekwars.generator.FightFunctions.getAIName, 1)), load(sysexec(com.leekwars.generator.FightFunctions.getAIName, -1)), load(sysexec(com.leekwars.generator.FightFunctions.getAIID, -1)) }, false), 24);
                                                                                                                                                                                  ^
AI_10.java:12: error: package com.leekwars.generator does not exist
return ops(new ArrayLeekValue(AI_10.this, new Object[] { load(sysexec(com.leekwars.generator.FightFunctions.getForce, new Object[] { null })), load(sysexec(com.leekwars.generator.FightFunctions.getForce, 1)), load(sysexec(com.leekwars.generator.FightFunctions.getForce, -1)), load(sysexec(com.leekwars.generator.FightFunctions.getAgility, new Object[] { null })), load(sysexec(com.leekwars.generator.FightFunctions.getAgility, 1)), load(sysexec(com.leekwars.generator.FightFunctions.getAgility, -1)), load(sysexec(com.leekwars.generator.FightFunctions.getLife, new Object[] { null })), load(sysexec(com.leekwars.generator.FightFunctions.getLife, 1)), load(sysexec(com.leekwars.generator.FightFunctions.getLife, -1)), load(sysexec(com.leekwars.generator.FightFunctions.getCell, new Object[] { null })), load(sysexec(com.leekwars.generator.FightFunctions.getCell, 1)), load(sysexec(com.leekwars.generator.FightFunctions.getCell, -1)), load(sysexec(com.leekwars.generator.FightFunctions.getWeapon, new Object[] { null })), load(sysexec(com.leekwars.generator.FightFunctions.getWeapon, 1)), load(sysexec(com.leekwars.generator.FightFunctions.getWeapon, -1)), load(sysexec(com.leekwars.generator.FightFunctions.getMP, new Object[] { null })), load(sysexec(com.leekwars.generator.FightFunctions.getMP, 1)), load(sysexec(com.leekwars.generator.FightFunctions.getMP, -1)), load(sysexec(com.leekwars.generator.FightFunctions.getTP, new Object[] { null })), load(sysexec(com.leekwars.generator.FightFunctions.getTP, 1)), load(sysexec(com.leekwars.generator.FightFunctions.getTP, -1)), load(sysexec(com.leekwars.generator.FightFunctions.getTotalLife, new Object[] { null })), load(sysexec(com.leekwars.generator.FightFunctions.getTotalLife, 1)), load(sysexec(com.leekwars.generator.FightFunctions.getTotalLife, -1)), load(sysexec(com.leekwars.generator.FightFunctions.isEnemy, 0)), load(sysexec(com.leekwars.generator.FightFunctions.isEnemy, 1)), load(sysexec(com.leekwars.generator.FightFunctions.isEnemy, -1)), load(sysexec(com.leekwars.generator.FightFunctions.isAlly, 0)), load(sysexec(com.leekwars.generator.FightFunctions.isAlly, 1)), load(sysexec(com.leekwars.generator.FightFunctions.isAlly, -1)), load(sysexec(com.leekwars.generator.FightFunctions.isDead, 0)), load(sysexec(com.leekwars.generator.FightFunctions.isDead, 1)), load(sysexec(com.leekwars.generator.FightFunctions.isDead, -1)), load(sysexec(com.leekwars.generator.FightFunctions.isAlive, 0)), load(sysexec(com.leekwars.generator.FightFunctions.isAlive, 1)), load(sysexec(com.leekwars.generator.FightFunctions.isAlive, -1)), load(sysexec(com.leekwars.generator.FightFunctions.getLeek)), load(sysexec(LeekFunctions.string, load(sysexec(com.leekwars.generator.FightFunctions.getChips, new Object[] { null })))), load(sysexec(LeekFunctions.string, load(sysexec(com.leekwars.generator.FightFunctions.getChips, 1)))), load(sysexec(com.leekwars.generator.FightFunctions.getChips, -1)), load(sysexec(com.leekwars.generator.FightFunctions.getAbsoluteShield, new Object[] { null })), load(sysexec(com.leekwars.generator.FightFunctions.getAbsoluteShield, 1)), load(sysexec(com.leekwars.generator.FightFunctions.getAbsoluteShield, -1)), load(sysexec(com.leekwars.generator.FightFunctions.getRelativeShield, new Object[] { null })), load(sysexec(com.leekwars.generator.FightFunctions.getRelativeShield, 1)), load(sysexec(com.leekwars.generator.FightFunctions.getRelativeShield, -1)), load(sysexec(com.leekwars.generator.FightFunctions.getLevel, new Object[] { null })), load(sysexec(com.leekwars.generator.FightFunctions.getLevel, 1)), load(sysexec(com.leekwars.generator.FightFunctions.getLevel, -1)), load(sysexec(com.leekwars.generator.FightFunctions.getFrequency, new Object[] { null })), load(sysexec(com.leekwars.generator.FightFunctions.getFrequency, 1)), load(sysexec(com.leekwars.generator.FightFunctions.getFrequency, -1)), load(sysexec(com.leekwars.generator.FightFunctions.getLeekID, new Object[] { null })), load(sysexec(com.leekwars.generator.FightFunctions.getLeekID, 1)), load(sysexec(com.leekwars.generator.FightFunctions.getLeekID, -1)), load(sysexec(com.leekwars.generator.FightFunctions.getTeamName, new Object[] { null })), load(sysexec(com.leekwars.generator.FightFunctions.getTeamName, 1)), load(sysexec(com.leekwars.generator.FightFunctions.getTeamName, -1)), load(sysexec(com.leekwars.generator.FightFunctions.getFarmerName, new Object[] { null })), load(sysexec(com.leekwars.generator.FightFunctions.getFarmerName, 1)), load(sysexec(com.leekwars.generator.FightFunctions.getFarmerName, -1)), load(sysexec(com.leekwars.generator.FightFunctions.getTeamID, new Object[] { null })), load(sysexec(com.leekwars.generator.FightFunctions.getTeamID, 1)), load(sysexec(com.leekwars.generator.FightFunctions.getTeamID, -1)), load(sysexec(com.leekwars.generator.FightFunctions.getFarmerID, new Object[] { null })), load(sysexec(com.leekwars.generator.FightFunctions.getFarmerID, 1)), load(sysexec(com.leekwars.generator.FightFunctions.getFarmerID, -1)), load(sysexec(com.leekwars.generator.FightFunctions.getAIName, new Object[] { null })), load(sysexec(com.leekwars.generator.FightFunctions.getAIName, 1)), load(sysexec(com.leekwars.generator.FightFunctions.getAIName, -1)), load(sysexec(com.leekwars.generator.FightFunctions.getAIID, -1)) }, false), 24);
                                                                                                                                                                                                                                                    ^
AI_10.java:12: error: package com.leekwars.generator does not exist
return ops(new ArrayLeekValue(AI_10.this, new Object[] { load(sysexec(com.leekwars.generator.FightFunctions.getForce, new Object[] { null })), load(sysexec(com.leekwars.generator.FightFunctions.getForce, 1)), load(sysexec(com.leekwars.generator.FightFunctions.getForce, -1)), load(sysexec(com.leekwars.generator.FightFunctions.getAgility, new Object[] { null })), load(sysexec(com.leekwars.generator.FightFunctions.getAgility, 1)), load(sysexec(com.leekwars.generator.FightFunctions.getAgility, -1)), load(sysexec(com.leekwars.generator.FightFunctions.getLife, new Object[] { null })), load(sysexec(com.leekwars.generator.FightFunctions.getLife, 1)), load(sysexec(com.leekwars.generator.FightFunctions.getLife, -1)), load(sysexec(com.leekwars.generator.FightFunctions.getCell, new Object[] { null })), load(sysexec(com.leekwars.generator.FightFunctions.getCell, 1)), load(sysexec(com.leekwars.generator.FightFunctions.getCell, -1)), load(sysexec(com.leekwars.generator.FightFunctions.getWeapon, new Object[] { null })), load(sysexec(com.leekwars.generator.FightFunctions.getWeapon, 1)), load(sysexec(com.leekwars.generator.FightFunctions.getWeapon, -1)), load(sysexec(com.leekwars.generator.FightFunctions.getMP, new Object[] { null })), load(sysexec(com.leekwars.generator.FightFunctions.getMP, 1)), load(sysexec(com.leekwars.generator.FightFunctions.getMP, -1)), load(sysexec(com.leekwars.generator.FightFunctions.getTP, new Object[] { null })), load(sysexec(com.leekwars.generator.FightFunctions.getTP, 1)), load(sysexec(com.leekwars.generator.FightFunctions.getTP, -1)), load(sysexec(com.leekwars.generator.FightFunctions.getTotalLife, new Object[] { null })), load(sysexec(com.leekwars.generator.FightFunctions.getTotalLife, 1)), load(sysexec(com.leekwars.generator.FightFunctions.getTotalLife, -1)), load(sysexec(com.leekwars.generator.FightFunctions.isEnemy, 0)), load(sysexec(com.leekwars.generator.FightFunctions.isEnemy, 1)), load(sysexec(com.leekwars.generator.FightFunctions.isEnemy, -1)), load(sysexec(com.leekwars.generator.FightFunctions.isAlly, 0)), load(sysexec(com.leekwars.generator.FightFunctions.isAlly, 1)), load(sysexec(com.leekwars.generator.FightFunctions.isAlly, -1)), load(sysexec(com.leekwars.generator.FightFunctions.isDead, 0)), load(sysexec(com.leekwars.generator.FightFunctions.isDead, 1)), load(sysexec(com.leekwars.generator.FightFunctions.isDead, -1)), load(sysexec(com.leekwars.generator.FightFunctions.isAlive, 0)), load(sysexec(com.leekwars.generator.FightFunctions.isAlive, 1)), load(sysexec(com.leekwars.generator.FightFunctions.isAlive, -1)), load(sysexec(com.leekwars.generator.FightFunctions.getLeek)), load(sysexec(LeekFunctions.string, load(sysexec(com.leekwars.generator.FightFunctions.getChips, new Object[] { null })))), load(sysexec(LeekFunctions.string, load(sysexec(com.leekwars.generator.FightFunctions.getChips, 1)))), load(sysexec(com.leekwars.generator.FightFunctions.getChips, -1)), load(sysexec(com.leekwars.generator.FightFunctions.getAbsoluteShield, new Object[] { null })), load(sysexec(com.leekwars.generator.FightFunctions.getAbsoluteShield, 1)), load(sysexec(com.leekwars.generator.FightFunctions.getAbsoluteShield, -1)), load(sysexec(com.leekwars.generator.FightFunctions.getRelativeShield, new Object[] { null })), load(sysexec(com.leekwars.generator.FightFunctions.getRelativeShield, 1)), load(sysexec(com.leekwars.generator.FightFunctions.getRelativeShield, -1)), load(sysexec(com.leekwars.generator.FightFunctions.getLevel, new Object[] { null })), load(sysexec(com.leekwars.generator.FightFunctions.getLevel, 1)), load(sysexec(com.leekwars.generator.FightFunctions.getLevel, -1)), load(sysexec(com.leekwars.generator.FightFunctions.getFrequency, new Object[] { null })), load(sysexec(com.leekwars.generator.FightFunctions.getFrequency, 1)), load(sysexec(com.leekwars.generator.FightFunctions.getFrequency, -1)), load(sysexec(com.leekwars.generator.FightFunctions.getLeekID, new Object[] { null })), load(sysexec(com.leekwars.generator.FightFunctions.getLeekID, 1)), load(sysexec(com.leekwars.generator.FightFunctions.getLeekID, -1)), load(sysexec(com.leekwars.generator.FightFunctions.getTeamName, new Object[] { null })), load(sysexec(com.leekwars.generator.FightFunctions.getTeamName, 1)), load(sysexec(com.leekwars.generator.FightFunctions.getTeamName, -1)), load(sysexec(com.leekwars.generator.FightFunctions.getFarmerName, new Object[] { null })), load(sysexec(com.leekwars.generator.FightFunctions.getFarmerName, 1)), load(sysexec(com.leekwars.generator.FightFunctions.getFarmerName, -1)), load(sysexec(com.leekwars.generator.FightFunctions.getTeamID, new Object[] { null })), load(sysexec(com.leekwars.generator.FightFunctions.getTeamID, 1)), load(sysexec(com.leekwars.generator.FightFunctions.getTeamID, -1)), load(sysexec(com.leekwars.generator.FightFunctions.getFarmerID, new Object[] { null })), load(sysexec(com.leekwars.generator.FightFunctions.getFarmerID, 1)), load(sysexec(com.leekwars.generator.FightFunctions.getFarmerID, -1)), load(sysexec(com.leekwars.generator.FightFunctions.getAIName, new Object[] { null })), load(sysexec(com.leekwars.generator.FightFunctions.getAIName, 1)), load(sysexec(com.leekwars.generator.FightFunctions.getAIName, -1)), load(sysexec(com.leekwars.generator.FightFunctions.getAIID, -1)) }, false), 24);
                                                                                                                                                                                                                                                                                                                       ^
AI_10.java:12: error: package com.leekwars.generator does not exist
return ops(new ArrayLeekValue(AI_10.this, new Object[] { load(sysexec(com.leekwars.generator.FightFunctions.getForce, new Object[] { null })), load(sysexec(com.leekwars.generator.FightFunctions.getForce, 1)), load(sysexec(com.leekwars.generator.FightFunctions.getForce, -1)), load(sysexec(com.leekwars.generator.FightFunctions.getAgility, new Object[] { null })), load(sysexec(com.leekwars.generator.FightFunctions.getAgility, 1)), load(sysexec(com.leekwars.generator.FightFunctions.getAgility, -1)), load(sysexec(com.leekwars.generator.FightFunctions.getLife, new Object[] { null })), load(sysexec(com.leekwars.generator.FightFunctions.getLife, 1)), load(sysexec(com.leekwars.generator.FightFunctions.getLife, -1)), load(sysexec(com.leekwars.generator.FightFunctions.getCell, new Object[] { null })), load(sysexec(com.leekwars.generator.FightFunctions.getCell, 1)), load(sysexec(com.leekwars.generator.FightFunctions.getCell, -1)), load(sysexec(com.leekwars.generator.FightFunctions.getWeapon, new Object[] { null })), load(sysexec(com.leekwars.generator.FightFunctions.getWeapon, 1)), load(sysexec(com.leekwars.generator.FightFunctions.getWeapon, -1)), load(sysexec(com.leekwars.generator.FightFunctions.getMP, new Object[] { null })), load(sysexec(com.leekwars.generator.FightFunctions.getMP, 1)), load(sysexec(com.leekwars.generator.FightFunctions.getMP, -1)), load(sysexec(com.leekwars.generator.FightFunctions.getTP, new Object[] { null })), load(sysexec(com.leekwars.generator.FightFunctions.getTP, 1)), load(sysexec(com.leekwars.generator.FightFunctions.getTP, -1)), load(sysexec(com.leekwars.generator.FightFunctions.getTotalLife, new Object[] { null })), load(sysexec(com.leekwars.generator.FightFunctions.getTotalLife, 1)), load(sysexec(com.leekwars.generator.FightFunctions.getTotalLife, -1)), load(sysexec(com.leekwars.generator.FightFunctions.isEnemy, 0)), load(sysexec(com.leekwars.generator.FightFunctions.isEnemy, 1)), load(sysexec(com.leekwars.generator.FightFunctions.isEnemy, -1)), load(sysexec(com.leekwars.generator.FightFunctions.isAlly, 0)), load(sysexec(com.leekwars.generator.FightFunctions.isAlly, 1)), load(sysexec(com.leekwars.generator.FightFunctions.isAlly, -1)), load(sysexec(com.leekwars.generator.FightFunctions.isDead, 0)), load(sysexec(com.leekwars.generator.FightFunctions.isDead, 1)), load(sysexec(com.leekwars.generator.FightFunctions.isDead, -1)), load(sysexec(com.leekwars.generator.FightFunctions.isAlive, 0)), load(sysexec(com.leekwars.generator.FightFunctions.isAlive, 1)), load(sysexec(com.leekwars.generator.FightFunctions.isAlive, -1)), load(sysexec(com.leekwars.generator.FightFunctions.getLeek)), load(sysexec(LeekFunctions.string, load(sysexec(com.leekwars.generator.FightFunctions.getChips, new Object[] { null })))), load(sysexec(LeekFunctions.string, load(sysexec(com.leekwars.generator.FightFunctions.getChips, 1)))), load(sysexec(com.leekwars.generator.FightFunctions.getChips, -1)), load(sysexec(com.leekwars.generator.FightFunctions.getAbsoluteShield, new Object[] { null })), load(sysexec(com.leekwars.generator.FightFunctions.getAbsoluteShield, 1)), load(sysexec(com.leekwars.generator.FightFunctions.getAbsoluteShield, -1)), load(sysexec(com.leekwars.generator.FightFunctions.getRelativeShield, new Object[] { null })), load(sysexec(com.leekwars.generator.FightFunctions.getRelativeShield, 1)), load(sysexec(com.leekwars.generator.FightFunctions.getRelativeShield, -1)), load(sysexec(com.leekwars.generator.FightFunctions.getLevel, new Object[] { null })), load(sysexec(com.leekwars.generator.FightFunctions.getLevel, 1)), load(sysexec(com.leekwars.generator.FightFunctions.getLevel, -1)), load(sysexec(com.leekwars.generator.FightFunctions.getFrequency, new Object[] { null })), load(sysexec(com.leekwars.generator.FightFunctions.getFrequency, 1)), load(sysexec(com.leekwars.generator.FightFunctions.getFrequency, -1)), load(sysexec(com.leekwars.generator.FightFunctions.getLeekID, new Object[] { null })), load(sysexec(com.leekwars.generator.FightFunctions.getLeekID, 1)), load(sysexec(com.leekwars.generator.FightFunctions.getLeekID, -1)), load(sysexec(com.leekwars.generator.FightFunctions.getTeamName, new Object[] { null })), load(sysexec(com.leekwars.generator.FightFunctions.getTeamName, 1)), load(sysexec(com.leekwars.generator.FightFunctions.getTeamName, -1)), load(sysexec(com.leekwars.generator.FightFunctions.getFarmerName, new Object[] { null })), load(sysexec(com.leekwars.generator.FightFunctions.getFarmerName, 1)), load(sysexec(com.leekwars.generator.FightFunctions.getFarmerName, -1)), load(sysexec(com.leekwars.generator.FightFunctions.getTeamID, new Object[] { null })), load(sysexec(com.leekwars.generator.FightFunctions.getTeamID, 1)), load(sysexec(com.leekwars.generator.FightFunctions.getTeamID, -1)), load(sysexec(com.leekwars.generator.FightFunctions.getFarmerID, new Object[] { null })), load(sysexec(com.leekwars.generator.FightFunctions.getFarmerID, 1)), load(sysexec(com.leekwars.generator.FightFunctions.getFarmerID, -1)), load(sysexec(com.leekwars.generator.FightFunctions.getAIName, new Object[] { null })), load(sysexec(com.leekwars.generator.FightFunctions.getAIName, 1)), load(sysexec(com.leekwars.generator.FightFunctions.getAIName, -1)), load(sysexec(com.leekwars.generator.FightFunctions.getAIID, -1)) }, false), 24);
                                                                                                                                                                                                                                                                                                                                                                                                               ^
AI_10.java:12: error: package com.leekwars.generator does not exist
return ops(new ArrayLeekValue(AI_10.this, new Object[] { load(sysexec(com.leekwars.generator.FightFunctions.getForce, new Object[] { null })), load(sysexec(com.leekwars.generator.FightFunctions.getForce, 1)), load(sysexec(com.leekwars.generator.FightFunctions.getForce, -1)), load(sysexec(com.leekwars.generator.FightFunctions.getAgility, new Object[] { null })), load(sysexec(com.leekwars.generator.FightFunctions.getAgility, 1)), load(sysexec(com.leekwars.generator.FightFunctions.getAgility, -1)), load(sysexec(com.leekwars.generator.FightFunctions.getLife, new Object[] { null })), load(sysexec(com.leekwars.generator.FightFunctions.getLife, 1)), load(sysexec(com.leekwars.generator.FightFunctions.getLife, -1)), load(sysexec(com.leekwars.generator.FightFunctions.getCell, new Object[] { null })), load(sysexec(com.leekwars.generator.FightFunctions.getCell, 1)), load(sysexec(com.leekwars.generator.FightFunctions.getCell, -1)), load(sysexec(com.leekwars.generator.FightFunctions.getWeapon, new Object[] { null })), load(sysexec(com.leekwars.generator.FightFunctions.getWeapon, 1)), load(sysexec(com.leekwars.generator.FightFunctions.getWeapon, -1)), load(sysexec(com.leekwars.generator.FightFunctions.getMP, new Object[] { null })), load(sysexec(com.leekwars.generator.FightFunctions.getMP, 1)), load(sysexec(com.leekwars.generator.FightFunctions.getMP, -1)), load(sysexec(com.leekwars.generator.FightFunctions.getTP, new Object[] { null })), load(sysexec(com.leekwars.generator.FightFunctions.getTP, 1)), load(sysexec(com.leekwars.generator.FightFunctions.getTP, -1)), load(sysexec(com.leekwars.generator.FightFunctions.getTotalLife, new Object[] { null })), load(sysexec(com.leekwars.generator.FightFunctions.getTotalLife, 1)), load(sysexec(com.leekwars.generator.FightFunctions.getTotalLife, -1)), load(sysexec(com.leekwars.generator.FightFunctions.isEnemy, 0)), load(sysexec(com.leekwars.generator.FightFunctions.isEnemy, 1)), load(sysexec(com.leekwars.generator.FightFunctions.isEnemy, -1)), load(sysexec(com.leekwars.generator.FightFunctions.isAlly, 0)), load(sysexec(com.leekwars.generator.FightFunctions.isAlly, 1)), load(sysexec(com.leekwars.generator.FightFunctions.isAlly, -1)), load(sysexec(com.leekwars.generator.FightFunctions.isDead, 0)), load(sysexec(com.leekwars.generator.FightFunctions.isDead, 1)), load(sysexec(com.leekwars.generator.FightFunctions.isDead, -1)), load(sysexec(com.leekwars.generator.FightFunctions.isAlive, 0)), load(sysexec(com.leekwars.generator.FightFunctions.isAlive, 1)), load(sysexec(com.leekwars.generator.FightFunctions.isAlive, -1)), load(sysexec(com.leekwars.generator.FightFunctions.getLeek)), load(sysexec(LeekFunctions.string, load(sysexec(com.leekwars.generator.FightFunctions.getChips, new Object[] { null })))), load(sysexec(LeekFunctions.string, load(sysexec(com.leekwars.generator.FightFunctions.getChips, 1)))), load(sysexec(com.leekwars.generator.FightFunctions.getChips, -1)), load(sysexec(com.leekwars.generator.FightFunctions.getAbsoluteShield, new Object[] { null })), load(sysexec(com.leekwars.generator.FightFunctions.getAbsoluteShield, 1)), load(sysexec(com.leekwars.generator.FightFunctions.getAbsoluteShield, -1)), load(sysexec(com.leekwars.generator.FightFunctions.getRelativeShield, new Object[] { null })), load(sysexec(com.leekwars.generator.FightFunctions.getRelativeShield, 1)), load(sysexec(com.leekwars.generator.FightFunctions.getRelativeShield, -1)), load(sysexec(com.leekwars.generator.FightFunctions.getLevel, new Object[] { null })), load(sysexec(com.leekwars.generator.FightFunctions.getLevel, 1)), load(sysexec(com.leekwars.generator.FightFunctions.getLevel, -1)), load(sysexec(com.leekwars.generator.FightFunctions.getFrequency, new Object[] { null })), load(sysexec(com.leekwars.generator.FightFunctions.getFrequency, 1)), load(sysexec(com.leekwars.generator.FightFunctions.getFrequency, -1)), load(sysexec(com.leekwars.generator.FightFunctions.getLeekID, new Object[] { null })), load(sysexec(com.leekwars.generator.FightFunctions.getLeekID, 1)), load(sysexec(com.leekwars.generator.FightFunctions.getLeekID, -1)), load(sysexec(com.leekwars.generator.FightFunctions.getTeamName, new Object[] { null })), load(sysexec(com.leekwars.generator.FightFunctions.getTeamName, 1)), load(sysexec(com.leekwars.generator.FightFunctions.getTeamName, -1)), load(sysexec(com.leekwars.generator.FightFunctions.getFarmerName, new Object[] { null })), load(sysexec(com.leekwars.generator.FightFunctions.getFarmerName, 1)), load(sysexec(com.leekwars.generator.FightFunctions.getFarmerName, -1)), load(sysexec(com.leekwars.generator.FightFunctions.getTeamID, new Object[] { null })), load(sysexec(com.leekwars.generator.FightFunctions.getTeamID, 1)), load(sysexec(com.leekwars.generator.FightFunctions.getTeamID, -1)), load(sysexec(com.leekwars.generator.FightFunctions.getFarmerID, new Object[] { null })), load(sysexec(com.leekwars.generator.FightFunctions.getFarmerID, 1)), load(sysexec(com.leekwars.generator.FightFunctions.getFarmerID, -1)), load(sysexec(com.leekwars.generator.FightFunctions.getAIName, new Object[] { null })), load(sysexec(com.leekwars.generator.FightFunctions.getAIName, 1)), load(sysexec(com.leekwars.generator.FightFunctions.getAIName, -1)), load(sysexec(com.leekwars.generator.FightFunctions.getAIID, -1)) }, false), 24);
                                                                                                                                                                                                                                                                                                                                                                                                                                                                                   ^
AI_10.java:12: error: package com.leekwars.generator does not exist
return ops(new ArrayLeekValue(AI_10.this, new Object[] { load(sysexec(com.leekwars.generator.FightFunctions.getForce, new Object[] { null })), load(sysexec(com.leekwars.generator.FightFunctions.getForce, 1)), load(sysexec(com.leekwars.generator.FightFunctions.getForce, -1)), load(sysexec(com.leekwars.generator.FightFunctions.getAgility, new Object[] { null })), load(sysexec(com.leekwars.generator.FightFunctions.getAgility, 1)), load(sysexec(com.leekwars.generator.FightFunctions.getAgility, -1)), load(sysexec(com.leekwars.generator.FightFunctions.getLife, new Object[] { null })), load(sysexec(com.leekwars.generator.FightFunctions.getLife, 1)), load(sysexec(com.leekwars.generator.FightFunctions.getLife, -1)), load(sysexec(com.leekwars.generator.FightFunctions.getCell, new Object[] { null })), load(sysexec(com.leekwars.generator.FightFunctions.getCell, 1)), load(sysexec(com.leekwars.generator.FightFunctions.getCell, -1)), load(sysexec(com.leekwars.generator.FightFunctions.getWeapon, new Object[] { null })), load(sysexec(com.leekwars.generator.FightFunctions.getWeapon, 1)), load(sysexec(com.leekwars.generator.FightFunctions.getWeapon, -1)), load(sysexec(com.leekwars.generator.FightFunctions.getMP, new Object[] { null })), load(sysexec(com.leekwars.generator.FightFunctions.getMP, 1)), load(sysexec(com.leekwars.generator.FightFunctions.getMP, -1)), load(sysexec(com.leekwars.generator.FightFunctions.getTP, new Object[] { null })), load(sysexec(com.leekwars.generator.FightFunctions.getTP, 1)), load(sysexec(com.leekwars.generator.FightFunctions.getTP, -1)), load(sysexec(com.leekwars.generator.FightFunctions.getTotalLife, new Object[] { null })), load(sysexec(com.leekwars.generator.FightFunctions.getTotalLife, 1)), load(sysexec(com.leekwars.generator.FightFunctions.getTotalLife, -1)), load(sysexec(com.leekwars.generator.FightFunctions.isEnemy, 0)), load(sysexec(com.leekwars.generator.FightFunctions.isEnemy, 1)), load(sysexec(com.leekwars.generator.FightFunctions.isEnemy, -1)), load(sysexec(com.leekwars.generator.FightFunctions.isAlly, 0)), load(sysexec(com.leekwars.generator.FightFunctions.isAlly, 1)), load(sysexec(com.leekwars.generator.FightFunctions.isAlly, -1)), load(sysexec(com.leekwars.generator.FightFunctions.isDead, 0)), load(sysexec(com.leekwars.generator.FightFunctions.isDead, 1)), load(sysexec(com.leekwars.generator.FightFunctions.isDead, -1)), load(sysexec(com.leekwars.generator.FightFunctions.isAlive, 0)), load(sysexec(com.leekwars.generator.FightFunctions.isAlive, 1)), load(sysexec(com.leekwars.generator.FightFunctions.isAlive, -1)), load(sysexec(com.leekwars.generator.FightFunctions.getLeek)), load(sysexec(LeekFunctions.string, load(sysexec(com.leekwars.generator.FightFunctions.getChips, new Object[] { null })))), load(sysexec(LeekFunctions.string, load(sysexec(com.leekwars.generator.FightFunctions.getChips, 1)))), load(sysexec(com.leekwars.generator.FightFunctions.getChips, -1)), load(sysexec(com.leekwars.generator.FightFunctions.getAbsoluteShield, new Object[] { null })), load(sysexec(com.leekwars.generator.FightFunctions.getAbsoluteShield, 1)), load(sysexec(com.leekwars.generator.FightFunctions.getAbsoluteShield, -1)), load(sysexec(com.leekwars.generator.FightFunctions.getRelativeShield, new Object[] { null })), load(sysexec(com.leekwars.generator.FightFunctions.getRelativeShield, 1)), load(sysexec(com.leekwars.generator.FightFunctions.getRelativeShield, -1)), load(sysexec(com.leekwars.generator.FightFunctions.getLevel, new Object[] { null })), load(sysexec(com.leekwars.generator.FightFunctions.getLevel, 1)), load(sysexec(com.leekwars.generator.FightFunctions.getLevel, -1)), load(sysexec(com.leekwars.generator.FightFunctions.getFrequency, new Object[] { null })), load(sysexec(com.leekwars.generator.FightFunctions.getFrequency, 1)), load(sysexec(com.leekwars.generator.FightFunctions.getFrequency, -1)), load(sysexec(com.leekwars.generator.FightFunctions.getLeekID, new Object[] { null })), load(sysexec(com.leekwars.generator.FightFunctions.getLeekID, 1)), load(sysexec(com.leekwars.generator.FightFunctions.getLeekID, -1)), load(sysexec(com.leekwars.generator.FightFunctions.getTeamName, new Object[] { null })), load(sysexec(com.leekwars.generator.FightFunctions.getTeamName, 1)), load(sysexec(com.leekwars.generator.FightFunctions.getTeamName, -1)), load(sysexec(com.leekwars.generator.FightFunctions.getFarmerName, new Object[] { null })), load(sysexec(com.leekwars.generator.FightFunctions.getFarmerName, 1)), load(sysexec(com.leekwars.generator.FightFunctions.getFarmerName, -1)), load(sysexec(com.leekwars.generator.FightFunctions.getTeamID, new Object[] { null })), load(sysexec(com.leekwars.generator.FightFunctions.getTeamID, 1)), load(sysexec(com.leekwars.generator.FightFunctions.getTeamID, -1)), load(sysexec(com.leekwars.generator.FightFunctions.getFarmerID, new Object[] { null })), load(sysexec(com.leekwars.generator.FightFunctions.getFarmerID, 1)), load(sysexec(com.leekwars.generator.FightFunctions.getFarmerID, -1)), load(sysexec(com.leekwars.generator.FightFunctions.getAIName, new Object[] { null })), load(sysexec(com.leekwars.generator.FightFunctions.getAIName, 1)), load(sysexec(com.leekwars.generator.FightFunctions.getAIName, -1)), load(sysexec(com.leekwars.generator.FightFunctions.getAIID, -1)) }, false), 24);
                                                                                                                                                                                                                                                                                                                                                                                                                                                                                                                                                        ^
AI_10.java:12: error: package com.leekwars.generator does not exist
return ops(new ArrayLeekValue(AI_10.this, new Object[] { load(sysexec(com.leekwars.generator.FightFunctions.getForce, new Object[] { null })), load(sysexec(com.leekwars.generator.FightFunctions.getForce, 1)), load(sysexec(com.leekwars.generator.FightFunctions.getForce, -1)), load(sysexec(com.leekwars.generator.FightFunctions.getAgility, new Object[] { null })), load(sysexec(com.leekwars.generator.FightFunctions.getAgility, 1)), load(sysexec(com.leekwars.generator.FightFunctions.getAgility, -1)), load(sysexec(com.leekwars.generator.FightFunctions.getLife, new Object[] { null })), load(sysexec(com.leekwars.generator.FightFunctions.getLife, 1)), load(sysexec(com.leekwars.generator.FightFunctions.getLife, -1)), load(sysexec(com.leekwars.generator.FightFunctions.getCell, new Object[] { null })), load(sysexec(com.leekwars.generator.FightFunctions.getCell, 1)), load(sysexec(com.leekwars.generator.FightFunctions.getCell, -1)), load(sysexec(com.leekwars.generator.FightFunctions.getWeapon, new Object[] { null })), load(sysexec(com.leekwars.generator.FightFunctions.getWeapon, 1)), load(sysexec(com.leekwars.generator.FightFunctions.getWeapon, -1)), load(sysexec(com.leekwars.generator.FightFunctions.getMP, new Object[] { null })), load(sysexec(com.leekwars.generator.FightFunctions.getMP, 1)), load(sysexec(com.leekwars.generator.FightFunctions.getMP, -1)), load(sysexec(com.leekwars.generator.FightFunctions.getTP, new Object[] { null })), load(sysexec(com.leekwars.generator.FightFunctions.getTP, 1)), load(sysexec(com.leekwars.generator.FightFunctions.getTP, -1)), load(sysexec(com.leekwars.generator.FightFunctions.getTotalLife, new Object[] { null })), load(sysexec(com.leekwars.generator.FightFunctions.getTotalLife, 1)), load(sysexec(com.leekwars.generator.FightFunctions.getTotalLife, -1)), load(sysexec(com.leekwars.generator.FightFunctions.isEnemy, 0)), load(sysexec(com.leekwars.generator.FightFunctions.isEnemy, 1)), load(sysexec(com.leekwars.generator.FightFunctions.isEnemy, -1)), load(sysexec(com.leekwars.generator.FightFunctions.isAlly, 0)), load(sysexec(com.leekwars.generator.FightFunctions.isAlly, 1)), load(sysexec(com.leekwars.generator.FightFunctions.isAlly, -1)), load(sysexec(com.leekwars.generator.FightFunctions.isDead, 0)), load(sysexec(com.leekwars.generator.FightFunctions.isDead, 1)), load(sysexec(com.leekwars.generator.FightFunctions.isDead, -1)), load(sysexec(com.leekwars.generator.FightFunctions.isAlive, 0)), load(sysexec(com.leekwars.generator.FightFunctions.isAlive, 1)), load(sysexec(com.leekwars.generator.FightFunctions.isAlive, -1)), load(sysexec(com.leekwars.generator.FightFunctions.getLeek)), load(sysexec(LeekFunctions.string, load(sysexec(com.leekwars.generator.FightFunctions.getChips, new Object[] { null })))), load(sysexec(LeekFunctions.string, load(sysexec(com.leekwars.generator.FightFunctions.getChips, 1)))), load(sysexec(com.leekwars.generator.FightFunctions.getChips, -1)), load(sysexec(com.leekwars.generator.FightFunctions.getAbsoluteShield, new Object[] { null })), load(sysexec(com.leekwars.generator.FightFunctions.getAbsoluteShield, 1)), load(sysexec(com.leekwars.generator.FightFunctions.getAbsoluteShield, -1)), load(sysexec(com.leekwars.generator.FightFunctions.getRelativeShield, new Object[] { null })), load(sysexec(com.leekwars.generator.FightFunctions.getRelativeShield, 1)), load(sysexec(com.leekwars.generator.FightFunctions.getRelativeShield, -1)), load(sysexec(com.leekwars.generator.FightFunctions.getLevel, new Object[] { null })), load(sysexec(com.leekwars.generator.FightFunctions.getLevel, 1)), load(sysexec(com.leekwars.generator.FightFunctions.getLevel, -1)), load(sysexec(com.leekwars.generator.FightFunctions.getFrequency, new Object[] { null })), load(sysexec(com.leekwars.generator.FightFunctions.getFrequency, 1)), load(sysexec(com.leekwars.generator.FightFunctions.getFrequency, -1)), load(sysexec(com.leekwars.generator.FightFunctions.getLeekID, new Object[] { null })), load(sysexec(com.leekwars.generator.FightFunctions.getLeekID, 1)), load(sysexec(com.leekwars.generator.FightFunctions.getLeekID, -1)), load(sysexec(com.leekwars.generator.FightFunctions.getTeamName, new Object[] { null })), load(sysexec(com.leekwars.generator.FightFunctions.getTeamName, 1)), load(sysexec(com.leekwars.generator.FightFunctions.getTeamName, -1)), load(sysexec(com.leekwars.generator.FightFunctions.getFarmerName, new Object[] { null })), load(sysexec(com.leekwars.generator.FightFunctions.getFarmerName, 1)), load(sysexec(com.leekwars.generator.FightFunctions.getFarmerName, -1)), load(sysexec(com.leekwars.generator.FightFunctions.getTeamID, new Object[] { null })), load(sysexec(com.leekwars.generator.FightFunctions.getTeamID, 1)), load(sysexec(com.leekwars.generator.FightFunctions.getTeamID, -1)), load(sysexec(com.leekwars.generator.FightFunctions.getFarmerID, new Object[] { null })), load(sysexec(com.leekwars.generator.FightFunctions.getFarmerID, 1)), load(sysexec(com.leekwars.generator.FightFunctions.getFarmerID, -1)), load(sysexec(com.leekwars.generator.FightFunctions.getAIName, new Object[] { null })), load(sysexec(com.leekwars.generator.FightFunctions.getAIName, 1)), load(sysexec(com.leekwars.generator.FightFunctions.getAIName, -1)), load(sysexec(com.leekwars.generator.FightFunctions.getAIID, -1)) }, false), 24);
                                                                                                                                                                                                                                                                                                                                                                                                                                                                                                                                                                                                                                             ^
AI_10.java:12: error: package com.leekwars.generator does not exist
return ops(new ArrayLeekValue(AI_10.this, new Object[] { load(sysexec(com.leekwars.generator.FightFunctions.getForce, new Object[] { null })), load(sysexec(com.leekwars.generator.FightFunctions.getForce, 1)), load(sysexec(com.leekwars.generator.FightFunctions.getForce, -1)), load(sysexec(com.leekwars.generator.FightFunctions.getAgility, new Object[] { null })), load(sysexec(com.leekwars.generator.FightFunctions.getAgility, 1)), load(sysexec(com.leekwars.generator.FightFunctions.getAgility, -1)), load(sysexec(com.leekwars.generator.FightFunctions.getLife, new Object[] { null })), load(sysexec(com.leekwars.generator.FightFunctions.getLife, 1)), load(sysexec(com.leekwars.generator.FightFunctions.getLife, -1)), load(sysexec(com.leekwars.generator.FightFunctions.getCell, new Object[] { null })), load(sysexec(com.leekwars.generator.FightFunctions.getCell, 1)), load(sysexec(com.leekwars.generator.FightFunctions.getCell, -1)), load(sysexec(com.leekwars.generator.FightFunctions.getWeapon, new Object[] { null })), load(sysexec(com.leekwars.generator.FightFunctions.getWeapon, 1)), load(sysexec(com.leekwars.generator.FightFunctions.getWeapon, -1)), load(sysexec(com.leekwars.generator.FightFunctions.getMP, new Object[] { null })), load(sysexec(com.leekwars.generator.FightFunctions.getMP, 1)), load(sysexec(com.leekwars.generator.FightFunctions.getMP, -1)), load(sysexec(com.leekwars.generator.FightFunctions.getTP, new Object[] { null })), load(sysexec(com.leekwars.generator.FightFunctions.getTP, 1)), load(sysexec(com.leekwars.generator.FightFunctions.getTP, -1)), load(sysexec(com.leekwars.generator.FightFunctions.getTotalLife, new Object[] { null })), load(sysexec(com.leekwars.generator.FightFunctions.getTotalLife, 1)), load(sysexec(com.leekwars.generator.FightFunctions.getTotalLife, -1)), load(sysexec(com.leekwars.generator.FightFunctions.isEnemy, 0)), load(sysexec(com.leekwars.generator.FightFunctions.isEnemy, 1)), load(sysexec(com.leekwars.generator.FightFunctions.isEnemy, -1)), load(sysexec(com.leekwars.generator.FightFunctions.isAlly, 0)), load(sysexec(com.leekwars.generator.FightFunctions.isAlly, 1)), load(sysexec(com.leekwars.generator.FightFunctions.isAlly, -1)), load(sysexec(com.leekwars.generator.FightFunctions.isDead, 0)), load(sysexec(com.leekwars.generator.FightFunctions.isDead, 1)), load(sysexec(com.leekwars.generator.FightFunctions.isDead, -1)), load(sysexec(com.leekwars.generator.FightFunctions.isAlive, 0)), load(sysexec(com.leekwars.generator.FightFunctions.isAlive, 1)), load(sysexec(com.leekwars.generator.FightFunctions.isAlive, -1)), load(sysexec(com.leekwars.generator.FightFunctions.getLeek)), load(sysexec(LeekFunctions.string, load(sysexec(com.leekwars.generator.FightFunctions.getChips, new Object[] { null })))), load(sysexec(LeekFunctions.string, load(sysexec(com.leekwars.generator.FightFunctions.getChips, 1)))), load(sysexec(com.leekwars.generator.FightFunctions.getChips, -1)), load(sysexec(com.leekwars.generator.FightFunctions.getAbsoluteShield, new Object[] { null })), load(sysexec(com.leekwars.generator.FightFunctions.getAbsoluteShield, 1)), load(sysexec(com.leekwars.generator.FightFunctions.getAbsoluteShield, -1)), load(sysexec(com.leekwars.generator.FightFunctions.getRelativeShield, new Object[] { null })), load(sysexec(com.leekwars.generator.FightFunctions.getRelativeShield, 1)), load(sysexec(com.leekwars.generator.FightFunctions.getRelativeShield, -1)), load(sysexec(com.leekwars.generator.FightFunctions.getLevel, new Object[] { null })), load(sysexec(com.leekwars.generator.FightFunctions.getLevel, 1)), load(sysexec(com.leekwars.generator.FightFunctions.getLevel, -1)), load(sysexec(com.leekwars.generator.FightFunctions.getFrequency, new Object[] { null })), load(sysexec(com.leekwars.generator.FightFunctions.getFrequency, 1)), load(sysexec(com.leekwars.generator.FightFunctions.getFrequency, -1)), load(sysexec(com.leekwars.generator.FightFunctions.getLeekID, new Object[] { null })), load(sysexec(com.leekwars.generator.FightFunctions.getLeekID, 1)), load(sysexec(com.leekwars.generator.FightFunctions.getLeekID, -1)), load(sysexec(com.leekwars.generator.FightFunctions.getTeamName, new Object[] { null })), load(sysexec(com.leekwars.generator.FightFunctions.getTeamName, 1)), load(sysexec(com.leekwars.generator.FightFunctions.getTeamName, -1)), load(sysexec(com.leekwars.generator.FightFunctions.getFarmerName, new Object[] { null })), load(sysexec(com.leekwars.generator.FightFunctions.getFarmerName, 1)), load(sysexec(com.leekwars.generator.FightFunctions.getFarmerName, -1)), load(sysexec(com.leekwars.generator.FightFunctions.getTeamID, new Object[] { null })), load(sysexec(com.leekwars.generator.FightFunctions.getTeamID, 1)), load(sysexec(com.leekwars.generator.FightFunctions.getTeamID, -1)), load(sysexec(com.leekwars.generator.FightFunctions.getFarmerID, new Object[] { null })), load(sysexec(com.leekwars.generator.FightFunctions.getFarmerID, 1)), load(sysexec(com.leekwars.generator.FightFunctions.getFarmerID, -1)), load(sysexec(com.leekwars.generator.FightFunctions.getAIName, new Object[] { null })), load(sysexec(com.leekwars.generator.FightFunctions.getAIName, 1)), load(sysexec(com.leekwars.generator.FightFunctions.getAIName, -1)), load(sysexec(com.leekwars.generator.FightFunctions.getAIID, -1)) }, false), 24);
                                                                                                                                                                                                                                                                                                                                                                                                                                                                                                                                                                                                                                                                                                              ^
AI_10.java:12: error: package com.leekwars.generator does not exist
return ops(new ArrayLeekValue(AI_10.this, new Object[] { load(sysexec(com.leekwars.generator.FightFunctions.getForce, new Object[] { null })), load(sysexec(com.leekwars.generator.FightFunctions.getForce, 1)), load(sysexec(com.leekwars.generator.FightFunctions.getForce, -1)), load(sysexec(com.leekwars.generator.FightFunctions.getAgility, new Object[] { null })), load(sysexec(com.leekwars.generator.FightFunctions.getAgility, 1)), load(sysexec(com.leekwars.generator.FightFunctions.getAgility, -1)), load(sysexec(com.leekwars.generator.FightFunctions.getLife, new Object[] { null })), load(sysexec(com.leekwars.generator.FightFunctions.getLife, 1)), load(sysexec(com.leekwars.generator.FightFunctions.getLife, -1)), load(sysexec(com.leekwars.generator.FightFunctions.getCell, new Object[] { null })), load(sysexec(com.leekwars.generator.FightFunctions.getCell, 1)), load(sysexec(com.leekwars.generator.FightFunctions.getCell, -1)), load(sysexec(com.leekwars.generator.FightFunctions.getWeapon, new Object[] { null })), load(sysexec(com.leekwars.generator.FightFunctions.getWeapon, 1)), load(sysexec(com.leekwars.generator.FightFunctions.getWeapon, -1)), load(sysexec(com.leekwars.generator.FightFunctions.getMP, new Object[] { null })), load(sysexec(com.leekwars.generator.FightFunctions.getMP, 1)), load(sysexec(com.leekwars.generator.FightFunctions.getMP, -1)), load(sysexec(com.leekwars.generator.FightFunctions.getTP, new Object[] { null })), load(sysexec(com.leekwars.generator.FightFunctions.getTP, 1)), load(sysexec(com.leekwars.generator.FightFunctions.getTP, -1)), load(sysexec(com.leekwars.generator.FightFunctions.getTotalLife, new Object[] { null })), load(sysexec(com.leekwars.generator.FightFunctions.getTotalLife, 1)), load(sysexec(com.leekwars.generator.FightFunctions.getTotalLife, -1)), load(sysexec(com.leekwars.generator.FightFunctions.isEnemy, 0)), load(sysexec(com.leekwars.generator.FightFunctions.isEnemy, 1)), load(sysexec(com.leekwars.generator.FightFunctions.isEnemy, -1)), load(sysexec(com.leekwars.generator.FightFunctions.isAlly, 0)), load(sysexec(com.leekwars.generator.FightFunctions.isAlly, 1)), load(sysexec(com.leekwars.generator.FightFunctions.isAlly, -1)), load(sysexec(com.leekwars.generator.FightFunctions.isDead, 0)), load(sysexec(com.leekwars.generator.FightFunctions.isDead, 1)), load(sysexec(com.leekwars.generator.FightFunctions.isDead, -1)), load(sysexec(com.leekwars.generator.FightFunctions.isAlive, 0)), load(sysexec(com.leekwars.generator.FightFunctions.isAlive, 1)), load(sysexec(com.leekwars.generator.FightFunctions.isAlive, -1)), load(sysexec(com.leekwars.generator.FightFunctions.getLeek)), load(sysexec(LeekFunctions.string, load(sysexec(com.leekwars.generator.FightFunctions.getChips, new Object[] { null })))), load(sysexec(LeekFunctions.string, load(sysexec(com.leekwars.generator.FightFunctions.getChips, 1)))), load(sysexec(com.leekwars.generator.FightFunctions.getChips, -1)), load(sysexec(com.leekwars.generator.FightFunctions.getAbsoluteShield, new Object[] { null })), load(sysexec(com.leekwars.generator.FightFunctions.getAbsoluteShield, 1)), load(sysexec(com.leekwars.generator.FightFunctions.getAbsoluteShield, -1)), load(sysexec(com.leekwars.generator.FightFunctions.getRelativeShield, new Object[] { null })), load(sysexec(com.leekwars.generator.FightFunctions.getRelativeShield, 1)), load(sysexec(com.leekwars.generator.FightFunctions.getRelativeShield, -1)), load(sysexec(com.leekwars.generator.FightFunctions.getLevel, new Object[] { null })), load(sysexec(com.leekwars.generator.FightFunctions.getLevel, 1)), load(sysexec(com.leekwars.generator.FightFunctions.getLevel, -1)), load(sysexec(com.leekwars.generator.FightFunctions.getFrequency, new Object[] { null })), load(sysexec(com.leekwars.generator.FightFunctions.getFrequency, 1)), load(sysexec(com.leekwars.generator.FightFunctions.getFrequency, -1)), load(sysexec(com.leekwars.generator.FightFunctions.getLeekID, new Object[] { null })), load(sysexec(com.leekwars.generator.FightFunctions.getLeekID, 1)), load(sysexec(com.leekwars.generator.FightFunctions.getLeekID, -1)), load(sysexec(com.leekwars.generator.FightFunctions.getTeamName, new Object[] { null })), load(sysexec(com.leekwars.generator.FightFunctions.getTeamName, 1)), load(sysexec(com.leekwars.generator.FightFunctions.getTeamName, -1)), load(sysexec(com.leekwars.generator.FightFunctions.getFarmerName, new Object[] { null })), load(sysexec(com.leekwars.generator.FightFunctions.getFarmerName, 1)), load(sysexec(com.leekwars.generator.FightFunctions.getFarmerName, -1)), load(sysexec(com.leekwars.generator.FightFunctions.getTeamID, new Object[] { null })), load(sysexec(com.leekwars.generator.FightFunctions.getTeamID, 1)), load(sysexec(com.leekwars.generator.FightFunctions.getTeamID, -1)), load(sysexec(com.leekwars.generator.FightFunctions.getFarmerID, new Object[] { null })), load(sysexec(com.leekwars.generator.FightFunctions.getFarmerID, 1)), load(sysexec(com.leekwars.generator.FightFunctions.getFarmerID, -1)), load(sysexec(com.leekwars.generator.FightFunctions.getAIName, new Object[] { null })), load(sysexec(com.leekwars.generator.FightFunctions.getAIName, 1)), load(sysexec(com.leekwars.generator.FightFunctions.getAIName, -1)), load(sysexec(com.leekwars.generator.FightFunctions.getAIID, -1)) }, false), 24);
                                                                                                                                                                                                                                                                                                                                                                                                                                                                                                                                                                                                                                                                                                                                                                                ^
AI_10.java:12: error: package com.leekwars.generator does not exist
return ops(new ArrayLeekValue(AI_10.this, new Object[] { load(sysexec(com.leekwars.generator.FightFunctions.getForce, new Object[] { null })), load(sysexec(com.leekwars.generator.FightFunctions.getForce, 1)), load(sysexec(com.leekwars.generator.FightFunctions.getForce, -1)), load(sysexec(com.leekwars.generator.FightFunctions.getAgility, new Object[] { null })), load(sysexec(com.leekwars.generator.FightFunctions.getAgility, 1)), load(sysexec(com.leekwars.generator.FightFunctions.getAgility, -1)), load(sysexec(com.leekwars.generator.FightFunctions.getLife, new Object[] { null })), load(sysexec(com.leekwars.generator.FightFunctions.getLife, 1)), load(sysexec(com.leekwars.generator.FightFunctions.getLife, -1)), load(sysexec(com.leekwars.generator.FightFunctions.getCell, new Object[] { null })), load(sysexec(com.leekwars.generator.FightFunctions.getCell, 1)), load(sysexec(com.leekwars.generator.FightFunctions.getCell, -1)), load(sysexec(com.leekwars.generator.FightFunctions.getWeapon, new Object[] { null })), load(sysexec(com.leekwars.generator.FightFunctions.getWeapon, 1)), load(sysexec(com.leekwars.generator.FightFunctions.getWeapon, -1)), load(sysexec(com.leekwars.generator.FightFunctions.getMP, new Object[] { null })), load(sysexec(com.leekwars.generator.FightFunctions.getMP, 1)), load(sysexec(com.leekwars.generator.FightFunctions.getMP, -1)), load(sysexec(com.leekwars.generator.FightFunctions.getTP, new Object[] { null })), load(sysexec(com.leekwars.generator.FightFunctions.getTP, 1)), load(sysexec(com.leekwars.generator.FightFunctions.getTP, -1)), load(sysexec(com.leekwars.generator.FightFunctions.getTotalLife, new Object[] { null })), load(sysexec(com.leekwars.generator.FightFunctions.getTotalLife, 1)), load(sysexec(com.leekwars.generator.FightFunctions.getTotalLife, -1)), load(sysexec(com.leekwars.generator.FightFunctions.isEnemy, 0)), load(sysexec(com.leekwars.generator.FightFunctions.isEnemy, 1)), load(sysexec(com.leekwars.generator.FightFunctions.isEnemy, -1)), load(sysexec(com.leekwars.generator.FightFunctions.isAlly, 0)), load(sysexec(com.leekwars.generator.FightFunctions.isAlly, 1)), load(sysexec(com.leekwars.generator.FightFunctions.isAlly, -1)), load(sysexec(com.leekwars.generator.FightFunctions.isDead, 0)), load(sysexec(com.leekwars.generator.FightFunctions.isDead, 1)), load(sysexec(com.leekwars.generator.FightFunctions.isDead, -1)), load(sysexec(com.leekwars.generator.FightFunctions.isAlive, 0)), load(sysexec(com.leekwars.generator.FightFunctions.isAlive, 1)), load(sysexec(com.leekwars.generator.FightFunctions.isAlive, -1)), load(sysexec(com.leekwars.generator.FightFunctions.getLeek)), load(sysexec(LeekFunctions.string, load(sysexec(com.leekwars.generator.FightFunctions.getChips, new Object[] { null })))), load(sysexec(LeekFunctions.string, load(sysexec(com.leekwars.generator.FightFunctions.getChips, 1)))), load(sysexec(com.leekwars.generator.FightFunctions.getChips, -1)), load(sysexec(com.leekwars.generator.FightFunctions.getAbsoluteShield, new Object[] { null })), load(sysexec(com.leekwars.generator.FightFunctions.getAbsoluteShield, 1)), load(sysexec(com.leekwars.generator.FightFunctions.getAbsoluteShield, -1)), load(sysexec(com.leekwars.generator.FightFunctions.getRelativeShield, new Object[] { null })), load(sysexec(com.leekwars.generator.FightFunctions.getRelativeShield, 1)), load(sysexec(com.leekwars.generator.FightFunctions.getRelativeShield, -1)), load(sysexec(com.leekwars.generator.FightFunctions.getLevel, new Object[] { null })), load(sysexec(com.leekwars.generator.FightFunctions.getLevel, 1)), load(sysexec(com.leekwars.generator.FightFunctions.getLevel, -1)), load(sysexec(com.leekwars.generator.FightFunctions.getFrequency, new Object[] { null })), load(sysexec(com.leekwars.generator.FightFunctions.getFrequency, 1)), load(sysexec(com.leekwars.generator.FightFunctions.getFrequency, -1)), load(sysexec(com.leekwars.generator.FightFunctions.getLeekID, new Object[] { null })), load(sysexec(com.leekwars.generator.FightFunctions.getLeekID, 1)), load(sysexec(com.leekwars.generator.FightFunctions.getLeekID, -1)), load(sysexec(com.leekwars.generator.FightFunctions.getTeamName, new Object[] { null })), load(sysexec(com.leekwars.generator.FightFunctions.getTeamName, 1)), load(sysexec(com.leekwars.generator.FightFunctions.getTeamName, -1)), load(sysexec(com.leekwars.generator.FightFunctions.getFarmerName, new Object[] { null })), load(sysexec(com.leekwars.generator.FightFunctions.getFarmerName, 1)), load(sysexec(com.leekwars.generator.FightFunctions.getFarmerName, -1)), load(sysexec(com.leekwars.generator.FightFunctions.getTeamID, new Object[] { null })), load(sysexec(com.leekwars.generator.FightFunctions.getTeamID, 1)), load(sysexec(com.leekwars.generator.FightFunctions.getTeamID, -1)), load(sysexec(com.leekwars.generator.FightFunctions.getFarmerID, new Object[] { null })), load(sysexec(com.leekwars.generator.FightFunctions.getFarmerID, 1)), load(sysexec(com.leekwars.generator.FightFunctions.getFarmerID, -1)), load(sysexec(com.leekwars.generator.FightFunctions.getAIName, new Object[] { null })), load(sysexec(com.leekwars.generator.FightFunctions.getAIName, 1)), load(sysexec(com.leekwars.generator.FightFunctions.getAIName, -1)), load(sysexec(com.leekwars.generator.FightFunctions.getAIID, -1)) }, false), 24);
                                                                                                                                                                                                                                                                                                                                                                                                                                                                                                                                                                                                                                                                                                                                                                                                                                                                     ^
AI_10.java:12: error: package com.leekwars.generator does not exist
return ops(new ArrayLeekValue(AI_10.this, new Object[] { load(sysexec(com.leekwars.generator.FightFunctions.getForce, new Object[] { null })), load(sysexec(com.leekwars.generator.FightFunctions.getForce, 1)), load(sysexec(com.leekwars.generator.FightFunctions.getForce, -1)), load(sysexec(com.leekwars.generator.FightFunctions.getAgility, new Object[] { null })), load(sysexec(com.leekwars.generator.FightFunctions.getAgility, 1)), load(sysexec(com.leekwars.generator.FightFunctions.getAgility, -1)), load(sysexec(com.leekwars.generator.FightFunctions.getLife, new Object[] { null })), load(sysexec(com.leekwars.generator.FightFunctions.getLife, 1)), load(sysexec(com.leekwars.generator.FightFunctions.getLife, -1)), load(sysexec(com.leekwars.generator.FightFunctions.getCell, new Object[] { null })), load(sysexec(com.leekwars.generator.FightFunctions.getCell, 1)), load(sysexec(com.leekwars.generator.FightFunctions.getCell, -1)), load(sysexec(com.leekwars.generator.FightFunctions.getWeapon, new Object[] { null })), load(sysexec(com.leekwars.generator.FightFunctions.getWeapon, 1)), load(sysexec(com.leekwars.generator.FightFunctions.getWeapon, -1)), load(sysexec(com.leekwars.generator.FightFunctions.getMP, new Object[] { null })), load(sysexec(com.leekwars.generator.FightFunctions.getMP, 1)), load(sysexec(com.leekwars.generator.FightFunctions.getMP, -1)), load(sysexec(com.leekwars.generator.FightFunctions.getTP, new Object[] { null })), load(sysexec(com.leekwars.generator.FightFunctions.getTP, 1)), load(sysexec(com.leekwars.generator.FightFunctions.getTP, -1)), load(sysexec(com.leekwars.generator.FightFunctions.getTotalLife, new Object[] { null })), load(sysexec(com.leekwars.generator.FightFunctions.getTotalLife, 1)), load(sysexec(com.leekwars.generator.FightFunctions.getTotalLife, -1)), load(sysexec(com.leekwars.generator.FightFunctions.isEnemy, 0)), load(sysexec(com.leekwars.generator.FightFunctions.isEnemy, 1)), load(sysexec(com.leekwars.generator.FightFunctions.isEnemy, -1)), load(sysexec(com.leekwars.generator.FightFunctions.isAlly, 0)), load(sysexec(com.leekwars.generator.FightFunctions.isAlly, 1)), load(sysexec(com.leekwars.generator.FightFunctions.isAlly, -1)), load(sysexec(com.leekwars.generator.FightFunctions.isDead, 0)), load(sysexec(com.leekwars.generator.FightFunctions.isDead, 1)), load(sysexec(com.leekwars.generator.FightFunctions.isDead, -1)), load(sysexec(com.leekwars.generator.FightFunctions.isAlive, 0)), load(sysexec(com.leekwars.generator.FightFunctions.isAlive, 1)), load(sysexec(com.leekwars.generator.FightFunctions.isAlive, -1)), load(sysexec(com.leekwars.generator.FightFunctions.getLeek)), load(sysexec(LeekFunctions.string, load(sysexec(com.leekwars.generator.FightFunctions.getChips, new Object[] { null })))), load(sysexec(LeekFunctions.string, load(sysexec(com.leekwars.generator.FightFunctions.getChips, 1)))), load(sysexec(com.leekwars.generator.FightFunctions.getChips, -1)), load(sysexec(com.leekwars.generator.FightFunctions.getAbsoluteShield, new Object[] { null })), load(sysexec(com.leekwars.generator.FightFunctions.getAbsoluteShield, 1)), load(sysexec(com.leekwars.generator.FightFunctions.getAbsoluteShield, -1)), load(sysexec(com.leekwars.generator.FightFunctions.getRelativeShield, new Object[] { null })), load(sysexec(com.leekwars.generator.FightFunctions.getRelativeShield, 1)), load(sysexec(com.leekwars.generator.FightFunctions.getRelativeShield, -1)), load(sysexec(com.leekwars.generator.FightFunctions.getLevel, new Object[] { null })), load(sysexec(com.leekwars.generator.FightFunctions.getLevel, 1)), load(sysexec(com.leekwars.generator.FightFunctions.getLevel, -1)), load(sysexec(com.leekwars.generator.FightFunctions.getFrequency, new Object[] { null })), load(sysexec(com.leekwars.generator.FightFunctions.getFrequency, 1)), load(sysexec(com.leekwars.generator.FightFunctions.getFrequency, -1)), load(sysexec(com.leekwars.generator.FightFunctions.getLeekID, new Object[] { null })), load(sysexec(com.leekwars.generator.FightFunctions.getLeekID, 1)), load(sysexec(com.leekwars.generator.FightFunctions.getLeekID, -1)), load(sysexec(com.leekwars.generator.FightFunctions.getTeamName, new Object[] { null })), load(sysexec(com.leekwars.generator.FightFunctions.getTeamName, 1)), load(sysexec(com.leekwars.generator.FightFunctions.getTeamName, -1)), load(sysexec(com.leekwars.generator.FightFunctions.getFarmerName, new Object[] { null })), load(sysexec(com.leekwars.generator.FightFunctions.getFarmerName, 1)), load(sysexec(com.leekwars.generator.FightFunctions.getFarmerName, -1)), load(sysexec(com.leekwars.generator.FightFunctions.getTeamID, new Object[] { null })), load(sysexec(com.leekwars.generator.FightFunctions.getTeamID, 1)), load(sysexec(com.leekwars.generator.FightFunctions.getTeamID, -1)), load(sysexec(com.leekwars.generator.FightFunctions.getFarmerID, new Object[] { null })), load(sysexec(com.leekwars.generator.FightFunctions.getFarmerID, 1)), load(sysexec(com.leekwars.generator.FightFunctions.getFarmerID, -1)), load(sysexec(com.leekwars.generator.FightFunctions.getAIName, new Object[] { null })), load(sysexec(com.leekwars.generator.FightFunctions.getAIName, 1)), load(sysexec(com.leekwars.generator.FightFunctions.getAIName, -1)), load(sysexec(com.leekwars.generator.FightFunctions.getAIID, -1)) }, false), 24);
                                                                                                                                                                                                                                                                                                                                                                                                                                                                                                                                                                                                                                                                                                                                                                                                                                                                                                                                      ^
AI_10.java:12: error: package com.leekwars.generator does not exist
return ops(new ArrayLeekValue(AI_10.this, new Object[] { load(sysexec(com.leekwars.generator.FightFunctions.getForce, new Object[] { null })), load(sysexec(com.leekwars.generator.FightFunctions.getForce, 1)), load(sysexec(com.leekwars.generator.FightFunctions.getForce, -1)), load(sysexec(com.leekwars.generator.FightFunctions.getAgility, new Object[] { null })), load(sysexec(com.leekwars.generator.FightFunctions.getAgility, 1)), load(sysexec(com.leekwars.generator.FightFunctions.getAgility, -1)), load(sysexec(com.leekwars.generator.FightFunctions.getLife, new Object[] { null })), load(sysexec(com.leekwars.generator.FightFunctions.getLife, 1)), load(sysexec(com.leekwars.generator.FightFunctions.getLife, -1)), load(sysexec(com.leekwars.generator.FightFunctions.getCell, new Object[] { null })), load(sysexec(com.leekwars.generator.FightFunctions.getCell, 1)), load(sysexec(com.leekwars.generator.FightFunctions.getCell, -1)), load(sysexec(com.leekwars.generator.FightFunctions.getWeapon, new Object[] { null })), load(sysexec(com.leekwars.generator.FightFunctions.getWeapon, 1)), load(sysexec(com.leekwars.generator.FightFunctions.getWeapon, -1)), load(sysexec(com.leekwars.generator.FightFunctions.getMP, new Object[] { null })), load(sysexec(com.leekwars.generator.FightFunctions.getMP, 1)), load(sysexec(com.leekwars.generator.FightFunctions.getMP, -1)), load(sysexec(com.leekwars.generator.FightFunctions.getTP, new Object[] { null })), load(sysexec(com.leekwars.generator.FightFunctions.getTP, 1)), load(sysexec(com.leekwars.generator.FightFunctions.getTP, -1)), load(sysexec(com.leekwars.generator.FightFunctions.getTotalLife, new Object[] { null })), load(sysexec(com.leekwars.generator.FightFunctions.getTotalLife, 1)), load(sysexec(com.leekwars.generator.FightFunctions.getTotalLife, -1)), load(sysexec(com.leekwars.generator.FightFunctions.isEnemy, 0)), load(sysexec(com.leekwars.generator.FightFunctions.isEnemy, 1)), load(sysexec(com.leekwars.generator.FightFunctions.isEnemy, -1)), load(sysexec(com.leekwars.generator.FightFunctions.isAlly, 0)), load(sysexec(com.leekwars.generator.FightFunctions.isAlly, 1)), load(sysexec(com.leekwars.generator.FightFunctions.isAlly, -1)), load(sysexec(com.leekwars.generator.FightFunctions.isDead, 0)), load(sysexec(com.leekwars.generator.FightFunctions.isDead, 1)), load(sysexec(com.leekwars.generator.FightFunctions.isDead, -1)), load(sysexec(com.leekwars.generator.FightFunctions.isAlive, 0)), load(sysexec(com.leekwars.generator.FightFunctions.isAlive, 1)), load(sysexec(com.leekwars.generator.FightFunctions.isAlive, -1)), load(sysexec(com.leekwars.generator.FightFunctions.getLeek)), load(sysexec(LeekFunctions.string, load(sysexec(com.leekwars.generator.FightFunctions.getChips, new Object[] { null })))), load(sysexec(LeekFunctions.string, load(sysexec(com.leekwars.generator.FightFunctions.getChips, 1)))), load(sysexec(com.leekwars.generator.FightFunctions.getChips, -1)), load(sysexec(com.leekwars.generator.FightFunctions.getAbsoluteShield, new Object[] { null })), load(sysexec(com.leekwars.generator.FightFunctions.getAbsoluteShield, 1)), load(sysexec(com.leekwars.generator.FightFunctions.getAbsoluteShield, -1)), load(sysexec(com.leekwars.generator.FightFunctions.getRelativeShield, new Object[] { null })), load(sysexec(com.leekwars.generator.FightFunctions.getRelativeShield, 1)), load(sysexec(com.leekwars.generator.FightFunctions.getRelativeShield, -1)), load(sysexec(com.leekwars.generator.FightFunctions.getLevel, new Object[] { null })), load(sysexec(com.leekwars.generator.FightFunctions.getLevel, 1)), load(sysexec(com.leekwars.generator.FightFunctions.getLevel, -1)), load(sysexec(com.leekwars.generator.FightFunctions.getFrequency, new Object[] { null })), load(sysexec(com.leekwars.generator.FightFunctions.getFrequency, 1)), load(sysexec(com.leekwars.generator.FightFunctions.getFrequency, -1)), load(sysexec(com.leekwars.generator.FightFunctions.getLeekID, new Object[] { null })), load(sysexec(com.leekwars.generator.FightFunctions.getLeekID, 1)), load(sysexec(com.leekwars.generator.FightFunctions.getLeekID, -1)), load(sysexec(com.leekwars.generator.FightFunctions.getTeamName, new Object[] { null })), load(sysexec(com.leekwars.generator.FightFunctions.getTeamName, 1)), load(sysexec(com.leekwars.generator.FightFunctions.getTeamName, -1)), load(sysexec(com.leekwars.generator.FightFunctions.getFarmerName, new Object[] { null })), load(sysexec(com.leekwars.generator.FightFunctions.getFarmerName, 1)), load(sysexec(com.leekwars.generator.FightFunctions.getFarmerName, -1)), load(sysexec(com.leekwars.generator.FightFunctions.getTeamID, new Object[] { null })), load(sysexec(com.leekwars.generator.FightFunctions.getTeamID, 1)), load(sysexec(com.leekwars.generator.FightFunctions.getTeamID, -1)), load(sysexec(com.leekwars.generator.FightFunctions.getFarmerID, new Object[] { null })), load(sysexec(com.leekwars.generator.FightFunctions.getFarmerID, 1)), load(sysexec(com.leekwars.generator.FightFunctions.getFarmerID, -1)), load(sysexec(com.leekwars.generator.FightFunctions.getAIName, new Object[] { null })), load(sysexec(com.leekwars.generator.FightFunctions.getAIName, 1)), load(sysexec(com.leekwars.generator.FightFunctions.getAIName, -1)), load(sysexec(com.leekwars.generator.FightFunctions.getAIID, -1)) }, false), 24);
                                                                                                                                                                                                                                                                                                                                                                                                                                                                                                                                                                                                                                                                                                                                                                                                                                                                                                                                                                                                        ^
AI_10.java:12: error: package com.leekwars.generator does not exist
return ops(new ArrayLeekValue(AI_10.this, new Object[] { load(sysexec(com.leekwars.generator.FightFunctions.getForce, new Object[] { null })), load(sysexec(com.leekwars.generator.FightFunctions.getForce, 1)), load(sysexec(com.leekwars.generator.FightFunctions.getForce, -1)), load(sysexec(com.leekwars.generator.FightFunctions.getAgility, new Object[] { null })), load(sysexec(com.leekwars.generator.FightFunctions.getAgility, 1)), load(sysexec(com.leekwars.generator.FightFunctions.getAgility, -1)), load(sysexec(com.leekwars.generator.FightFunctions.getLife, new Object[] { null })), load(sysexec(com.leekwars.generator.FightFunctions.getLife, 1)), load(sysexec(com.leekwars.generator.FightFunctions.getLife, -1)), load(sysexec(com.leekwars.generator.FightFunctions.getCell, new Object[] { null })), load(sysexec(com.leekwars.generator.FightFunctions.getCell, 1)), load(sysexec(com.leekwars.generator.FightFunctions.getCell, -1)), load(sysexec(com.leekwars.generator.FightFunctions.getWeapon, new Object[] { null })), load(sysexec(com.leekwars.generator.FightFunctions.getWeapon, 1)), load(sysexec(com.leekwars.generator.FightFunctions.getWeapon, -1)), load(sysexec(com.leekwars.generator.FightFunctions.getMP, new Object[] { null })), load(sysexec(com.leekwars.generator.FightFunctions.getMP, 1)), load(sysexec(com.leekwars.generator.FightFunctions.getMP, -1)), load(sysexec(com.leekwars.generator.FightFunctions.getTP, new Object[] { null })), load(sysexec(com.leekwars.generator.FightFunctions.getTP, 1)), load(sysexec(com.leekwars.generator.FightFunctions.getTP, -1)), load(sysexec(com.leekwars.generator.FightFunctions.getTotalLife, new Object[] { null })), load(sysexec(com.leekwars.generator.FightFunctions.getTotalLife, 1)), load(sysexec(com.leekwars.generator.FightFunctions.getTotalLife, -1)), load(sysexec(com.leekwars.generator.FightFunctions.isEnemy, 0)), load(sysexec(com.leekwars.generator.FightFunctions.isEnemy, 1)), load(sysexec(com.leekwars.generator.FightFunctions.isEnemy, -1)), load(sysexec(com.leekwars.generator.FightFunctions.isAlly, 0)), load(sysexec(com.leekwars.generator.FightFunctions.isAlly, 1)), load(sysexec(com.leekwars.generator.FightFunctions.isAlly, -1)), load(sysexec(com.leekwars.generator.FightFunctions.isDead, 0)), load(sysexec(com.leekwars.generator.FightFunctions.isDead, 1)), load(sysexec(com.leekwars.generator.FightFunctions.isDead, -1)), load(sysexec(com.leekwars.generator.FightFunctions.isAlive, 0)), load(sysexec(com.leekwars.generator.FightFunctions.isAlive, 1)), load(sysexec(com.leekwars.generator.FightFunctions.isAlive, -1)), load(sysexec(com.leekwars.generator.FightFunctions.getLeek)), load(sysexec(LeekFunctions.string, load(sysexec(com.leekwars.generator.FightFunctions.getChips, new Object[] { null })))), load(sysexec(LeekFunctions.string, load(sysexec(com.leekwars.generator.FightFunctions.getChips, 1)))), load(sysexec(com.leekwars.generator.FightFunctions.getChips, -1)), load(sysexec(com.leekwars.generator.FightFunctions.getAbsoluteShield, new Object[] { null })), load(sysexec(com.leekwars.generator.FightFunctions.getAbsoluteShield, 1)), load(sysexec(com.leekwars.generator.FightFunctions.getAbsoluteShield, -1)), load(sysexec(com.leekwars.generator.FightFunctions.getRelativeShield, new Object[] { null })), load(sysexec(com.leekwars.generator.FightFunctions.getRelativeShield, 1)), load(sysexec(com.leekwars.generator.FightFunctions.getRelativeShield, -1)), load(sysexec(com.leekwars.generator.FightFunctions.getLevel, new Object[] { null })), load(sysexec(com.leekwars.generator.FightFunctions.getLevel, 1)), load(sysexec(com.leekwars.generator.FightFunctions.getLevel, -1)), load(sysexec(com.leekwars.generator.FightFunctions.getFrequency, new Object[] { null })), load(sysexec(com.leekwars.generator.FightFunctions.getFrequency, 1)), load(sysexec(com.leekwars.generator.FightFunctions.getFrequency, -1)), load(sysexec(com.leekwars.generator.FightFunctions.getLeekID, new Object[] { null })), load(sysexec(com.leekwars.generator.FightFunctions.getLeekID, 1)), load(sysexec(com.leekwars.generator.FightFunctions.getLeekID, -1)), load(sysexec(com.leekwars.generator.FightFunctions.getTeamName, new Object[] { null })), load(sysexec(com.leekwars.generator.FightFunctions.getTeamName, 1)), load(sysexec(com.leekwars.generator.FightFunctions.getTeamName, -1)), load(sysexec(com.leekwars.generator.FightFunctions.getFarmerName, new Object[] { null })), load(sysexec(com.leekwars.generator.FightFunctions.getFarmerName, 1)), load(sysexec(com.leekwars.generator.FightFunctions.getFarmerName, -1)), load(sysexec(com.leekwars.generator.FightFunctions.getTeamID, new Object[] { null })), load(sysexec(com.leekwars.generator.FightFunctions.getTeamID, 1)), load(sysexec(com.leekwars.generator.FightFunctions.getTeamID, -1)), load(sysexec(com.leekwars.generator.FightFunctions.getFarmerID, new Object[] { null })), load(sysexec(com.leekwars.generator.FightFunctions.getFarmerID, 1)), load(sysexec(com.leekwars.generator.FightFunctions.getFarmerID, -1)), load(sysexec(com.leekwars.generator.FightFunctions.getAIName, new Object[] { null })), load(sysexec(com.leekwars.generator.FightFunctions.getAIName, 1)), load(sysexec(com.leekwars.generator.FightFunctions.getAIName, -1)), load(sysexec(com.leekwars.generator.FightFunctions.getAIID, -1)) }, false), 24);
                                                                                                                                                                                                                                                                                                                                                                                                                                                                                                                                                                                                                                                                                                                                                                                                                                                                                                                                                                                                                                                                                               ^
AI_10.java:12: error: package com.leekwars.generator does not exist
return ops(new ArrayLeekValue(AI_10.this, new Object[] { load(sysexec(com.leekwars.generator.FightFunctions.getForce, new Object[] { null })), load(sysexec(com.leekwars.generator.FightFunctions.getForce, 1)), load(sysexec(com.leekwars.generator.FightFunctions.getForce, -1)), load(sysexec(com.leekwars.generator.FightFunctions.getAgility, new Object[] { null })), load(sysexec(com.leekwars.generator.FightFunctions.getAgility, 1)), load(sysexec(com.leekwars.generator.FightFunctions.getAgility, -1)), load(sysexec(com.leekwars.generator.FightFunctions.getLife, new Object[] { null })), load(sysexec(com.leekwars.generator.FightFunctions.getLife, 1)), load(sysexec(com.leekwars.generator.FightFunctions.getLife, -1)), load(sysexec(com.leekwars.generator.FightFunctions.getCell, new Object[] { null })), load(sysexec(com.leekwars.generator.FightFunctions.getCell, 1)), load(sysexec(com.leekwars.generator.FightFunctions.getCell, -1)), load(sysexec(com.leekwars.generator.FightFunctions.getWeapon, new Object[] { null })), load(sysexec(com.leekwars.generator.FightFunctions.getWeapon, 1)), load(sysexec(com.leekwars.generator.FightFunctions.getWeapon, -1)), load(sysexec(com.leekwars.generator.FightFunctions.getMP, new Object[] { null })), load(sysexec(com.leekwars.generator.FightFunctions.getMP, 1)), load(sysexec(com.leekwars.generator.FightFunctions.getMP, -1)), load(sysexec(com.leekwars.generator.FightFunctions.getTP, new Object[] { null })), load(sysexec(com.leekwars.generator.FightFunctions.getTP, 1)), load(sysexec(com.leekwars.generator.FightFunctions.getTP, -1)), load(sysexec(com.leekwars.generator.FightFunctions.getTotalLife, new Object[] { null })), load(sysexec(com.leekwars.generator.FightFunctions.getTotalLife, 1)), load(sysexec(com.leekwars.generator.FightFunctions.getTotalLife, -1)), load(sysexec(com.leekwars.generator.FightFunctions.isEnemy, 0)), load(sysexec(com.leekwars.generator.FightFunctions.isEnemy, 1)), load(sysexec(com.leekwars.generator.FightFunctions.isEnemy, -1)), load(sysexec(com.leekwars.generator.FightFunctions.isAlly, 0)), load(sysexec(com.leekwars.generator.FightFunctions.isAlly, 1)), load(sysexec(com.leekwars.generator.FightFunctions.isAlly, -1)), load(sysexec(com.leekwars.generator.FightFunctions.isDead, 0)), load(sysexec(com.leekwars.generator.FightFunctions.isDead, 1)), load(sysexec(com.leekwars.generator.FightFunctions.isDead, -1)), load(sysexec(com.leekwars.generator.FightFunctions.isAlive, 0)), load(sysexec(com.leekwars.generator.FightFunctions.isAlive, 1)), load(sysexec(com.leekwars.generator.FightFunctions.isAlive, -1)), load(sysexec(com.leekwars.generator.FightFunctions.getLeek)), load(sysexec(LeekFunctions.string, load(sysexec(com.leekwars.generator.FightFunctions.getChips, new Object[] { null })))), load(sysexec(LeekFunctions.string, load(sysexec(com.leekwars.generator.FightFunctions.getChips, 1)))), load(sysexec(com.leekwars.generator.FightFunctions.getChips, -1)), load(sysexec(com.leekwars.generator.FightFunctions.getAbsoluteShield, new Object[] { null })), load(sysexec(com.leekwars.generator.FightFunctions.getAbsoluteShield, 1)), load(sysexec(com.leekwars.generator.FightFunctions.getAbsoluteShield, -1)), load(sysexec(com.leekwars.generator.FightFunctions.getRelativeShield, new Object[] { null })), load(sysexec(com.leekwars.generator.FightFunctions.getRelativeShield, 1)), load(sysexec(com.leekwars.generator.FightFunctions.getRelativeShield, -1)), load(sysexec(com.leekwars.generator.FightFunctions.getLevel, new Object[] { null })), load(sysexec(com.leekwars.generator.FightFunctions.getLevel, 1)), load(sysexec(com.leekwars.generator.FightFunctions.getLevel, -1)), load(sysexec(com.leekwars.generator.FightFunctions.getFrequency, new Object[] { null })), load(sysexec(com.leekwars.generator.FightFunctions.getFrequency, 1)), load(sysexec(com.leekwars.generator.FightFunctions.getFrequency, -1)), load(sysexec(com.leekwars.generator.FightFunctions.getLeekID, new Object[] { null })), load(sysexec(com.leekwars.generator.FightFunctions.getLeekID, 1)), load(sysexec(com.leekwars.generator.FightFunctions.getLeekID, -1)), load(sysexec(com.leekwars.generator.FightFunctions.getTeamName, new Object[] { null })), load(sysexec(com.leekwars.generator.FightFunctions.getTeamName, 1)), load(sysexec(com.leekwars.generator.FightFunctions.getTeamName, -1)), load(sysexec(com.leekwars.generator.FightFunctions.getFarmerName, new Object[] { null })), load(sysexec(com.leekwars.generator.FightFunctions.getFarmerName, 1)), load(sysexec(com.leekwars.generator.FightFunctions.getFarmerName, -1)), load(sysexec(com.leekwars.generator.FightFunctions.getTeamID, new Object[] { null })), load(sysexec(com.leekwars.generator.FightFunctions.getTeamID, 1)), load(sysexec(com.leekwars.generator.FightFunctions.getTeamID, -1)), load(sysexec(com.leekwars.generator.FightFunctions.getFarmerID, new Object[] { null })), load(sysexec(com.leekwars.generator.FightFunctions.getFarmerID, 1)), load(sysexec(com.leekwars.generator.FightFunctions.getFarmerID, -1)), load(sysexec(com.leekwars.generator.FightFunctions.getAIName, new Object[] { null })), load(sysexec(com.leekwars.generator.FightFunctions.getAIName, 1)), load(sysexec(com.leekwars.generator.FightFunctions.getAIName, -1)), load(sysexec(com.leekwars.generator.FightFunctions.getAIID, -1)) }, false), 24);
                                                                                                                                                                                                                                                                                                                                                                                                                                                                                                                                                                                                                                                                                                                                                                                                                                                                                                                                                                                                                                                                                                                                                                  ^
AI_10.java:12: error: package com.leekwars.generator does not exist
return ops(new ArrayLeekValue(AI_10.this, new Object[] { load(sysexec(com.leekwars.generator.FightFunctions.getForce, new Object[] { null })), load(sysexec(com.leekwars.generator.FightFunctions.getForce, 1)), load(sysexec(com.leekwars.generator.FightFunctions.getForce, -1)), load(sysexec(com.leekwars.generator.FightFunctions.getAgility, new Object[] { null })), load(sysexec(com.leekwars.generator.FightFunctions.getAgility, 1)), load(sysexec(com.leekwars.generator.FightFunctions.getAgility, -1)), load(sysexec(com.leekwars.generator.FightFunctions.getLife, new Object[] { null })), load(sysexec(com.leekwars.generator.FightFunctions.getLife, 1)), load(sysexec(com.leekwars.generator.FightFunctions.getLife, -1)), load(sysexec(com.leekwars.generator.FightFunctions.getCell, new Object[] { null })), load(sysexec(com.leekwars.generator.FightFunctions.getCell, 1)), load(sysexec(com.leekwars.generator.FightFunctions.getCell, -1)), load(sysexec(com.leekwars.generator.FightFunctions.getWeapon, new Object[] { null })), load(sysexec(com.leekwars.generator.FightFunctions.getWeapon, 1)), load(sysexec(com.leekwars.generator.FightFunctions.getWeapon, -1)), load(sysexec(com.leekwars.generator.FightFunctions.getMP, new Object[] { null })), load(sysexec(com.leekwars.generator.FightFunctions.getMP, 1)), load(sysexec(com.leekwars.generator.FightFunctions.getMP, -1)), load(sysexec(com.leekwars.generator.FightFunctions.getTP, new Object[] { null })), load(sysexec(com.leekwars.generator.FightFunctions.getTP, 1)), load(sysexec(com.leekwars.generator.FightFunctions.getTP, -1)), load(sysexec(com.leekwars.generator.FightFunctions.getTotalLife, new Object[] { null })), load(sysexec(com.leekwars.generator.FightFunctions.getTotalLife, 1)), load(sysexec(com.leekwars.generator.FightFunctions.getTotalLife, -1)), load(sysexec(com.leekwars.generator.FightFunctions.isEnemy, 0)), load(sysexec(com.leekwars.generator.FightFunctions.isEnemy, 1)), load(sysexec(com.leekwars.generator.FightFunctions.isEnemy, -1)), load(sysexec(com.leekwars.generator.FightFunctions.isAlly, 0)), load(sysexec(com.leekwars.generator.FightFunctions.isAlly, 1)), load(sysexec(com.leekwars.generator.FightFunctions.isAlly, -1)), load(sysexec(com.leekwars.generator.FightFunctions.isDead, 0)), load(sysexec(com.leekwars.generator.FightFunctions.isDead, 1)), load(sysexec(com.leekwars.generator.FightFunctions.isDead, -1)), load(sysexec(com.leekwars.generator.FightFunctions.isAlive, 0)), load(sysexec(com.leekwars.generator.FightFunctions.isAlive, 1)), load(sysexec(com.leekwars.generator.FightFunctions.isAlive, -1)), load(sysexec(com.leekwars.generator.FightFunctions.getLeek)), load(sysexec(LeekFunctions.string, load(sysexec(com.leekwars.generator.FightFunctions.getChips, new Object[] { null })))), load(sysexec(LeekFunctions.string, load(sysexec(com.leekwars.generator.FightFunctions.getChips, 1)))), load(sysexec(com.leekwars.generator.FightFunctions.getChips, -1)), load(sysexec(com.leekwars.generator.FightFunctions.getAbsoluteShield, new Object[] { null })), load(sysexec(com.leekwars.generator.FightFunctions.getAbsoluteShield, 1)), load(sysexec(com.leekwars.generator.FightFunctions.getAbsoluteShield, -1)), load(sysexec(com.leekwars.generator.FightFunctions.getRelativeShield, new Object[] { null })), load(sysexec(com.leekwars.generator.FightFunctions.getRelativeShield, 1)), load(sysexec(com.leekwars.generator.FightFunctions.getRelativeShield, -1)), load(sysexec(com.leekwars.generator.FightFunctions.getLevel, new Object[] { null })), load(sysexec(com.leekwars.generator.FightFunctions.getLevel, 1)), load(sysexec(com.leekwars.generator.FightFunctions.getLevel, -1)), load(sysexec(com.leekwars.generator.FightFunctions.getFrequency, new Object[] { null })), load(sysexec(com.leekwars.generator.FightFunctions.getFrequency, 1)), load(sysexec(com.leekwars.generator.FightFunctions.getFrequency, -1)), load(sysexec(com.leekwars.generator.FightFunctions.getLeekID, new Object[] { null })), load(sysexec(com.leekwars.generator.FightFunctions.getLeekID, 1)), load(sysexec(com.leekwars.generator.FightFunctions.getLeekID, -1)), load(sysexec(com.leekwars.generator.FightFunctions.getTeamName, new Object[] { null })), load(sysexec(com.leekwars.generator.FightFunctions.getTeamName, 1)), load(sysexec(com.leekwars.generator.FightFunctions.getTeamName, -1)), load(sysexec(com.leekwars.generator.FightFunctions.getFarmerName, new Object[] { null })), load(sysexec(com.leekwars.generator.FightFunctions.getFarmerName, 1)), load(sysexec(com.leekwars.generator.FightFunctions.getFarmerName, -1)), load(sysexec(com.leekwars.generator.FightFunctions.getTeamID, new Object[] { null })), load(sysexec(com.leekwars.generator.FightFunctions.getTeamID, 1)), load(sysexec(com.leekwars.generator.FightFunctions.getTeamID, -1)), load(sysexec(com.leekwars.generator.FightFunctions.getFarmerID, new Object[] { null })), load(sysexec(com.leekwars.generator.FightFunctions.getFarmerID, 1)), load(sysexec(com.leekwars.generator.FightFunctions.getFarmerID, -1)), load(sysexec(com.leekwars.generator.FightFunctions.getAIName, new Object[] { null })), load(sysexec(com.leekwars.generator.FightFunctions.getAIName, 1)), load(sysexec(com.leekwars.generator.FightFunctions.getAIName, -1)), load(sysexec(com.leekwars.generator.FightFunctions.getAIID, -1)) }, false), 24);
                                                                                                                                                                                                                                                                                                                                                                                                                                                                                                                                                                                                                                                                                                                                                                                                                                                                                                                                                                                                                                                                                                                                                                                                                                      ^
AI_10.java:12: error: package com.leekwars.generator does not exist
return ops(new ArrayLeekValue(AI_10.this, new Object[] { load(sysexec(com.leekwars.generator.FightFunctions.getForce, new Object[] { null })), load(sysexec(com.leekwars.generator.FightFunctions.getForce, 1)), load(sysexec(com.leekwars.generator.FightFunctions.getForce, -1)), load(sysexec(com.leekwars.generator.FightFunctions.getAgility, new Object[] { null })), load(sysexec(com.leekwars.generator.FightFunctions.getAgility, 1)), load(sysexec(com.leekwars.generator.FightFunctions.getAgility, -1)), load(sysexec(com.leekwars.generator.FightFunctions.getLife, new Object[] { null })), load(sysexec(com.leekwars.generator.FightFunctions.getLife, 1)), load(sysexec(com.leekwars.generator.FightFunctions.getLife, -1)), load(sysexec(com.leekwars.generator.FightFunctions.getCell, new Object[] { null })), load(sysexec(com.leekwars.generator.FightFunctions.getCell, 1)), load(sysexec(com.leekwars.generator.FightFunctions.getCell, -1)), load(sysexec(com.leekwars.generator.FightFunctions.getWeapon, new Object[] { null })), load(sysexec(com.leekwars.generator.FightFunctions.getWeapon, 1)), load(sysexec(com.leekwars.generator.FightFunctions.getWeapon, -1)), load(sysexec(com.leekwars.generator.FightFunctions.getMP, new Object[] { null })), load(sysexec(com.leekwars.generator.FightFunctions.getMP, 1)), load(sysexec(com.leekwars.generator.FightFunctions.getMP, -1)), load(sysexec(com.leekwars.generator.FightFunctions.getTP, new Object[] { null })), load(sysexec(com.leekwars.generator.FightFunctions.getTP, 1)), load(sysexec(com.leekwars.generator.FightFunctions.getTP, -1)), load(sysexec(com.leekwars.generator.FightFunctions.getTotalLife, new Object[] { null })), load(sysexec(com.leekwars.generator.FightFunctions.getTotalLife, 1)), load(sysexec(com.leekwars.generator.FightFunctions.getTotalLife, -1)), load(sysexec(com.leekwars.generator.FightFunctions.isEnemy, 0)), load(sysexec(com.leekwars.generator.FightFunctions.isEnemy, 1)), load(sysexec(com.leekwars.generator.FightFunctions.isEnemy, -1)), load(sysexec(com.leekwars.generator.FightFunctions.isAlly, 0)), load(sysexec(com.leekwars.generator.FightFunctions.isAlly, 1)), load(sysexec(com.leekwars.generator.FightFunctions.isAlly, -1)), load(sysexec(com.leekwars.generator.FightFunctions.isDead, 0)), load(sysexec(com.leekwars.generator.FightFunctions.isDead, 1)), load(sysexec(com.leekwars.generator.FightFunctions.isDead, -1)), load(sysexec(com.leekwars.generator.FightFunctions.isAlive, 0)), load(sysexec(com.leekwars.generator.FightFunctions.isAlive, 1)), load(sysexec(com.leekwars.generator.FightFunctions.isAlive, -1)), load(sysexec(com.leekwars.generator.FightFunctions.getLeek)), load(sysexec(LeekFunctions.string, load(sysexec(com.leekwars.generator.FightFunctions.getChips, new Object[] { null })))), load(sysexec(LeekFunctions.string, load(sysexec(com.leekwars.generator.FightFunctions.getChips, 1)))), load(sysexec(com.leekwars.generator.FightFunctions.getChips, -1)), load(sysexec(com.leekwars.generator.FightFunctions.getAbsoluteShield, new Object[] { null })), load(sysexec(com.leekwars.generator.FightFunctions.getAbsoluteShield, 1)), load(sysexec(com.leekwars.generator.FightFunctions.getAbsoluteShield, -1)), load(sysexec(com.leekwars.generator.FightFunctions.getRelativeShield, new Object[] { null })), load(sysexec(com.leekwars.generator.FightFunctions.getRelativeShield, 1)), load(sysexec(com.leekwars.generator.FightFunctions.getRelativeShield, -1)), load(sysexec(com.leekwars.generator.FightFunctions.getLevel, new Object[] { null })), load(sysexec(com.leekwars.generator.FightFunctions.getLevel, 1)), load(sysexec(com.leekwars.generator.FightFunctions.getLevel, -1)), load(sysexec(com.leekwars.generator.FightFunctions.getFrequency, new Object[] { null })), load(sysexec(com.leekwars.generator.FightFunctions.getFrequency, 1)), load(sysexec(com.leekwars.generator.FightFunctions.getFrequency, -1)), load(sysexec(com.leekwars.generator.FightFunctions.getLeekID, new Object[] { null })), load(sysexec(com.leekwars.generator.FightFunctions.getLeekID, 1)), load(sysexec(com.leekwars.generator.FightFunctions.getLeekID, -1)), load(sysexec(com.leekwars.generator.FightFunctions.getTeamName, new Object[] { null })), load(sysexec(com.leekwars.generator.FightFunctions.getTeamName, 1)), load(sysexec(com.leekwars.generator.FightFunctions.getTeamName, -1)), load(sysexec(com.leekwars.generator.FightFunctions.getFarmerName, new Object[] { null })), load(sysexec(com.leekwars.generator.FightFunctions.getFarmerName, 1)), load(sysexec(com.leekwars.generator.FightFunctions.getFarmerName, -1)), load(sysexec(com.leekwars.generator.FightFunctions.getTeamID, new Object[] { null })), load(sysexec(com.leekwars.generator.FightFunctions.getTeamID, 1)), load(sysexec(com.leekwars.generator.FightFunctions.getTeamID, -1)), load(sysexec(com.leekwars.generator.FightFunctions.getFarmerID, new Object[] { null })), load(sysexec(com.leekwars.generator.FightFunctions.getFarmerID, 1)), load(sysexec(com.leekwars.generator.FightFunctions.getFarmerID, -1)), load(sysexec(com.leekwars.generator.FightFunctions.getAIName, new Object[] { null })), load(sysexec(com.leekwars.generator.FightFunctions.getAIName, 1)), load(sysexec(com.leekwars.generator.FightFunctions.getAIName, -1)), load(sysexec(com.leekwars.generator.FightFunctions.getAIID, -1)) }, false), 24);
                                                                                                                                                                                                                                                                                                                                                                                                                                                                                                                                                                                                                                                                                                                                                                                                                                                                                                                                                                                                                                                                                                                                                                                                                                                                                                                         ^
AI_10.java:12: error: package com.leekwars.generator does not exist
return ops(new ArrayLeekValue(AI_10.this, new Object[] { load(sysexec(com.leekwars.generator.FightFunctions.getForce, new Object[] { null })), load(sysexec(com.leekwars.generator.FightFunctions.getForce, 1)), load(sysexec(com.leekwars.generator.FightFunctions.getForce, -1)), load(sysexec(com.leekwars.generator.FightFunctions.getAgility, new Object[] { null })), load(sysexec(com.leekwars.generator.FightFunctions.getAgility, 1)), load(sysexec(com.leekwars.generator.FightFunctions.getAgility, -1)), load(sysexec(com.leekwars.generator.FightFunctions.getLife, new Object[] { null })), load(sysexec(com.leekwars.generator.FightFunctions.getLife, 1)), load(sysexec(com.leekwars.generator.FightFunctions.getLife, -1)), load(sysexec(com.leekwars.generator.FightFunctions.getCell, new Object[] { null })), load(sysexec(com.leekwars.generator.FightFunctions.getCell, 1)), load(sysexec(com.leekwars.generator.FightFunctions.getCell, -1)), load(sysexec(com.leekwars.generator.FightFunctions.getWeapon, new Object[] { null })), load(sysexec(com.leekwars.generator.FightFunctions.getWeapon, 1)), load(sysexec(com.leekwars.generator.FightFunctions.getWeapon, -1)), load(sysexec(com.leekwars.generator.FightFunctions.getMP, new Object[] { null })), load(sysexec(com.leekwars.generator.FightFunctions.getMP, 1)), load(sysexec(com.leekwars.generator.FightFunctions.getMP, -1)), load(sysexec(com.leekwars.generator.FightFunctions.getTP, new Object[] { null })), load(sysexec(com.leekwars.generator.FightFunctions.getTP, 1)), load(sysexec(com.leekwars.generator.FightFunctions.getTP, -1)), load(sysexec(com.leekwars.generator.FightFunctions.getTotalLife, new Object[] { null })), load(sysexec(com.leekwars.generator.FightFunctions.getTotalLife, 1)), load(sysexec(com.leekwars.generator.FightFunctions.getTotalLife, -1)), load(sysexec(com.leekwars.generator.FightFunctions.isEnemy, 0)), load(sysexec(com.leekwars.generator.FightFunctions.isEnemy, 1)), load(sysexec(com.leekwars.generator.FightFunctions.isEnemy, -1)), load(sysexec(com.leekwars.generator.FightFunctions.isAlly, 0)), load(sysexec(com.leekwars.generator.FightFunctions.isAlly, 1)), load(sysexec(com.leekwars.generator.FightFunctions.isAlly, -1)), load(sysexec(com.leekwars.generator.FightFunctions.isDead, 0)), load(sysexec(com.leekwars.generator.FightFunctions.isDead, 1)), load(sysexec(com.leekwars.generator.FightFunctions.isDead, -1)), load(sysexec(com.leekwars.generator.FightFunctions.isAlive, 0)), load(sysexec(com.leekwars.generator.FightFunctions.isAlive, 1)), load(sysexec(com.leekwars.generator.FightFunctions.isAlive, -1)), load(sysexec(com.leekwars.generator.FightFunctions.getLeek)), load(sysexec(LeekFunctions.string, load(sysexec(com.leekwars.generator.FightFunctions.getChips, new Object[] { null })))), load(sysexec(LeekFunctions.string, load(sysexec(com.leekwars.generator.FightFunctions.getChips, 1)))), load(sysexec(com.leekwars.generator.FightFunctions.getChips, -1)), load(sysexec(com.leekwars.generator.FightFunctions.getAbsoluteShield, new Object[] { null })), load(sysexec(com.leekwars.generator.FightFunctions.getAbsoluteShield, 1)), load(sysexec(com.leekwars.generator.FightFunctions.getAbsoluteShield, -1)), load(sysexec(com.leekwars.generator.FightFunctions.getRelativeShield, new Object[] { null })), load(sysexec(com.leekwars.generator.FightFunctions.getRelativeShield, 1)), load(sysexec(com.leekwars.generator.FightFunctions.getRelativeShield, -1)), load(sysexec(com.leekwars.generator.FightFunctions.getLevel, new Object[] { null })), load(sysexec(com.leekwars.generator.FightFunctions.getLevel, 1)), load(sysexec(com.leekwars.generator.FightFunctions.getLevel, -1)), load(sysexec(com.leekwars.generator.FightFunctions.getFrequency, new Object[] { null })), load(sysexec(com.leekwars.generator.FightFunctions.getFrequency, 1)), load(sysexec(com.leekwars.generator.FightFunctions.getFrequency, -1)), load(sysexec(com.leekwars.generator.FightFunctions.getLeekID, new Object[] { null })), load(sysexec(com.leekwars.generator.FightFunctions.getLeekID, 1)), load(sysexec(com.leekwars.generator.FightFunctions.getLeekID, -1)), load(sysexec(com.leekwars.generator.FightFunctions.getTeamName, new Object[] { null })), load(sysexec(com.leekwars.generator.FightFunctions.getTeamName, 1)), load(sysexec(com.leekwars.generator.FightFunctions.getTeamName, -1)), load(sysexec(com.leekwars.generator.FightFunctions.getFarmerName, new Object[] { null })), load(sysexec(com.leekwars.generator.FightFunctions.getFarmerName, 1)), load(sysexec(com.leekwars.generator.FightFunctions.getFarmerName, -1)), load(sysexec(com.leekwars.generator.FightFunctions.getTeamID, new Object[] { null })), load(sysexec(com.leekwars.generator.FightFunctions.getTeamID, 1)), load(sysexec(com.leekwars.generator.FightFunctions.getTeamID, -1)), load(sysexec(com.leekwars.generator.FightFunctions.getFarmerID, new Object[] { null })), load(sysexec(com.leekwars.generator.FightFunctions.getFarmerID, 1)), load(sysexec(com.leekwars.generator.FightFunctions.getFarmerID, -1)), load(sysexec(com.leekwars.generator.FightFunctions.getAIName, new Object[] { null })), load(sysexec(com.leekwars.generator.FightFunctions.getAIName, 1)), load(sysexec(com.leekwars.generator.FightFunctions.getAIName, -1)), load(sysexec(com.leekwars.generator.FightFunctions.getAIID, -1)) }, false), 24);
                                                                                                                                                                                                                                                                                                                                                                                                                                                                                                                                                                                                                                                                                                                                                                                                                                                                                                                                                                                                                                                                                                                                                                                                                                                                                                                                                                                        ^
AI_10.java:12: error: package com.leekwars.generator does not exist
return ops(new ArrayLeekValue(AI_10.this, new Object[] { load(sysexec(com.leekwars.generator.FightFunctions.getForce, new Object[] { null })), load(sysexec(com.leekwars.generator.FightFunctions.getForce, 1)), load(sysexec(com.leekwars.generator.FightFunctions.getForce, -1)), load(sysexec(com.leekwars.generator.FightFunctions.getAgility, new Object[] { null })), load(sysexec(com.leekwars.generator.FightFunctions.getAgility, 1)), load(sysexec(com.leekwars.generator.FightFunctions.getAgility, -1)), load(sysexec(com.leekwars.generator.FightFunctions.getLife, new Object[] { null })), load(sysexec(com.leekwars.generator.FightFunctions.getLife, 1)), load(sysexec(com.leekwars.generator.FightFunctions.getLife, -1)), load(sysexec(com.leekwars.generator.FightFunctions.getCell, new Object[] { null })), load(sysexec(com.leekwars.generator.FightFunctions.getCell, 1)), load(sysexec(com.leekwars.generator.FightFunctions.getCell, -1)), load(sysexec(com.leekwars.generator.FightFunctions.getWeapon, new Object[] { null })), load(sysexec(com.leekwars.generator.FightFunctions.getWeapon, 1)), load(sysexec(com.leekwars.generator.FightFunctions.getWeapon, -1)), load(sysexec(com.leekwars.generator.FightFunctions.getMP, new Object[] { null })), load(sysexec(com.leekwars.generator.FightFunctions.getMP, 1)), load(sysexec(com.leekwars.generator.FightFunctions.getMP, -1)), load(sysexec(com.leekwars.generator.FightFunctions.getTP, new Object[] { null })), load(sysexec(com.leekwars.generator.FightFunctions.getTP, 1)), load(sysexec(com.leekwars.generator.FightFunctions.getTP, -1)), load(sysexec(com.leekwars.generator.FightFunctions.getTotalLife, new Object[] { null })), load(sysexec(com.leekwars.generator.FightFunctions.getTotalLife, 1)), load(sysexec(com.leekwars.generator.FightFunctions.getTotalLife, -1)), load(sysexec(com.leekwars.generator.FightFunctions.isEnemy, 0)), load(sysexec(com.leekwars.generator.FightFunctions.isEnemy, 1)), load(sysexec(com.leekwars.generator.FightFunctions.isEnemy, -1)), load(sysexec(com.leekwars.generator.FightFunctions.isAlly, 0)), load(sysexec(com.leekwars.generator.FightFunctions.isAlly, 1)), load(sysexec(com.leekwars.generator.FightFunctions.isAlly, -1)), load(sysexec(com.leekwars.generator.FightFunctions.isDead, 0)), load(sysexec(com.leekwars.generator.FightFunctions.isDead, 1)), load(sysexec(com.leekwars.generator.FightFunctions.isDead, -1)), load(sysexec(com.leekwars.generator.FightFunctions.isAlive, 0)), load(sysexec(com.leekwars.generator.FightFunctions.isAlive, 1)), load(sysexec(com.leekwars.generator.FightFunctions.isAlive, -1)), load(sysexec(com.leekwars.generator.FightFunctions.getLeek)), load(sysexec(LeekFunctions.string, load(sysexec(com.leekwars.generator.FightFunctions.getChips, new Object[] { null })))), load(sysexec(LeekFunctions.string, load(sysexec(com.leekwars.generator.FightFunctions.getChips, 1)))), load(sysexec(com.leekwars.generator.FightFunctions.getChips, -1)), load(sysexec(com.leekwars.generator.FightFunctions.getAbsoluteShield, new Object[] { null })), load(sysexec(com.leekwars.generator.FightFunctions.getAbsoluteShield, 1)), load(sysexec(com.leekwars.generator.FightFunctions.getAbsoluteShield, -1)), load(sysexec(com.leekwars.generator.FightFunctions.getRelativeShield, new Object[] { null })), load(sysexec(com.leekwars.generator.FightFunctions.getRelativeShield, 1)), load(sysexec(com.leekwars.generator.FightFunctions.getRelativeShield, -1)), load(sysexec(com.leekwars.generator.FightFunctions.getLevel, new Object[] { null })), load(sysexec(com.leekwars.generator.FightFunctions.getLevel, 1)), load(sysexec(com.leekwars.generator.FightFunctions.getLevel, -1)), load(sysexec(com.leekwars.generator.FightFunctions.getFrequency, new Object[] { null })), load(sysexec(com.leekwars.generator.FightFunctions.getFrequency, 1)), load(sysexec(com.leekwars.generator.FightFunctions.getFrequency, -1)), load(sysexec(com.leekwars.generator.FightFunctions.getLeekID, new Object[] { null })), load(sysexec(com.leekwars.generator.FightFunctions.getLeekID, 1)), load(sysexec(com.leekwars.generator.FightFunctions.getLeekID, -1)), load(sysexec(com.leekwars.generator.FightFunctions.getTeamName, new Object[] { null })), load(sysexec(com.leekwars.generator.FightFunctions.getTeamName, 1)), load(sysexec(com.leekwars.generator.FightFunctions.getTeamName, -1)), load(sysexec(com.leekwars.generator.FightFunctions.getFarmerName, new Object[] { null })), load(sysexec(com.leekwars.generator.FightFunctions.getFarmerName, 1)), load(sysexec(com.leekwars.generator.FightFunctions.getFarmerName, -1)), load(sysexec(com.leekwars.generator.FightFunctions.getTeamID, new Object[] { null })), load(sysexec(com.leekwars.generator.FightFunctions.getTeamID, 1)), load(sysexec(com.leekwars.generator.FightFunctions.getTeamID, -1)), load(sysexec(com.leekwars.generator.FightFunctions.getFarmerID, new Object[] { null })), load(sysexec(com.leekwars.generator.FightFunctions.getFarmerID, 1)), load(sysexec(com.leekwars.generator.FightFunctions.getFarmerID, -1)), load(sysexec(com.leekwars.generator.FightFunctions.getAIName, new Object[] { null })), load(sysexec(com.leekwars.generator.FightFunctions.getAIName, 1)), load(sysexec(com.leekwars.generator.FightFunctions.getAIName, -1)), load(sysexec(com.leekwars.generator.FightFunctions.getAIID, -1)) }, false), 24);
                                                                                                                                                                                                                                                                                                                                                                                                                                                                                                                                                                                                                                                                                                                                                                                                                                                                                                                                                                                                                                                                                                                                                                                                                                                                                                                                                                                                                                                        ^
AI_10.java:12: error: package com.leekwars.generator does not exist
return ops(new ArrayLeekValue(AI_10.this, new Object[] { load(sysexec(com.leekwars.generator.FightFunctions.getForce, new Object[] { null })), load(sysexec(com.leekwars.generator.FightFunctions.getForce, 1)), load(sysexec(com.leekwars.generator.FightFunctions.getForce, -1)), load(sysexec(com.leekwars.generator.FightFunctions.getAgility, new Object[] { null })), load(sysexec(com.leekwars.generator.FightFunctions.getAgility, 1)), load(sysexec(com.leekwars.generator.FightFunctions.getAgility, -1)), load(sysexec(com.leekwars.generator.FightFunctions.getLife, new Object[] { null })), load(sysexec(com.leekwars.generator.FightFunctions.getLife, 1)), load(sysexec(com.leekwars.generator.FightFunctions.getLife, -1)), load(sysexec(com.leekwars.generator.FightFunctions.getCell, new Object[] { null })), load(sysexec(com.leekwars.generator.FightFunctions.getCell, 1)), load(sysexec(com.leekwars.generator.FightFunctions.getCell, -1)), load(sysexec(com.leekwars.generator.FightFunctions.getWeapon, new Object[] { null })), load(sysexec(com.leekwars.generator.FightFunctions.getWeapon, 1)), load(sysexec(com.leekwars.generator.FightFunctions.getWeapon, -1)), load(sysexec(com.leekwars.generator.FightFunctions.getMP, new Object[] { null })), load(sysexec(com.leekwars.generator.FightFunctions.getMP, 1)), load(sysexec(com.leekwars.generator.FightFunctions.getMP, -1)), load(sysexec(com.leekwars.generator.FightFunctions.getTP, new Object[] { null })), load(sysexec(com.leekwars.generator.FightFunctions.getTP, 1)), load(sysexec(com.leekwars.generator.FightFunctions.getTP, -1)), load(sysexec(com.leekwars.generator.FightFunctions.getTotalLife, new Object[] { null })), load(sysexec(com.leekwars.generator.FightFunctions.getTotalLife, 1)), load(sysexec(com.leekwars.generator.FightFunctions.getTotalLife, -1)), load(sysexec(com.leekwars.generator.FightFunctions.isEnemy, 0)), load(sysexec(com.leekwars.generator.FightFunctions.isEnemy, 1)), load(sysexec(com.leekwars.generator.FightFunctions.isEnemy, -1)), load(sysexec(com.leekwars.generator.FightFunctions.isAlly, 0)), load(sysexec(com.leekwars.generator.FightFunctions.isAlly, 1)), load(sysexec(com.leekwars.generator.FightFunctions.isAlly, -1)), load(sysexec(com.leekwars.generator.FightFunctions.isDead, 0)), load(sysexec(com.leekwars.generator.FightFunctions.isDead, 1)), load(sysexec(com.leekwars.generator.FightFunctions.isDead, -1)), load(sysexec(com.leekwars.generator.FightFunctions.isAlive, 0)), load(sysexec(com.leekwars.generator.FightFunctions.isAlive, 1)), load(sysexec(com.leekwars.generator.FightFunctions.isAlive, -1)), load(sysexec(com.leekwars.generator.FightFunctions.getLeek)), load(sysexec(LeekFunctions.string, load(sysexec(com.leekwars.generator.FightFunctions.getChips, new Object[] { null })))), load(sysexec(LeekFunctions.string, load(sysexec(com.leekwars.generator.FightFunctions.getChips, 1)))), load(sysexec(com.leekwars.generator.FightFunctions.getChips, -1)), load(sysexec(com.leekwars.generator.FightFunctions.getAbsoluteShield, new Object[] { null })), load(sysexec(com.leekwars.generator.FightFunctions.getAbsoluteShield, 1)), load(sysexec(com.leekwars.generator.FightFunctions.getAbsoluteShield, -1)), load(sysexec(com.leekwars.generator.FightFunctions.getRelativeShield, new Object[] { null })), load(sysexec(com.leekwars.generator.FightFunctions.getRelativeShield, 1)), load(sysexec(com.leekwars.generator.FightFunctions.getRelativeShield, -1)), load(sysexec(com.leekwars.generator.FightFunctions.getLevel, new Object[] { null })), load(sysexec(com.leekwars.generator.FightFunctions.getLevel, 1)), load(sysexec(com.leekwars.generator.FightFunctions.getLevel, -1)), load(sysexec(com.leekwars.generator.FightFunctions.getFrequency, new Object[] { null })), load(sysexec(com.leekwars.generator.FightFunctions.getFrequency, 1)), load(sysexec(com.leekwars.generator.FightFunctions.getFrequency, -1)), load(sysexec(com.leekwars.generator.FightFunctions.getLeekID, new Object[] { null })), load(sysexec(com.leekwars.generator.FightFunctions.getLeekID, 1)), load(sysexec(com.leekwars.generator.FightFunctions.getLeekID, -1)), load(sysexec(com.leekwars.generator.FightFunctions.getTeamName, new Object[] { null })), load(sysexec(com.leekwars.generator.FightFunctions.getTeamName, 1)), load(sysexec(com.leekwars.generator.FightFunctions.getTeamName, -1)), load(sysexec(com.leekwars.generator.FightFunctions.getFarmerName, new Object[] { null })), load(sysexec(com.leekwars.generator.FightFunctions.getFarmerName, 1)), load(sysexec(com.leekwars.generator.FightFunctions.getFarmerName, -1)), load(sysexec(com.leekwars.generator.FightFunctions.getTeamID, new Object[] { null })), load(sysexec(com.leekwars.generator.FightFunctions.getTeamID, 1)), load(sysexec(com.leekwars.generator.FightFunctions.getTeamID, -1)), load(sysexec(com.leekwars.generator.FightFunctions.getFarmerID, new Object[] { null })), load(sysexec(com.leekwars.generator.FightFunctions.getFarmerID, 1)), load(sysexec(com.leekwars.generator.FightFunctions.getFarmerID, -1)), load(sysexec(com.leekwars.generator.FightFunctions.getAIName, new Object[] { null })), load(sysexec(com.leekwars.generator.FightFunctions.getAIName, 1)), load(sysexec(com.leekwars.generator.FightFunctions.getAIName, -1)), load(sysexec(com.leekwars.generator.FightFunctions.getAIID, -1)) }, false), 24);
                                                                                                                                                                                                                                                                                                                                                                                                                                                                                                                                                                                                                                                                                                                                                                                                                                                                                                                                                                                                                                                                                                                                                                                                                                                                                                                                                                                                                                                                                                                                           ^
AI_10.java:12: error: package com.leekwars.generator does not exist
return ops(new ArrayLeekValue(AI_10.this, new Object[] { load(sysexec(com.leekwars.generator.FightFunctions.getForce, new Object[] { null })), load(sysexec(com.leekwars.generator.FightFunctions.getForce, 1)), load(sysexec(com.leekwars.generator.FightFunctions.getForce, -1)), load(sysexec(com.leekwars.generator.FightFunctions.getAgility, new Object[] { null })), load(sysexec(com.leekwars.generator.FightFunctions.getAgility, 1)), load(sysexec(com.leekwars.generator.FightFunctions.getAgility, -1)), load(sysexec(com.leekwars.generator.FightFunctions.getLife, new Object[] { null })), load(sysexec(com.leekwars.generator.FightFunctions.getLife, 1)), load(sysexec(com.leekwars.generator.FightFunctions.getLife, -1)), load(sysexec(com.leekwars.generator.FightFunctions.getCell, new Object[] { null })), load(sysexec(com.leekwars.generator.FightFunctions.getCell, 1)), load(sysexec(com.leekwars.generator.FightFunctions.getCell, -1)), load(sysexec(com.leekwars.generator.FightFunctions.getWeapon, new Object[] { null })), load(sysexec(com.leekwars.generator.FightFunctions.getWeapon, 1)), load(sysexec(com.leekwars.generator.FightFunctions.getWeapon, -1)), load(sysexec(com.leekwars.generator.FightFunctions.getMP, new Object[] { null })), load(sysexec(com.leekwars.generator.FightFunctions.getMP, 1)), load(sysexec(com.leekwars.generator.FightFunctions.getMP, -1)), load(sysexec(com.leekwars.generator.FightFunctions.getTP, new Object[] { null })), load(sysexec(com.leekwars.generator.FightFunctions.getTP, 1)), load(sysexec(com.leekwars.generator.FightFunctions.getTP, -1)), load(sysexec(com.leekwars.generator.FightFunctions.getTotalLife, new Object[] { null })), load(sysexec(com.leekwars.generator.FightFunctions.getTotalLife, 1)), load(sysexec(com.leekwars.generator.FightFunctions.getTotalLife, -1)), load(sysexec(com.leekwars.generator.FightFunctions.isEnemy, 0)), load(sysexec(com.leekwars.generator.FightFunctions.isEnemy, 1)), load(sysexec(com.leekwars.generator.FightFunctions.isEnemy, -1)), load(sysexec(com.leekwars.generator.FightFunctions.isAlly, 0)), load(sysexec(com.leekwars.generator.FightFunctions.isAlly, 1)), load(sysexec(com.leekwars.generator.FightFunctions.isAlly, -1)), load(sysexec(com.leekwars.generator.FightFunctions.isDead, 0)), load(sysexec(com.leekwars.generator.FightFunctions.isDead, 1)), load(sysexec(com.leekwars.generator.FightFunctions.isDead, -1)), load(sysexec(com.leekwars.generator.FightFunctions.isAlive, 0)), load(sysexec(com.leekwars.generator.FightFunctions.isAlive, 1)), load(sysexec(com.leekwars.generator.FightFunctions.isAlive, -1)), load(sysexec(com.leekwars.generator.FightFunctions.getLeek)), load(sysexec(LeekFunctions.string, load(sysexec(com.leekwars.generator.FightFunctions.getChips, new Object[] { null })))), load(sysexec(LeekFunctions.string, load(sysexec(com.leekwars.generator.FightFunctions.getChips, 1)))), load(sysexec(com.leekwars.generator.FightFunctions.getChips, -1)), load(sysexec(com.leekwars.generator.FightFunctions.getAbsoluteShield, new Object[] { null })), load(sysexec(com.leekwars.generator.FightFunctions.getAbsoluteShield, 1)), load(sysexec(com.leekwars.generator.FightFunctions.getAbsoluteShield, -1)), load(sysexec(com.leekwars.generator.FightFunctions.getRelativeShield, new Object[] { null })), load(sysexec(com.leekwars.generator.FightFunctions.getRelativeShield, 1)), load(sysexec(com.leekwars.generator.FightFunctions.getRelativeShield, -1)), load(sysexec(com.leekwars.generator.FightFunctions.getLevel, new Object[] { null })), load(sysexec(com.leekwars.generator.FightFunctions.getLevel, 1)), load(sysexec(com.leekwars.generator.FightFunctions.getLevel, -1)), load(sysexec(com.leekwars.generator.FightFunctions.getFrequency, new Object[] { null })), load(sysexec(com.leekwars.generator.FightFunctions.getFrequency, 1)), load(sysexec(com.leekwars.generator.FightFunctions.getFrequency, -1)), load(sysexec(com.leekwars.generator.FightFunctions.getLeekID, new Object[] { null })), load(sysexec(com.leekwars.generator.FightFunctions.getLeekID, 1)), load(sysexec(com.leekwars.generator.FightFunctions.getLeekID, -1)), load(sysexec(com.leekwars.generator.FightFunctions.getTeamName, new Object[] { null })), load(sysexec(com.leekwars.generator.FightFunctions.getTeamName, 1)), load(sysexec(com.leekwars.generator.FightFunctions.getTeamName, -1)), load(sysexec(com.leekwars.generator.FightFunctions.getFarmerName, new Object[] { null })), load(sysexec(com.leekwars.generator.FightFunctions.getFarmerName, 1)), load(sysexec(com.leekwars.generator.FightFunctions.getFarmerName, -1)), load(sysexec(com.leekwars.generator.FightFunctions.getTeamID, new Object[] { null })), load(sysexec(com.leekwars.generator.FightFunctions.getTeamID, 1)), load(sysexec(com.leekwars.generator.FightFunctions.getTeamID, -1)), load(sysexec(com.leekwars.generator.FightFunctions.getFarmerID, new Object[] { null })), load(sysexec(com.leekwars.generator.FightFunctions.getFarmerID, 1)), load(sysexec(com.leekwars.generator.FightFunctions.getFarmerID, -1)), load(sysexec(com.leekwars.generator.FightFunctions.getAIName, new Object[] { null })), load(sysexec(com.leekwars.generator.FightFunctions.getAIName, 1)), load(sysexec(com.leekwars.generator.FightFunctions.getAIName, -1)), load(sysexec(com.leekwars.generator.FightFunctions.getAIID, -1)) }, false), 24);
                                                                                                                                                                                                                                                                                                                                                                                                                                                                                                                                                                                                                                                                                                                                                                                                                                                                                                                                                                                                                                                                                                                                                                                                                                                                                                                                                                                                                                                                                                                                                                                                          ^
AI_10.java:12: error: package com.leekwars.generator does not exist
return ops(new ArrayLeekValue(AI_10.this, new Object[] { load(sysexec(com.leekwars.generator.FightFunctions.getForce, new Object[] { null })), load(sysexec(com.leekwars.generator.FightFunctions.getForce, 1)), load(sysexec(com.leekwars.generator.FightFunctions.getForce, -1)), load(sysexec(com.leekwars.generator.FightFunctions.getAgility, new Object[] { null })), load(sysexec(com.leekwars.generator.FightFunctions.getAgility, 1)), load(sysexec(com.leekwars.generator.FightFunctions.getAgility, -1)), load(sysexec(com.leekwars.generator.FightFunctions.getLife, new Object[] { null })), load(sysexec(com.leekwars.generator.FightFunctions.getLife, 1)), load(sysexec(com.leekwars.generator.FightFunctions.getLife, -1)), load(sysexec(com.leekwars.generator.FightFunctions.getCell, new Object[] { null })), load(sysexec(com.leekwars.generator.FightFunctions.getCell, 1)), load(sysexec(com.leekwars.generator.FightFunctions.getCell, -1)), load(sysexec(com.leekwars.generator.FightFunctions.getWeapon, new Object[] { null })), load(sysexec(com.leekwars.generator.FightFunctions.getWeapon, 1)), load(sysexec(com.leekwars.generator.FightFunctions.getWeapon, -1)), load(sysexec(com.leekwars.generator.FightFunctions.getMP, new Object[] { null })), load(sysexec(com.leekwars.generator.FightFunctions.getMP, 1)), load(sysexec(com.leekwars.generator.FightFunctions.getMP, -1)), load(sysexec(com.leekwars.generator.FightFunctions.getTP, new Object[] { null })), load(sysexec(com.leekwars.generator.FightFunctions.getTP, 1)), load(sysexec(com.leekwars.generator.FightFunctions.getTP, -1)), load(sysexec(com.leekwars.generator.FightFunctions.getTotalLife, new Object[] { null })), load(sysexec(com.leekwars.generator.FightFunctions.getTotalLife, 1)), load(sysexec(com.leekwars.generator.FightFunctions.getTotalLife, -1)), load(sysexec(com.leekwars.generator.FightFunctions.isEnemy, 0)), load(sysexec(com.leekwars.generator.FightFunctions.isEnemy, 1)), load(sysexec(com.leekwars.generator.FightFunctions.isEnemy, -1)), load(sysexec(com.leekwars.generator.FightFunctions.isAlly, 0)), load(sysexec(com.leekwars.generator.FightFunctions.isAlly, 1)), load(sysexec(com.leekwars.generator.FightFunctions.isAlly, -1)), load(sysexec(com.leekwars.generator.FightFunctions.isDead, 0)), load(sysexec(com.leekwars.generator.FightFunctions.isDead, 1)), load(sysexec(com.leekwars.generator.FightFunctions.isDead, -1)), load(sysexec(com.leekwars.generator.FightFunctions.isAlive, 0)), load(sysexec(com.leekwars.generator.FightFunctions.isAlive, 1)), load(sysexec(com.leekwars.generator.FightFunctions.isAlive, -1)), load(sysexec(com.leekwars.generator.FightFunctions.getLeek)), load(sysexec(LeekFunctions.string, load(sysexec(com.leekwars.generator.FightFunctions.getChips, new Object[] { null })))), load(sysexec(LeekFunctions.string, load(sysexec(com.leekwars.generator.FightFunctions.getChips, 1)))), load(sysexec(com.leekwars.generator.FightFunctions.getChips, -1)), load(sysexec(com.leekwars.generator.FightFunctions.getAbsoluteShield, new Object[] { null })), load(sysexec(com.leekwars.generator.FightFunctions.getAbsoluteShield, 1)), load(sysexec(com.leekwars.generator.FightFunctions.getAbsoluteShield, -1)), load(sysexec(com.leekwars.generator.FightFunctions.getRelativeShield, new Object[] { null })), load(sysexec(com.leekwars.generator.FightFunctions.getRelativeShield, 1)), load(sysexec(com.leekwars.generator.FightFunctions.getRelativeShield, -1)), load(sysexec(com.leekwars.generator.FightFunctions.getLevel, new Object[] { null })), load(sysexec(com.leekwars.generator.FightFunctions.getLevel, 1)), load(sysexec(com.leekwars.generator.FightFunctions.getLevel, -1)), load(sysexec(com.leekwars.generator.FightFunctions.getFrequency, new Object[] { null })), load(sysexec(com.leekwars.generator.FightFunctions.getFrequency, 1)), load(sysexec(com.leekwars.generator.FightFunctions.getFrequency, -1)), load(sysexec(com.leekwars.generator.FightFunctions.getLeekID, new Object[] { null })), load(sysexec(com.leekwars.generator.FightFunctions.getLeekID, 1)), load(sysexec(com.leekwars.generator.FightFunctions.getLeekID, -1)), load(sysexec(com.leekwars.generator.FightFunctions.getTeamName, new Object[] { null })), load(sysexec(com.leekwars.generator.FightFunctions.getTeamName, 1)), load(sysexec(com.leekwars.generator.FightFunctions.getTeamName, -1)), load(sysexec(com.leekwars.generator.FightFunctions.getFarmerName, new Object[] { null })), load(sysexec(com.leekwars.generator.FightFunctions.getFarmerName, 1)), load(sysexec(com.leekwars.generator.FightFunctions.getFarmerName, -1)), load(sysexec(com.leekwars.generator.FightFunctions.getTeamID, new Object[] { null })), load(sysexec(com.leekwars.generator.FightFunctions.getTeamID, 1)), load(sysexec(com.leekwars.generator.FightFunctions.getTeamID, -1)), load(sysexec(com.leekwars.generator.FightFunctions.getFarmerID, new Object[] { null })), load(sysexec(com.leekwars.generator.FightFunctions.getFarmerID, 1)), load(sysexec(com.leekwars.generator.FightFunctions.getFarmerID, -1)), load(sysexec(com.leekwars.generator.FightFunctions.getAIName, new Object[] { null })), load(sysexec(com.leekwars.generator.FightFunctions.getAIName, 1)), load(sysexec(com.leekwars.generator.FightFunctions.getAIName, -1)), load(sysexec(com.leekwars.generator.FightFunctions.getAIID, -1)) }, false), 24);
                                                                                                                                                                                                                                                                                                                                                                                                                                                                                                                                                                                                                                                                                                                                                                                                                                                                                                                                                                                                                                                                                                                                                                                                                                                                                                                                                                                                                                                                                                                                                                                                                                                                          ^
AI_10.java:12: error: package com.leekwars.generator does not exist
return ops(new ArrayLeekValue(AI_10.this, new Object[] { load(sysexec(com.leekwars.generator.FightFunctions.getForce, new Object[] { null })), load(sysexec(com.leekwars.generator.FightFunctions.getForce, 1)), load(sysexec(com.leekwars.generator.FightFunctions.getForce, -1)), load(sysexec(com.leekwars.generator.FightFunctions.getAgility, new Object[] { null })), load(sysexec(com.leekwars.generator.FightFunctions.getAgility, 1)), load(sysexec(com.leekwars.generator.FightFunctions.getAgility, -1)), load(sysexec(com.leekwars.generator.FightFunctions.getLife, new Object[] { null })), load(sysexec(com.leekwars.generator.FightFunctions.getLife, 1)), load(sysexec(com.leekwars.generator.FightFunctions.getLife, -1)), load(sysexec(com.leekwars.generator.FightFunctions.getCell, new Object[] { null })), load(sysexec(com.leekwars.generator.FightFunctions.getCell, 1)), load(sysexec(com.leekwars.generator.FightFunctions.getCell, -1)), load(sysexec(com.leekwars.generator.FightFunctions.getWeapon, new Object[] { null })), load(sysexec(com.leekwars.generator.FightFunctions.getWeapon, 1)), load(sysexec(com.leekwars.generator.FightFunctions.getWeapon, -1)), load(sysexec(com.leekwars.generator.FightFunctions.getMP, new Object[] { null })), load(sysexec(com.leekwars.generator.FightFunctions.getMP, 1)), load(sysexec(com.leekwars.generator.FightFunctions.getMP, -1)), load(sysexec(com.leekwars.generator.FightFunctions.getTP, new Object[] { null })), load(sysexec(com.leekwars.generator.FightFunctions.getTP, 1)), load(sysexec(com.leekwars.generator.FightFunctions.getTP, -1)), load(sysexec(com.leekwars.generator.FightFunctions.getTotalLife, new Object[] { null })), load(sysexec(com.leekwars.generator.FightFunctions.getTotalLife, 1)), load(sysexec(com.leekwars.generator.FightFunctions.getTotalLife, -1)), load(sysexec(com.leekwars.generator.FightFunctions.isEnemy, 0)), load(sysexec(com.leekwars.generator.FightFunctions.isEnemy, 1)), load(sysexec(com.leekwars.generator.FightFunctions.isEnemy, -1)), load(sysexec(com.leekwars.generator.FightFunctions.isAlly, 0)), load(sysexec(com.leekwars.generator.FightFunctions.isAlly, 1)), load(sysexec(com.leekwars.generator.FightFunctions.isAlly, -1)), load(sysexec(com.leekwars.generator.FightFunctions.isDead, 0)), load(sysexec(com.leekwars.generator.FightFunctions.isDead, 1)), load(sysexec(com.leekwars.generator.FightFunctions.isDead, -1)), load(sysexec(com.leekwars.generator.FightFunctions.isAlive, 0)), load(sysexec(com.leekwars.generator.FightFunctions.isAlive, 1)), load(sysexec(com.leekwars.generator.FightFunctions.isAlive, -1)), load(sysexec(com.leekwars.generator.FightFunctions.getLeek)), load(sysexec(LeekFunctions.string, load(sysexec(com.leekwars.generator.FightFunctions.getChips, new Object[] { null })))), load(sysexec(LeekFunctions.string, load(sysexec(com.leekwars.generator.FightFunctions.getChips, 1)))), load(sysexec(com.leekwars.generator.FightFunctions.getChips, -1)), load(sysexec(com.leekwars.generator.FightFunctions.getAbsoluteShield, new Object[] { null })), load(sysexec(com.leekwars.generator.FightFunctions.getAbsoluteShield, 1)), load(sysexec(com.leekwars.generator.FightFunctions.getAbsoluteShield, -1)), load(sysexec(com.leekwars.generator.FightFunctions.getRelativeShield, new Object[] { null })), load(sysexec(com.leekwars.generator.FightFunctions.getRelativeShield, 1)), load(sysexec(com.leekwars.generator.FightFunctions.getRelativeShield, -1)), load(sysexec(com.leekwars.generator.FightFunctions.getLevel, new Object[] { null })), load(sysexec(com.leekwars.generator.FightFunctions.getLevel, 1)), load(sysexec(com.leekwars.generator.FightFunctions.getLevel, -1)), load(sysexec(com.leekwars.generator.FightFunctions.getFrequency, new Object[] { null })), load(sysexec(com.leekwars.generator.FightFunctions.getFrequency, 1)), load(sysexec(com.leekwars.generator.FightFunctions.getFrequency, -1)), load(sysexec(com.leekwars.generator.FightFunctions.getLeekID, new Object[] { null })), load(sysexec(com.leekwars.generator.FightFunctions.getLeekID, 1)), load(sysexec(com.leekwars.generator.FightFunctions.getLeekID, -1)), load(sysexec(com.leekwars.generator.FightFunctions.getTeamName, new Object[] { null })), load(sysexec(com.leekwars.generator.FightFunctions.getTeamName, 1)), load(sysexec(com.leekwars.generator.FightFunctions.getTeamName, -1)), load(sysexec(com.leekwars.generator.FightFunctions.getFarmerName, new Object[] { null })), load(sysexec(com.leekwars.generator.FightFunctions.getFarmerName, 1)), load(sysexec(com.leekwars.generator.FightFunctions.getFarmerName, -1)), load(sysexec(com.leekwars.generator.FightFunctions.getTeamID, new Object[] { null })), load(sysexec(com.leekwars.generator.FightFunctions.getTeamID, 1)), load(sysexec(com.leekwars.generator.FightFunctions.getTeamID, -1)), load(sysexec(com.leekwars.generator.FightFunctions.getFarmerID, new Object[] { null })), load(sysexec(com.leekwars.generator.FightFunctions.getFarmerID, 1)), load(sysexec(com.leekwars.generator.FightFunctions.getFarmerID, -1)), load(sysexec(com.leekwars.generator.FightFunctions.getAIName, new Object[] { null })), load(sysexec(com.leekwars.generator.FightFunctions.getAIName, 1)), load(sysexec(com.leekwars.generator.FightFunctions.getAIName, -1)), load(sysexec(com.leekwars.generator.FightFunctions.getAIID, -1)) }, false), 24);
                                                                                                                                                                                                                                                                                                                                                                                                                                                                                                                                                                                                                                                                                                                                                                                                                                                                                                                                                                                                                                                                                                                                                                                                                                                                                                                                                                                                                                                                                                                                                                                                                                                                                                                                                                    ^
AI_10.java:12: error: package com.leekwars.generator does not exist
return ops(new ArrayLeekValue(AI_10.this, new Object[] { load(sysexec(com.leekwars.generator.FightFunctions.getForce, new Object[] { null })), load(sysexec(com.leekwars.generator.FightFunctions.getForce, 1)), load(sysexec(com.leekwars.generator.FightFunctions.getForce, -1)), load(sysexec(com.leekwars.generator.FightFunctions.getAgility, new Object[] { null })), load(sysexec(com.leekwars.generator.FightFunctions.getAgility, 1)), load(sysexec(com.leekwars.generator.FightFunctions.getAgility, -1)), load(sysexec(com.leekwars.generator.FightFunctions.getLife, new Object[] { null })), load(sysexec(com.leekwars.generator.FightFunctions.getLife, 1)), load(sysexec(com.leekwars.generator.FightFunctions.getLife, -1)), load(sysexec(com.leekwars.generator.FightFunctions.getCell, new Object[] { null })), load(sysexec(com.leekwars.generator.FightFunctions.getCell, 1)), load(sysexec(com.leekwars.generator.FightFunctions.getCell, -1)), load(sysexec(com.leekwars.generator.FightFunctions.getWeapon, new Object[] { null })), load(sysexec(com.leekwars.generator.FightFunctions.getWeapon, 1)), load(sysexec(com.leekwars.generator.FightFunctions.getWeapon, -1)), load(sysexec(com.leekwars.generator.FightFunctions.getMP, new Object[] { null })), load(sysexec(com.leekwars.generator.FightFunctions.getMP, 1)), load(sysexec(com.leekwars.generator.FightFunctions.getMP, -1)), load(sysexec(com.leekwars.generator.FightFunctions.getTP, new Object[] { null })), load(sysexec(com.leekwars.generator.FightFunctions.getTP, 1)), load(sysexec(com.leekwars.generator.FightFunctions.getTP, -1)), load(sysexec(com.leekwars.generator.FightFunctions.getTotalLife, new Object[] { null })), load(sysexec(com.leekwars.generator.FightFunctions.getTotalLife, 1)), load(sysexec(com.leekwars.generator.FightFunctions.getTotalLife, -1)), load(sysexec(com.leekwars.generator.FightFunctions.isEnemy, 0)), load(sysexec(com.leekwars.generator.FightFunctions.isEnemy, 1)), load(sysexec(com.leekwars.generator.FightFunctions.isEnemy, -1)), load(sysexec(com.leekwars.generator.FightFunctions.isAlly, 0)), load(sysexec(com.leekwars.generator.FightFunctions.isAlly, 1)), load(sysexec(com.leekwars.generator.FightFunctions.isAlly, -1)), load(sysexec(com.leekwars.generator.FightFunctions.isDead, 0)), load(sysexec(com.leekwars.generator.FightFunctions.isDead, 1)), load(sysexec(com.leekwars.generator.FightFunctions.isDead, -1)), load(sysexec(com.leekwars.generator.FightFunctions.isAlive, 0)), load(sysexec(com.leekwars.generator.FightFunctions.isAlive, 1)), load(sysexec(com.leekwars.generator.FightFunctions.isAlive, -1)), load(sysexec(com.leekwars.generator.FightFunctions.getLeek)), load(sysexec(LeekFunctions.string, load(sysexec(com.leekwars.generator.FightFunctions.getChips, new Object[] { null })))), load(sysexec(LeekFunctions.string, load(sysexec(com.leekwars.generator.FightFunctions.getChips, 1)))), load(sysexec(com.leekwars.generator.FightFunctions.getChips, -1)), load(sysexec(com.leekwars.generator.FightFunctions.getAbsoluteShield, new Object[] { null })), load(sysexec(com.leekwars.generator.FightFunctions.getAbsoluteShield, 1)), load(sysexec(com.leekwars.generator.FightFunctions.getAbsoluteShield, -1)), load(sysexec(com.leekwars.generator.FightFunctions.getRelativeShield, new Object[] { null })), load(sysexec(com.leekwars.generator.FightFunctions.getRelativeShield, 1)), load(sysexec(com.leekwars.generator.FightFunctions.getRelativeShield, -1)), load(sysexec(com.leekwars.generator.FightFunctions.getLevel, new Object[] { null })), load(sysexec(com.leekwars.generator.FightFunctions.getLevel, 1)), load(sysexec(com.leekwars.generator.FightFunctions.getLevel, -1)), load(sysexec(com.leekwars.generator.FightFunctions.getFrequency, new Object[] { null })), load(sysexec(com.leekwars.generator.FightFunctions.getFrequency, 1)), load(sysexec(com.leekwars.generator.FightFunctions.getFrequency, -1)), load(sysexec(com.leekwars.generator.FightFunctions.getLeekID, new Object[] { null })), load(sysexec(com.leekwars.generator.FightFunctions.getLeekID, 1)), load(sysexec(com.leekwars.generator.FightFunctions.getLeekID, -1)), load(sysexec(com.leekwars.generator.FightFunctions.getTeamName, new Object[] { null })), load(sysexec(com.leekwars.generator.FightFunctions.getTeamName, 1)), load(sysexec(com.leekwars.generator.FightFunctions.getTeamName, -1)), load(sysexec(com.leekwars.generator.FightFunctions.getFarmerName, new Object[] { null })), load(sysexec(com.leekwars.generator.FightFunctions.getFarmerName, 1)), load(sysexec(com.leekwars.generator.FightFunctions.getFarmerName, -1)), load(sysexec(com.leekwars.generator.FightFunctions.getTeamID, new Object[] { null })), load(sysexec(com.leekwars.generator.FightFunctions.getTeamID, 1)), load(sysexec(com.leekwars.generator.FightFunctions.getTeamID, -1)), load(sysexec(com.leekwars.generator.FightFunctions.getFarmerID, new Object[] { null })), load(sysexec(com.leekwars.generator.FightFunctions.getFarmerID, 1)), load(sysexec(com.leekwars.generator.FightFunctions.getFarmerID, -1)), load(sysexec(com.leekwars.generator.FightFunctions.getAIName, new Object[] { null })), load(sysexec(com.leekwars.generator.FightFunctions.getAIName, 1)), load(sysexec(com.leekwars.generator.FightFunctions.getAIName, -1)), load(sysexec(com.leekwars.generator.FightFunctions.getAIID, -1)) }, false), 24);
                                                                                                                                                                                                                                                                                                                                                                                                                                                                                                                                                                                                                                                                                                                                                                                                                                                                                                                                                                                                                                                                                                                                                                                                                                                                                                                                                                                                                                                                                                                                                                                                                                                                                                                                                                                                                                          ^
AI_10.java:12: error: package com.leekwars.generator does not exist
return ops(new ArrayLeekValue(AI_10.this, new Object[] { load(sysexec(com.leekwars.generator.FightFunctions.getForce, new Object[] { null })), load(sysexec(com.leekwars.generator.FightFunctions.getForce, 1)), load(sysexec(com.leekwars.generator.FightFunctions.getForce, -1)), load(sysexec(com.leekwars.generator.FightFunctions.getAgility, new Object[] { null })), load(sysexec(com.leekwars.generator.FightFunctions.getAgility, 1)), load(sysexec(com.leekwars.generator.FightFunctions.getAgility, -1)), load(sysexec(com.leekwars.generator.FightFunctions.getLife, new Object[] { null })), load(sysexec(com.leekwars.generator.FightFunctions.getLife, 1)), load(sysexec(com.leekwars.generator.FightFunctions.getLife, -1)), load(sysexec(com.leekwars.generator.FightFunctions.getCell, new Object[] { null })), load(sysexec(com.leekwars.generator.FightFunctions.getCell, 1)), load(sysexec(com.leekwars.generator.FightFunctions.getCell, -1)), load(sysexec(com.leekwars.generator.FightFunctions.getWeapon, new Object[] { null })), load(sysexec(com.leekwars.generator.FightFunctions.getWeapon, 1)), load(sysexec(com.leekwars.generator.FightFunctions.getWeapon, -1)), load(sysexec(com.leekwars.generator.FightFunctions.getMP, new Object[] { null })), load(sysexec(com.leekwars.generator.FightFunctions.getMP, 1)), load(sysexec(com.leekwars.generator.FightFunctions.getMP, -1)), load(sysexec(com.leekwars.generator.FightFunctions.getTP, new Object[] { null })), load(sysexec(com.leekwars.generator.FightFunctions.getTP, 1)), load(sysexec(com.leekwars.generator.FightFunctions.getTP, -1)), load(sysexec(com.leekwars.generator.FightFunctions.getTotalLife, new Object[] { null })), load(sysexec(com.leekwars.generator.FightFunctions.getTotalLife, 1)), load(sysexec(com.leekwars.generator.FightFunctions.getTotalLife, -1)), load(sysexec(com.leekwars.generator.FightFunctions.isEnemy, 0)), load(sysexec(com.leekwars.generator.FightFunctions.isEnemy, 1)), load(sysexec(com.leekwars.generator.FightFunctions.isEnemy, -1)), load(sysexec(com.leekwars.generator.FightFunctions.isAlly, 0)), load(sysexec(com.leekwars.generator.FightFunctions.isAlly, 1)), load(sysexec(com.leekwars.generator.FightFunctions.isAlly, -1)), load(sysexec(com.leekwars.generator.FightFunctions.isDead, 0)), load(sysexec(com.leekwars.generator.FightFunctions.isDead, 1)), load(sysexec(com.leekwars.generator.FightFunctions.isDead, -1)), load(sysexec(com.leekwars.generator.FightFunctions.isAlive, 0)), load(sysexec(com.leekwars.generator.FightFunctions.isAlive, 1)), load(sysexec(com.leekwars.generator.FightFunctions.isAlive, -1)), load(sysexec(com.leekwars.generator.FightFunctions.getLeek)), load(sysexec(LeekFunctions.string, load(sysexec(com.leekwars.generator.FightFunctions.getChips, new Object[] { null })))), load(sysexec(LeekFunctions.string, load(sysexec(com.leekwars.generator.FightFunctions.getChips, 1)))), load(sysexec(com.leekwars.generator.FightFunctions.getChips, -1)), load(sysexec(com.leekwars.generator.FightFunctions.getAbsoluteShield, new Object[] { null })), load(sysexec(com.leekwars.generator.FightFunctions.getAbsoluteShield, 1)), load(sysexec(com.leekwars.generator.FightFunctions.getAbsoluteShield, -1)), load(sysexec(com.leekwars.generator.FightFunctions.getRelativeShield, new Object[] { null })), load(sysexec(com.leekwars.generator.FightFunctions.getRelativeShield, 1)), load(sysexec(com.leekwars.generator.FightFunctions.getRelativeShield, -1)), load(sysexec(com.leekwars.generator.FightFunctions.getLevel, new Object[] { null })), load(sysexec(com.leekwars.generator.FightFunctions.getLevel, 1)), load(sysexec(com.leekwars.generator.FightFunctions.getLevel, -1)), load(sysexec(com.leekwars.generator.FightFunctions.getFrequency, new Object[] { null })), load(sysexec(com.leekwars.generator.FightFunctions.getFrequency, 1)), load(sysexec(com.leekwars.generator.FightFunctions.getFrequency, -1)), load(sysexec(com.leekwars.generator.FightFunctions.getLeekID, new Object[] { null })), load(sysexec(com.leekwars.generator.FightFunctions.getLeekID, 1)), load(sysexec(com.leekwars.generator.FightFunctions.getLeekID, -1)), load(sysexec(com.leekwars.generator.FightFunctions.getTeamName, new Object[] { null })), load(sysexec(com.leekwars.generator.FightFunctions.getTeamName, 1)), load(sysexec(com.leekwars.generator.FightFunctions.getTeamName, -1)), load(sysexec(com.leekwars.generator.FightFunctions.getFarmerName, new Object[] { null })), load(sysexec(com.leekwars.generator.FightFunctions.getFarmerName, 1)), load(sysexec(com.leekwars.generator.FightFunctions.getFarmerName, -1)), load(sysexec(com.leekwars.generator.FightFunctions.getTeamID, new Object[] { null })), load(sysexec(com.leekwars.generator.FightFunctions.getTeamID, 1)), load(sysexec(com.leekwars.generator.FightFunctions.getTeamID, -1)), load(sysexec(com.leekwars.generator.FightFunctions.getFarmerID, new Object[] { null })), load(sysexec(com.leekwars.generator.FightFunctions.getFarmerID, 1)), load(sysexec(com.leekwars.generator.FightFunctions.getFarmerID, -1)), load(sysexec(com.leekwars.generator.FightFunctions.getAIName, new Object[] { null })), load(sysexec(com.leekwars.generator.FightFunctions.getAIName, 1)), load(sysexec(com.leekwars.generator.FightFunctions.getAIName, -1)), load(sysexec(com.leekwars.generator.FightFunctions.getAIID, -1)) }, false), 24);
                                                                                                                                                                                                                                                                                                                                                                                                                                                                                                                                                                                                                                                                                                                                                                                                                                                                                                                                                                                                                                                                                                                                                                                                                                                                                                                                                                                                                                                                                                                                                                                                                                                                                                                                                                                                                                                                                                                 ^
AI_10.java:12: error: package com.leekwars.generator does not exist
return ops(new ArrayLeekValue(AI_10.this, new Object[] { load(sysexec(com.leekwars.generator.FightFunctions.getForce, new Object[] { null })), load(sysexec(com.leekwars.generator.FightFunctions.getForce, 1)), load(sysexec(com.leekwars.generator.FightFunctions.getForce, -1)), load(sysexec(com.leekwars.generator.FightFunctions.getAgility, new Object[] { null })), load(sysexec(com.leekwars.generator.FightFunctions.getAgility, 1)), load(sysexec(com.leekwars.generator.FightFunctions.getAgility, -1)), load(sysexec(com.leekwars.generator.FightFunctions.getLife, new Object[] { null })), load(sysexec(com.leekwars.generator.FightFunctions.getLife, 1)), load(sysexec(com.leekwars.generator.FightFunctions.getLife, -1)), load(sysexec(com.leekwars.generator.FightFunctions.getCell, new Object[] { null })), load(sysexec(com.leekwars.generator.FightFunctions.getCell, 1)), load(sysexec(com.leekwars.generator.FightFunctions.getCell, -1)), load(sysexec(com.leekwars.generator.FightFunctions.getWeapon, new Object[] { null })), load(sysexec(com.leekwars.generator.FightFunctions.getWeapon, 1)), load(sysexec(com.leekwars.generator.FightFunctions.getWeapon, -1)), load(sysexec(com.leekwars.generator.FightFunctions.getMP, new Object[] { null })), load(sysexec(com.leekwars.generator.FightFunctions.getMP, 1)), load(sysexec(com.leekwars.generator.FightFunctions.getMP, -1)), load(sysexec(com.leekwars.generator.FightFunctions.getTP, new Object[] { null })), load(sysexec(com.leekwars.generator.FightFunctions.getTP, 1)), load(sysexec(com.leekwars.generator.FightFunctions.getTP, -1)), load(sysexec(com.leekwars.generator.FightFunctions.getTotalLife, new Object[] { null })), load(sysexec(com.leekwars.generator.FightFunctions.getTotalLife, 1)), load(sysexec(com.leekwars.generator.FightFunctions.getTotalLife, -1)), load(sysexec(com.leekwars.generator.FightFunctions.isEnemy, 0)), load(sysexec(com.leekwars.generator.FightFunctions.isEnemy, 1)), load(sysexec(com.leekwars.generator.FightFunctions.isEnemy, -1)), load(sysexec(com.leekwars.generator.FightFunctions.isAlly, 0)), load(sysexec(com.leekwars.generator.FightFunctions.isAlly, 1)), load(sysexec(com.leekwars.generator.FightFunctions.isAlly, -1)), load(sysexec(com.leekwars.generator.FightFunctions.isDead, 0)), load(sysexec(com.leekwars.generator.FightFunctions.isDead, 1)), load(sysexec(com.leekwars.generator.FightFunctions.isDead, -1)), load(sysexec(com.leekwars.generator.FightFunctions.isAlive, 0)), load(sysexec(com.leekwars.generator.FightFunctions.isAlive, 1)), load(sysexec(com.leekwars.generator.FightFunctions.isAlive, -1)), load(sysexec(com.leekwars.generator.FightFunctions.getLeek)), load(sysexec(LeekFunctions.string, load(sysexec(com.leekwars.generator.FightFunctions.getChips, new Object[] { null })))), load(sysexec(LeekFunctions.string, load(sysexec(com.leekwars.generator.FightFunctions.getChips, 1)))), load(sysexec(com.leekwars.generator.FightFunctions.getChips, -1)), load(sysexec(com.leekwars.generator.FightFunctions.getAbsoluteShield, new Object[] { null })), load(sysexec(com.leekwars.generator.FightFunctions.getAbsoluteShield, 1)), load(sysexec(com.leekwars.generator.FightFunctions.getAbsoluteShield, -1)), load(sysexec(com.leekwars.generator.FightFunctions.getRelativeShield, new Object[] { null })), load(sysexec(com.leekwars.generator.FightFunctions.getRelativeShield, 1)), load(sysexec(com.leekwars.generator.FightFunctions.getRelativeShield, -1)), load(sysexec(com.leekwars.generator.FightFunctions.getLevel, new Object[] { null })), load(sysexec(com.leekwars.generator.FightFunctions.getLevel, 1)), load(sysexec(com.leekwars.generator.FightFunctions.getLevel, -1)), load(sysexec(com.leekwars.generator.FightFunctions.getFrequency, new Object[] { null })), load(sysexec(com.leekwars.generator.FightFunctions.getFrequency, 1)), load(sysexec(com.leekwars.generator.FightFunctions.getFrequency, -1)), load(sysexec(com.leekwars.generator.FightFunctions.getLeekID, new Object[] { null })), load(sysexec(com.leekwars.generator.FightFunctions.getLeekID, 1)), load(sysexec(com.leekwars.generator.FightFunctions.getLeekID, -1)), load(sysexec(com.leekwars.generator.FightFunctions.getTeamName, new Object[] { null })), load(sysexec(com.leekwars.generator.FightFunctions.getTeamName, 1)), load(sysexec(com.leekwars.generator.FightFunctions.getTeamName, -1)), load(sysexec(com.leekwars.generator.FightFunctions.getFarmerName, new Object[] { null })), load(sysexec(com.leekwars.generator.FightFunctions.getFarmerName, 1)), load(sysexec(com.leekwars.generator.FightFunctions.getFarmerName, -1)), load(sysexec(com.leekwars.generator.FightFunctions.getTeamID, new Object[] { null })), load(sysexec(com.leekwars.generator.FightFunctions.getTeamID, 1)), load(sysexec(com.leekwars.generator.FightFunctions.getTeamID, -1)), load(sysexec(com.leekwars.generator.FightFunctions.getFarmerID, new Object[] { null })), load(sysexec(com.leekwars.generator.FightFunctions.getFarmerID, 1)), load(sysexec(com.leekwars.generator.FightFunctions.getFarmerID, -1)), load(sysexec(com.leekwars.generator.FightFunctions.getAIName, new Object[] { null })), load(sysexec(com.leekwars.generator.FightFunctions.getAIName, 1)), load(sysexec(com.leekwars.generator.FightFunctions.getAIName, -1)), load(sysexec(com.leekwars.generator.FightFunctions.getAIID, -1)) }, false), 24);
                                                                                                                                                                                                                                                                                                                                                                                                                                                                                                                                                                                                                                                                                                                                                                                                                                                                                                                                                                                                                                                                                                                                                                                                                                                                                                                                                                                                                                                                                                                                                                                                                                                                                                                                                                                                                                                                                                                                                                                  ^
AI_10.java:12: error: package com.leekwars.generator does not exist
return ops(new ArrayLeekValue(AI_10.this, new Object[] { load(sysexec(com.leekwars.generator.FightFunctions.getForce, new Object[] { null })), load(sysexec(com.leekwars.generator.FightFunctions.getForce, 1)), load(sysexec(com.leekwars.generator.FightFunctions.getForce, -1)), load(sysexec(com.leekwars.generator.FightFunctions.getAgility, new Object[] { null })), load(sysexec(com.leekwars.generator.FightFunctions.getAgility, 1)), load(sysexec(com.leekwars.generator.FightFunctions.getAgility, -1)), load(sysexec(com.leekwars.generator.FightFunctions.getLife, new Object[] { null })), load(sysexec(com.leekwars.generator.FightFunctions.getLife, 1)), load(sysexec(com.leekwars.generator.FightFunctions.getLife, -1)), load(sysexec(com.leekwars.generator.FightFunctions.getCell, new Object[] { null })), load(sysexec(com.leekwars.generator.FightFunctions.getCell, 1)), load(sysexec(com.leekwars.generator.FightFunctions.getCell, -1)), load(sysexec(com.leekwars.generator.FightFunctions.getWeapon, new Object[] { null })), load(sysexec(com.leekwars.generator.FightFunctions.getWeapon, 1)), load(sysexec(com.leekwars.generator.FightFunctions.getWeapon, -1)), load(sysexec(com.leekwars.generator.FightFunctions.getMP, new Object[] { null })), load(sysexec(com.leekwars.generator.FightFunctions.getMP, 1)), load(sysexec(com.leekwars.generator.FightFunctions.getMP, -1)), load(sysexec(com.leekwars.generator.FightFunctions.getTP, new Object[] { null })), load(sysexec(com.leekwars.generator.FightFunctions.getTP, 1)), load(sysexec(com.leekwars.generator.FightFunctions.getTP, -1)), load(sysexec(com.leekwars.generator.FightFunctions.getTotalLife, new Object[] { null })), load(sysexec(com.leekwars.generator.FightFunctions.getTotalLife, 1)), load(sysexec(com.leekwars.generator.FightFunctions.getTotalLife, -1)), load(sysexec(com.leekwars.generator.FightFunctions.isEnemy, 0)), load(sysexec(com.leekwars.generator.FightFunctions.isEnemy, 1)), load(sysexec(com.leekwars.generator.FightFunctions.isEnemy, -1)), load(sysexec(com.leekwars.generator.FightFunctions.isAlly, 0)), load(sysexec(com.leekwars.generator.FightFunctions.isAlly, 1)), load(sysexec(com.leekwars.generator.FightFunctions.isAlly, -1)), load(sysexec(com.leekwars.generator.FightFunctions.isDead, 0)), load(sysexec(com.leekwars.generator.FightFunctions.isDead, 1)), load(sysexec(com.leekwars.generator.FightFunctions.isDead, -1)), load(sysexec(com.leekwars.generator.FightFunctions.isAlive, 0)), load(sysexec(com.leekwars.generator.FightFunctions.isAlive, 1)), load(sysexec(com.leekwars.generator.FightFunctions.isAlive, -1)), load(sysexec(com.leekwars.generator.FightFunctions.getLeek)), load(sysexec(LeekFunctions.string, load(sysexec(com.leekwars.generator.FightFunctions.getChips, new Object[] { null })))), load(sysexec(LeekFunctions.string, load(sysexec(com.leekwars.generator.FightFunctions.getChips, 1)))), load(sysexec(com.leekwars.generator.FightFunctions.getChips, -1)), load(sysexec(com.leekwars.generator.FightFunctions.getAbsoluteShield, new Object[] { null })), load(sysexec(com.leekwars.generator.FightFunctions.getAbsoluteShield, 1)), load(sysexec(com.leekwars.generator.FightFunctions.getAbsoluteShield, -1)), load(sysexec(com.leekwars.generator.FightFunctions.getRelativeShield, new Object[] { null })), load(sysexec(com.leekwars.generator.FightFunctions.getRelativeShield, 1)), load(sysexec(com.leekwars.generator.FightFunctions.getRelativeShield, -1)), load(sysexec(com.leekwars.generator.FightFunctions.getLevel, new Object[] { null })), load(sysexec(com.leekwars.generator.FightFunctions.getLevel, 1)), load(sysexec(com.leekwars.generator.FightFunctions.getLevel, -1)), load(sysexec(com.leekwars.generator.FightFunctions.getFrequency, new Object[] { null })), load(sysexec(com.leekwars.generator.FightFunctions.getFrequency, 1)), load(sysexec(com.leekwars.generator.FightFunctions.getFrequency, -1)), load(sysexec(com.leekwars.generator.FightFunctions.getLeekID, new Object[] { null })), load(sysexec(com.leekwars.generator.FightFunctions.getLeekID, 1)), load(sysexec(com.leekwars.generator.FightFunctions.getLeekID, -1)), load(sysexec(com.leekwars.generator.FightFunctions.getTeamName, new Object[] { null })), load(sysexec(com.leekwars.generator.FightFunctions.getTeamName, 1)), load(sysexec(com.leekwars.generator.FightFunctions.getTeamName, -1)), load(sysexec(com.leekwars.generator.FightFunctions.getFarmerName, new Object[] { null })), load(sysexec(com.leekwars.generator.FightFunctions.getFarmerName, 1)), load(sysexec(com.leekwars.generator.FightFunctions.getFarmerName, -1)), load(sysexec(com.leekwars.generator.FightFunctions.getTeamID, new Object[] { null })), load(sysexec(com.leekwars.generator.FightFunctions.getTeamID, 1)), load(sysexec(com.leekwars.generator.FightFunctions.getTeamID, -1)), load(sysexec(com.leekwars.generator.FightFunctions.getFarmerID, new Object[] { null })), load(sysexec(com.leekwars.generator.FightFunctions.getFarmerID, 1)), load(sysexec(com.leekwars.generator.FightFunctions.getFarmerID, -1)), load(sysexec(com.leekwars.generator.FightFunctions.getAIName, new Object[] { null })), load(sysexec(com.leekwars.generator.FightFunctions.getAIName, 1)), load(sysexec(com.leekwars.generator.FightFunctions.getAIName, -1)), load(sysexec(com.leekwars.generator.FightFunctions.getAIID, -1)) }, false), 24);
                                                                                                                                                                                                                                                                                                                                                                                                                                                                                                                                                                                                                                                                                                                                                                                                                                                                                                                                                                                                                                                                                                                                                                                                                                                                                                                                                                                                                                                                                                                                                                                                                                                                                                                                                                                                                                                                                                                                                                                                                                                   ^
AI_10.java:12: error: package com.leekwars.generator does not exist
return ops(new ArrayLeekValue(AI_10.this, new Object[] { load(sysexec(com.leekwars.generator.FightFunctions.getForce, new Object[] { null })), load(sysexec(com.leekwars.generator.FightFunctions.getForce, 1)), load(sysexec(com.leekwars.generator.FightFunctions.getForce, -1)), load(sysexec(com.leekwars.generator.FightFunctions.getAgility, new Object[] { null })), load(sysexec(com.leekwars.generator.FightFunctions.getAgility, 1)), load(sysexec(com.leekwars.generator.FightFunctions.getAgility, -1)), load(sysexec(com.leekwars.generator.FightFunctions.getLife, new Object[] { null })), load(sysexec(com.leekwars.generator.FightFunctions.getLife, 1)), load(sysexec(com.leekwars.generator.FightFunctions.getLife, -1)), load(sysexec(com.leekwars.generator.FightFunctions.getCell, new Object[] { null })), load(sysexec(com.leekwars.generator.FightFunctions.getCell, 1)), load(sysexec(com.leekwars.generator.FightFunctions.getCell, -1)), load(sysexec(com.leekwars.generator.FightFunctions.getWeapon, new Object[] { null })), load(sysexec(com.leekwars.generator.FightFunctions.getWeapon, 1)), load(sysexec(com.leekwars.generator.FightFunctions.getWeapon, -1)), load(sysexec(com.leekwars.generator.FightFunctions.getMP, new Object[] { null })), load(sysexec(com.leekwars.generator.FightFunctions.getMP, 1)), load(sysexec(com.leekwars.generator.FightFunctions.getMP, -1)), load(sysexec(com.leekwars.generator.FightFunctions.getTP, new Object[] { null })), load(sysexec(com.leekwars.generator.FightFunctions.getTP, 1)), load(sysexec(com.leekwars.generator.FightFunctions.getTP, -1)), load(sysexec(com.leekwars.generator.FightFunctions.getTotalLife, new Object[] { null })), load(sysexec(com.leekwars.generator.FightFunctions.getTotalLife, 1)), load(sysexec(com.leekwars.generator.FightFunctions.getTotalLife, -1)), load(sysexec(com.leekwars.generator.FightFunctions.isEnemy, 0)), load(sysexec(com.leekwars.generator.FightFunctions.isEnemy, 1)), load(sysexec(com.leekwars.generator.FightFunctions.isEnemy, -1)), load(sysexec(com.leekwars.generator.FightFunctions.isAlly, 0)), load(sysexec(com.leekwars.generator.FightFunctions.isAlly, 1)), load(sysexec(com.leekwars.generator.FightFunctions.isAlly, -1)), load(sysexec(com.leekwars.generator.FightFunctions.isDead, 0)), load(sysexec(com.leekwars.generator.FightFunctions.isDead, 1)), load(sysexec(com.leekwars.generator.FightFunctions.isDead, -1)), load(sysexec(com.leekwars.generator.FightFunctions.isAlive, 0)), load(sysexec(com.leekwars.generator.FightFunctions.isAlive, 1)), load(sysexec(com.leekwars.generator.FightFunctions.isAlive, -1)), load(sysexec(com.leekwars.generator.FightFunctions.getLeek)), load(sysexec(LeekFunctions.string, load(sysexec(com.leekwars.generator.FightFunctions.getChips, new Object[] { null })))), load(sysexec(LeekFunctions.string, load(sysexec(com.leekwars.generator.FightFunctions.getChips, 1)))), load(sysexec(com.leekwars.generator.FightFunctions.getChips, -1)), load(sysexec(com.leekwars.generator.FightFunctions.getAbsoluteShield, new Object[] { null })), load(sysexec(com.leekwars.generator.FightFunctions.getAbsoluteShield, 1)), load(sysexec(com.leekwars.generator.FightFunctions.getAbsoluteShield, -1)), load(sysexec(com.leekwars.generator.FightFunctions.getRelativeShield, new Object[] { null })), load(sysexec(com.leekwars.generator.FightFunctions.getRelativeShield, 1)), load(sysexec(com.leekwars.generator.FightFunctions.getRelativeShield, -1)), load(sysexec(com.leekwars.generator.FightFunctions.getLevel, new Object[] { null })), load(sysexec(com.leekwars.generator.FightFunctions.getLevel, 1)), load(sysexec(com.leekwars.generator.FightFunctions.getLevel, -1)), load(sysexec(com.leekwars.generator.FightFunctions.getFrequency, new Object[] { null })), load(sysexec(com.leekwars.generator.FightFunctions.getFrequency, 1)), load(sysexec(com.leekwars.generator.FightFunctions.getFrequency, -1)), load(sysexec(com.leekwars.generator.FightFunctions.getLeekID, new Object[] { null })), load(sysexec(com.leekwars.generator.FightFunctions.getLeekID, 1)), load(sysexec(com.leekwars.generator.FightFunctions.getLeekID, -1)), load(sysexec(com.leekwars.generator.FightFunctions.getTeamName, new Object[] { null })), load(sysexec(com.leekwars.generator.FightFunctions.getTeamName, 1)), load(sysexec(com.leekwars.generator.FightFunctions.getTeamName, -1)), load(sysexec(com.leekwars.generator.FightFunctions.getFarmerName, new Object[] { null })), load(sysexec(com.leekwars.generator.FightFunctions.getFarmerName, 1)), load(sysexec(com.leekwars.generator.FightFunctions.getFarmerName, -1)), load(sysexec(com.leekwars.generator.FightFunctions.getTeamID, new Object[] { null })), load(sysexec(com.leekwars.generator.FightFunctions.getTeamID, 1)), load(sysexec(com.leekwars.generator.FightFunctions.getTeamID, -1)), load(sysexec(com.leekwars.generator.FightFunctions.getFarmerID, new Object[] { null })), load(sysexec(com.leekwars.generator.FightFunctions.getFarmerID, 1)), load(sysexec(com.leekwars.generator.FightFunctions.getFarmerID, -1)), load(sysexec(com.leekwars.generator.FightFunctions.getAIName, new Object[] { null })), load(sysexec(com.leekwars.generator.FightFunctions.getAIName, 1)), load(sysexec(com.leekwars.generator.FightFunctions.getAIName, -1)), load(sysexec(com.leekwars.generator.FightFunctions.getAIID, -1)) }, false), 24);
                                                                                                                                                                                                                                                                                                                                                                                                                                                                                                                                                                                                                                                                                                                                                                                                                                                                                                                                                                                                                                                                                                                                                                                                                                                                                                                                                                                                                                                                                                                                                                                                                                                                                                                                                                                                                                                                                                                                                                                                                                                                                                                     ^
AI_10.java:12: error: package com.leekwars.generator does not exist
return ops(new ArrayLeekValue(AI_10.this, new Object[] { load(sysexec(com.leekwars.generator.FightFunctions.getForce, new Object[] { null })), load(sysexec(com.leekwars.generator.FightFunctions.getForce, 1)), load(sysexec(com.leekwars.generator.FightFunctions.getForce, -1)), load(sysexec(com.leekwars.generator.FightFunctions.getAgility, new Object[] { null })), load(sysexec(com.leekwars.generator.FightFunctions.getAgility, 1)), load(sysexec(com.leekwars.generator.FightFunctions.getAgility, -1)), load(sysexec(com.leekwars.generator.FightFunctions.getLife, new Object[] { null })), load(sysexec(com.leekwars.generator.FightFunctions.getLife, 1)), load(sysexec(com.leekwars.generator.FightFunctions.getLife, -1)), load(sysexec(com.leekwars.generator.FightFunctions.getCell, new Object[] { null })), load(sysexec(com.leekwars.generator.FightFunctions.getCell, 1)), load(sysexec(com.leekwars.generator.FightFunctions.getCell, -1)), load(sysexec(com.leekwars.generator.FightFunctions.getWeapon, new Object[] { null })), load(sysexec(com.leekwars.generator.FightFunctions.getWeapon, 1)), load(sysexec(com.leekwars.generator.FightFunctions.getWeapon, -1)), load(sysexec(com.leekwars.generator.FightFunctions.getMP, new Object[] { null })), load(sysexec(com.leekwars.generator.FightFunctions.getMP, 1)), load(sysexec(com.leekwars.generator.FightFunctions.getMP, -1)), load(sysexec(com.leekwars.generator.FightFunctions.getTP, new Object[] { null })), load(sysexec(com.leekwars.generator.FightFunctions.getTP, 1)), load(sysexec(com.leekwars.generator.FightFunctions.getTP, -1)), load(sysexec(com.leekwars.generator.FightFunctions.getTotalLife, new Object[] { null })), load(sysexec(com.leekwars.generator.FightFunctions.getTotalLife, 1)), load(sysexec(com.leekwars.generator.FightFunctions.getTotalLife, -1)), load(sysexec(com.leekwars.generator.FightFunctions.isEnemy, 0)), load(sysexec(com.leekwars.generator.FightFunctions.isEnemy, 1)), load(sysexec(com.leekwars.generator.FightFunctions.isEnemy, -1)), load(sysexec(com.leekwars.generator.FightFunctions.isAlly, 0)), load(sysexec(com.leekwars.generator.FightFunctions.isAlly, 1)), load(sysexec(com.leekwars.generator.FightFunctions.isAlly, -1)), load(sysexec(com.leekwars.generator.FightFunctions.isDead, 0)), load(sysexec(com.leekwars.generator.FightFunctions.isDead, 1)), load(sysexec(com.leekwars.generator.FightFunctions.isDead, -1)), load(sysexec(com.leekwars.generator.FightFunctions.isAlive, 0)), load(sysexec(com.leekwars.generator.FightFunctions.isAlive, 1)), load(sysexec(com.leekwars.generator.FightFunctions.isAlive, -1)), load(sysexec(com.leekwars.generator.FightFunctions.getLeek)), load(sysexec(LeekFunctions.string, load(sysexec(com.leekwars.generator.FightFunctions.getChips, new Object[] { null })))), load(sysexec(LeekFunctions.string, load(sysexec(com.leekwars.generator.FightFunctions.getChips, 1)))), load(sysexec(com.leekwars.generator.FightFunctions.getChips, -1)), load(sysexec(com.leekwars.generator.FightFunctions.getAbsoluteShield, new Object[] { null })), load(sysexec(com.leekwars.generator.FightFunctions.getAbsoluteShield, 1)), load(sysexec(com.leekwars.generator.FightFunctions.getAbsoluteShield, -1)), load(sysexec(com.leekwars.generator.FightFunctions.getRelativeShield, new Object[] { null })), load(sysexec(com.leekwars.generator.FightFunctions.getRelativeShield, 1)), load(sysexec(com.leekwars.generator.FightFunctions.getRelativeShield, -1)), load(sysexec(com.leekwars.generator.FightFunctions.getLevel, new Object[] { null })), load(sysexec(com.leekwars.generator.FightFunctions.getLevel, 1)), load(sysexec(com.leekwars.generator.FightFunctions.getLevel, -1)), load(sysexec(com.leekwars.generator.FightFunctions.getFrequency, new Object[] { null })), load(sysexec(com.leekwars.generator.FightFunctions.getFrequency, 1)), load(sysexec(com.leekwars.generator.FightFunctions.getFrequency, -1)), load(sysexec(com.leekwars.generator.FightFunctions.getLeekID, new Object[] { null })), load(sysexec(com.leekwars.generator.FightFunctions.getLeekID, 1)), load(sysexec(com.leekwars.generator.FightFunctions.getLeekID, -1)), load(sysexec(com.leekwars.generator.FightFunctions.getTeamName, new Object[] { null })), load(sysexec(com.leekwars.generator.FightFunctions.getTeamName, 1)), load(sysexec(com.leekwars.generator.FightFunctions.getTeamName, -1)), load(sysexec(com.leekwars.generator.FightFunctions.getFarmerName, new Object[] { null })), load(sysexec(com.leekwars.generator.FightFunctions.getFarmerName, 1)), load(sysexec(com.leekwars.generator.FightFunctions.getFarmerName, -1)), load(sysexec(com.leekwars.generator.FightFunctions.getTeamID, new Object[] { null })), load(sysexec(com.leekwars.generator.FightFunctions.getTeamID, 1)), load(sysexec(com.leekwars.generator.FightFunctions.getTeamID, -1)), load(sysexec(com.leekwars.generator.FightFunctions.getFarmerID, new Object[] { null })), load(sysexec(com.leekwars.generator.FightFunctions.getFarmerID, 1)), load(sysexec(com.leekwars.generator.FightFunctions.getFarmerID, -1)), load(sysexec(com.leekwars.generator.FightFunctions.getAIName, new Object[] { null })), load(sysexec(com.leekwars.generator.FightFunctions.getAIName, 1)), load(sysexec(com.leekwars.generator.FightFunctions.getAIName, -1)), load(sysexec(com.leekwars.generator.FightFunctions.getAIID, -1)) }, false), 24);
                                                                                                                                                                                                                                                                                                                                                                                                                                                                                                                                                                                                                                                                                                                                                                                                                                                                                                                                                                                                                                                                                                                                                                                                                                                                                                                                                                                                                                                                                                                                                                                                                                                                                                                                                                                                                                                                                                                                                                                                                                                                                                                                                                                     ^
AI_10.java:12: error: package com.leekwars.generator does not exist
return ops(new ArrayLeekValue(AI_10.this, new Object[] { load(sysexec(com.leekwars.generator.FightFunctions.getForce, new Object[] { null })), load(sysexec(com.leekwars.generator.FightFunctions.getForce, 1)), load(sysexec(com.leekwars.generator.FightFunctions.getForce, -1)), load(sysexec(com.leekwars.generator.FightFunctions.getAgility, new Object[] { null })), load(sysexec(com.leekwars.generator.FightFunctions.getAgility, 1)), load(sysexec(com.leekwars.generator.FightFunctions.getAgility, -1)), load(sysexec(com.leekwars.generator.FightFunctions.getLife, new Object[] { null })), load(sysexec(com.leekwars.generator.FightFunctions.getLife, 1)), load(sysexec(com.leekwars.generator.FightFunctions.getLife, -1)), load(sysexec(com.leekwars.generator.FightFunctions.getCell, new Object[] { null })), load(sysexec(com.leekwars.generator.FightFunctions.getCell, 1)), load(sysexec(com.leekwars.generator.FightFunctions.getCell, -1)), load(sysexec(com.leekwars.generator.FightFunctions.getWeapon, new Object[] { null })), load(sysexec(com.leekwars.generator.FightFunctions.getWeapon, 1)), load(sysexec(com.leekwars.generator.FightFunctions.getWeapon, -1)), load(sysexec(com.leekwars.generator.FightFunctions.getMP, new Object[] { null })), load(sysexec(com.leekwars.generator.FightFunctions.getMP, 1)), load(sysexec(com.leekwars.generator.FightFunctions.getMP, -1)), load(sysexec(com.leekwars.generator.FightFunctions.getTP, new Object[] { null })), load(sysexec(com.leekwars.generator.FightFunctions.getTP, 1)), load(sysexec(com.leekwars.generator.FightFunctions.getTP, -1)), load(sysexec(com.leekwars.generator.FightFunctions.getTotalLife, new Object[] { null })), load(sysexec(com.leekwars.generator.FightFunctions.getTotalLife, 1)), load(sysexec(com.leekwars.generator.FightFunctions.getTotalLife, -1)), load(sysexec(com.leekwars.generator.FightFunctions.isEnemy, 0)), load(sysexec(com.leekwars.generator.FightFunctions.isEnemy, 1)), load(sysexec(com.leekwars.generator.FightFunctions.isEnemy, -1)), load(sysexec(com.leekwars.generator.FightFunctions.isAlly, 0)), load(sysexec(com.leekwars.generator.FightFunctions.isAlly, 1)), load(sysexec(com.leekwars.generator.FightFunctions.isAlly, -1)), load(sysexec(com.leekwars.generator.FightFunctions.isDead, 0)), load(sysexec(com.leekwars.generator.FightFunctions.isDead, 1)), load(sysexec(com.leekwars.generator.FightFunctions.isDead, -1)), load(sysexec(com.leekwars.generator.FightFunctions.isAlive, 0)), load(sysexec(com.leekwars.generator.FightFunctions.isAlive, 1)), load(sysexec(com.leekwars.generator.FightFunctions.isAlive, -1)), load(sysexec(com.leekwars.generator.FightFunctions.getLeek)), load(sysexec(LeekFunctions.string, load(sysexec(com.leekwars.generator.FightFunctions.getChips, new Object[] { null })))), load(sysexec(LeekFunctions.string, load(sysexec(com.leekwars.generator.FightFunctions.getChips, 1)))), load(sysexec(com.leekwars.generator.FightFunctions.getChips, -1)), load(sysexec(com.leekwars.generator.FightFunctions.getAbsoluteShield, new Object[] { null })), load(sysexec(com.leekwars.generator.FightFunctions.getAbsoluteShield, 1)), load(sysexec(com.leekwars.generator.FightFunctions.getAbsoluteShield, -1)), load(sysexec(com.leekwars.generator.FightFunctions.getRelativeShield, new Object[] { null })), load(sysexec(com.leekwars.generator.FightFunctions.getRelativeShield, 1)), load(sysexec(com.leekwars.generator.FightFunctions.getRelativeShield, -1)), load(sysexec(com.leekwars.generator.FightFunctions.getLevel, new Object[] { null })), load(sysexec(com.leekwars.generator.FightFunctions.getLevel, 1)), load(sysexec(com.leekwars.generator.FightFunctions.getLevel, -1)), load(sysexec(com.leekwars.generator.FightFunctions.getFrequency, new Object[] { null })), load(sysexec(com.leekwars.generator.FightFunctions.getFrequency, 1)), load(sysexec(com.leekwars.generator.FightFunctions.getFrequency, -1)), load(sysexec(com.leekwars.generator.FightFunctions.getLeekID, new Object[] { null })), load(sysexec(com.leekwars.generator.FightFunctions.getLeekID, 1)), load(sysexec(com.leekwars.generator.FightFunctions.getLeekID, -1)), load(sysexec(com.leekwars.generator.FightFunctions.getTeamName, new Object[] { null })), load(sysexec(com.leekwars.generator.FightFunctions.getTeamName, 1)), load(sysexec(com.leekwars.generator.FightFunctions.getTeamName, -1)), load(sysexec(com.leekwars.generator.FightFunctions.getFarmerName, new Object[] { null })), load(sysexec(com.leekwars.generator.FightFunctions.getFarmerName, 1)), load(sysexec(com.leekwars.generator.FightFunctions.getFarmerName, -1)), load(sysexec(com.leekwars.generator.FightFunctions.getTeamID, new Object[] { null })), load(sysexec(com.leekwars.generator.FightFunctions.getTeamID, 1)), load(sysexec(com.leekwars.generator.FightFunctions.getTeamID, -1)), load(sysexec(com.leekwars.generator.FightFunctions.getFarmerID, new Object[] { null })), load(sysexec(com.leekwars.generator.FightFunctions.getFarmerID, 1)), load(sysexec(com.leekwars.generator.FightFunctions.getFarmerID, -1)), load(sysexec(com.leekwars.generator.FightFunctions.getAIName, new Object[] { null })), load(sysexec(com.leekwars.generator.FightFunctions.getAIName, 1)), load(sysexec(com.leekwars.generator.FightFunctions.getAIName, -1)), load(sysexec(com.leekwars.generator.FightFunctions.getAIID, -1)) }, false), 24);
                                                                                                                                                                                                                                                                                                                                                                                                                                                                                                                                                                                                                                                                                                                                                                                                                                                                                                                                                                                                                                                                                                                                                                                                                                                                                                                                                                                                                                                                                                                                                                                                                                                                                                                                                                                                                                                                                                                                                                                                                                                                                                                                                                                                                                                     ^
AI_10.java:12: error: package com.leekwars.generator does not exist
return ops(new ArrayLeekValue(AI_10.this, new Object[] { load(sysexec(com.leekwars.generator.FightFunctions.getForce, new Object[] { null })), load(sysexec(com.leekwars.generator.FightFunctions.getForce, 1)), load(sysexec(com.leekwars.generator.FightFunctions.getForce, -1)), load(sysexec(com.leekwars.generator.FightFunctions.getAgility, new Object[] { null })), load(sysexec(com.leekwars.generator.FightFunctions.getAgility, 1)), load(sysexec(com.leekwars.generator.FightFunctions.getAgility, -1)), load(sysexec(com.leekwars.generator.FightFunctions.getLife, new Object[] { null })), load(sysexec(com.leekwars.generator.FightFunctions.getLife, 1)), load(sysexec(com.leekwars.generator.FightFunctions.getLife, -1)), load(sysexec(com.leekwars.generator.FightFunctions.getCell, new Object[] { null })), load(sysexec(com.leekwars.generator.FightFunctions.getCell, 1)), load(sysexec(com.leekwars.generator.FightFunctions.getCell, -1)), load(sysexec(com.leekwars.generator.FightFunctions.getWeapon, new Object[] { null })), load(sysexec(com.leekwars.generator.FightFunctions.getWeapon, 1)), load(sysexec(com.leekwars.generator.FightFunctions.getWeapon, -1)), load(sysexec(com.leekwars.generator.FightFunctions.getMP, new Object[] { null })), load(sysexec(com.leekwars.generator.FightFunctions.getMP, 1)), load(sysexec(com.leekwars.generator.FightFunctions.getMP, -1)), load(sysexec(com.leekwars.generator.FightFunctions.getTP, new Object[] { null })), load(sysexec(com.leekwars.generator.FightFunctions.getTP, 1)), load(sysexec(com.leekwars.generator.FightFunctions.getTP, -1)), load(sysexec(com.leekwars.generator.FightFunctions.getTotalLife, new Object[] { null })), load(sysexec(com.leekwars.generator.FightFunctions.getTotalLife, 1)), load(sysexec(com.leekwars.generator.FightFunctions.getTotalLife, -1)), load(sysexec(com.leekwars.generator.FightFunctions.isEnemy, 0)), load(sysexec(com.leekwars.generator.FightFunctions.isEnemy, 1)), load(sysexec(com.leekwars.generator.FightFunctions.isEnemy, -1)), load(sysexec(com.leekwars.generator.FightFunctions.isAlly, 0)), load(sysexec(com.leekwars.generator.FightFunctions.isAlly, 1)), load(sysexec(com.leekwars.generator.FightFunctions.isAlly, -1)), load(sysexec(com.leekwars.generator.FightFunctions.isDead, 0)), load(sysexec(com.leekwars.generator.FightFunctions.isDead, 1)), load(sysexec(com.leekwars.generator.FightFunctions.isDead, -1)), load(sysexec(com.leekwars.generator.FightFunctions.isAlive, 0)), load(sysexec(com.leekwars.generator.FightFunctions.isAlive, 1)), load(sysexec(com.leekwars.generator.FightFunctions.isAlive, -1)), load(sysexec(com.leekwars.generator.FightFunctions.getLeek)), load(sysexec(LeekFunctions.string, load(sysexec(com.leekwars.generator.FightFunctions.getChips, new Object[] { null })))), load(sysexec(LeekFunctions.string, load(sysexec(com.leekwars.generator.FightFunctions.getChips, 1)))), load(sysexec(com.leekwars.generator.FightFunctions.getChips, -1)), load(sysexec(com.leekwars.generator.FightFunctions.getAbsoluteShield, new Object[] { null })), load(sysexec(com.leekwars.generator.FightFunctions.getAbsoluteShield, 1)), load(sysexec(com.leekwars.generator.FightFunctions.getAbsoluteShield, -1)), load(sysexec(com.leekwars.generator.FightFunctions.getRelativeShield, new Object[] { null })), load(sysexec(com.leekwars.generator.FightFunctions.getRelativeShield, 1)), load(sysexec(com.leekwars.generator.FightFunctions.getRelativeShield, -1)), load(sysexec(com.leekwars.generator.FightFunctions.getLevel, new Object[] { null })), load(sysexec(com.leekwars.generator.FightFunctions.getLevel, 1)), load(sysexec(com.leekwars.generator.FightFunctions.getLevel, -1)), load(sysexec(com.leekwars.generator.FightFunctions.getFrequency, new Object[] { null })), load(sysexec(com.leekwars.generator.FightFunctions.getFrequency, 1)), load(sysexec(com.leekwars.generator.FightFunctions.getFrequency, -1)), load(sysexec(com.leekwars.generator.FightFunctions.getLeekID, new Object[] { null })), load(sysexec(com.leekwars.generator.FightFunctions.getLeekID, 1)), load(sysexec(com.leekwars.generator.FightFunctions.getLeekID, -1)), load(sysexec(com.leekwars.generator.FightFunctions.getTeamName, new Object[] { null })), load(sysexec(com.leekwars.generator.FightFunctions.getTeamName, 1)), load(sysexec(com.leekwars.generator.FightFunctions.getTeamName, -1)), load(sysexec(com.leekwars.generator.FightFunctions.getFarmerName, new Object[] { null })), load(sysexec(com.leekwars.generator.FightFunctions.getFarmerName, 1)), load(sysexec(com.leekwars.generator.FightFunctions.getFarmerName, -1)), load(sysexec(com.leekwars.generator.FightFunctions.getTeamID, new Object[] { null })), load(sysexec(com.leekwars.generator.FightFunctions.getTeamID, 1)), load(sysexec(com.leekwars.generator.FightFunctions.getTeamID, -1)), load(sysexec(com.leekwars.generator.FightFunctions.getFarmerID, new Object[] { null })), load(sysexec(com.leekwars.generator.FightFunctions.getFarmerID, 1)), load(sysexec(com.leekwars.generator.FightFunctions.getFarmerID, -1)), load(sysexec(com.leekwars.generator.FightFunctions.getAIName, new Object[] { null })), load(sysexec(com.leekwars.generator.FightFunctions.getAIName, 1)), load(sysexec(com.leekwars.generator.FightFunctions.getAIName, -1)), load(sysexec(com.leekwars.generator.FightFunctions.getAIID, -1)) }, false), 24);
                                                                                                                                                                                                                                                                                                                                                                                                                                                                                                                                                                                                                                                                                                                                                                                                                                                                                                                                                                                                                                                                                                                                                                                                                                                                                                                                                                                                                                                                                                                                                                                                                                                                                                                                                                                                                                                                                                                                                                                                                                                                                                                                                                                                                                                                                                                      ^
AI_10.java:12: error: package com.leekwars.generator does not exist
return ops(new ArrayLeekValue(AI_10.this, new Object[] { load(sysexec(com.leekwars.generator.FightFunctions.getForce, new Object[] { null })), load(sysexec(com.leekwars.generator.FightFunctions.getForce, 1)), load(sysexec(com.leekwars.generator.FightFunctions.getForce, -1)), load(sysexec(com.leekwars.generator.FightFunctions.getAgility, new Object[] { null })), load(sysexec(com.leekwars.generator.FightFunctions.getAgility, 1)), load(sysexec(com.leekwars.generator.FightFunctions.getAgility, -1)), load(sysexec(com.leekwars.generator.FightFunctions.getLife, new Object[] { null })), load(sysexec(com.leekwars.generator.FightFunctions.getLife, 1)), load(sysexec(com.leekwars.generator.FightFunctions.getLife, -1)), load(sysexec(com.leekwars.generator.FightFunctions.getCell, new Object[] { null })), load(sysexec(com.leekwars.generator.FightFunctions.getCell, 1)), load(sysexec(com.leekwars.generator.FightFunctions.getCell, -1)), load(sysexec(com.leekwars.generator.FightFunctions.getWeapon, new Object[] { null })), load(sysexec(com.leekwars.generator.FightFunctions.getWeapon, 1)), load(sysexec(com.leekwars.generator.FightFunctions.getWeapon, -1)), load(sysexec(com.leekwars.generator.FightFunctions.getMP, new Object[] { null })), load(sysexec(com.leekwars.generator.FightFunctions.getMP, 1)), load(sysexec(com.leekwars.generator.FightFunctions.getMP, -1)), load(sysexec(com.leekwars.generator.FightFunctions.getTP, new Object[] { null })), load(sysexec(com.leekwars.generator.FightFunctions.getTP, 1)), load(sysexec(com.leekwars.generator.FightFunctions.getTP, -1)), load(sysexec(com.leekwars.generator.FightFunctions.getTotalLife, new Object[] { null })), load(sysexec(com.leekwars.generator.FightFunctions.getTotalLife, 1)), load(sysexec(com.leekwars.generator.FightFunctions.getTotalLife, -1)), load(sysexec(com.leekwars.generator.FightFunctions.isEnemy, 0)), load(sysexec(com.leekwars.generator.FightFunctions.isEnemy, 1)), load(sysexec(com.leekwars.generator.FightFunctions.isEnemy, -1)), load(sysexec(com.leekwars.generator.FightFunctions.isAlly, 0)), load(sysexec(com.leekwars.generator.FightFunctions.isAlly, 1)), load(sysexec(com.leekwars.generator.FightFunctions.isAlly, -1)), load(sysexec(com.leekwars.generator.FightFunctions.isDead, 0)), load(sysexec(com.leekwars.generator.FightFunctions.isDead, 1)), load(sysexec(com.leekwars.generator.FightFunctions.isDead, -1)), load(sysexec(com.leekwars.generator.FightFunctions.isAlive, 0)), load(sysexec(com.leekwars.generator.FightFunctions.isAlive, 1)), load(sysexec(com.leekwars.generator.FightFunctions.isAlive, -1)), load(sysexec(com.leekwars.generator.FightFunctions.getLeek)), load(sysexec(LeekFunctions.string, load(sysexec(com.leekwars.generator.FightFunctions.getChips, new Object[] { null })))), load(sysexec(LeekFunctions.string, load(sysexec(com.leekwars.generator.FightFunctions.getChips, 1)))), load(sysexec(com.leekwars.generator.FightFunctions.getChips, -1)), load(sysexec(com.leekwars.generator.FightFunctions.getAbsoluteShield, new Object[] { null })), load(sysexec(com.leekwars.generator.FightFunctions.getAbsoluteShield, 1)), load(sysexec(com.leekwars.generator.FightFunctions.getAbsoluteShield, -1)), load(sysexec(com.leekwars.generator.FightFunctions.getRelativeShield, new Object[] { null })), load(sysexec(com.leekwars.generator.FightFunctions.getRelativeShield, 1)), load(sysexec(com.leekwars.generator.FightFunctions.getRelativeShield, -1)), load(sysexec(com.leekwars.generator.FightFunctions.getLevel, new Object[] { null })), load(sysexec(com.leekwars.generator.FightFunctions.getLevel, 1)), load(sysexec(com.leekwars.generator.FightFunctions.getLevel, -1)), load(sysexec(com.leekwars.generator.FightFunctions.getFrequency, new Object[] { null })), load(sysexec(com.leekwars.generator.FightFunctions.getFrequency, 1)), load(sysexec(com.leekwars.generator.FightFunctions.getFrequency, -1)), load(sysexec(com.leekwars.generator.FightFunctions.getLeekID, new Object[] { null })), load(sysexec(com.leekwars.generator.FightFunctions.getLeekID, 1)), load(sysexec(com.leekwars.generator.FightFunctions.getLeekID, -1)), load(sysexec(com.leekwars.generator.FightFunctions.getTeamName, new Object[] { null })), load(sysexec(com.leekwars.generator.FightFunctions.getTeamName, 1)), load(sysexec(com.leekwars.generator.FightFunctions.getTeamName, -1)), load(sysexec(com.leekwars.generator.FightFunctions.getFarmerName, new Object[] { null })), load(sysexec(com.leekwars.generator.FightFunctions.getFarmerName, 1)), load(sysexec(com.leekwars.generator.FightFunctions.getFarmerName, -1)), load(sysexec(com.leekwars.generator.FightFunctions.getTeamID, new Object[] { null })), load(sysexec(com.leekwars.generator.FightFunctions.getTeamID, 1)), load(sysexec(com.leekwars.generator.FightFunctions.getTeamID, -1)), load(sysexec(com.leekwars.generator.FightFunctions.getFarmerID, new Object[] { null })), load(sysexec(com.leekwars.generator.FightFunctions.getFarmerID, 1)), load(sysexec(com.leekwars.generator.FightFunctions.getFarmerID, -1)), load(sysexec(com.leekwars.generator.FightFunctions.getAIName, new Object[] { null })), load(sysexec(com.leekwars.generator.FightFunctions.getAIName, 1)), load(sysexec(com.leekwars.generator.FightFunctions.getAIName, -1)), load(sysexec(com.leekwars.generator.FightFunctions.getAIID, -1)) }, false), 24);
                                                                                                                                                                                                                                                                                                                                                                                                                                                                                                                                                                                                                                                                                                                                                                                                                                                                                                                                                                                                                                                                                                                                                                                                                                                                                                                                                                                                                                                                                                                                                                                                                                                                                                                                                                                                                                                                                                                                                                                                                                                                                                                                                                                                                                                                                                                                                                                      ^
AI_10.java:12: error: package com.leekwars.generator does not exist
return ops(new ArrayLeekValue(AI_10.this, new Object[] { load(sysexec(com.leekwars.generator.FightFunctions.getForce, new Object[] { null })), load(sysexec(com.leekwars.generator.FightFunctions.getForce, 1)), load(sysexec(com.leekwars.generator.FightFunctions.getForce, -1)), load(sysexec(com.leekwars.generator.FightFunctions.getAgility, new Object[] { null })), load(sysexec(com.leekwars.generator.FightFunctions.getAgility, 1)), load(sysexec(com.leekwars.generator.FightFunctions.getAgility, -1)), load(sysexec(com.leekwars.generator.FightFunctions.getLife, new Object[] { null })), load(sysexec(com.leekwars.generator.FightFunctions.getLife, 1)), load(sysexec(com.leekwars.generator.FightFunctions.getLife, -1)), load(sysexec(com.leekwars.generator.FightFunctions.getCell, new Object[] { null })), load(sysexec(com.leekwars.generator.FightFunctions.getCell, 1)), load(sysexec(com.leekwars.generator.FightFunctions.getCell, -1)), load(sysexec(com.leekwars.generator.FightFunctions.getWeapon, new Object[] { null })), load(sysexec(com.leekwars.generator.FightFunctions.getWeapon, 1)), load(sysexec(com.leekwars.generator.FightFunctions.getWeapon, -1)), load(sysexec(com.leekwars.generator.FightFunctions.getMP, new Object[] { null })), load(sysexec(com.leekwars.generator.FightFunctions.getMP, 1)), load(sysexec(com.leekwars.generator.FightFunctions.getMP, -1)), load(sysexec(com.leekwars.generator.FightFunctions.getTP, new Object[] { null })), load(sysexec(com.leekwars.generator.FightFunctions.getTP, 1)), load(sysexec(com.leekwars.generator.FightFunctions.getTP, -1)), load(sysexec(com.leekwars.generator.FightFunctions.getTotalLife, new Object[] { null })), load(sysexec(com.leekwars.generator.FightFunctions.getTotalLife, 1)), load(sysexec(com.leekwars.generator.FightFunctions.getTotalLife, -1)), load(sysexec(com.leekwars.generator.FightFunctions.isEnemy, 0)), load(sysexec(com.leekwars.generator.FightFunctions.isEnemy, 1)), load(sysexec(com.leekwars.generator.FightFunctions.isEnemy, -1)), load(sysexec(com.leekwars.generator.FightFunctions.isAlly, 0)), load(sysexec(com.leekwars.generator.FightFunctions.isAlly, 1)), load(sysexec(com.leekwars.generator.FightFunctions.isAlly, -1)), load(sysexec(com.leekwars.generator.FightFunctions.isDead, 0)), load(sysexec(com.leekwars.generator.FightFunctions.isDead, 1)), load(sysexec(com.leekwars.generator.FightFunctions.isDead, -1)), load(sysexec(com.leekwars.generator.FightFunctions.isAlive, 0)), load(sysexec(com.leekwars.generator.FightFunctions.isAlive, 1)), load(sysexec(com.leekwars.generator.FightFunctions.isAlive, -1)), load(sysexec(com.leekwars.generator.FightFunctions.getLeek)), load(sysexec(LeekFunctions.string, load(sysexec(com.leekwars.generator.FightFunctions.getChips, new Object[] { null })))), load(sysexec(LeekFunctions.string, load(sysexec(com.leekwars.generator.FightFunctions.getChips, 1)))), load(sysexec(com.leekwars.generator.FightFunctions.getChips, -1)), load(sysexec(com.leekwars.generator.FightFunctions.getAbsoluteShield, new Object[] { null })), load(sysexec(com.leekwars.generator.FightFunctions.getAbsoluteShield, 1)), load(sysexec(com.leekwars.generator.FightFunctions.getAbsoluteShield, -1)), load(sysexec(com.leekwars.generator.FightFunctions.getRelativeShield, new Object[] { null })), load(sysexec(com.leekwars.generator.FightFunctions.getRelativeShield, 1)), load(sysexec(com.leekwars.generator.FightFunctions.getRelativeShield, -1)), load(sysexec(com.leekwars.generator.FightFunctions.getLevel, new Object[] { null })), load(sysexec(com.leekwars.generator.FightFunctions.getLevel, 1)), load(sysexec(com.leekwars.generator.FightFunctions.getLevel, -1)), load(sysexec(com.leekwars.generator.FightFunctions.getFrequency, new Object[] { null })), load(sysexec(com.leekwars.generator.FightFunctions.getFrequency, 1)), load(sysexec(com.leekwars.generator.FightFunctions.getFrequency, -1)), load(sysexec(com.leekwars.generator.FightFunctions.getLeekID, new Object[] { null })), load(sysexec(com.leekwars.generator.FightFunctions.getLeekID, 1)), load(sysexec(com.leekwars.generator.FightFunctions.getLeekID, -1)), load(sysexec(com.leekwars.generator.FightFunctions.getTeamName, new Object[] { null })), load(sysexec(com.leekwars.generator.FightFunctions.getTeamName, 1)), load(sysexec(com.leekwars.generator.FightFunctions.getTeamName, -1)), load(sysexec(com.leekwars.generator.FightFunctions.getFarmerName, new Object[] { null })), load(sysexec(com.leekwars.generator.FightFunctions.getFarmerName, 1)), load(sysexec(com.leekwars.generator.FightFunctions.getFarmerName, -1)), load(sysexec(com.leekwars.generator.FightFunctions.getTeamID, new Object[] { null })), load(sysexec(com.leekwars.generator.FightFunctions.getTeamID, 1)), load(sysexec(com.leekwars.generator.FightFunctions.getTeamID, -1)), load(sysexec(com.leekwars.generator.FightFunctions.getFarmerID, new Object[] { null })), load(sysexec(com.leekwars.generator.FightFunctions.getFarmerID, 1)), load(sysexec(com.leekwars.generator.FightFunctions.getFarmerID, -1)), load(sysexec(com.leekwars.generator.FightFunctions.getAIName, new Object[] { null })), load(sysexec(com.leekwars.generator.FightFunctions.getAIName, 1)), load(sysexec(com.leekwars.generator.FightFunctions.getAIName, -1)), load(sysexec(com.leekwars.generator.FightFunctions.getAIID, -1)) }, false), 24);
                                                                                                                                                                                                                                                                                                                                                                                                                                                                                                                                                                                                                                                                                                                                                                                                                                                                                                                                                                                                                                                                                                                                                                                                                                                                                                                                                                                                                                                                                                                                                                                                                                                                                                                                                                                                                                                                                                                                                                                                                                                                                                                                                                                                                                                                                                                                                                                                                                                      ^
AI_10.java:12: error: package com.leekwars.generator does not exist
return ops(new ArrayLeekValue(AI_10.this, new Object[] { load(sysexec(com.leekwars.generator.FightFunctions.getForce, new Object[] { null })), load(sysexec(com.leekwars.generator.FightFunctions.getForce, 1)), load(sysexec(com.leekwars.generator.FightFunctions.getForce, -1)), load(sysexec(com.leekwars.generator.FightFunctions.getAgility, new Object[] { null })), load(sysexec(com.leekwars.generator.FightFunctions.getAgility, 1)), load(sysexec(com.leekwars.generator.FightFunctions.getAgility, -1)), load(sysexec(com.leekwars.generator.FightFunctions.getLife, new Object[] { null })), load(sysexec(com.leekwars.generator.FightFunctions.getLife, 1)), load(sysexec(com.leekwars.generator.FightFunctions.getLife, -1)), load(sysexec(com.leekwars.generator.FightFunctions.getCell, new Object[] { null })), load(sysexec(com.leekwars.generator.FightFunctions.getCell, 1)), load(sysexec(com.leekwars.generator.FightFunctions.getCell, -1)), load(sysexec(com.leekwars.generator.FightFunctions.getWeapon, new Object[] { null })), load(sysexec(com.leekwars.generator.FightFunctions.getWeapon, 1)), load(sysexec(com.leekwars.generator.FightFunctions.getWeapon, -1)), load(sysexec(com.leekwars.generator.FightFunctions.getMP, new Object[] { null })), load(sysexec(com.leekwars.generator.FightFunctions.getMP, 1)), load(sysexec(com.leekwars.generator.FightFunctions.getMP, -1)), load(sysexec(com.leekwars.generator.FightFunctions.getTP, new Object[] { null })), load(sysexec(com.leekwars.generator.FightFunctions.getTP, 1)), load(sysexec(com.leekwars.generator.FightFunctions.getTP, -1)), load(sysexec(com.leekwars.generator.FightFunctions.getTotalLife, new Object[] { null })), load(sysexec(com.leekwars.generator.FightFunctions.getTotalLife, 1)), load(sysexec(com.leekwars.generator.FightFunctions.getTotalLife, -1)), load(sysexec(com.leekwars.generator.FightFunctions.isEnemy, 0)), load(sysexec(com.leekwars.generator.FightFunctions.isEnemy, 1)), load(sysexec(com.leekwars.generator.FightFunctions.isEnemy, -1)), load(sysexec(com.leekwars.generator.FightFunctions.isAlly, 0)), load(sysexec(com.leekwars.generator.FightFunctions.isAlly, 1)), load(sysexec(com.leekwars.generator.FightFunctions.isAlly, -1)), load(sysexec(com.leekwars.generator.FightFunctions.isDead, 0)), load(sysexec(com.leekwars.generator.FightFunctions.isDead, 1)), load(sysexec(com.leekwars.generator.FightFunctions.isDead, -1)), load(sysexec(com.leekwars.generator.FightFunctions.isAlive, 0)), load(sysexec(com.leekwars.generator.FightFunctions.isAlive, 1)), load(sysexec(com.leekwars.generator.FightFunctions.isAlive, -1)), load(sysexec(com.leekwars.generator.FightFunctions.getLeek)), load(sysexec(LeekFunctions.string, load(sysexec(com.leekwars.generator.FightFunctions.getChips, new Object[] { null })))), load(sysexec(LeekFunctions.string, load(sysexec(com.leekwars.generator.FightFunctions.getChips, 1)))), load(sysexec(com.leekwars.generator.FightFunctions.getChips, -1)), load(sysexec(com.leekwars.generator.FightFunctions.getAbsoluteShield, new Object[] { null })), load(sysexec(com.leekwars.generator.FightFunctions.getAbsoluteShield, 1)), load(sysexec(com.leekwars.generator.FightFunctions.getAbsoluteShield, -1)), load(sysexec(com.leekwars.generator.FightFunctions.getRelativeShield, new Object[] { null })), load(sysexec(com.leekwars.generator.FightFunctions.getRelativeShield, 1)), load(sysexec(com.leekwars.generator.FightFunctions.getRelativeShield, -1)), load(sysexec(com.leekwars.generator.FightFunctions.getLevel, new Object[] { null })), load(sysexec(com.leekwars.generator.FightFunctions.getLevel, 1)), load(sysexec(com.leekwars.generator.FightFunctions.getLevel, -1)), load(sysexec(com.leekwars.generator.FightFunctions.getFrequency, new Object[] { null })), load(sysexec(com.leekwars.generator.FightFunctions.getFrequency, 1)), load(sysexec(com.leekwars.generator.FightFunctions.getFrequency, -1)), load(sysexec(com.leekwars.generator.FightFunctions.getLeekID, new Object[] { null })), load(sysexec(com.leekwars.generator.FightFunctions.getLeekID, 1)), load(sysexec(com.leekwars.generator.FightFunctions.getLeekID, -1)), load(sysexec(com.leekwars.generator.FightFunctions.getTeamName, new Object[] { null })), load(sysexec(com.leekwars.generator.FightFunctions.getTeamName, 1)), load(sysexec(com.leekwars.generator.FightFunctions.getTeamName, -1)), load(sysexec(com.leekwars.generator.FightFunctions.getFarmerName, new Object[] { null })), load(sysexec(com.leekwars.generator.FightFunctions.getFarmerName, 1)), load(sysexec(com.leekwars.generator.FightFunctions.getFarmerName, -1)), load(sysexec(com.leekwars.generator.FightFunctions.getTeamID, new Object[] { null })), load(sysexec(com.leekwars.generator.FightFunctions.getTeamID, 1)), load(sysexec(com.leekwars.generator.FightFunctions.getTeamID, -1)), load(sysexec(com.leekwars.generator.FightFunctions.getFarmerID, new Object[] { null })), load(sysexec(com.leekwars.generator.FightFunctions.getFarmerID, 1)), load(sysexec(com.leekwars.generator.FightFunctions.getFarmerID, -1)), load(sysexec(com.leekwars.generator.FightFunctions.getAIName, new Object[] { null })), load(sysexec(com.leekwars.generator.FightFunctions.getAIName, 1)), load(sysexec(com.leekwars.generator.FightFunctions.getAIName, -1)), load(sysexec(com.leekwars.generator.FightFunctions.getAIID, -1)) }, false), 24);
                                                                                                                                                                                                                                                                                                                                                                                                                                                                                                                                                                                                                                                                                                                                                                                                                                                                                                                                                                                                                                                                                                                                                                                                                                                                                                                                                                                                                                                                                                                                                                                                                                                                                                                                                                                                                                                                                                                                                                                                                                                                                                                                                                                                                                                                                                                                                                                                                                                                                                                       ^
AI_10.java:12: error: package com.leekwars.generator does not exist
return ops(new ArrayLeekValue(AI_10.this, new Object[] { load(sysexec(com.leekwars.generator.FightFunctions.getForce, new Object[] { null })), load(sysexec(com.leekwars.generator.FightFunctions.getForce, 1)), load(sysexec(com.leekwars.generator.FightFunctions.getForce, -1)), load(sysexec(com.leekwars.generator.FightFunctions.getAgility, new Object[] { null })), load(sysexec(com.leekwars.generator.FightFunctions.getAgility, 1)), load(sysexec(com.leekwars.generator.FightFunctions.getAgility, -1)), load(sysexec(com.leekwars.generator.FightFunctions.getLife, new Object[] { null })), load(sysexec(com.leekwars.generator.FightFunctions.getLife, 1)), load(sysexec(com.leekwars.generator.FightFunctions.getLife, -1)), load(sysexec(com.leekwars.generator.FightFunctions.getCell, new Object[] { null })), load(sysexec(com.leekwars.generator.FightFunctions.getCell, 1)), load(sysexec(com.leekwars.generator.FightFunctions.getCell, -1)), load(sysexec(com.leekwars.generator.FightFunctions.getWeapon, new Object[] { null })), load(sysexec(com.leekwars.generator.FightFunctions.getWeapon, 1)), load(sysexec(com.leekwars.generator.FightFunctions.getWeapon, -1)), load(sysexec(com.leekwars.generator.FightFunctions.getMP, new Object[] { null })), load(sysexec(com.leekwars.generator.FightFunctions.getMP, 1)), load(sysexec(com.leekwars.generator.FightFunctions.getMP, -1)), load(sysexec(com.leekwars.generator.FightFunctions.getTP, new Object[] { null })), load(sysexec(com.leekwars.generator.FightFunctions.getTP, 1)), load(sysexec(com.leekwars.generator.FightFunctions.getTP, -1)), load(sysexec(com.leekwars.generator.FightFunctions.getTotalLife, new Object[] { null })), load(sysexec(com.leekwars.generator.FightFunctions.getTotalLife, 1)), load(sysexec(com.leekwars.generator.FightFunctions.getTotalLife, -1)), load(sysexec(com.leekwars.generator.FightFunctions.isEnemy, 0)), load(sysexec(com.leekwars.generator.FightFunctions.isEnemy, 1)), load(sysexec(com.leekwars.generator.FightFunctions.isEnemy, -1)), load(sysexec(com.leekwars.generator.FightFunctions.isAlly, 0)), load(sysexec(com.leekwars.generator.FightFunctions.isAlly, 1)), load(sysexec(com.leekwars.generator.FightFunctions.isAlly, -1)), load(sysexec(com.leekwars.generator.FightFunctions.isDead, 0)), load(sysexec(com.leekwars.generator.FightFunctions.isDead, 1)), load(sysexec(com.leekwars.generator.FightFunctions.isDead, -1)), load(sysexec(com.leekwars.generator.FightFunctions.isAlive, 0)), load(sysexec(com.leekwars.generator.FightFunctions.isAlive, 1)), load(sysexec(com.leekwars.generator.FightFunctions.isAlive, -1)), load(sysexec(com.leekwars.generator.FightFunctions.getLeek)), load(sysexec(LeekFunctions.string, load(sysexec(com.leekwars.generator.FightFunctions.getChips, new Object[] { null })))), load(sysexec(LeekFunctions.string, load(sysexec(com.leekwars.generator.FightFunctions.getChips, 1)))), load(sysexec(com.leekwars.generator.FightFunctions.getChips, -1)), load(sysexec(com.leekwars.generator.FightFunctions.getAbsoluteShield, new Object[] { null })), load(sysexec(com.leekwars.generator.FightFunctions.getAbsoluteShield, 1)), load(sysexec(com.leekwars.generator.FightFunctions.getAbsoluteShield, -1)), load(sysexec(com.leekwars.generator.FightFunctions.getRelativeShield, new Object[] { null })), load(sysexec(com.leekwars.generator.FightFunctions.getRelativeShield, 1)), load(sysexec(com.leekwars.generator.FightFunctions.getRelativeShield, -1)), load(sysexec(com.leekwars.generator.FightFunctions.getLevel, new Object[] { null })), load(sysexec(com.leekwars.generator.FightFunctions.getLevel, 1)), load(sysexec(com.leekwars.generator.FightFunctions.getLevel, -1)), load(sysexec(com.leekwars.generator.FightFunctions.getFrequency, new Object[] { null })), load(sysexec(com.leekwars.generator.FightFunctions.getFrequency, 1)), load(sysexec(com.leekwars.generator.FightFunctions.getFrequency, -1)), load(sysexec(com.leekwars.generator.FightFunctions.getLeekID, new Object[] { null })), load(sysexec(com.leekwars.generator.FightFunctions.getLeekID, 1)), load(sysexec(com.leekwars.generator.FightFunctions.getLeekID, -1)), load(sysexec(com.leekwars.generator.FightFunctions.getTeamName, new Object[] { null })), load(sysexec(com.leekwars.generator.FightFunctions.getTeamName, 1)), load(sysexec(com.leekwars.generator.FightFunctions.getTeamName, -1)), load(sysexec(com.leekwars.generator.FightFunctions.getFarmerName, new Object[] { null })), load(sysexec(com.leekwars.generator.FightFunctions.getFarmerName, 1)), load(sysexec(com.leekwars.generator.FightFunctions.getFarmerName, -1)), load(sysexec(com.leekwars.generator.FightFunctions.getTeamID, new Object[] { null })), load(sysexec(com.leekwars.generator.FightFunctions.getTeamID, 1)), load(sysexec(com.leekwars.generator.FightFunctions.getTeamID, -1)), load(sysexec(com.leekwars.generator.FightFunctions.getFarmerID, new Object[] { null })), load(sysexec(com.leekwars.generator.FightFunctions.getFarmerID, 1)), load(sysexec(com.leekwars.generator.FightFunctions.getFarmerID, -1)), load(sysexec(com.leekwars.generator.FightFunctions.getAIName, new Object[] { null })), load(sysexec(com.leekwars.generator.FightFunctions.getAIName, 1)), load(sysexec(com.leekwars.generator.FightFunctions.getAIName, -1)), load(sysexec(com.leekwars.generator.FightFunctions.getAIID, -1)) }, false), 24);
                                                                                                                                                                                                                                                                                                                                                                                                                                                                                                                                                                                                                                                                                                                                                                                                                                                                                                                                                                                                                                                                                                                                                                                                                                                                                                                                                                                                                                                                                                                                                                                                                                                                                                                                                                                                                                                                                                                                                                                                                                                                                                                                                                                                                                                                                                                                                                                                                                                                                                                                                                                        ^
AI_10.java:12: error: package com.leekwars.generator does not exist
return ops(new ArrayLeekValue(AI_10.this, new Object[] { load(sysexec(com.leekwars.generator.FightFunctions.getForce, new Object[] { null })), load(sysexec(com.leekwars.generator.FightFunctions.getForce, 1)), load(sysexec(com.leekwars.generator.FightFunctions.getForce, -1)), load(sysexec(com.leekwars.generator.FightFunctions.getAgility, new Object[] { null })), load(sysexec(com.leekwars.generator.FightFunctions.getAgility, 1)), load(sysexec(com.leekwars.generator.FightFunctions.getAgility, -1)), load(sysexec(com.leekwars.generator.FightFunctions.getLife, new Object[] { null })), load(sysexec(com.leekwars.generator.FightFunctions.getLife, 1)), load(sysexec(com.leekwars.generator.FightFunctions.getLife, -1)), load(sysexec(com.leekwars.generator.FightFunctions.getCell, new Object[] { null })), load(sysexec(com.leekwars.generator.FightFunctions.getCell, 1)), load(sysexec(com.leekwars.generator.FightFunctions.getCell, -1)), load(sysexec(com.leekwars.generator.FightFunctions.getWeapon, new Object[] { null })), load(sysexec(com.leekwars.generator.FightFunctions.getWeapon, 1)), load(sysexec(com.leekwars.generator.FightFunctions.getWeapon, -1)), load(sysexec(com.leekwars.generator.FightFunctions.getMP, new Object[] { null })), load(sysexec(com.leekwars.generator.FightFunctions.getMP, 1)), load(sysexec(com.leekwars.generator.FightFunctions.getMP, -1)), load(sysexec(com.leekwars.generator.FightFunctions.getTP, new Object[] { null })), load(sysexec(com.leekwars.generator.FightFunctions.getTP, 1)), load(sysexec(com.leekwars.generator.FightFunctions.getTP, -1)), load(sysexec(com.leekwars.generator.FightFunctions.getTotalLife, new Object[] { null })), load(sysexec(com.leekwars.generator.FightFunctions.getTotalLife, 1)), load(sysexec(com.leekwars.generator.FightFunctions.getTotalLife, -1)), load(sysexec(com.leekwars.generator.FightFunctions.isEnemy, 0)), load(sysexec(com.leekwars.generator.FightFunctions.isEnemy, 1)), load(sysexec(com.leekwars.generator.FightFunctions.isEnemy, -1)), load(sysexec(com.leekwars.generator.FightFunctions.isAlly, 0)), load(sysexec(com.leekwars.generator.FightFunctions.isAlly, 1)), load(sysexec(com.leekwars.generator.FightFunctions.isAlly, -1)), load(sysexec(com.leekwars.generator.FightFunctions.isDead, 0)), load(sysexec(com.leekwars.generator.FightFunctions.isDead, 1)), load(sysexec(com.leekwars.generator.FightFunctions.isDead, -1)), load(sysexec(com.leekwars.generator.FightFunctions.isAlive, 0)), load(sysexec(com.leekwars.generator.FightFunctions.isAlive, 1)), load(sysexec(com.leekwars.generator.FightFunctions.isAlive, -1)), load(sysexec(com.leekwars.generator.FightFunctions.getLeek)), load(sysexec(LeekFunctions.string, load(sysexec(com.leekwars.generator.FightFunctions.getChips, new Object[] { null })))), load(sysexec(LeekFunctions.string, load(sysexec(com.leekwars.generator.FightFunctions.getChips, 1)))), load(sysexec(com.leekwars.generator.FightFunctions.getChips, -1)), load(sysexec(com.leekwars.generator.FightFunctions.getAbsoluteShield, new Object[] { null })), load(sysexec(com.leekwars.generator.FightFunctions.getAbsoluteShield, 1)), load(sysexec(com.leekwars.generator.FightFunctions.getAbsoluteShield, -1)), load(sysexec(com.leekwars.generator.FightFunctions.getRelativeShield, new Object[] { null })), load(sysexec(com.leekwars.generator.FightFunctions.getRelativeShield, 1)), load(sysexec(com.leekwars.generator.FightFunctions.getRelativeShield, -1)), load(sysexec(com.leekwars.generator.FightFunctions.getLevel, new Object[] { null })), load(sysexec(com.leekwars.generator.FightFunctions.getLevel, 1)), load(sysexec(com.leekwars.generator.FightFunctions.getLevel, -1)), load(sysexec(com.leekwars.generator.FightFunctions.getFrequency, new Object[] { null })), load(sysexec(com.leekwars.generator.FightFunctions.getFrequency, 1)), load(sysexec(com.leekwars.generator.FightFunctions.getFrequency, -1)), load(sysexec(com.leekwars.generator.FightFunctions.getLeekID, new Object[] { null })), load(sysexec(com.leekwars.generator.FightFunctions.getLeekID, 1)), load(sysexec(com.leekwars.generator.FightFunctions.getLeekID, -1)), load(sysexec(com.leekwars.generator.FightFunctions.getTeamName, new Object[] { null })), load(sysexec(com.leekwars.generator.FightFunctions.getTeamName, 1)), load(sysexec(com.leekwars.generator.FightFunctions.getTeamName, -1)), load(sysexec(com.leekwars.generator.FightFunctions.getFarmerName, new Object[] { null })), load(sysexec(com.leekwars.generator.FightFunctions.getFarmerName, 1)), load(sysexec(com.leekwars.generator.FightFunctions.getFarmerName, -1)), load(sysexec(com.leekwars.generator.FightFunctions.getTeamID, new Object[] { null })), load(sysexec(com.leekwars.generator.FightFunctions.getTeamID, 1)), load(sysexec(com.leekwars.generator.FightFunctions.getTeamID, -1)), load(sysexec(com.leekwars.generator.FightFunctions.getFarmerID, new Object[] { null })), load(sysexec(com.leekwars.generator.FightFunctions.getFarmerID, 1)), load(sysexec(com.leekwars.generator.FightFunctions.getFarmerID, -1)), load(sysexec(com.leekwars.generator.FightFunctions.getAIName, new Object[] { null })), load(sysexec(com.leekwars.generator.FightFunctions.getAIName, 1)), load(sysexec(com.leekwars.generator.FightFunctions.getAIName, -1)), load(sysexec(com.leekwars.generator.FightFunctions.getAIID, -1)) }, false), 24);
                                                                                                                                                                                                                                                                                                                                                                                                                                                                                                                                                                                                                                                                                                                                                                                                                                                                                                                                                                                                                                                                                                                                                                                                                                                                                                                                                                                                                                                                                                                                                                                                                                                                                                                                                                                                                                                                                                                                                                                                                                                                                                                                                                                                                                                                                                                                                                                                                                                                                                                                                                                                                                                         ^
AI_10.java:12: error: package com.leekwars.generator does not exist
return ops(new ArrayLeekValue(AI_10.this, new Object[] { load(sysexec(com.leekwars.generator.FightFunctions.getForce, new Object[] { null })), load(sysexec(com.leekwars.generator.FightFunctions.getForce, 1)), load(sysexec(com.leekwars.generator.FightFunctions.getForce, -1)), load(sysexec(com.leekwars.generator.FightFunctions.getAgility, new Object[] { null })), load(sysexec(com.leekwars.generator.FightFunctions.getAgility, 1)), load(sysexec(com.leekwars.generator.FightFunctions.getAgility, -1)), load(sysexec(com.leekwars.generator.FightFunctions.getLife, new Object[] { null })), load(sysexec(com.leekwars.generator.FightFunctions.getLife, 1)), load(sysexec(com.leekwars.generator.FightFunctions.getLife, -1)), load(sysexec(com.leekwars.generator.FightFunctions.getCell, new Object[] { null })), load(sysexec(com.leekwars.generator.FightFunctions.getCell, 1)), load(sysexec(com.leekwars.generator.FightFunctions.getCell, -1)), load(sysexec(com.leekwars.generator.FightFunctions.getWeapon, new Object[] { null })), load(sysexec(com.leekwars.generator.FightFunctions.getWeapon, 1)), load(sysexec(com.leekwars.generator.FightFunctions.getWeapon, -1)), load(sysexec(com.leekwars.generator.FightFunctions.getMP, new Object[] { null })), load(sysexec(com.leekwars.generator.FightFunctions.getMP, 1)), load(sysexec(com.leekwars.generator.FightFunctions.getMP, -1)), load(sysexec(com.leekwars.generator.FightFunctions.getTP, new Object[] { null })), load(sysexec(com.leekwars.generator.FightFunctions.getTP, 1)), load(sysexec(com.leekwars.generator.FightFunctions.getTP, -1)), load(sysexec(com.leekwars.generator.FightFunctions.getTotalLife, new Object[] { null })), load(sysexec(com.leekwars.generator.FightFunctions.getTotalLife, 1)), load(sysexec(com.leekwars.generator.FightFunctions.getTotalLife, -1)), load(sysexec(com.leekwars.generator.FightFunctions.isEnemy, 0)), load(sysexec(com.leekwars.generator.FightFunctions.isEnemy, 1)), load(sysexec(com.leekwars.generator.FightFunctions.isEnemy, -1)), load(sysexec(com.leekwars.generator.FightFunctions.isAlly, 0)), load(sysexec(com.leekwars.generator.FightFunctions.isAlly, 1)), load(sysexec(com.leekwars.generator.FightFunctions.isAlly, -1)), load(sysexec(com.leekwars.generator.FightFunctions.isDead, 0)), load(sysexec(com.leekwars.generator.FightFunctions.isDead, 1)), load(sysexec(com.leekwars.generator.FightFunctions.isDead, -1)), load(sysexec(com.leekwars.generator.FightFunctions.isAlive, 0)), load(sysexec(com.leekwars.generator.FightFunctions.isAlive, 1)), load(sysexec(com.leekwars.generator.FightFunctions.isAlive, -1)), load(sysexec(com.leekwars.generator.FightFunctions.getLeek)), load(sysexec(LeekFunctions.string, load(sysexec(com.leekwars.generator.FightFunctions.getChips, new Object[] { null })))), load(sysexec(LeekFunctions.string, load(sysexec(com.leekwars.generator.FightFunctions.getChips, 1)))), load(sysexec(com.leekwars.generator.FightFunctions.getChips, -1)), load(sysexec(com.leekwars.generator.FightFunctions.getAbsoluteShield, new Object[] { null })), load(sysexec(com.leekwars.generator.FightFunctions.getAbsoluteShield, 1)), load(sysexec(com.leekwars.generator.FightFunctions.getAbsoluteShield, -1)), load(sysexec(com.leekwars.generator.FightFunctions.getRelativeShield, new Object[] { null })), load(sysexec(com.leekwars.generator.FightFunctions.getRelativeShield, 1)), load(sysexec(com.leekwars.generator.FightFunctions.getRelativeShield, -1)), load(sysexec(com.leekwars.generator.FightFunctions.getLevel, new Object[] { null })), load(sysexec(com.leekwars.generator.FightFunctions.getLevel, 1)), load(sysexec(com.leekwars.generator.FightFunctions.getLevel, -1)), load(sysexec(com.leekwars.generator.FightFunctions.getFrequency, new Object[] { null })), load(sysexec(com.leekwars.generator.FightFunctions.getFrequency, 1)), load(sysexec(com.leekwars.generator.FightFunctions.getFrequency, -1)), load(sysexec(com.leekwars.generator.FightFunctions.getLeekID, new Object[] { null })), load(sysexec(com.leekwars.generator.FightFunctions.getLeekID, 1)), load(sysexec(com.leekwars.generator.FightFunctions.getLeekID, -1)), load(sysexec(com.leekwars.generator.FightFunctions.getTeamName, new Object[] { null })), load(sysexec(com.leekwars.generator.FightFunctions.getTeamName, 1)), load(sysexec(com.leekwars.generator.FightFunctions.getTeamName, -1)), load(sysexec(com.leekwars.generator.FightFunctions.getFarmerName, new Object[] { null })), load(sysexec(com.leekwars.generator.FightFunctions.getFarmerName, 1)), load(sysexec(com.leekwars.generator.FightFunctions.getFarmerName, -1)), load(sysexec(com.leekwars.generator.FightFunctions.getTeamID, new Object[] { null })), load(sysexec(com.leekwars.generator.FightFunctions.getTeamID, 1)), load(sysexec(com.leekwars.generator.FightFunctions.getTeamID, -1)), load(sysexec(com.leekwars.generator.FightFunctions.getFarmerID, new Object[] { null })), load(sysexec(com.leekwars.generator.FightFunctions.getFarmerID, 1)), load(sysexec(com.leekwars.generator.FightFunctions.getFarmerID, -1)), load(sysexec(com.leekwars.generator.FightFunctions.getAIName, new Object[] { null })), load(sysexec(com.leekwars.generator.FightFunctions.getAIName, 1)), load(sysexec(com.leekwars.generator.FightFunctions.getAIName, -1)), load(sysexec(com.leekwars.generator.FightFunctions.getAIID, -1)) }, false), 24);
                                                                                                                                                                                                                                                                                                                                                                                                                                                                                                                                                                                                                                                                                                                                                                                                                                                                                                                                                                                                                                                                                                                                                                                                                                                                                                                                                                                                                                                                                                                                                                                                                                                                                                                                                                                                                                                                                                                                                                                                                                                                                                                                                                                                                                                                                                                                                                                                                                                                                                                                                                                                                                                                                                                           ^
AI_10.java:12: error: package com.leekwars.generator does not exist
return ops(new ArrayLeekValue(AI_10.this, new Object[] { load(sysexec(com.leekwars.generator.FightFunctions.getForce, new Object[] { null })), load(sysexec(com.leekwars.generator.FightFunctions.getForce, 1)), load(sysexec(com.leekwars.generator.FightFunctions.getForce, -1)), load(sysexec(com.leekwars.generator.FightFunctions.getAgility, new Object[] { null })), load(sysexec(com.leekwars.generator.FightFunctions.getAgility, 1)), load(sysexec(com.leekwars.generator.FightFunctions.getAgility, -1)), load(sysexec(com.leekwars.generator.FightFunctions.getLife, new Object[] { null })), load(sysexec(com.leekwars.generator.FightFunctions.getLife, 1)), load(sysexec(com.leekwars.generator.FightFunctions.getLife, -1)), load(sysexec(com.leekwars.generator.FightFunctions.getCell, new Object[] { null })), load(sysexec(com.leekwars.generator.FightFunctions.getCell, 1)), load(sysexec(com.leekwars.generator.FightFunctions.getCell, -1)), load(sysexec(com.leekwars.generator.FightFunctions.getWeapon, new Object[] { null })), load(sysexec(com.leekwars.generator.FightFunctions.getWeapon, 1)), load(sysexec(com.leekwars.generator.FightFunctions.getWeapon, -1)), load(sysexec(com.leekwars.generator.FightFunctions.getMP, new Object[] { null })), load(sysexec(com.leekwars.generator.FightFunctions.getMP, 1)), load(sysexec(com.leekwars.generator.FightFunctions.getMP, -1)), load(sysexec(com.leekwars.generator.FightFunctions.getTP, new Object[] { null })), load(sysexec(com.leekwars.generator.FightFunctions.getTP, 1)), load(sysexec(com.leekwars.generator.FightFunctions.getTP, -1)), load(sysexec(com.leekwars.generator.FightFunctions.getTotalLife, new Object[] { null })), load(sysexec(com.leekwars.generator.FightFunctions.getTotalLife, 1)), load(sysexec(com.leekwars.generator.FightFunctions.getTotalLife, -1)), load(sysexec(com.leekwars.generator.FightFunctions.isEnemy, 0)), load(sysexec(com.leekwars.generator.FightFunctions.isEnemy, 1)), load(sysexec(com.leekwars.generator.FightFunctions.isEnemy, -1)), load(sysexec(com.leekwars.generator.FightFunctions.isAlly, 0)), load(sysexec(com.leekwars.generator.FightFunctions.isAlly, 1)), load(sysexec(com.leekwars.generator.FightFunctions.isAlly, -1)), load(sysexec(com.leekwars.generator.FightFunctions.isDead, 0)), load(sysexec(com.leekwars.generator.FightFunctions.isDead, 1)), load(sysexec(com.leekwars.generator.FightFunctions.isDead, -1)), load(sysexec(com.leekwars.generator.FightFunctions.isAlive, 0)), load(sysexec(com.leekwars.generator.FightFunctions.isAlive, 1)), load(sysexec(com.leekwars.generator.FightFunctions.isAlive, -1)), load(sysexec(com.leekwars.generator.FightFunctions.getLeek)), load(sysexec(LeekFunctions.string, load(sysexec(com.leekwars.generator.FightFunctions.getChips, new Object[] { null })))), load(sysexec(LeekFunctions.string, load(sysexec(com.leekwars.generator.FightFunctions.getChips, 1)))), load(sysexec(com.leekwars.generator.FightFunctions.getChips, -1)), load(sysexec(com.leekwars.generator.FightFunctions.getAbsoluteShield, new Object[] { null })), load(sysexec(com.leekwars.generator.FightFunctions.getAbsoluteShield, 1)), load(sysexec(com.leekwars.generator.FightFunctions.getAbsoluteShield, -1)), load(sysexec(com.leekwars.generator.FightFunctions.getRelativeShield, new Object[] { null })), load(sysexec(com.leekwars.generator.FightFunctions.getRelativeShield, 1)), load(sysexec(com.leekwars.generator.FightFunctions.getRelativeShield, -1)), load(sysexec(com.leekwars.generator.FightFunctions.getLevel, new Object[] { null })), load(sysexec(com.leekwars.generator.FightFunctions.getLevel, 1)), load(sysexec(com.leekwars.generator.FightFunctions.getLevel, -1)), load(sysexec(com.leekwars.generator.FightFunctions.getFrequency, new Object[] { null })), load(sysexec(com.leekwars.generator.FightFunctions.getFrequency, 1)), load(sysexec(com.leekwars.generator.FightFunctions.getFrequency, -1)), load(sysexec(com.leekwars.generator.FightFunctions.getLeekID, new Object[] { null })), load(sysexec(com.leekwars.generator.FightFunctions.getLeekID, 1)), load(sysexec(com.leekwars.generator.FightFunctions.getLeekID, -1)), load(sysexec(com.leekwars.generator.FightFunctions.getTeamName, new Object[] { null })), load(sysexec(com.leekwars.generator.FightFunctions.getTeamName, 1)), load(sysexec(com.leekwars.generator.FightFunctions.getTeamName, -1)), load(sysexec(com.leekwars.generator.FightFunctions.getFarmerName, new Object[] { null })), load(sysexec(com.leekwars.generator.FightFunctions.getFarmerName, 1)), load(sysexec(com.leekwars.generator.FightFunctions.getFarmerName, -1)), load(sysexec(com.leekwars.generator.FightFunctions.getTeamID, new Object[] { null })), load(sysexec(com.leekwars.generator.FightFunctions.getTeamID, 1)), load(sysexec(com.leekwars.generator.FightFunctions.getTeamID, -1)), load(sysexec(com.leekwars.generator.FightFunctions.getFarmerID, new Object[] { null })), load(sysexec(com.leekwars.generator.FightFunctions.getFarmerID, 1)), load(sysexec(com.leekwars.generator.FightFunctions.getFarmerID, -1)), load(sysexec(com.leekwars.generator.FightFunctions.getAIName, new Object[] { null })), load(sysexec(com.leekwars.generator.FightFunctions.getAIName, 1)), load(sysexec(com.leekwars.generator.FightFunctions.getAIName, -1)), load(sysexec(com.leekwars.generator.FightFunctions.getAIID, -1)) }, false), 24);
                                                                                                                                                                                                                                                                                                                                                                                                                                                                                                                                                                                                                                                                                                                                                                                                                                                                                                                                                                                                                                                                                                                                                                                                                                                                                                                                                                                                                                                                                                                                                                                                                                                                                                                                                                                                                                                                                                                                                                                                                                                                                                                                                                                                                                                                                                                                                                                                                                                                                                                                                                                                                                                                                                                                                                                                                            ^
AI_10.java:12: error: package com.leekwars.generator does not exist
return ops(new ArrayLeekValue(AI_10.this, new Object[] { load(sysexec(com.leekwars.generator.FightFunctions.getForce, new Object[] { null })), load(sysexec(com.leekwars.generator.FightFunctions.getForce, 1)), load(sysexec(com.leekwars.generator.FightFunctions.getForce, -1)), load(sysexec(com.leekwars.generator.FightFunctions.getAgility, new Object[] { null })), load(sysexec(com.leekwars.generator.FightFunctions.getAgility, 1)), load(sysexec(com.leekwars.generator.FightFunctions.getAgility, -1)), load(sysexec(com.leekwars.generator.FightFunctions.getLife, new Object[] { null })), load(sysexec(com.leekwars.generator.FightFunctions.getLife, 1)), load(sysexec(com.leekwars.generator.FightFunctions.getLife, -1)), load(sysexec(com.leekwars.generator.FightFunctions.getCell, new Object[] { null })), load(sysexec(com.leekwars.generator.FightFunctions.getCell, 1)), load(sysexec(com.leekwars.generator.FightFunctions.getCell, -1)), load(sysexec(com.leekwars.generator.FightFunctions.getWeapon, new Object[] { null })), load(sysexec(com.leekwars.generator.FightFunctions.getWeapon, 1)), load(sysexec(com.leekwars.generator.FightFunctions.getWeapon, -1)), load(sysexec(com.leekwars.generator.FightFunctions.getMP, new Object[] { null })), load(sysexec(com.leekwars.generator.FightFunctions.getMP, 1)), load(sysexec(com.leekwars.generator.FightFunctions.getMP, -1)), load(sysexec(com.leekwars.generator.FightFunctions.getTP, new Object[] { null })), load(sysexec(com.leekwars.generator.FightFunctions.getTP, 1)), load(sysexec(com.leekwars.generator.FightFunctions.getTP, -1)), load(sysexec(com.leekwars.generator.FightFunctions.getTotalLife, new Object[] { null })), load(sysexec(com.leekwars.generator.FightFunctions.getTotalLife, 1)), load(sysexec(com.leekwars.generator.FightFunctions.getTotalLife, -1)), load(sysexec(com.leekwars.generator.FightFunctions.isEnemy, 0)), load(sysexec(com.leekwars.generator.FightFunctions.isEnemy, 1)), load(sysexec(com.leekwars.generator.FightFunctions.isEnemy, -1)), load(sysexec(com.leekwars.generator.FightFunctions.isAlly, 0)), load(sysexec(com.leekwars.generator.FightFunctions.isAlly, 1)), load(sysexec(com.leekwars.generator.FightFunctions.isAlly, -1)), load(sysexec(com.leekwars.generator.FightFunctions.isDead, 0)), load(sysexec(com.leekwars.generator.FightFunctions.isDead, 1)), load(sysexec(com.leekwars.generator.FightFunctions.isDead, -1)), load(sysexec(com.leekwars.generator.FightFunctions.isAlive, 0)), load(sysexec(com.leekwars.generator.FightFunctions.isAlive, 1)), load(sysexec(com.leekwars.generator.FightFunctions.isAlive, -1)), load(sysexec(com.leekwars.generator.FightFunctions.getLeek)), load(sysexec(LeekFunctions.string, load(sysexec(com.leekwars.generator.FightFunctions.getChips, new Object[] { null })))), load(sysexec(LeekFunctions.string, load(sysexec(com.leekwars.generator.FightFunctions.getChips, 1)))), load(sysexec(com.leekwars.generator.FightFunctions.getChips, -1)), load(sysexec(com.leekwars.generator.FightFunctions.getAbsoluteShield, new Object[] { null })), load(sysexec(com.leekwars.generator.FightFunctions.getAbsoluteShield, 1)), load(sysexec(com.leekwars.generator.FightFunctions.getAbsoluteShield, -1)), load(sysexec(com.leekwars.generator.FightFunctions.getRelativeShield, new Object[] { null })), load(sysexec(com.leekwars.generator.FightFunctions.getRelativeShield, 1)), load(sysexec(com.leekwars.generator.FightFunctions.getRelativeShield, -1)), load(sysexec(com.leekwars.generator.FightFunctions.getLevel, new Object[] { null })), load(sysexec(com.leekwars.generator.FightFunctions.getLevel, 1)), load(sysexec(com.leekwars.generator.FightFunctions.getLevel, -1)), load(sysexec(com.leekwars.generator.FightFunctions.getFrequency, new Object[] { null })), load(sysexec(com.leekwars.generator.FightFunctions.getFrequency, 1)), load(sysexec(com.leekwars.generator.FightFunctions.getFrequency, -1)), load(sysexec(com.leekwars.generator.FightFunctions.getLeekID, new Object[] { null })), load(sysexec(com.leekwars.generator.FightFunctions.getLeekID, 1)), load(sysexec(com.leekwars.generator.FightFunctions.getLeekID, -1)), load(sysexec(com.leekwars.generator.FightFunctions.getTeamName, new Object[] { null })), load(sysexec(com.leekwars.generator.FightFunctions.getTeamName, 1)), load(sysexec(com.leekwars.generator.FightFunctions.getTeamName, -1)), load(sysexec(com.leekwars.generator.FightFunctions.getFarmerName, new Object[] { null })), load(sysexec(com.leekwars.generator.FightFunctions.getFarmerName, 1)), load(sysexec(com.leekwars.generator.FightFunctions.getFarmerName, -1)), load(sysexec(com.leekwars.generator.FightFunctions.getTeamID, new Object[] { null })), load(sysexec(com.leekwars.generator.FightFunctions.getTeamID, 1)), load(sysexec(com.leekwars.generator.FightFunctions.getTeamID, -1)), load(sysexec(com.leekwars.generator.FightFunctions.getFarmerID, new Object[] { null })), load(sysexec(com.leekwars.generator.FightFunctions.getFarmerID, 1)), load(sysexec(com.leekwars.generator.FightFunctions.getFarmerID, -1)), load(sysexec(com.leekwars.generator.FightFunctions.getAIName, new Object[] { null })), load(sysexec(com.leekwars.generator.FightFunctions.getAIName, 1)), load(sysexec(com.leekwars.generator.FightFunctions.getAIName, -1)), load(sysexec(com.leekwars.generator.FightFunctions.getAIID, -1)) }, false), 24);
                                                                                                                                                                                                                                                                                                                                                                                                                                                                                                                                                                                                                                                                                                                                                                                                                                                                                                                                                                                                                                                                                                                                                                                                                                                                                                                                                                                                                                                                                                                                                                                                                                                                                                                                                                                                                                                                                                                                                                                                                                                                                                                                                                                                                                                                                                                                                                                                                                                                                                                                                                                                                                                                                                                                                                                                                                                                                                                                                       ^
AI_10.java:12: error: package com.leekwars.generator does not exist
return ops(new ArrayLeekValue(AI_10.this, new Object[] { load(sysexec(com.leekwars.generator.FightFunctions.getForce, new Object[] { null })), load(sysexec(com.leekwars.generator.FightFunctions.getForce, 1)), load(sysexec(com.leekwars.generator.FightFunctions.getForce, -1)), load(sysexec(com.leekwars.generator.FightFunctions.getAgility, new Object[] { null })), load(sysexec(com.leekwars.generator.FightFunctions.getAgility, 1)), load(sysexec(com.leekwars.generator.FightFunctions.getAgility, -1)), load(sysexec(com.leekwars.generator.FightFunctions.getLife, new Object[] { null })), load(sysexec(com.leekwars.generator.FightFunctions.getLife, 1)), load(sysexec(com.leekwars.generator.FightFunctions.getLife, -1)), load(sysexec(com.leekwars.generator.FightFunctions.getCell, new Object[] { null })), load(sysexec(com.leekwars.generator.FightFunctions.getCell, 1)), load(sysexec(com.leekwars.generator.FightFunctions.getCell, -1)), load(sysexec(com.leekwars.generator.FightFunctions.getWeapon, new Object[] { null })), load(sysexec(com.leekwars.generator.FightFunctions.getWeapon, 1)), load(sysexec(com.leekwars.generator.FightFunctions.getWeapon, -1)), load(sysexec(com.leekwars.generator.FightFunctions.getMP, new Object[] { null })), load(sysexec(com.leekwars.generator.FightFunctions.getMP, 1)), load(sysexec(com.leekwars.generator.FightFunctions.getMP, -1)), load(sysexec(com.leekwars.generator.FightFunctions.getTP, new Object[] { null })), load(sysexec(com.leekwars.generator.FightFunctions.getTP, 1)), load(sysexec(com.leekwars.generator.FightFunctions.getTP, -1)), load(sysexec(com.leekwars.generator.FightFunctions.getTotalLife, new Object[] { null })), load(sysexec(com.leekwars.generator.FightFunctions.getTotalLife, 1)), load(sysexec(com.leekwars.generator.FightFunctions.getTotalLife, -1)), load(sysexec(com.leekwars.generator.FightFunctions.isEnemy, 0)), load(sysexec(com.leekwars.generator.FightFunctions.isEnemy, 1)), load(sysexec(com.leekwars.generator.FightFunctions.isEnemy, -1)), load(sysexec(com.leekwars.generator.FightFunctions.isAlly, 0)), load(sysexec(com.leekwars.generator.FightFunctions.isAlly, 1)), load(sysexec(com.leekwars.generator.FightFunctions.isAlly, -1)), load(sysexec(com.leekwars.generator.FightFunctions.isDead, 0)), load(sysexec(com.leekwars.generator.FightFunctions.isDead, 1)), load(sysexec(com.leekwars.generator.FightFunctions.isDead, -1)), load(sysexec(com.leekwars.generator.FightFunctions.isAlive, 0)), load(sysexec(com.leekwars.generator.FightFunctions.isAlive, 1)), load(sysexec(com.leekwars.generator.FightFunctions.isAlive, -1)), load(sysexec(com.leekwars.generator.FightFunctions.getLeek)), load(sysexec(LeekFunctions.string, load(sysexec(com.leekwars.generator.FightFunctions.getChips, new Object[] { null })))), load(sysexec(LeekFunctions.string, load(sysexec(com.leekwars.generator.FightFunctions.getChips, 1)))), load(sysexec(com.leekwars.generator.FightFunctions.getChips, -1)), load(sysexec(com.leekwars.generator.FightFunctions.getAbsoluteShield, new Object[] { null })), load(sysexec(com.leekwars.generator.FightFunctions.getAbsoluteShield, 1)), load(sysexec(com.leekwars.generator.FightFunctions.getAbsoluteShield, -1)), load(sysexec(com.leekwars.generator.FightFunctions.getRelativeShield, new Object[] { null })), load(sysexec(com.leekwars.generator.FightFunctions.getRelativeShield, 1)), load(sysexec(com.leekwars.generator.FightFunctions.getRelativeShield, -1)), load(sysexec(com.leekwars.generator.FightFunctions.getLevel, new Object[] { null })), load(sysexec(com.leekwars.generator.FightFunctions.getLevel, 1)), load(sysexec(com.leekwars.generator.FightFunctions.getLevel, -1)), load(sysexec(com.leekwars.generator.FightFunctions.getFrequency, new Object[] { null })), load(sysexec(com.leekwars.generator.FightFunctions.getFrequency, 1)), load(sysexec(com.leekwars.generator.FightFunctions.getFrequency, -1)), load(sysexec(com.leekwars.generator.FightFunctions.getLeekID, new Object[] { null })), load(sysexec(com.leekwars.generator.FightFunctions.getLeekID, 1)), load(sysexec(com.leekwars.generator.FightFunctions.getLeekID, -1)), load(sysexec(com.leekwars.generator.FightFunctions.getTeamName, new Object[] { null })), load(sysexec(com.leekwars.generator.FightFunctions.getTeamName, 1)), load(sysexec(com.leekwars.generator.FightFunctions.getTeamName, -1)), load(sysexec(com.leekwars.generator.FightFunctions.getFarmerName, new Object[] { null })), load(sysexec(com.leekwars.generator.FightFunctions.getFarmerName, 1)), load(sysexec(com.leekwars.generator.FightFunctions.getFarmerName, -1)), load(sysexec(com.leekwars.generator.FightFunctions.getTeamID, new Object[] { null })), load(sysexec(com.leekwars.generator.FightFunctions.getTeamID, 1)), load(sysexec(com.leekwars.generator.FightFunctions.getTeamID, -1)), load(sysexec(com.leekwars.generator.FightFunctions.getFarmerID, new Object[] { null })), load(sysexec(com.leekwars.generator.FightFunctions.getFarmerID, 1)), load(sysexec(com.leekwars.generator.FightFunctions.getFarmerID, -1)), load(sysexec(com.leekwars.generator.FightFunctions.getAIName, new Object[] { null })), load(sysexec(com.leekwars.generator.FightFunctions.getAIName, 1)), load(sysexec(com.leekwars.generator.FightFunctions.getAIName, -1)), load(sysexec(com.leekwars.generator.FightFunctions.getAIID, -1)) }, false), 24);
                                                                                                                                                                                                                                                                                                                                                                                                                                                                                                                                                                                                                                                                                                                                                                                                                                                                                                                                                                                                                                                                                                                                                                                                                                                                                                                                                                                                                                                                                                                                                                                                                                                                                                                                                                                                                                                                                                                                                                                                                                                                                                                                                                                                                                                                                                                                                                                                                                                                                                                                                                                                                                                                                                                                                                                                                                                                                                                                                                                                                           ^
AI_10.java:12: error: package com.leekwars.generator does not exist
return ops(new ArrayLeekValue(AI_10.this, new Object[] { load(sysexec(com.leekwars.generator.FightFunctions.getForce, new Object[] { null })), load(sysexec(com.leekwars.generator.FightFunctions.getForce, 1)), load(sysexec(com.leekwars.generator.FightFunctions.getForce, -1)), load(sysexec(com.leekwars.generator.FightFunctions.getAgility, new Object[] { null })), load(sysexec(com.leekwars.generator.FightFunctions.getAgility, 1)), load(sysexec(com.leekwars.generator.FightFunctions.getAgility, -1)), load(sysexec(com.leekwars.generator.FightFunctions.getLife, new Object[] { null })), load(sysexec(com.leekwars.generator.FightFunctions.getLife, 1)), load(sysexec(com.leekwars.generator.FightFunctions.getLife, -1)), load(sysexec(com.leekwars.generator.FightFunctions.getCell, new Object[] { null })), load(sysexec(com.leekwars.generator.FightFunctions.getCell, 1)), load(sysexec(com.leekwars.generator.FightFunctions.getCell, -1)), load(sysexec(com.leekwars.generator.FightFunctions.getWeapon, new Object[] { null })), load(sysexec(com.leekwars.generator.FightFunctions.getWeapon, 1)), load(sysexec(com.leekwars.generator.FightFunctions.getWeapon, -1)), load(sysexec(com.leekwars.generator.FightFunctions.getMP, new Object[] { null })), load(sysexec(com.leekwars.generator.FightFunctions.getMP, 1)), load(sysexec(com.leekwars.generator.FightFunctions.getMP, -1)), load(sysexec(com.leekwars.generator.FightFunctions.getTP, new Object[] { null })), load(sysexec(com.leekwars.generator.FightFunctions.getTP, 1)), load(sysexec(com.leekwars.generator.FightFunctions.getTP, -1)), load(sysexec(com.leekwars.generator.FightFunctions.getTotalLife, new Object[] { null })), load(sysexec(com.leekwars.generator.FightFunctions.getTotalLife, 1)), load(sysexec(com.leekwars.generator.FightFunctions.getTotalLife, -1)), load(sysexec(com.leekwars.generator.FightFunctions.isEnemy, 0)), load(sysexec(com.leekwars.generator.FightFunctions.isEnemy, 1)), load(sysexec(com.leekwars.generator.FightFunctions.isEnemy, -1)), load(sysexec(com.leekwars.generator.FightFunctions.isAlly, 0)), load(sysexec(com.leekwars.generator.FightFunctions.isAlly, 1)), load(sysexec(com.leekwars.generator.FightFunctions.isAlly, -1)), load(sysexec(com.leekwars.generator.FightFunctions.isDead, 0)), load(sysexec(com.leekwars.generator.FightFunctions.isDead, 1)), load(sysexec(com.leekwars.generator.FightFunctions.isDead, -1)), load(sysexec(com.leekwars.generator.FightFunctions.isAlive, 0)), load(sysexec(com.leekwars.generator.FightFunctions.isAlive, 1)), load(sysexec(com.leekwars.generator.FightFunctions.isAlive, -1)), load(sysexec(com.leekwars.generator.FightFunctions.getLeek)), load(sysexec(LeekFunctions.string, load(sysexec(com.leekwars.generator.FightFunctions.getChips, new Object[] { null })))), load(sysexec(LeekFunctions.string, load(sysexec(com.leekwars.generator.FightFunctions.getChips, 1)))), load(sysexec(com.leekwars.generator.FightFunctions.getChips, -1)), load(sysexec(com.leekwars.generator.FightFunctions.getAbsoluteShield, new Object[] { null })), load(sysexec(com.leekwars.generator.FightFunctions.getAbsoluteShield, 1)), load(sysexec(com.leekwars.generator.FightFunctions.getAbsoluteShield, -1)), load(sysexec(com.leekwars.generator.FightFunctions.getRelativeShield, new Object[] { null })), load(sysexec(com.leekwars.generator.FightFunctions.getRelativeShield, 1)), load(sysexec(com.leekwars.generator.FightFunctions.getRelativeShield, -1)), load(sysexec(com.leekwars.generator.FightFunctions.getLevel, new Object[] { null })), load(sysexec(com.leekwars.generator.FightFunctions.getLevel, 1)), load(sysexec(com.leekwars.generator.FightFunctions.getLevel, -1)), load(sysexec(com.leekwars.generator.FightFunctions.getFrequency, new Object[] { null })), load(sysexec(com.leekwars.generator.FightFunctions.getFrequency, 1)), load(sysexec(com.leekwars.generator.FightFunctions.getFrequency, -1)), load(sysexec(com.leekwars.generator.FightFunctions.getLeekID, new Object[] { null })), load(sysexec(com.leekwars.generator.FightFunctions.getLeekID, 1)), load(sysexec(com.leekwars.generator.FightFunctions.getLeekID, -1)), load(sysexec(com.leekwars.generator.FightFunctions.getTeamName, new Object[] { null })), load(sysexec(com.leekwars.generator.FightFunctions.getTeamName, 1)), load(sysexec(com.leekwars.generator.FightFunctions.getTeamName, -1)), load(sysexec(com.leekwars.generator.FightFunctions.getFarmerName, new Object[] { null })), load(sysexec(com.leekwars.generator.FightFunctions.getFarmerName, 1)), load(sysexec(com.leekwars.generator.FightFunctions.getFarmerName, -1)), load(sysexec(com.leekwars.generator.FightFunctions.getTeamID, new Object[] { null })), load(sysexec(com.leekwars.generator.FightFunctions.getTeamID, 1)), load(sysexec(com.leekwars.generator.FightFunctions.getTeamID, -1)), load(sysexec(com.leekwars.generator.FightFunctions.getFarmerID, new Object[] { null })), load(sysexec(com.leekwars.generator.FightFunctions.getFarmerID, 1)), load(sysexec(com.leekwars.generator.FightFunctions.getFarmerID, -1)), load(sysexec(com.leekwars.generator.FightFunctions.getAIName, new Object[] { null })), load(sysexec(com.leekwars.generator.FightFunctions.getAIName, 1)), load(sysexec(com.leekwars.generator.FightFunctions.getAIName, -1)), load(sysexec(com.leekwars.generator.FightFunctions.getAIID, -1)) }, false), 24);
                                                                                                                                                                                                                                                                                                                                                                                                                                                                                                                                                                                                                                                                                                                                                                                                                                                                                                                                                                                                                                                                                                                                                                                                                                                                                                                                                                                                                                                                                                                                                                                                                                                                                                                                                                                                                                                                                                                                                                                                                                                                                                                                                                                                                                                                                                                                                                                                                                                                                                                                                                                                                                                                                                                                                                                                                                                                                                                                                                                                                                                                                              ^
AI_10.java:12: error: package com.leekwars.generator does not exist
return ops(new ArrayLeekValue(AI_10.this, new Object[] { load(sysexec(com.leekwars.generator.FightFunctions.getForce, new Object[] { null })), load(sysexec(com.leekwars.generator.FightFunctions.getForce, 1)), load(sysexec(com.leekwars.generator.FightFunctions.getForce, -1)), load(sysexec(com.leekwars.generator.FightFunctions.getAgility, new Object[] { null })), load(sysexec(com.leekwars.generator.FightFunctions.getAgility, 1)), load(sysexec(com.leekwars.generator.FightFunctions.getAgility, -1)), load(sysexec(com.leekwars.generator.FightFunctions.getLife, new Object[] { null })), load(sysexec(com.leekwars.generator.FightFunctions.getLife, 1)), load(sysexec(com.leekwars.generator.FightFunctions.getLife, -1)), load(sysexec(com.leekwars.generator.FightFunctions.getCell, new Object[] { null })), load(sysexec(com.leekwars.generator.FightFunctions.getCell, 1)), load(sysexec(com.leekwars.generator.FightFunctions.getCell, -1)), load(sysexec(com.leekwars.generator.FightFunctions.getWeapon, new Object[] { null })), load(sysexec(com.leekwars.generator.FightFunctions.getWeapon, 1)), load(sysexec(com.leekwars.generator.FightFunctions.getWeapon, -1)), load(sysexec(com.leekwars.generator.FightFunctions.getMP, new Object[] { null })), load(sysexec(com.leekwars.generator.FightFunctions.getMP, 1)), load(sysexec(com.leekwars.generator.FightFunctions.getMP, -1)), load(sysexec(com.leekwars.generator.FightFunctions.getTP, new Object[] { null })), load(sysexec(com.leekwars.generator.FightFunctions.getTP, 1)), load(sysexec(com.leekwars.generator.FightFunctions.getTP, -1)), load(sysexec(com.leekwars.generator.FightFunctions.getTotalLife, new Object[] { null })), load(sysexec(com.leekwars.generator.FightFunctions.getTotalLife, 1)), load(sysexec(com.leekwars.generator.FightFunctions.getTotalLife, -1)), load(sysexec(com.leekwars.generator.FightFunctions.isEnemy, 0)), load(sysexec(com.leekwars.generator.FightFunctions.isEnemy, 1)), load(sysexec(com.leekwars.generator.FightFunctions.isEnemy, -1)), load(sysexec(com.leekwars.generator.FightFunctions.isAlly, 0)), load(sysexec(com.leekwars.generator.FightFunctions.isAlly, 1)), load(sysexec(com.leekwars.generator.FightFunctions.isAlly, -1)), load(sysexec(com.leekwars.generator.FightFunctions.isDead, 0)), load(sysexec(com.leekwars.generator.FightFunctions.isDead, 1)), load(sysexec(com.leekwars.generator.FightFunctions.isDead, -1)), load(sysexec(com.leekwars.generator.FightFunctions.isAlive, 0)), load(sysexec(com.leekwars.generator.FightFunctions.isAlive, 1)), load(sysexec(com.leekwars.generator.FightFunctions.isAlive, -1)), load(sysexec(com.leekwars.generator.FightFunctions.getLeek)), load(sysexec(LeekFunctions.string, load(sysexec(com.leekwars.generator.FightFunctions.getChips, new Object[] { null })))), load(sysexec(LeekFunctions.string, load(sysexec(com.leekwars.generator.FightFunctions.getChips, 1)))), load(sysexec(com.leekwars.generator.FightFunctions.getChips, -1)), load(sysexec(com.leekwars.generator.FightFunctions.getAbsoluteShield, new Object[] { null })), load(sysexec(com.leekwars.generator.FightFunctions.getAbsoluteShield, 1)), load(sysexec(com.leekwars.generator.FightFunctions.getAbsoluteShield, -1)), load(sysexec(com.leekwars.generator.FightFunctions.getRelativeShield, new Object[] { null })), load(sysexec(com.leekwars.generator.FightFunctions.getRelativeShield, 1)), load(sysexec(com.leekwars.generator.FightFunctions.getRelativeShield, -1)), load(sysexec(com.leekwars.generator.FightFunctions.getLevel, new Object[] { null })), load(sysexec(com.leekwars.generator.FightFunctions.getLevel, 1)), load(sysexec(com.leekwars.generator.FightFunctions.getLevel, -1)), load(sysexec(com.leekwars.generator.FightFunctions.getFrequency, new Object[] { null })), load(sysexec(com.leekwars.generator.FightFunctions.getFrequency, 1)), load(sysexec(com.leekwars.generator.FightFunctions.getFrequency, -1)), load(sysexec(com.leekwars.generator.FightFunctions.getLeekID, new Object[] { null })), load(sysexec(com.leekwars.generator.FightFunctions.getLeekID, 1)), load(sysexec(com.leekwars.generator.FightFunctions.getLeekID, -1)), load(sysexec(com.leekwars.generator.FightFunctions.getTeamName, new Object[] { null })), load(sysexec(com.leekwars.generator.FightFunctions.getTeamName, 1)), load(sysexec(com.leekwars.generator.FightFunctions.getTeamName, -1)), load(sysexec(com.leekwars.generator.FightFunctions.getFarmerName, new Object[] { null })), load(sysexec(com.leekwars.generator.FightFunctions.getFarmerName, 1)), load(sysexec(com.leekwars.generator.FightFunctions.getFarmerName, -1)), load(sysexec(com.leekwars.generator.FightFunctions.getTeamID, new Object[] { null })), load(sysexec(com.leekwars.generator.FightFunctions.getTeamID, 1)), load(sysexec(com.leekwars.generator.FightFunctions.getTeamID, -1)), load(sysexec(com.leekwars.generator.FightFunctions.getFarmerID, new Object[] { null })), load(sysexec(com.leekwars.generator.FightFunctions.getFarmerID, 1)), load(sysexec(com.leekwars.generator.FightFunctions.getFarmerID, -1)), load(sysexec(com.leekwars.generator.FightFunctions.getAIName, new Object[] { null })), load(sysexec(com.leekwars.generator.FightFunctions.getAIName, 1)), load(sysexec(com.leekwars.generator.FightFunctions.getAIName, -1)), load(sysexec(com.leekwars.generator.FightFunctions.getAIID, -1)) }, false), 24);
                                                                                                                                                                                                                                                                                                                                                                                                                                                                                                                                                                                                                                                                                                                                                                                                                                                                                                                                                                                                                                                                                                                                                                                                                                                                                                                                                                                                                                                                                                                                                                                                                                                                                                                                                                                                                                                                                                                                                                                                                                                                                                                                                                                                                                                                                                                                                                                                                                                                                                                                                                                                                                                                                                                                                                                                                                                                                                                                                                                                                                                                                                                                                                                             ^
AI_10.java:12: error: package com.leekwars.generator does not exist
return ops(new ArrayLeekValue(AI_10.this, new Object[] { load(sysexec(com.leekwars.generator.FightFunctions.getForce, new Object[] { null })), load(sysexec(com.leekwars.generator.FightFunctions.getForce, 1)), load(sysexec(com.leekwars.generator.FightFunctions.getForce, -1)), load(sysexec(com.leekwars.generator.FightFunctions.getAgility, new Object[] { null })), load(sysexec(com.leekwars.generator.FightFunctions.getAgility, 1)), load(sysexec(com.leekwars.generator.FightFunctions.getAgility, -1)), load(sysexec(com.leekwars.generator.FightFunctions.getLife, new Object[] { null })), load(sysexec(com.leekwars.generator.FightFunctions.getLife, 1)), load(sysexec(com.leekwars.generator.FightFunctions.getLife, -1)), load(sysexec(com.leekwars.generator.FightFunctions.getCell, new Object[] { null })), load(sysexec(com.leekwars.generator.FightFunctions.getCell, 1)), load(sysexec(com.leekwars.generator.FightFunctions.getCell, -1)), load(sysexec(com.leekwars.generator.FightFunctions.getWeapon, new Object[] { null })), load(sysexec(com.leekwars.generator.FightFunctions.getWeapon, 1)), load(sysexec(com.leekwars.generator.FightFunctions.getWeapon, -1)), load(sysexec(com.leekwars.generator.FightFunctions.getMP, new Object[] { null })), load(sysexec(com.leekwars.generator.FightFunctions.getMP, 1)), load(sysexec(com.leekwars.generator.FightFunctions.getMP, -1)), load(sysexec(com.leekwars.generator.FightFunctions.getTP, new Object[] { null })), load(sysexec(com.leekwars.generator.FightFunctions.getTP, 1)), load(sysexec(com.leekwars.generator.FightFunctions.getTP, -1)), load(sysexec(com.leekwars.generator.FightFunctions.getTotalLife, new Object[] { null })), load(sysexec(com.leekwars.generator.FightFunctions.getTotalLife, 1)), load(sysexec(com.leekwars.generator.FightFunctions.getTotalLife, -1)), load(sysexec(com.leekwars.generator.FightFunctions.isEnemy, 0)), load(sysexec(com.leekwars.generator.FightFunctions.isEnemy, 1)), load(sysexec(com.leekwars.generator.FightFunctions.isEnemy, -1)), load(sysexec(com.leekwars.generator.FightFunctions.isAlly, 0)), load(sysexec(com.leekwars.generator.FightFunctions.isAlly, 1)), load(sysexec(com.leekwars.generator.FightFunctions.isAlly, -1)), load(sysexec(com.leekwars.generator.FightFunctions.isDead, 0)), load(sysexec(com.leekwars.generator.FightFunctions.isDead, 1)), load(sysexec(com.leekwars.generator.FightFunctions.isDead, -1)), load(sysexec(com.leekwars.generator.FightFunctions.isAlive, 0)), load(sysexec(com.leekwars.generator.FightFunctions.isAlive, 1)), load(sysexec(com.leekwars.generator.FightFunctions.isAlive, -1)), load(sysexec(com.leekwars.generator.FightFunctions.getLeek)), load(sysexec(LeekFunctions.string, load(sysexec(com.leekwars.generator.FightFunctions.getChips, new Object[] { null })))), load(sysexec(LeekFunctions.string, load(sysexec(com.leekwars.generator.FightFunctions.getChips, 1)))), load(sysexec(com.leekwars.generator.FightFunctions.getChips, -1)), load(sysexec(com.leekwars.generator.FightFunctions.getAbsoluteShield, new Object[] { null })), load(sysexec(com.leekwars.generator.FightFunctions.getAbsoluteShield, 1)), load(sysexec(com.leekwars.generator.FightFunctions.getAbsoluteShield, -1)), load(sysexec(com.leekwars.generator.FightFunctions.getRelativeShield, new Object[] { null })), load(sysexec(com.leekwars.generator.FightFunctions.getRelativeShield, 1)), load(sysexec(com.leekwars.generator.FightFunctions.getRelativeShield, -1)), load(sysexec(com.leekwars.generator.FightFunctions.getLevel, new Object[] { null })), load(sysexec(com.leekwars.generator.FightFunctions.getLevel, 1)), load(sysexec(com.leekwars.generator.FightFunctions.getLevel, -1)), load(sysexec(com.leekwars.generator.FightFunctions.getFrequency, new Object[] { null })), load(sysexec(com.leekwars.generator.FightFunctions.getFrequency, 1)), load(sysexec(com.leekwars.generator.FightFunctions.getFrequency, -1)), load(sysexec(com.leekwars.generator.FightFunctions.getLeekID, new Object[] { null })), load(sysexec(com.leekwars.generator.FightFunctions.getLeekID, 1)), load(sysexec(com.leekwars.generator.FightFunctions.getLeekID, -1)), load(sysexec(com.leekwars.generator.FightFunctions.getTeamName, new Object[] { null })), load(sysexec(com.leekwars.generator.FightFunctions.getTeamName, 1)), load(sysexec(com.leekwars.generator.FightFunctions.getTeamName, -1)), load(sysexec(com.leekwars.generator.FightFunctions.getFarmerName, new Object[] { null })), load(sysexec(com.leekwars.generator.FightFunctions.getFarmerName, 1)), load(sysexec(com.leekwars.generator.FightFunctions.getFarmerName, -1)), load(sysexec(com.leekwars.generator.FightFunctions.getTeamID, new Object[] { null })), load(sysexec(com.leekwars.generator.FightFunctions.getTeamID, 1)), load(sysexec(com.leekwars.generator.FightFunctions.getTeamID, -1)), load(sysexec(com.leekwars.generator.FightFunctions.getFarmerID, new Object[] { null })), load(sysexec(com.leekwars.generator.FightFunctions.getFarmerID, 1)), load(sysexec(com.leekwars.generator.FightFunctions.getFarmerID, -1)), load(sysexec(com.leekwars.generator.FightFunctions.getAIName, new Object[] { null })), load(sysexec(com.leekwars.generator.FightFunctions.getAIName, 1)), load(sysexec(com.leekwars.generator.FightFunctions.getAIName, -1)), load(sysexec(com.leekwars.generator.FightFunctions.getAIID, -1)) }, false), 24);
                                                                                                                                                                                                                                                                                                                                                                                                                                                                                                                                                                                                                                                                                                                                                                                                                                                                                                                                                                                                                                                                                                                                                                                                                                                                                                                                                                                                                                                                                                                                                                                                                                                                                                                                                                                                                                                                                                                                                                                                                                                                                                                                                                                                                                                                                                                                                                                                                                                                                                                                                                                                                                                                                                                                                                                                                                                                                                                                                                                                                                                                                                                                                                                                                                                                        ^
AI_10.java:12: error: package com.leekwars.generator does not exist
return ops(new ArrayLeekValue(AI_10.this, new Object[] { load(sysexec(com.leekwars.generator.FightFunctions.getForce, new Object[] { null })), load(sysexec(com.leekwars.generator.FightFunctions.getForce, 1)), load(sysexec(com.leekwars.generator.FightFunctions.getForce, -1)), load(sysexec(com.leekwars.generator.FightFunctions.getAgility, new Object[] { null })), load(sysexec(com.leekwars.generator.FightFunctions.getAgility, 1)), load(sysexec(com.leekwars.generator.FightFunctions.getAgility, -1)), load(sysexec(com.leekwars.generator.FightFunctions.getLife, new Object[] { null })), load(sysexec(com.leekwars.generator.FightFunctions.getLife, 1)), load(sysexec(com.leekwars.generator.FightFunctions.getLife, -1)), load(sysexec(com.leekwars.generator.FightFunctions.getCell, new Object[] { null })), load(sysexec(com.leekwars.generator.FightFunctions.getCell, 1)), load(sysexec(com.leekwars.generator.FightFunctions.getCell, -1)), load(sysexec(com.leekwars.generator.FightFunctions.getWeapon, new Object[] { null })), load(sysexec(com.leekwars.generator.FightFunctions.getWeapon, 1)), load(sysexec(com.leekwars.generator.FightFunctions.getWeapon, -1)), load(sysexec(com.leekwars.generator.FightFunctions.getMP, new Object[] { null })), load(sysexec(com.leekwars.generator.FightFunctions.getMP, 1)), load(sysexec(com.leekwars.generator.FightFunctions.getMP, -1)), load(sysexec(com.leekwars.generator.FightFunctions.getTP, new Object[] { null })), load(sysexec(com.leekwars.generator.FightFunctions.getTP, 1)), load(sysexec(com.leekwars.generator.FightFunctions.getTP, -1)), load(sysexec(com.leekwars.generator.FightFunctions.getTotalLife, new Object[] { null })), load(sysexec(com.leekwars.generator.FightFunctions.getTotalLife, 1)), load(sysexec(com.leekwars.generator.FightFunctions.getTotalLife, -1)), load(sysexec(com.leekwars.generator.FightFunctions.isEnemy, 0)), load(sysexec(com.leekwars.generator.FightFunctions.isEnemy, 1)), load(sysexec(com.leekwars.generator.FightFunctions.isEnemy, -1)), load(sysexec(com.leekwars.generator.FightFunctions.isAlly, 0)), load(sysexec(com.leekwars.generator.FightFunctions.isAlly, 1)), load(sysexec(com.leekwars.generator.FightFunctions.isAlly, -1)), load(sysexec(com.leekwars.generator.FightFunctions.isDead, 0)), load(sysexec(com.leekwars.generator.FightFunctions.isDead, 1)), load(sysexec(com.leekwars.generator.FightFunctions.isDead, -1)), load(sysexec(com.leekwars.generator.FightFunctions.isAlive, 0)), load(sysexec(com.leekwars.generator.FightFunctions.isAlive, 1)), load(sysexec(com.leekwars.generator.FightFunctions.isAlive, -1)), load(sysexec(com.leekwars.generator.FightFunctions.getLeek)), load(sysexec(LeekFunctions.string, load(sysexec(com.leekwars.generator.FightFunctions.getChips, new Object[] { null })))), load(sysexec(LeekFunctions.string, load(sysexec(com.leekwars.generator.FightFunctions.getChips, 1)))), load(sysexec(com.leekwars.generator.FightFunctions.getChips, -1)), load(sysexec(com.leekwars.generator.FightFunctions.getAbsoluteShield, new Object[] { null })), load(sysexec(com.leekwars.generator.FightFunctions.getAbsoluteShield, 1)), load(sysexec(com.leekwars.generator.FightFunctions.getAbsoluteShield, -1)), load(sysexec(com.leekwars.generator.FightFunctions.getRelativeShield, new Object[] { null })), load(sysexec(com.leekwars.generator.FightFunctions.getRelativeShield, 1)), load(sysexec(com.leekwars.generator.FightFunctions.getRelativeShield, -1)), load(sysexec(com.leekwars.generator.FightFunctions.getLevel, new Object[] { null })), load(sysexec(com.leekwars.generator.FightFunctions.getLevel, 1)), load(sysexec(com.leekwars.generator.FightFunctions.getLevel, -1)), load(sysexec(com.leekwars.generator.FightFunctions.getFrequency, new Object[] { null })), load(sysexec(com.leekwars.generator.FightFunctions.getFrequency, 1)), load(sysexec(com.leekwars.generator.FightFunctions.getFrequency, -1)), load(sysexec(com.leekwars.generator.FightFunctions.getLeekID, new Object[] { null })), load(sysexec(com.leekwars.generator.FightFunctions.getLeekID, 1)), load(sysexec(com.leekwars.generator.FightFunctions.getLeekID, -1)), load(sysexec(com.leekwars.generator.FightFunctions.getTeamName, new Object[] { null })), load(sysexec(com.leekwars.generator.FightFunctions.getTeamName, 1)), load(sysexec(com.leekwars.generator.FightFunctions.getTeamName, -1)), load(sysexec(com.leekwars.generator.FightFunctions.getFarmerName, new Object[] { null })), load(sysexec(com.leekwars.generator.FightFunctions.getFarmerName, 1)), load(sysexec(com.leekwars.generator.FightFunctions.getFarmerName, -1)), load(sysexec(com.leekwars.generator.FightFunctions.getTeamID, new Object[] { null })), load(sysexec(com.leekwars.generator.FightFunctions.getTeamID, 1)), load(sysexec(com.leekwars.generator.FightFunctions.getTeamID, -1)), load(sysexec(com.leekwars.generator.FightFunctions.getFarmerID, new Object[] { null })), load(sysexec(com.leekwars.generator.FightFunctions.getFarmerID, 1)), load(sysexec(com.leekwars.generator.FightFunctions.getFarmerID, -1)), load(sysexec(com.leekwars.generator.FightFunctions.getAIName, new Object[] { null })), load(sysexec(com.leekwars.generator.FightFunctions.getAIName, 1)), load(sysexec(com.leekwars.generator.FightFunctions.getAIName, -1)), load(sysexec(com.leekwars.generator.FightFunctions.getAIID, -1)) }, false), 24);
                                                                                                                                                                                                                                                                                                                                                                                                                                                                                                                                                                                                                                                                                                                                                                                                                                                                                                                                                                                                                                                                                                                                                                                                                                                                                                                                                                                                                                                                                                                                                                                                                                                                                                                                                                                                                                                                                                                                                                                                                                                                                                                                                                                                                                                                                                                                                                                                                                                                                                                                                                                                                                                                                                                                                                                                                                                                                                                                                                                                                                                                                                                                                                                                                                                                                                                                                    ^
AI_10.java:12: error: package com.leekwars.generator does not exist
return ops(new ArrayLeekValue(AI_10.this, new Object[] { load(sysexec(com.leekwars.generator.FightFunctions.getForce, new Object[] { null })), load(sysexec(com.leekwars.generator.FightFunctions.getForce, 1)), load(sysexec(com.leekwars.generator.FightFunctions.getForce, -1)), load(sysexec(com.leekwars.generator.FightFunctions.getAgility, new Object[] { null })), load(sysexec(com.leekwars.generator.FightFunctions.getAgility, 1)), load(sysexec(com.leekwars.generator.FightFunctions.getAgility, -1)), load(sysexec(com.leekwars.generator.FightFunctions.getLife, new Object[] { null })), load(sysexec(com.leekwars.generator.FightFunctions.getLife, 1)), load(sysexec(com.leekwars.generator.FightFunctions.getLife, -1)), load(sysexec(com.leekwars.generator.FightFunctions.getCell, new Object[] { null })), load(sysexec(com.leekwars.generator.FightFunctions.getCell, 1)), load(sysexec(com.leekwars.generator.FightFunctions.getCell, -1)), load(sysexec(com.leekwars.generator.FightFunctions.getWeapon, new Object[] { null })), load(sysexec(com.leekwars.generator.FightFunctions.getWeapon, 1)), load(sysexec(com.leekwars.generator.FightFunctions.getWeapon, -1)), load(sysexec(com.leekwars.generator.FightFunctions.getMP, new Object[] { null })), load(sysexec(com.leekwars.generator.FightFunctions.getMP, 1)), load(sysexec(com.leekwars.generator.FightFunctions.getMP, -1)), load(sysexec(com.leekwars.generator.FightFunctions.getTP, new Object[] { null })), load(sysexec(com.leekwars.generator.FightFunctions.getTP, 1)), load(sysexec(com.leekwars.generator.FightFunctions.getTP, -1)), load(sysexec(com.leekwars.generator.FightFunctions.getTotalLife, new Object[] { null })), load(sysexec(com.leekwars.generator.FightFunctions.getTotalLife, 1)), load(sysexec(com.leekwars.generator.FightFunctions.getTotalLife, -1)), load(sysexec(com.leekwars.generator.FightFunctions.isEnemy, 0)), load(sysexec(com.leekwars.generator.FightFunctions.isEnemy, 1)), load(sysexec(com.leekwars.generator.FightFunctions.isEnemy, -1)), load(sysexec(com.leekwars.generator.FightFunctions.isAlly, 0)), load(sysexec(com.leekwars.generator.FightFunctions.isAlly, 1)), load(sysexec(com.leekwars.generator.FightFunctions.isAlly, -1)), load(sysexec(com.leekwars.generator.FightFunctions.isDead, 0)), load(sysexec(com.leekwars.generator.FightFunctions.isDead, 1)), load(sysexec(com.leekwars.generator.FightFunctions.isDead, -1)), load(sysexec(com.leekwars.generator.FightFunctions.isAlive, 0)), load(sysexec(com.leekwars.generator.FightFunctions.isAlive, 1)), load(sysexec(com.leekwars.generator.FightFunctions.isAlive, -1)), load(sysexec(com.leekwars.generator.FightFunctions.getLeek)), load(sysexec(LeekFunctions.string, load(sysexec(com.leekwars.generator.FightFunctions.getChips, new Object[] { null })))), load(sysexec(LeekFunctions.string, load(sysexec(com.leekwars.generator.FightFunctions.getChips, 1)))), load(sysexec(com.leekwars.generator.FightFunctions.getChips, -1)), load(sysexec(com.leekwars.generator.FightFunctions.getAbsoluteShield, new Object[] { null })), load(sysexec(com.leekwars.generator.FightFunctions.getAbsoluteShield, 1)), load(sysexec(com.leekwars.generator.FightFunctions.getAbsoluteShield, -1)), load(sysexec(com.leekwars.generator.FightFunctions.getRelativeShield, new Object[] { null })), load(sysexec(com.leekwars.generator.FightFunctions.getRelativeShield, 1)), load(sysexec(com.leekwars.generator.FightFunctions.getRelativeShield, -1)), load(sysexec(com.leekwars.generator.FightFunctions.getLevel, new Object[] { null })), load(sysexec(com.leekwars.generator.FightFunctions.getLevel, 1)), load(sysexec(com.leekwars.generator.FightFunctions.getLevel, -1)), load(sysexec(com.leekwars.generator.FightFunctions.getFrequency, new Object[] { null })), load(sysexec(com.leekwars.generator.FightFunctions.getFrequency, 1)), load(sysexec(com.leekwars.generator.FightFunctions.getFrequency, -1)), load(sysexec(com.leekwars.generator.FightFunctions.getLeekID, new Object[] { null })), load(sysexec(com.leekwars.generator.FightFunctions.getLeekID, 1)), load(sysexec(com.leekwars.generator.FightFunctions.getLeekID, -1)), load(sysexec(com.leekwars.generator.FightFunctions.getTeamName, new Object[] { null })), load(sysexec(com.leekwars.generator.FightFunctions.getTeamName, 1)), load(sysexec(com.leekwars.generator.FightFunctions.getTeamName, -1)), load(sysexec(com.leekwars.generator.FightFunctions.getFarmerName, new Object[] { null })), load(sysexec(com.leekwars.generator.FightFunctions.getFarmerName, 1)), load(sysexec(com.leekwars.generator.FightFunctions.getFarmerName, -1)), load(sysexec(com.leekwars.generator.FightFunctions.getTeamID, new Object[] { null })), load(sysexec(com.leekwars.generator.FightFunctions.getTeamID, 1)), load(sysexec(com.leekwars.generator.FightFunctions.getTeamID, -1)), load(sysexec(com.leekwars.generator.FightFunctions.getFarmerID, new Object[] { null })), load(sysexec(com.leekwars.generator.FightFunctions.getFarmerID, 1)), load(sysexec(com.leekwars.generator.FightFunctions.getFarmerID, -1)), load(sysexec(com.leekwars.generator.FightFunctions.getAIName, new Object[] { null })), load(sysexec(com.leekwars.generator.FightFunctions.getAIName, 1)), load(sysexec(com.leekwars.generator.FightFunctions.getAIName, -1)), load(sysexec(com.leekwars.generator.FightFunctions.getAIID, -1)) }, false), 24);
                                                                                                                                                                                                                                                                                                                                                                                                                                                                                                                                                                                                                                                                                                                                                                                                                                                                                                                                                                                                                                                                                                                                                                                                                                                                                                                                                                                                                                                                                                                                                                                                                                                                                                                                                                                                                                                                                                                                                                                                                                                                                                                                                                                                                                                                                                                                                                                                                                                                                                                                                                                                                                                                                                                                                                                                                                                                                                                                                                                                                                                                                                                                                                                                                                                                                                                                                                                                                                                   ^
AI_10.java:12: error: package com.leekwars.generator does not exist
return ops(new ArrayLeekValue(AI_10.this, new Object[] { load(sysexec(com.leekwars.generator.FightFunctions.getForce, new Object[] { null })), load(sysexec(com.leekwars.generator.FightFunctions.getForce, 1)), load(sysexec(com.leekwars.generator.FightFunctions.getForce, -1)), load(sysexec(com.leekwars.generator.FightFunctions.getAgility, new Object[] { null })), load(sysexec(com.leekwars.generator.FightFunctions.getAgility, 1)), load(sysexec(com.leekwars.generator.FightFunctions.getAgility, -1)), load(sysexec(com.leekwars.generator.FightFunctions.getLife, new Object[] { null })), load(sysexec(com.leekwars.generator.FightFunctions.getLife, 1)), load(sysexec(com.leekwars.generator.FightFunctions.getLife, -1)), load(sysexec(com.leekwars.generator.FightFunctions.getCell, new Object[] { null })), load(sysexec(com.leekwars.generator.FightFunctions.getCell, 1)), load(sysexec(com.leekwars.generator.FightFunctions.getCell, -1)), load(sysexec(com.leekwars.generator.FightFunctions.getWeapon, new Object[] { null })), load(sysexec(com.leekwars.generator.FightFunctions.getWeapon, 1)), load(sysexec(com.leekwars.generator.FightFunctions.getWeapon, -1)), load(sysexec(com.leekwars.generator.FightFunctions.getMP, new Object[] { null })), load(sysexec(com.leekwars.generator.FightFunctions.getMP, 1)), load(sysexec(com.leekwars.generator.FightFunctions.getMP, -1)), load(sysexec(com.leekwars.generator.FightFunctions.getTP, new Object[] { null })), load(sysexec(com.leekwars.generator.FightFunctions.getTP, 1)), load(sysexec(com.leekwars.generator.FightFunctions.getTP, -1)), load(sysexec(com.leekwars.generator.FightFunctions.getTotalLife, new Object[] { null })), load(sysexec(com.leekwars.generator.FightFunctions.getTotalLife, 1)), load(sysexec(com.leekwars.generator.FightFunctions.getTotalLife, -1)), load(sysexec(com.leekwars.generator.FightFunctions.isEnemy, 0)), load(sysexec(com.leekwars.generator.FightFunctions.isEnemy, 1)), load(sysexec(com.leekwars.generator.FightFunctions.isEnemy, -1)), load(sysexec(com.leekwars.generator.FightFunctions.isAlly, 0)), load(sysexec(com.leekwars.generator.FightFunctions.isAlly, 1)), load(sysexec(com.leekwars.generator.FightFunctions.isAlly, -1)), load(sysexec(com.leekwars.generator.FightFunctions.isDead, 0)), load(sysexec(com.leekwars.generator.FightFunctions.isDead, 1)), load(sysexec(com.leekwars.generator.FightFunctions.isDead, -1)), load(sysexec(com.leekwars.generator.FightFunctions.isAlive, 0)), load(sysexec(com.leekwars.generator.FightFunctions.isAlive, 1)), load(sysexec(com.leekwars.generator.FightFunctions.isAlive, -1)), load(sysexec(com.leekwars.generator.FightFunctions.getLeek)), load(sysexec(LeekFunctions.string, load(sysexec(com.leekwars.generator.FightFunctions.getChips, new Object[] { null })))), load(sysexec(LeekFunctions.string, load(sysexec(com.leekwars.generator.FightFunctions.getChips, 1)))), load(sysexec(com.leekwars.generator.FightFunctions.getChips, -1)), load(sysexec(com.leekwars.generator.FightFunctions.getAbsoluteShield, new Object[] { null })), load(sysexec(com.leekwars.generator.FightFunctions.getAbsoluteShield, 1)), load(sysexec(com.leekwars.generator.FightFunctions.getAbsoluteShield, -1)), load(sysexec(com.leekwars.generator.FightFunctions.getRelativeShield, new Object[] { null })), load(sysexec(com.leekwars.generator.FightFunctions.getRelativeShield, 1)), load(sysexec(com.leekwars.generator.FightFunctions.getRelativeShield, -1)), load(sysexec(com.leekwars.generator.FightFunctions.getLevel, new Object[] { null })), load(sysexec(com.leekwars.generator.FightFunctions.getLevel, 1)), load(sysexec(com.leekwars.generator.FightFunctions.getLevel, -1)), load(sysexec(com.leekwars.generator.FightFunctions.getFrequency, new Object[] { null })), load(sysexec(com.leekwars.generator.FightFunctions.getFrequency, 1)), load(sysexec(com.leekwars.generator.FightFunctions.getFrequency, -1)), load(sysexec(com.leekwars.generator.FightFunctions.getLeekID, new Object[] { null })), load(sysexec(com.leekwars.generator.FightFunctions.getLeekID, 1)), load(sysexec(com.leekwars.generator.FightFunctions.getLeekID, -1)), load(sysexec(com.leekwars.generator.FightFunctions.getTeamName, new Object[] { null })), load(sysexec(com.leekwars.generator.FightFunctions.getTeamName, 1)), load(sysexec(com.leekwars.generator.FightFunctions.getTeamName, -1)), load(sysexec(com.leekwars.generator.FightFunctions.getFarmerName, new Object[] { null })), load(sysexec(com.leekwars.generator.FightFunctions.getFarmerName, 1)), load(sysexec(com.leekwars.generator.FightFunctions.getFarmerName, -1)), load(sysexec(com.leekwars.generator.FightFunctions.getTeamID, new Object[] { null })), load(sysexec(com.leekwars.generator.FightFunctions.getTeamID, 1)), load(sysexec(com.leekwars.generator.FightFunctions.getTeamID, -1)), load(sysexec(com.leekwars.generator.FightFunctions.getFarmerID, new Object[] { null })), load(sysexec(com.leekwars.generator.FightFunctions.getFarmerID, 1)), load(sysexec(com.leekwars.generator.FightFunctions.getFarmerID, -1)), load(sysexec(com.leekwars.generator.FightFunctions.getAIName, new Object[] { null })), load(sysexec(com.leekwars.generator.FightFunctions.getAIName, 1)), load(sysexec(com.leekwars.generator.FightFunctions.getAIName, -1)), load(sysexec(com.leekwars.generator.FightFunctions.getAIID, -1)) }, false), 24);
                                                                                                                                                                                                                                                                                                                                                                                                                                                                                                                                                                                                                                                                                                                                                                                                                                                                                                                                                                                                                                                                                                                                                                                                                                                                                                                                                                                                                                                                                                                                                                                                                                                                                                                                                                                                                                                                                                                                                                                                                                                                                                                                                                                                                                                                                                                                                                                                                                                                                                                                                                                                                                                                                                                                                                                                                                                                                                                                                                                                                                                                                                                                                                                                                                                                                                                                                                                                                                                                                                                              ^
AI_10.java:12: error: package com.leekwars.generator does not exist
return ops(new ArrayLeekValue(AI_10.this, new Object[] { load(sysexec(com.leekwars.generator.FightFunctions.getForce, new Object[] { null })), load(sysexec(com.leekwars.generator.FightFunctions.getForce, 1)), load(sysexec(com.leekwars.generator.FightFunctions.getForce, -1)), load(sysexec(com.leekwars.generator.FightFunctions.getAgility, new Object[] { null })), load(sysexec(com.leekwars.generator.FightFunctions.getAgility, 1)), load(sysexec(com.leekwars.generator.FightFunctions.getAgility, -1)), load(sysexec(com.leekwars.generator.FightFunctions.getLife, new Object[] { null })), load(sysexec(com.leekwars.generator.FightFunctions.getLife, 1)), load(sysexec(com.leekwars.generator.FightFunctions.getLife, -1)), load(sysexec(com.leekwars.generator.FightFunctions.getCell, new Object[] { null })), load(sysexec(com.leekwars.generator.FightFunctions.getCell, 1)), load(sysexec(com.leekwars.generator.FightFunctions.getCell, -1)), load(sysexec(com.leekwars.generator.FightFunctions.getWeapon, new Object[] { null })), load(sysexec(com.leekwars.generator.FightFunctions.getWeapon, 1)), load(sysexec(com.leekwars.generator.FightFunctions.getWeapon, -1)), load(sysexec(com.leekwars.generator.FightFunctions.getMP, new Object[] { null })), load(sysexec(com.leekwars.generator.FightFunctions.getMP, 1)), load(sysexec(com.leekwars.generator.FightFunctions.getMP, -1)), load(sysexec(com.leekwars.generator.FightFunctions.getTP, new Object[] { null })), load(sysexec(com.leekwars.generator.FightFunctions.getTP, 1)), load(sysexec(com.leekwars.generator.FightFunctions.getTP, -1)), load(sysexec(com.leekwars.generator.FightFunctions.getTotalLife, new Object[] { null })), load(sysexec(com.leekwars.generator.FightFunctions.getTotalLife, 1)), load(sysexec(com.leekwars.generator.FightFunctions.getTotalLife, -1)), load(sysexec(com.leekwars.generator.FightFunctions.isEnemy, 0)), load(sysexec(com.leekwars.generator.FightFunctions.isEnemy, 1)), load(sysexec(com.leekwars.generator.FightFunctions.isEnemy, -1)), load(sysexec(com.leekwars.generator.FightFunctions.isAlly, 0)), load(sysexec(com.leekwars.generator.FightFunctions.isAlly, 1)), load(sysexec(com.leekwars.generator.FightFunctions.isAlly, -1)), load(sysexec(com.leekwars.generator.FightFunctions.isDead, 0)), load(sysexec(com.leekwars.generator.FightFunctions.isDead, 1)), load(sysexec(com.leekwars.generator.FightFunctions.isDead, -1)), load(sysexec(com.leekwars.generator.FightFunctions.isAlive, 0)), load(sysexec(com.leekwars.generator.FightFunctions.isAlive, 1)), load(sysexec(com.leekwars.generator.FightFunctions.isAlive, -1)), load(sysexec(com.leekwars.generator.FightFunctions.getLeek)), load(sysexec(LeekFunctions.string, load(sysexec(com.leekwars.generator.FightFunctions.getChips, new Object[] { null })))), load(sysexec(LeekFunctions.string, load(sysexec(com.leekwars.generator.FightFunctions.getChips, 1)))), load(sysexec(com.leekwars.generator.FightFunctions.getChips, -1)), load(sysexec(com.leekwars.generator.FightFunctions.getAbsoluteShield, new Object[] { null })), load(sysexec(com.leekwars.generator.FightFunctions.getAbsoluteShield, 1)), load(sysexec(com.leekwars.generator.FightFunctions.getAbsoluteShield, -1)), load(sysexec(com.leekwars.generator.FightFunctions.getRelativeShield, new Object[] { null })), load(sysexec(com.leekwars.generator.FightFunctions.getRelativeShield, 1)), load(sysexec(com.leekwars.generator.FightFunctions.getRelativeShield, -1)), load(sysexec(com.leekwars.generator.FightFunctions.getLevel, new Object[] { null })), load(sysexec(com.leekwars.generator.FightFunctions.getLevel, 1)), load(sysexec(com.leekwars.generator.FightFunctions.getLevel, -1)), load(sysexec(com.leekwars.generator.FightFunctions.getFrequency, new Object[] { null })), load(sysexec(com.leekwars.generator.FightFunctions.getFrequency, 1)), load(sysexec(com.leekwars.generator.FightFunctions.getFrequency, -1)), load(sysexec(com.leekwars.generator.FightFunctions.getLeekID, new Object[] { null })), load(sysexec(com.leekwars.generator.FightFunctions.getLeekID, 1)), load(sysexec(com.leekwars.generator.FightFunctions.getLeekID, -1)), load(sysexec(com.leekwars.generator.FightFunctions.getTeamName, new Object[] { null })), load(sysexec(com.leekwars.generator.FightFunctions.getTeamName, 1)), load(sysexec(com.leekwars.generator.FightFunctions.getTeamName, -1)), load(sysexec(com.leekwars.generator.FightFunctions.getFarmerName, new Object[] { null })), load(sysexec(com.leekwars.generator.FightFunctions.getFarmerName, 1)), load(sysexec(com.leekwars.generator.FightFunctions.getFarmerName, -1)), load(sysexec(com.leekwars.generator.FightFunctions.getTeamID, new Object[] { null })), load(sysexec(com.leekwars.generator.FightFunctions.getTeamID, 1)), load(sysexec(com.leekwars.generator.FightFunctions.getTeamID, -1)), load(sysexec(com.leekwars.generator.FightFunctions.getFarmerID, new Object[] { null })), load(sysexec(com.leekwars.generator.FightFunctions.getFarmerID, 1)), load(sysexec(com.leekwars.generator.FightFunctions.getFarmerID, -1)), load(sysexec(com.leekwars.generator.FightFunctions.getAIName, new Object[] { null })), load(sysexec(com.leekwars.generator.FightFunctions.getAIName, 1)), load(sysexec(com.leekwars.generator.FightFunctions.getAIName, -1)), load(sysexec(com.leekwars.generator.FightFunctions.getAIID, -1)) }, false), 24);
                                                                                                                                                                                                                                                                                                                                                                                                                                                                                                                                                                                                                                                                                                                                                                                                                                                                                                                                                                                                                                                                                                                                                                                                                                                                                                                                                                                                                                                                                                                                                                                                                                                                                                                                                                                                                                                                                                                                                                                                                                                                                                                                                                                                                                                                                                                                                                                                                                                                                                                                                                                                                                                                                                                                                                                                                                                                                                                                                                                                                                                                                                                                                                                                                                                                                                                                                                                                                                                                                                                                                                                                          ^
AI_10.java:12: error: package com.leekwars.generator does not exist
return ops(new ArrayLeekValue(AI_10.this, new Object[] { load(sysexec(com.leekwars.generator.FightFunctions.getForce, new Object[] { null })), load(sysexec(com.leekwars.generator.FightFunctions.getForce, 1)), load(sysexec(com.leekwars.generator.FightFunctions.getForce, -1)), load(sysexec(com.leekwars.generator.FightFunctions.getAgility, new Object[] { null })), load(sysexec(com.leekwars.generator.FightFunctions.getAgility, 1)), load(sysexec(com.leekwars.generator.FightFunctions.getAgility, -1)), load(sysexec(com.leekwars.generator.FightFunctions.getLife, new Object[] { null })), load(sysexec(com.leekwars.generator.FightFunctions.getLife, 1)), load(sysexec(com.leekwars.generator.FightFunctions.getLife, -1)), load(sysexec(com.leekwars.generator.FightFunctions.getCell, new Object[] { null })), load(sysexec(com.leekwars.generator.FightFunctions.getCell, 1)), load(sysexec(com.leekwars.generator.FightFunctions.getCell, -1)), load(sysexec(com.leekwars.generator.FightFunctions.getWeapon, new Object[] { null })), load(sysexec(com.leekwars.generator.FightFunctions.getWeapon, 1)), load(sysexec(com.leekwars.generator.FightFunctions.getWeapon, -1)), load(sysexec(com.leekwars.generator.FightFunctions.getMP, new Object[] { null })), load(sysexec(com.leekwars.generator.FightFunctions.getMP, 1)), load(sysexec(com.leekwars.generator.FightFunctions.getMP, -1)), load(sysexec(com.leekwars.generator.FightFunctions.getTP, new Object[] { null })), load(sysexec(com.leekwars.generator.FightFunctions.getTP, 1)), load(sysexec(com.leekwars.generator.FightFunctions.getTP, -1)), load(sysexec(com.leekwars.generator.FightFunctions.getTotalLife, new Object[] { null })), load(sysexec(com.leekwars.generator.FightFunctions.getTotalLife, 1)), load(sysexec(com.leekwars.generator.FightFunctions.getTotalLife, -1)), load(sysexec(com.leekwars.generator.FightFunctions.isEnemy, 0)), load(sysexec(com.leekwars.generator.FightFunctions.isEnemy, 1)), load(sysexec(com.leekwars.generator.FightFunctions.isEnemy, -1)), load(sysexec(com.leekwars.generator.FightFunctions.isAlly, 0)), load(sysexec(com.leekwars.generator.FightFunctions.isAlly, 1)), load(sysexec(com.leekwars.generator.FightFunctions.isAlly, -1)), load(sysexec(com.leekwars.generator.FightFunctions.isDead, 0)), load(sysexec(com.leekwars.generator.FightFunctions.isDead, 1)), load(sysexec(com.leekwars.generator.FightFunctions.isDead, -1)), load(sysexec(com.leekwars.generator.FightFunctions.isAlive, 0)), load(sysexec(com.leekwars.generator.FightFunctions.isAlive, 1)), load(sysexec(com.leekwars.generator.FightFunctions.isAlive, -1)), load(sysexec(com.leekwars.generator.FightFunctions.getLeek)), load(sysexec(LeekFunctions.string, load(sysexec(com.leekwars.generator.FightFunctions.getChips, new Object[] { null })))), load(sysexec(LeekFunctions.string, load(sysexec(com.leekwars.generator.FightFunctions.getChips, 1)))), load(sysexec(com.leekwars.generator.FightFunctions.getChips, -1)), load(sysexec(com.leekwars.generator.FightFunctions.getAbsoluteShield, new Object[] { null })), load(sysexec(com.leekwars.generator.FightFunctions.getAbsoluteShield, 1)), load(sysexec(com.leekwars.generator.FightFunctions.getAbsoluteShield, -1)), load(sysexec(com.leekwars.generator.FightFunctions.getRelativeShield, new Object[] { null })), load(sysexec(com.leekwars.generator.FightFunctions.getRelativeShield, 1)), load(sysexec(com.leekwars.generator.FightFunctions.getRelativeShield, -1)), load(sysexec(com.leekwars.generator.FightFunctions.getLevel, new Object[] { null })), load(sysexec(com.leekwars.generator.FightFunctions.getLevel, 1)), load(sysexec(com.leekwars.generator.FightFunctions.getLevel, -1)), load(sysexec(com.leekwars.generator.FightFunctions.getFrequency, new Object[] { null })), load(sysexec(com.leekwars.generator.FightFunctions.getFrequency, 1)), load(sysexec(com.leekwars.generator.FightFunctions.getFrequency, -1)), load(sysexec(com.leekwars.generator.FightFunctions.getLeekID, new Object[] { null })), load(sysexec(com.leekwars.generator.FightFunctions.getLeekID, 1)), load(sysexec(com.leekwars.generator.FightFunctions.getLeekID, -1)), load(sysexec(com.leekwars.generator.FightFunctions.getTeamName, new Object[] { null })), load(sysexec(com.leekwars.generator.FightFunctions.getTeamName, 1)), load(sysexec(com.leekwars.generator.FightFunctions.getTeamName, -1)), load(sysexec(com.leekwars.generator.FightFunctions.getFarmerName, new Object[] { null })), load(sysexec(com.leekwars.generator.FightFunctions.getFarmerName, 1)), load(sysexec(com.leekwars.generator.FightFunctions.getFarmerName, -1)), load(sysexec(com.leekwars.generator.FightFunctions.getTeamID, new Object[] { null })), load(sysexec(com.leekwars.generator.FightFunctions.getTeamID, 1)), load(sysexec(com.leekwars.generator.FightFunctions.getTeamID, -1)), load(sysexec(com.leekwars.generator.FightFunctions.getFarmerID, new Object[] { null })), load(sysexec(com.leekwars.generator.FightFunctions.getFarmerID, 1)), load(sysexec(com.leekwars.generator.FightFunctions.getFarmerID, -1)), load(sysexec(com.leekwars.generator.FightFunctions.getAIName, new Object[] { null })), load(sysexec(com.leekwars.generator.FightFunctions.getAIName, 1)), load(sysexec(com.leekwars.generator.FightFunctions.getAIName, -1)), load(sysexec(com.leekwars.generator.FightFunctions.getAIID, -1)) }, false), 24);
                                                                                                                                                                                                                                                                                                                                                                                                                                                                                                                                                                                                                                                                                                                                                                                                                                                                                                                                                                                                                                                                                                                                                                                                                                                                                                                                                                                                                                                                                                                                                                                                                                                                                                                                                                                                                                                                                                                                                                                                                                                                                                                                                                                                                                                                                                                                                                                                                                                                                                                                                                                                                                                                                                                                                                                                                                                                                                                                                                                                                                                                                                                                                                                                                                                                                                                                                                                                                                                                                                                                                                                                                                                                                                ^
AI_10.java:12: error: package com.leekwars.generator does not exist
return ops(new ArrayLeekValue(AI_10.this, new Object[] { load(sysexec(com.leekwars.generator.FightFunctions.getForce, new Object[] { null })), load(sysexec(com.leekwars.generator.FightFunctions.getForce, 1)), load(sysexec(com.leekwars.generator.FightFunctions.getForce, -1)), load(sysexec(com.leekwars.generator.FightFunctions.getAgility, new Object[] { null })), load(sysexec(com.leekwars.generator.FightFunctions.getAgility, 1)), load(sysexec(com.leekwars.generator.FightFunctions.getAgility, -1)), load(sysexec(com.leekwars.generator.FightFunctions.getLife, new Object[] { null })), load(sysexec(com.leekwars.generator.FightFunctions.getLife, 1)), load(sysexec(com.leekwars.generator.FightFunctions.getLife, -1)), load(sysexec(com.leekwars.generator.FightFunctions.getCell, new Object[] { null })), load(sysexec(com.leekwars.generator.FightFunctions.getCell, 1)), load(sysexec(com.leekwars.generator.FightFunctions.getCell, -1)), load(sysexec(com.leekwars.generator.FightFunctions.getWeapon, new Object[] { null })), load(sysexec(com.leekwars.generator.FightFunctions.getWeapon, 1)), load(sysexec(com.leekwars.generator.FightFunctions.getWeapon, -1)), load(sysexec(com.leekwars.generator.FightFunctions.getMP, new Object[] { null })), load(sysexec(com.leekwars.generator.FightFunctions.getMP, 1)), load(sysexec(com.leekwars.generator.FightFunctions.getMP, -1)), load(sysexec(com.leekwars.generator.FightFunctions.getTP, new Object[] { null })), load(sysexec(com.leekwars.generator.FightFunctions.getTP, 1)), load(sysexec(com.leekwars.generator.FightFunctions.getTP, -1)), load(sysexec(com.leekwars.generator.FightFunctions.getTotalLife, new Object[] { null })), load(sysexec(com.leekwars.generator.FightFunctions.getTotalLife, 1)), load(sysexec(com.leekwars.generator.FightFunctions.getTotalLife, -1)), load(sysexec(com.leekwars.generator.FightFunctions.isEnemy, 0)), load(sysexec(com.leekwars.generator.FightFunctions.isEnemy, 1)), load(sysexec(com.leekwars.generator.FightFunctions.isEnemy, -1)), load(sysexec(com.leekwars.generator.FightFunctions.isAlly, 0)), load(sysexec(com.leekwars.generator.FightFunctions.isAlly, 1)), load(sysexec(com.leekwars.generator.FightFunctions.isAlly, -1)), load(sysexec(com.leekwars.generator.FightFunctions.isDead, 0)), load(sysexec(com.leekwars.generator.FightFunctions.isDead, 1)), load(sysexec(com.leekwars.generator.FightFunctions.isDead, -1)), load(sysexec(com.leekwars.generator.FightFunctions.isAlive, 0)), load(sysexec(com.leekwars.generator.FightFunctions.isAlive, 1)), load(sysexec(com.leekwars.generator.FightFunctions.isAlive, -1)), load(sysexec(com.leekwars.generator.FightFunctions.getLeek)), load(sysexec(LeekFunctions.string, load(sysexec(com.leekwars.generator.FightFunctions.getChips, new Object[] { null })))), load(sysexec(LeekFunctions.string, load(sysexec(com.leekwars.generator.FightFunctions.getChips, 1)))), load(sysexec(com.leekwars.generator.FightFunctions.getChips, -1)), load(sysexec(com.leekwars.generator.FightFunctions.getAbsoluteShield, new Object[] { null })), load(sysexec(com.leekwars.generator.FightFunctions.getAbsoluteShield, 1)), load(sysexec(com.leekwars.generator.FightFunctions.getAbsoluteShield, -1)), load(sysexec(com.leekwars.generator.FightFunctions.getRelativeShield, new Object[] { null })), load(sysexec(com.leekwars.generator.FightFunctions.getRelativeShield, 1)), load(sysexec(com.leekwars.generator.FightFunctions.getRelativeShield, -1)), load(sysexec(com.leekwars.generator.FightFunctions.getLevel, new Object[] { null })), load(sysexec(com.leekwars.generator.FightFunctions.getLevel, 1)), load(sysexec(com.leekwars.generator.FightFunctions.getLevel, -1)), load(sysexec(com.leekwars.generator.FightFunctions.getFrequency, new Object[] { null })), load(sysexec(com.leekwars.generator.FightFunctions.getFrequency, 1)), load(sysexec(com.leekwars.generator.FightFunctions.getFrequency, -1)), load(sysexec(com.leekwars.generator.FightFunctions.getLeekID, new Object[] { null })), load(sysexec(com.leekwars.generator.FightFunctions.getLeekID, 1)), load(sysexec(com.leekwars.generator.FightFunctions.getLeekID, -1)), load(sysexec(com.leekwars.generator.FightFunctions.getTeamName, new Object[] { null })), load(sysexec(com.leekwars.generator.FightFunctions.getTeamName, 1)), load(sysexec(com.leekwars.generator.FightFunctions.getTeamName, -1)), load(sysexec(com.leekwars.generator.FightFunctions.getFarmerName, new Object[] { null })), load(sysexec(com.leekwars.generator.FightFunctions.getFarmerName, 1)), load(sysexec(com.leekwars.generator.FightFunctions.getFarmerName, -1)), load(sysexec(com.leekwars.generator.FightFunctions.getTeamID, new Object[] { null })), load(sysexec(com.leekwars.generator.FightFunctions.getTeamID, 1)), load(sysexec(com.leekwars.generator.FightFunctions.getTeamID, -1)), load(sysexec(com.leekwars.generator.FightFunctions.getFarmerID, new Object[] { null })), load(sysexec(com.leekwars.generator.FightFunctions.getFarmerID, 1)), load(sysexec(com.leekwars.generator.FightFunctions.getFarmerID, -1)), load(sysexec(com.leekwars.generator.FightFunctions.getAIName, new Object[] { null })), load(sysexec(com.leekwars.generator.FightFunctions.getAIName, 1)), load(sysexec(com.leekwars.generator.FightFunctions.getAIName, -1)), load(sysexec(com.leekwars.generator.FightFunctions.getAIID, -1)) }, false), 24);
                                                                                                                                                                                                                                                                                                                                                                                                                                                                                                                                                                                                                                                                                                                                                                                                                                                                                                                                                                                                                                                                                                                                                                                                                                                                                                                                                                                                                                                                                                                                                                                                                                                                                                                                                                                                                                                                                                                                                                                                                                                                                                                                                                                                                                                                                                                                                                                                                                                                                                                                                                                                                                                                                                                                                                                                                                                                                                                                                                                                                                                                                                                                                                                                                                                                                                                                                                                                                                                                                                                                                                                                                                                                                                                                                                  ^
AI_10.java:12: error: package com.leekwars.generator does not exist
return ops(new ArrayLeekValue(AI_10.this, new Object[] { load(sysexec(com.leekwars.generator.FightFunctions.getForce, new Object[] { null })), load(sysexec(com.leekwars.generator.FightFunctions.getForce, 1)), load(sysexec(com.leekwars.generator.FightFunctions.getForce, -1)), load(sysexec(com.leekwars.generator.FightFunctions.getAgility, new Object[] { null })), load(sysexec(com.leekwars.generator.FightFunctions.getAgility, 1)), load(sysexec(com.leekwars.generator.FightFunctions.getAgility, -1)), load(sysexec(com.leekwars.generator.FightFunctions.getLife, new Object[] { null })), load(sysexec(com.leekwars.generator.FightFunctions.getLife, 1)), load(sysexec(com.leekwars.generator.FightFunctions.getLife, -1)), load(sysexec(com.leekwars.generator.FightFunctions.getCell, new Object[] { null })), load(sysexec(com.leekwars.generator.FightFunctions.getCell, 1)), load(sysexec(com.leekwars.generator.FightFunctions.getCell, -1)), load(sysexec(com.leekwars.generator.FightFunctions.getWeapon, new Object[] { null })), load(sysexec(com.leekwars.generator.FightFunctions.getWeapon, 1)), load(sysexec(com.leekwars.generator.FightFunctions.getWeapon, -1)), load(sysexec(com.leekwars.generator.FightFunctions.getMP, new Object[] { null })), load(sysexec(com.leekwars.generator.FightFunctions.getMP, 1)), load(sysexec(com.leekwars.generator.FightFunctions.getMP, -1)), load(sysexec(com.leekwars.generator.FightFunctions.getTP, new Object[] { null })), load(sysexec(com.leekwars.generator.FightFunctions.getTP, 1)), load(sysexec(com.leekwars.generator.FightFunctions.getTP, -1)), load(sysexec(com.leekwars.generator.FightFunctions.getTotalLife, new Object[] { null })), load(sysexec(com.leekwars.generator.FightFunctions.getTotalLife, 1)), load(sysexec(com.leekwars.generator.FightFunctions.getTotalLife, -1)), load(sysexec(com.leekwars.generator.FightFunctions.isEnemy, 0)), load(sysexec(com.leekwars.generator.FightFunctions.isEnemy, 1)), load(sysexec(com.leekwars.generator.FightFunctions.isEnemy, -1)), load(sysexec(com.leekwars.generator.FightFunctions.isAlly, 0)), load(sysexec(com.leekwars.generator.FightFunctions.isAlly, 1)), load(sysexec(com.leekwars.generator.FightFunctions.isAlly, -1)), load(sysexec(com.leekwars.generator.FightFunctions.isDead, 0)), load(sysexec(com.leekwars.generator.FightFunctions.isDead, 1)), load(sysexec(com.leekwars.generator.FightFunctions.isDead, -1)), load(sysexec(com.leekwars.generator.FightFunctions.isAlive, 0)), load(sysexec(com.leekwars.generator.FightFunctions.isAlive, 1)), load(sysexec(com.leekwars.generator.FightFunctions.isAlive, -1)), load(sysexec(com.leekwars.generator.FightFunctions.getLeek)), load(sysexec(LeekFunctions.string, load(sysexec(com.leekwars.generator.FightFunctions.getChips, new Object[] { null })))), load(sysexec(LeekFunctions.string, load(sysexec(com.leekwars.generator.FightFunctions.getChips, 1)))), load(sysexec(com.leekwars.generator.FightFunctions.getChips, -1)), load(sysexec(com.leekwars.generator.FightFunctions.getAbsoluteShield, new Object[] { null })), load(sysexec(com.leekwars.generator.FightFunctions.getAbsoluteShield, 1)), load(sysexec(com.leekwars.generator.FightFunctions.getAbsoluteShield, -1)), load(sysexec(com.leekwars.generator.FightFunctions.getRelativeShield, new Object[] { null })), load(sysexec(com.leekwars.generator.FightFunctions.getRelativeShield, 1)), load(sysexec(com.leekwars.generator.FightFunctions.getRelativeShield, -1)), load(sysexec(com.leekwars.generator.FightFunctions.getLevel, new Object[] { null })), load(sysexec(com.leekwars.generator.FightFunctions.getLevel, 1)), load(sysexec(com.leekwars.generator.FightFunctions.getLevel, -1)), load(sysexec(com.leekwars.generator.FightFunctions.getFrequency, new Object[] { null })), load(sysexec(com.leekwars.generator.FightFunctions.getFrequency, 1)), load(sysexec(com.leekwars.generator.FightFunctions.getFrequency, -1)), load(sysexec(com.leekwars.generator.FightFunctions.getLeekID, new Object[] { null })), load(sysexec(com.leekwars.generator.FightFunctions.getLeekID, 1)), load(sysexec(com.leekwars.generator.FightFunctions.getLeekID, -1)), load(sysexec(com.leekwars.generator.FightFunctions.getTeamName, new Object[] { null })), load(sysexec(com.leekwars.generator.FightFunctions.getTeamName, 1)), load(sysexec(com.leekwars.generator.FightFunctions.getTeamName, -1)), load(sysexec(com.leekwars.generator.FightFunctions.getFarmerName, new Object[] { null })), load(sysexec(com.leekwars.generator.FightFunctions.getFarmerName, 1)), load(sysexec(com.leekwars.generator.FightFunctions.getFarmerName, -1)), load(sysexec(com.leekwars.generator.FightFunctions.getTeamID, new Object[] { null })), load(sysexec(com.leekwars.generator.FightFunctions.getTeamID, 1)), load(sysexec(com.leekwars.generator.FightFunctions.getTeamID, -1)), load(sysexec(com.leekwars.generator.FightFunctions.getFarmerID, new Object[] { null })), load(sysexec(com.leekwars.generator.FightFunctions.getFarmerID, 1)), load(sysexec(com.leekwars.generator.FightFunctions.getFarmerID, -1)), load(sysexec(com.leekwars.generator.FightFunctions.getAIName, new Object[] { null })), load(sysexec(com.leekwars.generator.FightFunctions.getAIName, 1)), load(sysexec(com.leekwars.generator.FightFunctions.getAIName, -1)), load(sysexec(com.leekwars.generator.FightFunctions.getAIID, -1)) }, false), 24);
                                                                                                                                                                                                                                                                                                                                                                                                                                                                                                                                                                                                                                                                                                                                                                                                                                                                                                                                                                                                                                                                                                                                                                                                                                                                                                                                                                                                                                                                                                                                                                                                                                                                                                                                                                                                                                                                                                                                                                                                                                                                                                                                                                                                                                                                                                                                                                                                                                                                                                                                                                                                                                                                                                                                                                                                                                                                                                                                                                                                                                                                                                                                                                                                                                                                                                                                                                                                                                                                                                                                                                                                                                                                                                                                                                                                                                     ^
AI_10.java:12: error: package com.leekwars.generator does not exist
return ops(new ArrayLeekValue(AI_10.this, new Object[] { load(sysexec(com.leekwars.generator.FightFunctions.getForce, new Object[] { null })), load(sysexec(com.leekwars.generator.FightFunctions.getForce, 1)), load(sysexec(com.leekwars.generator.FightFunctions.getForce, -1)), load(sysexec(com.leekwars.generator.FightFunctions.getAgility, new Object[] { null })), load(sysexec(com.leekwars.generator.FightFunctions.getAgility, 1)), load(sysexec(com.leekwars.generator.FightFunctions.getAgility, -1)), load(sysexec(com.leekwars.generator.FightFunctions.getLife, new Object[] { null })), load(sysexec(com.leekwars.generator.FightFunctions.getLife, 1)), load(sysexec(com.leekwars.generator.FightFunctions.getLife, -1)), load(sysexec(com.leekwars.generator.FightFunctions.getCell, new Object[] { null })), load(sysexec(com.leekwars.generator.FightFunctions.getCell, 1)), load(sysexec(com.leekwars.generator.FightFunctions.getCell, -1)), load(sysexec(com.leekwars.generator.FightFunctions.getWeapon, new Object[] { null })), load(sysexec(com.leekwars.generator.FightFunctions.getWeapon, 1)), load(sysexec(com.leekwars.generator.FightFunctions.getWeapon, -1)), load(sysexec(com.leekwars.generator.FightFunctions.getMP, new Object[] { null })), load(sysexec(com.leekwars.generator.FightFunctions.getMP, 1)), load(sysexec(com.leekwars.generator.FightFunctions.getMP, -1)), load(sysexec(com.leekwars.generator.FightFunctions.getTP, new Object[] { null })), load(sysexec(com.leekwars.generator.FightFunctions.getTP, 1)), load(sysexec(com.leekwars.generator.FightFunctions.getTP, -1)), load(sysexec(com.leekwars.generator.FightFunctions.getTotalLife, new Object[] { null })), load(sysexec(com.leekwars.generator.FightFunctions.getTotalLife, 1)), load(sysexec(com.leekwars.generator.FightFunctions.getTotalLife, -1)), load(sysexec(com.leekwars.generator.FightFunctions.isEnemy, 0)), load(sysexec(com.leekwars.generator.FightFunctions.isEnemy, 1)), load(sysexec(com.leekwars.generator.FightFunctions.isEnemy, -1)), load(sysexec(com.leekwars.generator.FightFunctions.isAlly, 0)), load(sysexec(com.leekwars.generator.FightFunctions.isAlly, 1)), load(sysexec(com.leekwars.generator.FightFunctions.isAlly, -1)), load(sysexec(com.leekwars.generator.FightFunctions.isDead, 0)), load(sysexec(com.leekwars.generator.FightFunctions.isDead, 1)), load(sysexec(com.leekwars.generator.FightFunctions.isDead, -1)), load(sysexec(com.leekwars.generator.FightFunctions.isAlive, 0)), load(sysexec(com.leekwars.generator.FightFunctions.isAlive, 1)), load(sysexec(com.leekwars.generator.FightFunctions.isAlive, -1)), load(sysexec(com.leekwars.generator.FightFunctions.getLeek)), load(sysexec(LeekFunctions.string, load(sysexec(com.leekwars.generator.FightFunctions.getChips, new Object[] { null })))), load(sysexec(LeekFunctions.string, load(sysexec(com.leekwars.generator.FightFunctions.getChips, 1)))), load(sysexec(com.leekwars.generator.FightFunctions.getChips, -1)), load(sysexec(com.leekwars.generator.FightFunctions.getAbsoluteShield, new Object[] { null })), load(sysexec(com.leekwars.generator.FightFunctions.getAbsoluteShield, 1)), load(sysexec(com.leekwars.generator.FightFunctions.getAbsoluteShield, -1)), load(sysexec(com.leekwars.generator.FightFunctions.getRelativeShield, new Object[] { null })), load(sysexec(com.leekwars.generator.FightFunctions.getRelativeShield, 1)), load(sysexec(com.leekwars.generator.FightFunctions.getRelativeShield, -1)), load(sysexec(com.leekwars.generator.FightFunctions.getLevel, new Object[] { null })), load(sysexec(com.leekwars.generator.FightFunctions.getLevel, 1)), load(sysexec(com.leekwars.generator.FightFunctions.getLevel, -1)), load(sysexec(com.leekwars.generator.FightFunctions.getFrequency, new Object[] { null })), load(sysexec(com.leekwars.generator.FightFunctions.getFrequency, 1)), load(sysexec(com.leekwars.generator.FightFunctions.getFrequency, -1)), load(sysexec(com.leekwars.generator.FightFunctions.getLeekID, new Object[] { null })), load(sysexec(com.leekwars.generator.FightFunctions.getLeekID, 1)), load(sysexec(com.leekwars.generator.FightFunctions.getLeekID, -1)), load(sysexec(com.leekwars.generator.FightFunctions.getTeamName, new Object[] { null })), load(sysexec(com.leekwars.generator.FightFunctions.getTeamName, 1)), load(sysexec(com.leekwars.generator.FightFunctions.getTeamName, -1)), load(sysexec(com.leekwars.generator.FightFunctions.getFarmerName, new Object[] { null })), load(sysexec(com.leekwars.generator.FightFunctions.getFarmerName, 1)), load(sysexec(com.leekwars.generator.FightFunctions.getFarmerName, -1)), load(sysexec(com.leekwars.generator.FightFunctions.getTeamID, new Object[] { null })), load(sysexec(com.leekwars.generator.FightFunctions.getTeamID, 1)), load(sysexec(com.leekwars.generator.FightFunctions.getTeamID, -1)), load(sysexec(com.leekwars.generator.FightFunctions.getFarmerID, new Object[] { null })), load(sysexec(com.leekwars.generator.FightFunctions.getFarmerID, 1)), load(sysexec(com.leekwars.generator.FightFunctions.getFarmerID, -1)), load(sysexec(com.leekwars.generator.FightFunctions.getAIName, new Object[] { null })), load(sysexec(com.leekwars.generator.FightFunctions.getAIName, 1)), load(sysexec(com.leekwars.generator.FightFunctions.getAIName, -1)), load(sysexec(com.leekwars.generator.FightFunctions.getAIID, -1)) }, false), 24);
                                                                                                                                                                                                                                                                                                                                                                                                                                                                                                                                                                                                                                                                                                                                                                                                                                                                                                                                                                                                                                                                                                                                                                                                                                                                                                                                                                                                                                                                                                                                                                                                                                                                                                                                                                                                                                                                                                                                                                                                                                                                                                                                                                                                                                                                                                                                                                                                                                                                                                                                                                                                                                                                                                                                                                                                                                                                                                                                                                                                                                                                                                                                                                                                                                                                                                                                                                                                                                                                                                                                                                                                                                                                                                                                                                                                                                                                                                                               ^
AI_10.java:12: error: package com.leekwars.generator does not exist
return ops(new ArrayLeekValue(AI_10.this, new Object[] { load(sysexec(com.leekwars.generator.FightFunctions.getForce, new Object[] { null })), load(sysexec(com.leekwars.generator.FightFunctions.getForce, 1)), load(sysexec(com.leekwars.generator.FightFunctions.getForce, -1)), load(sysexec(com.leekwars.generator.FightFunctions.getAgility, new Object[] { null })), load(sysexec(com.leekwars.generator.FightFunctions.getAgility, 1)), load(sysexec(com.leekwars.generator.FightFunctions.getAgility, -1)), load(sysexec(com.leekwars.generator.FightFunctions.getLife, new Object[] { null })), load(sysexec(com.leekwars.generator.FightFunctions.getLife, 1)), load(sysexec(com.leekwars.generator.FightFunctions.getLife, -1)), load(sysexec(com.leekwars.generator.FightFunctions.getCell, new Object[] { null })), load(sysexec(com.leekwars.generator.FightFunctions.getCell, 1)), load(sysexec(com.leekwars.generator.FightFunctions.getCell, -1)), load(sysexec(com.leekwars.generator.FightFunctions.getWeapon, new Object[] { null })), load(sysexec(com.leekwars.generator.FightFunctions.getWeapon, 1)), load(sysexec(com.leekwars.generator.FightFunctions.getWeapon, -1)), load(sysexec(com.leekwars.generator.FightFunctions.getMP, new Object[] { null })), load(sysexec(com.leekwars.generator.FightFunctions.getMP, 1)), load(sysexec(com.leekwars.generator.FightFunctions.getMP, -1)), load(sysexec(com.leekwars.generator.FightFunctions.getTP, new Object[] { null })), load(sysexec(com.leekwars.generator.FightFunctions.getTP, 1)), load(sysexec(com.leekwars.generator.FightFunctions.getTP, -1)), load(sysexec(com.leekwars.generator.FightFunctions.getTotalLife, new Object[] { null })), load(sysexec(com.leekwars.generator.FightFunctions.getTotalLife, 1)), load(sysexec(com.leekwars.generator.FightFunctions.getTotalLife, -1)), load(sysexec(com.leekwars.generator.FightFunctions.isEnemy, 0)), load(sysexec(com.leekwars.generator.FightFunctions.isEnemy, 1)), load(sysexec(com.leekwars.generator.FightFunctions.isEnemy, -1)), load(sysexec(com.leekwars.generator.FightFunctions.isAlly, 0)), load(sysexec(com.leekwars.generator.FightFunctions.isAlly, 1)), load(sysexec(com.leekwars.generator.FightFunctions.isAlly, -1)), load(sysexec(com.leekwars.generator.FightFunctions.isDead, 0)), load(sysexec(com.leekwars.generator.FightFunctions.isDead, 1)), load(sysexec(com.leekwars.generator.FightFunctions.isDead, -1)), load(sysexec(com.leekwars.generator.FightFunctions.isAlive, 0)), load(sysexec(com.leekwars.generator.FightFunctions.isAlive, 1)), load(sysexec(com.leekwars.generator.FightFunctions.isAlive, -1)), load(sysexec(com.leekwars.generator.FightFunctions.getLeek)), load(sysexec(LeekFunctions.string, load(sysexec(com.leekwars.generator.FightFunctions.getChips, new Object[] { null })))), load(sysexec(LeekFunctions.string, load(sysexec(com.leekwars.generator.FightFunctions.getChips, 1)))), load(sysexec(com.leekwars.generator.FightFunctions.getChips, -1)), load(sysexec(com.leekwars.generator.FightFunctions.getAbsoluteShield, new Object[] { null })), load(sysexec(com.leekwars.generator.FightFunctions.getAbsoluteShield, 1)), load(sysexec(com.leekwars.generator.FightFunctions.getAbsoluteShield, -1)), load(sysexec(com.leekwars.generator.FightFunctions.getRelativeShield, new Object[] { null })), load(sysexec(com.leekwars.generator.FightFunctions.getRelativeShield, 1)), load(sysexec(com.leekwars.generator.FightFunctions.getRelativeShield, -1)), load(sysexec(com.leekwars.generator.FightFunctions.getLevel, new Object[] { null })), load(sysexec(com.leekwars.generator.FightFunctions.getLevel, 1)), load(sysexec(com.leekwars.generator.FightFunctions.getLevel, -1)), load(sysexec(com.leekwars.generator.FightFunctions.getFrequency, new Object[] { null })), load(sysexec(com.leekwars.generator.FightFunctions.getFrequency, 1)), load(sysexec(com.leekwars.generator.FightFunctions.getFrequency, -1)), load(sysexec(com.leekwars.generator.FightFunctions.getLeekID, new Object[] { null })), load(sysexec(com.leekwars.generator.FightFunctions.getLeekID, 1)), load(sysexec(com.leekwars.generator.FightFunctions.getLeekID, -1)), load(sysexec(com.leekwars.generator.FightFunctions.getTeamName, new Object[] { null })), load(sysexec(com.leekwars.generator.FightFunctions.getTeamName, 1)), load(sysexec(com.leekwars.generator.FightFunctions.getTeamName, -1)), load(sysexec(com.leekwars.generator.FightFunctions.getFarmerName, new Object[] { null })), load(sysexec(com.leekwars.generator.FightFunctions.getFarmerName, 1)), load(sysexec(com.leekwars.generator.FightFunctions.getFarmerName, -1)), load(sysexec(com.leekwars.generator.FightFunctions.getTeamID, new Object[] { null })), load(sysexec(com.leekwars.generator.FightFunctions.getTeamID, 1)), load(sysexec(com.leekwars.generator.FightFunctions.getTeamID, -1)), load(sysexec(com.leekwars.generator.FightFunctions.getFarmerID, new Object[] { null })), load(sysexec(com.leekwars.generator.FightFunctions.getFarmerID, 1)), load(sysexec(com.leekwars.generator.FightFunctions.getFarmerID, -1)), load(sysexec(com.leekwars.generator.FightFunctions.getAIName, new Object[] { null })), load(sysexec(com.leekwars.generator.FightFunctions.getAIName, 1)), load(sysexec(com.leekwars.generator.FightFunctions.getAIName, -1)), load(sysexec(com.leekwars.generator.FightFunctions.getAIID, -1)) }, false), 24);
                                                                                                                                                                                                                                                                                                                                                                                                                                                                                                                                                                                                                                                                                                                                                                                                                                                                                                                                                                                                                                                                                                                                                                                                                                                                                                                                                                                                                                                                                                                                                                                                                                                                                                                                                                                                                                                                                                                                                                                                                                                                                                                                                                                                                                                                                                                                                                                                                                                                                                                                                                                                                                                                                                                                                                                                                                                                                                                                                                                                                                                                                                                                                                                                                                                                                                                                                                                                                                                                                                                                                                                                                                                                                                                                                                                                                                                                                                                                                                                                     ^
AI_10.java:12: error: package com.leekwars.generator does not exist
return ops(new ArrayLeekValue(AI_10.this, new Object[] { load(sysexec(com.leekwars.generator.FightFunctions.getForce, new Object[] { null })), load(sysexec(com.leekwars.generator.FightFunctions.getForce, 1)), load(sysexec(com.leekwars.generator.FightFunctions.getForce, -1)), load(sysexec(com.leekwars.generator.FightFunctions.getAgility, new Object[] { null })), load(sysexec(com.leekwars.generator.FightFunctions.getAgility, 1)), load(sysexec(com.leekwars.generator.FightFunctions.getAgility, -1)), load(sysexec(com.leekwars.generator.FightFunctions.getLife, new Object[] { null })), load(sysexec(com.leekwars.generator.FightFunctions.getLife, 1)), load(sysexec(com.leekwars.generator.FightFunctions.getLife, -1)), load(sysexec(com.leekwars.generator.FightFunctions.getCell, new Object[] { null })), load(sysexec(com.leekwars.generator.FightFunctions.getCell, 1)), load(sysexec(com.leekwars.generator.FightFunctions.getCell, -1)), load(sysexec(com.leekwars.generator.FightFunctions.getWeapon, new Object[] { null })), load(sysexec(com.leekwars.generator.FightFunctions.getWeapon, 1)), load(sysexec(com.leekwars.generator.FightFunctions.getWeapon, -1)), load(sysexec(com.leekwars.generator.FightFunctions.getMP, new Object[] { null })), load(sysexec(com.leekwars.generator.FightFunctions.getMP, 1)), load(sysexec(com.leekwars.generator.FightFunctions.getMP, -1)), load(sysexec(com.leekwars.generator.FightFunctions.getTP, new Object[] { null })), load(sysexec(com.leekwars.generator.FightFunctions.getTP, 1)), load(sysexec(com.leekwars.generator.FightFunctions.getTP, -1)), load(sysexec(com.leekwars.generator.FightFunctions.getTotalLife, new Object[] { null })), load(sysexec(com.leekwars.generator.FightFunctions.getTotalLife, 1)), load(sysexec(com.leekwars.generator.FightFunctions.getTotalLife, -1)), load(sysexec(com.leekwars.generator.FightFunctions.isEnemy, 0)), load(sysexec(com.leekwars.generator.FightFunctions.isEnemy, 1)), load(sysexec(com.leekwars.generator.FightFunctions.isEnemy, -1)), load(sysexec(com.leekwars.generator.FightFunctions.isAlly, 0)), load(sysexec(com.leekwars.generator.FightFunctions.isAlly, 1)), load(sysexec(com.leekwars.generator.FightFunctions.isAlly, -1)), load(sysexec(com.leekwars.generator.FightFunctions.isDead, 0)), load(sysexec(com.leekwars.generator.FightFunctions.isDead, 1)), load(sysexec(com.leekwars.generator.FightFunctions.isDead, -1)), load(sysexec(com.leekwars.generator.FightFunctions.isAlive, 0)), load(sysexec(com.leekwars.generator.FightFunctions.isAlive, 1)), load(sysexec(com.leekwars.generator.FightFunctions.isAlive, -1)), load(sysexec(com.leekwars.generator.FightFunctions.getLeek)), load(sysexec(LeekFunctions.string, load(sysexec(com.leekwars.generator.FightFunctions.getChips, new Object[] { null })))), load(sysexec(LeekFunctions.string, load(sysexec(com.leekwars.generator.FightFunctions.getChips, 1)))), load(sysexec(com.leekwars.generator.FightFunctions.getChips, -1)), load(sysexec(com.leekwars.generator.FightFunctions.getAbsoluteShield, new Object[] { null })), load(sysexec(com.leekwars.generator.FightFunctions.getAbsoluteShield, 1)), load(sysexec(com.leekwars.generator.FightFunctions.getAbsoluteShield, -1)), load(sysexec(com.leekwars.generator.FightFunctions.getRelativeShield, new Object[] { null })), load(sysexec(com.leekwars.generator.FightFunctions.getRelativeShield, 1)), load(sysexec(com.leekwars.generator.FightFunctions.getRelativeShield, -1)), load(sysexec(com.leekwars.generator.FightFunctions.getLevel, new Object[] { null })), load(sysexec(com.leekwars.generator.FightFunctions.getLevel, 1)), load(sysexec(com.leekwars.generator.FightFunctions.getLevel, -1)), load(sysexec(com.leekwars.generator.FightFunctions.getFrequency, new Object[] { null })), load(sysexec(com.leekwars.generator.FightFunctions.getFrequency, 1)), load(sysexec(com.leekwars.generator.FightFunctions.getFrequency, -1)), load(sysexec(com.leekwars.generator.FightFunctions.getLeekID, new Object[] { null })), load(sysexec(com.leekwars.generator.FightFunctions.getLeekID, 1)), load(sysexec(com.leekwars.generator.FightFunctions.getLeekID, -1)), load(sysexec(com.leekwars.generator.FightFunctions.getTeamName, new Object[] { null })), load(sysexec(com.leekwars.generator.FightFunctions.getTeamName, 1)), load(sysexec(com.leekwars.generator.FightFunctions.getTeamName, -1)), load(sysexec(com.leekwars.generator.FightFunctions.getFarmerName, new Object[] { null })), load(sysexec(com.leekwars.generator.FightFunctions.getFarmerName, 1)), load(sysexec(com.leekwars.generator.FightFunctions.getFarmerName, -1)), load(sysexec(com.leekwars.generator.FightFunctions.getTeamID, new Object[] { null })), load(sysexec(com.leekwars.generator.FightFunctions.getTeamID, 1)), load(sysexec(com.leekwars.generator.FightFunctions.getTeamID, -1)), load(sysexec(com.leekwars.generator.FightFunctions.getFarmerID, new Object[] { null })), load(sysexec(com.leekwars.generator.FightFunctions.getFarmerID, 1)), load(sysexec(com.leekwars.generator.FightFunctions.getFarmerID, -1)), load(sysexec(com.leekwars.generator.FightFunctions.getAIName, new Object[] { null })), load(sysexec(com.leekwars.generator.FightFunctions.getAIName, 1)), load(sysexec(com.leekwars.generator.FightFunctions.getAIName, -1)), load(sysexec(com.leekwars.generator.FightFunctions.getAIID, -1)) }, false), 24);
                                                                                                                                                                                                                                                                                                                                                                                                                                                                                                                                                                                                                                                                                                                                                                                                                                                                                                                                                                                                                                                                                                                                                                                                                                                                                                                                                                                                                                                                                                                                                                                                                                                                                                                                                                                                                                                                                                                                                                                                                                                                                                                                                                                                                                                                                                                                                                                                                                                                                                                                                                                                                                                                                                                                                                                                                                                                                                                                                                                                                                                                                                                                                                                                                                                                                                                                                                                                                                                                                                                                                                                                                                                                                                                                                                                                                                                                                                                                                                                                                                                                            ^
AI_10.java:12: error: package com.leekwars.generator does not exist
return ops(new ArrayLeekValue(AI_10.this, new Object[] { load(sysexec(com.leekwars.generator.FightFunctions.getForce, new Object[] { null })), load(sysexec(com.leekwars.generator.FightFunctions.getForce, 1)), load(sysexec(com.leekwars.generator.FightFunctions.getForce, -1)), load(sysexec(com.leekwars.generator.FightFunctions.getAgility, new Object[] { null })), load(sysexec(com.leekwars.generator.FightFunctions.getAgility, 1)), load(sysexec(com.leekwars.generator.FightFunctions.getAgility, -1)), load(sysexec(com.leekwars.generator.FightFunctions.getLife, new Object[] { null })), load(sysexec(com.leekwars.generator.FightFunctions.getLife, 1)), load(sysexec(com.leekwars.generator.FightFunctions.getLife, -1)), load(sysexec(com.leekwars.generator.FightFunctions.getCell, new Object[] { null })), load(sysexec(com.leekwars.generator.FightFunctions.getCell, 1)), load(sysexec(com.leekwars.generator.FightFunctions.getCell, -1)), load(sysexec(com.leekwars.generator.FightFunctions.getWeapon, new Object[] { null })), load(sysexec(com.leekwars.generator.FightFunctions.getWeapon, 1)), load(sysexec(com.leekwars.generator.FightFunctions.getWeapon, -1)), load(sysexec(com.leekwars.generator.FightFunctions.getMP, new Object[] { null })), load(sysexec(com.leekwars.generator.FightFunctions.getMP, 1)), load(sysexec(com.leekwars.generator.FightFunctions.getMP, -1)), load(sysexec(com.leekwars.generator.FightFunctions.getTP, new Object[] { null })), load(sysexec(com.leekwars.generator.FightFunctions.getTP, 1)), load(sysexec(com.leekwars.generator.FightFunctions.getTP, -1)), load(sysexec(com.leekwars.generator.FightFunctions.getTotalLife, new Object[] { null })), load(sysexec(com.leekwars.generator.FightFunctions.getTotalLife, 1)), load(sysexec(com.leekwars.generator.FightFunctions.getTotalLife, -1)), load(sysexec(com.leekwars.generator.FightFunctions.isEnemy, 0)), load(sysexec(com.leekwars.generator.FightFunctions.isEnemy, 1)), load(sysexec(com.leekwars.generator.FightFunctions.isEnemy, -1)), load(sysexec(com.leekwars.generator.FightFunctions.isAlly, 0)), load(sysexec(com.leekwars.generator.FightFunctions.isAlly, 1)), load(sysexec(com.leekwars.generator.FightFunctions.isAlly, -1)), load(sysexec(com.leekwars.generator.FightFunctions.isDead, 0)), load(sysexec(com.leekwars.generator.FightFunctions.isDead, 1)), load(sysexec(com.leekwars.generator.FightFunctions.isDead, -1)), load(sysexec(com.leekwars.generator.FightFunctions.isAlive, 0)), load(sysexec(com.leekwars.generator.FightFunctions.isAlive, 1)), load(sysexec(com.leekwars.generator.FightFunctions.isAlive, -1)), load(sysexec(com.leekwars.generator.FightFunctions.getLeek)), load(sysexec(LeekFunctions.string, load(sysexec(com.leekwars.generator.FightFunctions.getChips, new Object[] { null })))), load(sysexec(LeekFunctions.string, load(sysexec(com.leekwars.generator.FightFunctions.getChips, 1)))), load(sysexec(com.leekwars.generator.FightFunctions.getChips, -1)), load(sysexec(com.leekwars.generator.FightFunctions.getAbsoluteShield, new Object[] { null })), load(sysexec(com.leekwars.generator.FightFunctions.getAbsoluteShield, 1)), load(sysexec(com.leekwars.generator.FightFunctions.getAbsoluteShield, -1)), load(sysexec(com.leekwars.generator.FightFunctions.getRelativeShield, new Object[] { null })), load(sysexec(com.leekwars.generator.FightFunctions.getRelativeShield, 1)), load(sysexec(com.leekwars.generator.FightFunctions.getRelativeShield, -1)), load(sysexec(com.leekwars.generator.FightFunctions.getLevel, new Object[] { null })), load(sysexec(com.leekwars.generator.FightFunctions.getLevel, 1)), load(sysexec(com.leekwars.generator.FightFunctions.getLevel, -1)), load(sysexec(com.leekwars.generator.FightFunctions.getFrequency, new Object[] { null })), load(sysexec(com.leekwars.generator.FightFunctions.getFrequency, 1)), load(sysexec(com.leekwars.generator.FightFunctions.getFrequency, -1)), load(sysexec(com.leekwars.generator.FightFunctions.getLeekID, new Object[] { null })), load(sysexec(com.leekwars.generator.FightFunctions.getLeekID, 1)), load(sysexec(com.leekwars.generator.FightFunctions.getLeekID, -1)), load(sysexec(com.leekwars.generator.FightFunctions.getTeamName, new Object[] { null })), load(sysexec(com.leekwars.generator.FightFunctions.getTeamName, 1)), load(sysexec(com.leekwars.generator.FightFunctions.getTeamName, -1)), load(sysexec(com.leekwars.generator.FightFunctions.getFarmerName, new Object[] { null })), load(sysexec(com.leekwars.generator.FightFunctions.getFarmerName, 1)), load(sysexec(com.leekwars.generator.FightFunctions.getFarmerName, -1)), load(sysexec(com.leekwars.generator.FightFunctions.getTeamID, new Object[] { null })), load(sysexec(com.leekwars.generator.FightFunctions.getTeamID, 1)), load(sysexec(com.leekwars.generator.FightFunctions.getTeamID, -1)), load(sysexec(com.leekwars.generator.FightFunctions.getFarmerID, new Object[] { null })), load(sysexec(com.leekwars.generator.FightFunctions.getFarmerID, 1)), load(sysexec(com.leekwars.generator.FightFunctions.getFarmerID, -1)), load(sysexec(com.leekwars.generator.FightFunctions.getAIName, new Object[] { null })), load(sysexec(com.leekwars.generator.FightFunctions.getAIName, 1)), load(sysexec(com.leekwars.generator.FightFunctions.getAIName, -1)), load(sysexec(com.leekwars.generator.FightFunctions.getAIID, -1)) }, false), 24);
                                                                                                                                                                                                                                                                                                                                                                                                                                                                                                                                                                                                                                                                                                                                                                                                                                                                                                                                                                                                                                                                                                                                                                                                                                                                                                                                                                                                                                                                                                                                                                                                                                                                                                                                                                                                                                                                                                                                                                                                                                                                                                                                                                                                                                                                                                                                                                                                                                                                                                                                                                                                                                                                                                                                                                                                                                                                                                                                                                                                                                                                                                                                                                                                                                                                                                                                                                                                                                                                                                                                                                                                                                                                                                                                                                                                                                                                                                                                                                                                                                                                                                                                                                   ^
AI_10.java:12: error: package com.leekwars.generator does not exist
return ops(new ArrayLeekValue(AI_10.this, new Object[] { load(sysexec(com.leekwars.generator.FightFunctions.getForce, new Object[] { null })), load(sysexec(com.leekwars.generator.FightFunctions.getForce, 1)), load(sysexec(com.leekwars.generator.FightFunctions.getForce, -1)), load(sysexec(com.leekwars.generator.FightFunctions.getAgility, new Object[] { null })), load(sysexec(com.leekwars.generator.FightFunctions.getAgility, 1)), load(sysexec(com.leekwars.generator.FightFunctions.getAgility, -1)), load(sysexec(com.leekwars.generator.FightFunctions.getLife, new Object[] { null })), load(sysexec(com.leekwars.generator.FightFunctions.getLife, 1)), load(sysexec(com.leekwars.generator.FightFunctions.getLife, -1)), load(sysexec(com.leekwars.generator.FightFunctions.getCell, new Object[] { null })), load(sysexec(com.leekwars.generator.FightFunctions.getCell, 1)), load(sysexec(com.leekwars.generator.FightFunctions.getCell, -1)), load(sysexec(com.leekwars.generator.FightFunctions.getWeapon, new Object[] { null })), load(sysexec(com.leekwars.generator.FightFunctions.getWeapon, 1)), load(sysexec(com.leekwars.generator.FightFunctions.getWeapon, -1)), load(sysexec(com.leekwars.generator.FightFunctions.getMP, new Object[] { null })), load(sysexec(com.leekwars.generator.FightFunctions.getMP, 1)), load(sysexec(com.leekwars.generator.FightFunctions.getMP, -1)), load(sysexec(com.leekwars.generator.FightFunctions.getTP, new Object[] { null })), load(sysexec(com.leekwars.generator.FightFunctions.getTP, 1)), load(sysexec(com.leekwars.generator.FightFunctions.getTP, -1)), load(sysexec(com.leekwars.generator.FightFunctions.getTotalLife, new Object[] { null })), load(sysexec(com.leekwars.generator.FightFunctions.getTotalLife, 1)), load(sysexec(com.leekwars.generator.FightFunctions.getTotalLife, -1)), load(sysexec(com.leekwars.generator.FightFunctions.isEnemy, 0)), load(sysexec(com.leekwars.generator.FightFunctions.isEnemy, 1)), load(sysexec(com.leekwars.generator.FightFunctions.isEnemy, -1)), load(sysexec(com.leekwars.generator.FightFunctions.isAlly, 0)), load(sysexec(com.leekwars.generator.FightFunctions.isAlly, 1)), load(sysexec(com.leekwars.generator.FightFunctions.isAlly, -1)), load(sysexec(com.leekwars.generator.FightFunctions.isDead, 0)), load(sysexec(com.leekwars.generator.FightFunctions.isDead, 1)), load(sysexec(com.leekwars.generator.FightFunctions.isDead, -1)), load(sysexec(com.leekwars.generator.FightFunctions.isAlive, 0)), load(sysexec(com.leekwars.generator.FightFunctions.isAlive, 1)), load(sysexec(com.leekwars.generator.FightFunctions.isAlive, -1)), load(sysexec(com.leekwars.generator.FightFunctions.getLeek)), load(sysexec(LeekFunctions.string, load(sysexec(com.leekwars.generator.FightFunctions.getChips, new Object[] { null })))), load(sysexec(LeekFunctions.string, load(sysexec(com.leekwars.generator.FightFunctions.getChips, 1)))), load(sysexec(com.leekwars.generator.FightFunctions.getChips, -1)), load(sysexec(com.leekwars.generator.FightFunctions.getAbsoluteShield, new Object[] { null })), load(sysexec(com.leekwars.generator.FightFunctions.getAbsoluteShield, 1)), load(sysexec(com.leekwars.generator.FightFunctions.getAbsoluteShield, -1)), load(sysexec(com.leekwars.generator.FightFunctions.getRelativeShield, new Object[] { null })), load(sysexec(com.leekwars.generator.FightFunctions.getRelativeShield, 1)), load(sysexec(com.leekwars.generator.FightFunctions.getRelativeShield, -1)), load(sysexec(com.leekwars.generator.FightFunctions.getLevel, new Object[] { null })), load(sysexec(com.leekwars.generator.FightFunctions.getLevel, 1)), load(sysexec(com.leekwars.generator.FightFunctions.getLevel, -1)), load(sysexec(com.leekwars.generator.FightFunctions.getFrequency, new Object[] { null })), load(sysexec(com.leekwars.generator.FightFunctions.getFrequency, 1)), load(sysexec(com.leekwars.generator.FightFunctions.getFrequency, -1)), load(sysexec(com.leekwars.generator.FightFunctions.getLeekID, new Object[] { null })), load(sysexec(com.leekwars.generator.FightFunctions.getLeekID, 1)), load(sysexec(com.leekwars.generator.FightFunctions.getLeekID, -1)), load(sysexec(com.leekwars.generator.FightFunctions.getTeamName, new Object[] { null })), load(sysexec(com.leekwars.generator.FightFunctions.getTeamName, 1)), load(sysexec(com.leekwars.generator.FightFunctions.getTeamName, -1)), load(sysexec(com.leekwars.generator.FightFunctions.getFarmerName, new Object[] { null })), load(sysexec(com.leekwars.generator.FightFunctions.getFarmerName, 1)), load(sysexec(com.leekwars.generator.FightFunctions.getFarmerName, -1)), load(sysexec(com.leekwars.generator.FightFunctions.getTeamID, new Object[] { null })), load(sysexec(com.leekwars.generator.FightFunctions.getTeamID, 1)), load(sysexec(com.leekwars.generator.FightFunctions.getTeamID, -1)), load(sysexec(com.leekwars.generator.FightFunctions.getFarmerID, new Object[] { null })), load(sysexec(com.leekwars.generator.FightFunctions.getFarmerID, 1)), load(sysexec(com.leekwars.generator.FightFunctions.getFarmerID, -1)), load(sysexec(com.leekwars.generator.FightFunctions.getAIName, new Object[] { null })), load(sysexec(com.leekwars.generator.FightFunctions.getAIName, 1)), load(sysexec(com.leekwars.generator.FightFunctions.getAIName, -1)), load(sysexec(com.leekwars.generator.FightFunctions.getAIID, -1)) }, false), 24);
                                                                                                                                                                                                                                                                                                                                                                                                                                                                                                                                                                                                                                                                                                                                                                                                                                                                                                                                                                                                                                                                                                                                                                                                                                                                                                                                                                                                                                                                                                                                                                                                                                                                                                                                                                                                                                                                                                                                                                                                                                                                                                                                                                                                                                                                                                                                                                                                                                                                                                                                                                                                                                                                                                                                                                                                                                                                                                                                                                                                                                                                                                                                                                                                                                                                                                                                                                                                                                                                                                                                                                                                                                                                                                                                                                                                                                                                                                                                                                                                                                                                                                                                                                                                                                      ^
AI_10.java:12: error: package com.leekwars.generator does not exist
return ops(new ArrayLeekValue(AI_10.this, new Object[] { load(sysexec(com.leekwars.generator.FightFunctions.getForce, new Object[] { null })), load(sysexec(com.leekwars.generator.FightFunctions.getForce, 1)), load(sysexec(com.leekwars.generator.FightFunctions.getForce, -1)), load(sysexec(com.leekwars.generator.FightFunctions.getAgility, new Object[] { null })), load(sysexec(com.leekwars.generator.FightFunctions.getAgility, 1)), load(sysexec(com.leekwars.generator.FightFunctions.getAgility, -1)), load(sysexec(com.leekwars.generator.FightFunctions.getLife, new Object[] { null })), load(sysexec(com.leekwars.generator.FightFunctions.getLife, 1)), load(sysexec(com.leekwars.generator.FightFunctions.getLife, -1)), load(sysexec(com.leekwars.generator.FightFunctions.getCell, new Object[] { null })), load(sysexec(com.leekwars.generator.FightFunctions.getCell, 1)), load(sysexec(com.leekwars.generator.FightFunctions.getCell, -1)), load(sysexec(com.leekwars.generator.FightFunctions.getWeapon, new Object[] { null })), load(sysexec(com.leekwars.generator.FightFunctions.getWeapon, 1)), load(sysexec(com.leekwars.generator.FightFunctions.getWeapon, -1)), load(sysexec(com.leekwars.generator.FightFunctions.getMP, new Object[] { null })), load(sysexec(com.leekwars.generator.FightFunctions.getMP, 1)), load(sysexec(com.leekwars.generator.FightFunctions.getMP, -1)), load(sysexec(com.leekwars.generator.FightFunctions.getTP, new Object[] { null })), load(sysexec(com.leekwars.generator.FightFunctions.getTP, 1)), load(sysexec(com.leekwars.generator.FightFunctions.getTP, -1)), load(sysexec(com.leekwars.generator.FightFunctions.getTotalLife, new Object[] { null })), load(sysexec(com.leekwars.generator.FightFunctions.getTotalLife, 1)), load(sysexec(com.leekwars.generator.FightFunctions.getTotalLife, -1)), load(sysexec(com.leekwars.generator.FightFunctions.isEnemy, 0)), load(sysexec(com.leekwars.generator.FightFunctions.isEnemy, 1)), load(sysexec(com.leekwars.generator.FightFunctions.isEnemy, -1)), load(sysexec(com.leekwars.generator.FightFunctions.isAlly, 0)), load(sysexec(com.leekwars.generator.FightFunctions.isAlly, 1)), load(sysexec(com.leekwars.generator.FightFunctions.isAlly, -1)), load(sysexec(com.leekwars.generator.FightFunctions.isDead, 0)), load(sysexec(com.leekwars.generator.FightFunctions.isDead, 1)), load(sysexec(com.leekwars.generator.FightFunctions.isDead, -1)), load(sysexec(com.leekwars.generator.FightFunctions.isAlive, 0)), load(sysexec(com.leekwars.generator.FightFunctions.isAlive, 1)), load(sysexec(com.leekwars.generator.FightFunctions.isAlive, -1)), load(sysexec(com.leekwars.generator.FightFunctions.getLeek)), load(sysexec(LeekFunctions.string, load(sysexec(com.leekwars.generator.FightFunctions.getChips, new Object[] { null })))), load(sysexec(LeekFunctions.string, load(sysexec(com.leekwars.generator.FightFunctions.getChips, 1)))), load(sysexec(com.leekwars.generator.FightFunctions.getChips, -1)), load(sysexec(com.leekwars.generator.FightFunctions.getAbsoluteShield, new Object[] { null })), load(sysexec(com.leekwars.generator.FightFunctions.getAbsoluteShield, 1)), load(sysexec(com.leekwars.generator.FightFunctions.getAbsoluteShield, -1)), load(sysexec(com.leekwars.generator.FightFunctions.getRelativeShield, new Object[] { null })), load(sysexec(com.leekwars.generator.FightFunctions.getRelativeShield, 1)), load(sysexec(com.leekwars.generator.FightFunctions.getRelativeShield, -1)), load(sysexec(com.leekwars.generator.FightFunctions.getLevel, new Object[] { null })), load(sysexec(com.leekwars.generator.FightFunctions.getLevel, 1)), load(sysexec(com.leekwars.generator.FightFunctions.getLevel, -1)), load(sysexec(com.leekwars.generator.FightFunctions.getFrequency, new Object[] { null })), load(sysexec(com.leekwars.generator.FightFunctions.getFrequency, 1)), load(sysexec(com.leekwars.generator.FightFunctions.getFrequency, -1)), load(sysexec(com.leekwars.generator.FightFunctions.getLeekID, new Object[] { null })), load(sysexec(com.leekwars.generator.FightFunctions.getLeekID, 1)), load(sysexec(com.leekwars.generator.FightFunctions.getLeekID, -1)), load(sysexec(com.leekwars.generator.FightFunctions.getTeamName, new Object[] { null })), load(sysexec(com.leekwars.generator.FightFunctions.getTeamName, 1)), load(sysexec(com.leekwars.generator.FightFunctions.getTeamName, -1)), load(sysexec(com.leekwars.generator.FightFunctions.getFarmerName, new Object[] { null })), load(sysexec(com.leekwars.generator.FightFunctions.getFarmerName, 1)), load(sysexec(com.leekwars.generator.FightFunctions.getFarmerName, -1)), load(sysexec(com.leekwars.generator.FightFunctions.getTeamID, new Object[] { null })), load(sysexec(com.leekwars.generator.FightFunctions.getTeamID, 1)), load(sysexec(com.leekwars.generator.FightFunctions.getTeamID, -1)), load(sysexec(com.leekwars.generator.FightFunctions.getFarmerID, new Object[] { null })), load(sysexec(com.leekwars.generator.FightFunctions.getFarmerID, 1)), load(sysexec(com.leekwars.generator.FightFunctions.getFarmerID, -1)), load(sysexec(com.leekwars.generator.FightFunctions.getAIName, new Object[] { null })), load(sysexec(com.leekwars.generator.FightFunctions.getAIName, 1)), load(sysexec(com.leekwars.generator.FightFunctions.getAIName, -1)), load(sysexec(com.leekwars.generator.FightFunctions.getAIID, -1)) }, false), 24);
                                                                                                                                                                                                                                                                                                                                                                                                                                                                                                                                                                                                                                                                                                                                                                                                                                                                                                                                                                                                                                                                                                                                                                                                                                                                                                                                                                                                                                                                                                                                                                                                                                                                                                                                                                                                                                                                                                                                                                                                                                                                                                                                                                                                                                                                                                                                                                                                                                                                                                                                                                                                                                                                                                                                                                                                                                                                                                                                                                                                                                                                                                                                                                                                                                                                                                                                                                                                                                                                                                                                                                                                                                                                                                                                                                                                                                                                                                                                                                                                                                                                                                                                                                                                                                                                                                          ^
AI_10.java:12: error: package com.leekwars.generator does not exist
return ops(new ArrayLeekValue(AI_10.this, new Object[] { load(sysexec(com.leekwars.generator.FightFunctions.getForce, new Object[] { null })), load(sysexec(com.leekwars.generator.FightFunctions.getForce, 1)), load(sysexec(com.leekwars.generator.FightFunctions.getForce, -1)), load(sysexec(com.leekwars.generator.FightFunctions.getAgility, new Object[] { null })), load(sysexec(com.leekwars.generator.FightFunctions.getAgility, 1)), load(sysexec(com.leekwars.generator.FightFunctions.getAgility, -1)), load(sysexec(com.leekwars.generator.FightFunctions.getLife, new Object[] { null })), load(sysexec(com.leekwars.generator.FightFunctions.getLife, 1)), load(sysexec(com.leekwars.generator.FightFunctions.getLife, -1)), load(sysexec(com.leekwars.generator.FightFunctions.getCell, new Object[] { null })), load(sysexec(com.leekwars.generator.FightFunctions.getCell, 1)), load(sysexec(com.leekwars.generator.FightFunctions.getCell, -1)), load(sysexec(com.leekwars.generator.FightFunctions.getWeapon, new Object[] { null })), load(sysexec(com.leekwars.generator.FightFunctions.getWeapon, 1)), load(sysexec(com.leekwars.generator.FightFunctions.getWeapon, -1)), load(sysexec(com.leekwars.generator.FightFunctions.getMP, new Object[] { null })), load(sysexec(com.leekwars.generator.FightFunctions.getMP, 1)), load(sysexec(com.leekwars.generator.FightFunctions.getMP, -1)), load(sysexec(com.leekwars.generator.FightFunctions.getTP, new Object[] { null })), load(sysexec(com.leekwars.generator.FightFunctions.getTP, 1)), load(sysexec(com.leekwars.generator.FightFunctions.getTP, -1)), load(sysexec(com.leekwars.generator.FightFunctions.getTotalLife, new Object[] { null })), load(sysexec(com.leekwars.generator.FightFunctions.getTotalLife, 1)), load(sysexec(com.leekwars.generator.FightFunctions.getTotalLife, -1)), load(sysexec(com.leekwars.generator.FightFunctions.isEnemy, 0)), load(sysexec(com.leekwars.generator.FightFunctions.isEnemy, 1)), load(sysexec(com.leekwars.generator.FightFunctions.isEnemy, -1)), load(sysexec(com.leekwars.generator.FightFunctions.isAlly, 0)), load(sysexec(com.leekwars.generator.FightFunctions.isAlly, 1)), load(sysexec(com.leekwars.generator.FightFunctions.isAlly, -1)), load(sysexec(com.leekwars.generator.FightFunctions.isDead, 0)), load(sysexec(com.leekwars.generator.FightFunctions.isDead, 1)), load(sysexec(com.leekwars.generator.FightFunctions.isDead, -1)), load(sysexec(com.leekwars.generator.FightFunctions.isAlive, 0)), load(sysexec(com.leekwars.generator.FightFunctions.isAlive, 1)), load(sysexec(com.leekwars.generator.FightFunctions.isAlive, -1)), load(sysexec(com.leekwars.generator.FightFunctions.getLeek)), load(sysexec(LeekFunctions.string, load(sysexec(com.leekwars.generator.FightFunctions.getChips, new Object[] { null })))), load(sysexec(LeekFunctions.string, load(sysexec(com.leekwars.generator.FightFunctions.getChips, 1)))), load(sysexec(com.leekwars.generator.FightFunctions.getChips, -1)), load(sysexec(com.leekwars.generator.FightFunctions.getAbsoluteShield, new Object[] { null })), load(sysexec(com.leekwars.generator.FightFunctions.getAbsoluteShield, 1)), load(sysexec(com.leekwars.generator.FightFunctions.getAbsoluteShield, -1)), load(sysexec(com.leekwars.generator.FightFunctions.getRelativeShield, new Object[] { null })), load(sysexec(com.leekwars.generator.FightFunctions.getRelativeShield, 1)), load(sysexec(com.leekwars.generator.FightFunctions.getRelativeShield, -1)), load(sysexec(com.leekwars.generator.FightFunctions.getLevel, new Object[] { null })), load(sysexec(com.leekwars.generator.FightFunctions.getLevel, 1)), load(sysexec(com.leekwars.generator.FightFunctions.getLevel, -1)), load(sysexec(com.leekwars.generator.FightFunctions.getFrequency, new Object[] { null })), load(sysexec(com.leekwars.generator.FightFunctions.getFrequency, 1)), load(sysexec(com.leekwars.generator.FightFunctions.getFrequency, -1)), load(sysexec(com.leekwars.generator.FightFunctions.getLeekID, new Object[] { null })), load(sysexec(com.leekwars.generator.FightFunctions.getLeekID, 1)), load(sysexec(com.leekwars.generator.FightFunctions.getLeekID, -1)), load(sysexec(com.leekwars.generator.FightFunctions.getTeamName, new Object[] { null })), load(sysexec(com.leekwars.generator.FightFunctions.getTeamName, 1)), load(sysexec(com.leekwars.generator.FightFunctions.getTeamName, -1)), load(sysexec(com.leekwars.generator.FightFunctions.getFarmerName, new Object[] { null })), load(sysexec(com.leekwars.generator.FightFunctions.getFarmerName, 1)), load(sysexec(com.leekwars.generator.FightFunctions.getFarmerName, -1)), load(sysexec(com.leekwars.generator.FightFunctions.getTeamID, new Object[] { null })), load(sysexec(com.leekwars.generator.FightFunctions.getTeamID, 1)), load(sysexec(com.leekwars.generator.FightFunctions.getTeamID, -1)), load(sysexec(com.leekwars.generator.FightFunctions.getFarmerID, new Object[] { null })), load(sysexec(com.leekwars.generator.FightFunctions.getFarmerID, 1)), load(sysexec(com.leekwars.generator.FightFunctions.getFarmerID, -1)), load(sysexec(com.leekwars.generator.FightFunctions.getAIName, new Object[] { null })), load(sysexec(com.leekwars.generator.FightFunctions.getAIName, 1)), load(sysexec(com.leekwars.generator.FightFunctions.getAIName, -1)), load(sysexec(com.leekwars.generator.FightFunctions.getAIID, -1)) }, false), 24);
                                                                                                                                                                                                                                                                                                                                                                                                                                                                                                                                                                                                                                                                                                                                                                                                                                                                                                                                                                                                                                                                                                                                                                                                                                                                                                                                                                                                                                                                                                                                                                                                                                                                                                                                                                                                                                                                                                                                                                                                                                                                                                                                                                                                                                                                                                                                                                                                                                                                                                                                                                                                                                                                                                                                                                                                                                                                                                                                                                                                                                                                                                                                                                                                                                                                                                                                                                                                                                                                                                                                                                                                                                                                                                                                                                                                                                                                                                                                                                                                                                                                                                                                                                                                                                                                                                                                                                                                   ^
AI_10.java:12: error: package com.leekwars.generator does not exist
return ops(new ArrayLeekValue(AI_10.this, new Object[] { load(sysexec(com.leekwars.generator.FightFunctions.getForce, new Object[] { null })), load(sysexec(com.leekwars.generator.FightFunctions.getForce, 1)), load(sysexec(com.leekwars.generator.FightFunctions.getForce, -1)), load(sysexec(com.leekwars.generator.FightFunctions.getAgility, new Object[] { null })), load(sysexec(com.leekwars.generator.FightFunctions.getAgility, 1)), load(sysexec(com.leekwars.generator.FightFunctions.getAgility, -1)), load(sysexec(com.leekwars.generator.FightFunctions.getLife, new Object[] { null })), load(sysexec(com.leekwars.generator.FightFunctions.getLife, 1)), load(sysexec(com.leekwars.generator.FightFunctions.getLife, -1)), load(sysexec(com.leekwars.generator.FightFunctions.getCell, new Object[] { null })), load(sysexec(com.leekwars.generator.FightFunctions.getCell, 1)), load(sysexec(com.leekwars.generator.FightFunctions.getCell, -1)), load(sysexec(com.leekwars.generator.FightFunctions.getWeapon, new Object[] { null })), load(sysexec(com.leekwars.generator.FightFunctions.getWeapon, 1)), load(sysexec(com.leekwars.generator.FightFunctions.getWeapon, -1)), load(sysexec(com.leekwars.generator.FightFunctions.getMP, new Object[] { null })), load(sysexec(com.leekwars.generator.FightFunctions.getMP, 1)), load(sysexec(com.leekwars.generator.FightFunctions.getMP, -1)), load(sysexec(com.leekwars.generator.FightFunctions.getTP, new Object[] { null })), load(sysexec(com.leekwars.generator.FightFunctions.getTP, 1)), load(sysexec(com.leekwars.generator.FightFunctions.getTP, -1)), load(sysexec(com.leekwars.generator.FightFunctions.getTotalLife, new Object[] { null })), load(sysexec(com.leekwars.generator.FightFunctions.getTotalLife, 1)), load(sysexec(com.leekwars.generator.FightFunctions.getTotalLife, -1)), load(sysexec(com.leekwars.generator.FightFunctions.isEnemy, 0)), load(sysexec(com.leekwars.generator.FightFunctions.isEnemy, 1)), load(sysexec(com.leekwars.generator.FightFunctions.isEnemy, -1)), load(sysexec(com.leekwars.generator.FightFunctions.isAlly, 0)), load(sysexec(com.leekwars.generator.FightFunctions.isAlly, 1)), load(sysexec(com.leekwars.generator.FightFunctions.isAlly, -1)), load(sysexec(com.leekwars.generator.FightFunctions.isDead, 0)), load(sysexec(com.leekwars.generator.FightFunctions.isDead, 1)), load(sysexec(com.leekwars.generator.FightFunctions.isDead, -1)), load(sysexec(com.leekwars.generator.FightFunctions.isAlive, 0)), load(sysexec(com.leekwars.generator.FightFunctions.isAlive, 1)), load(sysexec(com.leekwars.generator.FightFunctions.isAlive, -1)), load(sysexec(com.leekwars.generator.FightFunctions.getLeek)), load(sysexec(LeekFunctions.string, load(sysexec(com.leekwars.generator.FightFunctions.getChips, new Object[] { null })))), load(sysexec(LeekFunctions.string, load(sysexec(com.leekwars.generator.FightFunctions.getChips, 1)))), load(sysexec(com.leekwars.generator.FightFunctions.getChips, -1)), load(sysexec(com.leekwars.generator.FightFunctions.getAbsoluteShield, new Object[] { null })), load(sysexec(com.leekwars.generator.FightFunctions.getAbsoluteShield, 1)), load(sysexec(com.leekwars.generator.FightFunctions.getAbsoluteShield, -1)), load(sysexec(com.leekwars.generator.FightFunctions.getRelativeShield, new Object[] { null })), load(sysexec(com.leekwars.generator.FightFunctions.getRelativeShield, 1)), load(sysexec(com.leekwars.generator.FightFunctions.getRelativeShield, -1)), load(sysexec(com.leekwars.generator.FightFunctions.getLevel, new Object[] { null })), load(sysexec(com.leekwars.generator.FightFunctions.getLevel, 1)), load(sysexec(com.leekwars.generator.FightFunctions.getLevel, -1)), load(sysexec(com.leekwars.generator.FightFunctions.getFrequency, new Object[] { null })), load(sysexec(com.leekwars.generator.FightFunctions.getFrequency, 1)), load(sysexec(com.leekwars.generator.FightFunctions.getFrequency, -1)), load(sysexec(com.leekwars.generator.FightFunctions.getLeekID, new Object[] { null })), load(sysexec(com.leekwars.generator.FightFunctions.getLeekID, 1)), load(sysexec(com.leekwars.generator.FightFunctions.getLeekID, -1)), load(sysexec(com.leekwars.generator.FightFunctions.getTeamName, new Object[] { null })), load(sysexec(com.leekwars.generator.FightFunctions.getTeamName, 1)), load(sysexec(com.leekwars.generator.FightFunctions.getTeamName, -1)), load(sysexec(com.leekwars.generator.FightFunctions.getFarmerName, new Object[] { null })), load(sysexec(com.leekwars.generator.FightFunctions.getFarmerName, 1)), load(sysexec(com.leekwars.generator.FightFunctions.getFarmerName, -1)), load(sysexec(com.leekwars.generator.FightFunctions.getTeamID, new Object[] { null })), load(sysexec(com.leekwars.generator.FightFunctions.getTeamID, 1)), load(sysexec(com.leekwars.generator.FightFunctions.getTeamID, -1)), load(sysexec(com.leekwars.generator.FightFunctions.getFarmerID, new Object[] { null })), load(sysexec(com.leekwars.generator.FightFunctions.getFarmerID, 1)), load(sysexec(com.leekwars.generator.FightFunctions.getFarmerID, -1)), load(sysexec(com.leekwars.generator.FightFunctions.getAIName, new Object[] { null })), load(sysexec(com.leekwars.generator.FightFunctions.getAIName, 1)), load(sysexec(com.leekwars.generator.FightFunctions.getAIName, -1)), load(sysexec(com.leekwars.generator.FightFunctions.getAIID, -1)) }, false), 24);
                                                                                                                                                                                                                                                                                                                                                                                                                                                                                                                                                                                                                                                                                                                                                                                                                                                                                                                                                                                                                                                                                                                                                                                                                                                                                                                                                                                                                                                                                                                                                                                                                                                                                                                                                                                                                                                                                                                                                                                                                                                                                                                                                                                                                                                                                                                                                                                                                                                                                                                                                                                                                                                                                                                                                                                                                                                                                                                                                                                                                                                                                                                                                                                                                                                                                                                                                                                                                                                                                                                                                                                                                                                                                                                                                                                                                                                                                                                                                                                                                                                                                                                                                                                                                                                                                                                                                                                                                                                                        ^
AI_10.java:12: error: package com.leekwars.generator does not exist
return ops(new ArrayLeekValue(AI_10.this, new Object[] { load(sysexec(com.leekwars.generator.FightFunctions.getForce, new Object[] { null })), load(sysexec(com.leekwars.generator.FightFunctions.getForce, 1)), load(sysexec(com.leekwars.generator.FightFunctions.getForce, -1)), load(sysexec(com.leekwars.generator.FightFunctions.getAgility, new Object[] { null })), load(sysexec(com.leekwars.generator.FightFunctions.getAgility, 1)), load(sysexec(com.leekwars.generator.FightFunctions.getAgility, -1)), load(sysexec(com.leekwars.generator.FightFunctions.getLife, new Object[] { null })), load(sysexec(com.leekwars.generator.FightFunctions.getLife, 1)), load(sysexec(com.leekwars.generator.FightFunctions.getLife, -1)), load(sysexec(com.leekwars.generator.FightFunctions.getCell, new Object[] { null })), load(sysexec(com.leekwars.generator.FightFunctions.getCell, 1)), load(sysexec(com.leekwars.generator.FightFunctions.getCell, -1)), load(sysexec(com.leekwars.generator.FightFunctions.getWeapon, new Object[] { null })), load(sysexec(com.leekwars.generator.FightFunctions.getWeapon, 1)), load(sysexec(com.leekwars.generator.FightFunctions.getWeapon, -1)), load(sysexec(com.leekwars.generator.FightFunctions.getMP, new Object[] { null })), load(sysexec(com.leekwars.generator.FightFunctions.getMP, 1)), load(sysexec(com.leekwars.generator.FightFunctions.getMP, -1)), load(sysexec(com.leekwars.generator.FightFunctions.getTP, new Object[] { null })), load(sysexec(com.leekwars.generator.FightFunctions.getTP, 1)), load(sysexec(com.leekwars.generator.FightFunctions.getTP, -1)), load(sysexec(com.leekwars.generator.FightFunctions.getTotalLife, new Object[] { null })), load(sysexec(com.leekwars.generator.FightFunctions.getTotalLife, 1)), load(sysexec(com.leekwars.generator.FightFunctions.getTotalLife, -1)), load(sysexec(com.leekwars.generator.FightFunctions.isEnemy, 0)), load(sysexec(com.leekwars.generator.FightFunctions.isEnemy, 1)), load(sysexec(com.leekwars.generator.FightFunctions.isEnemy, -1)), load(sysexec(com.leekwars.generator.FightFunctions.isAlly, 0)), load(sysexec(com.leekwars.generator.FightFunctions.isAlly, 1)), load(sysexec(com.leekwars.generator.FightFunctions.isAlly, -1)), load(sysexec(com.leekwars.generator.FightFunctions.isDead, 0)), load(sysexec(com.leekwars.generator.FightFunctions.isDead, 1)), load(sysexec(com.leekwars.generator.FightFunctions.isDead, -1)), load(sysexec(com.leekwars.generator.FightFunctions.isAlive, 0)), load(sysexec(com.leekwars.generator.FightFunctions.isAlive, 1)), load(sysexec(com.leekwars.generator.FightFunctions.isAlive, -1)), load(sysexec(com.leekwars.generator.FightFunctions.getLeek)), load(sysexec(LeekFunctions.string, load(sysexec(com.leekwars.generator.FightFunctions.getChips, new Object[] { null })))), load(sysexec(LeekFunctions.string, load(sysexec(com.leekwars.generator.FightFunctions.getChips, 1)))), load(sysexec(com.leekwars.generator.FightFunctions.getChips, -1)), load(sysexec(com.leekwars.generator.FightFunctions.getAbsoluteShield, new Object[] { null })), load(sysexec(com.leekwars.generator.FightFunctions.getAbsoluteShield, 1)), load(sysexec(com.leekwars.generator.FightFunctions.getAbsoluteShield, -1)), load(sysexec(com.leekwars.generator.FightFunctions.getRelativeShield, new Object[] { null })), load(sysexec(com.leekwars.generator.FightFunctions.getRelativeShield, 1)), load(sysexec(com.leekwars.generator.FightFunctions.getRelativeShield, -1)), load(sysexec(com.leekwars.generator.FightFunctions.getLevel, new Object[] { null })), load(sysexec(com.leekwars.generator.FightFunctions.getLevel, 1)), load(sysexec(com.leekwars.generator.FightFunctions.getLevel, -1)), load(sysexec(com.leekwars.generator.FightFunctions.getFrequency, new Object[] { null })), load(sysexec(com.leekwars.generator.FightFunctions.getFrequency, 1)), load(sysexec(com.leekwars.generator.FightFunctions.getFrequency, -1)), load(sysexec(com.leekwars.generator.FightFunctions.getLeekID, new Object[] { null })), load(sysexec(com.leekwars.generator.FightFunctions.getLeekID, 1)), load(sysexec(com.leekwars.generator.FightFunctions.getLeekID, -1)), load(sysexec(com.leekwars.generator.FightFunctions.getTeamName, new Object[] { null })), load(sysexec(com.leekwars.generator.FightFunctions.getTeamName, 1)), load(sysexec(com.leekwars.generator.FightFunctions.getTeamName, -1)), load(sysexec(com.leekwars.generator.FightFunctions.getFarmerName, new Object[] { null })), load(sysexec(com.leekwars.generator.FightFunctions.getFarmerName, 1)), load(sysexec(com.leekwars.generator.FightFunctions.getFarmerName, -1)), load(sysexec(com.leekwars.generator.FightFunctions.getTeamID, new Object[] { null })), load(sysexec(com.leekwars.generator.FightFunctions.getTeamID, 1)), load(sysexec(com.leekwars.generator.FightFunctions.getTeamID, -1)), load(sysexec(com.leekwars.generator.FightFunctions.getFarmerID, new Object[] { null })), load(sysexec(com.leekwars.generator.FightFunctions.getFarmerID, 1)), load(sysexec(com.leekwars.generator.FightFunctions.getFarmerID, -1)), load(sysexec(com.leekwars.generator.FightFunctions.getAIName, new Object[] { null })), load(sysexec(com.leekwars.generator.FightFunctions.getAIName, 1)), load(sysexec(com.leekwars.generator.FightFunctions.getAIName, -1)), load(sysexec(com.leekwars.generator.FightFunctions.getAIID, -1)) }, false), 24);
                                                                                                                                                                                                                                                                                                                                                                                                                                                                                                                                                                                                                                                                                                                                                                                                                                                                                                                                                                                                                                                                                                                                                                                                                                                                                                                                                                                                                                                                                                                                                                                                                                                                                                                                                                                                                                                                                                                                                                                                                                                                                                                                                                                                                                                                                                                                                                                                                                                                                                                                                                                                                                                                                                                                                                                                                                                                                                                                                                                                                                                                                                                                                                                                                                                                                                                                                                                                                                                                                                                                                                                                                                                                                                                                                                                                                                                                                                                                                                                                                                                                                                                                                                                                                                                                                                                                                                                                                                                                                                                                              ^
AI_10.java:12: error: package com.leekwars.generator does not exist
return ops(new ArrayLeekValue(AI_10.this, new Object[] { load(sysexec(com.leekwars.generator.FightFunctions.getForce, new Object[] { null })), load(sysexec(com.leekwars.generator.FightFunctions.getForce, 1)), load(sysexec(com.leekwars.generator.FightFunctions.getForce, -1)), load(sysexec(com.leekwars.generator.FightFunctions.getAgility, new Object[] { null })), load(sysexec(com.leekwars.generator.FightFunctions.getAgility, 1)), load(sysexec(com.leekwars.generator.FightFunctions.getAgility, -1)), load(sysexec(com.leekwars.generator.FightFunctions.getLife, new Object[] { null })), load(sysexec(com.leekwars.generator.FightFunctions.getLife, 1)), load(sysexec(com.leekwars.generator.FightFunctions.getLife, -1)), load(sysexec(com.leekwars.generator.FightFunctions.getCell, new Object[] { null })), load(sysexec(com.leekwars.generator.FightFunctions.getCell, 1)), load(sysexec(com.leekwars.generator.FightFunctions.getCell, -1)), load(sysexec(com.leekwars.generator.FightFunctions.getWeapon, new Object[] { null })), load(sysexec(com.leekwars.generator.FightFunctions.getWeapon, 1)), load(sysexec(com.leekwars.generator.FightFunctions.getWeapon, -1)), load(sysexec(com.leekwars.generator.FightFunctions.getMP, new Object[] { null })), load(sysexec(com.leekwars.generator.FightFunctions.getMP, 1)), load(sysexec(com.leekwars.generator.FightFunctions.getMP, -1)), load(sysexec(com.leekwars.generator.FightFunctions.getTP, new Object[] { null })), load(sysexec(com.leekwars.generator.FightFunctions.getTP, 1)), load(sysexec(com.leekwars.generator.FightFunctions.getTP, -1)), load(sysexec(com.leekwars.generator.FightFunctions.getTotalLife, new Object[] { null })), load(sysexec(com.leekwars.generator.FightFunctions.getTotalLife, 1)), load(sysexec(com.leekwars.generator.FightFunctions.getTotalLife, -1)), load(sysexec(com.leekwars.generator.FightFunctions.isEnemy, 0)), load(sysexec(com.leekwars.generator.FightFunctions.isEnemy, 1)), load(sysexec(com.leekwars.generator.FightFunctions.isEnemy, -1)), load(sysexec(com.leekwars.generator.FightFunctions.isAlly, 0)), load(sysexec(com.leekwars.generator.FightFunctions.isAlly, 1)), load(sysexec(com.leekwars.generator.FightFunctions.isAlly, -1)), load(sysexec(com.leekwars.generator.FightFunctions.isDead, 0)), load(sysexec(com.leekwars.generator.FightFunctions.isDead, 1)), load(sysexec(com.leekwars.generator.FightFunctions.isDead, -1)), load(sysexec(com.leekwars.generator.FightFunctions.isAlive, 0)), load(sysexec(com.leekwars.generator.FightFunctions.isAlive, 1)), load(sysexec(com.leekwars.generator.FightFunctions.isAlive, -1)), load(sysexec(com.leekwars.generator.FightFunctions.getLeek)), load(sysexec(LeekFunctions.string, load(sysexec(com.leekwars.generator.FightFunctions.getChips, new Object[] { null })))), load(sysexec(LeekFunctions.string, load(sysexec(com.leekwars.generator.FightFunctions.getChips, 1)))), load(sysexec(com.leekwars.generator.FightFunctions.getChips, -1)), load(sysexec(com.leekwars.generator.FightFunctions.getAbsoluteShield, new Object[] { null })), load(sysexec(com.leekwars.generator.FightFunctions.getAbsoluteShield, 1)), load(sysexec(com.leekwars.generator.FightFunctions.getAbsoluteShield, -1)), load(sysexec(com.leekwars.generator.FightFunctions.getRelativeShield, new Object[] { null })), load(sysexec(com.leekwars.generator.FightFunctions.getRelativeShield, 1)), load(sysexec(com.leekwars.generator.FightFunctions.getRelativeShield, -1)), load(sysexec(com.leekwars.generator.FightFunctions.getLevel, new Object[] { null })), load(sysexec(com.leekwars.generator.FightFunctions.getLevel, 1)), load(sysexec(com.leekwars.generator.FightFunctions.getLevel, -1)), load(sysexec(com.leekwars.generator.FightFunctions.getFrequency, new Object[] { null })), load(sysexec(com.leekwars.generator.FightFunctions.getFrequency, 1)), load(sysexec(com.leekwars.generator.FightFunctions.getFrequency, -1)), load(sysexec(com.leekwars.generator.FightFunctions.getLeekID, new Object[] { null })), load(sysexec(com.leekwars.generator.FightFunctions.getLeekID, 1)), load(sysexec(com.leekwars.generator.FightFunctions.getLeekID, -1)), load(sysexec(com.leekwars.generator.FightFunctions.getTeamName, new Object[] { null })), load(sysexec(com.leekwars.generator.FightFunctions.getTeamName, 1)), load(sysexec(com.leekwars.generator.FightFunctions.getTeamName, -1)), load(sysexec(com.leekwars.generator.FightFunctions.getFarmerName, new Object[] { null })), load(sysexec(com.leekwars.generator.FightFunctions.getFarmerName, 1)), load(sysexec(com.leekwars.generator.FightFunctions.getFarmerName, -1)), load(sysexec(com.leekwars.generator.FightFunctions.getTeamID, new Object[] { null })), load(sysexec(com.leekwars.generator.FightFunctions.getTeamID, 1)), load(sysexec(com.leekwars.generator.FightFunctions.getTeamID, -1)), load(sysexec(com.leekwars.generator.FightFunctions.getFarmerID, new Object[] { null })), load(sysexec(com.leekwars.generator.FightFunctions.getFarmerID, 1)), load(sysexec(com.leekwars.generator.FightFunctions.getFarmerID, -1)), load(sysexec(com.leekwars.generator.FightFunctions.getAIName, new Object[] { null })), load(sysexec(com.leekwars.generator.FightFunctions.getAIName, 1)), load(sysexec(com.leekwars.generator.FightFunctions.getAIName, -1)), load(sysexec(com.leekwars.generator.FightFunctions.getAIID, -1)) }, false), 24);
                                                                                                                                                                                                                                                                                                                                                                                                                                                                                                                                                                                                                                                                                                                                                                                                                                                                                                                                                                                                                                                                                                                                                                                                                                                                                                                                                                                                                                                                                                                                                                                                                                                                                                                                                                                                                                                                                                                                                                                                                                                                                                                                                                                                                                                                                                                                                                                                                                                                                                                                                                                                                                                                                                                                                                                                                                                                                                                                                                                                                                                                                                                                                                                                                                                                                                                                                                                                                                                                                                                                                                                                                                                                                                                                                                                                                                                                                                                                                                                                                                                                                                                                                                                                                                                                                                                                                                                                                                                                                                                                                                                                                                         ^
AI_10.java:12: error: package com.leekwars.generator does not exist
return ops(new ArrayLeekValue(AI_10.this, new Object[] { load(sysexec(com.leekwars.generator.FightFunctions.getForce, new Object[] { null })), load(sysexec(com.leekwars.generator.FightFunctions.getForce, 1)), load(sysexec(com.leekwars.generator.FightFunctions.getForce, -1)), load(sysexec(com.leekwars.generator.FightFunctions.getAgility, new Object[] { null })), load(sysexec(com.leekwars.generator.FightFunctions.getAgility, 1)), load(sysexec(com.leekwars.generator.FightFunctions.getAgility, -1)), load(sysexec(com.leekwars.generator.FightFunctions.getLife, new Object[] { null })), load(sysexec(com.leekwars.generator.FightFunctions.getLife, 1)), load(sysexec(com.leekwars.generator.FightFunctions.getLife, -1)), load(sysexec(com.leekwars.generator.FightFunctions.getCell, new Object[] { null })), load(sysexec(com.leekwars.generator.FightFunctions.getCell, 1)), load(sysexec(com.leekwars.generator.FightFunctions.getCell, -1)), load(sysexec(com.leekwars.generator.FightFunctions.getWeapon, new Object[] { null })), load(sysexec(com.leekwars.generator.FightFunctions.getWeapon, 1)), load(sysexec(com.leekwars.generator.FightFunctions.getWeapon, -1)), load(sysexec(com.leekwars.generator.FightFunctions.getMP, new Object[] { null })), load(sysexec(com.leekwars.generator.FightFunctions.getMP, 1)), load(sysexec(com.leekwars.generator.FightFunctions.getMP, -1)), load(sysexec(com.leekwars.generator.FightFunctions.getTP, new Object[] { null })), load(sysexec(com.leekwars.generator.FightFunctions.getTP, 1)), load(sysexec(com.leekwars.generator.FightFunctions.getTP, -1)), load(sysexec(com.leekwars.generator.FightFunctions.getTotalLife, new Object[] { null })), load(sysexec(com.leekwars.generator.FightFunctions.getTotalLife, 1)), load(sysexec(com.leekwars.generator.FightFunctions.getTotalLife, -1)), load(sysexec(com.leekwars.generator.FightFunctions.isEnemy, 0)), load(sysexec(com.leekwars.generator.FightFunctions.isEnemy, 1)), load(sysexec(com.leekwars.generator.FightFunctions.isEnemy, -1)), load(sysexec(com.leekwars.generator.FightFunctions.isAlly, 0)), load(sysexec(com.leekwars.generator.FightFunctions.isAlly, 1)), load(sysexec(com.leekwars.generator.FightFunctions.isAlly, -1)), load(sysexec(com.leekwars.generator.FightFunctions.isDead, 0)), load(sysexec(com.leekwars.generator.FightFunctions.isDead, 1)), load(sysexec(com.leekwars.generator.FightFunctions.isDead, -1)), load(sysexec(com.leekwars.generator.FightFunctions.isAlive, 0)), load(sysexec(com.leekwars.generator.FightFunctions.isAlive, 1)), load(sysexec(com.leekwars.generator.FightFunctions.isAlive, -1)), load(sysexec(com.leekwars.generator.FightFunctions.getLeek)), load(sysexec(LeekFunctions.string, load(sysexec(com.leekwars.generator.FightFunctions.getChips, new Object[] { null })))), load(sysexec(LeekFunctions.string, load(sysexec(com.leekwars.generator.FightFunctions.getChips, 1)))), load(sysexec(com.leekwars.generator.FightFunctions.getChips, -1)), load(sysexec(com.leekwars.generator.FightFunctions.getAbsoluteShield, new Object[] { null })), load(sysexec(com.leekwars.generator.FightFunctions.getAbsoluteShield, 1)), load(sysexec(com.leekwars.generator.FightFunctions.getAbsoluteShield, -1)), load(sysexec(com.leekwars.generator.FightFunctions.getRelativeShield, new Object[] { null })), load(sysexec(com.leekwars.generator.FightFunctions.getRelativeShield, 1)), load(sysexec(com.leekwars.generator.FightFunctions.getRelativeShield, -1)), load(sysexec(com.leekwars.generator.FightFunctions.getLevel, new Object[] { null })), load(sysexec(com.leekwars.generator.FightFunctions.getLevel, 1)), load(sysexec(com.leekwars.generator.FightFunctions.getLevel, -1)), load(sysexec(com.leekwars.generator.FightFunctions.getFrequency, new Object[] { null })), load(sysexec(com.leekwars.generator.FightFunctions.getFrequency, 1)), load(sysexec(com.leekwars.generator.FightFunctions.getFrequency, -1)), load(sysexec(com.leekwars.generator.FightFunctions.getLeekID, new Object[] { null })), load(sysexec(com.leekwars.generator.FightFunctions.getLeekID, 1)), load(sysexec(com.leekwars.generator.FightFunctions.getLeekID, -1)), load(sysexec(com.leekwars.generator.FightFunctions.getTeamName, new Object[] { null })), load(sysexec(com.leekwars.generator.FightFunctions.getTeamName, 1)), load(sysexec(com.leekwars.generator.FightFunctions.getTeamName, -1)), load(sysexec(com.leekwars.generator.FightFunctions.getFarmerName, new Object[] { null })), load(sysexec(com.leekwars.generator.FightFunctions.getFarmerName, 1)), load(sysexec(com.leekwars.generator.FightFunctions.getFarmerName, -1)), load(sysexec(com.leekwars.generator.FightFunctions.getTeamID, new Object[] { null })), load(sysexec(com.leekwars.generator.FightFunctions.getTeamID, 1)), load(sysexec(com.leekwars.generator.FightFunctions.getTeamID, -1)), load(sysexec(com.leekwars.generator.FightFunctions.getFarmerID, new Object[] { null })), load(sysexec(com.leekwars.generator.FightFunctions.getFarmerID, 1)), load(sysexec(com.leekwars.generator.FightFunctions.getFarmerID, -1)), load(sysexec(com.leekwars.generator.FightFunctions.getAIName, new Object[] { null })), load(sysexec(com.leekwars.generator.FightFunctions.getAIName, 1)), load(sysexec(com.leekwars.generator.FightFunctions.getAIName, -1)), load(sysexec(com.leekwars.generator.FightFunctions.getAIID, -1)) }, false), 24);
                                                                                                                                                                                                                                                                                                                                                                                                                                                                                                                                                                                                                                                                                                                                                                                                                                                                                                                                                                                                                                                                                                                                                                                                                                                                                                                                                                                                                                                                                                                                                                                                                                                                                                                                                                                                                                                                                                                                                                                                                                                                                                                                                                                                                                                                                                                                                                                                                                                                                                                                                                                                                                                                                                                                                                                                                                                                                                                                                                                                                                                                                                                                                                                                                                                                                                                                                                                                                                                                                                                                                                                                                                                                                                                                                                                                                                                                                                                                                                                                                                                                                                                                                                                                                                                                                                                                                                                                                                                                                                                                                                                                                                                                                                                ^
AI_10.java:12: error: package com.leekwars.generator does not exist
return ops(new ArrayLeekValue(AI_10.this, new Object[] { load(sysexec(com.leekwars.generator.FightFunctions.getForce, new Object[] { null })), load(sysexec(com.leekwars.generator.FightFunctions.getForce, 1)), load(sysexec(com.leekwars.generator.FightFunctions.getForce, -1)), load(sysexec(com.leekwars.generator.FightFunctions.getAgility, new Object[] { null })), load(sysexec(com.leekwars.generator.FightFunctions.getAgility, 1)), load(sysexec(com.leekwars.generator.FightFunctions.getAgility, -1)), load(sysexec(com.leekwars.generator.FightFunctions.getLife, new Object[] { null })), load(sysexec(com.leekwars.generator.FightFunctions.getLife, 1)), load(sysexec(com.leekwars.generator.FightFunctions.getLife, -1)), load(sysexec(com.leekwars.generator.FightFunctions.getCell, new Object[] { null })), load(sysexec(com.leekwars.generator.FightFunctions.getCell, 1)), load(sysexec(com.leekwars.generator.FightFunctions.getCell, -1)), load(sysexec(com.leekwars.generator.FightFunctions.getWeapon, new Object[] { null })), load(sysexec(com.leekwars.generator.FightFunctions.getWeapon, 1)), load(sysexec(com.leekwars.generator.FightFunctions.getWeapon, -1)), load(sysexec(com.leekwars.generator.FightFunctions.getMP, new Object[] { null })), load(sysexec(com.leekwars.generator.FightFunctions.getMP, 1)), load(sysexec(com.leekwars.generator.FightFunctions.getMP, -1)), load(sysexec(com.leekwars.generator.FightFunctions.getTP, new Object[] { null })), load(sysexec(com.leekwars.generator.FightFunctions.getTP, 1)), load(sysexec(com.leekwars.generator.FightFunctions.getTP, -1)), load(sysexec(com.leekwars.generator.FightFunctions.getTotalLife, new Object[] { null })), load(sysexec(com.leekwars.generator.FightFunctions.getTotalLife, 1)), load(sysexec(com.leekwars.generator.FightFunctions.getTotalLife, -1)), load(sysexec(com.leekwars.generator.FightFunctions.isEnemy, 0)), load(sysexec(com.leekwars.generator.FightFunctions.isEnemy, 1)), load(sysexec(com.leekwars.generator.FightFunctions.isEnemy, -1)), load(sysexec(com.leekwars.generator.FightFunctions.isAlly, 0)), load(sysexec(com.leekwars.generator.FightFunctions.isAlly, 1)), load(sysexec(com.leekwars.generator.FightFunctions.isAlly, -1)), load(sysexec(com.leekwars.generator.FightFunctions.isDead, 0)), load(sysexec(com.leekwars.generator.FightFunctions.isDead, 1)), load(sysexec(com.leekwars.generator.FightFunctions.isDead, -1)), load(sysexec(com.leekwars.generator.FightFunctions.isAlive, 0)), load(sysexec(com.leekwars.generator.FightFunctions.isAlive, 1)), load(sysexec(com.leekwars.generator.FightFunctions.isAlive, -1)), load(sysexec(com.leekwars.generator.FightFunctions.getLeek)), load(sysexec(LeekFunctions.string, load(sysexec(com.leekwars.generator.FightFunctions.getChips, new Object[] { null })))), load(sysexec(LeekFunctions.string, load(sysexec(com.leekwars.generator.FightFunctions.getChips, 1)))), load(sysexec(com.leekwars.generator.FightFunctions.getChips, -1)), load(sysexec(com.leekwars.generator.FightFunctions.getAbsoluteShield, new Object[] { null })), load(sysexec(com.leekwars.generator.FightFunctions.getAbsoluteShield, 1)), load(sysexec(com.leekwars.generator.FightFunctions.getAbsoluteShield, -1)), load(sysexec(com.leekwars.generator.FightFunctions.getRelativeShield, new Object[] { null })), load(sysexec(com.leekwars.generator.FightFunctions.getRelativeShield, 1)), load(sysexec(com.leekwars.generator.FightFunctions.getRelativeShield, -1)), load(sysexec(com.leekwars.generator.FightFunctions.getLevel, new Object[] { null })), load(sysexec(com.leekwars.generator.FightFunctions.getLevel, 1)), load(sysexec(com.leekwars.generator.FightFunctions.getLevel, -1)), load(sysexec(com.leekwars.generator.FightFunctions.getFrequency, new Object[] { null })), load(sysexec(com.leekwars.generator.FightFunctions.getFrequency, 1)), load(sysexec(com.leekwars.generator.FightFunctions.getFrequency, -1)), load(sysexec(com.leekwars.generator.FightFunctions.getLeekID, new Object[] { null })), load(sysexec(com.leekwars.generator.FightFunctions.getLeekID, 1)), load(sysexec(com.leekwars.generator.FightFunctions.getLeekID, -1)), load(sysexec(com.leekwars.generator.FightFunctions.getTeamName, new Object[] { null })), load(sysexec(com.leekwars.generator.FightFunctions.getTeamName, 1)), load(sysexec(com.leekwars.generator.FightFunctions.getTeamName, -1)), load(sysexec(com.leekwars.generator.FightFunctions.getFarmerName, new Object[] { null })), load(sysexec(com.leekwars.generator.FightFunctions.getFarmerName, 1)), load(sysexec(com.leekwars.generator.FightFunctions.getFarmerName, -1)), load(sysexec(com.leekwars.generator.FightFunctions.getTeamID, new Object[] { null })), load(sysexec(com.leekwars.generator.FightFunctions.getTeamID, 1)), load(sysexec(com.leekwars.generator.FightFunctions.getTeamID, -1)), load(sysexec(com.leekwars.generator.FightFunctions.getFarmerID, new Object[] { null })), load(sysexec(com.leekwars.generator.FightFunctions.getFarmerID, 1)), load(sysexec(com.leekwars.generator.FightFunctions.getFarmerID, -1)), load(sysexec(com.leekwars.generator.FightFunctions.getAIName, new Object[] { null })), load(sysexec(com.leekwars.generator.FightFunctions.getAIName, 1)), load(sysexec(com.leekwars.generator.FightFunctions.getAIName, -1)), load(sysexec(com.leekwars.generator.FightFunctions.getAIID, -1)) }, false), 24);
                                                                                                                                                                                                                                                                                                                                                                                                                                                                                                                                                                                                                                                                                                                                                                                                                                                                                                                                                                                                                                                                                                                                                                                                                                                                                                                                                                                                                                                                                                                                                                                                                                                                                                                                                                                                                                                                                                                                                                                                                                                                                                                                                                                                                                                                                                                                                                                                                                                                                                                                                                                                                                                                                                                                                                                                                                                                                                                                                                                                                                                                                                                                                                                                                                                                                                                                                                                                                                                                                                                                                                                                                                                                                                                                                                                                                                                                                                                                                                                                                                                                                                                                                                                                                                                                                                                                                                                                                                                                                                                                                                                                                                                                                                                                                                                        ^
AI_10.java:12: error: package com.leekwars.generator does not exist
return ops(new ArrayLeekValue(AI_10.this, new Object[] { load(sysexec(com.leekwars.generator.FightFunctions.getForce, new Object[] { null })), load(sysexec(com.leekwars.generator.FightFunctions.getForce, 1)), load(sysexec(com.leekwars.generator.FightFunctions.getForce, -1)), load(sysexec(com.leekwars.generator.FightFunctions.getAgility, new Object[] { null })), load(sysexec(com.leekwars.generator.FightFunctions.getAgility, 1)), load(sysexec(com.leekwars.generator.FightFunctions.getAgility, -1)), load(sysexec(com.leekwars.generator.FightFunctions.getLife, new Object[] { null })), load(sysexec(com.leekwars.generator.FightFunctions.getLife, 1)), load(sysexec(com.leekwars.generator.FightFunctions.getLife, -1)), load(sysexec(com.leekwars.generator.FightFunctions.getCell, new Object[] { null })), load(sysexec(com.leekwars.generator.FightFunctions.getCell, 1)), load(sysexec(com.leekwars.generator.FightFunctions.getCell, -1)), load(sysexec(com.leekwars.generator.FightFunctions.getWeapon, new Object[] { null })), load(sysexec(com.leekwars.generator.FightFunctions.getWeapon, 1)), load(sysexec(com.leekwars.generator.FightFunctions.getWeapon, -1)), load(sysexec(com.leekwars.generator.FightFunctions.getMP, new Object[] { null })), load(sysexec(com.leekwars.generator.FightFunctions.getMP, 1)), load(sysexec(com.leekwars.generator.FightFunctions.getMP, -1)), load(sysexec(com.leekwars.generator.FightFunctions.getTP, new Object[] { null })), load(sysexec(com.leekwars.generator.FightFunctions.getTP, 1)), load(sysexec(com.leekwars.generator.FightFunctions.getTP, -1)), load(sysexec(com.leekwars.generator.FightFunctions.getTotalLife, new Object[] { null })), load(sysexec(com.leekwars.generator.FightFunctions.getTotalLife, 1)), load(sysexec(com.leekwars.generator.FightFunctions.getTotalLife, -1)), load(sysexec(com.leekwars.generator.FightFunctions.isEnemy, 0)), load(sysexec(com.leekwars.generator.FightFunctions.isEnemy, 1)), load(sysexec(com.leekwars.generator.FightFunctions.isEnemy, -1)), load(sysexec(com.leekwars.generator.FightFunctions.isAlly, 0)), load(sysexec(com.leekwars.generator.FightFunctions.isAlly, 1)), load(sysexec(com.leekwars.generator.FightFunctions.isAlly, -1)), load(sysexec(com.leekwars.generator.FightFunctions.isDead, 0)), load(sysexec(com.leekwars.generator.FightFunctions.isDead, 1)), load(sysexec(com.leekwars.generator.FightFunctions.isDead, -1)), load(sysexec(com.leekwars.generator.FightFunctions.isAlive, 0)), load(sysexec(com.leekwars.generator.FightFunctions.isAlive, 1)), load(sysexec(com.leekwars.generator.FightFunctions.isAlive, -1)), load(sysexec(com.leekwars.generator.FightFunctions.getLeek)), load(sysexec(LeekFunctions.string, load(sysexec(com.leekwars.generator.FightFunctions.getChips, new Object[] { null })))), load(sysexec(LeekFunctions.string, load(sysexec(com.leekwars.generator.FightFunctions.getChips, 1)))), load(sysexec(com.leekwars.generator.FightFunctions.getChips, -1)), load(sysexec(com.leekwars.generator.FightFunctions.getAbsoluteShield, new Object[] { null })), load(sysexec(com.leekwars.generator.FightFunctions.getAbsoluteShield, 1)), load(sysexec(com.leekwars.generator.FightFunctions.getAbsoluteShield, -1)), load(sysexec(com.leekwars.generator.FightFunctions.getRelativeShield, new Object[] { null })), load(sysexec(com.leekwars.generator.FightFunctions.getRelativeShield, 1)), load(sysexec(com.leekwars.generator.FightFunctions.getRelativeShield, -1)), load(sysexec(com.leekwars.generator.FightFunctions.getLevel, new Object[] { null })), load(sysexec(com.leekwars.generator.FightFunctions.getLevel, 1)), load(sysexec(com.leekwars.generator.FightFunctions.getLevel, -1)), load(sysexec(com.leekwars.generator.FightFunctions.getFrequency, new Object[] { null })), load(sysexec(com.leekwars.generator.FightFunctions.getFrequency, 1)), load(sysexec(com.leekwars.generator.FightFunctions.getFrequency, -1)), load(sysexec(com.leekwars.generator.FightFunctions.getLeekID, new Object[] { null })), load(sysexec(com.leekwars.generator.FightFunctions.getLeekID, 1)), load(sysexec(com.leekwars.generator.FightFunctions.getLeekID, -1)), load(sysexec(com.leekwars.generator.FightFunctions.getTeamName, new Object[] { null })), load(sysexec(com.leekwars.generator.FightFunctions.getTeamName, 1)), load(sysexec(com.leekwars.generator.FightFunctions.getTeamName, -1)), load(sysexec(com.leekwars.generator.FightFunctions.getFarmerName, new Object[] { null })), load(sysexec(com.leekwars.generator.FightFunctions.getFarmerName, 1)), load(sysexec(com.leekwars.generator.FightFunctions.getFarmerName, -1)), load(sysexec(com.leekwars.generator.FightFunctions.getTeamID, new Object[] { null })), load(sysexec(com.leekwars.generator.FightFunctions.getTeamID, 1)), load(sysexec(com.leekwars.generator.FightFunctions.getTeamID, -1)), load(sysexec(com.leekwars.generator.FightFunctions.getFarmerID, new Object[] { null })), load(sysexec(com.leekwars.generator.FightFunctions.getFarmerID, 1)), load(sysexec(com.leekwars.generator.FightFunctions.getFarmerID, -1)), load(sysexec(com.leekwars.generator.FightFunctions.getAIName, new Object[] { null })), load(sysexec(com.leekwars.generator.FightFunctions.getAIName, 1)), load(sysexec(com.leekwars.generator.FightFunctions.getAIName, -1)), load(sysexec(com.leekwars.generator.FightFunctions.getAIID, -1)) }, false), 24);
                                                                                                                                                                                                                                                                                                                                                                                                                                                                                                                                                                                                                                                                                                                                                                                                                                                                                                                                                                                                                                                                                                                                                                                                                                                                                                                                                                                                                                                                                                                                                                                                                                                                                                                                                                                                                                                                                                                                                                                                                                                                                                                                                                                                                                                                                                                                                                                                                                                                                                                                                                                                                                                                                                                                                                                                                                                                                                                                                                                                                                                                                                                                                                                                                                                                                                                                                                                                                                                                                                                                                                                                                                                                                                                                                                                                                                                                                                                                                                                                                                                                                                                                                                                                                                                                                                                                                                                                                                                                                                                                                                                                                                                                                                                                                                                                                                                                               ^
AI_10.java:12: error: package com.leekwars.generator does not exist
return ops(new ArrayLeekValue(AI_10.this, new Object[] { load(sysexec(com.leekwars.generator.FightFunctions.getForce, new Object[] { null })), load(sysexec(com.leekwars.generator.FightFunctions.getForce, 1)), load(sysexec(com.leekwars.generator.FightFunctions.getForce, -1)), load(sysexec(com.leekwars.generator.FightFunctions.getAgility, new Object[] { null })), load(sysexec(com.leekwars.generator.FightFunctions.getAgility, 1)), load(sysexec(com.leekwars.generator.FightFunctions.getAgility, -1)), load(sysexec(com.leekwars.generator.FightFunctions.getLife, new Object[] { null })), load(sysexec(com.leekwars.generator.FightFunctions.getLife, 1)), load(sysexec(com.leekwars.generator.FightFunctions.getLife, -1)), load(sysexec(com.leekwars.generator.FightFunctions.getCell, new Object[] { null })), load(sysexec(com.leekwars.generator.FightFunctions.getCell, 1)), load(sysexec(com.leekwars.generator.FightFunctions.getCell, -1)), load(sysexec(com.leekwars.generator.FightFunctions.getWeapon, new Object[] { null })), load(sysexec(com.leekwars.generator.FightFunctions.getWeapon, 1)), load(sysexec(com.leekwars.generator.FightFunctions.getWeapon, -1)), load(sysexec(com.leekwars.generator.FightFunctions.getMP, new Object[] { null })), load(sysexec(com.leekwars.generator.FightFunctions.getMP, 1)), load(sysexec(com.leekwars.generator.FightFunctions.getMP, -1)), load(sysexec(com.leekwars.generator.FightFunctions.getTP, new Object[] { null })), load(sysexec(com.leekwars.generator.FightFunctions.getTP, 1)), load(sysexec(com.leekwars.generator.FightFunctions.getTP, -1)), load(sysexec(com.leekwars.generator.FightFunctions.getTotalLife, new Object[] { null })), load(sysexec(com.leekwars.generator.FightFunctions.getTotalLife, 1)), load(sysexec(com.leekwars.generator.FightFunctions.getTotalLife, -1)), load(sysexec(com.leekwars.generator.FightFunctions.isEnemy, 0)), load(sysexec(com.leekwars.generator.FightFunctions.isEnemy, 1)), load(sysexec(com.leekwars.generator.FightFunctions.isEnemy, -1)), load(sysexec(com.leekwars.generator.FightFunctions.isAlly, 0)), load(sysexec(com.leekwars.generator.FightFunctions.isAlly, 1)), load(sysexec(com.leekwars.generator.FightFunctions.isAlly, -1)), load(sysexec(com.leekwars.generator.FightFunctions.isDead, 0)), load(sysexec(com.leekwars.generator.FightFunctions.isDead, 1)), load(sysexec(com.leekwars.generator.FightFunctions.isDead, -1)), load(sysexec(com.leekwars.generator.FightFunctions.isAlive, 0)), load(sysexec(com.leekwars.generator.FightFunctions.isAlive, 1)), load(sysexec(com.leekwars.generator.FightFunctions.isAlive, -1)), load(sysexec(com.leekwars.generator.FightFunctions.getLeek)), load(sysexec(LeekFunctions.string, load(sysexec(com.leekwars.generator.FightFunctions.getChips, new Object[] { null })))), load(sysexec(LeekFunctions.string, load(sysexec(com.leekwars.generator.FightFunctions.getChips, 1)))), load(sysexec(com.leekwars.generator.FightFunctions.getChips, -1)), load(sysexec(com.leekwars.generator.FightFunctions.getAbsoluteShield, new Object[] { null })), load(sysexec(com.leekwars.generator.FightFunctions.getAbsoluteShield, 1)), load(sysexec(com.leekwars.generator.FightFunctions.getAbsoluteShield, -1)), load(sysexec(com.leekwars.generator.FightFunctions.getRelativeShield, new Object[] { null })), load(sysexec(com.leekwars.generator.FightFunctions.getRelativeShield, 1)), load(sysexec(com.leekwars.generator.FightFunctions.getRelativeShield, -1)), load(sysexec(com.leekwars.generator.FightFunctions.getLevel, new Object[] { null })), load(sysexec(com.leekwars.generator.FightFunctions.getLevel, 1)), load(sysexec(com.leekwars.generator.FightFunctions.getLevel, -1)), load(sysexec(com.leekwars.generator.FightFunctions.getFrequency, new Object[] { null })), load(sysexec(com.leekwars.generator.FightFunctions.getFrequency, 1)), load(sysexec(com.leekwars.generator.FightFunctions.getFrequency, -1)), load(sysexec(com.leekwars.generator.FightFunctions.getLeekID, new Object[] { null })), load(sysexec(com.leekwars.generator.FightFunctions.getLeekID, 1)), load(sysexec(com.leekwars.generator.FightFunctions.getLeekID, -1)), load(sysexec(com.leekwars.generator.FightFunctions.getTeamName, new Object[] { null })), load(sysexec(com.leekwars.generator.FightFunctions.getTeamName, 1)), load(sysexec(com.leekwars.generator.FightFunctions.getTeamName, -1)), load(sysexec(com.leekwars.generator.FightFunctions.getFarmerName, new Object[] { null })), load(sysexec(com.leekwars.generator.FightFunctions.getFarmerName, 1)), load(sysexec(com.leekwars.generator.FightFunctions.getFarmerName, -1)), load(sysexec(com.leekwars.generator.FightFunctions.getTeamID, new Object[] { null })), load(sysexec(com.leekwars.generator.FightFunctions.getTeamID, 1)), load(sysexec(com.leekwars.generator.FightFunctions.getTeamID, -1)), load(sysexec(com.leekwars.generator.FightFunctions.getFarmerID, new Object[] { null })), load(sysexec(com.leekwars.generator.FightFunctions.getFarmerID, 1)), load(sysexec(com.leekwars.generator.FightFunctions.getFarmerID, -1)), load(sysexec(com.leekwars.generator.FightFunctions.getAIName, new Object[] { null })), load(sysexec(com.leekwars.generator.FightFunctions.getAIName, 1)), load(sysexec(com.leekwars.generator.FightFunctions.getAIName, -1)), load(sysexec(com.leekwars.generator.FightFunctions.getAIID, -1)) }, false), 24);
                                                                                                                                                                                                                                                                                                                                                                                                                                                                                                                                                                                                                                                                                                                                                                                                                                                                                                                                                                                                                                                                                                                                                                                                                                                                                                                                                                                                                                                                                                                                                                                                                                                                                                                                                                                                                                                                                                                                                                                                                                                                                                                                                                                                                                                                                                                                                                                                                                                                                                                                                                                                                                                                                                                                                                                                                                                                                                                                                                                                                                                                                                                                                                                                                                                                                                                                                                                                                                                                                                                                                                                                                                                                                                                                                                                                                                                                                                                                                                                                                                                                                                                                                                                                                                                                                                                                                                                                                                                                                                                                                                                                                                                                                                                                                                                                                                                                                                                                                  ^
AI_10.java:12: error: package com.leekwars.generator does not exist
return ops(new ArrayLeekValue(AI_10.this, new Object[] { load(sysexec(com.leekwars.generator.FightFunctions.getForce, new Object[] { null })), load(sysexec(com.leekwars.generator.FightFunctions.getForce, 1)), load(sysexec(com.leekwars.generator.FightFunctions.getForce, -1)), load(sysexec(com.leekwars.generator.FightFunctions.getAgility, new Object[] { null })), load(sysexec(com.leekwars.generator.FightFunctions.getAgility, 1)), load(sysexec(com.leekwars.generator.FightFunctions.getAgility, -1)), load(sysexec(com.leekwars.generator.FightFunctions.getLife, new Object[] { null })), load(sysexec(com.leekwars.generator.FightFunctions.getLife, 1)), load(sysexec(com.leekwars.generator.FightFunctions.getLife, -1)), load(sysexec(com.leekwars.generator.FightFunctions.getCell, new Object[] { null })), load(sysexec(com.leekwars.generator.FightFunctions.getCell, 1)), load(sysexec(com.leekwars.generator.FightFunctions.getCell, -1)), load(sysexec(com.leekwars.generator.FightFunctions.getWeapon, new Object[] { null })), load(sysexec(com.leekwars.generator.FightFunctions.getWeapon, 1)), load(sysexec(com.leekwars.generator.FightFunctions.getWeapon, -1)), load(sysexec(com.leekwars.generator.FightFunctions.getMP, new Object[] { null })), load(sysexec(com.leekwars.generator.FightFunctions.getMP, 1)), load(sysexec(com.leekwars.generator.FightFunctions.getMP, -1)), load(sysexec(com.leekwars.generator.FightFunctions.getTP, new Object[] { null })), load(sysexec(com.leekwars.generator.FightFunctions.getTP, 1)), load(sysexec(com.leekwars.generator.FightFunctions.getTP, -1)), load(sysexec(com.leekwars.generator.FightFunctions.getTotalLife, new Object[] { null })), load(sysexec(com.leekwars.generator.FightFunctions.getTotalLife, 1)), load(sysexec(com.leekwars.generator.FightFunctions.getTotalLife, -1)), load(sysexec(com.leekwars.generator.FightFunctions.isEnemy, 0)), load(sysexec(com.leekwars.generator.FightFunctions.isEnemy, 1)), load(sysexec(com.leekwars.generator.FightFunctions.isEnemy, -1)), load(sysexec(com.leekwars.generator.FightFunctions.isAlly, 0)), load(sysexec(com.leekwars.generator.FightFunctions.isAlly, 1)), load(sysexec(com.leekwars.generator.FightFunctions.isAlly, -1)), load(sysexec(com.leekwars.generator.FightFunctions.isDead, 0)), load(sysexec(com.leekwars.generator.FightFunctions.isDead, 1)), load(sysexec(com.leekwars.generator.FightFunctions.isDead, -1)), load(sysexec(com.leekwars.generator.FightFunctions.isAlive, 0)), load(sysexec(com.leekwars.generator.FightFunctions.isAlive, 1)), load(sysexec(com.leekwars.generator.FightFunctions.isAlive, -1)), load(sysexec(com.leekwars.generator.FightFunctions.getLeek)), load(sysexec(LeekFunctions.string, load(sysexec(com.leekwars.generator.FightFunctions.getChips, new Object[] { null })))), load(sysexec(LeekFunctions.string, load(sysexec(com.leekwars.generator.FightFunctions.getChips, 1)))), load(sysexec(com.leekwars.generator.FightFunctions.getChips, -1)), load(sysexec(com.leekwars.generator.FightFunctions.getAbsoluteShield, new Object[] { null })), load(sysexec(com.leekwars.generator.FightFunctions.getAbsoluteShield, 1)), load(sysexec(com.leekwars.generator.FightFunctions.getAbsoluteShield, -1)), load(sysexec(com.leekwars.generator.FightFunctions.getRelativeShield, new Object[] { null })), load(sysexec(com.leekwars.generator.FightFunctions.getRelativeShield, 1)), load(sysexec(com.leekwars.generator.FightFunctions.getRelativeShield, -1)), load(sysexec(com.leekwars.generator.FightFunctions.getLevel, new Object[] { null })), load(sysexec(com.leekwars.generator.FightFunctions.getLevel, 1)), load(sysexec(com.leekwars.generator.FightFunctions.getLevel, -1)), load(sysexec(com.leekwars.generator.FightFunctions.getFrequency, new Object[] { null })), load(sysexec(com.leekwars.generator.FightFunctions.getFrequency, 1)), load(sysexec(com.leekwars.generator.FightFunctions.getFrequency, -1)), load(sysexec(com.leekwars.generator.FightFunctions.getLeekID, new Object[] { null })), load(sysexec(com.leekwars.generator.FightFunctions.getLeekID, 1)), load(sysexec(com.leekwars.generator.FightFunctions.getLeekID, -1)), load(sysexec(com.leekwars.generator.FightFunctions.getTeamName, new Object[] { null })), load(sysexec(com.leekwars.generator.FightFunctions.getTeamName, 1)), load(sysexec(com.leekwars.generator.FightFunctions.getTeamName, -1)), load(sysexec(com.leekwars.generator.FightFunctions.getFarmerName, new Object[] { null })), load(sysexec(com.leekwars.generator.FightFunctions.getFarmerName, 1)), load(sysexec(com.leekwars.generator.FightFunctions.getFarmerName, -1)), load(sysexec(com.leekwars.generator.FightFunctions.getTeamID, new Object[] { null })), load(sysexec(com.leekwars.generator.FightFunctions.getTeamID, 1)), load(sysexec(com.leekwars.generator.FightFunctions.getTeamID, -1)), load(sysexec(com.leekwars.generator.FightFunctions.getFarmerID, new Object[] { null })), load(sysexec(com.leekwars.generator.FightFunctions.getFarmerID, 1)), load(sysexec(com.leekwars.generator.FightFunctions.getFarmerID, -1)), load(sysexec(com.leekwars.generator.FightFunctions.getAIName, new Object[] { null })), load(sysexec(com.leekwars.generator.FightFunctions.getAIName, 1)), load(sysexec(com.leekwars.generator.FightFunctions.getAIName, -1)), load(sysexec(com.leekwars.generator.FightFunctions.getAIID, -1)) }, false), 24);
                                                                                                                                                                                                                                                                                                                                                                                                                                                                                                                                                                                                                                                                                                                                                                                                                                                                                                                                                                                                                                                                                                                                                                                                                                                                                                                                                                                                                                                                                                                                                                                                                                                                                                                                                                                                                                                                                                                                                                                                                                                                                                                                                                                                                                                                                                                                                                                                                                                                                                                                                                                                                                                                                                                                                                                                                                                                                                                                                                                                                                                                                                                                                                                                                                                                                                                                                                                                                                                                                                                                                                                                                                                                                                                                                                                                                                                                                                                                                                                                                                                                                                                                                                                                                                                                                                                                                                                                                                                                                                                                                                                                                                                                                                                                                                                                                                                                                                                                                                                                                      ^
AI_10.java:12: error: package com.leekwars.generator does not exist
return ops(new ArrayLeekValue(AI_10.this, new Object[] { load(sysexec(com.leekwars.generator.FightFunctions.getForce, new Object[] { null })), load(sysexec(com.leekwars.generator.FightFunctions.getForce, 1)), load(sysexec(com.leekwars.generator.FightFunctions.getForce, -1)), load(sysexec(com.leekwars.generator.FightFunctions.getAgility, new Object[] { null })), load(sysexec(com.leekwars.generator.FightFunctions.getAgility, 1)), load(sysexec(com.leekwars.generator.FightFunctions.getAgility, -1)), load(sysexec(com.leekwars.generator.FightFunctions.getLife, new Object[] { null })), load(sysexec(com.leekwars.generator.FightFunctions.getLife, 1)), load(sysexec(com.leekwars.generator.FightFunctions.getLife, -1)), load(sysexec(com.leekwars.generator.FightFunctions.getCell, new Object[] { null })), load(sysexec(com.leekwars.generator.FightFunctions.getCell, 1)), load(sysexec(com.leekwars.generator.FightFunctions.getCell, -1)), load(sysexec(com.leekwars.generator.FightFunctions.getWeapon, new Object[] { null })), load(sysexec(com.leekwars.generator.FightFunctions.getWeapon, 1)), load(sysexec(com.leekwars.generator.FightFunctions.getWeapon, -1)), load(sysexec(com.leekwars.generator.FightFunctions.getMP, new Object[] { null })), load(sysexec(com.leekwars.generator.FightFunctions.getMP, 1)), load(sysexec(com.leekwars.generator.FightFunctions.getMP, -1)), load(sysexec(com.leekwars.generator.FightFunctions.getTP, new Object[] { null })), load(sysexec(com.leekwars.generator.FightFunctions.getTP, 1)), load(sysexec(com.leekwars.generator.FightFunctions.getTP, -1)), load(sysexec(com.leekwars.generator.FightFunctions.getTotalLife, new Object[] { null })), load(sysexec(com.leekwars.generator.FightFunctions.getTotalLife, 1)), load(sysexec(com.leekwars.generator.FightFunctions.getTotalLife, -1)), load(sysexec(com.leekwars.generator.FightFunctions.isEnemy, 0)), load(sysexec(com.leekwars.generator.FightFunctions.isEnemy, 1)), load(sysexec(com.leekwars.generator.FightFunctions.isEnemy, -1)), load(sysexec(com.leekwars.generator.FightFunctions.isAlly, 0)), load(sysexec(com.leekwars.generator.FightFunctions.isAlly, 1)), load(sysexec(com.leekwars.generator.FightFunctions.isAlly, -1)), load(sysexec(com.leekwars.generator.FightFunctions.isDead, 0)), load(sysexec(com.leekwars.generator.FightFunctions.isDead, 1)), load(sysexec(com.leekwars.generator.FightFunctions.isDead, -1)), load(sysexec(com.leekwars.generator.FightFunctions.isAlive, 0)), load(sysexec(com.leekwars.generator.FightFunctions.isAlive, 1)), load(sysexec(com.leekwars.generator.FightFunctions.isAlive, -1)), load(sysexec(com.leekwars.generator.FightFunctions.getLeek)), load(sysexec(LeekFunctions.string, load(sysexec(com.leekwars.generator.FightFunctions.getChips, new Object[] { null })))), load(sysexec(LeekFunctions.string, load(sysexec(com.leekwars.generator.FightFunctions.getChips, 1)))), load(sysexec(com.leekwars.generator.FightFunctions.getChips, -1)), load(sysexec(com.leekwars.generator.FightFunctions.getAbsoluteShield, new Object[] { null })), load(sysexec(com.leekwars.generator.FightFunctions.getAbsoluteShield, 1)), load(sysexec(com.leekwars.generator.FightFunctions.getAbsoluteShield, -1)), load(sysexec(com.leekwars.generator.FightFunctions.getRelativeShield, new Object[] { null })), load(sysexec(com.leekwars.generator.FightFunctions.getRelativeShield, 1)), load(sysexec(com.leekwars.generator.FightFunctions.getRelativeShield, -1)), load(sysexec(com.leekwars.generator.FightFunctions.getLevel, new Object[] { null })), load(sysexec(com.leekwars.generator.FightFunctions.getLevel, 1)), load(sysexec(com.leekwars.generator.FightFunctions.getLevel, -1)), load(sysexec(com.leekwars.generator.FightFunctions.getFrequency, new Object[] { null })), load(sysexec(com.leekwars.generator.FightFunctions.getFrequency, 1)), load(sysexec(com.leekwars.generator.FightFunctions.getFrequency, -1)), load(sysexec(com.leekwars.generator.FightFunctions.getLeekID, new Object[] { null })), load(sysexec(com.leekwars.generator.FightFunctions.getLeekID, 1)), load(sysexec(com.leekwars.generator.FightFunctions.getLeekID, -1)), load(sysexec(com.leekwars.generator.FightFunctions.getTeamName, new Object[] { null })), load(sysexec(com.leekwars.generator.FightFunctions.getTeamName, 1)), load(sysexec(com.leekwars.generator.FightFunctions.getTeamName, -1)), load(sysexec(com.leekwars.generator.FightFunctions.getFarmerName, new Object[] { null })), load(sysexec(com.leekwars.generator.FightFunctions.getFarmerName, 1)), load(sysexec(com.leekwars.generator.FightFunctions.getFarmerName, -1)), load(sysexec(com.leekwars.generator.FightFunctions.getTeamID, new Object[] { null })), load(sysexec(com.leekwars.generator.FightFunctions.getTeamID, 1)), load(sysexec(com.leekwars.generator.FightFunctions.getTeamID, -1)), load(sysexec(com.leekwars.generator.FightFunctions.getFarmerID, new Object[] { null })), load(sysexec(com.leekwars.generator.FightFunctions.getFarmerID, 1)), load(sysexec(com.leekwars.generator.FightFunctions.getFarmerID, -1)), load(sysexec(com.leekwars.generator.FightFunctions.getAIName, new Object[] { null })), load(sysexec(com.leekwars.generator.FightFunctions.getAIName, 1)), load(sysexec(com.leekwars.generator.FightFunctions.getAIName, -1)), load(sysexec(com.leekwars.generator.FightFunctions.getAIID, -1)) }, false), 24);
                                                                                                                                                                                                                                                                                                                                                                                                                                                                                                                                                                                                                                                                                                                                                                                                                                                                                                                                                                                                                                                                                                                                                                                                                                                                                                                                                                                                                                                                                                                                                                                                                                                                                                                                                                                                                                                                                                                                                                                                                                                                                                                                                                                                                                                                                                                                                                                                                                                                                                                                                                                                                                                                                                                                                                                                                                                                                                                                                                                                                                                                                                                                                                                                                                                                                                                                                                                                                                                                                                                                                                                                                                                                                                                                                                                                                                                                                                                                                                                                                                                                                                                                                                                                                                                                                                                                                                                                                                                                                                                                                                                                                                                                                                                                                                                                                                                                                                                                                                                                                                                                                                               ^
AI_10.java:12: error: package com.leekwars.generator does not exist
return ops(new ArrayLeekValue(AI_10.this, new Object[] { load(sysexec(com.leekwars.generator.FightFunctions.getForce, new Object[] { null })), load(sysexec(com.leekwars.generator.FightFunctions.getForce, 1)), load(sysexec(com.leekwars.generator.FightFunctions.getForce, -1)), load(sysexec(com.leekwars.generator.FightFunctions.getAgility, new Object[] { null })), load(sysexec(com.leekwars.generator.FightFunctions.getAgility, 1)), load(sysexec(com.leekwars.generator.FightFunctions.getAgility, -1)), load(sysexec(com.leekwars.generator.FightFunctions.getLife, new Object[] { null })), load(sysexec(com.leekwars.generator.FightFunctions.getLife, 1)), load(sysexec(com.leekwars.generator.FightFunctions.getLife, -1)), load(sysexec(com.leekwars.generator.FightFunctions.getCell, new Object[] { null })), load(sysexec(com.leekwars.generator.FightFunctions.getCell, 1)), load(sysexec(com.leekwars.generator.FightFunctions.getCell, -1)), load(sysexec(com.leekwars.generator.FightFunctions.getWeapon, new Object[] { null })), load(sysexec(com.leekwars.generator.FightFunctions.getWeapon, 1)), load(sysexec(com.leekwars.generator.FightFunctions.getWeapon, -1)), load(sysexec(com.leekwars.generator.FightFunctions.getMP, new Object[] { null })), load(sysexec(com.leekwars.generator.FightFunctions.getMP, 1)), load(sysexec(com.leekwars.generator.FightFunctions.getMP, -1)), load(sysexec(com.leekwars.generator.FightFunctions.getTP, new Object[] { null })), load(sysexec(com.leekwars.generator.FightFunctions.getTP, 1)), load(sysexec(com.leekwars.generator.FightFunctions.getTP, -1)), load(sysexec(com.leekwars.generator.FightFunctions.getTotalLife, new Object[] { null })), load(sysexec(com.leekwars.generator.FightFunctions.getTotalLife, 1)), load(sysexec(com.leekwars.generator.FightFunctions.getTotalLife, -1)), load(sysexec(com.leekwars.generator.FightFunctions.isEnemy, 0)), load(sysexec(com.leekwars.generator.FightFunctions.isEnemy, 1)), load(sysexec(com.leekwars.generator.FightFunctions.isEnemy, -1)), load(sysexec(com.leekwars.generator.FightFunctions.isAlly, 0)), load(sysexec(com.leekwars.generator.FightFunctions.isAlly, 1)), load(sysexec(com.leekwars.generator.FightFunctions.isAlly, -1)), load(sysexec(com.leekwars.generator.FightFunctions.isDead, 0)), load(sysexec(com.leekwars.generator.FightFunctions.isDead, 1)), load(sysexec(com.leekwars.generator.FightFunctions.isDead, -1)), load(sysexec(com.leekwars.generator.FightFunctions.isAlive, 0)), load(sysexec(com.leekwars.generator.FightFunctions.isAlive, 1)), load(sysexec(com.leekwars.generator.FightFunctions.isAlive, -1)), load(sysexec(com.leekwars.generator.FightFunctions.getLeek)), load(sysexec(LeekFunctions.string, load(sysexec(com.leekwars.generator.FightFunctions.getChips, new Object[] { null })))), load(sysexec(LeekFunctions.string, load(sysexec(com.leekwars.generator.FightFunctions.getChips, 1)))), load(sysexec(com.leekwars.generator.FightFunctions.getChips, -1)), load(sysexec(com.leekwars.generator.FightFunctions.getAbsoluteShield, new Object[] { null })), load(sysexec(com.leekwars.generator.FightFunctions.getAbsoluteShield, 1)), load(sysexec(com.leekwars.generator.FightFunctions.getAbsoluteShield, -1)), load(sysexec(com.leekwars.generator.FightFunctions.getRelativeShield, new Object[] { null })), load(sysexec(com.leekwars.generator.FightFunctions.getRelativeShield, 1)), load(sysexec(com.leekwars.generator.FightFunctions.getRelativeShield, -1)), load(sysexec(com.leekwars.generator.FightFunctions.getLevel, new Object[] { null })), load(sysexec(com.leekwars.generator.FightFunctions.getLevel, 1)), load(sysexec(com.leekwars.generator.FightFunctions.getLevel, -1)), load(sysexec(com.leekwars.generator.FightFunctions.getFrequency, new Object[] { null })), load(sysexec(com.leekwars.generator.FightFunctions.getFrequency, 1)), load(sysexec(com.leekwars.generator.FightFunctions.getFrequency, -1)), load(sysexec(com.leekwars.generator.FightFunctions.getLeekID, new Object[] { null })), load(sysexec(com.leekwars.generator.FightFunctions.getLeekID, 1)), load(sysexec(com.leekwars.generator.FightFunctions.getLeekID, -1)), load(sysexec(com.leekwars.generator.FightFunctions.getTeamName, new Object[] { null })), load(sysexec(com.leekwars.generator.FightFunctions.getTeamName, 1)), load(sysexec(com.leekwars.generator.FightFunctions.getTeamName, -1)), load(sysexec(com.leekwars.generator.FightFunctions.getFarmerName, new Object[] { null })), load(sysexec(com.leekwars.generator.FightFunctions.getFarmerName, 1)), load(sysexec(com.leekwars.generator.FightFunctions.getFarmerName, -1)), load(sysexec(com.leekwars.generator.FightFunctions.getTeamID, new Object[] { null })), load(sysexec(com.leekwars.generator.FightFunctions.getTeamID, 1)), load(sysexec(com.leekwars.generator.FightFunctions.getTeamID, -1)), load(sysexec(com.leekwars.generator.FightFunctions.getFarmerID, new Object[] { null })), load(sysexec(com.leekwars.generator.FightFunctions.getFarmerID, 1)), load(sysexec(com.leekwars.generator.FightFunctions.getFarmerID, -1)), load(sysexec(com.leekwars.generator.FightFunctions.getAIName, new Object[] { null })), load(sysexec(com.leekwars.generator.FightFunctions.getAIName, 1)), load(sysexec(com.leekwars.generator.FightFunctions.getAIName, -1)), load(sysexec(com.leekwars.generator.FightFunctions.getAIID, -1)) }, false), 24);
                                                                                                                                                                                                                                                                                                                                                                                                                                                                                                                                                                                                                                                                                                                                                                                                                                                                                                                                                                                                                                                                                                                                                                                                                                                                                                                                                                                                                                                                                                                                                                                                                                                                                                                                                                                                                                                                                                                                                                                                                                                                                                                                                                                                                                                                                                                                                                                                                                                                                                                                                                                                                                                                                                                                                                                                                                                                                                                                                                                                                                                                                                                                                                                                                                                                                                                                                                                                                                                                                                                                                                                                                                                                                                                                                                                                                                                                                                                                                                                                                                                                                                                                                                                                                                                                                                                                                                                                                                                                                                                                                                                                                                                                                                                                                                                                                                                                                                                                                                                                                                                                                                                                                                                    ^
AI_10.java:12: error: package com.leekwars.generator does not exist
return ops(new ArrayLeekValue(AI_10.this, new Object[] { load(sysexec(com.leekwars.generator.FightFunctions.getForce, new Object[] { null })), load(sysexec(com.leekwars.generator.FightFunctions.getForce, 1)), load(sysexec(com.leekwars.generator.FightFunctions.getForce, -1)), load(sysexec(com.leekwars.generator.FightFunctions.getAgility, new Object[] { null })), load(sysexec(com.leekwars.generator.FightFunctions.getAgility, 1)), load(sysexec(com.leekwars.generator.FightFunctions.getAgility, -1)), load(sysexec(com.leekwars.generator.FightFunctions.getLife, new Object[] { null })), load(sysexec(com.leekwars.generator.FightFunctions.getLife, 1)), load(sysexec(com.leekwars.generator.FightFunctions.getLife, -1)), load(sysexec(com.leekwars.generator.FightFunctions.getCell, new Object[] { null })), load(sysexec(com.leekwars.generator.FightFunctions.getCell, 1)), load(sysexec(com.leekwars.generator.FightFunctions.getCell, -1)), load(sysexec(com.leekwars.generator.FightFunctions.getWeapon, new Object[] { null })), load(sysexec(com.leekwars.generator.FightFunctions.getWeapon, 1)), load(sysexec(com.leekwars.generator.FightFunctions.getWeapon, -1)), load(sysexec(com.leekwars.generator.FightFunctions.getMP, new Object[] { null })), load(sysexec(com.leekwars.generator.FightFunctions.getMP, 1)), load(sysexec(com.leekwars.generator.FightFunctions.getMP, -1)), load(sysexec(com.leekwars.generator.FightFunctions.getTP, new Object[] { null })), load(sysexec(com.leekwars.generator.FightFunctions.getTP, 1)), load(sysexec(com.leekwars.generator.FightFunctions.getTP, -1)), load(sysexec(com.leekwars.generator.FightFunctions.getTotalLife, new Object[] { null })), load(sysexec(com.leekwars.generator.FightFunctions.getTotalLife, 1)), load(sysexec(com.leekwars.generator.FightFunctions.getTotalLife, -1)), load(sysexec(com.leekwars.generator.FightFunctions.isEnemy, 0)), load(sysexec(com.leekwars.generator.FightFunctions.isEnemy, 1)), load(sysexec(com.leekwars.generator.FightFunctions.isEnemy, -1)), load(sysexec(com.leekwars.generator.FightFunctions.isAlly, 0)), load(sysexec(com.leekwars.generator.FightFunctions.isAlly, 1)), load(sysexec(com.leekwars.generator.FightFunctions.isAlly, -1)), load(sysexec(com.leekwars.generator.FightFunctions.isDead, 0)), load(sysexec(com.leekwars.generator.FightFunctions.isDead, 1)), load(sysexec(com.leekwars.generator.FightFunctions.isDead, -1)), load(sysexec(com.leekwars.generator.FightFunctions.isAlive, 0)), load(sysexec(com.leekwars.generator.FightFunctions.isAlive, 1)), load(sysexec(com.leekwars.generator.FightFunctions.isAlive, -1)), load(sysexec(com.leekwars.generator.FightFunctions.getLeek)), load(sysexec(LeekFunctions.string, load(sysexec(com.leekwars.generator.FightFunctions.getChips, new Object[] { null })))), load(sysexec(LeekFunctions.string, load(sysexec(com.leekwars.generator.FightFunctions.getChips, 1)))), load(sysexec(com.leekwars.generator.FightFunctions.getChips, -1)), load(sysexec(com.leekwars.generator.FightFunctions.getAbsoluteShield, new Object[] { null })), load(sysexec(com.leekwars.generator.FightFunctions.getAbsoluteShield, 1)), load(sysexec(com.leekwars.generator.FightFunctions.getAbsoluteShield, -1)), load(sysexec(com.leekwars.generator.FightFunctions.getRelativeShield, new Object[] { null })), load(sysexec(com.leekwars.generator.FightFunctions.getRelativeShield, 1)), load(sysexec(com.leekwars.generator.FightFunctions.getRelativeShield, -1)), load(sysexec(com.leekwars.generator.FightFunctions.getLevel, new Object[] { null })), load(sysexec(com.leekwars.generator.FightFunctions.getLevel, 1)), load(sysexec(com.leekwars.generator.FightFunctions.getLevel, -1)), load(sysexec(com.leekwars.generator.FightFunctions.getFrequency, new Object[] { null })), load(sysexec(com.leekwars.generator.FightFunctions.getFrequency, 1)), load(sysexec(com.leekwars.generator.FightFunctions.getFrequency, -1)), load(sysexec(com.leekwars.generator.FightFunctions.getLeekID, new Object[] { null })), load(sysexec(com.leekwars.generator.FightFunctions.getLeekID, 1)), load(sysexec(com.leekwars.generator.FightFunctions.getLeekID, -1)), load(sysexec(com.leekwars.generator.FightFunctions.getTeamName, new Object[] { null })), load(sysexec(com.leekwars.generator.FightFunctions.getTeamName, 1)), load(sysexec(com.leekwars.generator.FightFunctions.getTeamName, -1)), load(sysexec(com.leekwars.generator.FightFunctions.getFarmerName, new Object[] { null })), load(sysexec(com.leekwars.generator.FightFunctions.getFarmerName, 1)), load(sysexec(com.leekwars.generator.FightFunctions.getFarmerName, -1)), load(sysexec(com.leekwars.generator.FightFunctions.getTeamID, new Object[] { null })), load(sysexec(com.leekwars.generator.FightFunctions.getTeamID, 1)), load(sysexec(com.leekwars.generator.FightFunctions.getTeamID, -1)), load(sysexec(com.leekwars.generator.FightFunctions.getFarmerID, new Object[] { null })), load(sysexec(com.leekwars.generator.FightFunctions.getFarmerID, 1)), load(sysexec(com.leekwars.generator.FightFunctions.getFarmerID, -1)), load(sysexec(com.leekwars.generator.FightFunctions.getAIName, new Object[] { null })), load(sysexec(com.leekwars.generator.FightFunctions.getAIName, 1)), load(sysexec(com.leekwars.generator.FightFunctions.getAIName, -1)), load(sysexec(com.leekwars.generator.FightFunctions.getAIID, -1)) }, false), 24);
                                                                                                                                                                                                                                                                                                                                                                                                                                                                                                                                                                                                                                                                                                                                                                                                                                                                                                                                                                                                                                                                                                                                                                                                                                                                                                                                                                                                                                                                                                                                                                                                                                                                                                                                                                                                                                                                                                                                                                                                                                                                                                                                                                                                                                                                                                                                                                                                                                                                                                                                                                                                                                                                                                                                                                                                                                                                                                                                                                                                                                                                                                                                                                                                                                                                                                                                                                                                                                                                                                                                                                                                                                                                                                                                                                                                                                                                                                                                                                                                                                                                                                                                                                                                                                                                                                                                                                                                                                                                                                                                                                                                                                                                                                                                                                                                                                                                                                                                                                                                                                                                                                                                                                                                                                                          ^
AI_10.java:12: error: package com.leekwars.generator does not exist
return ops(new ArrayLeekValue(AI_10.this, new Object[] { load(sysexec(com.leekwars.generator.FightFunctions.getForce, new Object[] { null })), load(sysexec(com.leekwars.generator.FightFunctions.getForce, 1)), load(sysexec(com.leekwars.generator.FightFunctions.getForce, -1)), load(sysexec(com.leekwars.generator.FightFunctions.getAgility, new Object[] { null })), load(sysexec(com.leekwars.generator.FightFunctions.getAgility, 1)), load(sysexec(com.leekwars.generator.FightFunctions.getAgility, -1)), load(sysexec(com.leekwars.generator.FightFunctions.getLife, new Object[] { null })), load(sysexec(com.leekwars.generator.FightFunctions.getLife, 1)), load(sysexec(com.leekwars.generator.FightFunctions.getLife, -1)), load(sysexec(com.leekwars.generator.FightFunctions.getCell, new Object[] { null })), load(sysexec(com.leekwars.generator.FightFunctions.getCell, 1)), load(sysexec(com.leekwars.generator.FightFunctions.getCell, -1)), load(sysexec(com.leekwars.generator.FightFunctions.getWeapon, new Object[] { null })), load(sysexec(com.leekwars.generator.FightFunctions.getWeapon, 1)), load(sysexec(com.leekwars.generator.FightFunctions.getWeapon, -1)), load(sysexec(com.leekwars.generator.FightFunctions.getMP, new Object[] { null })), load(sysexec(com.leekwars.generator.FightFunctions.getMP, 1)), load(sysexec(com.leekwars.generator.FightFunctions.getMP, -1)), load(sysexec(com.leekwars.generator.FightFunctions.getTP, new Object[] { null })), load(sysexec(com.leekwars.generator.FightFunctions.getTP, 1)), load(sysexec(com.leekwars.generator.FightFunctions.getTP, -1)), load(sysexec(com.leekwars.generator.FightFunctions.getTotalLife, new Object[] { null })), load(sysexec(com.leekwars.generator.FightFunctions.getTotalLife, 1)), load(sysexec(com.leekwars.generator.FightFunctions.getTotalLife, -1)), load(sysexec(com.leekwars.generator.FightFunctions.isEnemy, 0)), load(sysexec(com.leekwars.generator.FightFunctions.isEnemy, 1)), load(sysexec(com.leekwars.generator.FightFunctions.isEnemy, -1)), load(sysexec(com.leekwars.generator.FightFunctions.isAlly, 0)), load(sysexec(com.leekwars.generator.FightFunctions.isAlly, 1)), load(sysexec(com.leekwars.generator.FightFunctions.isAlly, -1)), load(sysexec(com.leekwars.generator.FightFunctions.isDead, 0)), load(sysexec(com.leekwars.generator.FightFunctions.isDead, 1)), load(sysexec(com.leekwars.generator.FightFunctions.isDead, -1)), load(sysexec(com.leekwars.generator.FightFunctions.isAlive, 0)), load(sysexec(com.leekwars.generator.FightFunctions.isAlive, 1)), load(sysexec(com.leekwars.generator.FightFunctions.isAlive, -1)), load(sysexec(com.leekwars.generator.FightFunctions.getLeek)), load(sysexec(LeekFunctions.string, load(sysexec(com.leekwars.generator.FightFunctions.getChips, new Object[] { null })))), load(sysexec(LeekFunctions.string, load(sysexec(com.leekwars.generator.FightFunctions.getChips, 1)))), load(sysexec(com.leekwars.generator.FightFunctions.getChips, -1)), load(sysexec(com.leekwars.generator.FightFunctions.getAbsoluteShield, new Object[] { null })), load(sysexec(com.leekwars.generator.FightFunctions.getAbsoluteShield, 1)), load(sysexec(com.leekwars.generator.FightFunctions.getAbsoluteShield, -1)), load(sysexec(com.leekwars.generator.FightFunctions.getRelativeShield, new Object[] { null })), load(sysexec(com.leekwars.generator.FightFunctions.getRelativeShield, 1)), load(sysexec(com.leekwars.generator.FightFunctions.getRelativeShield, -1)), load(sysexec(com.leekwars.generator.FightFunctions.getLevel, new Object[] { null })), load(sysexec(com.leekwars.generator.FightFunctions.getLevel, 1)), load(sysexec(com.leekwars.generator.FightFunctions.getLevel, -1)), load(sysexec(com.leekwars.generator.FightFunctions.getFrequency, new Object[] { null })), load(sysexec(com.leekwars.generator.FightFunctions.getFrequency, 1)), load(sysexec(com.leekwars.generator.FightFunctions.getFrequency, -1)), load(sysexec(com.leekwars.generator.FightFunctions.getLeekID, new Object[] { null })), load(sysexec(com.leekwars.generator.FightFunctions.getLeekID, 1)), load(sysexec(com.leekwars.generator.FightFunctions.getLeekID, -1)), load(sysexec(com.leekwars.generator.FightFunctions.getTeamName, new Object[] { null })), load(sysexec(com.leekwars.generator.FightFunctions.getTeamName, 1)), load(sysexec(com.leekwars.generator.FightFunctions.getTeamName, -1)), load(sysexec(com.leekwars.generator.FightFunctions.getFarmerName, new Object[] { null })), load(sysexec(com.leekwars.generator.FightFunctions.getFarmerName, 1)), load(sysexec(com.leekwars.generator.FightFunctions.getFarmerName, -1)), load(sysexec(com.leekwars.generator.FightFunctions.getTeamID, new Object[] { null })), load(sysexec(com.leekwars.generator.FightFunctions.getTeamID, 1)), load(sysexec(com.leekwars.generator.FightFunctions.getTeamID, -1)), load(sysexec(com.leekwars.generator.FightFunctions.getFarmerID, new Object[] { null })), load(sysexec(com.leekwars.generator.FightFunctions.getFarmerID, 1)), load(sysexec(com.leekwars.generator.FightFunctions.getFarmerID, -1)), load(sysexec(com.leekwars.generator.FightFunctions.getAIName, new Object[] { null })), load(sysexec(com.leekwars.generator.FightFunctions.getAIName, 1)), load(sysexec(com.leekwars.generator.FightFunctions.getAIName, -1)), load(sysexec(com.leekwars.generator.FightFunctions.getAIID, -1)) }, false), 24);
                                                                                                                                                                                                                                                                                                                                                                                                                                                                                                                                                                                                                                                                                                                                                                                                                                                                                                                                                                                                                                                                                                                                                                                                                                                                                                                                                                                                                                                                                                                                                                                                                                                                                                                                                                                                                                                                                                                                                                                                                                                                                                                                                                                                                                                                                                                                                                                                                                                                                                                                                                                                                                                                                                                                                                                                                                                                                                                                                                                                                                                                                                                                                                                                                                                                                                                                                                                                                                                                                                                                                                                                                                                                                                                                                                                                                                                                                                                                                                                                                                                                                                                                                                                                                                                                                                                                                                                                                                                                                                                                                                                                                                                                                                                                                                                                                                                                                                                                                                                                                                                                                                                                                                                                                                                                                                                                                 ^
AI_10.java:12: error: package com.leekwars.generator does not exist
return ops(new ArrayLeekValue(AI_10.this, new Object[] { load(sysexec(com.leekwars.generator.FightFunctions.getForce, new Object[] { null })), load(sysexec(com.leekwars.generator.FightFunctions.getForce, 1)), load(sysexec(com.leekwars.generator.FightFunctions.getForce, -1)), load(sysexec(com.leekwars.generator.FightFunctions.getAgility, new Object[] { null })), load(sysexec(com.leekwars.generator.FightFunctions.getAgility, 1)), load(sysexec(com.leekwars.generator.FightFunctions.getAgility, -1)), load(sysexec(com.leekwars.generator.FightFunctions.getLife, new Object[] { null })), load(sysexec(com.leekwars.generator.FightFunctions.getLife, 1)), load(sysexec(com.leekwars.generator.FightFunctions.getLife, -1)), load(sysexec(com.leekwars.generator.FightFunctions.getCell, new Object[] { null })), load(sysexec(com.leekwars.generator.FightFunctions.getCell, 1)), load(sysexec(com.leekwars.generator.FightFunctions.getCell, -1)), load(sysexec(com.leekwars.generator.FightFunctions.getWeapon, new Object[] { null })), load(sysexec(com.leekwars.generator.FightFunctions.getWeapon, 1)), load(sysexec(com.leekwars.generator.FightFunctions.getWeapon, -1)), load(sysexec(com.leekwars.generator.FightFunctions.getMP, new Object[] { null })), load(sysexec(com.leekwars.generator.FightFunctions.getMP, 1)), load(sysexec(com.leekwars.generator.FightFunctions.getMP, -1)), load(sysexec(com.leekwars.generator.FightFunctions.getTP, new Object[] { null })), load(sysexec(com.leekwars.generator.FightFunctions.getTP, 1)), load(sysexec(com.leekwars.generator.FightFunctions.getTP, -1)), load(sysexec(com.leekwars.generator.FightFunctions.getTotalLife, new Object[] { null })), load(sysexec(com.leekwars.generator.FightFunctions.getTotalLife, 1)), load(sysexec(com.leekwars.generator.FightFunctions.getTotalLife, -1)), load(sysexec(com.leekwars.generator.FightFunctions.isEnemy, 0)), load(sysexec(com.leekwars.generator.FightFunctions.isEnemy, 1)), load(sysexec(com.leekwars.generator.FightFunctions.isEnemy, -1)), load(sysexec(com.leekwars.generator.FightFunctions.isAlly, 0)), load(sysexec(com.leekwars.generator.FightFunctions.isAlly, 1)), load(sysexec(com.leekwars.generator.FightFunctions.isAlly, -1)), load(sysexec(com.leekwars.generator.FightFunctions.isDead, 0)), load(sysexec(com.leekwars.generator.FightFunctions.isDead, 1)), load(sysexec(com.leekwars.generator.FightFunctions.isDead, -1)), load(sysexec(com.leekwars.generator.FightFunctions.isAlive, 0)), load(sysexec(com.leekwars.generator.FightFunctions.isAlive, 1)), load(sysexec(com.leekwars.generator.FightFunctions.isAlive, -1)), load(sysexec(com.leekwars.generator.FightFunctions.getLeek)), load(sysexec(LeekFunctions.string, load(sysexec(com.leekwars.generator.FightFunctions.getChips, new Object[] { null })))), load(sysexec(LeekFunctions.string, load(sysexec(com.leekwars.generator.FightFunctions.getChips, 1)))), load(sysexec(com.leekwars.generator.FightFunctions.getChips, -1)), load(sysexec(com.leekwars.generator.FightFunctions.getAbsoluteShield, new Object[] { null })), load(sysexec(com.leekwars.generator.FightFunctions.getAbsoluteShield, 1)), load(sysexec(com.leekwars.generator.FightFunctions.getAbsoluteShield, -1)), load(sysexec(com.leekwars.generator.FightFunctions.getRelativeShield, new Object[] { null })), load(sysexec(com.leekwars.generator.FightFunctions.getRelativeShield, 1)), load(sysexec(com.leekwars.generator.FightFunctions.getRelativeShield, -1)), load(sysexec(com.leekwars.generator.FightFunctions.getLevel, new Object[] { null })), load(sysexec(com.leekwars.generator.FightFunctions.getLevel, 1)), load(sysexec(com.leekwars.generator.FightFunctions.getLevel, -1)), load(sysexec(com.leekwars.generator.FightFunctions.getFrequency, new Object[] { null })), load(sysexec(com.leekwars.generator.FightFunctions.getFrequency, 1)), load(sysexec(com.leekwars.generator.FightFunctions.getFrequency, -1)), load(sysexec(com.leekwars.generator.FightFunctions.getLeekID, new Object[] { null })), load(sysexec(com.leekwars.generator.FightFunctions.getLeekID, 1)), load(sysexec(com.leekwars.generator.FightFunctions.getLeekID, -1)), load(sysexec(com.leekwars.generator.FightFunctions.getTeamName, new Object[] { null })), load(sysexec(com.leekwars.generator.FightFunctions.getTeamName, 1)), load(sysexec(com.leekwars.generator.FightFunctions.getTeamName, -1)), load(sysexec(com.leekwars.generator.FightFunctions.getFarmerName, new Object[] { null })), load(sysexec(com.leekwars.generator.FightFunctions.getFarmerName, 1)), load(sysexec(com.leekwars.generator.FightFunctions.getFarmerName, -1)), load(sysexec(com.leekwars.generator.FightFunctions.getTeamID, new Object[] { null })), load(sysexec(com.leekwars.generator.FightFunctions.getTeamID, 1)), load(sysexec(com.leekwars.generator.FightFunctions.getTeamID, -1)), load(sysexec(com.leekwars.generator.FightFunctions.getFarmerID, new Object[] { null })), load(sysexec(com.leekwars.generator.FightFunctions.getFarmerID, 1)), load(sysexec(com.leekwars.generator.FightFunctions.getFarmerID, -1)), load(sysexec(com.leekwars.generator.FightFunctions.getAIName, new Object[] { null })), load(sysexec(com.leekwars.generator.FightFunctions.getAIName, 1)), load(sysexec(com.leekwars.generator.FightFunctions.getAIName, -1)), load(sysexec(com.leekwars.generator.FightFunctions.getAIID, -1)) }, false), 24);
                                                                                                                                                                                                                                                                                                                                                                                                                                                                                                                                                                                                                                                                                                                                                                                                                                                                                                                                                                                                                                                                                                                                                                                                                                                                                                                                                                                                                                                                                                                                                                                                                                                                                                                                                                                                                                                                                                                                                                                                                                                                                                                                                                                                                                                                                                                                                                                                                                                                                                                                                                                                                                                                                                                                                                                                                                                                                                                                                                                                                                                                                                                                                                                                                                                                                                                                                                                                                                                                                                                                                                                                                                                                                                                                                                                                                                                                                                                                                                                                                                                                                                                                                                                                                                                                                                                                                                                                                                                                                                                                                                                                                                                                                                                                                                                                                                                                                                                                                                                                                                                                                                                                                                                                                                                                                                                                                                                                                    ^
AI_10.java:12: error: package com.leekwars.generator does not exist
return ops(new ArrayLeekValue(AI_10.this, new Object[] { load(sysexec(com.leekwars.generator.FightFunctions.getForce, new Object[] { null })), load(sysexec(com.leekwars.generator.FightFunctions.getForce, 1)), load(sysexec(com.leekwars.generator.FightFunctions.getForce, -1)), load(sysexec(com.leekwars.generator.FightFunctions.getAgility, new Object[] { null })), load(sysexec(com.leekwars.generator.FightFunctions.getAgility, 1)), load(sysexec(com.leekwars.generator.FightFunctions.getAgility, -1)), load(sysexec(com.leekwars.generator.FightFunctions.getLife, new Object[] { null })), load(sysexec(com.leekwars.generator.FightFunctions.getLife, 1)), load(sysexec(com.leekwars.generator.FightFunctions.getLife, -1)), load(sysexec(com.leekwars.generator.FightFunctions.getCell, new Object[] { null })), load(sysexec(com.leekwars.generator.FightFunctions.getCell, 1)), load(sysexec(com.leekwars.generator.FightFunctions.getCell, -1)), load(sysexec(com.leekwars.generator.FightFunctions.getWeapon, new Object[] { null })), load(sysexec(com.leekwars.generator.FightFunctions.getWeapon, 1)), load(sysexec(com.leekwars.generator.FightFunctions.getWeapon, -1)), load(sysexec(com.leekwars.generator.FightFunctions.getMP, new Object[] { null })), load(sysexec(com.leekwars.generator.FightFunctions.getMP, 1)), load(sysexec(com.leekwars.generator.FightFunctions.getMP, -1)), load(sysexec(com.leekwars.generator.FightFunctions.getTP, new Object[] { null })), load(sysexec(com.leekwars.generator.FightFunctions.getTP, 1)), load(sysexec(com.leekwars.generator.FightFunctions.getTP, -1)), load(sysexec(com.leekwars.generator.FightFunctions.getTotalLife, new Object[] { null })), load(sysexec(com.leekwars.generator.FightFunctions.getTotalLife, 1)), load(sysexec(com.leekwars.generator.FightFunctions.getTotalLife, -1)), load(sysexec(com.leekwars.generator.FightFunctions.isEnemy, 0)), load(sysexec(com.leekwars.generator.FightFunctions.isEnemy, 1)), load(sysexec(com.leekwars.generator.FightFunctions.isEnemy, -1)), load(sysexec(com.leekwars.generator.FightFunctions.isAlly, 0)), load(sysexec(com.leekwars.generator.FightFunctions.isAlly, 1)), load(sysexec(com.leekwars.generator.FightFunctions.isAlly, -1)), load(sysexec(com.leekwars.generator.FightFunctions.isDead, 0)), load(sysexec(com.leekwars.generator.FightFunctions.isDead, 1)), load(sysexec(com.leekwars.generator.FightFunctions.isDead, -1)), load(sysexec(com.leekwars.generator.FightFunctions.isAlive, 0)), load(sysexec(com.leekwars.generator.FightFunctions.isAlive, 1)), load(sysexec(com.leekwars.generator.FightFunctions.isAlive, -1)), load(sysexec(com.leekwars.generator.FightFunctions.getLeek)), load(sysexec(LeekFunctions.string, load(sysexec(com.leekwars.generator.FightFunctions.getChips, new Object[] { null })))), load(sysexec(LeekFunctions.string, load(sysexec(com.leekwars.generator.FightFunctions.getChips, 1)))), load(sysexec(com.leekwars.generator.FightFunctions.getChips, -1)), load(sysexec(com.leekwars.generator.FightFunctions.getAbsoluteShield, new Object[] { null })), load(sysexec(com.leekwars.generator.FightFunctions.getAbsoluteShield, 1)), load(sysexec(com.leekwars.generator.FightFunctions.getAbsoluteShield, -1)), load(sysexec(com.leekwars.generator.FightFunctions.getRelativeShield, new Object[] { null })), load(sysexec(com.leekwars.generator.FightFunctions.getRelativeShield, 1)), load(sysexec(com.leekwars.generator.FightFunctions.getRelativeShield, -1)), load(sysexec(com.leekwars.generator.FightFunctions.getLevel, new Object[] { null })), load(sysexec(com.leekwars.generator.FightFunctions.getLevel, 1)), load(sysexec(com.leekwars.generator.FightFunctions.getLevel, -1)), load(sysexec(com.leekwars.generator.FightFunctions.getFrequency, new Object[] { null })), load(sysexec(com.leekwars.generator.FightFunctions.getFrequency, 1)), load(sysexec(com.leekwars.generator.FightFunctions.getFrequency, -1)), load(sysexec(com.leekwars.generator.FightFunctions.getLeekID, new Object[] { null })), load(sysexec(com.leekwars.generator.FightFunctions.getLeekID, 1)), load(sysexec(com.leekwars.generator.FightFunctions.getLeekID, -1)), load(sysexec(com.leekwars.generator.FightFunctions.getTeamName, new Object[] { null })), load(sysexec(com.leekwars.generator.FightFunctions.getTeamName, 1)), load(sysexec(com.leekwars.generator.FightFunctions.getTeamName, -1)), load(sysexec(com.leekwars.generator.FightFunctions.getFarmerName, new Object[] { null })), load(sysexec(com.leekwars.generator.FightFunctions.getFarmerName, 1)), load(sysexec(com.leekwars.generator.FightFunctions.getFarmerName, -1)), load(sysexec(com.leekwars.generator.FightFunctions.getTeamID, new Object[] { null })), load(sysexec(com.leekwars.generator.FightFunctions.getTeamID, 1)), load(sysexec(com.leekwars.generator.FightFunctions.getTeamID, -1)), load(sysexec(com.leekwars.generator.FightFunctions.getFarmerID, new Object[] { null })), load(sysexec(com.leekwars.generator.FightFunctions.getFarmerID, 1)), load(sysexec(com.leekwars.generator.FightFunctions.getFarmerID, -1)), load(sysexec(com.leekwars.generator.FightFunctions.getAIName, new Object[] { null })), load(sysexec(com.leekwars.generator.FightFunctions.getAIName, 1)), load(sysexec(com.leekwars.generator.FightFunctions.getAIName, -1)), load(sysexec(com.leekwars.generator.FightFunctions.getAIID, -1)) }, false), 24);
                                                                                                                                                                                                                                                                                                                                                                                                                                                                                                                                                                                                                                                                                                                                                                                                                                                                                                                                                                                                                                                                                                                                                                                                                                                                                                                                                                                                                                                                                                                                                                                                                                                                                                                                                                                                                                                                                                                                                                                                                                                                                                                                                                                                                                                                                                                                                                                                                                                                                                                                                                                                                                                                                                                                                                                                                                                                                                                                                                                                                                                                                                                                                                                                                                                                                                                                                                                                                                                                                                                                                                                                                                                                                                                                                                                                                                                                                                                                                                                                                                                                                                                                                                                                                                                                                                                                                                                                                                                                                                                                                                                                                                                                                                                                                                                                                                                                                                                                                                                                                                                                                                                                                                                                                                                                                                                                                                                                                                                                                        ^
AI_10.java:12: error: no suitable constructor found for ArrayLeekValue(AI_10,Object[],boolean)
return ops(new ArrayLeekValue(AI_10.this, new Object[] { load(sysexec(com.leekwars.generator.FightFunctions.getForce, new Object[] { null })), load(sysexec(com.leekwars.generator.FightFunctions.getForce, 1)), load(sysexec(com.leekwars.generator.FightFunctions.getForce, -1)), load(sysexec(com.leekwars.generator.FightFunctions.getAgility, new Object[] { null })), load(sysexec(com.leekwars.generator.FightFunctions.getAgility, 1)), load(sysexec(com.leekwars.generator.FightFunctions.getAgility, -1)), load(sysexec(com.leekwars.generator.FightFunctions.getLife, new Object[] { null })), load(sysexec(com.leekwars.generator.FightFunctions.getLife, 1)), load(sysexec(com.leekwars.generator.FightFunctions.getLife, -1)), load(sysexec(com.leekwars.generator.FightFunctions.getCell, new Object[] { null })), load(sysexec(com.leekwars.generator.FightFunctions.getCell, 1)), load(sysexec(com.leekwars.generator.FightFunctions.getCell, -1)), load(sysexec(com.leekwars.generator.FightFunctions.getWeapon, new Object[] { null })), load(sysexec(com.leekwars.generator.FightFunctions.getWeapon, 1)), load(sysexec(com.leekwars.generator.FightFunctions.getWeapon, -1)), load(sysexec(com.leekwars.generator.FightFunctions.getMP, new Object[] { null })), load(sysexec(com.leekwars.generator.FightFunctions.getMP, 1)), load(sysexec(com.leekwars.generator.FightFunctions.getMP, -1)), load(sysexec(com.leekwars.generator.FightFunctions.getTP, new Object[] { null })), load(sysexec(com.leekwars.generator.FightFunctions.getTP, 1)), load(sysexec(com.leekwars.generator.FightFunctions.getTP, -1)), load(sysexec(com.leekwars.generator.FightFunctions.getTotalLife, new Object[] { null })), load(sysexec(com.leekwars.generator.FightFunctions.getTotalLife, 1)), load(sysexec(com.leekwars.generator.FightFunctions.getTotalLife, -1)), load(sysexec(com.leekwars.generator.FightFunctions.isEnemy, 0)), load(sysexec(com.leekwars.generator.FightFunctions.isEnemy, 1)), load(sysexec(com.leekwars.generator.FightFunctions.isEnemy, -1)), load(sysexec(com.leekwars.generator.FightFunctions.isAlly, 0)), load(sysexec(com.leekwars.generator.FightFunctions.isAlly, 1)), load(sysexec(com.leekwars.generator.FightFunctions.isAlly, -1)), load(sysexec(com.leekwars.generator.FightFunctions.isDead, 0)), load(sysexec(com.leekwars.generator.FightFunctions.isDead, 1)), load(sysexec(com.leekwars.generator.FightFunctions.isDead, -1)), load(sysexec(com.leekwars.generator.FightFunctions.isAlive, 0)), load(sysexec(com.leekwars.generator.FightFunctions.isAlive, 1)), load(sysexec(com.leekwars.generator.FightFunctions.isAlive, -1)), load(sysexec(com.leekwars.generator.FightFunctions.getLeek)), load(sysexec(LeekFunctions.string, load(sysexec(com.leekwars.generator.FightFunctions.getChips, new Object[] { null })))), load(sysexec(LeekFunctions.string, load(sysexec(com.leekwars.generator.FightFunctions.getChips, 1)))), load(sysexec(com.leekwars.generator.FightFunctions.getChips, -1)), load(sysexec(com.leekwars.generator.FightFunctions.getAbsoluteShield, new Object[] { null })), load(sysexec(com.leekwars.generator.FightFunctions.getAbsoluteShield, 1)), load(sysexec(com.leekwars.generator.FightFunctions.getAbsoluteShield, -1)), load(sysexec(com.leekwars.generator.FightFunctions.getRelativeShield, new Object[] { null })), load(sysexec(com.leekwars.generator.FightFunctions.getRelativeShield, 1)), load(sysexec(com.leekwars.generator.FightFunctions.getRelativeShield, -1)), load(sysexec(com.leekwars.generator.FightFunctions.getLevel, new Object[] { null })), load(sysexec(com.leekwars.generator.FightFunctions.getLevel, 1)), load(sysexec(com.leekwars.generator.FightFunctions.getLevel, -1)), load(sysexec(com.leekwars.generator.FightFunctions.getFrequency, new Object[] { null })), load(sysexec(com.leekwars.generator.FightFunctions.getFrequency, 1)), load(sysexec(com.leekwars.generator.FightFunctions.getFrequency, -1)), load(sysexec(com.leekwars.generator.FightFunctions.getLeekID, new Object[] { null })), load(sysexec(com.leekwars.generator.FightFunctions.getLeekID, 1)), load(sysexec(com.leekwars.generator.FightFunctions.getLeekID, -1)), load(sysexec(com.leekwars.generator.FightFunctions.getTeamName, new Object[] { null })), load(sysexec(com.leekwars.generator.FightFunctions.getTeamName, 1)), load(sysexec(com.leekwars.generator.FightFunctions.getTeamName, -1)), load(sysexec(com.leekwars.generator.FightFunctions.getFarmerName, new Object[] { null })), load(sysexec(com.leekwars.generator.FightFunctions.getFarmerName, 1)), load(sysexec(com.leekwars.generator.FightFunctions.getFarmerName, -1)), load(sysexec(com.leekwars.generator.FightFunctions.getTeamID, new Object[] { null })), load(sysexec(com.leekwars.generator.FightFunctions.getTeamID, 1)), load(sysexec(com.leekwars.generator.FightFunctions.getTeamID, -1)), load(sysexec(com.leekwars.generator.FightFunctions.getFarmerID, new Object[] { null })), load(sysexec(com.leekwars.generator.FightFunctions.getFarmerID, 1)), load(sysexec(com.leekwars.generator.FightFunctions.getFarmerID, -1)), load(sysexec(com.leekwars.generator.FightFunctions.getAIName, new Object[] { null })), load(sysexec(com.leekwars.generator.FightFunctions.getAIName, 1)), load(sysexec(com.leekwars.generator.FightFunctions.getAIName, -1)), load(sysexec(com.leekwars.generator.FightFunctions.getAIID, -1)) }, false), 24);
           ^
    constructor ArrayLeekValue.ArrayLeekValue(AI,Object[],boolean) is not applicable
      (argument mismatch; AI_10 cannot be converted to AI)
    constructor ArrayLeekValue.ArrayLeekValue(AI,ArrayLeekValue,int) is not applicable
      (argument mismatch; AI_10 cannot be converted to AI)
Note: Some messages have been simplified; recompile with -Xdiags:verbose to get full output
74 errors

	at leekscript.compiler.LeekScript.compile(LeekScript.java:231)
	at leekscript.compiler.LeekScript.compileSnippet(LeekScript.java:108)
	at leekscript.compiler.LeekScript.compileSnippet(LeekScript.java:102)
	at test.GeneratorCompilation.testScriptGenerator(GeneratorCompilation.java:25)
	at test.TestLeekFunctions.testAI(TestLeekFunctions.java:295)
	at test.TestLeekFunctions.LeekFunctionsTest(TestLeekFunctions.java:279)
	at java.base/jdk.internal.reflect.DirectMethodHandleAccessor.invoke(DirectMethodHandleAccessor.java:104)
	at java.base/java.lang.reflect.Method.invoke(Method.java:577)
	at org.junit.runners.model.FrameworkMethod$1.runReflectiveCall(FrameworkMethod.java:50)
	at org.junit.internal.runners.model.ReflectiveCallable.run(ReflectiveCallable.java:12)
	at org.junit.runners.model.FrameworkMethod.invokeExplosively(FrameworkMethod.java:47)
	at org.junit.internal.runners.statements.InvokeMethod.evaluate(InvokeMethod.java:17)
	at org.junit.internal.runners.statements.RunBefores.evaluate(RunBefores.java:26)
	at org.junit.runners.ParentRunner.runLeaf(ParentRunner.java:325)
	at org.junit.runners.BlockJUnit4ClassRunner.runChild(BlockJUnit4ClassRunner.java:78)
	at org.junit.runners.BlockJUnit4ClassRunner.runChild(BlockJUnit4ClassRunner.java:57)
	at org.junit.runners.ParentRunner$3.run(ParentRunner.java:290)
	at org.junit.runners.ParentRunner$1.schedule(ParentRunner.java:71)
	at org.junit.runners.ParentRunner.runChildren(ParentRunner.java:288)
	at org.junit.runners.ParentRunner.access$000(ParentRunner.java:58)
	at org.junit.runners.ParentRunner$2.evaluate(ParentRunner.java:268)
	at org.junit.runners.ParentRunner.run(ParentRunner.java:363)
	at org.gradle.api.internal.tasks.testing.junit.JUnitTestClassExecutor.runTestClass(JUnitTestClassExecutor.java:110)
	at org.gradle.api.internal.tasks.testing.junit.JUnitTestClassExecutor.execute(JUnitTestClassExecutor.java:58)
	at org.gradle.api.internal.tasks.testing.junit.JUnitTestClassExecutor.execute(JUnitTestClassExecutor.java:38)
	at org.gradle.api.internal.tasks.testing.junit.AbstractJUnitTestClassProcessor.processTestClass(AbstractJUnitTestClassProcessor.java:62)
	at org.gradle.api.internal.tasks.testing.SuiteTestClassProcessor.processTestClass(SuiteTestClassProcessor.java:51)
	at java.base/jdk.internal.reflect.DirectMethodHandleAccessor.invoke(DirectMethodHandleAccessor.java:104)
	at java.base/java.lang.reflect.Method.invoke(Method.java:577)
	at org.gradle.internal.dispatch.ReflectionDispatch.dispatch(ReflectionDispatch.java:36)
	at org.gradle.internal.dispatch.ReflectionDispatch.dispatch(ReflectionDispatch.java:24)
	at org.gradle.internal.dispatch.ContextClassLoaderDispatch.dispatch(ContextClassLoaderDispatch.java:33)
	at org.gradle.internal.dispatch.ProxyDispatchAdapter$DispatchingInvocationHandler.invoke(ProxyDispatchAdapter.java:94)
	at jdk.proxy1/jdk.proxy1.$Proxy2.processTestClass(Unknown Source)
	at org.gradle.api.internal.tasks.testing.worker.TestWorker.processTestClass(TestWorker.java:121)
	at java.base/jdk.internal.reflect.DirectMethodHandleAccessor.invoke(DirectMethodHandleAccessor.java:104)
	at java.base/java.lang.reflect.Method.invoke(Method.java:577)
	at org.gradle.internal.dispatch.ReflectionDispatch.dispatch(ReflectionDispatch.java:36)
	at org.gradle.internal.dispatch.ReflectionDispatch.dispatch(ReflectionDispatch.java:24)
	at org.gradle.internal.remote.internal.hub.MessageHubBackedObjectConnection$DispatchWrapper.dispatch(MessageHubBackedObjectConnection.java:182)
	at org.gradle.internal.remote.internal.hub.MessageHubBackedObjectConnection$DispatchWrapper.dispatch(MessageHubBackedObjectConnection.java:164)
	at org.gradle.internal.remote.internal.hub.MessageHub$Handler.run(MessageHub.java:414)
	at org.gradle.internal.concurrent.ExecutorPolicy$CatchAndRecordFailures.onExecute(ExecutorPolicy.java:64)
	at org.gradle.internal.concurrent.ManagedExecutorImpl$1.run(ManagedExecutorImpl.java:48)
	at java.base/java.util.concurrent.ThreadPoolExecutor.runWorker(ThreadPoolExecutor.java:1136)
	at java.base/java.util.concurrent.ThreadPoolExecutor$Worker.run(ThreadPoolExecutor.java:635)
	at org.gradle.internal.concurrent.ThreadFactoryImpl$ManagedThreadRunnable.run(ThreadFactoryImpl.java:56)
	at java.base/java.lang.Thread.run(Thread.java:833)
</failure>
  </testcase>
  <system-out><![CDATA[]]></system-out>
  <system-err><![CDATA[]]></system-err>
</testsuite>
